UPnP Service Initialization Failed. You might not have a router, or UPnP on your router might be disabled.
NatDeviceNotFoundException: Exception of type 'Open.Nat.NatDeviceNotFoundException' was thrown.
    Stack:    at Open.Nat.NatDiscoverer.<DiscoverDeviceAsync>d__5.MoveNext()
--- End of stack trace from previous location where exception was thrown ---
   at System.Runtime.ExceptionServices.ExceptionDispatchInfo.Throw()
   at System.Runtime.CompilerServices.TaskAwaiter.HandleNonSuccessAndDebuggerNotification(Task task)
   at Intersect.Server.Networking.Helpers.UpnP.<ConnectNatDevice>d__4.MoveNext()


--------------------------------------------------------------------------------
UPnP Service Initialization Failed. You might not have a router, or UPnP on your router might be disabled.
NatDeviceNotFoundException: Exception of type 'Open.Nat.NatDeviceNotFoundException' was thrown.
    Stack:    at Open.Nat.NatDiscoverer.<DiscoverDeviceAsync>d__5.MoveNext()
--- End of stack trace from previous location where exception was thrown ---
   at System.Runtime.ExceptionServices.ExceptionDispatchInfo.Throw()
   at System.Runtime.CompilerServices.TaskAwaiter.HandleNonSuccessAndDebuggerNotification(Task task)
   at Intersect.Server.Networking.Helpers.UpnP.<ConnectNatDevice>d__4.MoveNext()


--------------------------------------------------------------------------------
2023-01-27 18:28:12.922 [Error] Received unhandled exception from System.Threading.Thread.

--------------------------------------------------------------------------------
2023-01-27 18:28:12.926 [Error] ThreadAbortException: Thread was being aborted.
    Stack:    at System.IO.__ConsoleStream.WaitForAvailableConsoleInput(SafeFileHandle file, Boolean isPipe)
   at System.IO.__ConsoleStream.ReadFileNative(SafeFileHandle hFile, Byte[] bytes, Int32 offset, Int32 count, Boolean useFileAPIs, Boolean isPipe, Int32& bytesRead)
   at System.IO.__ConsoleStream.Read(Byte[] buffer, Int32 offset, Int32 count)
   at System.IO.StreamReader.ReadBuffer()
   at System.IO.StreamReader.ReadLine()
   at System.IO.TextReader.SyncTextReader.ReadLine()
   at System.Console.ReadLine()
   at Intersect.Console.ReadLine()
   at Intersect.Server.Core.ConsoleService.ConsoleThread.ThreadStart(ServerContext serverContext)


--------------------------------------------------------------------------------
UPnP Service Initialization Failed. You might not have a router, or UPnP on your router might be disabled.
NatDeviceNotFoundException: Exception of type 'Open.Nat.NatDeviceNotFoundException' was thrown.
    Stack:    at Open.Nat.NatDiscoverer.<DiscoverDeviceAsync>d__5.MoveNext()
--- End of stack trace from previous location where exception was thrown ---
   at System.Runtime.ExceptionServices.ExceptionDispatchInfo.Throw()
   at System.Runtime.CompilerServices.TaskAwaiter.HandleNonSuccessAndDebuggerNotification(Task task)
   at Intersect.Server.Networking.Helpers.UpnP.<ConnectNatDevice>d__4.MoveNext()


--------------------------------------------------------------------------------
UPnP Service Initialization Failed. You might not have a router, or UPnP on your router might be disabled.
NatDeviceNotFoundException: Exception of type 'Open.Nat.NatDeviceNotFoundException' was thrown.
    Stack:    at Open.Nat.NatDiscoverer.<DiscoverDeviceAsync>d__5.MoveNext()
--- End of stack trace from previous location where exception was thrown ---
   at System.Runtime.ExceptionServices.ExceptionDispatchInfo.Throw()
   at System.Runtime.CompilerServices.TaskAwaiter.HandleNonSuccessAndDebuggerNotification(Task task)
   at Intersect.Server.Networking.Helpers.UpnP.<ConnectNatDevice>d__4.MoveNext()


--------------------------------------------------------------------------------
UPnP Service Initialization Failed. You might not have a router, or UPnP on your router might be disabled.
NatDeviceNotFoundException: Exception of type 'Open.Nat.NatDeviceNotFoundException' was thrown.
    Stack:    at Open.Nat.NatDiscoverer.<DiscoverDeviceAsync>d__5.MoveNext()
--- End of stack trace from previous location where exception was thrown ---
   at System.Runtime.ExceptionServices.ExceptionDispatchInfo.Throw()
   at System.Runtime.CompilerServices.TaskAwaiter.HandleNonSuccessAndDebuggerNotification(Task task)
   at Intersect.Server.Networking.Helpers.UpnP.<ConnectNatDevice>d__4.MoveNext()


--------------------------------------------------------------------------------
UPnP Service Initialization Failed. You might not have a router, or UPnP on your router might be disabled.
NatDeviceNotFoundException: Exception of type 'Open.Nat.NatDeviceNotFoundException' was thrown.
    Stack:    at Open.Nat.NatDiscoverer.<DiscoverDeviceAsync>d__5.MoveNext()
--- End of stack trace from previous location where exception was thrown ---
   at System.Runtime.ExceptionServices.ExceptionDispatchInfo.Throw()
   at System.Runtime.CompilerServices.TaskAwaiter.HandleNonSuccessAndDebuggerNotification(Task task)
   at Intersect.Server.Networking.Helpers.UpnP.<ConnectNatDevice>d__4.MoveNext()


--------------------------------------------------------------------------------
UPnP Service Initialization Failed. You might not have a router, or UPnP on your router might be disabled.
NatDeviceNotFoundException: Exception of type 'Open.Nat.NatDeviceNotFoundException' was thrown.
    Stack:    at Open.Nat.NatDiscoverer.<DiscoverDeviceAsync>d__5.MoveNext()
--- End of stack trace from previous location where exception was thrown ---
   at System.Runtime.ExceptionServices.ExceptionDispatchInfo.Throw()
   at System.Runtime.CompilerServices.TaskAwaiter.HandleNonSuccessAndDebuggerNotification(Task task)
   at Intersect.Server.Networking.Helpers.UpnP.<ConnectNatDevice>d__4.MoveNext()


--------------------------------------------------------------------------------
UPnP Service Initialization Failed. You might not have a router, or UPnP on your router might be disabled.
NatDeviceNotFoundException: Exception of type 'Open.Nat.NatDeviceNotFoundException' was thrown.
    Stack:    at Open.Nat.NatDiscoverer.<DiscoverDeviceAsync>d__5.MoveNext()
--- End of stack trace from previous location where exception was thrown ---
   at System.Runtime.ExceptionServices.ExceptionDispatchInfo.Throw()
   at System.Runtime.CompilerServices.TaskAwaiter.HandleNonSuccessAndDebuggerNotification(Task task)
   at Intersect.Server.Networking.Helpers.UpnP.<ConnectNatDevice>d__4.MoveNext()


--------------------------------------------------------------------------------
UPnP Service Initialization Failed. You might not have a router, or UPnP on your router might be disabled.
NatDeviceNotFoundException: Exception of type 'Open.Nat.NatDeviceNotFoundException' was thrown.
    Stack:    at Open.Nat.NatDiscoverer.<DiscoverDeviceAsync>d__5.MoveNext()
--- End of stack trace from previous location where exception was thrown ---
   at System.Runtime.ExceptionServices.ExceptionDispatchInfo.Throw()
   at System.Runtime.CompilerServices.TaskAwaiter.HandleNonSuccessAndDebuggerNotification(Task task)
   at Intersect.Server.Networking.Helpers.UpnP.<ConnectNatDevice>d__4.MoveNext()


--------------------------------------------------------------------------------
UPnP Service Initialization Failed. You might not have a router, or UPnP on your router might be disabled.
NatDeviceNotFoundException: Exception of type 'Open.Nat.NatDeviceNotFoundException' was thrown.
    Stack:    at Open.Nat.NatDiscoverer.<DiscoverDeviceAsync>d__5.MoveNext()
--- End of stack trace from previous location where exception was thrown ---
   at System.Runtime.ExceptionServices.ExceptionDispatchInfo.Throw()
   at System.Runtime.CompilerServices.TaskAwaiter.HandleNonSuccessAndDebuggerNotification(Task task)
   at Intersect.Server.Networking.Helpers.UpnP.<ConnectNatDevice>d__4.MoveNext()


--------------------------------------------------------------------------------
UPnP Service Initialization Failed. You might not have a router, or UPnP on your router might be disabled.
NatDeviceNotFoundException: Exception of type 'Open.Nat.NatDeviceNotFoundException' was thrown.
    Stack:    at Open.Nat.NatDiscoverer.<DiscoverDeviceAsync>d__5.MoveNext()
--- End of stack trace from previous location where exception was thrown ---
   at System.Runtime.ExceptionServices.ExceptionDispatchInfo.Throw()
   at System.Runtime.CompilerServices.TaskAwaiter.HandleNonSuccessAndDebuggerNotification(Task task)
   at Intersect.Server.Networking.Helpers.UpnP.<ConnectNatDevice>d__4.MoveNext()


--------------------------------------------------------------------------------
UPnP Service Initialization Failed. You might not have a router, or UPnP on your router might be disabled.
NatDeviceNotFoundException: Exception of type 'Open.Nat.NatDeviceNotFoundException' was thrown.
    Stack:    at Open.Nat.NatDiscoverer.<DiscoverDeviceAsync>d__5.MoveNext()
--- End of stack trace from previous location where exception was thrown ---
   at System.Runtime.ExceptionServices.ExceptionDispatchInfo.Throw()
   at System.Runtime.CompilerServices.TaskAwaiter.HandleNonSuccessAndDebuggerNotification(Task task)
   at Intersect.Server.Networking.Helpers.UpnP.<ConnectNatDevice>d__4.MoveNext()


--------------------------------------------------------------------------------
UPnP Service Initialization Failed. You might not have a router, or UPnP on your router might be disabled.
NatDeviceNotFoundException: Exception of type 'Open.Nat.NatDeviceNotFoundException' was thrown.
    Stack:    at Open.Nat.NatDiscoverer.<DiscoverDeviceAsync>d__5.MoveNext()
--- End of stack trace from previous location where exception was thrown ---
   at System.Runtime.ExceptionServices.ExceptionDispatchInfo.Throw()
   at System.Runtime.CompilerServices.TaskAwaiter.HandleNonSuccessAndDebuggerNotification(Task task)
   at Intersect.Server.Networking.Helpers.UpnP.<ConnectNatDevice>d__4.MoveNext()


--------------------------------------------------------------------------------
2023-01-29 08:02:54.171 [Error] Common event killed due to commands processed in a single frame surpassing the Event Watchdog Threshhold.  (Event [Player] Người chơi mới)

--------------------------------------------------------------------------------
2023-01-29 08:05:39.299 [Error] Common event killed due to commands processed in a single frame surpassing the Event Watchdog Threshhold.  (Event [Player] Người chơi mới)

--------------------------------------------------------------------------------
2023-01-29 08:05:39.791 [Error] Common event killed due to commands processed in a single frame surpassing the Event Watchdog Threshhold.  (Event [Player] Người chơi mới)

--------------------------------------------------------------------------------
2023-01-29 08:05:40.344 [Error] Common event killed due to commands processed in a single frame surpassing the Event Watchdog Threshhold.  (Event [Player] Người chơi mới)

--------------------------------------------------------------------------------
2023-01-29 08:05:40.883 [Error] Common event killed due to commands processed in a single frame surpassing the Event Watchdog Threshhold.  (Event [Player] Người chơi mới)

--------------------------------------------------------------------------------
2023-01-29 08:05:41.388 [Error] Common event killed due to commands processed in a single frame surpassing the Event Watchdog Threshhold.  (Event [Player] Người chơi mới)

--------------------------------------------------------------------------------
2023-01-29 08:05:41.900 [Error] Common event killed due to commands processed in a single frame surpassing the Event Watchdog Threshhold.  (Event [Player] Người chơi mới)

--------------------------------------------------------------------------------
2023-01-29 08:05:42.403 [Error] Common event killed due to commands processed in a single frame surpassing the Event Watchdog Threshhold.  (Event [Player] Người chơi mới)

--------------------------------------------------------------------------------
2023-01-29 08:05:42.899 [Error] Common event killed due to commands processed in a single frame surpassing the Event Watchdog Threshhold.  (Event [Player] Người chơi mới)

--------------------------------------------------------------------------------
2023-01-29 08:05:43.408 [Error] Common event killed due to commands processed in a single frame surpassing the Event Watchdog Threshhold.  (Event [Player] Người chơi mới)

--------------------------------------------------------------------------------
2023-01-29 08:05:43.910 [Error] Common event killed due to commands processed in a single frame surpassing the Event Watchdog Threshhold.  (Event [Player] Người chơi mới)

--------------------------------------------------------------------------------
2023-01-29 08:05:44.409 [Error] Common event killed due to commands processed in a single frame surpassing the Event Watchdog Threshhold.  (Event [Player] Người chơi mới)

--------------------------------------------------------------------------------
2023-01-29 08:05:44.974 [Error] Common event killed due to commands processed in a single frame surpassing the Event Watchdog Threshhold.  (Event [Player] Người chơi mới)

--------------------------------------------------------------------------------
2023-01-29 08:05:45.478 [Error] Common event killed due to commands processed in a single frame surpassing the Event Watchdog Threshhold.  (Event [Player] Người chơi mới)

--------------------------------------------------------------------------------
2023-01-29 08:05:45.989 [Error] Common event killed due to commands processed in a single frame surpassing the Event Watchdog Threshhold.  (Event [Player] Người chơi mới)

--------------------------------------------------------------------------------
2023-01-29 08:05:46.496 [Error] Common event killed due to commands processed in a single frame surpassing the Event Watchdog Threshhold.  (Event [Player] Người chơi mới)

--------------------------------------------------------------------------------
2023-01-29 08:05:47.003 [Error] Common event killed due to commands processed in a single frame surpassing the Event Watchdog Threshhold.  (Event [Player] Người chơi mới)

--------------------------------------------------------------------------------
2023-01-29 08:05:47.525 [Error] Common event killed due to commands processed in a single frame surpassing the Event Watchdog Threshhold.  (Event [Player] Người chơi mới)

--------------------------------------------------------------------------------
2023-01-29 08:05:48.077 [Error] Common event killed due to commands processed in a single frame surpassing the Event Watchdog Threshhold.  (Event [Player] Người chơi mới)

--------------------------------------------------------------------------------
2023-01-29 08:05:48.589 [Error] Common event killed due to commands processed in a single frame surpassing the Event Watchdog Threshhold.  (Event [Player] Người chơi mới)

--------------------------------------------------------------------------------
2023-01-29 08:05:49.090 [Error] Common event killed due to commands processed in a single frame surpassing the Event Watchdog Threshhold.  (Event [Player] Người chơi mới)

--------------------------------------------------------------------------------
2023-01-29 08:05:49.616 [Error] Common event killed due to commands processed in a single frame surpassing the Event Watchdog Threshhold.  (Event [Player] Người chơi mới)

--------------------------------------------------------------------------------
2023-01-29 08:05:50.160 [Error] Common event killed due to commands processed in a single frame surpassing the Event Watchdog Threshhold.  (Event [Player] Người chơi mới)

--------------------------------------------------------------------------------
2023-01-29 08:05:50.682 [Error] Common event killed due to commands processed in a single frame surpassing the Event Watchdog Threshhold.  (Event [Player] Người chơi mới)

--------------------------------------------------------------------------------
2023-01-29 08:05:51.176 [Error] Common event killed due to commands processed in a single frame surpassing the Event Watchdog Threshhold.  (Event [Player] Người chơi mới)

--------------------------------------------------------------------------------
2023-01-29 08:05:51.740 [Error] Common event killed due to commands processed in a single frame surpassing the Event Watchdog Threshhold.  (Event [Player] Người chơi mới)

--------------------------------------------------------------------------------
2023-01-29 08:05:52.252 [Error] Common event killed due to commands processed in a single frame surpassing the Event Watchdog Threshhold.  (Event [Player] Người chơi mới)

--------------------------------------------------------------------------------
2023-01-29 08:05:52.743 [Error] Common event killed due to commands processed in a single frame surpassing the Event Watchdog Threshhold.  (Event [Player] Người chơi mới)

--------------------------------------------------------------------------------
2023-01-29 08:05:53.256 [Error] Common event killed due to commands processed in a single frame surpassing the Event Watchdog Threshhold.  (Event [Player] Người chơi mới)

--------------------------------------------------------------------------------
2023-01-29 08:05:53.818 [Error] Common event killed due to commands processed in a single frame surpassing the Event Watchdog Threshhold.  (Event [Player] Người chơi mới)

--------------------------------------------------------------------------------
2023-01-29 08:05:54.313 [Error] Common event killed due to commands processed in a single frame surpassing the Event Watchdog Threshhold.  (Event [Player] Người chơi mới)

--------------------------------------------------------------------------------
2023-01-29 08:05:54.864 [Error] Common event killed due to commands processed in a single frame surpassing the Event Watchdog Threshhold.  (Event [Player] Người chơi mới)

--------------------------------------------------------------------------------
2023-01-29 08:05:55.432 [Error] Common event killed due to commands processed in a single frame surpassing the Event Watchdog Threshhold.  (Event [Player] Người chơi mới)

--------------------------------------------------------------------------------
2023-01-29 08:05:55.993 [Error] Common event killed due to commands processed in a single frame surpassing the Event Watchdog Threshhold.  (Event [Player] Người chơi mới)

--------------------------------------------------------------------------------
2023-01-29 08:05:56.546 [Error] Common event killed due to commands processed in a single frame surpassing the Event Watchdog Threshhold.  (Event [Player] Người chơi mới)

--------------------------------------------------------------------------------
2023-01-29 08:05:57.053 [Error] Common event killed due to commands processed in a single frame surpassing the Event Watchdog Threshhold.  (Event [Player] Người chơi mới)

--------------------------------------------------------------------------------
2023-01-29 08:05:57.548 [Error] Common event killed due to commands processed in a single frame surpassing the Event Watchdog Threshhold.  (Event [Player] Người chơi mới)

--------------------------------------------------------------------------------
2023-01-29 08:05:58.061 [Error] Common event killed due to commands processed in a single frame surpassing the Event Watchdog Threshhold.  (Event [Player] Người chơi mới)

--------------------------------------------------------------------------------
2023-01-29 08:05:58.562 [Error] Common event killed due to commands processed in a single frame surpassing the Event Watchdog Threshhold.  (Event [Player] Người chơi mới)

--------------------------------------------------------------------------------
2023-01-29 08:05:59.124 [Error] Common event killed due to commands processed in a single frame surpassing the Event Watchdog Threshhold.  (Event [Player] Người chơi mới)

--------------------------------------------------------------------------------
2023-01-29 08:05:59.713 [Error] Common event killed due to commands processed in a single frame surpassing the Event Watchdog Threshhold.  (Event [Player] Người chơi mới)

--------------------------------------------------------------------------------
2023-01-29 08:06:00.235 [Error] Common event killed due to commands processed in a single frame surpassing the Event Watchdog Threshhold.  (Event [Player] Người chơi mới)

--------------------------------------------------------------------------------
2023-01-29 08:06:00.795 [Error] Common event killed due to commands processed in a single frame surpassing the Event Watchdog Threshhold.  (Event [Player] Người chơi mới)

--------------------------------------------------------------------------------
2023-01-29 08:06:01.305 [Error] Common event killed due to commands processed in a single frame surpassing the Event Watchdog Threshhold.  (Event [Player] Người chơi mới)

--------------------------------------------------------------------------------
2023-01-29 08:06:01.803 [Error] Common event killed due to commands processed in a single frame surpassing the Event Watchdog Threshhold.  (Event [Player] Người chơi mới)

--------------------------------------------------------------------------------
2023-01-29 08:06:02.372 [Error] Common event killed due to commands processed in a single frame surpassing the Event Watchdog Threshhold.  (Event [Player] Người chơi mới)

--------------------------------------------------------------------------------
2023-01-29 08:06:02.926 [Error] Common event killed due to commands processed in a single frame surpassing the Event Watchdog Threshhold.  (Event [Player] Người chơi mới)

--------------------------------------------------------------------------------
2023-01-29 08:06:03.425 [Error] Common event killed due to commands processed in a single frame surpassing the Event Watchdog Threshhold.  (Event [Player] Người chơi mới)

--------------------------------------------------------------------------------
2023-01-29 08:06:03.988 [Error] Common event killed due to commands processed in a single frame surpassing the Event Watchdog Threshhold.  (Event [Player] Người chơi mới)

--------------------------------------------------------------------------------
2023-01-29 08:06:04.487 [Error] Common event killed due to commands processed in a single frame surpassing the Event Watchdog Threshhold.  (Event [Player] Người chơi mới)

--------------------------------------------------------------------------------
2023-01-29 08:06:05.007 [Error] Common event killed due to commands processed in a single frame surpassing the Event Watchdog Threshhold.  (Event [Player] Người chơi mới)

--------------------------------------------------------------------------------
2023-01-29 08:06:05.523 [Error] Common event killed due to commands processed in a single frame surpassing the Event Watchdog Threshhold.  (Event [Player] Người chơi mới)

--------------------------------------------------------------------------------
2023-01-29 08:06:06.041 [Error] Common event killed due to commands processed in a single frame surpassing the Event Watchdog Threshhold.  (Event [Player] Người chơi mới)

--------------------------------------------------------------------------------
2023-01-29 08:06:06.532 [Error] Common event killed due to commands processed in a single frame surpassing the Event Watchdog Threshhold.  (Event [Player] Người chơi mới)

--------------------------------------------------------------------------------
2023-01-29 08:06:07.042 [Error] Common event killed due to commands processed in a single frame surpassing the Event Watchdog Threshhold.  (Event [Player] Người chơi mới)

--------------------------------------------------------------------------------
2023-01-29 08:06:07.602 [Error] Common event killed due to commands processed in a single frame surpassing the Event Watchdog Threshhold.  (Event [Player] Người chơi mới)

--------------------------------------------------------------------------------
2023-01-29 08:06:08.106 [Error] Common event killed due to commands processed in a single frame surpassing the Event Watchdog Threshhold.  (Event [Player] Người chơi mới)

--------------------------------------------------------------------------------
2023-01-29 08:06:08.599 [Error] Common event killed due to commands processed in a single frame surpassing the Event Watchdog Threshhold.  (Event [Player] Người chơi mới)

--------------------------------------------------------------------------------
2023-01-29 08:06:09.118 [Error] Common event killed due to commands processed in a single frame surpassing the Event Watchdog Threshhold.  (Event [Player] Người chơi mới)

--------------------------------------------------------------------------------
2023-01-29 08:06:09.617 [Error] Common event killed due to commands processed in a single frame surpassing the Event Watchdog Threshhold.  (Event [Player] Người chơi mới)

--------------------------------------------------------------------------------
2023-01-29 08:06:10.122 [Error] Common event killed due to commands processed in a single frame surpassing the Event Watchdog Threshhold.  (Event [Player] Người chơi mới)

--------------------------------------------------------------------------------
2023-01-29 08:06:10.620 [Error] Common event killed due to commands processed in a single frame surpassing the Event Watchdog Threshhold.  (Event [Player] Người chơi mới)

--------------------------------------------------------------------------------
UPnP Service Initialization Failed. You might not have a router, or UPnP on your router might be disabled.
NatDeviceNotFoundException: Exception of type 'Open.Nat.NatDeviceNotFoundException' was thrown.
    Stack:    at Open.Nat.NatDiscoverer.<DiscoverDeviceAsync>d__5.MoveNext()
--- End of stack trace from previous location where exception was thrown ---
   at System.Runtime.ExceptionServices.ExceptionDispatchInfo.Throw()
   at System.Runtime.CompilerServices.TaskAwaiter.HandleNonSuccessAndDebuggerNotification(Task task)
   at Intersect.Server.Networking.Helpers.UpnP.<ConnectNatDevice>d__4.MoveNext()


--------------------------------------------------------------------------------
UPnP Service Initialization Failed. You might not have a router, or UPnP on your router might be disabled.
NatDeviceNotFoundException: Exception of type 'Open.Nat.NatDeviceNotFoundException' was thrown.
    Stack:    at Open.Nat.NatDiscoverer.<DiscoverDeviceAsync>d__5.MoveNext()
--- End of stack trace from previous location where exception was thrown ---
   at System.Runtime.ExceptionServices.ExceptionDispatchInfo.Throw()
   at System.Runtime.CompilerServices.TaskAwaiter.HandleNonSuccessAndDebuggerNotification(Task task)
   at Intersect.Server.Networking.Helpers.UpnP.<ConnectNatDevice>d__4.MoveNext()


--------------------------------------------------------------------------------
UPnP Service Initialization Failed. You might not have a router, or UPnP on your router might be disabled.
NatDeviceNotFoundException: Exception of type 'Open.Nat.NatDeviceNotFoundException' was thrown.
    Stack:    at Open.Nat.NatDiscoverer.<DiscoverDeviceAsync>d__5.MoveNext()
--- End of stack trace from previous location where exception was thrown ---
   at System.Runtime.ExceptionServices.ExceptionDispatchInfo.Throw()
   at System.Runtime.CompilerServices.TaskAwaiter.HandleNonSuccessAndDebuggerNotification(Task task)
   at Intersect.Server.Networking.Helpers.UpnP.<ConnectNatDevice>d__4.MoveNext()


--------------------------------------------------------------------------------
UPnP Service Initialization Failed. You might not have a router, or UPnP on your router might be disabled.
NatDeviceNotFoundException: Exception of type 'Open.Nat.NatDeviceNotFoundException' was thrown.
    Stack:    at Open.Nat.NatDiscoverer.<DiscoverDeviceAsync>d__5.MoveNext()
--- End of stack trace from previous location where exception was thrown ---
   at System.Runtime.ExceptionServices.ExceptionDispatchInfo.Throw()
   at System.Runtime.CompilerServices.TaskAwaiter.HandleNonSuccessAndDebuggerNotification(Task task)
   at Intersect.Server.Networking.Helpers.UpnP.<ConnectNatDevice>d__4.MoveNext()


--------------------------------------------------------------------------------
UPnP Service Initialization Failed. You might not have a router, or UPnP on your router might be disabled.
NatDeviceNotFoundException: Exception of type 'Open.Nat.NatDeviceNotFoundException' was thrown.
    Stack:    at Open.Nat.NatDiscoverer.<DiscoverDeviceAsync>d__5.MoveNext()
--- End of stack trace from previous location where exception was thrown ---
   at System.Runtime.ExceptionServices.ExceptionDispatchInfo.Throw()
   at System.Runtime.CompilerServices.TaskAwaiter.HandleNonSuccessAndDebuggerNotification(Task task)
   at Intersect.Server.Networking.Helpers.UpnP.<ConnectNatDevice>d__4.MoveNext()


--------------------------------------------------------------------------------
UPnP Service Initialization Failed. You might not have a router, or UPnP on your router might be disabled.
NatDeviceNotFoundException: Exception of type 'Open.Nat.NatDeviceNotFoundException' was thrown.
    Stack:    at Open.Nat.NatDiscoverer.<DiscoverDeviceAsync>d__5.MoveNext()
--- End of stack trace from previous location where exception was thrown ---
   at System.Runtime.ExceptionServices.ExceptionDispatchInfo.Throw()
   at System.Runtime.CompilerServices.TaskAwaiter.HandleNonSuccessAndDebuggerNotification(Task task)
   at Intersect.Server.Networking.Helpers.UpnP.<ConnectNatDevice>d__4.MoveNext()


--------------------------------------------------------------------------------
UPnP Service Initialization Failed. You might not have a router, or UPnP on your router might be disabled.
NatDeviceNotFoundException: Exception of type 'Open.Nat.NatDeviceNotFoundException' was thrown.
    Stack:    at Open.Nat.NatDiscoverer.<DiscoverDeviceAsync>d__5.MoveNext()
--- End of stack trace from previous location where exception was thrown ---
   at System.Runtime.ExceptionServices.ExceptionDispatchInfo.Throw()
   at System.Runtime.CompilerServices.TaskAwaiter.HandleNonSuccessAndDebuggerNotification(Task task)
   at Intersect.Server.Networking.Helpers.UpnP.<ConnectNatDevice>d__4.MoveNext()


--------------------------------------------------------------------------------
UPnP Service Initialization Failed. You might not have a router, or UPnP on your router might be disabled.
NatDeviceNotFoundException: Exception of type 'Open.Nat.NatDeviceNotFoundException' was thrown.
    Stack:    at Open.Nat.NatDiscoverer.<DiscoverDeviceAsync>d__5.MoveNext()
--- End of stack trace from previous location where exception was thrown ---
   at System.Runtime.ExceptionServices.ExceptionDispatchInfo.Throw()
   at System.Runtime.CompilerServices.TaskAwaiter.HandleNonSuccessAndDebuggerNotification(Task task)
   at Intersect.Server.Networking.Helpers.UpnP.<ConnectNatDevice>d__4.MoveNext()


--------------------------------------------------------------------------------
