2023-01-31 13:16:33.975 [Debug] Loaded new formula from BaseExp * Power(Gain, Level).

--------------------------------------------------------------------------------
2023-01-31 13:16:33.980 [Debug] Loaded new formula from BaseExp * Power(Gain, Level).

--------------------------------------------------------------------------------
2023-01-31 13:16:35.738 [Warn] Directory was specified as a plugin directory but does not exist: 'resources\plugins'

--------------------------------------------------------------------------------
2023-01-31 13:16:35.739 [Info] Discovered 0 plugins:


--------------------------------------------------------------------------------
Listening on 0.0.0.0:5400.

--------------------------------------------------------------------------------
UPnP Service Initialization Succeeded

--------------------------------------------------------------------------------
Successfully auto port forwarded udp port 5400 using UPnP.

--------------------------------------------------------------------------------
Successfully auto port forwarded tcp port 5400 using UPnP.

--------------------------------------------------------------------------------
2023-01-31 13:16:38.824 [Debug] hail Time=15262 Offset=63810767777328 Real=63810767792591

--------------------------------------------------------------------------------
2023-01-31 13:16:38.824 [Debug] local Time=3151 Offset=63810767795672 Real=63810767798824

--------------------------------------------------------------------------------
2023-01-31 13:16:38.824 [Debug] real delta=6233

--------------------------------------------------------------------------------
2023-01-31 13:16:38.824 [Debug] NCPing=-1000

--------------------------------------------------------------------------------
2023-01-31 13:16:38.854 [Info] Connection approved [110180ac-4baa-452c-a9d1-431666bc04c3].

--------------------------------------------------------------------------------
2023-01-31 13:16:38.873 [Debug] Connection established to remote [110180ac-4baa-452c-a9d1-431666bc04c3/26.82.96.248:49183].

--------------------------------------------------------------------------------
2023-01-31 13:16:38.873 [Info] Connected [110180ac-4baa-452c-a9d1-431666bc04c3].

--------------------------------------------------------------------------------
2023-01-31 13:17:05.195 [Debug] Creating new instance with ID 00000000-0000-0000-0000-000000000000 for map New Map

--------------------------------------------------------------------------------
2023-01-31 13:17:05.205 [Debug] Creating new instance with ID 00000000-0000-0000-0000-000000000000 for map New Map

--------------------------------------------------------------------------------
2023-01-31 13:17:05.205 [Debug] Creating new instance with ID 00000000-0000-0000-0000-000000000000 for map New Map

--------------------------------------------------------------------------------
2023-01-31 13:17:05.205 [Debug] Creating new instance with ID 00000000-0000-0000-0000-000000000000 for map New Map

--------------------------------------------------------------------------------
2023-01-31 13:17:06.884 [Debug] StatusChanged: [NetIncomingMessage #0 14 bytes] [Disconnected]

--------------------------------------------------------------------------------
2023-01-31 13:17:06.885 [Debug] Connection terminated to remote [110180ac-4baa-452c-a9d1-431666bc04c3/26.82.96.248:49183].

--------------------------------------------------------------------------------
2023-01-31 13:17:06.885 [Info] Disconnected [110180ac-4baa-452c-a9d1-431666bc04c3].

--------------------------------------------------------------------------------
2023-01-31 13:17:06.886 [Debug] Client disconnected (PCC->PCC)

--------------------------------------------------------------------------------
2023-01-31 13:17:08.187 [Info] Acquiring context lock... (0ms)

--------------------------------------------------------------------------------
2023-01-31 13:17:08.187 [Info] Acquired. (0ms)

--------------------------------------------------------------------------------
2023-01-31 13:17:08.187 [Info] Beginning context dispose. (0ms)

--------------------------------------------------------------------------------
2023-01-31 13:17:08.187 [Info] Disposing network... (0ms)

--------------------------------------------------------------------------------
2023-01-31 13:17:08.200 [Info] Saving updated server variable values

--------------------------------------------------------------------------------
2023-01-31 13:17:08.201 [Info] Saving online users/players... (5ms)

--------------------------------------------------------------------------------
2023-01-31 13:17:08.201 [Info] Saving loaded guilds....

--------------------------------------------------------------------------------
2023-01-31 13:17:08.201 [Info] Online users/players saved. (6ms)

--------------------------------------------------------------------------------
2023-01-31 13:17:08.201 [Info] Shutting down the API... (6ms)

--------------------------------------------------------------------------------
2023-01-31 13:17:08.207 [Info] Shutting down the console thread... (11ms)

--------------------------------------------------------------------------------
2023-01-31 13:17:09.210 [Info] Base dispose. (1016ms)

--------------------------------------------------------------------------------
2023-01-31 13:17:09.210 [Info] Finished disposing server context. (1016ms)

--------------------------------------------------------------------------------
