2023-01-02 11:42:18.910 [Debug] Loaded new formula from BaseExp * Power(Gain, Level).

--------------------------------------------------------------------------------
2023-01-02 11:42:18.935 [Debug] Loaded new formula from BaseExp * Power(Gain, Level).

--------------------------------------------------------------------------------
2023-01-02 11:42:21.538 [Warn] Directory was specified as a plugin directory but does not exist: 'resources\plugins'

--------------------------------------------------------------------------------
2023-01-02 11:42:21.538 [Info] Discovered 0 plugins:


--------------------------------------------------------------------------------
Listening on 0.0.0.0:5400.

--------------------------------------------------------------------------------
UPnP Service Initialization Succeeded

--------------------------------------------------------------------------------
Successfully auto port forwarded udp port 5400 using UPnP.

--------------------------------------------------------------------------------
Successfully auto port forwarded tcp port 5400 using UPnP.

--------------------------------------------------------------------------------
2023-01-02 11:59:12.266 [Debug] hail Time=1611 Offset=63808257550283 Real=63808257551895

--------------------------------------------------------------------------------
2023-01-02 11:59:12.266 [Debug] local Time=1010773 Offset=63808256541493 Real=63808257552266

--------------------------------------------------------------------------------
2023-01-02 11:59:12.266 [Debug] real delta=371

--------------------------------------------------------------------------------
2023-01-02 11:59:12.266 [Debug] NCPing=-1000

--------------------------------------------------------------------------------
2023-01-02 11:59:12.297 [Info] Connection approved [bf57dd3c-15f7-4718-a44b-628a740dd63b].

--------------------------------------------------------------------------------
2023-01-02 11:59:12.371 [Debug] Connection established to remote [bf57dd3c-15f7-4718-a44b-628a740dd63b/26.187.128.71:54578].

--------------------------------------------------------------------------------
2023-01-02 11:59:12.372 [Info] Connected [bf57dd3c-15f7-4718-a44b-628a740dd63b].

--------------------------------------------------------------------------------
2023-01-02 12:01:10.906 [Debug] StatusChanged: [NetIncomingMessage #0 10 bytes] [Disconnected]

--------------------------------------------------------------------------------
2023-01-02 12:01:10.906 [Debug] Connection terminated to remote [bf57dd3c-15f7-4718-a44b-628a740dd63b/26.187.128.71:54578].

--------------------------------------------------------------------------------
2023-01-02 12:01:10.907 [Info] Disconnected [bf57dd3c-15f7-4718-a44b-628a740dd63b].

--------------------------------------------------------------------------------
2023-01-02 12:01:10.907 [Debug] Client disconnected (Admin->[editor])

--------------------------------------------------------------------------------
2023-01-02 12:01:16.267 [Debug] hail Time=1686 Offset=63808257674441 Real=63808257676128

--------------------------------------------------------------------------------
2023-01-02 12:01:16.267 [Debug] local Time=1134774 Offset=63808256541493 Real=63808257676267

--------------------------------------------------------------------------------
2023-01-02 12:01:16.267 [Debug] real delta=139

--------------------------------------------------------------------------------
2023-01-02 12:01:16.267 [Debug] NCPing=-1000

--------------------------------------------------------------------------------
2023-01-02 12:01:16.267 [Info] Connection approved [31c23569-960d-4c60-a320-1b08d38b9910].

--------------------------------------------------------------------------------
2023-01-02 12:01:16.301 [Debug] Connection established to remote [31c23569-960d-4c60-a320-1b08d38b9910/26.187.128.71:57955].

--------------------------------------------------------------------------------
2023-01-02 12:01:16.302 [Info] Connected [31c23569-960d-4c60-a320-1b08d38b9910].

--------------------------------------------------------------------------------
2023-01-02 12:01:25.854 [Debug] StatusChanged: [NetIncomingMessage #0 10 bytes] [Disconnected]

--------------------------------------------------------------------------------
2023-01-02 12:01:25.854 [Debug] Connection terminated to remote [31c23569-960d-4c60-a320-1b08d38b9910/26.187.128.71:57955].

--------------------------------------------------------------------------------
2023-01-02 12:01:25.854 [Info] Disconnected [31c23569-960d-4c60-a320-1b08d38b9910].

--------------------------------------------------------------------------------
2023-01-02 12:01:25.854 [Debug] Client disconnected (Admin->[editor])

--------------------------------------------------------------------------------
2023-01-02 12:01:25.977 [Debug] hail Time=689 Offset=63808257684970 Real=63808257685659

--------------------------------------------------------------------------------
2023-01-02 12:01:25.977 [Debug] local Time=1144473 Offset=63808256541493 Real=63808257685966

--------------------------------------------------------------------------------
2023-01-02 12:01:25.977 [Debug] real delta=306

--------------------------------------------------------------------------------
2023-01-02 12:01:25.977 [Debug] NCPing=-1000

--------------------------------------------------------------------------------
2023-01-02 12:01:25.977 [Info] Connection approved [ba632add-a20f-4a6e-b177-223af30fde3b].

--------------------------------------------------------------------------------
2023-01-02 12:01:25.986 [Debug] Connection established to remote [ba632add-a20f-4a6e-b177-223af30fde3b/26.82.96.248:51608].

--------------------------------------------------------------------------------
2023-01-02 12:01:25.986 [Info] Connected [ba632add-a20f-4a6e-b177-223af30fde3b].

--------------------------------------------------------------------------------
2023-01-02 12:07:59.073 [Debug] hail Time=1320 Offset=63808258077624 Real=63808258078945

--------------------------------------------------------------------------------
2023-01-02 12:07:59.073 [Debug] local Time=1537580 Offset=63808256541493 Real=63808258079073

--------------------------------------------------------------------------------
2023-01-02 12:07:59.073 [Debug] real delta=128

--------------------------------------------------------------------------------
2023-01-02 12:07:59.073 [Debug] NCPing=-1000

--------------------------------------------------------------------------------
2023-01-02 12:07:59.074 [Info] Connection approved [4ead3696-632c-41d6-8369-d8d5085f32e5].

--------------------------------------------------------------------------------
2023-01-02 12:07:59.114 [Debug] Connection established to remote [4ead3696-632c-41d6-8369-d8d5085f32e5/26.187.128.71:51102].

--------------------------------------------------------------------------------
2023-01-02 12:07:59.114 [Info] Connected [4ead3696-632c-41d6-8369-d8d5085f32e5].

--------------------------------------------------------------------------------
2023-01-02 12:10:56.190 [Debug] hail Time=158 Offset=63808258255731 Real=63808258255889

--------------------------------------------------------------------------------
2023-01-02 12:10:56.190 [Debug] local Time=1714694 Offset=63808256541493 Real=63808258256187

--------------------------------------------------------------------------------
2023-01-02 12:10:56.190 [Debug] real delta=297

--------------------------------------------------------------------------------
2023-01-02 12:10:56.190 [Debug] NCPing=-1000

--------------------------------------------------------------------------------
2023-01-02 12:10:56.191 [Info] Connection approved [bda0e854-00ad-415c-9949-4622857fa20a].

--------------------------------------------------------------------------------
2023-01-02 12:10:56.208 [Debug] Connection established to remote [bda0e854-00ad-415c-9949-4622857fa20a/26.82.96.248:60503].

--------------------------------------------------------------------------------
2023-01-02 12:10:56.208 [Info] Connected [bda0e854-00ad-415c-9949-4622857fa20a].

--------------------------------------------------------------------------------
2023-01-02 12:10:59.353 [Debug] Creating new instance with ID 00000000-0000-0000-0000-000000000000 for map New Map

--------------------------------------------------------------------------------
2023-01-02 12:14:02.639 [Debug] StatusChanged: [NetIncomingMessage #0 10 bytes] [Disconnected]

--------------------------------------------------------------------------------
2023-01-02 12:14:02.639 [Debug] Connection terminated to remote [4ead3696-632c-41d6-8369-d8d5085f32e5/26.187.128.71:51102].

--------------------------------------------------------------------------------
2023-01-02 12:14:02.639 [Info] Disconnected [4ead3696-632c-41d6-8369-d8d5085f32e5].

--------------------------------------------------------------------------------
2023-01-02 12:14:02.639 [Debug] Client disconnected (Admin->[editor])

--------------------------------------------------------------------------------
2023-01-02 12:14:08.421 [Debug] hail Time=2207 Offset=63808258445839 Real=63808258448046

--------------------------------------------------------------------------------
2023-01-02 12:14:08.421 [Debug] local Time=1906923 Offset=63808256541493 Real=63808258448416

--------------------------------------------------------------------------------
2023-01-02 12:14:08.421 [Debug] real delta=369

--------------------------------------------------------------------------------
2023-01-02 12:14:08.421 [Debug] NCPing=-1000

--------------------------------------------------------------------------------
2023-01-02 12:14:08.422 [Info] Connection approved [7f6ea33a-9b84-45c1-b0bb-345dc84b0359].

--------------------------------------------------------------------------------
2023-01-02 12:14:08.505 [Debug] Connection established to remote [7f6ea33a-9b84-45c1-b0bb-345dc84b0359/26.187.128.71:58303].

--------------------------------------------------------------------------------
2023-01-02 12:14:08.505 [Info] Connected [7f6ea33a-9b84-45c1-b0bb-345dc84b0359].

--------------------------------------------------------------------------------
2023-01-02 12:14:52.859 [Debug] StatusChanged: [NetIncomingMessage #0 10 bytes] [Disconnected]

--------------------------------------------------------------------------------
2023-01-02 12:14:52.859 [Debug] Connection terminated to remote [7f6ea33a-9b84-45c1-b0bb-345dc84b0359/26.187.128.71:58303].

--------------------------------------------------------------------------------
2023-01-02 12:14:52.859 [Info] Disconnected [7f6ea33a-9b84-45c1-b0bb-345dc84b0359].

--------------------------------------------------------------------------------
2023-01-02 12:14:52.859 [Debug] Client disconnected (Admin->[editor])

--------------------------------------------------------------------------------
2023-01-02 12:15:34.002 [Debug] hail Time=1915 Offset=63808258531865 Real=63808258533781

--------------------------------------------------------------------------------
2023-01-02 12:15:34.002 [Debug] local Time=1992509 Offset=63808256541493 Real=63808258534002

--------------------------------------------------------------------------------
2023-01-02 12:15:34.002 [Debug] real delta=221

--------------------------------------------------------------------------------
2023-01-02 12:15:34.002 [Debug] NCPing=-1000

--------------------------------------------------------------------------------
2023-01-02 12:15:34.003 [Info] Connection approved [5cae6f61-938c-41bc-9dd5-62e187761651].

--------------------------------------------------------------------------------
2023-01-02 12:15:34.046 [Debug] Connection established to remote [5cae6f61-938c-41bc-9dd5-62e187761651/26.187.128.71:57977].

--------------------------------------------------------------------------------
2023-01-02 12:15:34.046 [Info] Connected [5cae6f61-938c-41bc-9dd5-62e187761651].

--------------------------------------------------------------------------------
2023-01-02 12:17:35.164 [Debug] StatusChanged: [NetIncomingMessage #33 14 bytes] [Disconnected]

--------------------------------------------------------------------------------
2023-01-02 12:17:35.164 [Debug] Connection terminated to remote [bda0e854-00ad-415c-9949-4622857fa20a/26.82.96.248:60503].

--------------------------------------------------------------------------------
2023-01-02 12:17:35.164 [Info] Disconnected [bda0e854-00ad-415c-9949-4622857fa20a].

--------------------------------------------------------------------------------
2023-01-02 12:17:35.164 [Debug] Client disconnected (PCC->Cac)

--------------------------------------------------------------------------------
2023-01-02 12:17:43.179 [Debug] hail Time=110 Offset=63808258662758 Real=63808258662869

--------------------------------------------------------------------------------
2023-01-02 12:17:43.179 [Debug] local Time=2121676 Offset=63808256541493 Real=63808258663169

--------------------------------------------------------------------------------
2023-01-02 12:17:43.179 [Debug] real delta=300

--------------------------------------------------------------------------------
2023-01-02 12:17:43.179 [Debug] NCPing=-1000

--------------------------------------------------------------------------------
2023-01-02 12:17:43.179 [Info] Connection approved [16e1e767-21dc-49d4-bcf5-e42498454d59].

--------------------------------------------------------------------------------
2023-01-02 12:17:43.188 [Debug] Connection established to remote [16e1e767-21dc-49d4-bcf5-e42498454d59/26.82.96.248:63438].

--------------------------------------------------------------------------------
2023-01-02 12:17:43.188 [Info] Connected [16e1e767-21dc-49d4-bcf5-e42498454d59].

--------------------------------------------------------------------------------
2023-01-02 12:18:43.791 [Debug] StatusChanged: [NetIncomingMessage #0 14 bytes] [Disconnected]

--------------------------------------------------------------------------------
2023-01-02 12:18:43.791 [Debug] Connection terminated to remote [16e1e767-21dc-49d4-bcf5-e42498454d59/26.82.96.248:63438].

--------------------------------------------------------------------------------
2023-01-02 12:18:43.791 [Info] Disconnected [16e1e767-21dc-49d4-bcf5-e42498454d59].

--------------------------------------------------------------------------------
2023-01-02 12:18:43.791 [Debug] Client disconnected (PCC->Cac)

--------------------------------------------------------------------------------
2023-01-02 12:18:48.192 [Debug] hail Time=113 Offset=63808258727778 Real=63808258727892

--------------------------------------------------------------------------------
2023-01-02 12:18:48.192 [Debug] local Time=2186699 Offset=63808256541493 Real=63808258728192

--------------------------------------------------------------------------------
2023-01-02 12:18:48.192 [Debug] real delta=299

--------------------------------------------------------------------------------
2023-01-02 12:18:48.192 [Debug] NCPing=-1000

--------------------------------------------------------------------------------
2023-01-02 12:18:48.193 [Info] Connection approved [9de52746-42ea-4102-93d5-dbaa723fff92].

--------------------------------------------------------------------------------
2023-01-02 12:18:48.199 [Debug] Connection established to remote [9de52746-42ea-4102-93d5-dbaa723fff92/26.82.96.248:50367].

--------------------------------------------------------------------------------
2023-01-02 12:18:48.199 [Info] Connected [9de52746-42ea-4102-93d5-dbaa723fff92].

--------------------------------------------------------------------------------
2023-01-02 12:19:52.348 [Debug] StatusChanged: [NetIncomingMessage #0 14 bytes] [Disconnected]

--------------------------------------------------------------------------------
2023-01-02 12:19:52.348 [Debug] Connection terminated to remote [9de52746-42ea-4102-93d5-dbaa723fff92/26.82.96.248:50367].

--------------------------------------------------------------------------------
2023-01-02 12:19:52.348 [Info] Disconnected [9de52746-42ea-4102-93d5-dbaa723fff92].

--------------------------------------------------------------------------------
2023-01-02 12:19:52.348 [Debug] Client disconnected (PCC->Cac)

--------------------------------------------------------------------------------
2023-01-02 12:19:55.553 [Debug] hail Time=128 Offset=63808258795106 Real=63808258795235

--------------------------------------------------------------------------------
2023-01-02 12:19:55.553 [Debug] local Time=2254051 Offset=63808256541493 Real=63808258795544

--------------------------------------------------------------------------------
2023-01-02 12:19:55.553 [Debug] real delta=309

--------------------------------------------------------------------------------
2023-01-02 12:19:55.553 [Debug] NCPing=-1000

--------------------------------------------------------------------------------
2023-01-02 12:19:55.554 [Info] Connection approved [7b6daa09-cd76-470e-8af2-13e685d073f2].

--------------------------------------------------------------------------------
2023-01-02 12:19:55.563 [Debug] Connection established to remote [7b6daa09-cd76-470e-8af2-13e685d073f2/26.82.96.248:51373].

--------------------------------------------------------------------------------
2023-01-02 12:19:55.563 [Info] Connected [7b6daa09-cd76-470e-8af2-13e685d073f2].

--------------------------------------------------------------------------------
2023-01-02 12:26:55.228 [Debug] StatusChanged: [NetIncomingMessage #0 14 bytes] [Disconnected]

--------------------------------------------------------------------------------
2023-01-02 12:26:55.228 [Debug] Connection terminated to remote [7b6daa09-cd76-470e-8af2-13e685d073f2/26.82.96.248:51373].

--------------------------------------------------------------------------------
2023-01-02 12:26:55.228 [Info] Disconnected [7b6daa09-cd76-470e-8af2-13e685d073f2].

--------------------------------------------------------------------------------
2023-01-02 12:26:55.228 [Debug] Client disconnected (PCC->Cac)

--------------------------------------------------------------------------------
2023-01-02 12:27:15.815 [Debug] hail Time=129 Offset=63808259235365 Real=63808259235495

--------------------------------------------------------------------------------
2023-01-02 12:27:15.815 [Debug] local Time=2694317 Offset=63808256541493 Real=63808259235810

--------------------------------------------------------------------------------
2023-01-02 12:27:15.815 [Debug] real delta=315

--------------------------------------------------------------------------------
2023-01-02 12:27:15.815 [Debug] NCPing=-1000

--------------------------------------------------------------------------------
2023-01-02 12:27:15.816 [Info] Connection approved [884de616-bc88-4265-9023-eaeae281ad89].

--------------------------------------------------------------------------------
2023-01-02 12:27:15.833 [Debug] Connection established to remote [884de616-bc88-4265-9023-eaeae281ad89/26.82.96.248:57488].

--------------------------------------------------------------------------------
2023-01-02 12:27:15.833 [Info] Connected [884de616-bc88-4265-9023-eaeae281ad89].

--------------------------------------------------------------------------------
2023-01-02 12:29:27.718 [Debug] StatusChanged: [NetIncomingMessage #0 14 bytes] [Disconnected]

--------------------------------------------------------------------------------
2023-01-02 12:29:27.718 [Debug] Connection terminated to remote [884de616-bc88-4265-9023-eaeae281ad89/26.82.96.248:57488].

--------------------------------------------------------------------------------
2023-01-02 12:29:27.718 [Info] Disconnected [884de616-bc88-4265-9023-eaeae281ad89].

--------------------------------------------------------------------------------
2023-01-02 12:29:27.718 [Debug] Client disconnected (PCC->Cac)

--------------------------------------------------------------------------------
2023-01-02 12:29:32.020 [Debug] hail Time=112 Offset=63808259371600 Real=63808259371713

--------------------------------------------------------------------------------
2023-01-02 12:29:32.020 [Debug] local Time=2830523 Offset=63808256541493 Real=63808259372016

--------------------------------------------------------------------------------
2023-01-02 12:29:32.020 [Debug] real delta=303

--------------------------------------------------------------------------------
2023-01-02 12:29:32.020 [Debug] NCPing=-1000

--------------------------------------------------------------------------------
2023-01-02 12:29:32.021 [Info] Connection approved [b83fb34e-5a52-472d-a084-d872b77cd8d4].

--------------------------------------------------------------------------------
2023-01-02 12:29:32.036 [Debug] Connection established to remote [b83fb34e-5a52-472d-a084-d872b77cd8d4/26.82.96.248:53948].

--------------------------------------------------------------------------------
2023-01-02 12:29:32.036 [Info] Connected [b83fb34e-5a52-472d-a084-d872b77cd8d4].

--------------------------------------------------------------------------------
2023-01-02 12:31:15.655 [Debug] StatusChanged: [NetIncomingMessage #0 10 bytes] [Disconnected]

--------------------------------------------------------------------------------
2023-01-02 12:31:15.655 [Debug] Connection terminated to remote [5cae6f61-938c-41bc-9dd5-62e187761651/26.187.128.71:57977].

--------------------------------------------------------------------------------
2023-01-02 12:31:15.655 [Info] Disconnected [5cae6f61-938c-41bc-9dd5-62e187761651].

--------------------------------------------------------------------------------
2023-01-02 12:31:15.655 [Debug] Client disconnected (Admin->[editor])

--------------------------------------------------------------------------------
2023-01-02 12:31:20.543 [Debug] hail Time=1938 Offset=63808259478275 Real=63808259480213

--------------------------------------------------------------------------------
2023-01-02 12:31:20.543 [Debug] local Time=2939050 Offset=63808256541493 Real=63808259480543

--------------------------------------------------------------------------------
2023-01-02 12:31:20.543 [Debug] real delta=329

--------------------------------------------------------------------------------
2023-01-02 12:31:20.543 [Debug] NCPing=-1000

--------------------------------------------------------------------------------
2023-01-02 12:31:20.543 [Info] Connection approved [c5055371-3013-46b6-86ef-a2b3a622c1c8].

--------------------------------------------------------------------------------
2023-01-02 12:31:20.595 [Debug] Connection established to remote [c5055371-3013-46b6-86ef-a2b3a622c1c8/26.187.128.71:65031].

--------------------------------------------------------------------------------
2023-01-02 12:31:20.595 [Info] Connected [c5055371-3013-46b6-86ef-a2b3a622c1c8].

--------------------------------------------------------------------------------
2023-01-02 12:39:36.381 [Info] Acquiring context lock... (0ms)

--------------------------------------------------------------------------------
2023-01-02 12:39:36.381 [Info] Acquired. (0ms)

--------------------------------------------------------------------------------
2023-01-02 12:39:36.382 [Info] Beginning context dispose. (0ms)

--------------------------------------------------------------------------------
2023-01-02 12:39:36.384 [Info] Disposing network... (0ms)

--------------------------------------------------------------------------------
2023-01-02 12:39:36.386 [Debug] StatusChanged: [NetIncomingMessage #0 10 bytes] [Disconnecting]

--------------------------------------------------------------------------------
2023-01-02 12:39:36.386 [Debug] StatusChanged: [NetIncomingMessage #0 10 bytes] [Disconnecting]

--------------------------------------------------------------------------------
2023-01-02 12:39:36.387 [Info] Saving updated server variable values

--------------------------------------------------------------------------------

--------------------------------------------------------------------------------
39:36.387 [Info] Saving updated server variable values
2023-01-02 12:39:36.387 [Debug] StatusChanged: [NetIncomingMessage #0 10 bytes] [Disconnecting]

--------------------------------------------------------------------------------
2023-01-02 12:39:36.387 [Info] Saving online users/players... (3ms)

--------------------------------------------------------------------------------
2023-01-02 12:39:36.391 [Debug] StatusChanged: [NetIncomingMessage #0 14 bytes] [Disconnected]

--------------------------------------------------------------------------------
2023-01-02 12:39:36.392 [Debug] StatusChanged: [NetIncomingMessage #0 14 bytes] [Disconnected]

--------------------------------------------------------------------------------
2023-01-02 12:39:36.392 [Debug] StatusChanged: [NetIncomingMessage #0 14 bytes] [Disconnected]

--------------------------------------------------------------------------------
2023-01-02 12:39:36.597 [Info] Saving loaded guilds....

--------------------------------------------------------------------------------
2023-01-02 12:39:36.647 [Info] Online users/players saved. (262ms)

--------------------------------------------------------------------------------
2023-01-02 12:39:36.647 [Info] Shutting down the API... (263ms)

--------------------------------------------------------------------------------
2023-01-02 12:39:36.652 [Info] Shutting down the console thread... (268ms)

--------------------------------------------------------------------------------
2023-01-02 12:39:37.662 [Info] Base dispose. (1278ms)

--------------------------------------------------------------------------------
2023-01-02 12:39:37.662 [Info] Finished disposing server context. (1278ms)

--------------------------------------------------------------------------------
