2023-01-30 18:12:27.944 [Debug] Loaded new formula from BaseExp * Power(Gain, Level).

--------------------------------------------------------------------------------
2023-01-30 18:12:27.950 [Debug] Loaded new formula from BaseExp * Power(Gain, Level).

--------------------------------------------------------------------------------
2023-01-30 18:12:30.034 [Warn] Directory was specified as a plugin directory but does not exist: 'resources\plugins'

--------------------------------------------------------------------------------
2023-01-30 18:12:30.041 [Info] Discovered 0 plugins:


--------------------------------------------------------------------------------
Listening on 0.0.0.0:5400.

--------------------------------------------------------------------------------
UPnP Service Initialization Succeeded

--------------------------------------------------------------------------------
2023-01-30 18:12:30.794 [Debug] hail Time=204948 Offset=63810698945580 Real=63810699150529

--------------------------------------------------------------------------------
2023-01-30 18:12:30.794 [Debug] local Time=843 Offset=63810699149951 Real=63810699150794

--------------------------------------------------------------------------------
2023-01-30 18:12:30.794 [Debug] real delta=265

--------------------------------------------------------------------------------
2023-01-30 18:12:30.794 [Debug] NCPing=-1000

--------------------------------------------------------------------------------
Successfully auto port forwarded udp port 5400 using UPnP.

--------------------------------------------------------------------------------
2023-01-30 18:12:30.832 [Info] Connection approved [c579c4b4-8c6e-4c42-a136-e7ebaaa6489c].

--------------------------------------------------------------------------------
2023-01-30 18:12:30.845 [Debug] Connection established to remote [c579c4b4-8c6e-4c42-a136-e7ebaaa6489c/26.82.96.248:53404].

--------------------------------------------------------------------------------
2023-01-30 18:12:30.845 [Info] Connected [c579c4b4-8c6e-4c42-a136-e7ebaaa6489c].

--------------------------------------------------------------------------------
Successfully auto port forwarded tcp port 5400 using UPnP.

--------------------------------------------------------------------------------
2023-01-30 18:16:19.174 [Info] Acquiring context lock... (0ms)

--------------------------------------------------------------------------------
2023-01-30 18:16:19.174 [Info] Acquired. (0ms)

--------------------------------------------------------------------------------
2023-01-30 18:16:19.177 [Info] Beginning context dispose. (0ms)

--------------------------------------------------------------------------------
2023-01-30 18:16:19.180 [Info] Disposing network... (0ms)

--------------------------------------------------------------------------------
2023-01-30 18:16:19.183 [Debug] StatusChanged: [NetIncomingMessage #0 10 bytes] [Disconnecting]

--------------------------------------------------------------------------------
2023-01-30 18:16:19.184 [Info] Saving updated server variable values

--------------------------------------------------------------------------------
2023-01-30 18:16:19.184 [Info] Saving online users/players... (4ms)

--------------------------------------------------------------------------------
2023-01-30 18:16:19.201 [Debug] StatusChanged: [NetIncomingMessage #0 14 bytes] [Disconnected]

--------------------------------------------------------------------------------
2023-01-30 18:16:19.226 [Info] Saving loaded guilds....

--------------------------------------------------------------------------------
2023-01-30 18:16:19.226 [Info] Online users/players saved. (46ms)

--------------------------------------------------------------------------------
2023-01-30 18:16:19.228 [Info] Shutting down the API... (47ms)

--------------------------------------------------------------------------------
2023-01-30 18:16:19.232 [Info] Shutting down the console thread... (52ms)

--------------------------------------------------------------------------------
2023-01-30 18:16:20.236 [Info] Base dispose. (1055ms)

--------------------------------------------------------------------------------
2023-01-30 18:16:20.236 [Info] Finished disposing server context. (1056ms)

--------------------------------------------------------------------------------
