2023-01-30 05:17:42.733 [Warn] Directory was specified as a plugin directory but does not exist: 'resources\plugins'

--------------------------------------------------------------------------------
2023-01-30 05:17:42.738 [Info] Discovered 0 plugins:


--------------------------------------------------------------------------------
Listening on 0.0.0.0:5400.

--------------------------------------------------------------------------------
2023-01-30 05:17:45.727 [Info] Connection approved [a90fac5a-0dd0-4904-b6e4-96d190ef5cee].

--------------------------------------------------------------------------------
2023-01-30 05:17:45.750 [Info] Connected [a90fac5a-0dd0-4904-b6e4-96d190ef5cee].

--------------------------------------------------------------------------------
UPnP Service Initialization Failed. You might not have a router, or UPnP on your router might be disabled.
NatDeviceNotFoundException: Exception of type 'Open.Nat.NatDeviceNotFoundException' was thrown.
    Stack:    at Open.Nat.NatDiscoverer.<DiscoverDeviceAsync>d__5.MoveNext()
--- End of stack trace from previous location where exception was thrown ---
   at System.Runtime.ExceptionServices.ExceptionDispatchInfo.Throw()
   at System.Runtime.CompilerServices.TaskAwaiter.HandleNonSuccessAndDebuggerNotification(Task task)
   at Intersect.Server.Networking.Helpers.UpnP.<ConnectNatDevice>d__4.MoveNext()


--------------------------------------------------------------------------------
2023-01-30 05:17:53.388 [Info] Disconnected [a90fac5a-0dd0-4904-b6e4-96d190ef5cee].

--------------------------------------------------------------------------------
2023-01-30 05:18:18.372 [Info] Connection approved [6e81770c-8dd6-406e-afa5-9c98458377c4].

--------------------------------------------------------------------------------
2023-01-30 05:18:18.384 [Info] Connected [6e81770c-8dd6-406e-afa5-9c98458377c4].

--------------------------------------------------------------------------------
2023-01-30 05:21:22.321 [Info] Disconnected [6e81770c-8dd6-406e-afa5-9c98458377c4].

--------------------------------------------------------------------------------
2023-01-30 05:25:35.427 [Info] Connection approved [67dc96e3-3539-4a0f-ba55-5c3f0bc6b72d].

--------------------------------------------------------------------------------
2023-01-30 05:25:35.454 [Info] Connected [67dc96e3-3539-4a0f-ba55-5c3f0bc6b72d].

--------------------------------------------------------------------------------
2023-01-30 05:25:40.454 [Info] Disconnected [67dc96e3-3539-4a0f-ba55-5c3f0bc6b72d].

--------------------------------------------------------------------------------
2023-01-30 05:26:39.931 [Info] Connection approved [560207b1-add1-4f9e-b1bc-86ac9606a3f5].

--------------------------------------------------------------------------------
2023-01-30 05:26:39.959 [Info] Connected [560207b1-add1-4f9e-b1bc-86ac9606a3f5].

--------------------------------------------------------------------------------
2023-01-30 05:27:18.579 [Info] Disconnected [560207b1-add1-4f9e-b1bc-86ac9606a3f5].

--------------------------------------------------------------------------------
2023-01-30 05:31:00.669 [Info] Connection approved [487671b1-5556-458e-8a1c-7752f888d855].

--------------------------------------------------------------------------------
2023-01-30 05:31:00.705 [Info] Connected [487671b1-5556-458e-8a1c-7752f888d855].

--------------------------------------------------------------------------------
2023-01-30 05:33:30.904 [Info] Disconnected [487671b1-5556-458e-8a1c-7752f888d855].

--------------------------------------------------------------------------------
2023-01-30 05:34:03.139 [Info] Connection approved [4c03c04a-08c3-4aee-9a65-151d2b48c2ae].

--------------------------------------------------------------------------------
2023-01-30 05:34:03.169 [Info] Connected [4c03c04a-08c3-4aee-9a65-151d2b48c2ae].

--------------------------------------------------------------------------------
2023-01-30 05:51:10.400 [Info] Connection approved [2afe85fd-943d-455b-ad08-92d6b248c1c4].

--------------------------------------------------------------------------------
2023-01-30 05:51:10.438 [Info] Connected [2afe85fd-943d-455b-ad08-92d6b248c1c4].

--------------------------------------------------------------------------------
2023-01-30 05:51:57.697 [Info] Disconnected [2afe85fd-943d-455b-ad08-92d6b248c1c4].

--------------------------------------------------------------------------------
2023-01-30 05:52:16.815 [Info] Disconnected [4c03c04a-08c3-4aee-9a65-151d2b48c2ae].

--------------------------------------------------------------------------------
2023-01-30 05:52:44.815 [Info] Connection approved [ad162b08-6680-42c2-9b2d-94a11ab9ebab].

--------------------------------------------------------------------------------
2023-01-30 05:52:44.835 [Info] Connected [ad162b08-6680-42c2-9b2d-94a11ab9ebab].

--------------------------------------------------------------------------------
2023-01-30 05:53:05.548 [Info] Disconnected [ad162b08-6680-42c2-9b2d-94a11ab9ebab].

--------------------------------------------------------------------------------
2023-01-30 05:53:10.546 [Info] Connection approved [4ef5d473-d4f2-4f3b-b3f8-487ec22832e8].

--------------------------------------------------------------------------------
2023-01-30 05:53:10.555 [Info] Connected [4ef5d473-d4f2-4f3b-b3f8-487ec22832e8].

--------------------------------------------------------------------------------
2023-01-30 05:55:02.205 [Info] Connection approved [8978d3da-8e77-469e-bec8-9b107159bb85].

--------------------------------------------------------------------------------
2023-01-30 05:55:02.235 [Info] Connected [8978d3da-8e77-469e-bec8-9b107159bb85].

--------------------------------------------------------------------------------
2023-01-30 05:56:07.872 [Info] Disconnected [8978d3da-8e77-469e-bec8-9b107159bb85].

--------------------------------------------------------------------------------
2023-01-30 05:59:52.724 [Info] Connection approved [de681218-8aae-4b3d-b0b8-72286138742d].

--------------------------------------------------------------------------------
2023-01-30 05:59:52.740 [Info] Connected [de681218-8aae-4b3d-b0b8-72286138742d].

--------------------------------------------------------------------------------
2023-01-30 06:00:14.781 [Info] Disconnected [de681218-8aae-4b3d-b0b8-72286138742d].

--------------------------------------------------------------------------------
2023-01-30 06:00:41.343 [Info] Connection approved [e9e2c4e3-6b39-45a3-a503-5fe82e652593].

--------------------------------------------------------------------------------
2023-01-30 06:00:41.363 [Info] Connected [e9e2c4e3-6b39-45a3-a503-5fe82e652593].

--------------------------------------------------------------------------------
2023-01-30 06:02:01.182 [Info] Disconnected [e9e2c4e3-6b39-45a3-a503-5fe82e652593].

--------------------------------------------------------------------------------
2023-01-30 06:04:30.477 [Info] Connection approved [ef361fd1-097a-47f0-81f2-ea8a69b5729a].

--------------------------------------------------------------------------------
2023-01-30 06:04:30.507 [Info] Connected [ef361fd1-097a-47f0-81f2-ea8a69b5729a].

--------------------------------------------------------------------------------
2023-01-30 06:08:30.782 [Info] Disconnected [ef361fd1-097a-47f0-81f2-ea8a69b5729a].

--------------------------------------------------------------------------------
2023-01-30 06:09:31.463 [Info] Disconnected [4ef5d473-d4f2-4f3b-b3f8-487ec22832e8].

--------------------------------------------------------------------------------
2023-01-30 06:31:30.320 [Info] Connection approved [0cec2399-1bf2-415d-ab41-aeb5bcda910e].

--------------------------------------------------------------------------------
2023-01-30 06:31:30.340 [Info] Connected [0cec2399-1bf2-415d-ab41-aeb5bcda910e].

--------------------------------------------------------------------------------
2023-01-30 06:32:03.671 [Info] Disconnected [0cec2399-1bf2-415d-ab41-aeb5bcda910e].

--------------------------------------------------------------------------------
2023-01-30 06:33:12.200 [Info] Connection approved [4cdf637b-5d7b-458d-83b7-c011510cf79d].

--------------------------------------------------------------------------------
2023-01-30 06:33:12.214 [Info] Connected [4cdf637b-5d7b-458d-83b7-c011510cf79d].

--------------------------------------------------------------------------------
2023-01-30 06:33:26.730 [Info] Disconnected [4cdf637b-5d7b-458d-83b7-c011510cf79d].

--------------------------------------------------------------------------------
2023-01-30 06:44:17.925 [Info] Connection approved [f0ef61f8-3f0e-4292-bdd6-38281cb491bb].

--------------------------------------------------------------------------------
2023-01-30 06:44:17.944 [Info] Connected [f0ef61f8-3f0e-4292-bdd6-38281cb491bb].

--------------------------------------------------------------------------------
2023-01-30 07:09:23.290 [Info] Connection approved [af1c5ae8-9c98-4566-a9eb-de0aa622ec46].

--------------------------------------------------------------------------------
2023-01-30 07:09:23.319 [Info] Connected [af1c5ae8-9c98-4566-a9eb-de0aa622ec46].

--------------------------------------------------------------------------------
2023-01-30 07:11:31.398 [Info] Disconnected [af1c5ae8-9c98-4566-a9eb-de0aa622ec46].

--------------------------------------------------------------------------------
2023-01-30 07:44:08.696 [Info] Connection approved [390c135d-25a0-403b-ad43-25eb1a54aca5].

--------------------------------------------------------------------------------
2023-01-30 07:44:08.718 [Info] Connected [390c135d-25a0-403b-ad43-25eb1a54aca5].

--------------------------------------------------------------------------------
2023-01-30 07:51:17.734 [Info] Disconnected [390c135d-25a0-403b-ad43-25eb1a54aca5].

--------------------------------------------------------------------------------
2023-01-30 07:51:24.958 [Info] Connection approved [5254f09c-296e-45f1-9f1b-2662bf58f014].

--------------------------------------------------------------------------------
2023-01-30 07:51:24.984 [Info] Connected [5254f09c-296e-45f1-9f1b-2662bf58f014].

--------------------------------------------------------------------------------
2023-01-30 07:51:51.977 [Info] Disconnected [5254f09c-296e-45f1-9f1b-2662bf58f014].

--------------------------------------------------------------------------------
2023-01-30 09:13:22.978 [Info] Connection approved [9ccbd879-6a4c-4037-8046-a1ed59931804].

--------------------------------------------------------------------------------
2023-01-30 09:13:23.005 [Info] Connected [9ccbd879-6a4c-4037-8046-a1ed59931804].

--------------------------------------------------------------------------------
2023-01-30 09:30:48.399 [Info] Disconnected [9ccbd879-6a4c-4037-8046-a1ed59931804].

--------------------------------------------------------------------------------
2023-01-30 09:50:19.836 [Info] Disconnected [f0ef61f8-3f0e-4292-bdd6-38281cb491bb].

--------------------------------------------------------------------------------
2023-01-30 10:10:14.042 [Info] Connection approved [d215abf3-468a-4c4f-8dc3-a36869365c3e].

--------------------------------------------------------------------------------
2023-01-30 10:10:14.060 [Info] Connected [d215abf3-468a-4c4f-8dc3-a36869365c3e].

--------------------------------------------------------------------------------
2023-01-30 10:14:33.918 [Info] Connection approved [1731dc3f-87cf-4bd3-b4cf-d4cf452ca1a9].

--------------------------------------------------------------------------------
2023-01-30 10:14:33.947 [Info] Connected [1731dc3f-87cf-4bd3-b4cf-d4cf452ca1a9].

--------------------------------------------------------------------------------
2023-01-30 10:16:48.232 [Info] Disconnected [1731dc3f-87cf-4bd3-b4cf-d4cf452ca1a9].

--------------------------------------------------------------------------------
2023-01-30 10:21:14.139 [Info] Connection approved [09a2e746-6326-4973-a67a-5b1647dfde60].

--------------------------------------------------------------------------------
2023-01-30 10:21:14.162 [Info] Connected [09a2e746-6326-4973-a67a-5b1647dfde60].

--------------------------------------------------------------------------------
2023-01-30 10:21:48.373 [Info] Disconnected [09a2e746-6326-4973-a67a-5b1647dfde60].

--------------------------------------------------------------------------------
2023-01-30 10:21:52.701 [Info] Disconnected [d215abf3-468a-4c4f-8dc3-a36869365c3e].

--------------------------------------------------------------------------------
2023-01-30 10:21:54.591 [Info] Acquiring context lock... (0ms)

--------------------------------------------------------------------------------
2023-01-30 10:21:54.591 [Info] Acquired. (0ms)

--------------------------------------------------------------------------------
2023-01-30 10:21:54.591 [Info] Beginning context dispose. (0ms)

--------------------------------------------------------------------------------
2023-01-30 10:21:54.591 [Info] Disposing network... (2ms)

--------------------------------------------------------------------------------
2023-01-30 10:21:54.607 [Info] Saving updated server variable values

--------------------------------------------------------------------------------
2023-01-30 10:21:54.607 [Info] Saving online users/players... (5ms)

--------------------------------------------------------------------------------
2023-01-30 10:21:54.607 [Info] Saving loaded guilds....

--------------------------------------------------------------------------------
2023-01-30 10:21:54.607 [Info] Online users/players saved. (5ms)

--------------------------------------------------------------------------------
2023-01-30 10:21:54.607 [Info] Shutting down the API... (5ms)

--------------------------------------------------------------------------------
2023-01-30 10:21:54.607 [Info] Shutting down the console thread... (6ms)

--------------------------------------------------------------------------------
2023-01-30 10:21:55.609 [Info] Base dispose. (1010ms)

--------------------------------------------------------------------------------
2023-01-30 10:21:55.609 [Info] Finished disposing server context. (1010ms)

--------------------------------------------------------------------------------
