2023-01-30 18:28:21.168 [Debug] Loaded new formula from BaseExp * Power(Gain, Level).

--------------------------------------------------------------------------------
2023-01-30 18:28:21.174 [Debug] Loaded new formula from BaseExp * Power(Gain, Level).

--------------------------------------------------------------------------------
2023-01-30 18:28:23.125 [Warn] Directory was specified as a plugin directory but does not exist: 'resources\plugins'

--------------------------------------------------------------------------------
2023-01-30 18:28:23.131 [Info] Discovered 0 plugins:


--------------------------------------------------------------------------------
Listening on 0.0.0.0:5400.

--------------------------------------------------------------------------------
UPnP Service Initialization Succeeded

--------------------------------------------------------------------------------
Successfully auto port forwarded udp port 5400 using UPnP.

--------------------------------------------------------------------------------
Successfully auto port forwarded tcp port 5400 using UPnP.

--------------------------------------------------------------------------------
2023-01-30 18:28:25.393 [Debug] hail Time=183802 Offset=63810699912354 Real=63810700096157

--------------------------------------------------------------------------------
2023-01-30 18:28:25.393 [Debug] local Time=2344 Offset=63810700103049 Real=63810700105393

--------------------------------------------------------------------------------
2023-01-30 18:28:25.393 [Debug] real delta=9236

--------------------------------------------------------------------------------
2023-01-30 18:28:25.393 [Debug] NCPing=-1000

--------------------------------------------------------------------------------
2023-01-30 18:28:25.428 [Info] Connection approved [2bb9532d-1d85-41d1-b776-fd1cfef25679].

--------------------------------------------------------------------------------
2023-01-30 18:28:25.448 [Debug] Connection established to remote [2bb9532d-1d85-41d1-b776-fd1cfef25679/26.82.96.248:52008].

--------------------------------------------------------------------------------
2023-01-30 18:28:25.448 [Info] Connected [2bb9532d-1d85-41d1-b776-fd1cfef25679].

--------------------------------------------------------------------------------
2023-01-30 18:32:35.103 [Info] Acquiring context lock... (0ms)

--------------------------------------------------------------------------------
2023-01-30 18:32:35.103 [Info] Acquired. (0ms)

--------------------------------------------------------------------------------
2023-01-30 18:32:35.105 [Info] Beginning context dispose. (0ms)

--------------------------------------------------------------------------------
2023-01-30 18:32:35.108 [Info] Disposing network... (0ms)

--------------------------------------------------------------------------------
2023-01-30 18:32:35.109 [Debug] StatusChanged: [NetIncomingMessage #0 10 bytes] [Disconnecting]

--------------------------------------------------------------------------------
2023-01-30 18:32:35.110 [Info] Saving updated server variable values

--------------------------------------------------------------------------------
2023-01-30 18:32:35.110 [Info] Saving online users/players... (2ms)

--------------------------------------------------------------------------------
2023-01-30 18:32:35.115 [Debug] StatusChanged: [NetIncomingMessage #0 14 bytes] [Disconnected]

--------------------------------------------------------------------------------
2023-01-30 18:32:35.136 [Info] Saving loaded guilds....

--------------------------------------------------------------------------------
2023-01-30 18:32:35.137 [Info] Online users/players saved. (29ms)

--------------------------------------------------------------------------------
2023-01-30 18:32:35.138 [Info] Shutting down the API... (31ms)

--------------------------------------------------------------------------------
2023-01-30 18:32:35.143 [Info] Shutting down the console thread... (35ms)

--------------------------------------------------------------------------------
2023-01-30 18:32:36.153 [Info] Base dispose. (1045ms)

--------------------------------------------------------------------------------
2023-01-30 18:32:36.153 [Info] Finished disposing server context. (1045ms)

--------------------------------------------------------------------------------
