2022-12-17 01:58:47.500 [Debug] Loaded new formula from BaseExp * Power(Gain, Level).

--------------------------------------------------------------------------------
2022-12-17 01:58:47.504 [Debug] Loaded new formula from BaseExp * Power(Gain, Level).

--------------------------------------------------------------------------------
2022-12-17 01:58:49.318 [Warn] Directory was specified as a plugin directory but does not exist: 'resources\plugins'

--------------------------------------------------------------------------------
2022-12-17 01:58:49.323 [Info] Discovered 0 plugins:


--------------------------------------------------------------------------------
Listening on 0.0.0.0:5400.

--------------------------------------------------------------------------------
UPnP Service Initialization Succeeded

--------------------------------------------------------------------------------
Successfully auto port forwarded udp port 5400 using UPnP.

--------------------------------------------------------------------------------
Successfully auto port forwarded tcp port 5400 using UPnP.

--------------------------------------------------------------------------------
2022-12-17 01:58:53.761 [Debug] hail Time=63 Offset=63806839133293 Real=63806839133356

--------------------------------------------------------------------------------
2022-12-17 01:58:53.761 [Debug] local Time=4477 Offset=63806839129283 Real=63806839133761

--------------------------------------------------------------------------------
2022-12-17 01:58:53.761 [Debug] real delta=404

--------------------------------------------------------------------------------
2022-12-17 01:58:53.761 [Debug] NCPing=-1000

--------------------------------------------------------------------------------
2022-12-17 01:58:53.808 [Info] Connection approved [19c90505-e5bf-4db9-a23c-c195b424f360].

--------------------------------------------------------------------------------
2022-12-17 01:58:53.822 [Debug] Connection established to remote [19c90505-e5bf-4db9-a23c-c195b424f360/127.0.0.1:60316].

--------------------------------------------------------------------------------
2022-12-17 01:58:53.822 [Info] Connected [19c90505-e5bf-4db9-a23c-c195b424f360].

--------------------------------------------------------------------------------
2022-12-17 02:01:38.139 [Debug] Creating new instance with ID 00000000-0000-0000-0000-000000000000 for map New Map

--------------------------------------------------------------------------------
2022-12-17 02:01:51.539 [Debug] StatusChanged: [NetIncomingMessage #0 14 bytes] [Disconnected]

--------------------------------------------------------------------------------
2022-12-17 02:01:51.540 [Debug] Connection terminated to remote [19c90505-e5bf-4db9-a23c-c195b424f360/127.0.0.1:60316].

--------------------------------------------------------------------------------
2022-12-17 02:01:51.540 [Info] Disconnected [19c90505-e5bf-4db9-a23c-c195b424f360].

--------------------------------------------------------------------------------
2022-12-17 02:01:51.541 [Debug] Client disconnected (PCC->Cac)

--------------------------------------------------------------------------------
2022-12-17 02:06:55.024 [Info] Acquiring context lock... (0ms)

--------------------------------------------------------------------------------
2022-12-17 02:06:55.024 [Info] Acquired. (0ms)

--------------------------------------------------------------------------------
2022-12-17 02:06:55.026 [Info] Beginning context dispose. (0ms)

--------------------------------------------------------------------------------
2022-12-17 02:06:55.028 [Info] Disposing network... (0ms)

--------------------------------------------------------------------------------
2022-12-17 02:06:55.030 [Info] Saving updated server variable values

--------------------------------------------------------------------------------
2022-12-17 02:06:55.030 [Info] Saving online users/players... (2ms)

--------------------------------------------------------------------------------
2022-12-17 02:06:55.030 [Info] Saving loaded guilds....

--------------------------------------------------------------------------------
2022-12-17 02:06:55.072 [Info] Online users/players saved. (44ms)

--------------------------------------------------------------------------------
2022-12-17 02:06:55.072 [Info] Shutting down the API... (45ms)

--------------------------------------------------------------------------------
2022-12-17 02:06:55.078 [Info] Shutting down the console thread... (50ms)

--------------------------------------------------------------------------------
2022-12-17 02:06:56.086 [Info] Base dispose. (1059ms)

--------------------------------------------------------------------------------
2022-12-17 02:06:56.087 [Info] Finished disposing server context. (1059ms)

--------------------------------------------------------------------------------
