2022-12-14 07:31:19.371 [Debug] Loaded new formula from BaseExp * Power(Gain, Level).

--------------------------------------------------------------------------------
2022-12-14 07:31:19.376 [Debug] Loaded new formula from BaseExp * Power(Gain, Level).

--------------------------------------------------------------------------------
2022-12-14 07:31:21.819 [Warn] Directory was specified as a plugin directory but does not exist: 'resources\plugins'

--------------------------------------------------------------------------------
2022-12-14 07:31:21.820 [Info] Discovered 0 plugins:


--------------------------------------------------------------------------------
Listening on 0.0.0.0:5400.

--------------------------------------------------------------------------------
UPnP Service Initialization Succeeded

--------------------------------------------------------------------------------
Failed to automatically port forward udp port 5400 using UPnP. (UPnP possibly disabled in your router settings, or this port might already be forwarded!)

--------------------------------------------------------------------------------
2022-12-14 07:31:22.229 [Warn] UPnP Could Not Open UDP Port 5400
Open.Nat.MappingException: Error 718: ConflictInMappingEntry
   at Open.Nat.SoapClient.GetXmlDocument(String response)
   at Open.Nat.SoapClient.<InvokeAsync>d__3.MoveNext()
--- End of stack trace from previous location where exception was thrown ---
   at System.Runtime.ExceptionServices.ExceptionDispatchInfo.Throw()
   at System.Runtime.CompilerServices.TaskAwaiter.HandleNonSuccessAndDebuggerNotification(Task task)
   at Open.Nat.StreamExtensions.<TimeoutAfter>d__7`1.MoveNext()
--- End of stack trace from previous location where exception was thrown ---
   at System.Runtime.ExceptionServices.ExceptionDispatchInfo.Throw()
   at System.Runtime.CompilerServices.TaskAwaiter.HandleNonSuccessAndDebuggerNotification(Task task)
   at Open.Nat.UpnpNatDevice.<CreatePortMapAsync>d__4.MoveNext()
--- End of stack trace from previous location where exception was thrown ---
   at System.Runtime.ExceptionServices.ExceptionDispatchInfo.Throw()
   at System.Runtime.CompilerServices.TaskAwaiter.HandleNonSuccessAndDebuggerNotification(Task task)
   at System.Runtime.CompilerServices.TaskAwaiter.GetResult()
   at Intersect.Server.Networking.Helpers.UpnP.<OpenServerPort>d__5.MoveNext()

--------------------------------------------------------------------------------
Failed to automatically port forward tcp port 5400 using UPnP. (UPnP possibly disabled in your router settings, or this port might already be forwarded!)

--------------------------------------------------------------------------------
2022-12-14 07:31:22.242 [Warn] UPnP Could Not Open TCP Port 5400
Open.Nat.MappingException: Error 718: ConflictInMappingEntry
   at Open.Nat.SoapClient.GetXmlDocument(String response)
   at Open.Nat.SoapClient.<InvokeAsync>d__3.MoveNext()
--- End of stack trace from previous location where exception was thrown ---
   at System.Runtime.ExceptionServices.ExceptionDispatchInfo.Throw()
   at System.Runtime.CompilerServices.TaskAwaiter.HandleNonSuccessAndDebuggerNotification(Task task)
   at Open.Nat.StreamExtensions.<TimeoutAfter>d__7`1.MoveNext()
--- End of stack trace from previous location where exception was thrown ---
   at System.Runtime.ExceptionServices.ExceptionDispatchInfo.Throw()
   at System.Runtime.CompilerServices.TaskAwaiter.HandleNonSuccessAndDebuggerNotification(Task task)
   at Open.Nat.UpnpNatDevice.<CreatePortMapAsync>d__4.MoveNext()
--- End of stack trace from previous location where exception was thrown ---
   at System.Runtime.ExceptionServices.ExceptionDispatchInfo.Throw()
   at System.Runtime.CompilerServices.TaskAwaiter.HandleNonSuccessAndDebuggerNotification(Task task)
   at System.Runtime.CompilerServices.TaskAwaiter.GetResult()
   at Intersect.Server.Networking.Helpers.UpnP.<OpenServerPort>d__5.MoveNext()

--------------------------------------------------------------------------------
2022-12-14 07:32:05.624 [Info] Acquiring context lock... (0ms)

--------------------------------------------------------------------------------
2022-12-14 07:32:05.624 [Info] Acquired. (0ms)

--------------------------------------------------------------------------------
2022-12-14 07:32:05.625 [Info] Beginning context dispose. (0ms)

--------------------------------------------------------------------------------
2022-12-14 07:32:05.628 [Info] Disposing network... (0ms)

--------------------------------------------------------------------------------
2022-12-14 07:32:05.629 [Info] Saving updated server variable values

--------------------------------------------------------------------------------
2022-12-14 07:32:05.630 [Info] Saving online users/players... (2ms)

--------------------------------------------------------------------------------
2022-12-14 07:32:05.646 [Info] Saving loaded guilds....

--------------------------------------------------------------------------------
2022-12-14 07:32:05.646 [Info] Online users/players saved. (19ms)

--------------------------------------------------------------------------------
2022-12-14 07:32:05.646 [Info] Shutting down the API... (19ms)

--------------------------------------------------------------------------------
2022-12-14 07:32:05.648 [Info] Shutting down the console thread... (21ms)

--------------------------------------------------------------------------------
2022-12-14 07:32:06.666 [Info] Base dispose. (1038ms)

--------------------------------------------------------------------------------
2022-12-14 07:32:06.666 [Info] Finished disposing server context. (1038ms)

--------------------------------------------------------------------------------
