2023-01-30 18:45:18.833 [Debug] Loaded new formula from BaseExp * Power(Gain, Level).

--------------------------------------------------------------------------------
2023-01-30 18:45:18.838 [Debug] Loaded new formula from BaseExp * Power(Gain, Level).

--------------------------------------------------------------------------------
2023-01-30 18:45:20.742 [Warn] Directory was specified as a plugin directory but does not exist: 'resources\plugins'

--------------------------------------------------------------------------------
2023-01-30 18:45:20.748 [Info] Discovered 0 plugins:


--------------------------------------------------------------------------------
Listening on 0.0.0.0:5400.

--------------------------------------------------------------------------------
UPnP Service Initialization Succeeded

--------------------------------------------------------------------------------
Successfully auto port forwarded udp port 5400 using UPnP.

--------------------------------------------------------------------------------
Successfully auto port forwarded tcp port 5400 using UPnP.

--------------------------------------------------------------------------------
2023-01-30 18:45:22.579 [Debug] hail Time=434306 Offset=63810700679031 Real=63810701113337

--------------------------------------------------------------------------------
2023-01-30 18:45:22.580 [Debug] local Time=1912 Offset=63810701120667 Real=63810701122580

--------------------------------------------------------------------------------
2023-01-30 18:45:22.580 [Debug] real delta=9242

--------------------------------------------------------------------------------
2023-01-30 18:45:22.580 [Debug] NCPing=-1000

--------------------------------------------------------------------------------
2023-01-30 18:45:22.613 [Info] Connection approved [a8030d6e-ae56-40b7-a381-80546000e7bf].

--------------------------------------------------------------------------------
2023-01-30 18:45:22.622 [Debug] Connection established to remote [a8030d6e-ae56-40b7-a381-80546000e7bf/26.82.96.248:64750].

--------------------------------------------------------------------------------
2023-01-30 18:45:22.622 [Info] Connected [a8030d6e-ae56-40b7-a381-80546000e7bf].

--------------------------------------------------------------------------------
2023-01-30 18:47:21.105 [Info] Acquiring context lock... (0ms)

--------------------------------------------------------------------------------
2023-01-30 18:47:21.106 [Info] Acquired. (0ms)

--------------------------------------------------------------------------------
2023-01-30 18:47:21.108 [Info] Beginning context dispose. (0ms)

--------------------------------------------------------------------------------
2023-01-30 18:47:21.113 [Info] Disposing network... (0ms)

--------------------------------------------------------------------------------
2023-01-30 18:47:21.116 [Debug] StatusChanged: [NetIncomingMessage #0 10 bytes] [Disconnecting]

--------------------------------------------------------------------------------
2023-01-30 18:47:21.117 [Info] Saving updated server variable values

--------------------------------------------------------------------------------
2023-01-30 18:47:21.117 [Info] Saving online users/players... (4ms)

--------------------------------------------------------------------------------
2023-01-30 18:47:21.136 [Debug] StatusChanged: [NetIncomingMessage #0 14 bytes] [Disconnected]

--------------------------------------------------------------------------------
2023-01-30 18:47:21.150 [Info] Saving loaded guilds....

--------------------------------------------------------------------------------
2023-01-30 18:47:21.150 [Info] Online users/players saved. (38ms)

--------------------------------------------------------------------------------
2023-01-30 18:47:21.151 [Info] Shutting down the API... (38ms)

--------------------------------------------------------------------------------
2023-01-30 18:47:21.153 [Info] Shutting down the console thread... (41ms)

--------------------------------------------------------------------------------
2023-01-30 18:47:22.162 [Info] Base dispose. (1050ms)

--------------------------------------------------------------------------------
2023-01-30 18:47:22.162 [Info] Finished disposing server context. (1050ms)

--------------------------------------------------------------------------------
