2023-01-02 03:42:30.886 [Debug] Loaded new formula from BaseExp * Power(Gain, Level).

--------------------------------------------------------------------------------
2023-01-02 03:42:30.893 [Debug] Loaded new formula from BaseExp * Power(Gain, Level).

--------------------------------------------------------------------------------
2023-01-02 03:42:33.670 [Warn] Directory was specified as a plugin directory but does not exist: 'resources\plugins'

--------------------------------------------------------------------------------
2023-01-02 03:42:33.676 [Info] Discovered 0 plugins:


--------------------------------------------------------------------------------
Listening on 0.0.0.0:5400.

--------------------------------------------------------------------------------
2023-01-02 03:42:34.056 [Debug] hail Time=6642 Offset=63808227738126 Real=63808227744768

--------------------------------------------------------------------------------
2023-01-02 03:42:34.056 [Debug] local Time=435 Offset=63808227753620 Real=63808227754056

--------------------------------------------------------------------------------
2023-01-02 03:42:34.056 [Debug] real delta=9287

--------------------------------------------------------------------------------
2023-01-02 03:42:34.056 [Debug] NCPing=-1000

--------------------------------------------------------------------------------
2023-01-02 03:42:34.096 [Info] Connection approved [b7e011e7-1856-4bfd-8bfd-33bba383f978].

--------------------------------------------------------------------------------
2023-01-02 03:42:34.104 [Debug] Connection established to remote [b7e011e7-1856-4bfd-8bfd-33bba383f978/127.0.0.1:54808].

--------------------------------------------------------------------------------
2023-01-02 03:42:34.105 [Info] Connected [b7e011e7-1856-4bfd-8bfd-33bba383f978].

--------------------------------------------------------------------------------
UPnP Service Initialization Succeeded

--------------------------------------------------------------------------------
Successfully auto port forwarded udp port 5400 using UPnP.

--------------------------------------------------------------------------------
Successfully auto port forwarded tcp port 5400 using UPnP.

--------------------------------------------------------------------------------
2023-01-02 04:16:52.892 [Debug] Creating new instance with ID 00000000-0000-0000-0000-000000000000 for map New Map

--------------------------------------------------------------------------------
2023-01-02 04:18:38.366 [Debug] hail Time=387 Offset=63808229917634 Real=63808229918021

--------------------------------------------------------------------------------
2023-01-02 04:18:38.366 [Debug] local Time=2164741 Offset=63808227753620 Real=63808229918362

--------------------------------------------------------------------------------
2023-01-02 04:18:38.366 [Debug] real delta=340

--------------------------------------------------------------------------------
2023-01-02 04:18:38.366 [Debug] NCPing=-1000

--------------------------------------------------------------------------------
2023-01-02 04:18:38.366 [Info] Connection approved [d1533090-f4cb-451c-a724-5eb8582468a7].

--------------------------------------------------------------------------------
2023-01-02 04:18:38.421 [Debug] Connection established to remote [d1533090-f4cb-451c-a724-5eb8582468a7/26.187.128.71:63096].

--------------------------------------------------------------------------------
2023-01-02 04:18:38.421 [Info] Connected [d1533090-f4cb-451c-a724-5eb8582468a7].

--------------------------------------------------------------------------------
2023-01-02 04:20:55.696 [Debug] StatusChanged: [NetIncomingMessage #30 10 bytes] [Disconnecting]

--------------------------------------------------------------------------------
2023-01-02 04:20:55.788 [Debug] StatusChanged: [NetIncomingMessage #0 10 bytes] [Disconnected]

--------------------------------------------------------------------------------
2023-01-02 04:20:55.788 [Debug] Connection terminated to remote [d1533090-f4cb-451c-a724-5eb8582468a7/26.187.128.71:63096].

--------------------------------------------------------------------------------
2023-01-02 04:20:55.789 [Info] Disconnected [d1533090-f4cb-451c-a724-5eb8582468a7].

--------------------------------------------------------------------------------
2023-01-02 04:20:56.142 [Debug] hail Time=2302381 Offset=63808227754026 Real=63808230056408

--------------------------------------------------------------------------------
2023-01-02 04:20:56.142 [Debug] local Time=2302522 Offset=63808227753620 Real=63808230056142

--------------------------------------------------------------------------------
2023-01-02 04:20:56.142 [Debug] real delta=-265

--------------------------------------------------------------------------------
2023-01-02 04:20:56.142 [Debug] NCPing=-1000

--------------------------------------------------------------------------------
2023-01-02 04:20:56.142 [Info] Connection approved [fa7f9c90-e24e-45b9-bcf3-0c610ee619e2].

--------------------------------------------------------------------------------
2023-01-02 04:20:56.182 [Debug] Connection established to remote [fa7f9c90-e24e-45b9-bcf3-0c610ee619e2/26.187.128.71:60335].

--------------------------------------------------------------------------------
2023-01-02 04:20:56.182 [Info] Connected [fa7f9c90-e24e-45b9-bcf3-0c610ee619e2].

--------------------------------------------------------------------------------
2023-01-02 04:25:19.580 [Debug] StatusChanged: [NetIncomingMessage #0 14 bytes] [Disconnected]

--------------------------------------------------------------------------------
2023-01-02 04:25:19.580 [Debug] Connection terminated to remote [fa7f9c90-e24e-45b9-bcf3-0c610ee619e2/26.187.128.71:60335].

--------------------------------------------------------------------------------
2023-01-02 04:25:19.580 [Info] Disconnected [fa7f9c90-e24e-45b9-bcf3-0c610ee619e2].

--------------------------------------------------------------------------------
2023-01-02 04:25:19.580 [Debug] Client disconnected (Dicho->Dicho2)

--------------------------------------------------------------------------------
2023-01-02 04:26:25.003 [Debug] hail Time=964 Offset=63808230383586 Real=63808230384550

--------------------------------------------------------------------------------
2023-01-02 04:26:25.003 [Debug] local Time=2631383 Offset=63808227753620 Real=63808230385003

--------------------------------------------------------------------------------
2023-01-02 04:26:25.003 [Debug] real delta=453

--------------------------------------------------------------------------------
2023-01-02 04:26:25.003 [Debug] NCPing=-1000

--------------------------------------------------------------------------------
2023-01-02 04:26:25.004 [Info] Connection approved [23f19681-498a-44ef-a06c-556292db5ea4].

--------------------------------------------------------------------------------
2023-01-02 04:26:25.023 [Debug] Connection established to remote [23f19681-498a-44ef-a06c-556292db5ea4/26.82.96.248:58869].

--------------------------------------------------------------------------------
2023-01-02 04:26:25.024 [Info] Connected [23f19681-498a-44ef-a06c-556292db5ea4].

--------------------------------------------------------------------------------
2023-01-02 04:26:29.851 [Debug] hail Time=444 Offset=63808230388910 Real=63808230389354

--------------------------------------------------------------------------------
2023-01-02 04:26:29.851 [Debug] local Time=2636218 Offset=63808227753620 Real=63808230389839

--------------------------------------------------------------------------------
2023-01-02 04:26:29.851 [Debug] real delta=484

--------------------------------------------------------------------------------
2023-01-02 04:26:29.851 [Debug] NCPing=-1000

--------------------------------------------------------------------------------
2023-01-02 04:26:29.851 [Info] Connection approved [a2694bad-30f2-45d0-af09-074184c2d377].

--------------------------------------------------------------------------------
2023-01-02 04:26:29.893 [Debug] Connection established to remote [a2694bad-30f2-45d0-af09-074184c2d377/26.187.128.71:58205].

--------------------------------------------------------------------------------
2023-01-02 04:26:29.893 [Info] Connected [a2694bad-30f2-45d0-af09-074184c2d377].

--------------------------------------------------------------------------------
2023-01-02 04:27:15.123 [Debug] hail Time=512 Offset=63808230434019 Real=63808230434531

--------------------------------------------------------------------------------
2023-01-02 04:27:15.123 [Debug] local Time=2681503 Offset=63808227753620 Real=63808230435123

--------------------------------------------------------------------------------
2023-01-02 04:27:15.123 [Debug] real delta=592

--------------------------------------------------------------------------------
2023-01-02 04:27:15.123 [Debug] NCPing=-1000

--------------------------------------------------------------------------------
2023-01-02 04:27:15.125 [Info] Connection approved [cec80d3d-eeeb-464f-89a6-36d813ee72a4].

--------------------------------------------------------------------------------
2023-01-02 04:27:15.187 [Debug] Connection established to remote [cec80d3d-eeeb-464f-89a6-36d813ee72a4/26.187.128.71:59633].

--------------------------------------------------------------------------------
2023-01-02 04:27:15.187 [Info] Connected [cec80d3d-eeeb-464f-89a6-36d813ee72a4].

--------------------------------------------------------------------------------
2023-01-02 04:28:46.130 [Debug] StatusChanged: [NetIncomingMessage #226 10 bytes] [Disconnecting]

--------------------------------------------------------------------------------
2023-01-02 04:28:46.148 [Debug] StatusChanged: [NetIncomingMessage #0 10 bytes] [Disconnected]

--------------------------------------------------------------------------------
2023-01-02 04:28:46.148 [Debug] Connection terminated to remote [a2694bad-30f2-45d0-af09-074184c2d377/26.187.128.71:58205].

--------------------------------------------------------------------------------
2023-01-02 04:28:46.148 [Info] Disconnected [a2694bad-30f2-45d0-af09-074184c2d377].

--------------------------------------------------------------------------------
2023-01-02 04:28:46.393 [Debug] hail Time=2772661 Offset=63808227753997 Real=63808230526658

--------------------------------------------------------------------------------
2023-01-02 04:28:46.393 [Debug] local Time=2772772 Offset=63808227753620 Real=63808230526393

--------------------------------------------------------------------------------
2023-01-02 04:28:46.393 [Debug] real delta=-265

--------------------------------------------------------------------------------
2023-01-02 04:28:46.393 [Debug] NCPing=-1000

--------------------------------------------------------------------------------
2023-01-02 04:28:46.393 [Info] Connection approved [8d50f238-34a7-47a8-811d-f45b068709b0].

--------------------------------------------------------------------------------
2023-01-02 04:28:46.423 [Debug] Connection established to remote [8d50f238-34a7-47a8-811d-f45b068709b0/26.187.128.71:60723].

--------------------------------------------------------------------------------
2023-01-02 04:28:46.424 [Info] Connected [8d50f238-34a7-47a8-811d-f45b068709b0].

--------------------------------------------------------------------------------
2023-01-02 04:29:59.769 [Debug] StatusChanged: [NetIncomingMessage #0 14 bytes] [Disconnected]

--------------------------------------------------------------------------------
2023-01-02 04:29:59.769 [Debug] Connection terminated to remote [8d50f238-34a7-47a8-811d-f45b068709b0/26.187.128.71:60723].

--------------------------------------------------------------------------------
2023-01-02 04:29:59.769 [Info] Disconnected [8d50f238-34a7-47a8-811d-f45b068709b0].

--------------------------------------------------------------------------------
2023-01-02 04:29:59.769 [Debug] Client disconnected ([menu])

--------------------------------------------------------------------------------
2023-01-02 04:31:02.707 [Debug] hail Time=302 Offset=63808230662024 Real=63808230662326

--------------------------------------------------------------------------------
2023-01-02 04:31:02.707 [Debug] local Time=2909086 Offset=63808227753620 Real=63808230662707

--------------------------------------------------------------------------------
2023-01-02 04:31:02.707 [Debug] real delta=380

--------------------------------------------------------------------------------
2023-01-02 04:31:02.707 [Debug] NCPing=-1000

--------------------------------------------------------------------------------
2023-01-02 04:31:02.707 [Info] Connection approved [b1d6f6a0-0f30-4cd7-b859-8698f13491d2].

--------------------------------------------------------------------------------
2023-01-02 04:31:02.768 [Debug] Connection established to remote [b1d6f6a0-0f30-4cd7-b859-8698f13491d2/26.187.128.71:58875].

--------------------------------------------------------------------------------
2023-01-02 04:31:02.768 [Info] Connected [b1d6f6a0-0f30-4cd7-b859-8698f13491d2].

--------------------------------------------------------------------------------
2023-01-02 04:36:38.513 [Debug] StatusChanged: [NetIncomingMessage #0 14 bytes] [Disconnected]

--------------------------------------------------------------------------------
2023-01-02 04:36:38.513 [Debug] Connection terminated to remote [cec80d3d-eeeb-464f-89a6-36d813ee72a4/26.187.128.71:59633].

--------------------------------------------------------------------------------
2023-01-02 04:36:38.513 [Info] Disconnected [cec80d3d-eeeb-464f-89a6-36d813ee72a4].

--------------------------------------------------------------------------------
2023-01-02 04:36:38.513 [Debug] Client disconnected (dicho1->dicho3)

--------------------------------------------------------------------------------
2023-01-02 04:45:02.979 [Debug] StatusChanged: [NetIncomingMessage #0 22 bytes] [Disconnected]

--------------------------------------------------------------------------------
2023-01-02 04:45:02.979 [Debug] Connection terminated to remote [b1d6f6a0-0f30-4cd7-b859-8698f13491d2/26.187.128.71:58875].

--------------------------------------------------------------------------------
2023-01-02 04:45:02.979 [Info] Disconnected [b1d6f6a0-0f30-4cd7-b859-8698f13491d2].

--------------------------------------------------------------------------------
2023-01-02 04:45:02.979 [Debug] Client disconnected (Dicho->Dicho2)

--------------------------------------------------------------------------------
2023-01-02 04:52:54.256 [Debug] StatusChanged: [NetIncomingMessage #0 10 bytes] [Disconnected]

--------------------------------------------------------------------------------
2023-01-02 04:52:54.256 [Debug] Connection terminated to remote [23f19681-498a-44ef-a06c-556292db5ea4/26.82.96.248:58869].

--------------------------------------------------------------------------------
2023-01-02 04:52:54.256 [Info] Disconnected [23f19681-498a-44ef-a06c-556292db5ea4].

--------------------------------------------------------------------------------
2023-01-02 04:52:54.256 [Debug] Client disconnected (PCC->[editor])

--------------------------------------------------------------------------------
2023-01-02 04:53:01.713 [Debug] StatusChanged: [NetIncomingMessage #0 14 bytes] [Disconnected]

--------------------------------------------------------------------------------
2023-01-02 04:53:01.713 [Debug] Connection terminated to remote [b7e011e7-1856-4bfd-8bfd-33bba383f978/127.0.0.1:54808].

--------------------------------------------------------------------------------
2023-01-02 04:53:01.713 [Info] Disconnected [b7e011e7-1856-4bfd-8bfd-33bba383f978].

--------------------------------------------------------------------------------
2023-01-02 04:53:01.713 [Debug] Client disconnected (PCC->Cac)

--------------------------------------------------------------------------------
2023-01-02 04:59:18.946 [Info] Acquiring context lock... (0ms)

--------------------------------------------------------------------------------
2023-01-02 04:59:18.946 [Info] Acquired. (0ms)

--------------------------------------------------------------------------------
2023-01-02 04:59:18.947 [Info] Beginning context dispose. (0ms)

--------------------------------------------------------------------------------
2023-01-02 04:59:18.951 [Info] Disposing network... (0ms)

--------------------------------------------------------------------------------
2023-01-02 04:59:18.952 [Info] Saving updated server variable values

--------------------------------------------------------------------------------
2023-01-02 04:59:18.953 [Info] Saving online users/players... (2ms)

--------------------------------------------------------------------------------
2023-01-02 04:59:18.953 [Info] Saving loaded guilds....

--------------------------------------------------------------------------------
2023-01-02 04:59:18.980 [Info] Online users/players saved. (29ms)

--------------------------------------------------------------------------------
2023-01-02 04:59:18.980 [Info] Shutting down the API... (29ms)

--------------------------------------------------------------------------------
2023-01-02 04:59:18.985 [Info] Shutting down the console thread... (35ms)

--------------------------------------------------------------------------------
2023-01-02 04:59:19.998 [Info] Base dispose. (1048ms)

--------------------------------------------------------------------------------
2023-01-02 04:59:19.999 [Info] Finished disposing server context. (1048ms)

--------------------------------------------------------------------------------
