2023-01-02 03:23:06.967 [Debug] Loaded new formula from BaseExp * Power(Gain, Level).

--------------------------------------------------------------------------------
2023-01-02 03:23:06.973 [Debug] Loaded new formula from BaseExp * Power(Gain, Level).

--------------------------------------------------------------------------------
2023-01-02 03:23:09.539 [Warn] Directory was specified as a plugin directory but does not exist: 'resources\plugins'

--------------------------------------------------------------------------------
2023-01-02 03:23:09.545 [Info] Discovered 0 plugins:


--------------------------------------------------------------------------------
Listening on 0.0.0.0:5400.

--------------------------------------------------------------------------------
UPnP Service Initialization Succeeded

--------------------------------------------------------------------------------
Successfully auto port forwarded udp port 5400 using UPnP.

--------------------------------------------------------------------------------
Successfully auto port forwarded tcp port 5400 using UPnP.

--------------------------------------------------------------------------------
2023-01-02 03:24:30.095 [Debug] hail Time=792 Offset=63808226668475 Real=63808226669267

--------------------------------------------------------------------------------
2023-01-02 03:24:30.095 [Debug] local Time=80598 Offset=63808226589495 Real=63808226670093

--------------------------------------------------------------------------------
2023-01-02 03:24:30.095 [Debug] real delta=825

--------------------------------------------------------------------------------
2023-01-02 03:24:30.095 [Debug] NCPing=-1000

--------------------------------------------------------------------------------
2023-01-02 03:24:30.162 [Info] Connection approved [466b3155-eaf3-4904-bf50-3998296e25a3].

--------------------------------------------------------------------------------
2023-01-02 03:24:30.182 [Debug] Connection established to remote [466b3155-eaf3-4904-bf50-3998296e25a3/127.0.0.1:57031].

--------------------------------------------------------------------------------
2023-01-02 03:24:30.183 [Info] Connected [466b3155-eaf3-4904-bf50-3998296e25a3].

--------------------------------------------------------------------------------
2023-01-02 03:24:33.845 [Debug] hail Time=140 Offset=63808226673407 Real=63808226673547

--------------------------------------------------------------------------------
2023-01-02 03:24:33.845 [Debug] local Time=84350 Offset=63808226589495 Real=63808226673845

--------------------------------------------------------------------------------
2023-01-02 03:24:33.845 [Debug] real delta=298

--------------------------------------------------------------------------------
2023-01-02 03:24:33.845 [Debug] NCPing=-1000

--------------------------------------------------------------------------------
2023-01-02 03:24:33.845 [Info] Connection approved [0bcd14d7-4587-4414-8227-44bbf398d1ea].

--------------------------------------------------------------------------------
2023-01-02 03:24:33.855 [Debug] Connection established to remote [0bcd14d7-4587-4414-8227-44bbf398d1ea/127.0.0.1:57032].

--------------------------------------------------------------------------------
2023-01-02 03:24:33.855 [Info] Connected [0bcd14d7-4587-4414-8227-44bbf398d1ea].

--------------------------------------------------------------------------------
2023-01-02 03:24:45.389 [Debug] StatusChanged: [NetIncomingMessage #0 22 bytes] [Disconnected]

--------------------------------------------------------------------------------
2023-01-02 03:24:45.389 [Debug] Connection terminated to remote [466b3155-eaf3-4904-bf50-3998296e25a3/127.0.0.1:57031].

--------------------------------------------------------------------------------
2023-01-02 03:24:45.389 [Info] Disconnected [466b3155-eaf3-4904-bf50-3998296e25a3].

--------------------------------------------------------------------------------
2023-01-02 03:24:45.390 [Debug] Client disconnected ([menu])

--------------------------------------------------------------------------------
2023-01-02 03:35:27.249 [Info] Acquiring context lock... (0ms)

--------------------------------------------------------------------------------
2023-01-02 03:35:27.249 [Info] Acquired. (0ms)

--------------------------------------------------------------------------------
2023-01-02 03:35:27.251 [Info] Beginning context dispose. (0ms)

--------------------------------------------------------------------------------
2023-01-02 03:35:27.254 [Info] Disposing network... (0ms)

--------------------------------------------------------------------------------
2023-01-02 03:35:27.256 [Debug] StatusChanged: [NetIncomingMessage #0 10 bytes] [Disconnecting]

--------------------------------------------------------------------------------
2023-01-02 03:35:27.256 [Info] Saving updated server variable values

--------------------------------------------------------------------------------
2023-01-02 03:35:27.256 [Info] Saving online users/players... (2ms)

--------------------------------------------------------------------------------
2023-01-02 03:35:27.273 [Debug] StatusChanged: [NetIncomingMessage #0 14 bytes] [Disconnected]

--------------------------------------------------------------------------------
2023-01-02 03:35:27.293 [Info] Saving loaded guilds....

--------------------------------------------------------------------------------
2023-01-02 03:35:27.293 [Info] Online users/players saved. (38ms)

--------------------------------------------------------------------------------
2023-01-02 03:35:27.293 [Info] Shutting down the API... (39ms)

--------------------------------------------------------------------------------
2023-01-02 03:35:27.298 [Info] Shutting down the console thread... (43ms)

--------------------------------------------------------------------------------
2023-01-02 03:35:28.310 [Info] Base dispose. (1056ms)

--------------------------------------------------------------------------------
2023-01-02 03:35:28.310 [Info] Finished disposing server context. (1056ms)

--------------------------------------------------------------------------------
