2022-12-14 06:35:28.504 [Debug] Loaded new formula from BaseExp * Power(Gain, Level).

--------------------------------------------------------------------------------
2022-12-14 06:35:28.504 [Debug] Loaded new formula from BaseExp * Power(Gain, Level).

--------------------------------------------------------------------------------
2022-12-14 06:35:32.216 [Warn] Directory was specified as a plugin directory but does not exist: 'resources\plugins'

--------------------------------------------------------------------------------
2022-12-14 06:35:32.232 [Info] Discovered 0 plugins:


--------------------------------------------------------------------------------
Listening on 0.0.0.0:5400.

--------------------------------------------------------------------------------
UPnP Service Initialization Succeeded

--------------------------------------------------------------------------------
Successfully auto port forwarded udp port 5400 using UPnP.

--------------------------------------------------------------------------------
Successfully auto port forwarded tcp port 5400 using UPnP.

--------------------------------------------------------------------------------
2022-12-14 06:35:35.369 [Info] Acquiring context lock... (0ms)

--------------------------------------------------------------------------------
2022-12-14 06:35:35.369 [Info] Acquired. (0ms)

--------------------------------------------------------------------------------
2022-12-14 06:35:35.369 [Info] Beginning context dispose. (0ms)

--------------------------------------------------------------------------------
2022-12-14 06:35:35.369 [Info] Disposing network... (0ms)

--------------------------------------------------------------------------------
2022-12-14 06:35:35.369 [Info] Saving updated server variable values

--------------------------------------------------------------------------------
2022-12-14 06:35:35.385 [Info] Saving online users/players... (5ms)

--------------------------------------------------------------------------------
2022-12-14 06:35:35.418 [Info] Saving loaded guilds....

--------------------------------------------------------------------------------
2022-12-14 06:35:35.418 [Info] Online users/players saved. (49ms)

--------------------------------------------------------------------------------
2022-12-14 06:35:35.418 [Info] Shutting down the API... (49ms)

--------------------------------------------------------------------------------
2022-12-14 06:35:35.432 [Info] Base dispose. (56ms)

--------------------------------------------------------------------------------
2022-12-14 06:35:35.432 [Info] Finished disposing server context. (56ms)

--------------------------------------------------------------------------------
