2023-01-30 18:48:35.221 [Debug] Loaded new formula from BaseExp * Power(Gain, Level).

--------------------------------------------------------------------------------
2023-01-30 18:48:35.226 [Debug] Loaded new formula from BaseExp * Power(Gain, Level).

--------------------------------------------------------------------------------
2023-01-30 18:48:37.287 [Warn] Directory was specified as a plugin directory but does not exist: 'resources\plugins'

--------------------------------------------------------------------------------
2023-01-30 18:48:37.293 [Info] Discovered 0 plugins:


--------------------------------------------------------------------------------
Listening on 0.0.0.0:5400.

--------------------------------------------------------------------------------
UPnP Service Initialization Succeeded

--------------------------------------------------------------------------------
Successfully auto port forwarded udp port 5400 using UPnP.

--------------------------------------------------------------------------------
Successfully auto port forwarded tcp port 5400 using UPnP.

--------------------------------------------------------------------------------
2023-01-30 18:48:39.110 [Debug] hail Time=26079 Offset=63810701286779 Real=63810701312858

--------------------------------------------------------------------------------
2023-01-30 18:48:39.111 [Debug] local Time=1901 Offset=63810701317210 Real=63810701319111

--------------------------------------------------------------------------------
2023-01-30 18:48:39.111 [Debug] real delta=6253

--------------------------------------------------------------------------------
2023-01-30 18:48:39.111 [Debug] NCPing=-1000

--------------------------------------------------------------------------------
2023-01-30 18:48:39.149 [Info] Connection approved [5eb8cf24-679d-406c-8443-c31b3cc60658].

--------------------------------------------------------------------------------
2023-01-30 18:48:39.164 [Debug] Connection established to remote [5eb8cf24-679d-406c-8443-c31b3cc60658/26.82.96.248:55492].

--------------------------------------------------------------------------------
2023-01-30 18:48:39.164 [Info] Connected [5eb8cf24-679d-406c-8443-c31b3cc60658].

--------------------------------------------------------------------------------
2023-01-30 18:48:50.021 [Debug] Creating new instance with ID 00000000-0000-0000-0000-000000000000 for map New Map

--------------------------------------------------------------------------------
2023-01-30 18:48:50.031 [Debug] Creating new instance with ID 00000000-0000-0000-0000-000000000000 for map New Map

--------------------------------------------------------------------------------
2023-01-30 18:48:50.031 [Debug] Creating new instance with ID 00000000-0000-0000-0000-000000000000 for map New Map

--------------------------------------------------------------------------------
2023-01-30 18:48:50.031 [Debug] Creating new instance with ID 00000000-0000-0000-0000-000000000000 for map New Map

--------------------------------------------------------------------------------
2023-01-30 18:51:49.169 [Info] Acquiring context lock... (0ms)

--------------------------------------------------------------------------------
2023-01-30 18:51:49.169 [Info] Acquired. (0ms)

--------------------------------------------------------------------------------
2023-01-30 18:51:49.171 [Info] Beginning context dispose. (0ms)

--------------------------------------------------------------------------------
2023-01-30 18:51:49.174 [Info] Disposing network... (0ms)

--------------------------------------------------------------------------------
2023-01-30 18:51:49.177 [Debug] StatusChanged: [NetIncomingMessage #0 10 bytes] [Disconnecting]

--------------------------------------------------------------------------------
2023-01-30 18:51:49.178 [Info] Saving updated server variable values

--------------------------------------------------------------------------------
2023-01-30 18:51:49.178 [Info] Saving online users/players... (4ms)

--------------------------------------------------------------------------------
2023-01-30 18:51:49.187 [Debug] StatusChanged: [NetIncomingMessage #0 14 bytes] [Disconnected]

--------------------------------------------------------------------------------
2023-01-30 18:51:49.230 [Info] Saving loaded guilds....

--------------------------------------------------------------------------------
2023-01-30 18:51:49.230 [Info] Online users/players saved. (56ms)

--------------------------------------------------------------------------------
2023-01-30 18:51:49.239 [Info] Shutting down the API... (65ms)

--------------------------------------------------------------------------------
2023-01-30 18:51:49.246 [Info] Shutting down the console thread... (71ms)

--------------------------------------------------------------------------------
2023-01-30 18:51:50.246 [Info] Base dispose. (1072ms)

--------------------------------------------------------------------------------
2023-01-30 18:51:50.246 [Info] Finished disposing server context. (1072ms)

--------------------------------------------------------------------------------
