2023-01-28 07:20:32.709 [Warn] Directory was specified as a plugin directory but does not exist: 'resources\plugins'

--------------------------------------------------------------------------------
2023-01-28 07:20:32.709 [Info] Discovered 0 plugins:


--------------------------------------------------------------------------------
Listening on 0.0.0.0:5400.

--------------------------------------------------------------------------------
2023-01-28 07:20:34.541 [Info] Connection approved [5a126cac-6b54-405e-8bd2-f32cd786d358].

--------------------------------------------------------------------------------
2023-01-28 07:20:34.569 [Info] Connected [5a126cac-6b54-405e-8bd2-f32cd786d358].

--------------------------------------------------------------------------------
UPnP Service Initialization Failed. You might not have a router, or UPnP on your router might be disabled.
NatDeviceNotFoundException: Exception of type 'Open.Nat.NatDeviceNotFoundException' was thrown.
    Stack:    at Open.Nat.NatDiscoverer.<DiscoverDeviceAsync>d__5.MoveNext()
--- End of stack trace from previous location where exception was thrown ---
   at System.Runtime.ExceptionServices.ExceptionDispatchInfo.Throw()
   at System.Runtime.CompilerServices.TaskAwaiter.HandleNonSuccessAndDebuggerNotification(Task task)
   at Intersect.Server.Networking.Helpers.UpnP.<ConnectNatDevice>d__4.MoveNext()


--------------------------------------------------------------------------------
2023-01-28 07:26:27.346 [Info] Disconnected [5a126cac-6b54-405e-8bd2-f32cd786d358].

--------------------------------------------------------------------------------
2023-01-28 07:26:32.357 [Info] Connection approved [adee7aa5-1721-4652-b6fe-c05aeb56abca].

--------------------------------------------------------------------------------
2023-01-28 07:26:32.379 [Info] Connected [adee7aa5-1721-4652-b6fe-c05aeb56abca].

--------------------------------------------------------------------------------
2023-01-28 07:27:21.156 [Info] Disconnected [adee7aa5-1721-4652-b6fe-c05aeb56abca].

--------------------------------------------------------------------------------
2023-01-28 07:27:24.737 [Info] Acquiring context lock... (0ms)

--------------------------------------------------------------------------------
2023-01-28 07:27:24.737 [Info] Acquired. (0ms)

--------------------------------------------------------------------------------
2023-01-28 07:27:24.737 [Info] Beginning context dispose. (0ms)

--------------------------------------------------------------------------------
2023-01-28 07:27:24.752 [Info] Disposing network... (1ms)

--------------------------------------------------------------------------------
2023-01-28 07:27:24.752 [Info] Saving updated server variable values

--------------------------------------------------------------------------------
2023-01-28 07:27:24.752 [Info] Saving online users/players... (4ms)

--------------------------------------------------------------------------------
2023-01-28 07:27:24.752 [Info] Saving loaded guilds....

--------------------------------------------------------------------------------
2023-01-28 07:27:24.752 [Info] Online users/players saved. (4ms)

--------------------------------------------------------------------------------
2023-01-28 07:27:24.752 [Info] Shutting down the API... (4ms)

--------------------------------------------------------------------------------
2023-01-28 07:27:24.752 [Info] Shutting down the console thread... (5ms)

--------------------------------------------------------------------------------
2023-01-28 07:27:25.757 [Info] Base dispose. (1007ms)

--------------------------------------------------------------------------------
2023-01-28 07:27:25.757 [Info] Finished disposing server context. (1007ms)

--------------------------------------------------------------------------------
