2022-12-14 07:42:49.235 [Debug] Loaded new formula from BaseExp * Power(Gain, Level).

--------------------------------------------------------------------------------
2022-12-14 07:42:49.239 [Debug] Loaded new formula from BaseExp * Power(Gain, Level).

--------------------------------------------------------------------------------
2022-12-14 07:42:50.895 [Warn] Directory was specified as a plugin directory but does not exist: 'resources\plugins'

--------------------------------------------------------------------------------
2022-12-14 07:42:50.900 [Info] Discovered 0 plugins:


--------------------------------------------------------------------------------
Listening on 0.0.0.0:5400.

--------------------------------------------------------------------------------
UPnP Service Initialization Succeeded

--------------------------------------------------------------------------------
Failed to automatically port forward udp port 5400 using UPnP. (UPnP possibly disabled in your router settings, or this port might already be forwarded!)

--------------------------------------------------------------------------------
2022-12-14 07:42:51.237 [Warn] UPnP Could Not Open UDP Port 5400
Open.Nat.MappingException: Error 718: ConflictInMappingEntry
   at Open.Nat.SoapClient.GetXmlDocument(String response)
   at Open.Nat.SoapClient.<InvokeAsync>d__3.MoveNext()
--- End of stack trace from previous location where exception was thrown ---
   at System.Runtime.ExceptionServices.ExceptionDispatchInfo.Throw()
   at System.Runtime.CompilerServices.TaskAwaiter.HandleNonSuccessAndDebuggerNotification(Task task)
   at Open.Nat.StreamExtensions.<TimeoutAfter>d__7`1.MoveNext()
--- End of stack trace from previous location where exception was thrown ---
   at System.Runtime.ExceptionServices.ExceptionDispatchInfo.Throw()
   at System.Runtime.CompilerServices.TaskAwaiter.HandleNonSuccessAndDebuggerNotification(Task task)
   at Open.Nat.UpnpNatDevice.<CreatePortMapAsync>d__4.MoveNext()
--- End of stack trace from previous location where exception was thrown ---
   at System.Runtime.ExceptionServices.ExceptionDispatchInfo.Throw()
   at System.Runtime.CompilerServices.TaskAwaiter.HandleNonSuccessAndDebuggerNotification(Task task)
   at System.Runtime.CompilerServices.TaskAwaiter.GetResult()
   at Intersect.Server.Networking.Helpers.UpnP.<OpenServerPort>d__5.MoveNext()

--------------------------------------------------------------------------------
Failed to automatically port forward tcp port 5400 using UPnP. (UPnP possibly disabled in your router settings, or this port might already be forwarded!)

--------------------------------------------------------------------------------
2022-12-14 07:42:51.255 [Warn] UPnP Could Not Open TCP Port 5400
Open.Nat.MappingException: Error 718: ConflictInMappingEntry
   at Open.Nat.SoapClient.GetXmlDocument(String response)
   at Open.Nat.SoapClient.<InvokeAsync>d__3.MoveNext()
--- End of stack trace from previous location where exception was thrown ---
   at System.Runtime.ExceptionServices.ExceptionDispatchInfo.Throw()
   at System.Runtime.CompilerServices.TaskAwaiter.HandleNonSuccessAndDebuggerNotification(Task task)
   at Open.Nat.StreamExtensions.<TimeoutAfter>d__7`1.MoveNext()
--- End of stack trace from previous location where exception was thrown ---
   at System.Runtime.ExceptionServices.ExceptionDispatchInfo.Throw()
   at System.Runtime.CompilerServices.TaskAwaiter.HandleNonSuccessAndDebuggerNotification(Task task)
   at Open.Nat.UpnpNatDevice.<CreatePortMapAsync>d__4.MoveNext()
--- End of stack trace from previous location where exception was thrown ---
   at System.Runtime.ExceptionServices.ExceptionDispatchInfo.Throw()
   at System.Runtime.CompilerServices.TaskAwaiter.HandleNonSuccessAndDebuggerNotification(Task task)
   at System.Runtime.CompilerServices.TaskAwaiter.GetResult()
   at Intersect.Server.Networking.Helpers.UpnP.<OpenServerPort>d__5.MoveNext()

--------------------------------------------------------------------------------
2022-12-14 07:50:45.871 [Info] Acquiring context lock... (0ms)

--------------------------------------------------------------------------------
2022-12-14 07:50:45.871 [Info] Acquired. (0ms)

--------------------------------------------------------------------------------
2022-12-14 07:50:45.873 [Info] Beginning context dispose. (0ms)

--------------------------------------------------------------------------------
