2023-01-30 19:21:30.759 [Debug] Loaded new formula from BaseExp * Power(Gain, Level).

--------------------------------------------------------------------------------
2023-01-30 19:21:30.765 [Debug] Loaded new formula from BaseExp * Power(Gain, Level).

--------------------------------------------------------------------------------
2023-01-30 19:21:32.733 [Warn] Directory was specified as a plugin directory but does not exist: 'resources\plugins'

--------------------------------------------------------------------------------
2023-01-30 19:21:32.733 [Info] Discovered 0 plugins:


--------------------------------------------------------------------------------
Listening on 0.0.0.0:5400.

--------------------------------------------------------------------------------
UPnP Service Initialization Succeeded

--------------------------------------------------------------------------------
Successfully auto port forwarded udp port 5400 using UPnP.

--------------------------------------------------------------------------------
Successfully auto port forwarded tcp port 5400 using UPnP.

--------------------------------------------------------------------------------
2023-01-30 19:21:33.957 [Debug] hail Time=0 Offset=63810703293554 Real=63810703293554

--------------------------------------------------------------------------------
2023-01-30 19:21:33.957 [Debug] local Time=1308 Offset=63810703292649 Real=63810703293957

--------------------------------------------------------------------------------
2023-01-30 19:21:33.957 [Debug] real delta=403

--------------------------------------------------------------------------------
2023-01-30 19:21:33.957 [Debug] NCPing=-1000

--------------------------------------------------------------------------------
2023-01-30 19:21:34.003 [Info] Connection approved [e789603d-728e-4898-8a20-d609a533284e].

--------------------------------------------------------------------------------
2023-01-30 19:21:34.024 [Debug] Connection established to remote [e789603d-728e-4898-8a20-d609a533284e/26.82.96.248:54878].

--------------------------------------------------------------------------------
2023-01-30 19:21:34.024 [Info] Connected [e789603d-728e-4898-8a20-d609a533284e].

--------------------------------------------------------------------------------
2023-01-30 19:21:36.881 [Debug] hail Time=0 Offset=63810703296640 Real=63810703296640

--------------------------------------------------------------------------------
2023-01-30 19:21:36.881 [Debug] local Time=4232 Offset=63810703292649 Real=63810703296881

--------------------------------------------------------------------------------
2023-01-30 19:21:36.881 [Debug] real delta=240

--------------------------------------------------------------------------------
2023-01-30 19:21:36.881 [Debug] NCPing=-1000

--------------------------------------------------------------------------------
2023-01-30 19:21:36.882 [Info] Connection approved [e094aced-34d8-401c-99cd-0e1ac4afde23].

--------------------------------------------------------------------------------
2023-01-30 19:21:36.901 [Debug] Connection established to remote [e094aced-34d8-401c-99cd-0e1ac4afde23/26.82.96.248:54879].

--------------------------------------------------------------------------------
2023-01-30 19:21:36.901 [Info] Connected [e094aced-34d8-401c-99cd-0e1ac4afde23].

--------------------------------------------------------------------------------
2023-01-30 19:21:38.439 [Debug] Creating new instance with ID 00000000-0000-0000-0000-000000000000 for map Test

--------------------------------------------------------------------------------
2023-01-30 19:21:50.050 [Debug] Creating new instance with ID 00000000-0000-0000-0000-000000000000 for map New Map

--------------------------------------------------------------------------------
2023-01-30 19:21:50.050 [Debug] Creating new instance with ID 00000000-0000-0000-0000-000000000000 for map New Map

--------------------------------------------------------------------------------
2023-01-30 19:21:50.050 [Debug] Creating new instance with ID 00000000-0000-0000-0000-000000000000 for map New Map

--------------------------------------------------------------------------------
2023-01-30 19:21:50.050 [Debug] Creating new instance with ID 00000000-0000-0000-0000-000000000000 for map New Map

--------------------------------------------------------------------------------
2023-01-30 19:26:29.930 [Debug] StatusChanged: [NetIncomingMessage #0 14 bytes] [Disconnected]

--------------------------------------------------------------------------------
2023-01-30 19:26:29.931 [Debug] Connection terminated to remote [e094aced-34d8-401c-99cd-0e1ac4afde23/26.82.96.248:54879].

--------------------------------------------------------------------------------
2023-01-30 19:26:29.931 [Info] Disconnected [e094aced-34d8-401c-99cd-0e1ac4afde23].

--------------------------------------------------------------------------------
2023-01-30 19:26:29.931 [Debug] Client disconnected (CAC->Cac)

--------------------------------------------------------------------------------
2023-01-30 19:26:31.720 [Debug] StatusChanged: [NetIncomingMessage #0 14 bytes] [Disconnected]

--------------------------------------------------------------------------------
2023-01-30 19:26:31.720 [Debug] Connection terminated to remote [e789603d-728e-4898-8a20-d609a533284e/26.82.96.248:54878].

--------------------------------------------------------------------------------
2023-01-30 19:26:31.720 [Info] Disconnected [e789603d-728e-4898-8a20-d609a533284e].

--------------------------------------------------------------------------------
2023-01-30 19:26:31.720 [Debug] Client disconnected (PCC->PCC)

--------------------------------------------------------------------------------
2023-01-30 19:26:37.255 [Debug] hail Time=0 Offset=63810703597037 Real=63810703597037

--------------------------------------------------------------------------------
2023-01-30 19:26:37.255 [Debug] local Time=304606 Offset=63810703292649 Real=63810703597255

--------------------------------------------------------------------------------
2023-01-30 19:26:37.255 [Debug] real delta=217

--------------------------------------------------------------------------------
2023-01-30 19:26:37.255 [Debug] NCPing=-1000

--------------------------------------------------------------------------------
2023-01-30 19:26:37.255 [Info] Connection approved [ed332a4b-7db0-4b29-bd50-8f9cb95c94f0].

--------------------------------------------------------------------------------
2023-01-30 19:26:37.274 [Debug] Connection established to remote [ed332a4b-7db0-4b29-bd50-8f9cb95c94f0/26.82.96.248:52554].

--------------------------------------------------------------------------------
2023-01-30 19:26:37.274 [Info] Connected [ed332a4b-7db0-4b29-bd50-8f9cb95c94f0].

--------------------------------------------------------------------------------
2023-01-30 19:31:29.035 [Debug] StatusChanged: [NetIncomingMessage #0 14 bytes] [Disconnected]

--------------------------------------------------------------------------------
2023-01-30 19:31:29.035 [Debug] Connection terminated to remote [ed332a4b-7db0-4b29-bd50-8f9cb95c94f0/26.82.96.248:52554].

--------------------------------------------------------------------------------
2023-01-30 19:31:29.035 [Info] Disconnected [ed332a4b-7db0-4b29-bd50-8f9cb95c94f0].

--------------------------------------------------------------------------------
2023-01-30 19:31:29.035 [Debug] Client disconnected (CAC->Cac)

--------------------------------------------------------------------------------
2023-01-30 19:31:31.898 [Debug] hail Time=0 Offset=63810703891680 Real=63810703891680

--------------------------------------------------------------------------------
2023-01-30 19:31:31.898 [Debug] local Time=599247 Offset=63810703292649 Real=63810703891896

--------------------------------------------------------------------------------
2023-01-30 19:31:31.898 [Debug] real delta=216

--------------------------------------------------------------------------------
2023-01-30 19:31:31.898 [Debug] NCPing=-1000

--------------------------------------------------------------------------------
2023-01-30 19:31:31.898 [Info] Connection approved [f9b0b744-312e-46be-a0b6-aa6d5d8d8cd1].

--------------------------------------------------------------------------------
2023-01-30 19:31:31.916 [Debug] Connection established to remote [f9b0b744-312e-46be-a0b6-aa6d5d8d8cd1/26.82.96.248:62096].

--------------------------------------------------------------------------------
2023-01-30 19:31:31.916 [Info] Connected [f9b0b744-312e-46be-a0b6-aa6d5d8d8cd1].

--------------------------------------------------------------------------------
2023-01-30 19:33:46.001 [Debug] StatusChanged: [NetIncomingMessage #0 14 bytes] [Disconnected]

--------------------------------------------------------------------------------
2023-01-30 19:33:46.001 [Debug] Connection terminated to remote [f9b0b744-312e-46be-a0b6-aa6d5d8d8cd1/26.82.96.248:62096].

--------------------------------------------------------------------------------
2023-01-30 19:33:46.001 [Info] Disconnected [f9b0b744-312e-46be-a0b6-aa6d5d8d8cd1].

--------------------------------------------------------------------------------
2023-01-30 19:33:46.001 [Debug] Client disconnected (CAC->Cac)

--------------------------------------------------------------------------------
2023-01-30 19:33:51.756 [Debug] hail Time=0 Offset=63810704031539 Real=63810704031539

--------------------------------------------------------------------------------
2023-01-30 19:33:51.756 [Debug] local Time=739107 Offset=63810703292649 Real=63810704031756

--------------------------------------------------------------------------------
2023-01-30 19:33:51.756 [Debug] real delta=217

--------------------------------------------------------------------------------
2023-01-30 19:33:51.756 [Debug] NCPing=-1000

--------------------------------------------------------------------------------
2023-01-30 19:33:51.757 [Info] Connection approved [a1f3f642-b16c-4e84-85b8-b2e50463ea22].

--------------------------------------------------------------------------------
2023-01-30 19:33:51.778 [Debug] Connection established to remote [a1f3f642-b16c-4e84-85b8-b2e50463ea22/26.82.96.248:52666].

--------------------------------------------------------------------------------
2023-01-30 19:33:51.778 [Info] Connected [a1f3f642-b16c-4e84-85b8-b2e50463ea22].

--------------------------------------------------------------------------------
2023-01-30 19:35:25.356 [Debug] StatusChanged: [NetIncomingMessage #0 14 bytes] [Disconnected]

--------------------------------------------------------------------------------
2023-01-30 19:35:25.356 [Debug] Connection terminated to remote [a1f3f642-b16c-4e84-85b8-b2e50463ea22/26.82.96.248:52666].

--------------------------------------------------------------------------------
2023-01-30 19:35:25.356 [Info] Disconnected [a1f3f642-b16c-4e84-85b8-b2e50463ea22].

--------------------------------------------------------------------------------
2023-01-30 19:35:25.356 [Debug] Client disconnected (CAC->Cac)

--------------------------------------------------------------------------------
2023-01-30 19:35:28.342 [Debug] hail Time=0 Offset=63810704128127 Real=63810704128127

--------------------------------------------------------------------------------
2023-01-30 19:35:28.342 [Debug] local Time=835693 Offset=63810703292649 Real=63810704128342

--------------------------------------------------------------------------------
2023-01-30 19:35:28.342 [Debug] real delta=214

--------------------------------------------------------------------------------
2023-01-30 19:35:28.342 [Debug] NCPing=-1000

--------------------------------------------------------------------------------
2023-01-30 19:35:28.342 [Info] Connection approved [0873f7a6-daa3-4f5e-a5e8-acc7ebe1dd40].

--------------------------------------------------------------------------------
2023-01-30 19:35:28.360 [Debug] Connection established to remote [0873f7a6-daa3-4f5e-a5e8-acc7ebe1dd40/26.82.96.248:57015].

--------------------------------------------------------------------------------
2023-01-30 19:35:28.361 [Info] Connected [0873f7a6-daa3-4f5e-a5e8-acc7ebe1dd40].

--------------------------------------------------------------------------------
2023-01-30 19:38:25.708 [Debug] StatusChanged: [NetIncomingMessage #0 14 bytes] [Disconnected]

--------------------------------------------------------------------------------
2023-01-30 19:38:25.708 [Debug] Connection terminated to remote [0873f7a6-daa3-4f5e-a5e8-acc7ebe1dd40/26.82.96.248:57015].

--------------------------------------------------------------------------------
2023-01-30 19:38:25.708 [Info] Disconnected [0873f7a6-daa3-4f5e-a5e8-acc7ebe1dd40].

--------------------------------------------------------------------------------
2023-01-30 19:38:25.708 [Debug] Client disconnected (CAC->Cac)

--------------------------------------------------------------------------------
2023-01-30 19:38:28.584 [Debug] hail Time=1 Offset=63810704308354 Real=63810704308355

--------------------------------------------------------------------------------
2023-01-30 19:38:28.584 [Debug] local Time=1015934 Offset=63810703292649 Real=63810704308584

--------------------------------------------------------------------------------
2023-01-30 19:38:28.584 [Debug] real delta=229

--------------------------------------------------------------------------------
2023-01-30 19:38:28.584 [Debug] NCPing=-1000

--------------------------------------------------------------------------------
2023-01-30 19:38:28.585 [Info] Connection approved [f651e91b-b38c-4e7f-8754-2cf0efc2355c].

--------------------------------------------------------------------------------
2023-01-30 19:38:28.595 [Debug] Connection established to remote [f651e91b-b38c-4e7f-8754-2cf0efc2355c/26.82.96.248:60065].

--------------------------------------------------------------------------------
2023-01-30 19:38:28.595 [Info] Connected [f651e91b-b38c-4e7f-8754-2cf0efc2355c].

--------------------------------------------------------------------------------
2023-01-30 19:38:56.900 [Debug] hail Time=0 Offset=63810704336662 Real=63810704336662

--------------------------------------------------------------------------------
2023-01-30 19:38:56.900 [Debug] local Time=1044251 Offset=63810703292649 Real=63810704336900

--------------------------------------------------------------------------------
2023-01-30 19:38:56.900 [Debug] real delta=237

--------------------------------------------------------------------------------
2023-01-30 19:38:56.900 [Debug] NCPing=-1000

--------------------------------------------------------------------------------
2023-01-30 19:38:56.901 [Info] Connection approved [9ff878c7-928c-463b-8baa-b03d51305704].

--------------------------------------------------------------------------------
2023-01-30 19:38:56.920 [Debug] Connection established to remote [9ff878c7-928c-463b-8baa-b03d51305704/26.82.96.248:55536].

--------------------------------------------------------------------------------
2023-01-30 19:38:56.920 [Info] Connected [9ff878c7-928c-463b-8baa-b03d51305704].

--------------------------------------------------------------------------------
2023-01-30 19:39:43.263 [Debug] StatusChanged: [NetIncomingMessage #0 14 bytes] [Disconnected]

--------------------------------------------------------------------------------
2023-01-30 19:39:43.263 [Debug] Connection terminated to remote [f651e91b-b38c-4e7f-8754-2cf0efc2355c/26.82.96.248:60065].

--------------------------------------------------------------------------------
2023-01-30 19:39:43.263 [Info] Disconnected [f651e91b-b38c-4e7f-8754-2cf0efc2355c].

--------------------------------------------------------------------------------
2023-01-30 19:39:43.263 [Debug] Client disconnected (CAC->Cac)

--------------------------------------------------------------------------------
2023-01-30 19:39:55.055 [Debug] StatusChanged: [NetIncomingMessage #0 22 bytes] [Disconnected]

--------------------------------------------------------------------------------
2023-01-30 19:39:55.055 [Debug] Connection terminated to remote [9ff878c7-928c-463b-8baa-b03d51305704/26.82.96.248:55536].

--------------------------------------------------------------------------------
2023-01-30 19:39:55.055 [Info] Disconnected [9ff878c7-928c-463b-8baa-b03d51305704].

--------------------------------------------------------------------------------
2023-01-30 19:39:55.055 [Debug] Client disconnected (PCC->[editor])

--------------------------------------------------------------------------------
