2023-01-30 18:47:26.150 [Debug] Loaded new formula from BaseExp * Power(Gain, Level).

--------------------------------------------------------------------------------
2023-01-30 18:47:26.156 [Debug] Loaded new formula from BaseExp * Power(Gain, Level).

--------------------------------------------------------------------------------
2023-01-30 18:47:28.070 [Warn] Directory was specified as a plugin directory but does not exist: 'resources\plugins'

--------------------------------------------------------------------------------
2023-01-30 18:47:28.076 [Info] Discovered 0 plugins:


--------------------------------------------------------------------------------
Listening on 0.0.0.0:5400.

--------------------------------------------------------------------------------
UPnP Service Initialization Succeeded

--------------------------------------------------------------------------------
Successfully auto port forwarded udp port 5400 using UPnP.

--------------------------------------------------------------------------------
Successfully auto port forwarded tcp port 5400 using UPnP.

--------------------------------------------------------------------------------
2023-01-30 18:47:30.504 [Debug] hail Time=120572 Offset=63810701120703 Real=63810701241275

--------------------------------------------------------------------------------
2023-01-30 18:47:30.504 [Debug] local Time=2510 Offset=63810701247993 Real=63810701250504

--------------------------------------------------------------------------------
2023-01-30 18:47:30.504 [Debug] real delta=9228

--------------------------------------------------------------------------------
2023-01-30 18:47:30.504 [Debug] NCPing=-1000

--------------------------------------------------------------------------------
2023-01-30 18:47:30.539 [Info] Connection approved [1d20e609-4d72-4f3d-80ba-4965d5e4f8f9].

--------------------------------------------------------------------------------
2023-01-30 18:47:30.544 [Debug] Connection established to remote [1d20e609-4d72-4f3d-80ba-4965d5e4f8f9/26.82.96.248:50601].

--------------------------------------------------------------------------------
2023-01-30 18:47:30.544 [Info] Connected [1d20e609-4d72-4f3d-80ba-4965d5e4f8f9].

--------------------------------------------------------------------------------
2023-01-30 18:47:58.164 [Info] Acquiring context lock... (0ms)

--------------------------------------------------------------------------------
2023-01-30 18:47:58.164 [Info] Acquired. (0ms)

--------------------------------------------------------------------------------
2023-01-30 18:47:58.166 [Info] Beginning context dispose. (0ms)

--------------------------------------------------------------------------------
2023-01-30 18:47:58.169 [Info] Disposing network... (0ms)

--------------------------------------------------------------------------------
2023-01-30 18:47:58.171 [Debug] StatusChanged: [NetIncomingMessage #0 10 bytes] [Disconnecting]

--------------------------------------------------------------------------------
2023-01-30 18:47:58.172 [Info] Saving updated server variable values

--------------------------------------------------------------------------------
2023-01-30 18:47:58.172 [Info] Saving online users/players... (3ms)

--------------------------------------------------------------------------------
2023-01-30 18:47:58.190 [Debug] StatusChanged: [NetIncomingMessage #0 14 bytes] [Disconnected]

--------------------------------------------------------------------------------
2023-01-30 18:47:58.200 [Info] Saving loaded guilds....

--------------------------------------------------------------------------------
2023-01-30 18:47:58.200 [Info] Online users/players saved. (31ms)

--------------------------------------------------------------------------------
2023-01-30 18:47:58.201 [Info] Shutting down the API... (32ms)

--------------------------------------------------------------------------------
2023-01-30 18:47:58.205 [Info] Shutting down the console thread... (36ms)

--------------------------------------------------------------------------------
2023-01-30 18:47:59.218 [Info] Base dispose. (1049ms)

--------------------------------------------------------------------------------
2023-01-30 18:47:59.218 [Info] Finished disposing server context. (1049ms)

--------------------------------------------------------------------------------
