2023-02-01 03:11:14.202 [Debug] Loaded new formula from BaseExp * Power(Gain, Level).

--------------------------------------------------------------------------------
2023-02-01 03:11:14.202 [Debug] Loaded new formula from BaseExp * Power(Gain, Level).

--------------------------------------------------------------------------------
2023-02-01 03:11:15.814 [Warn] Directory was specified as a plugin directory but does not exist: 'resources\plugins'

--------------------------------------------------------------------------------
2023-02-01 03:11:15.814 [Info] Discovered 0 plugins:


--------------------------------------------------------------------------------
Listening on 0.0.0.0:5400.

--------------------------------------------------------------------------------
UPnP Service Initialization Succeeded

--------------------------------------------------------------------------------
Successfully auto port forwarded udp port 5400 using UPnP.

--------------------------------------------------------------------------------
Successfully auto port forwarded tcp port 5400 using UPnP.

--------------------------------------------------------------------------------
2023-02-01 03:15:31.752 [Info] Acquiring context lock... (0ms)

--------------------------------------------------------------------------------
2023-02-01 03:15:31.752 [Info] Acquired. (0ms)

--------------------------------------------------------------------------------
2023-02-01 03:15:31.755 [Info] Beginning context dispose. (0ms)

--------------------------------------------------------------------------------
2023-02-01 03:15:31.759 [Info] Disposing network... (0ms)

--------------------------------------------------------------------------------
2023-02-01 03:15:31.763 [Info] Saving updated server variable values

--------------------------------------------------------------------------------
2023-02-01 03:15:31.763 [Info] Saving online users/players... (4ms)

--------------------------------------------------------------------------------
2023-02-01 03:15:31.791 [Info] Saving loaded guilds....

--------------------------------------------------------------------------------
2023-02-01 03:15:31.791 [Info] Online users/players saved. (32ms)

--------------------------------------------------------------------------------
2023-02-01 03:15:31.791 [Info] Shutting down the API... (32ms)

--------------------------------------------------------------------------------
2023-02-01 03:15:31.794 [Info] Shutting down the console thread... (35ms)

--------------------------------------------------------------------------------
2023-02-01 03:15:32.809 [Info] Base dispose. (1050ms)

--------------------------------------------------------------------------------
2023-02-01 03:15:32.809 [Info] Finished disposing server context. (1050ms)

--------------------------------------------------------------------------------
