2023-01-31 13:18:07.825 [Debug] Loaded new formula from BaseExp * Power(Gain, Level).

--------------------------------------------------------------------------------
2023-01-31 13:18:07.825 [Debug] Loaded new formula from BaseExp * Power(Gain, Level).

--------------------------------------------------------------------------------
2023-01-31 13:18:09.582 [Warn] Directory was specified as a plugin directory but does not exist: 'resources\plugins'

--------------------------------------------------------------------------------
2023-01-31 13:18:09.582 [Info] Discovered 0 plugins:


--------------------------------------------------------------------------------
Listening on 0.0.0.0:5400.

--------------------------------------------------------------------------------
UPnP Service Initialization Succeeded

--------------------------------------------------------------------------------
Successfully auto port forwarded udp port 5400 using UPnP.

--------------------------------------------------------------------------------
Successfully auto port forwarded tcp port 5400 using UPnP.

--------------------------------------------------------------------------------
2023-01-31 13:18:21.657 [Debug] hail Time=0 Offset=63810767901257 Real=63810767901257

--------------------------------------------------------------------------------
2023-01-31 13:18:21.658 [Debug] local Time=12135 Offset=63810767889519 Real=63810767901655

--------------------------------------------------------------------------------
2023-01-31 13:18:21.658 [Debug] real delta=398

--------------------------------------------------------------------------------
2023-01-31 13:18:21.658 [Debug] NCPing=-1000

--------------------------------------------------------------------------------
2023-01-31 13:18:21.696 [Info] Connection approved [d1d33c48-b54c-4f4b-a959-e273ed9207eb].

--------------------------------------------------------------------------------
2023-01-31 13:18:21.712 [Debug] Connection established to remote [d1d33c48-b54c-4f4b-a959-e273ed9207eb/26.82.96.248:65448].

--------------------------------------------------------------------------------
2023-01-31 13:18:21.712 [Info] Connected [d1d33c48-b54c-4f4b-a959-e273ed9207eb].

--------------------------------------------------------------------------------
2023-01-31 13:18:24.871 [Debug] Creating new instance with ID 00000000-0000-0000-0000-000000000000 for map New Map

--------------------------------------------------------------------------------
2023-01-31 13:18:24.881 [Debug] Creating new instance with ID 00000000-0000-0000-0000-000000000000 for map New Map

--------------------------------------------------------------------------------
2023-01-31 13:18:24.881 [Debug] Creating new instance with ID 00000000-0000-0000-0000-000000000000 for map New Map

--------------------------------------------------------------------------------
2023-01-31 13:18:24.881 [Debug] Creating new instance with ID 00000000-0000-0000-0000-000000000000 for map New Map

--------------------------------------------------------------------------------
2023-01-31 13:20:54.738 [Debug] hail Time=0 Offset=63810768054513 Real=63810768054513

--------------------------------------------------------------------------------
2023-01-31 13:20:54.738 [Debug] local Time=165212 Offset=63810767889519 Real=63810768054732

--------------------------------------------------------------------------------
2023-01-31 13:20:54.738 [Debug] real delta=219

--------------------------------------------------------------------------------
2023-01-31 13:20:54.738 [Debug] NCPing=-1000

--------------------------------------------------------------------------------
2023-01-31 13:20:54.738 [Info] Connection approved [e642668b-b872-4859-87fb-19368c84b007].

--------------------------------------------------------------------------------
2023-01-31 13:20:54.752 [Debug] Connection established to remote [e642668b-b872-4859-87fb-19368c84b007/26.82.96.248:54409].

--------------------------------------------------------------------------------
2023-01-31 13:20:54.752 [Info] Connected [e642668b-b872-4859-87fb-19368c84b007].

--------------------------------------------------------------------------------
2023-01-31 13:23:06.100 [Info] Acquiring context lock... (0ms)

--------------------------------------------------------------------------------
2023-01-31 13:23:06.100 [Info] Acquired. (0ms)

--------------------------------------------------------------------------------
2023-01-31 13:23:06.100 [Info] Beginning context dispose. (0ms)

--------------------------------------------------------------------------------
2023-01-31 13:23:06.101 [Info] Disposing network... (0ms)

--------------------------------------------------------------------------------
2023-01-31 13:23:06.103 [Debug] StatusChanged: [NetIncomingMessage #0 10 bytes] [Disconnecting]

--------------------------------------------------------------------------------
2023-01-31 13:23:06.103 [Debug] StatusChanged: [NetIncomingMessage #0 10 bytes] [Disconnecting]

--------------------------------------------------------------------------------
2023-01-31 13:23:06.104 [Info] Saving updated server variable values

--------------------------------------------------------------------------------
2023-01-31 13:23:06.104 [Info] Saving online users/players... (2ms)

--------------------------------------------------------------------------------
2023-01-31 13:23:06.112 [Debug] StatusChanged: [NetIncomingMessage #0 14 bytes] [Disconnected]

--------------------------------------------------------------------------------
2023-01-31 13:23:06.112 [Debug] StatusChanged: [NetIncomingMessage #0 14 bytes] [Disconnected]

--------------------------------------------------------------------------------
2023-01-31 13:23:06.130 [Info] Saving loaded guilds....

--------------------------------------------------------------------------------
2023-01-31 13:23:06.130 [Info] Online users/players saved. (29ms)

--------------------------------------------------------------------------------
2023-01-31 13:23:06.137 [Info] Shutting down the API... (35ms)

--------------------------------------------------------------------------------
2023-01-31 13:23:06.142 [Info] Base dispose. (41ms)

--------------------------------------------------------------------------------
2023-01-31 13:23:06.142 [Info] Finished disposing server context. (41ms)

--------------------------------------------------------------------------------
2023-01-31 13:23:06.146 [Error] Received unhandled exception from Name:Intersect Server.exe
There are no context policies.
.

--------------------------------------------------------------------------------
2023-01-31 13:23:06.147 [Error] NullReferenceException: Object reference not set to an instance of an object.
    Stack:    at SQLitePCL.raw.sqlite3_finalize(sqlite3_stmt stmt)
   at SQLitePCL.sqlite3_stmt.Finalize()


--------------------------------------------------------------------------------
