2022-12-17 01:44:36.955 [Debug] Loaded new formula from BaseExp * Power(Gain, Level).

--------------------------------------------------------------------------------
2022-12-17 01:44:36.961 [Debug] Loaded new formula from BaseExp * Power(Gain, Level).

--------------------------------------------------------------------------------
2022-12-17 01:44:38.802 [Warn] Directory was specified as a plugin directory but does not exist: 'resources\plugins'

--------------------------------------------------------------------------------
2022-12-17 01:44:38.803 [Info] Discovered 0 plugins:


--------------------------------------------------------------------------------
Listening on 0.0.0.0:5400.

--------------------------------------------------------------------------------
2022-12-17 01:44:40.106 [Debug] hail Time=15353 Offset=63806838252503 Real=63806838267856

--------------------------------------------------------------------------------
2022-12-17 01:44:40.106 [Debug] local Time=1340 Offset=63806838278765 Real=63806838280106

--------------------------------------------------------------------------------
2022-12-17 01:44:40.106 [Debug] real delta=12249

--------------------------------------------------------------------------------
2022-12-17 01:44:40.106 [Debug] NCPing=-1000

--------------------------------------------------------------------------------
2022-12-17 01:44:40.139 [Info] Connection approved [875dc8cf-80e2-42bb-b9ce-5f6ae94b3bd0].

--------------------------------------------------------------------------------
2022-12-17 01:44:40.147 [Debug] Connection established to remote [875dc8cf-80e2-42bb-b9ce-5f6ae94b3bd0/127.0.0.1:62170].

--------------------------------------------------------------------------------
2022-12-17 01:44:40.147 [Info] Connected [875dc8cf-80e2-42bb-b9ce-5f6ae94b3bd0].

--------------------------------------------------------------------------------
UPnP Service Initialization Succeeded

--------------------------------------------------------------------------------
2022-12-17 01:45:11.307 [Info] Acquiring context lock... (0ms)

--------------------------------------------------------------------------------
2022-12-17 01:45:11.307 [Info] Acquired. (0ms)

--------------------------------------------------------------------------------
2022-12-17 01:45:11.309 [Info] Beginning context dispose. (0ms)

--------------------------------------------------------------------------------
2022-12-17 01:45:11.311 [Info] Disposing network... (0ms)

--------------------------------------------------------------------------------
2022-12-17 01:45:11.313 [Debug] StatusChanged: [NetIncomingMessage #0 10 bytes] [Disconnecting]

--------------------------------------------------------------------------------
2022-12-17 01:45:11.314 [Info] Saving updated server variable values

--------------------------------------------------------------------------------
2022-12-17 01:45:11.314 [Info] Saving online users/players... (2ms)

--------------------------------------------------------------------------------
2022-12-17 01:45:11.317 [Debug] StatusChanged: [NetIncomingMessage #0 14 bytes] [Disconnected]

--------------------------------------------------------------------------------
2022-12-17 01:45:11.340 [Info] Saving loaded guilds....

--------------------------------------------------------------------------------
2022-12-17 01:45:11.340 [Info] Online users/players saved. (29ms)

--------------------------------------------------------------------------------
2022-12-17 01:45:11.341 [Info] Shutting down the API... (30ms)

--------------------------------------------------------------------------------
2022-12-17 01:45:11.345 [Info] Shutting down the console thread... (33ms)

--------------------------------------------------------------------------------
2022-12-17 01:45:12.352 [Info] Base dispose. (1040ms)

--------------------------------------------------------------------------------
2022-12-17 01:45:12.352 [Info] Finished disposing server context. (1041ms)

--------------------------------------------------------------------------------
