2023-02-02 15:49:48.397 [Debug] Loaded new formula from BaseExp * Power(Gain, Level).

--------------------------------------------------------------------------------
2023-02-02 15:49:48.401 [Debug] Loaded new formula from BaseExp * Power(Gain, Level).

--------------------------------------------------------------------------------
2023-02-02 15:49:50.116 [Warn] Directory was specified as a plugin directory but does not exist: 'resources\plugins'

--------------------------------------------------------------------------------
2023-02-02 15:49:50.116 [Info] Discovered 0 plugins:


--------------------------------------------------------------------------------
Listening on 0.0.0.0:5400.

--------------------------------------------------------------------------------
UPnP Service Initialization Succeeded

--------------------------------------------------------------------------------
Successfully auto port forwarded udp port 5400 using UPnP.

--------------------------------------------------------------------------------
Successfully auto port forwarded tcp port 5400 using UPnP.

--------------------------------------------------------------------------------
2023-02-02 16:11:34.683 [Info] Acquiring context lock... (0ms)

--------------------------------------------------------------------------------
2023-02-02 16:11:34.684 [Info] Acquired. (0ms)

--------------------------------------------------------------------------------
2023-02-02 16:11:34.686 [Info] Beginning context dispose. (0ms)

--------------------------------------------------------------------------------
2023-02-02 16:11:34.689 [Info] Disposing network... (0ms)

--------------------------------------------------------------------------------
2023-02-02 16:11:34.691 [Info] Saving updated server variable values

--------------------------------------------------------------------------------
2023-02-02 16:11:34.691 [Info] Saving online users/players... (3ms)

--------------------------------------------------------------------------------
2023-02-02 16:11:34.737 [Info] Saving loaded guilds....

--------------------------------------------------------------------------------
2023-02-02 16:11:34.738 [Info] Online users/players saved. (49ms)

--------------------------------------------------------------------------------
2023-02-02 16:11:34.738 [Info] Shutting down the API... (49ms)

--------------------------------------------------------------------------------
2023-02-02 16:11:34.743 [Info] Shutting down the console thread... (54ms)

--------------------------------------------------------------------------------
2023-02-02 16:11:35.748 [Info] Base dispose. (1060ms)

--------------------------------------------------------------------------------
2023-02-02 16:11:35.748 [Info] Finished disposing server context. (1060ms)

--------------------------------------------------------------------------------
