2023-01-31 05:54:17.979 [Debug] Loaded new formula from BaseExp * Power(Gain, Level).

--------------------------------------------------------------------------------
2023-01-31 05:54:17.983 [Debug] Loaded new formula from BaseExp * Power(Gain, Level).

--------------------------------------------------------------------------------
2023-01-31 05:54:19.763 [Warn] Directory was specified as a plugin directory but does not exist: 'resources\plugins'

--------------------------------------------------------------------------------
2023-01-31 05:54:19.770 [Info] Discovered 0 plugins:


--------------------------------------------------------------------------------
Listening on 0.0.0.0:5400.

--------------------------------------------------------------------------------
2023-01-31 05:54:20.058 [Debug] hail Time=46158 Offset=63810741206882 Real=63810741253041

--------------------------------------------------------------------------------
2023-01-31 05:54:20.058 [Debug] local Time=359 Offset=63810741259698 Real=63810741260058

--------------------------------------------------------------------------------
2023-01-31 05:54:20.058 [Debug] real delta=7016

--------------------------------------------------------------------------------
2023-01-31 05:54:20.058 [Debug] NCPing=-1000

--------------------------------------------------------------------------------
2023-01-31 05:54:20.094 [Info] Connection approved [a81908ff-d26a-4173-97b2-bc9ac640f182].

--------------------------------------------------------------------------------
2023-01-31 05:54:20.166 [Debug] Connection established to remote [a81908ff-d26a-4173-97b2-bc9ac640f182/26.187.128.71:58945].

--------------------------------------------------------------------------------
2023-01-31 05:54:20.166 [Info] Connected [a81908ff-d26a-4173-97b2-bc9ac640f182].

--------------------------------------------------------------------------------
UPnP Service Initialization Succeeded

--------------------------------------------------------------------------------
Successfully auto port forwarded udp port 5400 using UPnP.

--------------------------------------------------------------------------------
Successfully auto port forwarded tcp port 5400 using UPnP.

--------------------------------------------------------------------------------
2023-01-31 05:55:26.793 [Debug] Creating new instance with ID 00000000-0000-0000-0000-000000000000 for map New Map

--------------------------------------------------------------------------------
2023-01-31 05:55:26.809 [Debug] Creating new instance with ID 00000000-0000-0000-0000-000000000000 for map New Map

--------------------------------------------------------------------------------
2023-01-31 05:55:26.809 [Debug] Creating new instance with ID 00000000-0000-0000-0000-000000000000 for map New Map

--------------------------------------------------------------------------------
2023-01-31 05:55:26.809 [Debug] Creating new instance with ID 00000000-0000-0000-0000-000000000000 for map New Map

--------------------------------------------------------------------------------
2023-01-31 05:56:26.686 [Debug] hail Time=0 Offset=63810741385059 Real=63810741385059

--------------------------------------------------------------------------------
2023-01-31 05:56:26.686 [Debug] local Time=126988 Offset=63810741259698 Real=63810741386686

--------------------------------------------------------------------------------
2023-01-31 05:56:26.686 [Debug] real delta=1626

--------------------------------------------------------------------------------
2023-01-31 05:56:26.686 [Debug] NCPing=-1000

--------------------------------------------------------------------------------
2023-01-31 05:56:26.686 [Info] Connection approved [5586fee3-3a90-4587-9b40-c333dd0ba59f].

--------------------------------------------------------------------------------
2023-01-31 05:56:26.735 [Debug] Connection established to remote [5586fee3-3a90-4587-9b40-c333dd0ba59f/26.187.128.71:61562].

--------------------------------------------------------------------------------
2023-01-31 05:56:26.735 [Info] Connected [5586fee3-3a90-4587-9b40-c333dd0ba59f].

--------------------------------------------------------------------------------
2023-01-31 05:57:33.386 [Debug] hail Time=0 Offset=63810741453167 Real=63810741453167

--------------------------------------------------------------------------------
2023-01-31 05:57:33.386 [Debug] local Time=193688 Offset=63810741259698 Real=63810741453386

--------------------------------------------------------------------------------
2023-01-31 05:57:33.386 [Debug] real delta=219

--------------------------------------------------------------------------------
2023-01-31 05:57:33.386 [Debug] NCPing=-1000

--------------------------------------------------------------------------------
2023-01-31 05:57:33.386 [Info] Connection approved [ac249ac3-d244-47e2-920b-08b7375cd266].

--------------------------------------------------------------------------------
2023-01-31 05:57:33.398 [Debug] Connection established to remote [ac249ac3-d244-47e2-920b-08b7375cd266/26.82.96.248:54763].

--------------------------------------------------------------------------------
2023-01-31 05:57:33.398 [Info] Connected [ac249ac3-d244-47e2-920b-08b7375cd266].

--------------------------------------------------------------------------------
2023-01-31 05:57:40.916 [Debug] StatusChanged: [NetIncomingMessage #0 22 bytes] [Disconnected]

--------------------------------------------------------------------------------
2023-01-31 05:57:40.916 [Debug] Connection terminated to remote [5586fee3-3a90-4587-9b40-c333dd0ba59f/26.187.128.71:61562].

--------------------------------------------------------------------------------
2023-01-31 05:57:40.917 [Info] Disconnected [5586fee3-3a90-4587-9b40-c333dd0ba59f].

--------------------------------------------------------------------------------
2023-01-31 05:57:40.917 [Debug] Client disconnected (Shiro->[editor])

--------------------------------------------------------------------------------
2023-01-31 06:07:41.529 [Debug] StatusChanged: [NetIncomingMessage #0 10 bytes] [Disconnected]

--------------------------------------------------------------------------------
2023-01-31 06:07:41.530 [Debug] Connection terminated to remote [a81908ff-d26a-4173-97b2-bc9ac640f182/26.187.128.71:58945].

--------------------------------------------------------------------------------
2023-01-31 06:07:41.530 [Info] Disconnected [a81908ff-d26a-4173-97b2-bc9ac640f182].

--------------------------------------------------------------------------------
2023-01-31 06:07:41.530 [Debug] Client disconnected (Shiro->Shiro)

--------------------------------------------------------------------------------
2023-01-31 06:29:40.805 [Debug] StatusChanged: [NetIncomingMessage #0 14 bytes] [Disconnected]

--------------------------------------------------------------------------------
2023-01-31 06:29:40.806 [Debug] Connection terminated to remote [ac249ac3-d244-47e2-920b-08b7375cd266/26.82.96.248:54763].

--------------------------------------------------------------------------------
2023-01-31 06:29:40.806 [Info] Disconnected [ac249ac3-d244-47e2-920b-08b7375cd266].

--------------------------------------------------------------------------------
2023-01-31 06:29:40.806 [Debug] Client disconnected (PCC->PCC)

--------------------------------------------------------------------------------
2023-01-31 06:48:35.813 [Info] Acquiring context lock... (0ms)

--------------------------------------------------------------------------------
2023-01-31 06:48:35.813 [Info] Acquired. (0ms)

--------------------------------------------------------------------------------
2023-01-31 06:48:35.816 [Info] Beginning context dispose. (0ms)

--------------------------------------------------------------------------------
2023-01-31 06:48:35.819 [Info] Disposing network... (0ms)

--------------------------------------------------------------------------------
2023-01-31 06:48:35.822 [Info] Saving updated server variable values

--------------------------------------------------------------------------------
2023-01-31 06:48:35.822 [Info] Saving online users/players... (3ms)

--------------------------------------------------------------------------------
2023-01-31 06:48:35.822 [Info] Saving loaded guilds....

--------------------------------------------------------------------------------
2023-01-31 06:48:35.823 [Info] Online users/players saved. (3ms)

--------------------------------------------------------------------------------
2023-01-31 06:48:35.823 [Info] Shutting down the API... (3ms)

--------------------------------------------------------------------------------
2023-01-31 06:48:35.827 [Info] Shutting down the console thread... (9ms)

--------------------------------------------------------------------------------
2023-01-31 06:48:36.836 [Info] Base dispose. (1017ms)

--------------------------------------------------------------------------------
2023-01-31 06:48:36.836 [Info] Finished disposing server context. (1017ms)

--------------------------------------------------------------------------------
