2022-12-14 06:46:52.911 [Debug] Loaded new formula from BaseExp * Power(Gain, Level).

--------------------------------------------------------------------------------
2022-12-14 06:46:52.916 [Debug] Loaded new formula from BaseExp * Power(Gain, Level).

--------------------------------------------------------------------------------
2022-12-14 06:46:57.973 [Warn] Directory was specified as a plugin directory but does not exist: 'resources\plugins'

--------------------------------------------------------------------------------
2022-12-14 06:46:57.975 [Info] Discovered 0 plugins:


--------------------------------------------------------------------------------
Listening on 0.0.0.0:5400.

--------------------------------------------------------------------------------
UPnP Service Initialization Succeeded

--------------------------------------------------------------------------------
Successfully auto port forwarded udp port 5400 using UPnP.

--------------------------------------------------------------------------------
Successfully auto port forwarded tcp port 5400 using UPnP.

--------------------------------------------------------------------------------
2022-12-14 06:47:43.188 [Info] Acquiring context lock... (0ms)

--------------------------------------------------------------------------------
2022-12-14 06:47:43.188 [Info] Acquired. (0ms)

--------------------------------------------------------------------------------
2022-12-14 06:47:43.189 [Error] Received unhandled exception from System.Threading.Thread.

--------------------------------------------------------------------------------
2022-12-14 06:47:43.190 [Info] Beginning context dispose. (0ms)

--------------------------------------------------------------------------------
2022-12-14 06:47:43.192 [Error] Received unhandled exception from Name:Intersect Server.exe
There are no context policies.
.

--------------------------------------------------------------------------------
