2023-01-31 05:49:02.160 [Debug] Loaded new formula from BaseExp * Power(Gain, Level).

--------------------------------------------------------------------------------
2023-01-31 05:49:02.160 [Debug] Loaded new formula from BaseExp * Power(Gain, Level).

--------------------------------------------------------------------------------
2023-01-31 05:49:03.812 [Warn] Directory was specified as a plugin directory but does not exist: 'resources\plugins'

--------------------------------------------------------------------------------
2023-01-31 05:49:03.812 [Info] Discovered 0 plugins:


--------------------------------------------------------------------------------
Listening on 0.0.0.0:5400.

--------------------------------------------------------------------------------
UPnP Service Initialization Succeeded

--------------------------------------------------------------------------------
Successfully auto port forwarded udp port 5400 using UPnP.

--------------------------------------------------------------------------------
Successfully auto port forwarded tcp port 5400 using UPnP.

--------------------------------------------------------------------------------
2023-01-31 05:50:21.132 [Info] Acquiring context lock... (0ms)

--------------------------------------------------------------------------------
2023-01-31 05:50:21.132 [Info] Acquired. (0ms)

--------------------------------------------------------------------------------
2023-01-31 05:50:21.133 [Info] Beginning context dispose. (0ms)

--------------------------------------------------------------------------------
2023-01-31 05:50:21.135 [Info] Disposing network... (0ms)

--------------------------------------------------------------------------------
2023-01-31 05:50:21.136 [Info] Saving updated server variable values

--------------------------------------------------------------------------------
2023-01-31 05:50:21.136 [Info] Saving online users/players... (1ms)

--------------------------------------------------------------------------------
2023-01-31 05:50:21.156 [Info] Saving loaded guilds....

--------------------------------------------------------------------------------
2023-01-31 05:50:21.156 [Info] Online users/players saved. (21ms)

--------------------------------------------------------------------------------
2023-01-31 05:50:21.156 [Info] Shutting down the API... (21ms)

--------------------------------------------------------------------------------
2023-01-31 05:50:21.160 [Info] Shutting down the console thread... (25ms)

--------------------------------------------------------------------------------
2023-01-31 05:50:22.172 [Info] Base dispose. (1038ms)

--------------------------------------------------------------------------------
2023-01-31 05:50:22.172 [Info] Finished disposing server context. (1038ms)

--------------------------------------------------------------------------------
