2023-01-30 18:09:03.770 [Debug] Loaded new formula from BaseExp * Power(Gain, Level).

--------------------------------------------------------------------------------
2023-01-30 18:09:03.775 [Debug] Loaded new formula from BaseExp * Power(Gain, Level).

--------------------------------------------------------------------------------
2023-01-30 18:09:05.636 [Warn] Directory was specified as a plugin directory but does not exist: 'resources\plugins'

--------------------------------------------------------------------------------
2023-01-30 18:09:05.642 [Info] Discovered 0 plugins:


--------------------------------------------------------------------------------
Listening on 0.0.0.0:5400.

--------------------------------------------------------------------------------
UPnP Service Initialization Succeeded

--------------------------------------------------------------------------------
Successfully auto port forwarded udp port 5400 using UPnP.

--------------------------------------------------------------------------------
Successfully auto port forwarded tcp port 5400 using UPnP.

--------------------------------------------------------------------------------
2023-01-30 18:09:08.626 [Debug] hail Time=145911 Offset=63810698793489 Real=63810698939401

--------------------------------------------------------------------------------
2023-01-30 18:09:08.626 [Debug] local Time=3059 Offset=63810698945560 Real=63810698948620

--------------------------------------------------------------------------------
2023-01-30 18:09:08.626 [Debug] real delta=9219

--------------------------------------------------------------------------------
2023-01-30 18:09:08.626 [Debug] NCPing=-1000

--------------------------------------------------------------------------------
2023-01-30 18:09:08.661 [Info] Connection approved [964ec3cc-a528-4e40-aeed-f6533d70efbe].

--------------------------------------------------------------------------------
2023-01-30 18:09:08.671 [Debug] Connection established to remote [964ec3cc-a528-4e40-aeed-f6533d70efbe/26.82.96.248:56574].

--------------------------------------------------------------------------------
2023-01-30 18:09:08.671 [Info] Connected [964ec3cc-a528-4e40-aeed-f6533d70efbe].

--------------------------------------------------------------------------------
2023-01-30 18:11:14.683 [Info] Acquiring context lock... (0ms)

--------------------------------------------------------------------------------
2023-01-30 18:11:14.683 [Info] Acquired. (0ms)

--------------------------------------------------------------------------------
2023-01-30 18:11:14.683 [Info] Beginning context dispose. (0ms)

--------------------------------------------------------------------------------
2023-01-30 18:11:14.685 [Info] Disposing network... (0ms)

--------------------------------------------------------------------------------
2023-01-30 18:11:14.688 [Debug] StatusChanged: [NetIncomingMessage #0 10 bytes] [Disconnecting]

--------------------------------------------------------------------------------
2023-01-30 18:11:14.690 [Info] Saving updated server variable values

--------------------------------------------------------------------------------
2023-01-30 18:11:14.690 [Info] Saving online users/players... (4ms)

--------------------------------------------------------------------------------
2023-01-30 18:11:14.695 [Debug] StatusChanged: [NetIncomingMessage #0 14 bytes] [Disconnected]

--------------------------------------------------------------------------------
2023-01-30 18:11:14.730 [Info] Saving loaded guilds....

--------------------------------------------------------------------------------
2023-01-30 18:11:14.730 [Info] Online users/players saved. (44ms)

--------------------------------------------------------------------------------
2023-01-30 18:11:14.732 [Info] Shutting down the API... (46ms)

--------------------------------------------------------------------------------
2023-01-30 18:11:14.738 [Info] Shutting down the console thread... (51ms)

--------------------------------------------------------------------------------
2023-01-30 18:11:15.748 [Info] Base dispose. (1062ms)

--------------------------------------------------------------------------------
2023-01-30 18:11:15.748 [Info] Finished disposing server context. (1062ms)

--------------------------------------------------------------------------------
