2023-01-29 16:24:30.081 [Warn] Directory was specified as a plugin directory but does not exist: 'resources\plugins'

--------------------------------------------------------------------------------
2023-01-29 16:24:30.081 [Info] Discovered 0 plugins:


--------------------------------------------------------------------------------
Listening on 0.0.0.0:5400.

--------------------------------------------------------------------------------
2023-01-29 16:24:31.317 [Info] Connection approved [3789a575-239b-47e4-80d8-d565e10234e5].

--------------------------------------------------------------------------------
2023-01-29 16:24:31.349 [Info] Connected [3789a575-239b-47e4-80d8-d565e10234e5].

--------------------------------------------------------------------------------
UPnP Service Initialization Failed. You might not have a router, or UPnP on your router might be disabled.
NatDeviceNotFoundException: Exception of type 'Open.Nat.NatDeviceNotFoundException' was thrown.
    Stack:    at Open.Nat.NatDiscoverer.<DiscoverDeviceAsync>d__5.MoveNext()
--- End of stack trace from previous location where exception was thrown ---
   at System.Runtime.ExceptionServices.ExceptionDispatchInfo.Throw()
   at System.Runtime.CompilerServices.TaskAwaiter.HandleNonSuccessAndDebuggerNotification(Task task)
   at Intersect.Server.Networking.Helpers.UpnP.<ConnectNatDevice>d__4.MoveNext()


--------------------------------------------------------------------------------
2023-01-29 16:56:56.971 [Info] Connection approved [06d7bde1-2d43-4a66-9a92-2155ccd618f2].

--------------------------------------------------------------------------------
2023-01-29 16:56:56.986 [Info] Connected [06d7bde1-2d43-4a66-9a92-2155ccd618f2].

--------------------------------------------------------------------------------
2023-01-29 16:57:16.218 [Info] Disconnected [06d7bde1-2d43-4a66-9a92-2155ccd618f2].

--------------------------------------------------------------------------------
2023-01-29 17:12:34.509 [Info] Connection approved [7886b13c-385a-40e8-b71e-64f4b543211b].

--------------------------------------------------------------------------------
2023-01-29 17:12:34.531 [Info] Connected [7886b13c-385a-40e8-b71e-64f4b543211b].

--------------------------------------------------------------------------------
2023-01-29 17:14:34.454 [Info] Disconnected [3789a575-239b-47e4-80d8-d565e10234e5].

--------------------------------------------------------------------------------
2023-01-29 17:15:06.126 [Info] Connection approved [4480f2f7-9b2c-47ef-8822-211d53a2e29c].

--------------------------------------------------------------------------------
2023-01-29 17:15:06.148 [Info] Connected [4480f2f7-9b2c-47ef-8822-211d53a2e29c].

--------------------------------------------------------------------------------
2023-01-29 17:19:26.174 [Info] Disconnected [4480f2f7-9b2c-47ef-8822-211d53a2e29c].

--------------------------------------------------------------------------------
2023-01-29 17:19:27.739 [Info] Disconnected [7886b13c-385a-40e8-b71e-64f4b543211b].

--------------------------------------------------------------------------------
2023-01-29 17:20:14.379 [Info] Acquiring context lock... (0ms)

--------------------------------------------------------------------------------
2023-01-29 17:20:14.379 [Info] Acquired. (0ms)

--------------------------------------------------------------------------------
2023-01-29 17:20:14.379 [Info] Beginning context dispose. (0ms)

--------------------------------------------------------------------------------
2023-01-29 17:20:14.395 [Info] Disposing network... (0ms)

--------------------------------------------------------------------------------
2023-01-29 17:20:14.395 [Info] Saving updated server variable values

--------------------------------------------------------------------------------
2023-01-29 17:20:14.395 [Info] Saving online users/players... (3ms)

--------------------------------------------------------------------------------
2023-01-29 17:20:14.395 [Info] Saving loaded guilds....

--------------------------------------------------------------------------------
2023-01-29 17:20:14.395 [Info] Online users/players saved. (4ms)

--------------------------------------------------------------------------------
2023-01-29 17:20:14.395 [Info] Shutting down the API... (4ms)

--------------------------------------------------------------------------------
2023-01-29 17:20:14.395 [Info] Shutting down the console thread... (4ms)

--------------------------------------------------------------------------------
2023-01-29 17:20:15.400 [Info] Base dispose. (1009ms)

--------------------------------------------------------------------------------
2023-01-29 17:20:15.400 [Info] Finished disposing server context. (1009ms)

--------------------------------------------------------------------------------
