2023-01-30 12:31:13.039 [Warn] Directory was specified as a plugin directory but does not exist: 'resources\plugins'

--------------------------------------------------------------------------------
2023-01-30 12:31:13.045 [Info] Discovered 0 plugins:


--------------------------------------------------------------------------------
Listening on 0.0.0.0:5400.

--------------------------------------------------------------------------------
UPnP Service Initialization Failed. You might not have a router, or UPnP on your router might be disabled.
NatDeviceNotFoundException: Exception of type 'Open.Nat.NatDeviceNotFoundException' was thrown.
    Stack:    at Open.Nat.NatDiscoverer.<DiscoverDeviceAsync>d__5.MoveNext()
--- End of stack trace from previous location where exception was thrown ---
   at System.Runtime.ExceptionServices.ExceptionDispatchInfo.Throw()
   at System.Runtime.CompilerServices.TaskAwaiter.HandleNonSuccessAndDebuggerNotification(Task task)
   at Intersect.Server.Networking.Helpers.UpnP.<ConnectNatDevice>d__4.MoveNext()


--------------------------------------------------------------------------------
2023-01-30 12:31:31.723 [Info] Connection approved [fa484329-bbe3-4b03-84b2-f16e5934a4cb].

--------------------------------------------------------------------------------
2023-01-30 12:31:31.777 [Info] Connected [fa484329-bbe3-4b03-84b2-f16e5934a4cb].

--------------------------------------------------------------------------------
2023-01-30 12:32:22.003 [Info] Connection approved [6551ec7a-c651-42ba-b2e8-ed6b9cd3e0c1].

--------------------------------------------------------------------------------
2023-01-30 12:32:22.034 [Info] Connected [6551ec7a-c651-42ba-b2e8-ed6b9cd3e0c1].

--------------------------------------------------------------------------------
2023-01-30 12:39:46.790 [Info] Disconnected [fa484329-bbe3-4b03-84b2-f16e5934a4cb].

--------------------------------------------------------------------------------
2023-01-30 12:39:49.050 [Info] Disconnected [6551ec7a-c651-42ba-b2e8-ed6b9cd3e0c1].

--------------------------------------------------------------------------------
2023-01-30 12:39:50.714 [Info] Acquiring context lock... (0ms)

--------------------------------------------------------------------------------
2023-01-30 12:39:50.714 [Info] Acquired. (0ms)

--------------------------------------------------------------------------------
2023-01-30 12:39:50.716 [Info] Beginning context dispose. (0ms)

--------------------------------------------------------------------------------
2023-01-30 12:39:50.722 [Info] Disposing network... (0ms)

--------------------------------------------------------------------------------
2023-01-30 12:39:50.724 [Info] Saving updated server variable values

--------------------------------------------------------------------------------
2023-01-30 12:39:50.725 [Info] Saving online users/players... (3ms)

--------------------------------------------------------------------------------
2023-01-30 12:39:50.725 [Info] Saving loaded guilds....

--------------------------------------------------------------------------------
2023-01-30 12:39:50.725 [Info] Online users/players saved. (3ms)

--------------------------------------------------------------------------------
2023-01-30 12:39:50.725 [Info] Shutting down the API... (3ms)

--------------------------------------------------------------------------------
2023-01-30 12:39:50.725 [Info] Shutting down the console thread... (3ms)

--------------------------------------------------------------------------------
2023-01-30 12:39:51.739 [Info] Base dispose. (1016ms)

--------------------------------------------------------------------------------
2023-01-30 12:39:51.739 [Info] Finished disposing server context. (1016ms)

--------------------------------------------------------------------------------
