2023-01-02 12:52:16.223 [Debug] Loaded new formula from BaseExp * Power(Gain, Level).

--------------------------------------------------------------------------------
2023-01-02 12:52:16.229 [Debug] Loaded new formula from BaseExp * Power(Gain, Level).

--------------------------------------------------------------------------------
2023-01-02 12:52:19.012 [Warn] Directory was specified as a plugin directory but does not exist: 'resources\plugins'

--------------------------------------------------------------------------------
2023-01-02 12:52:19.013 [Info] Discovered 0 plugins:


--------------------------------------------------------------------------------
Listening on 0.0.0.0:5400.

--------------------------------------------------------------------------------
UPnP Service Initialization Succeeded

--------------------------------------------------------------------------------
Successfully auto port forwarded udp port 5400 using UPnP.

--------------------------------------------------------------------------------
Successfully auto port forwarded tcp port 5400 using UPnP.

--------------------------------------------------------------------------------
2023-01-02 12:52:32.581 [Info] Acquiring context lock... (0ms)

--------------------------------------------------------------------------------
2023-01-02 12:52:32.581 [Info] Acquired. (0ms)

--------------------------------------------------------------------------------
2023-01-02 12:52:32.583 [Info] Beginning context dispose. (0ms)

--------------------------------------------------------------------------------
2023-01-02 12:52:32.586 [Info] Disposing network... (0ms)

--------------------------------------------------------------------------------
2023-01-02 12:52:32.588 [Info] Saving updated server variable values

--------------------------------------------------------------------------------
2023-01-02 12:52:32.589 [Info] Saving online users/players... (3ms)

--------------------------------------------------------------------------------
2023-01-02 12:52:32.619 [Info] Saving loaded guilds....

--------------------------------------------------------------------------------
2023-01-02 12:52:32.620 [Info] Online users/players saved. (34ms)

--------------------------------------------------------------------------------
2023-01-02 12:52:32.620 [Info] Shutting down the API... (34ms)

--------------------------------------------------------------------------------
2023-01-02 12:52:32.624 [Info] Shutting down the console thread... (39ms)

--------------------------------------------------------------------------------
2023-01-02 12:52:33.639 [Info] Base dispose. (1053ms)

--------------------------------------------------------------------------------
2023-01-02 12:52:33.639 [Info] Finished disposing server context. (1053ms)

--------------------------------------------------------------------------------
