2023-01-30 18:37:57.050 [Debug] Loaded new formula from BaseExp * Power(Gain, Level).

--------------------------------------------------------------------------------
2023-01-30 18:37:57.054 [Debug] Loaded new formula from BaseExp * Power(Gain, Level).

--------------------------------------------------------------------------------
2023-01-30 18:37:59.076 [Warn] Directory was specified as a plugin directory but does not exist: 'resources\plugins'

--------------------------------------------------------------------------------
2023-01-30 18:37:59.083 [Info] Discovered 0 plugins:


--------------------------------------------------------------------------------
Listening on 0.0.0.0:5400.

--------------------------------------------------------------------------------
UPnP Service Initialization Succeeded

--------------------------------------------------------------------------------
Successfully auto port forwarded udp port 5400 using UPnP.

--------------------------------------------------------------------------------
Successfully auto port forwarded tcp port 5400 using UPnP.

--------------------------------------------------------------------------------
2023-01-30 18:38:01.141 [Debug] hail Time=77966 Offset=63810700602936 Real=63810700680903

--------------------------------------------------------------------------------
2023-01-30 18:38:01.141 [Debug] local Time=2142 Offset=63810700678999 Real=63810700681141

--------------------------------------------------------------------------------
2023-01-30 18:38:01.141 [Debug] real delta=237

--------------------------------------------------------------------------------
2023-01-30 18:38:01.141 [Debug] NCPing=-1000

--------------------------------------------------------------------------------
2023-01-30 18:38:01.176 [Info] Connection approved [9ebd88bc-0486-4e6a-bbad-39eee53d7e70].

--------------------------------------------------------------------------------
2023-01-30 18:38:01.188 [Debug] Connection established to remote [9ebd88bc-0486-4e6a-bbad-39eee53d7e70/26.82.96.248:63506].

--------------------------------------------------------------------------------
2023-01-30 18:38:01.188 [Info] Connected [9ebd88bc-0486-4e6a-bbad-39eee53d7e70].

--------------------------------------------------------------------------------
2023-01-30 18:45:13.283 [Info] Acquiring context lock... (0ms)

--------------------------------------------------------------------------------
2023-01-30 18:45:13.283 [Info] Acquired. (0ms)

--------------------------------------------------------------------------------
2023-01-30 18:45:13.286 [Info] Beginning context dispose. (0ms)

--------------------------------------------------------------------------------
2023-01-30 18:45:13.290 [Info] Disposing network... (0ms)

--------------------------------------------------------------------------------
2023-01-30 18:45:13.293 [Debug] StatusChanged: [NetIncomingMessage #0 10 bytes] [Disconnecting]

--------------------------------------------------------------------------------
2023-01-30 18:45:13.294 [Info] Saving updated server variable values

--------------------------------------------------------------------------------
2023-01-30 18:45:13.294 [Info] Saving online users/players... (4ms)

--------------------------------------------------------------------------------
2023-01-30 18:45:13.301 [Debug] StatusChanged: [NetIncomingMessage #0 14 bytes] [Disconnected]

--------------------------------------------------------------------------------
2023-01-30 18:45:13.334 [Info] Saving loaded guilds....

--------------------------------------------------------------------------------
2023-01-30 18:45:13.334 [Info] Online users/players saved. (44ms)

--------------------------------------------------------------------------------
2023-01-30 18:45:13.335 [Info] Shutting down the API... (45ms)

--------------------------------------------------------------------------------
2023-01-30 18:45:13.346 [Info] Shutting down the console thread... (56ms)

--------------------------------------------------------------------------------
2023-01-30 18:45:14.358 [Info] Base dispose. (1068ms)

--------------------------------------------------------------------------------
2023-01-30 18:45:14.358 [Info] Finished disposing server context. (1068ms)

--------------------------------------------------------------------------------
