2023-01-30 17:48:43.428 [Debug] Loaded new formula from BaseExp * Power(Gain, Level).

--------------------------------------------------------------------------------
2023-01-30 17:48:43.433 [Debug] Loaded new formula from BaseExp * Power(Gain, Level).

--------------------------------------------------------------------------------
2023-01-30 17:48:45.204 [Warn] Directory was specified as a plugin directory but does not exist: 'resources\plugins'

--------------------------------------------------------------------------------
2023-01-30 17:48:45.210 [Info] Discovered 0 plugins:


--------------------------------------------------------------------------------
Listening on 0.0.0.0:5400.

--------------------------------------------------------------------------------
UPnP Service Initialization Succeeded

--------------------------------------------------------------------------------
Successfully auto port forwarded udp port 5400 using UPnP.

--------------------------------------------------------------------------------
Successfully auto port forwarded tcp port 5400 using UPnP.

--------------------------------------------------------------------------------
2023-01-30 17:48:51.055 [Debug] hail Time=0 Offset=63810697730651 Real=63810697730651

--------------------------------------------------------------------------------
2023-01-30 17:48:51.055 [Debug] local Time=5904 Offset=63810697725136 Real=63810697731040

--------------------------------------------------------------------------------
2023-01-30 17:48:51.055 [Debug] real delta=389

--------------------------------------------------------------------------------
2023-01-30 17:48:51.055 [Debug] NCPing=-1000

--------------------------------------------------------------------------------
2023-01-30 17:48:51.103 [Info] Connection approved [e1488e9d-2331-46b6-8178-d8ee4960403e].

--------------------------------------------------------------------------------
2023-01-30 17:48:51.128 [Debug] Connection established to remote [e1488e9d-2331-46b6-8178-d8ee4960403e/26.82.96.248:61792].

--------------------------------------------------------------------------------
2023-01-30 17:48:51.129 [Info] Connected [e1488e9d-2331-46b6-8178-d8ee4960403e].

--------------------------------------------------------------------------------
2023-01-30 17:48:53.425 [Debug] Creating new instance with ID 00000000-0000-0000-0000-000000000000 for map New Map

--------------------------------------------------------------------------------
2023-01-30 17:48:53.439 [Debug] Creating new instance with ID 00000000-0000-0000-0000-000000000000 for map New Map

--------------------------------------------------------------------------------
2023-01-30 17:48:53.439 [Debug] Creating new instance with ID 00000000-0000-0000-0000-000000000000 for map New Map

--------------------------------------------------------------------------------
2023-01-30 17:48:53.439 [Debug] Creating new instance with ID 00000000-0000-0000-0000-000000000000 for map New Map

--------------------------------------------------------------------------------
2023-01-30 17:49:04.424 [Debug] StatusChanged: [NetIncomingMessage #0 14 bytes] [Disconnected]

--------------------------------------------------------------------------------
2023-01-30 17:49:04.424 [Debug] Connection terminated to remote [e1488e9d-2331-46b6-8178-d8ee4960403e/26.82.96.248:61792].

--------------------------------------------------------------------------------
2023-01-30 17:49:04.424 [Info] Disconnected [e1488e9d-2331-46b6-8178-d8ee4960403e].

--------------------------------------------------------------------------------
2023-01-30 17:49:04.425 [Debug] Client disconnected (PCC->PCC)

--------------------------------------------------------------------------------
2023-01-30 17:49:18.939 [Info] Acquiring context lock... (0ms)

--------------------------------------------------------------------------------
2023-01-30 17:49:18.939 [Info] Acquired. (0ms)

--------------------------------------------------------------------------------
2023-01-30 17:49:18.940 [Info] Beginning context dispose. (0ms)

--------------------------------------------------------------------------------
2023-01-30 17:49:18.943 [Info] Disposing network... (0ms)

--------------------------------------------------------------------------------
2023-01-30 17:49:18.946 [Info] Saving updated server variable values

--------------------------------------------------------------------------------
2023-01-30 17:49:18.947 [Info] Saving online users/players... (3ms)

--------------------------------------------------------------------------------
2023-01-30 17:49:18.947 [Info] Saving loaded guilds....

--------------------------------------------------------------------------------
2023-01-30 17:49:18.947 [Info] Online users/players saved. (3ms)

--------------------------------------------------------------------------------
2023-01-30 17:49:18.947 [Info] Shutting down the API... (3ms)

--------------------------------------------------------------------------------
2023-01-30 17:49:18.951 [Info] Shutting down the console thread... (7ms)

--------------------------------------------------------------------------------
2023-01-30 17:49:19.964 [Info] Base dispose. (1021ms)

--------------------------------------------------------------------------------
2023-01-30 17:49:19.964 [Info] Finished disposing server context. (1021ms)

--------------------------------------------------------------------------------
