2023-01-30 14:29:42.272 [Debug] Loaded new formula from BaseExp * Power(Gain, Level).

--------------------------------------------------------------------------------
2023-01-30 14:29:42.276 [Debug] Loaded new formula from BaseExp * Power(Gain, Level).

--------------------------------------------------------------------------------
2023-01-30 14:29:44.075 [Warn] Directory was specified as a plugin directory but does not exist: 'resources\plugins'

--------------------------------------------------------------------------------
2023-01-30 14:29:44.082 [Info] Discovered 0 plugins:


--------------------------------------------------------------------------------
Listening on 0.0.0.0:5400.

--------------------------------------------------------------------------------
UPnP Service Initialization Succeeded

--------------------------------------------------------------------------------
Successfully auto port forwarded udp port 5400 using UPnP.

--------------------------------------------------------------------------------
Successfully auto port forwarded tcp port 5400 using UPnP.

--------------------------------------------------------------------------------
2023-01-30 14:29:45.163 [Debug] hail Time=329820 Offset=63810685455117 Real=63810685784937

--------------------------------------------------------------------------------
2023-01-30 14:29:45.163 [Debug] local Time=1155 Offset=63810685784008 Real=63810685785163

--------------------------------------------------------------------------------
2023-01-30 14:29:45.163 [Debug] real delta=225

--------------------------------------------------------------------------------
2023-01-30 14:29:45.163 [Debug] NCPing=-1000

--------------------------------------------------------------------------------
2023-01-30 14:29:45.198 [Info] Connection approved [9bf2cd68-5779-4bf8-9582-63423ec5b8e6].

--------------------------------------------------------------------------------
2023-01-30 14:29:45.209 [Debug] Connection established to remote [9bf2cd68-5779-4bf8-9582-63423ec5b8e6/26.82.96.248:65222].

--------------------------------------------------------------------------------
2023-01-30 14:29:45.209 [Info] Connected [9bf2cd68-5779-4bf8-9582-63423ec5b8e6].

--------------------------------------------------------------------------------
2023-01-30 14:29:51.563 [Debug] hail Time=0 Offset=63810685791356 Real=63810685791356

--------------------------------------------------------------------------------
2023-01-30 14:29:51.563 [Debug] local Time=7555 Offset=63810685784008 Real=63810685791563

--------------------------------------------------------------------------------
2023-01-30 14:29:51.563 [Debug] real delta=207

--------------------------------------------------------------------------------
2023-01-30 14:29:51.563 [Debug] NCPing=-1000

--------------------------------------------------------------------------------
2023-01-30 14:29:51.563 [Info] Connection approved [b93652f2-7e94-4ab5-b75b-0e7e8cd2777d].

--------------------------------------------------------------------------------
2023-01-30 14:29:51.569 [Debug] Connection established to remote [b93652f2-7e94-4ab5-b75b-0e7e8cd2777d/26.82.96.248:61956].

--------------------------------------------------------------------------------
2023-01-30 14:29:51.569 [Info] Connected [b93652f2-7e94-4ab5-b75b-0e7e8cd2777d].

--------------------------------------------------------------------------------
2023-01-30 14:29:54.153 [Debug] Creating new instance with ID 00000000-0000-0000-0000-000000000000 for map New Map

--------------------------------------------------------------------------------
2023-01-30 14:29:54.164 [Debug] Creating new instance with ID 00000000-0000-0000-0000-000000000000 for map New Map

--------------------------------------------------------------------------------
2023-01-30 14:29:54.164 [Debug] Creating new instance with ID 00000000-0000-0000-0000-000000000000 for map New Map

--------------------------------------------------------------------------------
2023-01-30 14:29:54.164 [Debug] Creating new instance with ID 00000000-0000-0000-0000-000000000000 for map New Map

--------------------------------------------------------------------------------
2023-01-30 14:30:32.654 [Debug] StatusChanged: [NetIncomingMessage #0 14 bytes] [Disconnected]

--------------------------------------------------------------------------------
2023-01-30 14:30:32.654 [Debug] Connection terminated to remote [b93652f2-7e94-4ab5-b75b-0e7e8cd2777d/26.82.96.248:61956].

--------------------------------------------------------------------------------
2023-01-30 14:30:32.655 [Info] Disconnected [b93652f2-7e94-4ab5-b75b-0e7e8cd2777d].

--------------------------------------------------------------------------------
2023-01-30 14:30:32.655 [Debug] Client disconnected (PCC->PCC)

--------------------------------------------------------------------------------
2023-01-30 14:30:34.630 [Debug] StatusChanged: [NetIncomingMessage #0 14 bytes] [Disconnected]

--------------------------------------------------------------------------------
2023-01-30 14:30:34.630 [Debug] Connection terminated to remote [9bf2cd68-5779-4bf8-9582-63423ec5b8e6/26.82.96.248:65222].

--------------------------------------------------------------------------------
2023-01-30 14:30:34.630 [Info] Disconnected [9bf2cd68-5779-4bf8-9582-63423ec5b8e6].

--------------------------------------------------------------------------------
2023-01-30 14:30:34.630 [Debug] Client disconnected ([menu])

--------------------------------------------------------------------------------
2023-01-30 14:34:44.098 [Debug] hail Time=0 Offset=63810686083880 Real=63810686083880

--------------------------------------------------------------------------------
2023-01-30 14:34:44.099 [Debug] local Time=300082 Offset=63810685784008 Real=63810686084091

--------------------------------------------------------------------------------
2023-01-30 14:34:44.099 [Debug] real delta=211

--------------------------------------------------------------------------------
2023-01-30 14:34:44.099 [Debug] NCPing=-1000

--------------------------------------------------------------------------------
2023-01-30 14:34:44.099 [Info] Connection approved [0ebe16cd-08d4-4730-b0a5-7d300351f448].

--------------------------------------------------------------------------------
2023-01-30 14:34:44.111 [Debug] Connection established to remote [0ebe16cd-08d4-4730-b0a5-7d300351f448/26.82.96.248:54447].

--------------------------------------------------------------------------------
2023-01-30 14:34:44.111 [Info] Connected [0ebe16cd-08d4-4730-b0a5-7d300351f448].

--------------------------------------------------------------------------------
2023-01-30 14:41:30.764 [Info] Acquiring context lock... (0ms)

--------------------------------------------------------------------------------
2023-01-30 14:41:30.765 [Info] Acquired. (0ms)

--------------------------------------------------------------------------------
2023-01-30 14:41:30.766 [Info] Beginning context dispose. (0ms)

--------------------------------------------------------------------------------
2023-01-30 14:41:30.768 [Info] Disposing network... (0ms)

--------------------------------------------------------------------------------
2023-01-30 14:41:30.769 [Debug] StatusChanged: [NetIncomingMessage #45 10 bytes] [Disconnecting]

--------------------------------------------------------------------------------
2023-01-30 14:41:30.770 [Info] Saving updated server variable values

--------------------------------------------------------------------------------
2023-01-30 14:41:30.770 [Info] Saving online users/players... (2ms)

--------------------------------------------------------------------------------
2023-01-30 14:41:30.770 [Info] Saving loaded guilds....

--------------------------------------------------------------------------------
2023-01-30 14:41:30.770 [Info] Online users/players saved. (2ms)

--------------------------------------------------------------------------------
2023-01-30 14:41:30.770 [Info] Shutting down the API... (2ms)

--------------------------------------------------------------------------------
2023-01-30 14:41:30.773 [Info] Shutting down the console thread... (5ms)

--------------------------------------------------------------------------------
2023-01-30 14:41:30.779 [Debug] StatusChanged: [NetIncomingMessage #46 14 bytes] [Disconnected]

--------------------------------------------------------------------------------
2023-01-30 14:41:31.788 [Info] Base dispose. (1020ms)

--------------------------------------------------------------------------------
2023-01-30 14:41:31.788 [Info] Finished disposing server context. (1020ms)

--------------------------------------------------------------------------------
