2023-01-29 09:06:36.753 [Warn] Directory was specified as a plugin directory but does not exist: 'resources\plugins'

--------------------------------------------------------------------------------
2023-01-29 09:06:36.760 [Info] Discovered 0 plugins:


--------------------------------------------------------------------------------
Listening on 0.0.0.0:5400.

--------------------------------------------------------------------------------
UPnP Service Initialization Failed. You might not have a router, or UPnP on your router might be disabled.
NatDeviceNotFoundException: Exception of type 'Open.Nat.NatDeviceNotFoundException' was thrown.
    Stack:    at Open.Nat.NatDiscoverer.<DiscoverDeviceAsync>d__5.MoveNext()
--- End of stack trace from previous location where exception was thrown ---
   at System.Runtime.ExceptionServices.ExceptionDispatchInfo.Throw()
   at System.Runtime.CompilerServices.TaskAwaiter.HandleNonSuccessAndDebuggerNotification(Task task)
   at Intersect.Server.Networking.Helpers.UpnP.<ConnectNatDevice>d__4.MoveNext()


--------------------------------------------------------------------------------
2023-01-29 09:06:56.202 [Info] Connection approved [048f066e-c191-4837-b077-3c7c73ef3076].

--------------------------------------------------------------------------------
2023-01-29 09:06:56.238 [Info] Connected [048f066e-c191-4837-b077-3c7c73ef3076].

--------------------------------------------------------------------------------
2023-01-29 09:07:14.006 [Info] Disconnected [048f066e-c191-4837-b077-3c7c73ef3076].

--------------------------------------------------------------------------------
2023-01-29 09:10:20.285 [Info] Connection approved [55abb6f0-1d78-4970-ab40-5e5282bff6fa].

--------------------------------------------------------------------------------
2023-01-29 09:10:20.305 [Info] Connected [55abb6f0-1d78-4970-ab40-5e5282bff6fa].

--------------------------------------------------------------------------------
2023-01-29 09:15:09.305 [Info] Connection approved [2d0b316a-b39d-4556-9966-b2090ef603b6].

--------------------------------------------------------------------------------
2023-01-29 09:15:09.334 [Info] Connected [2d0b316a-b39d-4556-9966-b2090ef603b6].

--------------------------------------------------------------------------------
2023-01-29 09:15:35.375 [Info] Disconnected [2d0b316a-b39d-4556-9966-b2090ef603b6].

--------------------------------------------------------------------------------
2023-01-29 09:24:52.226 [Info] Disconnected [55abb6f0-1d78-4970-ab40-5e5282bff6fa].

--------------------------------------------------------------------------------
2023-01-29 09:25:14.384 [Info] Connection approved [117f1612-3d15-4dbf-a99b-0e6177874c9f].

--------------------------------------------------------------------------------
2023-01-29 09:25:14.394 [Info] Connected [117f1612-3d15-4dbf-a99b-0e6177874c9f].

--------------------------------------------------------------------------------
2023-01-29 09:26:11.453 [Info] Connection approved [4f033bf8-e27f-4931-859a-53087b477a01].

--------------------------------------------------------------------------------
2023-01-29 09:26:11.477 [Info] Connected [4f033bf8-e27f-4931-859a-53087b477a01].

--------------------------------------------------------------------------------
2023-01-29 09:26:55.651 [Info] Disconnected [4f033bf8-e27f-4931-859a-53087b477a01].

--------------------------------------------------------------------------------
2023-01-29 09:28:08.304 [Info] Disconnected [117f1612-3d15-4dbf-a99b-0e6177874c9f].

--------------------------------------------------------------------------------
2023-01-29 09:29:02.340 [Info] Connection approved [1bde3f07-c015-44fb-95da-b64b3d613c12].

--------------------------------------------------------------------------------
2023-01-29 09:29:02.352 [Info] Connected [1bde3f07-c015-44fb-95da-b64b3d613c12].

--------------------------------------------------------------------------------
2023-01-29 09:30:05.934 [Info] Connection approved [2f103a5f-28ed-4645-8534-bd5c739710e3].

--------------------------------------------------------------------------------
2023-01-29 09:30:05.951 [Info] Connected [2f103a5f-28ed-4645-8534-bd5c739710e3].

--------------------------------------------------------------------------------
2023-01-29 09:37:36.275 [Info] Disconnected [2f103a5f-28ed-4645-8534-bd5c739710e3].

--------------------------------------------------------------------------------
2023-01-29 09:37:37.512 [Info] Disconnected [1bde3f07-c015-44fb-95da-b64b3d613c12].

--------------------------------------------------------------------------------
2023-01-29 09:38:00.999 [Info] Connection approved [c3a28542-106b-4504-a843-e1d6f030627e].

--------------------------------------------------------------------------------
2023-01-29 09:38:01.023 [Info] Connected [c3a28542-106b-4504-a843-e1d6f030627e].

--------------------------------------------------------------------------------
2023-01-29 09:38:20.296 [Info] Disconnected [c3a28542-106b-4504-a843-e1d6f030627e].

--------------------------------------------------------------------------------
2023-01-29 09:41:27.346 [Info] Connection approved [97039fe6-ebba-44b0-bd72-b65f5630c829].

--------------------------------------------------------------------------------
2023-01-29 09:41:27.362 [Info] Connected [97039fe6-ebba-44b0-bd72-b65f5630c829].

--------------------------------------------------------------------------------
2023-01-29 09:51:54.926 [Info] Connection approved [8ef4d92b-13d0-400e-9e76-e18637139346].

--------------------------------------------------------------------------------
2023-01-29 09:51:54.943 [Info] Connected [8ef4d92b-13d0-400e-9e76-e18637139346].

--------------------------------------------------------------------------------
2023-01-29 09:52:16.581 [Info] Disconnected [8ef4d92b-13d0-400e-9e76-e18637139346].

--------------------------------------------------------------------------------
2023-01-29 09:56:15.049 [Info] Connection approved [be1b1e22-9300-443c-aba4-c25f8dcaaaae].

--------------------------------------------------------------------------------
2023-01-29 09:56:15.080 [Info] Connected [be1b1e22-9300-443c-aba4-c25f8dcaaaae].

--------------------------------------------------------------------------------
2023-01-29 10:01:20.597 [Info] Disconnected [be1b1e22-9300-443c-aba4-c25f8dcaaaae].

--------------------------------------------------------------------------------
2023-01-29 10:01:23.552 [Info] Disconnected [97039fe6-ebba-44b0-bd72-b65f5630c829].

--------------------------------------------------------------------------------
2023-01-29 10:04:46.819 [Info] Connection approved [7e32f75a-8e40-4351-81b4-390c289980bc].

--------------------------------------------------------------------------------
2023-01-29 10:04:46.835 [Info] Connected [7e32f75a-8e40-4351-81b4-390c289980bc].

--------------------------------------------------------------------------------
2023-01-29 10:20:00.658 [Info] Connection approved [918ed2f6-58ac-4724-b2d8-54a505f6a876].

--------------------------------------------------------------------------------
2023-01-29 10:20:00.678 [Info] Connected [918ed2f6-58ac-4724-b2d8-54a505f6a876].

--------------------------------------------------------------------------------
2023-01-29 10:27:49.563 [Info] Acquiring context lock... (0ms)

--------------------------------------------------------------------------------
2023-01-29 10:27:49.564 [Info] Acquired. (0ms)

--------------------------------------------------------------------------------
2023-01-29 10:27:49.572 [Info] Beginning context dispose. (0ms)

--------------------------------------------------------------------------------
2023-01-29 10:27:49.586 [Info] Disposing network... (1ms)

--------------------------------------------------------------------------------
2023-01-29 10:27:49.591 [Info] Saving updated server variable values

--------------------------------------------------------------------------------
2023-01-29 10:27:49.591 [Info] Saving online users/players... (7ms)

--------------------------------------------------------------------------------
2023-01-29 10:27:49.657 [Info] Saving loaded guilds....

--------------------------------------------------------------------------------
2023-01-29 10:27:49.657 [Info] Online users/players saved. (73ms)

--------------------------------------------------------------------------------
2023-01-29 10:27:49.657 [Info] Shutting down the API... (73ms)

--------------------------------------------------------------------------------
2023-01-29 10:27:49.660 [Info] Shutting down the console thread... (76ms)

--------------------------------------------------------------------------------
2023-01-29 10:27:50.672 [Info] Base dispose. (1087ms)

--------------------------------------------------------------------------------
2023-01-29 10:27:50.672 [Info] Finished disposing server context. (1087ms)

--------------------------------------------------------------------------------
