2023-01-02 12:52:36.765 [Debug] Loaded new formula from BaseExp * Power(Gain, Level).

--------------------------------------------------------------------------------
2023-01-02 12:52:36.771 [Debug] Loaded new formula from BaseExp * Power(Gain, Level).

--------------------------------------------------------------------------------
2023-01-02 12:52:39.466 [Warn] Directory was specified as a plugin directory but does not exist: 'resources\plugins'

--------------------------------------------------------------------------------
2023-01-02 12:52:39.472 [Info] Discovered 0 plugins:


--------------------------------------------------------------------------------
Listening on 0.0.0.0:5400.

--------------------------------------------------------------------------------
UPnP Service Initialization Succeeded

--------------------------------------------------------------------------------
Successfully auto port forwarded udp port 5400 using UPnP.

--------------------------------------------------------------------------------
Successfully auto port forwarded tcp port 5400 using UPnP.

--------------------------------------------------------------------------------
2023-01-02 12:52:49.064 [Debug] hail Time=144 Offset=63808260768381 Real=63808260768526

--------------------------------------------------------------------------------
2023-01-02 12:52:49.064 [Debug] local Time=9650 Offset=63808260759413 Real=63808260769064

--------------------------------------------------------------------------------
2023-01-02 12:52:49.064 [Debug] real delta=538

--------------------------------------------------------------------------------
2023-01-02 12:52:49.064 [Debug] NCPing=-1000

--------------------------------------------------------------------------------
2023-01-02 12:52:49.099 [Info] Connection approved [7518e236-7a89-4ae2-8fc2-9750964bf685].

--------------------------------------------------------------------------------
2023-01-02 12:52:49.122 [Debug] Connection established to remote [7518e236-7a89-4ae2-8fc2-9750964bf685/26.82.96.248:50873].

--------------------------------------------------------------------------------
2023-01-02 12:52:49.122 [Info] Connected [7518e236-7a89-4ae2-8fc2-9750964bf685].

--------------------------------------------------------------------------------
2023-01-02 12:52:51.007 [Debug] StatusChanged: [NetIncomingMessage #0 14 bytes] [Disconnected]

--------------------------------------------------------------------------------
2023-01-02 12:52:51.008 [Debug] Connection terminated to remote [7518e236-7a89-4ae2-8fc2-9750964bf685/26.82.96.248:50873].

--------------------------------------------------------------------------------
2023-01-02 12:52:51.009 [Info] Disconnected [7518e236-7a89-4ae2-8fc2-9750964bf685].

--------------------------------------------------------------------------------
2023-01-02 12:52:51.010 [Debug] Client disconnected ([menu])

--------------------------------------------------------------------------------
2023-01-02 12:53:34.447 [Debug] hail Time=131 Offset=63808260814008 Real=63808260814140

--------------------------------------------------------------------------------
2023-01-02 12:53:34.447 [Debug] local Time=55033 Offset=63808260759413 Real=63808260814447

--------------------------------------------------------------------------------
2023-01-02 12:53:34.447 [Debug] real delta=307

--------------------------------------------------------------------------------
2023-01-02 12:53:34.447 [Debug] NCPing=-1000

--------------------------------------------------------------------------------
2023-01-02 12:53:34.448 [Info] Connection approved [3a1b2a16-c1dd-4aed-817c-d0b8091521d7].

--------------------------------------------------------------------------------
2023-01-02 12:53:34.463 [Debug] Connection established to remote [3a1b2a16-c1dd-4aed-817c-d0b8091521d7/26.82.96.248:50936].

--------------------------------------------------------------------------------
2023-01-02 12:53:34.463 [Info] Connected [3a1b2a16-c1dd-4aed-817c-d0b8091521d7].

--------------------------------------------------------------------------------
2023-01-02 12:53:38.514 [Debug] Creating new instance with ID 00000000-0000-0000-0000-000000000000 for map New Map

--------------------------------------------------------------------------------
2023-01-02 12:57:40.089 [Debug] StatusChanged: [NetIncomingMessage #0 14 bytes] [Disconnected]

--------------------------------------------------------------------------------
2023-01-02 12:57:40.089 [Debug] Connection terminated to remote [3a1b2a16-c1dd-4aed-817c-d0b8091521d7/26.82.96.248:50936].

--------------------------------------------------------------------------------
2023-01-02 12:57:40.089 [Info] Disconnected [3a1b2a16-c1dd-4aed-817c-d0b8091521d7].

--------------------------------------------------------------------------------
2023-01-02 12:57:40.089 [Debug] Client disconnected (PCC->Cac)

--------------------------------------------------------------------------------
2023-01-02 12:57:45.616 [Debug] hail Time=140 Offset=63808261065165 Real=63808261065306

--------------------------------------------------------------------------------
2023-01-02 12:57:45.616 [Debug] local Time=306195 Offset=63808260759413 Real=63808261065609

--------------------------------------------------------------------------------
2023-01-02 12:57:45.616 [Debug] real delta=303

--------------------------------------------------------------------------------
2023-01-02 12:57:45.616 [Debug] NCPing=-1000

--------------------------------------------------------------------------------
2023-01-02 12:57:45.616 [Info] Connection approved [89a6113c-6a3d-478f-8472-b999555fd029].

--------------------------------------------------------------------------------
2023-01-02 12:57:45.628 [Debug] Connection established to remote [89a6113c-6a3d-478f-8472-b999555fd029/26.82.96.248:59612].

--------------------------------------------------------------------------------
2023-01-02 12:57:45.628 [Info] Connected [89a6113c-6a3d-478f-8472-b999555fd029].

--------------------------------------------------------------------------------
2023-01-02 12:58:15.192 [Debug] StatusChanged: [NetIncomingMessage #0 14 bytes] [Disconnected]

--------------------------------------------------------------------------------
2023-01-02 12:58:15.192 [Debug] Connection terminated to remote [89a6113c-6a3d-478f-8472-b999555fd029/26.82.96.248:59612].

--------------------------------------------------------------------------------
2023-01-02 12:58:15.192 [Info] Disconnected [89a6113c-6a3d-478f-8472-b999555fd029].

--------------------------------------------------------------------------------
2023-01-02 12:58:15.192 [Debug] Client disconnected (PCC->Cac)

--------------------------------------------------------------------------------
2023-01-02 12:59:00.485 [Debug] hail Time=165 Offset=63808261140002 Real=63808261140167

--------------------------------------------------------------------------------
2023-01-02 12:59:00.485 [Debug] local Time=381065 Offset=63808260759413 Real=63808261140479

--------------------------------------------------------------------------------
2023-01-02 12:59:00.485 [Debug] real delta=311

--------------------------------------------------------------------------------
2023-01-02 12:59:00.485 [Debug] NCPing=-1000

--------------------------------------------------------------------------------
2023-01-02 12:59:00.485 [Info] Connection approved [583498df-089b-46dd-9cfd-64cf24b3a859].

--------------------------------------------------------------------------------
2023-01-02 12:59:00.498 [Debug] Connection established to remote [583498df-089b-46dd-9cfd-64cf24b3a859/26.82.96.248:59396].

--------------------------------------------------------------------------------
2023-01-02 12:59:00.498 [Info] Connected [583498df-089b-46dd-9cfd-64cf24b3a859].

--------------------------------------------------------------------------------
2023-01-02 13:00:29.090 [Debug] StatusChanged: [NetIncomingMessage #0 14 bytes] [Disconnected]

--------------------------------------------------------------------------------
2023-01-02 13:00:29.090 [Debug] Connection terminated to remote [583498df-089b-46dd-9cfd-64cf24b3a859/26.82.96.248:59396].

--------------------------------------------------------------------------------
2023-01-02 13:00:29.090 [Info] Disconnected [583498df-089b-46dd-9cfd-64cf24b3a859].

--------------------------------------------------------------------------------
2023-01-02 13:00:29.090 [Debug] Client disconnected (PCC->Cac)

--------------------------------------------------------------------------------
2023-01-02 13:00:32.659 [Debug] hail Time=168 Offset=63808261232159 Real=63808261232328

--------------------------------------------------------------------------------
2023-01-02 13:00:32.659 [Debug] local Time=473242 Offset=63808260759413 Real=63808261232656

--------------------------------------------------------------------------------
2023-01-02 13:00:32.659 [Debug] real delta=327

--------------------------------------------------------------------------------
2023-01-02 13:00:32.659 [Debug] NCPing=-1000

--------------------------------------------------------------------------------
2023-01-02 13:00:32.660 [Info] Connection approved [cbbfde06-d73f-4cac-9fac-116ba6e07078].

--------------------------------------------------------------------------------
2023-01-02 13:00:32.679 [Debug] Connection established to remote [cbbfde06-d73f-4cac-9fac-116ba6e07078/26.82.96.248:63634].

--------------------------------------------------------------------------------
2023-01-02 13:00:32.679 [Info] Connected [cbbfde06-d73f-4cac-9fac-116ba6e07078].

--------------------------------------------------------------------------------
2023-01-02 14:42:33.476 [Debug] StatusChanged: [NetIncomingMessage #0 14 bytes] [Disconnected]

--------------------------------------------------------------------------------
2023-01-02 14:42:33.478 [Debug] Connection terminated to remote [cbbfde06-d73f-4cac-9fac-116ba6e07078/26.82.96.248:63634].

--------------------------------------------------------------------------------
2023-01-02 14:42:33.478 [Info] Disconnected [cbbfde06-d73f-4cac-9fac-116ba6e07078].

--------------------------------------------------------------------------------
2023-01-02 14:42:33.478 [Debug] Client disconnected (PCC->Cac)

--------------------------------------------------------------------------------
2023-01-02 15:57:15.563 [Info] Acquiring context lock... (0ms)

--------------------------------------------------------------------------------
2023-01-02 15:57:15.563 [Info] Acquired. (1ms)

--------------------------------------------------------------------------------
2023-01-02 15:57:15.567 [Info] Beginning context dispose. (0ms)

--------------------------------------------------------------------------------
2023-01-02 15:57:15.571 [Info] Disposing network... (0ms)

--------------------------------------------------------------------------------
2023-01-02 15:57:15.575 [Info] Saving updated server variable values

--------------------------------------------------------------------------------
2023-01-02 15:57:15.575 [Info] Saving online users/players... (4ms)

--------------------------------------------------------------------------------
2023-01-02 15:57:15.575 [Info] Saving loaded guilds....

--------------------------------------------------------------------------------
2023-01-02 15:57:15.614 [Info] Online users/players saved. (43ms)

--------------------------------------------------------------------------------
2023-01-02 15:57:15.614 [Info] Shutting down the API... (43ms)

--------------------------------------------------------------------------------
2023-01-02 15:57:15.622 [Info] Shutting down the console thread... (50ms)

--------------------------------------------------------------------------------
2023-01-02 15:57:16.634 [Info] Base dispose. (1062ms)

--------------------------------------------------------------------------------
2023-01-02 15:57:16.634 [Info] Finished disposing server context. (1063ms)

--------------------------------------------------------------------------------
