2023-01-30 17:23:47.735 [Debug] Loaded new formula from BaseExp * Power(Gain, Level).

--------------------------------------------------------------------------------
2023-01-30 17:23:47.740 [Debug] Loaded new formula from BaseExp * Power(Gain, Level).

--------------------------------------------------------------------------------
2023-01-30 17:23:49.506 [Warn] Directory was specified as a plugin directory but does not exist: 'resources\plugins'

--------------------------------------------------------------------------------
2023-01-30 17:23:49.511 [Info] Discovered 0 plugins:


--------------------------------------------------------------------------------
Listening on 0.0.0.0:5400.

--------------------------------------------------------------------------------
UPnP Service Initialization Succeeded

--------------------------------------------------------------------------------
Successfully auto port forwarded udp port 5400 using UPnP.

--------------------------------------------------------------------------------
Successfully auto port forwarded tcp port 5400 using UPnP.

--------------------------------------------------------------------------------
2023-01-30 17:23:52.248 [Debug] hail Time=0 Offset=63810696219738 Real=63810696219738

--------------------------------------------------------------------------------
2023-01-30 17:23:52.248 [Debug] local Time=2817 Offset=63810696229430 Real=63810696232248

--------------------------------------------------------------------------------
2023-01-30 17:23:52.248 [Debug] real delta=12509

--------------------------------------------------------------------------------
2023-01-30 17:23:52.248 [Debug] NCPing=-1000

--------------------------------------------------------------------------------
2023-01-30 17:23:52.279 [Info] Connection approved [4f8ec6ee-e212-4cbd-bbfc-f534f11ca3fb].

--------------------------------------------------------------------------------
2023-01-30 17:23:52.301 [Debug] Connection established to remote [4f8ec6ee-e212-4cbd-bbfc-f534f11ca3fb/26.82.96.248:64145].

--------------------------------------------------------------------------------
2023-01-30 17:23:52.302 [Info] Connected [4f8ec6ee-e212-4cbd-bbfc-f534f11ca3fb].

--------------------------------------------------------------------------------
2023-01-30 17:25:42.962 [Debug] hail Time=0 Offset=63810696342746 Real=63810696342746

--------------------------------------------------------------------------------
2023-01-30 17:25:42.962 [Debug] local Time=113526 Offset=63810696229430 Real=63810696342957

--------------------------------------------------------------------------------
2023-01-30 17:25:42.962 [Debug] real delta=210

--------------------------------------------------------------------------------
2023-01-30 17:25:42.962 [Debug] NCPing=-1000

--------------------------------------------------------------------------------
2023-01-30 17:25:42.963 [Info] Connection approved [fe1e007e-572b-4630-88d8-b9d82b4b91f2].

--------------------------------------------------------------------------------
2023-01-30 17:25:42.976 [Debug] Connection established to remote [fe1e007e-572b-4630-88d8-b9d82b4b91f2/26.82.96.248:59076].

--------------------------------------------------------------------------------
2023-01-30 17:25:42.976 [Info] Connected [fe1e007e-572b-4630-88d8-b9d82b4b91f2].

--------------------------------------------------------------------------------
2023-01-30 17:25:50.384 [Debug] Creating new instance with ID 00000000-0000-0000-0000-000000000000 for map New Map

--------------------------------------------------------------------------------
2023-01-30 17:25:50.400 [Debug] Creating new instance with ID 00000000-0000-0000-0000-000000000000 for map New Map

--------------------------------------------------------------------------------
2023-01-30 17:25:50.400 [Debug] Creating new instance with ID 00000000-0000-0000-0000-000000000000 for map New Map

--------------------------------------------------------------------------------
2023-01-30 17:25:50.400 [Debug] Creating new instance with ID 00000000-0000-0000-0000-000000000000 for map New Map

--------------------------------------------------------------------------------
2023-01-30 17:27:38.132 [Debug] StatusChanged: [NetIncomingMessage #0 10 bytes] [Disconnected]

--------------------------------------------------------------------------------
2023-01-30 17:27:38.132 [Debug] Connection terminated to remote [4f8ec6ee-e212-4cbd-bbfc-f534f11ca3fb/26.82.96.248:64145].

--------------------------------------------------------------------------------
2023-01-30 17:27:38.134 [Info] Disconnected [4f8ec6ee-e212-4cbd-bbfc-f534f11ca3fb].

--------------------------------------------------------------------------------
2023-01-30 17:27:38.134 [Debug] Client disconnected (PCC->[editor])

--------------------------------------------------------------------------------
2023-01-30 17:27:43.895 [Debug] StatusChanged: [NetIncomingMessage #0 14 bytes] [Disconnected]

--------------------------------------------------------------------------------
2023-01-30 17:27:43.895 [Debug] Connection terminated to remote [fe1e007e-572b-4630-88d8-b9d82b4b91f2/26.82.96.248:59076].

--------------------------------------------------------------------------------
2023-01-30 17:27:43.895 [Info] Disconnected [fe1e007e-572b-4630-88d8-b9d82b4b91f2].

--------------------------------------------------------------------------------
2023-01-30 17:27:43.895 [Debug] Client disconnected (PCC->PCC)

--------------------------------------------------------------------------------
2023-01-30 17:39:05.452 [Info] Acquiring context lock... (0ms)

--------------------------------------------------------------------------------
2023-01-30 17:39:05.452 [Info] Acquired. (0ms)

--------------------------------------------------------------------------------
2023-01-30 17:39:05.454 [Info] Beginning context dispose. (0ms)

--------------------------------------------------------------------------------
2023-01-30 17:39:05.458 [Info] Disposing network... (0ms)

--------------------------------------------------------------------------------
2023-01-30 17:39:05.461 [Info] Saving updated server variable values

--------------------------------------------------------------------------------
2023-01-30 17:39:05.462 [Info] Saving online users/players... (4ms)

--------------------------------------------------------------------------------
2023-01-30 17:39:05.462 [Info] Saving loaded guilds....

--------------------------------------------------------------------------------
2023-01-30 17:39:05.462 [Info] Online users/players saved. (4ms)

--------------------------------------------------------------------------------
2023-01-30 17:39:05.462 [Info] Shutting down the API... (4ms)

--------------------------------------------------------------------------------
2023-01-30 17:39:05.467 [Info] Shutting down the console thread... (10ms)

--------------------------------------------------------------------------------
2023-01-30 17:39:06.474 [Info] Base dispose. (1017ms)

--------------------------------------------------------------------------------
2023-01-30 17:39:06.474 [Info] Finished disposing server context. (1017ms)

--------------------------------------------------------------------------------
