2023-01-30 18:36:41.055 [Debug] Loaded new formula from BaseExp * Power(Gain, Level).

--------------------------------------------------------------------------------
2023-01-30 18:36:41.061 [Debug] Loaded new formula from BaseExp * Power(Gain, Level).

--------------------------------------------------------------------------------
2023-01-30 18:36:43.010 [Warn] Directory was specified as a plugin directory but does not exist: 'resources\plugins'

--------------------------------------------------------------------------------
2023-01-30 18:36:43.010 [Info] Discovered 0 plugins:


--------------------------------------------------------------------------------
Listening on 0.0.0.0:5400.

--------------------------------------------------------------------------------
2023-01-30 18:36:44.194 [Debug] hail Time=235854 Offset=63810700362096 Real=63810700597950

--------------------------------------------------------------------------------
2023-01-30 18:36:44.194 [Debug] local Time=1268 Offset=63810700602926 Real=63810700604194

--------------------------------------------------------------------------------
2023-01-30 18:36:44.194 [Debug] real delta=6244

--------------------------------------------------------------------------------
2023-01-30 18:36:44.194 [Debug] NCPing=-1000

--------------------------------------------------------------------------------
2023-01-30 18:36:44.226 [Info] Connection approved [a4e72943-097c-4d58-a4ff-567322924b1d].

--------------------------------------------------------------------------------
2023-01-30 18:36:44.241 [Debug] Connection established to remote [a4e72943-097c-4d58-a4ff-567322924b1d/26.82.96.248:65288].

--------------------------------------------------------------------------------
2023-01-30 18:36:44.242 [Info] Connected [a4e72943-097c-4d58-a4ff-567322924b1d].

--------------------------------------------------------------------------------
UPnP Service Initialization Succeeded

--------------------------------------------------------------------------------
Successfully auto port forwarded udp port 5400 using UPnP.

--------------------------------------------------------------------------------
Successfully auto port forwarded tcp port 5400 using UPnP.

--------------------------------------------------------------------------------
2023-01-30 18:36:45.112 [Info] Acquiring context lock... (0ms)

--------------------------------------------------------------------------------
2023-01-30 18:36:45.112 [Info] Acquired. (0ms)

--------------------------------------------------------------------------------
2023-01-30 18:36:45.112 [Info] Beginning context dispose. (0ms)

--------------------------------------------------------------------------------
2023-01-30 18:36:45.115 [Info] Disposing network... (0ms)

--------------------------------------------------------------------------------
2023-01-30 18:36:45.116 [Debug] StatusChanged: [NetIncomingMessage #0 10 bytes] [Disconnecting]

--------------------------------------------------------------------------------
2023-01-30 18:36:45.117 [Info] Saving updated server variable values

--------------------------------------------------------------------------------
2023-01-30 18:36:45.118 [Info] Saving online users/players... (3ms)

--------------------------------------------------------------------------------
2023-01-30 18:36:45.128 [Debug] StatusChanged: [NetIncomingMessage #0 14 bytes] [Disconnected]

--------------------------------------------------------------------------------
2023-01-30 18:36:45.139 [Info] Saving loaded guilds....

--------------------------------------------------------------------------------
2023-01-30 18:36:45.139 [Info] Online users/players saved. (25ms)

--------------------------------------------------------------------------------
2023-01-30 18:36:45.140 [Info] Shutting down the API... (25ms)

--------------------------------------------------------------------------------
2023-01-30 18:36:45.142 [Info] Base dispose. (28ms)

--------------------------------------------------------------------------------
2023-01-30 18:36:45.142 [Info] Finished disposing server context. (28ms)

--------------------------------------------------------------------------------
