2023-02-04 05:12:29.256 [Debug] Loaded new formula from BaseExp * Power(Gain, Level).

--------------------------------------------------------------------------------
2023-02-04 05:12:29.260 [Debug] Loaded new formula from BaseExp * Power(Gain, Level).

--------------------------------------------------------------------------------
2023-02-04 05:12:31.243 [Warn] Directory was specified as a plugin directory but does not exist: 'resources\plugins'

--------------------------------------------------------------------------------
2023-02-04 05:12:31.243 [Info] Discovered 0 plugins:


--------------------------------------------------------------------------------
Listening on 0.0.0.0:5400.

--------------------------------------------------------------------------------
2023-02-04 05:12:36.326 [Debug] hail Time=63 Offset=63811084355764 Real=63811084355827

--------------------------------------------------------------------------------
2023-02-04 05:12:36.327 [Debug] local Time=5171 Offset=63811084351154 Real=63811084356326

--------------------------------------------------------------------------------
2023-02-04 05:12:36.327 [Debug] real delta=499

--------------------------------------------------------------------------------
2023-02-04 05:12:36.327 [Debug] NCPing=-1000

--------------------------------------------------------------------------------
2023-02-04 05:12:36.390 [Info] Connection approved [00d6a282-f2e9-4d6a-b74b-1453d5a6c56f].

--------------------------------------------------------------------------------
2023-02-04 05:12:36.412 [Debug] Connection established to remote [00d6a282-f2e9-4d6a-b74b-1453d5a6c56f/26.82.96.248:51585].

--------------------------------------------------------------------------------
2023-02-04 05:12:36.412 [Info] Connected [00d6a282-f2e9-4d6a-b74b-1453d5a6c56f].

--------------------------------------------------------------------------------
UPnP Service Initialization Failed. You might not have a router, or UPnP on your router might be disabled.
NatDeviceNotFoundException: Exception of type 'Open.Nat.NatDeviceNotFoundException' was thrown.
    Stack:    at Open.Nat.NatDiscoverer.<DiscoverDeviceAsync>d__5.MoveNext()
--- End of stack trace from previous location where exception was thrown ---
   at System.Runtime.ExceptionServices.ExceptionDispatchInfo.Throw()
   at System.Runtime.CompilerServices.TaskAwaiter.HandleNonSuccessAndDebuggerNotification(Task task)
   at System.Runtime.CompilerServices.TaskAwaiter`1.GetResult()
   at Intersect.Server.Networking.Helpers.UpnP.<ConnectNatDevice>d__4.MoveNext()


--------------------------------------------------------------------------------
2023-02-04 05:12:40.031 [Debug] Creating new instance with ID 00000000-0000-0000-0000-000000000000 for map New Map

--------------------------------------------------------------------------------
2023-02-04 05:12:40.050 [Debug] Creating new instance with ID 00000000-0000-0000-0000-000000000000 for map New Map

--------------------------------------------------------------------------------
2023-02-04 05:12:40.050 [Debug] Creating new instance with ID 00000000-0000-0000-0000-000000000000 for map New Map

--------------------------------------------------------------------------------
2023-02-04 05:12:40.050 [Debug] Creating new instance with ID 00000000-0000-0000-0000-000000000000 for map New Map

--------------------------------------------------------------------------------
2023-02-04 05:13:55.561 [Debug] StatusChanged: [NetIncomingMessage #170 14 bytes] [Disconnected]

--------------------------------------------------------------------------------
2023-02-04 05:13:55.562 [Debug] Connection terminated to remote [00d6a282-f2e9-4d6a-b74b-1453d5a6c56f/26.82.96.248:51585].

--------------------------------------------------------------------------------
2023-02-04 05:13:55.562 [Info] Disconnected [00d6a282-f2e9-4d6a-b74b-1453d5a6c56f].

--------------------------------------------------------------------------------
2023-02-04 05:13:55.562 [Debug] Client disconnected (PCC->PCC)

--------------------------------------------------------------------------------
2023-02-04 05:14:31.137 [Debug] hail Time=74 Offset=63811084470846 Real=63811084470921

--------------------------------------------------------------------------------
2023-02-04 05:14:31.137 [Debug] local Time=119983 Offset=63811084351154 Real=63811084471137

--------------------------------------------------------------------------------
2023-02-04 05:14:31.137 [Debug] real delta=215

--------------------------------------------------------------------------------
2023-02-04 05:14:31.137 [Debug] NCPing=-1000

--------------------------------------------------------------------------------
2023-02-04 05:14:31.137 [Info] Connection approved [0da464f9-32ff-475e-a7fc-8051b9568c69].

--------------------------------------------------------------------------------
2023-02-04 05:14:31.157 [Debug] Connection established to remote [0da464f9-32ff-475e-a7fc-8051b9568c69/26.82.96.248:50413].

--------------------------------------------------------------------------------
2023-02-04 05:14:31.157 [Info] Connected [0da464f9-32ff-475e-a7fc-8051b9568c69].

--------------------------------------------------------------------------------
2023-02-04 05:14:46.213 [Info] Acquiring context lock... (0ms)

--------------------------------------------------------------------------------
2023-02-04 05:14:46.213 [Info] Acquired. (0ms)

--------------------------------------------------------------------------------
2023-02-04 05:14:46.215 [Info] Beginning context dispose. (0ms)

--------------------------------------------------------------------------------
2023-02-04 05:14:46.217 [Info] Disposing network... (0ms)

--------------------------------------------------------------------------------
2023-02-04 05:14:46.219 [Debug] StatusChanged: [NetIncomingMessage #16 10 bytes] [Disconnecting]

--------------------------------------------------------------------------------
2023-02-04 05:14:46.220 [Info] Saving updated server variable values

--------------------------------------------------------------------------------
2023-02-04 05:14:46.220 [Info] Saving online users/players... (3ms)

--------------------------------------------------------------------------------
2023-02-04 05:14:46.223 [Debug] StatusChanged: [NetIncomingMessage #0 14 bytes] [Disconnected]

--------------------------------------------------------------------------------
2023-02-04 05:14:46.268 [Info] Saving loaded guilds....

--------------------------------------------------------------------------------
2023-02-04 05:14:46.268 [Info] Online users/players saved. (51ms)

--------------------------------------------------------------------------------
2023-02-04 05:14:46.268 [Info] Shutting down the API... (51ms)

--------------------------------------------------------------------------------
2023-02-04 05:14:46.273 [Info] Shutting down the console thread... (56ms)

--------------------------------------------------------------------------------
2023-02-04 05:14:47.286 [Info] Base dispose. (1068ms)

--------------------------------------------------------------------------------
2023-02-04 05:14:47.286 [Info] Finished disposing server context. (1068ms)

--------------------------------------------------------------------------------
