2023-01-30 18:24:44.571 [Debug] Loaded new formula from BaseExp * Power(Gain, Level).

--------------------------------------------------------------------------------
2023-01-30 18:24:44.576 [Debug] Loaded new formula from BaseExp * Power(Gain, Level).

--------------------------------------------------------------------------------
2023-01-30 18:24:46.482 [Warn] Directory was specified as a plugin directory but does not exist: 'resources\plugins'

--------------------------------------------------------------------------------
2023-01-30 18:24:46.488 [Info] Discovered 0 plugins:


--------------------------------------------------------------------------------
Listening on 0.0.0.0:5400.

--------------------------------------------------------------------------------
UPnP Service Initialization Succeeded

--------------------------------------------------------------------------------
Successfully auto port forwarded udp port 5400 using UPnP.

--------------------------------------------------------------------------------
Successfully auto port forwarded tcp port 5400 using UPnP.

--------------------------------------------------------------------------------
2023-01-30 18:24:49.619 [Debug] hail Time=260936 Offset=63810699619451 Real=63810699880388

--------------------------------------------------------------------------------
2023-01-30 18:24:49.619 [Debug] local Time=3210 Offset=63810699886409 Real=63810699889619

--------------------------------------------------------------------------------
2023-01-30 18:24:49.619 [Debug] real delta=9231

--------------------------------------------------------------------------------
2023-01-30 18:24:49.620 [Debug] NCPing=-1000

--------------------------------------------------------------------------------
2023-01-30 18:24:49.654 [Info] Connection approved [814166f9-4bbe-4abd-8acd-0e1d14f61f5d].

--------------------------------------------------------------------------------
2023-01-30 18:24:49.659 [Debug] Connection established to remote [814166f9-4bbe-4abd-8acd-0e1d14f61f5d/26.82.96.248:54684].

--------------------------------------------------------------------------------
2023-01-30 18:24:49.660 [Info] Connected [814166f9-4bbe-4abd-8acd-0e1d14f61f5d].

--------------------------------------------------------------------------------
2023-01-30 18:24:59.091 [Info] Acquiring context lock... (0ms)

--------------------------------------------------------------------------------
2023-01-30 18:24:59.092 [Info] Acquired. (0ms)

--------------------------------------------------------------------------------
2023-01-30 18:24:59.094 [Info] Beginning context dispose. (0ms)

--------------------------------------------------------------------------------
2023-01-30 18:24:59.097 [Info] Disposing network... (0ms)

--------------------------------------------------------------------------------
2023-01-30 18:24:59.099 [Debug] StatusChanged: [NetIncomingMessage #0 10 bytes] [Disconnecting]

--------------------------------------------------------------------------------
2023-01-30 18:24:59.100 [Info] Saving updated server variable values

--------------------------------------------------------------------------------
2023-01-30 18:24:59.101 [Info] Saving online users/players... (3ms)

--------------------------------------------------------------------------------
2023-01-30 18:24:59.110 [Debug] StatusChanged: [NetIncomingMessage #0 14 bytes] [Disconnected]

--------------------------------------------------------------------------------
2023-01-30 18:24:59.131 [Info] Saving loaded guilds....

--------------------------------------------------------------------------------
2023-01-30 18:24:59.131 [Info] Online users/players saved. (34ms)

--------------------------------------------------------------------------------
2023-01-30 18:24:59.132 [Info] Shutting down the API... (34ms)

--------------------------------------------------------------------------------
2023-01-30 18:24:59.134 [Info] Shutting down the console thread... (37ms)

--------------------------------------------------------------------------------
2023-01-30 18:25:00.142 [Info] Base dispose. (1044ms)

--------------------------------------------------------------------------------
2023-01-30 18:25:00.142 [Info] Finished disposing server context. (1045ms)

--------------------------------------------------------------------------------
