2023-01-02 04:59:22.728 [Debug] Loaded new formula from BaseExp * Power(Gain, Level).

--------------------------------------------------------------------------------
2023-01-02 04:59:22.733 [Debug] Loaded new formula from BaseExp * Power(Gain, Level).

--------------------------------------------------------------------------------
2023-01-02 04:59:25.779 [Warn] Directory was specified as a plugin directory but does not exist: 'resources\plugins'

--------------------------------------------------------------------------------
2023-01-02 04:59:25.780 [Info] Discovered 0 plugins:


--------------------------------------------------------------------------------
Listening on 0.0.0.0:5400.

--------------------------------------------------------------------------------
UPnP Service Initialization Succeeded

--------------------------------------------------------------------------------
Successfully auto port forwarded udp port 5400 using UPnP.

--------------------------------------------------------------------------------
Successfully auto port forwarded tcp port 5400 using UPnP.

--------------------------------------------------------------------------------
2023-01-02 04:59:38.326 [Debug] hail Time=111 Offset=63808232377615 Real=63808232377726

--------------------------------------------------------------------------------
2023-01-02 04:59:38.326 [Debug] local Time=12611 Offset=63808232365715 Real=63808232378326

--------------------------------------------------------------------------------
2023-01-02 04:59:38.326 [Debug] real delta=599

--------------------------------------------------------------------------------
2023-01-02 04:59:38.326 [Debug] NCPing=-1000

--------------------------------------------------------------------------------
2023-01-02 04:59:38.396 [Info] Connection approved [33fc1a6a-4048-46f3-aa4b-9a3c2752b258].

--------------------------------------------------------------------------------
2023-01-02 04:59:38.407 [Debug] Connection established to remote [33fc1a6a-4048-46f3-aa4b-9a3c2752b258/26.82.96.248:58419].

--------------------------------------------------------------------------------
2023-01-02 04:59:38.407 [Info] Connected [33fc1a6a-4048-46f3-aa4b-9a3c2752b258].

--------------------------------------------------------------------------------
2023-01-02 04:59:59.573 [Debug] Creating new instance with ID 00000000-0000-0000-0000-000000000000 for map New Map

--------------------------------------------------------------------------------
2023-01-02 05:05:41.954 [Debug] StatusChanged: [NetIncomingMessage #0 14 bytes] [Disconnected]

--------------------------------------------------------------------------------
2023-01-02 05:05:41.955 [Debug] Connection terminated to remote [33fc1a6a-4048-46f3-aa4b-9a3c2752b258/26.82.96.248:58419].

--------------------------------------------------------------------------------
2023-01-02 05:05:41.955 [Info] Disconnected [33fc1a6a-4048-46f3-aa4b-9a3c2752b258].

--------------------------------------------------------------------------------
2023-01-02 05:05:41.956 [Debug] Client disconnected (PCC->Cac)

--------------------------------------------------------------------------------
2023-01-02 05:48:24.060 [Debug] hail Time=770 Offset=63808235302962 Real=63808235303732

--------------------------------------------------------------------------------
2023-01-02 05:48:24.061 [Debug] local Time=2938346 Offset=63808232365715 Real=63808235304061

--------------------------------------------------------------------------------
2023-01-02 05:48:24.061 [Debug] real delta=328

--------------------------------------------------------------------------------
2023-01-02 05:48:24.061 [Debug] NCPing=-1000

--------------------------------------------------------------------------------
2023-01-02 05:48:24.065 [Info] Connection approved [fcec95fc-699e-44be-b3ac-7d801d980e6b].

--------------------------------------------------------------------------------
2023-01-02 05:48:24.073 [Debug] Connection established to remote [fcec95fc-699e-44be-b3ac-7d801d980e6b/26.82.96.248:57776].

--------------------------------------------------------------------------------
2023-01-02 05:48:24.073 [Info] Connected [fcec95fc-699e-44be-b3ac-7d801d980e6b].

--------------------------------------------------------------------------------
2023-01-02 05:48:46.985 [Debug] StatusChanged: [NetIncomingMessage #0 22 bytes] [Disconnected]

--------------------------------------------------------------------------------
2023-01-02 05:48:46.985 [Debug] Connection terminated to remote [fcec95fc-699e-44be-b3ac-7d801d980e6b/26.82.96.248:57776].

--------------------------------------------------------------------------------
2023-01-02 05:48:46.986 [Info] Disconnected [fcec95fc-699e-44be-b3ac-7d801d980e6b].

--------------------------------------------------------------------------------
2023-01-02 05:48:46.986 [Debug] Client disconnected ([menu])

--------------------------------------------------------------------------------
2023-01-02 05:50:00.563 [Debug] hail Time=62853 Offset=63808235325948 Real=63808235388802

--------------------------------------------------------------------------------
2023-01-02 05:50:00.563 [Debug] local Time=3034848 Offset=63808232365715 Real=63808235400563

--------------------------------------------------------------------------------
2023-01-02 05:50:00.563 [Debug] real delta=11761

--------------------------------------------------------------------------------
2023-01-02 05:50:00.563 [Debug] NCPing=-1000

--------------------------------------------------------------------------------
2023-01-02 05:50:00.563 [Info] Connection approved [4e116022-3fa2-4cf4-94c0-a6855a1aba07].

--------------------------------------------------------------------------------
2023-01-02 05:50:03.553 [Debug] StatusChanged: [NetIncomingMessage #0 63 bytes] [Disconnected]

--------------------------------------------------------------------------------
2023-01-02 05:50:03.553 [Debug] Connection terminated to remote [4e116022-3fa2-4cf4-94c0-a6855a1aba07/26.187.128.71:56168].

--------------------------------------------------------------------------------
2023-01-02 05:50:03.554 [Info] Disconnected [4e116022-3fa2-4cf4-94c0-a6855a1aba07].

--------------------------------------------------------------------------------
2023-01-02 05:50:03.740 [Debug] hail Time=78043 Offset=63808235325948 Real=63808235403992

--------------------------------------------------------------------------------
2023-01-02 05:50:03.741 [Debug] local Time=3038014 Offset=63808232365715 Real=63808235403729

--------------------------------------------------------------------------------
2023-01-02 05:50:03.741 [Debug] real delta=-262

--------------------------------------------------------------------------------
2023-01-02 05:50:03.741 [Debug] NCPing=-1000

--------------------------------------------------------------------------------
2023-01-02 05:50:03.741 [Info] Connection approved [0131f317-7415-44d7-bbb4-4edd558d2728].

--------------------------------------------------------------------------------
2023-01-02 05:50:03.792 [Debug] Connection established to remote [0131f317-7415-44d7-bbb4-4edd558d2728/26.187.128.71:61003].

--------------------------------------------------------------------------------
2023-01-02 05:50:03.792 [Info] Connected [0131f317-7415-44d7-bbb4-4edd558d2728].

--------------------------------------------------------------------------------
2023-01-02 05:50:12.227 [Debug] hail Time=298 Offset=63808235411576 Real=63808235411874

--------------------------------------------------------------------------------
2023-01-02 05:50:12.227 [Debug] local Time=3046499 Offset=63808232365715 Real=63808235412214

--------------------------------------------------------------------------------
2023-01-02 05:50:12.227 [Debug] real delta=339

--------------------------------------------------------------------------------
2023-01-02 05:50:12.227 [Debug] NCPing=-1000

--------------------------------------------------------------------------------
2023-01-02 05:50:12.227 [Info] Connection approved [6c18cd0f-b21b-4cd2-8aa9-087a2dcf6033].

--------------------------------------------------------------------------------
2023-01-02 05:50:12.266 [Debug] Connection established to remote [6c18cd0f-b21b-4cd2-8aa9-087a2dcf6033/26.187.128.71:61006].

--------------------------------------------------------------------------------
2023-01-02 05:50:12.266 [Info] Connected [6c18cd0f-b21b-4cd2-8aa9-087a2dcf6033].

--------------------------------------------------------------------------------
2023-01-02 05:51:05.430 [Debug] StatusChanged: [NetIncomingMessage #0 10 bytes] [Disconnected]

--------------------------------------------------------------------------------
2023-01-02 05:51:05.430 [Debug] Connection terminated to remote [6c18cd0f-b21b-4cd2-8aa9-087a2dcf6033/26.187.128.71:61006].

--------------------------------------------------------------------------------
2023-01-02 05:51:05.430 [Info] Disconnected [6c18cd0f-b21b-4cd2-8aa9-087a2dcf6033].

--------------------------------------------------------------------------------
2023-01-02 05:51:05.430 [Debug] Client disconnected (Admin->Admin)

--------------------------------------------------------------------------------
2023-01-02 05:52:04.755 [Debug] hail Time=527 Offset=63808235523791 Real=63808235524319

--------------------------------------------------------------------------------
2023-01-02 05:52:04.755 [Debug] local Time=3159029 Offset=63808232365715 Real=63808235524744

--------------------------------------------------------------------------------
2023-01-02 05:52:04.755 [Debug] real delta=425

--------------------------------------------------------------------------------
2023-01-02 05:52:04.755 [Debug] NCPing=-1000

--------------------------------------------------------------------------------
2023-01-02 05:52:04.755 [Info] Connection approved [b690107a-744d-4a7f-8047-6ea6e2ac86e9].

--------------------------------------------------------------------------------
2023-01-02 05:52:04.803 [Debug] Connection established to remote [b690107a-744d-4a7f-8047-6ea6e2ac86e9/26.187.128.71:61046].

--------------------------------------------------------------------------------
2023-01-02 05:52:04.803 [Info] Connected [b690107a-744d-4a7f-8047-6ea6e2ac86e9].

--------------------------------------------------------------------------------
2023-01-02 05:52:06.939 [Debug] hail Time=331 Offset=63808235526071 Real=63808235526402

--------------------------------------------------------------------------------
2023-01-02 05:52:06.939 [Debug] local Time=3161220 Offset=63808232365715 Real=63808235526935

--------------------------------------------------------------------------------
2023-01-02 05:52:06.939 [Debug] real delta=532

--------------------------------------------------------------------------------
2023-01-02 05:52:06.939 [Debug] NCPing=-1000

--------------------------------------------------------------------------------
2023-01-02 05:52:06.939 [Info] Connection approved [d0ce8027-f32a-4356-a278-db83c2945ef3].

--------------------------------------------------------------------------------
2023-01-02 05:52:06.993 [Debug] Connection established to remote [d0ce8027-f32a-4356-a278-db83c2945ef3/26.187.128.71:50243].

--------------------------------------------------------------------------------
2023-01-02 05:52:06.993 [Info] Connected [d0ce8027-f32a-4356-a278-db83c2945ef3].

--------------------------------------------------------------------------------
2023-01-02 05:52:42.986 [Debug] StatusChanged: [NetIncomingMessage #0 14 bytes] [Disconnected]

--------------------------------------------------------------------------------
2023-01-02 05:52:42.987 [Debug] Connection terminated to remote [b690107a-744d-4a7f-8047-6ea6e2ac86e9/26.187.128.71:61046].

--------------------------------------------------------------------------------
2023-01-02 05:52:42.987 [Info] Disconnected [b690107a-744d-4a7f-8047-6ea6e2ac86e9].

--------------------------------------------------------------------------------
2023-01-02 05:52:42.987 [Debug] Client disconnected (Dicho->Dicho2)

--------------------------------------------------------------------------------
2023-01-02 05:52:44.430 [Debug] StatusChanged: [NetIncomingMessage #0 9 bytes] [Disconnected]

--------------------------------------------------------------------------------
2023-01-02 05:52:44.430 [Debug] Connection terminated to remote [d0ce8027-f32a-4356-a278-db83c2945ef3/26.187.128.71:50243].

--------------------------------------------------------------------------------
2023-01-02 05:52:44.430 [Info] Disconnected [d0ce8027-f32a-4356-a278-db83c2945ef3].

--------------------------------------------------------------------------------
2023-01-02 05:52:44.430 [Debug] Client disconnected (Admin->Admin)

--------------------------------------------------------------------------------
2023-01-02 05:53:35.192 [Debug] hail Time=272 Offset=63808235614485 Real=63808235614757

--------------------------------------------------------------------------------
2023-01-02 05:53:35.192 [Debug] local Time=3249476 Offset=63808232365715 Real=63808235615191

--------------------------------------------------------------------------------
2023-01-02 05:53:35.192 [Debug] real delta=433

--------------------------------------------------------------------------------
2023-01-02 05:53:35.192 [Debug] NCPing=-1000

--------------------------------------------------------------------------------
2023-01-02 05:53:35.193 [Info] Connection approved [f36db01e-5d6f-448b-b14b-d9dd3fa5796a].

--------------------------------------------------------------------------------
2023-01-02 05:53:35.244 [Debug] Connection established to remote [f36db01e-5d6f-448b-b14b-d9dd3fa5796a/26.187.128.71:53876].

--------------------------------------------------------------------------------
2023-01-02 05:53:35.244 [Info] Connected [f36db01e-5d6f-448b-b14b-d9dd3fa5796a].

--------------------------------------------------------------------------------
2023-01-02 05:53:54.561 [Debug] StatusChanged: [NetIncomingMessage #24 10 bytes] [Disconnected]

--------------------------------------------------------------------------------
2023-01-02 05:53:54.561 [Debug] Connection terminated to remote [f36db01e-5d6f-448b-b14b-d9dd3fa5796a/26.187.128.71:53876].

--------------------------------------------------------------------------------
2023-01-02 05:53:54.561 [Info] Disconnected [f36db01e-5d6f-448b-b14b-d9dd3fa5796a].

--------------------------------------------------------------------------------
2023-01-02 05:53:54.561 [Debug] Client disconnected (Admin->Admin)

--------------------------------------------------------------------------------
2023-01-02 05:54:08.463 [Debug] hail Time=737 Offset=63808235647391 Real=63808235648129

--------------------------------------------------------------------------------
2023-01-02 05:54:08.463 [Debug] local Time=3282748 Offset=63808232365715 Real=63808235648463

--------------------------------------------------------------------------------
2023-01-02 05:54:08.463 [Debug] real delta=334

--------------------------------------------------------------------------------
2023-01-02 05:54:08.463 [Debug] NCPing=-1000

--------------------------------------------------------------------------------
2023-01-02 05:54:08.463 [Info] Connection approved [6f21df07-78df-4ee4-a5b4-0fe97281163f].

--------------------------------------------------------------------------------
2023-01-02 05:54:08.475 [Debug] Connection established to remote [6f21df07-78df-4ee4-a5b4-0fe97281163f/26.82.96.248:60594].

--------------------------------------------------------------------------------
2023-01-02 05:54:08.475 [Info] Connected [6f21df07-78df-4ee4-a5b4-0fe97281163f].

--------------------------------------------------------------------------------
2023-01-02 05:54:22.795 [Debug] StatusChanged: [NetIncomingMessage #17 10 bytes] [Disconnected]

--------------------------------------------------------------------------------
2023-01-02 05:54:22.795 [Debug] Connection terminated to remote [6f21df07-78df-4ee4-a5b4-0fe97281163f/26.82.96.248:60594].

--------------------------------------------------------------------------------
2023-01-02 05:54:22.795 [Info] Disconnected [6f21df07-78df-4ee4-a5b4-0fe97281163f].

--------------------------------------------------------------------------------
2023-01-02 05:54:22.795 [Debug] Client disconnected (PCC->[editor])

--------------------------------------------------------------------------------
2023-01-02 05:54:33.102 [Debug] hail Time=740 Offset=63808235672032 Real=63808235672772

--------------------------------------------------------------------------------
2023-01-02 05:54:33.102 [Debug] local Time=3307384 Offset=63808232365715 Real=63808235673099

--------------------------------------------------------------------------------
2023-01-02 05:54:33.102 [Debug] real delta=327

--------------------------------------------------------------------------------
2023-01-02 05:54:33.102 [Debug] NCPing=-1000

--------------------------------------------------------------------------------
2023-01-02 05:54:33.103 [Info] Connection approved [a390dce3-58bd-4cb9-b254-e8689861cc97].

--------------------------------------------------------------------------------
2023-01-02 05:54:33.118 [Debug] Connection established to remote [a390dce3-58bd-4cb9-b254-e8689861cc97/26.82.96.248:63540].

--------------------------------------------------------------------------------
2023-01-02 05:54:33.118 [Info] Connected [a390dce3-58bd-4cb9-b254-e8689861cc97].

--------------------------------------------------------------------------------
2023-01-02 05:54:40.266 [Debug] hail Time=101 Offset=63808235679862 Real=63808235679964

--------------------------------------------------------------------------------
2023-01-02 05:54:40.266 [Debug] local Time=3314551 Offset=63808232365715 Real=63808235680266

--------------------------------------------------------------------------------
2023-01-02 05:54:40.266 [Debug] real delta=302

--------------------------------------------------------------------------------
2023-01-02 05:54:40.266 [Debug] NCPing=-1000

--------------------------------------------------------------------------------
2023-01-02 05:54:40.266 [Info] Connection approved [6635bf47-e370-4c92-afed-b859bdb44187].

--------------------------------------------------------------------------------
2023-01-02 05:54:40.290 [Debug] Connection established to remote [6635bf47-e370-4c92-afed-b859bdb44187/26.82.96.248:57706].

--------------------------------------------------------------------------------
2023-01-02 05:54:40.290 [Info] Connected [6635bf47-e370-4c92-afed-b859bdb44187].

--------------------------------------------------------------------------------
2023-01-02 05:54:43.337 [Debug] hail Time=434 Offset=63808235682101 Real=63808235682535

--------------------------------------------------------------------------------
2023-01-02 05:54:43.337 [Debug] local Time=3317613 Offset=63808232365715 Real=63808235683328

--------------------------------------------------------------------------------
2023-01-02 05:54:43.337 [Debug] real delta=793

--------------------------------------------------------------------------------
2023-01-02 05:54:43.337 [Debug] NCPing=-1000

--------------------------------------------------------------------------------
2023-01-02 05:54:43.338 [Info] Connection approved [114a72ca-4080-447c-96a4-4ee83e91400a].

--------------------------------------------------------------------------------
2023-01-02 05:54:43.384 [Debug] Connection established to remote [114a72ca-4080-447c-96a4-4ee83e91400a/26.187.128.71:52795].

--------------------------------------------------------------------------------
2023-01-02 05:54:43.384 [Info] Connected [114a72ca-4080-447c-96a4-4ee83e91400a].

--------------------------------------------------------------------------------
2023-01-02 05:54:50.656 [Debug] StatusChanged: [NetIncomingMessage #0 22 bytes] [Disconnected]

--------------------------------------------------------------------------------
2023-01-02 05:54:50.656 [Debug] Connection terminated to remote [a390dce3-58bd-4cb9-b254-e8689861cc97/26.82.96.248:63540].

--------------------------------------------------------------------------------
2023-01-02 05:54:50.656 [Info] Disconnected [a390dce3-58bd-4cb9-b254-e8689861cc97].

--------------------------------------------------------------------------------
2023-01-02 05:54:50.656 [Debug] Client disconnected (PCC->[editor])

--------------------------------------------------------------------------------
2023-01-02 06:05:11.137 [Debug] StatusChanged: [NetIncomingMessage #0 22 bytes] [Disconnected]

--------------------------------------------------------------------------------
2023-01-02 06:05:11.137 [Debug] Connection terminated to remote [114a72ca-4080-447c-96a4-4ee83e91400a/26.187.128.71:52795].

--------------------------------------------------------------------------------
2023-01-02 06:05:11.137 [Info] Disconnected [114a72ca-4080-447c-96a4-4ee83e91400a].

--------------------------------------------------------------------------------
2023-01-02 06:05:11.137 [Debug] Client disconnected (Admin->Admin)

--------------------------------------------------------------------------------
2023-01-02 06:05:11.617 [Debug] StatusChanged: [NetIncomingMessage #0 22 bytes] [Disconnected]

--------------------------------------------------------------------------------
2023-01-02 06:05:11.617 [Debug] Connection terminated to remote [0131f317-7415-44d7-bbb4-4edd558d2728/26.187.128.71:61003].

--------------------------------------------------------------------------------
2023-01-02 06:05:11.617 [Info] Disconnected [0131f317-7415-44d7-bbb4-4edd558d2728].

--------------------------------------------------------------------------------
2023-01-02 06:05:11.617 [Debug] Client disconnected (Admin->[editor])

--------------------------------------------------------------------------------
2023-01-02 06:16:42.808 [Debug] hail Time=232 Offset=63808237002665 Real=63808237002897

--------------------------------------------------------------------------------
2023-01-02 06:16:42.809 [Debug] local Time=4637094 Offset=63808232365715 Real=63808237002809

--------------------------------------------------------------------------------
2023-01-02 06:16:42.809 [Debug] real delta=-87

--------------------------------------------------------------------------------
2023-01-02 06:16:42.809 [Debug] NCPing=-1000

--------------------------------------------------------------------------------
2023-01-02 06:16:42.809 [Info] Connection approved [c5f89c02-4825-4fb8-b92b-b6e62a2b8936].

--------------------------------------------------------------------------------
2023-01-02 06:16:42.871 [Debug] Connection established to remote [c5f89c02-4825-4fb8-b92b-b6e62a2b8936/26.187.128.71:52486].

--------------------------------------------------------------------------------
2023-01-02 06:16:42.871 [Info] Connected [c5f89c02-4825-4fb8-b92b-b6e62a2b8936].

--------------------------------------------------------------------------------
2023-01-02 06:19:29.752 [Debug] hail Time=1415 Offset=63808237168518 Real=63808237169933

--------------------------------------------------------------------------------
2023-01-02 06:19:29.752 [Debug] local Time=4804037 Offset=63808232365715 Real=63808237169752

--------------------------------------------------------------------------------
2023-01-02 06:19:29.752 [Debug] real delta=-180

--------------------------------------------------------------------------------
2023-01-02 06:19:29.753 [Debug] NCPing=-1000

--------------------------------------------------------------------------------
2023-01-02 06:19:29.753 [Info] Connection approved [3c7a5b6e-ae23-4ca7-b97d-e505d3085215].

--------------------------------------------------------------------------------
2023-01-02 06:19:29.793 [Debug] Connection established to remote [3c7a5b6e-ae23-4ca7-b97d-e505d3085215/26.187.128.71:51095].

--------------------------------------------------------------------------------
2023-01-02 06:19:29.793 [Info] Connected [3c7a5b6e-ae23-4ca7-b97d-e505d3085215].

--------------------------------------------------------------------------------
2023-01-02 06:19:55.040 [Debug] StatusChanged: [NetIncomingMessage #10 10 bytes] [Disconnected]

--------------------------------------------------------------------------------
2023-01-02 06:19:55.040 [Debug] Connection terminated to remote [3c7a5b6e-ae23-4ca7-b97d-e505d3085215/26.187.128.71:51095].

--------------------------------------------------------------------------------
2023-01-02 06:19:55.040 [Info] Disconnected [3c7a5b6e-ae23-4ca7-b97d-e505d3085215].

--------------------------------------------------------------------------------
2023-01-02 06:19:55.040 [Debug] Client disconnected ([menu])

--------------------------------------------------------------------------------
2023-01-02 06:20:14.449 [Debug] hail Time=1697 Offset=63808237212265 Real=63808237213963

--------------------------------------------------------------------------------
2023-01-02 06:20:14.449 [Debug] local Time=4848733 Offset=63808232365715 Real=63808237214448

--------------------------------------------------------------------------------
2023-01-02 06:20:14.449 [Debug] real delta=485

--------------------------------------------------------------------------------
2023-01-02 06:20:14.449 [Debug] NCPing=-1000

--------------------------------------------------------------------------------
2023-01-02 06:20:14.450 [Info] Connection approved [e00c0bee-47b3-42e6-ae08-3e51ef7c4a49].

--------------------------------------------------------------------------------
2023-01-02 06:20:14.506 [Debug] Connection established to remote [e00c0bee-47b3-42e6-ae08-3e51ef7c4a49/26.187.128.71:60165].

--------------------------------------------------------------------------------
2023-01-02 06:20:14.506 [Info] Connected [e00c0bee-47b3-42e6-ae08-3e51ef7c4a49].

--------------------------------------------------------------------------------
2023-01-02 06:23:59.164 [Debug] StatusChanged: [NetIncomingMessage #0 10 bytes] [Disconnected]

--------------------------------------------------------------------------------
2023-01-02 06:23:59.164 [Debug] Connection terminated to remote [e00c0bee-47b3-42e6-ae08-3e51ef7c4a49/26.187.128.71:60165].

--------------------------------------------------------------------------------
2023-01-02 06:23:59.164 [Info] Disconnected [e00c0bee-47b3-42e6-ae08-3e51ef7c4a49].

--------------------------------------------------------------------------------
2023-01-02 06:23:59.164 [Debug] Client disconnected (Admin->[editor])

--------------------------------------------------------------------------------
2023-01-02 06:24:07.222 [Debug] StatusChanged: [NetIncomingMessage #0 14 bytes] [Disconnected]

--------------------------------------------------------------------------------
2023-01-02 06:24:07.222 [Debug] Connection terminated to remote [c5f89c02-4825-4fb8-b92b-b6e62a2b8936/26.187.128.71:52486].

--------------------------------------------------------------------------------
2023-01-02 06:24:07.222 [Info] Disconnected [c5f89c02-4825-4fb8-b92b-b6e62a2b8936].

--------------------------------------------------------------------------------
2023-01-02 06:24:07.222 [Debug] Client disconnected (Admin->Admin)

--------------------------------------------------------------------------------
2023-01-02 06:24:09.764 [Debug] hail Time=4039 Offset=63808237445556 Real=63808237449595

--------------------------------------------------------------------------------
2023-01-02 06:24:09.764 [Debug] local Time=5084049 Offset=63808232365715 Real=63808237449764

--------------------------------------------------------------------------------
2023-01-02 06:24:09.764 [Debug] real delta=168

--------------------------------------------------------------------------------
2023-01-02 06:24:09.764 [Debug] NCPing=-1000

--------------------------------------------------------------------------------
2023-01-02 06:24:09.765 [Info] Connection approved [873ec18b-2573-4a17-98d9-8a4b3381dcae].

--------------------------------------------------------------------------------
2023-01-02 06:24:09.825 [Debug] Connection established to remote [873ec18b-2573-4a17-98d9-8a4b3381dcae/26.187.128.71:54453].

--------------------------------------------------------------------------------
2023-01-02 06:24:09.825 [Info] Connected [873ec18b-2573-4a17-98d9-8a4b3381dcae].

--------------------------------------------------------------------------------
2023-01-02 06:33:08.350 [Debug] StatusChanged: [NetIncomingMessage #0 10 bytes] [Disconnected]

--------------------------------------------------------------------------------
2023-01-02 06:33:08.350 [Debug] Connection terminated to remote [873ec18b-2573-4a17-98d9-8a4b3381dcae/26.187.128.71:54453].

--------------------------------------------------------------------------------
2023-01-02 06:33:08.350 [Info] Disconnected [873ec18b-2573-4a17-98d9-8a4b3381dcae].

--------------------------------------------------------------------------------
2023-01-02 06:33:08.350 [Debug] Client disconnected (Admin->[editor])

--------------------------------------------------------------------------------
2023-01-02 06:33:22.539 [Debug] hail Time=2497 Offset=63808237999379 Real=63808238001876

--------------------------------------------------------------------------------
2023-01-02 06:33:22.539 [Debug] local Time=5636821 Offset=63808232365715 Real=63808238002536

--------------------------------------------------------------------------------
2023-01-02 06:33:22.539 [Debug] real delta=659

--------------------------------------------------------------------------------
2023-01-02 06:33:22.539 [Debug] NCPing=-1000

--------------------------------------------------------------------------------
2023-01-02 06:33:22.540 [Info] Connection approved [cb8b4bb6-2384-4045-86a2-4eaf4d2cfcf6].

--------------------------------------------------------------------------------
2023-01-02 06:33:22.609 [Debug] Connection established to remote [cb8b4bb6-2384-4045-86a2-4eaf4d2cfcf6/26.187.128.71:65243].

--------------------------------------------------------------------------------
2023-01-02 06:33:22.609 [Info] Connected [cb8b4bb6-2384-4045-86a2-4eaf4d2cfcf6].

--------------------------------------------------------------------------------
2023-01-02 06:49:20.932 [Debug] StatusChanged: [NetIncomingMessage #0 10 bytes] [Disconnected]

--------------------------------------------------------------------------------
2023-01-02 06:49:20.932 [Debug] Connection terminated to remote [cb8b4bb6-2384-4045-86a2-4eaf4d2cfcf6/26.187.128.71:65243].

--------------------------------------------------------------------------------
2023-01-02 06:49:20.932 [Info] Disconnected [cb8b4bb6-2384-4045-86a2-4eaf4d2cfcf6].

--------------------------------------------------------------------------------
2023-01-02 06:49:20.932 [Debug] Client disconnected (Admin->[editor])

--------------------------------------------------------------------------------
2023-01-02 06:49:27.315 [Debug] hail Time=2199 Offset=63808238964836 Real=63808238967035

--------------------------------------------------------------------------------
2023-01-02 06:49:27.315 [Debug] local Time=6601600 Offset=63808232365715 Real=63808238967315

--------------------------------------------------------------------------------
2023-01-02 06:49:27.315 [Debug] real delta=280

--------------------------------------------------------------------------------
2023-01-02 06:49:27.315 [Debug] NCPing=-1000

--------------------------------------------------------------------------------
2023-01-02 06:49:27.315 [Info] Connection approved [67633913-fa2c-4251-8eb2-9a0888641e1f].

--------------------------------------------------------------------------------
2023-01-02 06:49:27.366 [Debug] Connection established to remote [67633913-fa2c-4251-8eb2-9a0888641e1f/26.187.128.71:58375].

--------------------------------------------------------------------------------
2023-01-02 06:49:27.366 [Info] Connected [67633913-fa2c-4251-8eb2-9a0888641e1f].

--------------------------------------------------------------------------------
2023-01-02 06:54:17.767 [Debug] hail Time=1820 Offset=63808239252267 Real=63808239254087

--------------------------------------------------------------------------------
2023-01-02 06:54:17.767 [Debug] local Time=6892046 Offset=63808232365715 Real=63808239257761

--------------------------------------------------------------------------------
2023-01-02 06:54:17.767 [Debug] real delta=3673

--------------------------------------------------------------------------------
2023-01-02 06:54:17.767 [Debug] NCPing=-1000

--------------------------------------------------------------------------------
2023-01-02 06:54:17.768 [Info] Connection approved [b7214a78-879a-4c54-9512-34926a760715].

--------------------------------------------------------------------------------
2023-01-02 06:54:17.897 [Debug] Connection established to remote [b7214a78-879a-4c54-9512-34926a760715/26.187.128.71:62920].

--------------------------------------------------------------------------------
2023-01-02 06:54:17.897 [Info] Connected [b7214a78-879a-4c54-9512-34926a760715].

--------------------------------------------------------------------------------
2023-01-02 06:54:40.873 [Debug] hail Time=2644 Offset=63808239272409 Real=63808239275054

--------------------------------------------------------------------------------
2023-01-02 06:54:40.874 [Debug] local Time=6915159 Offset=63808232365715 Real=63808239280874

--------------------------------------------------------------------------------
2023-01-02 06:54:40.874 [Debug] real delta=5819

--------------------------------------------------------------------------------
2023-01-02 06:54:40.874 [Debug] NCPing=-1000

--------------------------------------------------------------------------------
2023-01-02 06:54:40.874 [Info] Connection approved [a40d5a45-f9a7-418b-b7b2-016e311655bd].

--------------------------------------------------------------------------------
2023-01-02 06:54:40.991 [Debug] Connection established to remote [a40d5a45-f9a7-418b-b7b2-016e311655bd/26.187.128.71:54612].

--------------------------------------------------------------------------------
2023-01-02 06:54:40.991 [Info] Connected [a40d5a45-f9a7-418b-b7b2-016e311655bd].

--------------------------------------------------------------------------------
2023-01-02 06:54:59.980 [Debug] StatusChanged: [NetIncomingMessage #0 10 bytes] [Disconnected]

--------------------------------------------------------------------------------
2023-01-02 06:54:59.980 [Debug] Connection terminated to remote [b7214a78-879a-4c54-9512-34926a760715/26.187.128.71:62920].

--------------------------------------------------------------------------------
2023-01-02 06:54:59.980 [Info] Disconnected [b7214a78-879a-4c54-9512-34926a760715].

--------------------------------------------------------------------------------
2023-01-02 06:54:59.980 [Debug] Client disconnected (Admin->Admin)

--------------------------------------------------------------------------------
2023-01-02 06:55:01.618 [Debug] StatusChanged: [NetIncomingMessage #0 10 bytes] [Disconnected]

--------------------------------------------------------------------------------
2023-01-02 06:55:01.618 [Debug] Connection terminated to remote [a40d5a45-f9a7-418b-b7b2-016e311655bd/26.187.128.71:54612].

--------------------------------------------------------------------------------
2023-01-02 06:55:01.618 [Info] Disconnected [a40d5a45-f9a7-418b-b7b2-016e311655bd].

--------------------------------------------------------------------------------
2023-01-02 06:55:01.618 [Debug] Client disconnected ([menu])

--------------------------------------------------------------------------------
2023-01-02 06:58:16.885 [Debug] StatusChanged: [NetIncomingMessage #0 10 bytes] [Disconnected]

--------------------------------------------------------------------------------
2023-01-02 06:58:16.885 [Debug] Connection terminated to remote [67633913-fa2c-4251-8eb2-9a0888641e1f/26.187.128.71:58375].

--------------------------------------------------------------------------------
2023-01-02 06:58:16.885 [Info] Disconnected [67633913-fa2c-4251-8eb2-9a0888641e1f].

--------------------------------------------------------------------------------
2023-01-02 06:58:16.885 [Debug] Client disconnected (Admin->[editor])

--------------------------------------------------------------------------------
2023-01-02 06:58:21.529 [Debug] hail Time=1706 Offset=63808239499824 Real=63808239501530

--------------------------------------------------------------------------------
2023-01-02 06:58:21.529 [Debug] local Time=7135814 Offset=63808232365715 Real=63808239501529

--------------------------------------------------------------------------------
2023-01-02 06:58:21.529 [Debug] real delta=-1

--------------------------------------------------------------------------------
2023-01-02 06:58:21.529 [Debug] NCPing=-1000

--------------------------------------------------------------------------------
2023-01-02 06:58:21.530 [Info] Connection approved [9dd9c659-51dd-43b4-a95d-a904a35ce4de].

--------------------------------------------------------------------------------
2023-01-02 06:58:21.596 [Debug] Connection established to remote [9dd9c659-51dd-43b4-a95d-a904a35ce4de/26.187.128.71:58387].

--------------------------------------------------------------------------------
2023-01-02 06:58:21.596 [Info] Connected [9dd9c659-51dd-43b4-a95d-a904a35ce4de].

--------------------------------------------------------------------------------
2023-01-02 06:58:39.813 [Debug] StatusChanged: [NetIncomingMessage #0 10 bytes] [Disconnected]

--------------------------------------------------------------------------------
2023-01-02 06:58:39.813 [Debug] Connection terminated to remote [9dd9c659-51dd-43b4-a95d-a904a35ce4de/26.187.128.71:58387].

--------------------------------------------------------------------------------
2023-01-02 06:58:39.813 [Info] Disconnected [9dd9c659-51dd-43b4-a95d-a904a35ce4de].

--------------------------------------------------------------------------------
2023-01-02 06:58:39.813 [Debug] Client disconnected (Admin->[editor])

--------------------------------------------------------------------------------
2023-01-02 06:58:44.232 [Debug] hail Time=1809 Offset=63808239522396 Real=63808239524205

--------------------------------------------------------------------------------
2023-01-02 06:58:44.232 [Debug] local Time=7158517 Offset=63808232365715 Real=63808239524232

--------------------------------------------------------------------------------
2023-01-02 06:58:44.232 [Debug] real delta=27

--------------------------------------------------------------------------------
2023-01-02 06:58:44.232 [Debug] NCPing=-1000

--------------------------------------------------------------------------------
2023-01-02 06:58:44.232 [Info] Connection approved [84020e99-c2e3-48f6-a1d4-cc5c67ecc429].

--------------------------------------------------------------------------------
2023-01-02 06:58:44.280 [Debug] Connection established to remote [84020e99-c2e3-48f6-a1d4-cc5c67ecc429/26.187.128.71:53779].

--------------------------------------------------------------------------------
2023-01-02 06:58:44.280 [Info] Connected [84020e99-c2e3-48f6-a1d4-cc5c67ecc429].

--------------------------------------------------------------------------------
2023-01-02 07:13:05.635 [Debug] StatusChanged: [NetIncomingMessage #0 10 bytes] [Disconnected]

--------------------------------------------------------------------------------
2023-01-02 07:13:05.635 [Debug] Connection terminated to remote [84020e99-c2e3-48f6-a1d4-cc5c67ecc429/26.187.128.71:53779].

--------------------------------------------------------------------------------
2023-01-02 07:13:05.635 [Info] Disconnected [84020e99-c2e3-48f6-a1d4-cc5c67ecc429].

--------------------------------------------------------------------------------
2023-01-02 07:13:05.635 [Debug] Client disconnected (Admin->[editor])

--------------------------------------------------------------------------------
2023-01-02 07:13:10.086 [Debug] hail Time=1715 Offset=63808240388249 Real=63808240389964

--------------------------------------------------------------------------------
2023-01-02 07:13:10.086 [Debug] local Time=8024360 Offset=63808232365715 Real=63808240390075

--------------------------------------------------------------------------------
2023-01-02 07:13:10.086 [Debug] real delta=111

--------------------------------------------------------------------------------
2023-01-02 07:13:10.086 [Debug] NCPing=-1000

--------------------------------------------------------------------------------
2023-01-02 07:13:10.086 [Info] Connection approved [d0b67973-be01-48d6-8941-95137143255b].

--------------------------------------------------------------------------------
2023-01-02 07:13:10.126 [Debug] Connection established to remote [d0b67973-be01-48d6-8941-95137143255b/26.187.128.71:58239].

--------------------------------------------------------------------------------
2023-01-02 07:13:10.126 [Info] Connected [d0b67973-be01-48d6-8941-95137143255b].

--------------------------------------------------------------------------------
2023-01-02 07:17:44.763 [Debug] StatusChanged: [NetIncomingMessage #0 10 bytes] [Disconnected]

--------------------------------------------------------------------------------
2023-01-02 07:17:44.763 [Debug] Connection terminated to remote [d0b67973-be01-48d6-8941-95137143255b/26.187.128.71:58239].

--------------------------------------------------------------------------------
2023-01-02 07:17:44.763 [Info] Disconnected [d0b67973-be01-48d6-8941-95137143255b].

--------------------------------------------------------------------------------
2023-01-02 07:17:44.763 [Debug] Client disconnected (Admin->[editor])

--------------------------------------------------------------------------------
2023-01-02 07:17:50.246 [Debug] hail Time=1783 Offset=63808240667991 Real=63808240669790

--------------------------------------------------------------------------------
2023-01-02 07:17:50.246 [Debug] local Time=8304529 Offset=63808232365715 Real=63808240670244

--------------------------------------------------------------------------------
2023-01-02 07:17:50.246 [Debug] real delta=453

--------------------------------------------------------------------------------
2023-01-02 07:17:50.246 [Debug] NCPing=-1000

--------------------------------------------------------------------------------
2023-01-02 07:17:50.246 [Info] Connection approved [ef4dd4e2-7729-4c96-9805-4a675e28b3ec].

--------------------------------------------------------------------------------
2023-01-02 07:17:50.300 [Debug] Connection established to remote [ef4dd4e2-7729-4c96-9805-4a675e28b3ec/26.187.128.71:50352].

--------------------------------------------------------------------------------
2023-01-02 07:17:50.300 [Info] Connected [ef4dd4e2-7729-4c96-9805-4a675e28b3ec].

--------------------------------------------------------------------------------
2023-01-02 07:47:23.292 [Debug] StatusChanged: [NetIncomingMessage #0 10 bytes] [Disconnected]

--------------------------------------------------------------------------------
2023-01-02 07:47:23.292 [Debug] Connection terminated to remote [ef4dd4e2-7729-4c96-9805-4a675e28b3ec/26.187.128.71:50352].

--------------------------------------------------------------------------------
2023-01-02 07:47:23.292 [Info] Disconnected [ef4dd4e2-7729-4c96-9805-4a675e28b3ec].

--------------------------------------------------------------------------------
2023-01-02 07:47:23.292 [Debug] Client disconnected (Admin->[editor])

--------------------------------------------------------------------------------
2023-01-02 07:47:29.720 [Debug] hail Time=2377 Offset=63808242446931 Real=63808242449308

--------------------------------------------------------------------------------
2023-01-02 07:47:29.720 [Debug] local Time=10084005 Offset=63808232365715 Real=63808242449720

--------------------------------------------------------------------------------
2023-01-02 07:47:29.720 [Debug] real delta=411

--------------------------------------------------------------------------------
2023-01-02 07:47:29.720 [Debug] NCPing=-1000

--------------------------------------------------------------------------------
2023-01-02 07:47:29.720 [Info] Connection approved [c0d48167-63de-4825-831b-97204d9b997a].

--------------------------------------------------------------------------------
2023-01-02 07:47:29.777 [Debug] Connection established to remote [c0d48167-63de-4825-831b-97204d9b997a/26.187.128.71:63472].

--------------------------------------------------------------------------------
2023-01-02 07:47:29.777 [Info] Connected [c0d48167-63de-4825-831b-97204d9b997a].

--------------------------------------------------------------------------------
2023-01-02 07:52:43.995 [Debug] StatusChanged: [NetIncomingMessage #0 10 bytes] [Disconnected]

--------------------------------------------------------------------------------
2023-01-02 07:52:43.995 [Debug] Connection terminated to remote [c0d48167-63de-4825-831b-97204d9b997a/26.187.128.71:63472].

--------------------------------------------------------------------------------
2023-01-02 07:52:43.995 [Info] Disconnected [c0d48167-63de-4825-831b-97204d9b997a].

--------------------------------------------------------------------------------
2023-01-02 07:52:43.995 [Debug] Client disconnected (Admin->[editor])

--------------------------------------------------------------------------------
2023-01-02 07:52:49.841 [Debug] hail Time=2317 Offset=63808242767146 Real=63808242769464

--------------------------------------------------------------------------------
2023-01-02 07:52:49.841 [Debug] local Time=10404126 Offset=63808232365715 Real=63808242769841

--------------------------------------------------------------------------------
2023-01-02 07:52:49.841 [Debug] real delta=377

--------------------------------------------------------------------------------
2023-01-02 07:52:49.841 [Debug] NCPing=-1000

--------------------------------------------------------------------------------
2023-01-02 07:52:49.842 [Info] Connection approved [b47b013e-afb6-4c96-b84a-d32417eff9e2].

--------------------------------------------------------------------------------
2023-01-02 07:52:49.902 [Debug] Connection established to remote [b47b013e-afb6-4c96-b84a-d32417eff9e2/26.187.128.71:49999].

--------------------------------------------------------------------------------
2023-01-02 07:52:49.902 [Info] Connected [b47b013e-afb6-4c96-b84a-d32417eff9e2].

--------------------------------------------------------------------------------
2023-01-02 07:59:37.798 [Debug] StatusChanged: [NetIncomingMessage #0 10 bytes] [Disconnected]

--------------------------------------------------------------------------------
2023-01-02 07:59:37.798 [Debug] Connection terminated to remote [b47b013e-afb6-4c96-b84a-d32417eff9e2/26.187.128.71:49999].

--------------------------------------------------------------------------------
2023-01-02 07:59:37.798 [Info] Disconnected [b47b013e-afb6-4c96-b84a-d32417eff9e2].

--------------------------------------------------------------------------------
2023-01-02 07:59:37.798 [Debug] Client disconnected (Admin->[editor])

--------------------------------------------------------------------------------
2023-01-02 07:59:43.937 [Debug] hail Time=2308 Offset=63808243181228 Real=63808243183537

--------------------------------------------------------------------------------
2023-01-02 07:59:43.937 [Debug] local Time=10818222 Offset=63808232365715 Real=63808243183937

--------------------------------------------------------------------------------
2023-01-02 07:59:43.937 [Debug] real delta=399

--------------------------------------------------------------------------------
2023-01-02 07:59:43.937 [Debug] NCPing=-1000

--------------------------------------------------------------------------------
2023-01-02 07:59:43.937 [Info] Connection approved [bdf09839-d353-42af-92a5-c9553d2af665].

--------------------------------------------------------------------------------
2023-01-02 07:59:43.985 [Debug] Connection established to remote [bdf09839-d353-42af-92a5-c9553d2af665/26.187.128.71:54047].

--------------------------------------------------------------------------------
2023-01-02 07:59:43.985 [Info] Connected [bdf09839-d353-42af-92a5-c9553d2af665].

--------------------------------------------------------------------------------
2023-01-02 08:06:02.074 [Debug] StatusChanged: [NetIncomingMessage #0 10 bytes] [Disconnected]

--------------------------------------------------------------------------------
2023-01-02 08:06:02.074 [Debug] Connection terminated to remote [bdf09839-d353-42af-92a5-c9553d2af665/26.187.128.71:54047].

--------------------------------------------------------------------------------
2023-01-02 08:06:02.074 [Info] Disconnected [bdf09839-d353-42af-92a5-c9553d2af665].

--------------------------------------------------------------------------------
2023-01-02 08:06:02.074 [Debug] Client disconnected (Admin->[editor])

--------------------------------------------------------------------------------
2023-01-02 08:06:10.552 [Debug] hail Time=3566 Offset=63808243566270 Real=63808243569836

--------------------------------------------------------------------------------
2023-01-02 08:06:10.552 [Debug] local Time=11204826 Offset=63808232365715 Real=63808243570541

--------------------------------------------------------------------------------
2023-01-02 08:06:10.552 [Debug] real delta=704

--------------------------------------------------------------------------------
2023-01-02 08:06:10.552 [Debug] NCPing=-1000

--------------------------------------------------------------------------------
2023-01-02 08:06:10.553 [Info] Connection approved [ece1bae8-6b11-4a2e-86e9-357923168b78].

--------------------------------------------------------------------------------
2023-01-02 08:06:10.588 [Debug] hail Time=3588 Offset=63808243566387 Real=63808243569975

--------------------------------------------------------------------------------
2023-01-02 08:06:10.588 [Debug] local Time=11204873 Offset=63808232365715 Real=63808243570588

--------------------------------------------------------------------------------
2023-01-02 08:06:10.588 [Debug] real delta=612

--------------------------------------------------------------------------------
2023-01-02 08:06:10.588 [Debug] NCPing=-1000

--------------------------------------------------------------------------------
2023-01-02 08:06:10.588 [Info] Connection approved [b231f3b3-7226-4969-8a29-786434cdcb24].

--------------------------------------------------------------------------------
2023-01-02 08:06:10.609 [Debug] Connection established to remote [ece1bae8-6b11-4a2e-86e9-357923168b78/26.187.128.71:64088].

--------------------------------------------------------------------------------
2023-01-02 08:06:10.609 [Info] Connected [ece1bae8-6b11-4a2e-86e9-357923168b78].

--------------------------------------------------------------------------------
2023-01-02 08:06:10.636 [Debug] Connection established to remote [b231f3b3-7226-4969-8a29-786434cdcb24/26.187.128.71:64089].

--------------------------------------------------------------------------------
2023-01-02 08:06:10.636 [Info] Connected [b231f3b3-7226-4969-8a29-786434cdcb24].

--------------------------------------------------------------------------------
2023-01-02 08:06:16.278 [Debug] StatusChanged: [NetIncomingMessage #0 10 bytes] [Disconnected]

--------------------------------------------------------------------------------
2023-01-02 08:06:16.278 [Debug] Connection terminated to remote [b231f3b3-7226-4969-8a29-786434cdcb24/26.187.128.71:64089].

--------------------------------------------------------------------------------
2023-01-02 08:06:16.278 [Info] Disconnected [b231f3b3-7226-4969-8a29-786434cdcb24].

--------------------------------------------------------------------------------
2023-01-02 08:06:16.278 [Debug] Client disconnected ([menu])

--------------------------------------------------------------------------------
2023-01-02 08:09:33.609 [Debug] StatusChanged: [NetIncomingMessage #0 10 bytes] [Disconnected]

--------------------------------------------------------------------------------
2023-01-02 08:09:33.609 [Debug] Connection terminated to remote [ece1bae8-6b11-4a2e-86e9-357923168b78/26.187.128.71:64088].

--------------------------------------------------------------------------------
2023-01-02 08:09:33.609 [Info] Disconnected [ece1bae8-6b11-4a2e-86e9-357923168b78].

--------------------------------------------------------------------------------
2023-01-02 08:09:33.609 [Debug] Client disconnected (Admin->[editor])

--------------------------------------------------------------------------------
2023-01-02 09:17:01.363 [Debug] StatusChanged: [NetIncomingMessage #0 14 bytes] [Disconnected]

--------------------------------------------------------------------------------
2023-01-02 09:17:01.363 [Debug] Connection terminated to remote [6635bf47-e370-4c92-afed-b859bdb44187/26.82.96.248:57706].

--------------------------------------------------------------------------------
2023-01-02 09:17:01.364 [Info] Disconnected [6635bf47-e370-4c92-afed-b859bdb44187].

--------------------------------------------------------------------------------
2023-01-02 09:17:01.364 [Debug] Client disconnected (PCC->Cac)

--------------------------------------------------------------------------------
