2022-12-14 07:17:26.649 [Debug] Loaded new formula from BaseExp * Power(Gain, Level).

--------------------------------------------------------------------------------
2022-12-14 07:17:26.654 [Debug] Loaded new formula from BaseExp * Power(Gain, Level).

--------------------------------------------------------------------------------
2022-12-14 07:17:29.189 [Warn] Directory was specified as a plugin directory but does not exist: 'resources\plugins'

--------------------------------------------------------------------------------
2022-12-14 07:17:29.189 [Info] Discovered 0 plugins:


--------------------------------------------------------------------------------
Listening on 0.0.0.0:5400.

--------------------------------------------------------------------------------
UPnP Service Initialization Succeeded

--------------------------------------------------------------------------------
Successfully auto port forwarded udp port 5400 using UPnP.

--------------------------------------------------------------------------------
Successfully auto port forwarded tcp port 5400 using UPnP.

--------------------------------------------------------------------------------
2022-12-14 07:30:56.714 [Info] Acquiring context lock... (0ms)

--------------------------------------------------------------------------------
2022-12-14 07:30:56.714 [Info] Acquired. (0ms)

--------------------------------------------------------------------------------
2022-12-14 07:30:56.715 [Info] Beginning context dispose. (0ms)

--------------------------------------------------------------------------------
2022-12-14 07:30:56.717 [Info] Disposing network... (0ms)

--------------------------------------------------------------------------------
2022-12-14 07:30:56.719 [Info] Saving updated server variable values

--------------------------------------------------------------------------------
2022-12-14 07:30:56.719 [Info] Saving online users/players... (2ms)

--------------------------------------------------------------------------------
2022-12-14 07:30:56.737 [Info] Saving loaded guilds....

--------------------------------------------------------------------------------
2022-12-14 07:30:56.737 [Info] Online users/players saved. (20ms)

--------------------------------------------------------------------------------
2022-12-14 07:30:56.737 [Info] Shutting down the API... (20ms)

--------------------------------------------------------------------------------
2022-12-14 07:30:56.740 [Info] Shutting down the console thread... (22ms)

--------------------------------------------------------------------------------
2022-12-14 07:30:57.753 [Info] Base dispose. (1035ms)

--------------------------------------------------------------------------------
2022-12-14 07:30:57.753 [Info] Finished disposing server context. (1036ms)

--------------------------------------------------------------------------------
