2023-01-30 18:06:31.618 [Debug] Loaded new formula from BaseExp * Power(Gain, Level).

--------------------------------------------------------------------------------
2023-01-30 18:06:31.623 [Debug] Loaded new formula from BaseExp * Power(Gain, Level).

--------------------------------------------------------------------------------
2023-01-30 18:06:33.530 [Warn] Directory was specified as a plugin directory but does not exist: 'resources\plugins'

--------------------------------------------------------------------------------
2023-01-30 18:06:33.536 [Info] Discovered 0 plugins:


--------------------------------------------------------------------------------
Listening on 0.0.0.0:5400.

--------------------------------------------------------------------------------
2023-01-30 18:06:34.007 [Debug] hail Time=109615 Offset=63810698672161 Real=63810698781777

--------------------------------------------------------------------------------
2023-01-30 18:06:34.007 [Debug] local Time=552 Offset=63810698793455 Real=63810698794007

--------------------------------------------------------------------------------
2023-01-30 18:06:34.007 [Debug] real delta=12230

--------------------------------------------------------------------------------
2023-01-30 18:06:34.007 [Debug] NCPing=-1000

--------------------------------------------------------------------------------
2023-01-30 18:06:34.043 [Info] Connection approved [a2552835-f0fe-45cc-aa42-cd3968747d9b].

--------------------------------------------------------------------------------
2023-01-30 18:06:34.050 [Debug] Connection established to remote [a2552835-f0fe-45cc-aa42-cd3968747d9b/26.82.96.248:65477].

--------------------------------------------------------------------------------
2023-01-30 18:06:34.050 [Info] Connected [a2552835-f0fe-45cc-aa42-cd3968747d9b].

--------------------------------------------------------------------------------
UPnP Service Initialization Succeeded

--------------------------------------------------------------------------------
Successfully auto port forwarded udp port 5400 using UPnP.

--------------------------------------------------------------------------------
Successfully auto port forwarded tcp port 5400 using UPnP.

--------------------------------------------------------------------------------
2023-01-30 18:08:59.317 [Info] Acquiring context lock... (0ms)

--------------------------------------------------------------------------------
2023-01-30 18:08:59.317 [Info] Acquired. (0ms)

--------------------------------------------------------------------------------
2023-01-30 18:08:59.319 [Info] Beginning context dispose. (0ms)

--------------------------------------------------------------------------------
2023-01-30 18:08:59.322 [Info] Disposing network... (0ms)

--------------------------------------------------------------------------------
2023-01-30 18:08:59.325 [Debug] StatusChanged: [NetIncomingMessage #0 10 bytes] [Disconnecting]

--------------------------------------------------------------------------------
2023-01-30 18:08:59.328 [Info] Saving updated server variable values

--------------------------------------------------------------------------------
2023-01-30 18:08:59.328 [Info] Saving online users/players... (5ms)

--------------------------------------------------------------------------------
2023-01-30 18:08:59.335 [Debug] StatusChanged: [NetIncomingMessage #0 14 bytes] [Disconnected]

--------------------------------------------------------------------------------
2023-01-30 18:08:59.356 [Info] Saving loaded guilds....

--------------------------------------------------------------------------------
2023-01-30 18:08:59.356 [Info] Online users/players saved. (33ms)

--------------------------------------------------------------------------------
2023-01-30 18:08:59.356 [Info] Shutting down the API... (34ms)

--------------------------------------------------------------------------------
2023-01-30 18:08:59.361 [Info] Shutting down the console thread... (38ms)

--------------------------------------------------------------------------------
2023-01-30 18:09:00.374 [Info] Base dispose. (1051ms)

--------------------------------------------------------------------------------
2023-01-30 18:09:00.374 [Info] Finished disposing server context. (1051ms)

--------------------------------------------------------------------------------
