2023-01-30 18:54:28.785 [Debug] Loaded new formula from BaseExp * Power(Gain, Level).

--------------------------------------------------------------------------------
2023-01-30 18:54:28.790 [Debug] Loaded new formula from BaseExp * Power(Gain, Level).

--------------------------------------------------------------------------------
2023-01-30 18:54:30.892 [Warn] Directory was specified as a plugin directory but does not exist: 'resources\plugins'

--------------------------------------------------------------------------------
2023-01-30 18:54:30.893 [Info] Discovered 0 plugins:


--------------------------------------------------------------------------------
Listening on 0.0.0.0:5400.

--------------------------------------------------------------------------------
UPnP Service Initialization Succeeded

--------------------------------------------------------------------------------
Successfully auto port forwarded udp port 5400 using UPnP.

--------------------------------------------------------------------------------
Successfully auto port forwarded tcp port 5400 using UPnP.

--------------------------------------------------------------------------------
2023-01-30 18:54:33.464 [Debug] hail Time=85002 Offset=63810701579226 Real=63810701664229

--------------------------------------------------------------------------------
2023-01-30 18:54:33.464 [Debug] local Time=2648 Offset=63810701670815 Real=63810701673464

--------------------------------------------------------------------------------
2023-01-30 18:54:33.464 [Debug] real delta=9235

--------------------------------------------------------------------------------
2023-01-30 18:54:33.464 [Debug] NCPing=-1000

--------------------------------------------------------------------------------
2023-01-30 18:54:33.499 [Info] Connection approved [922e37ba-e560-4b8f-b732-0c7d6ecada7d].

--------------------------------------------------------------------------------
2023-01-30 18:54:33.517 [Debug] Connection established to remote [922e37ba-e560-4b8f-b732-0c7d6ecada7d/26.82.96.248:50669].

--------------------------------------------------------------------------------
2023-01-30 18:54:33.518 [Info] Connected [922e37ba-e560-4b8f-b732-0c7d6ecada7d].

--------------------------------------------------------------------------------
2023-01-30 18:54:38.405 [Debug] Creating new instance with ID 00000000-0000-0000-0000-000000000000 for map New Map

--------------------------------------------------------------------------------
2023-01-30 18:54:38.419 [Debug] Creating new instance with ID 00000000-0000-0000-0000-000000000000 for map New Map

--------------------------------------------------------------------------------
2023-01-30 18:54:38.420 [Debug] Creating new instance with ID 00000000-0000-0000-0000-000000000000 for map New Map

--------------------------------------------------------------------------------
2023-01-30 18:54:38.420 [Debug] Creating new instance with ID 00000000-0000-0000-0000-000000000000 for map New Map

--------------------------------------------------------------------------------
2023-01-30 18:57:34.945 [Debug] StatusChanged: [NetIncomingMessage #0 14 bytes] [Disconnected]

--------------------------------------------------------------------------------
2023-01-30 18:57:34.946 [Debug] Connection terminated to remote [922e37ba-e560-4b8f-b732-0c7d6ecada7d/26.82.96.248:50669].

--------------------------------------------------------------------------------
2023-01-30 18:57:34.946 [Info] Disconnected [922e37ba-e560-4b8f-b732-0c7d6ecada7d].

--------------------------------------------------------------------------------
2023-01-30 18:57:34.947 [Debug] Client disconnected (PCC->PCC)

--------------------------------------------------------------------------------
2023-01-30 18:57:42.796 [Debug] hail Time=0 Offset=63810701862594 Real=63810701862594

--------------------------------------------------------------------------------
2023-01-30 18:57:42.796 [Debug] local Time=191980 Offset=63810701670815 Real=63810701862796

--------------------------------------------------------------------------------
2023-01-30 18:57:42.796 [Debug] real delta=202

--------------------------------------------------------------------------------
2023-01-30 18:57:42.796 [Debug] NCPing=-1000

--------------------------------------------------------------------------------
2023-01-30 18:57:42.797 [Info] Connection approved [e8755cd3-4f2d-493f-bd2e-c259a09f4413].

--------------------------------------------------------------------------------
2023-01-30 18:57:42.802 [Debug] Connection established to remote [e8755cd3-4f2d-493f-bd2e-c259a09f4413/26.82.96.248:54178].

--------------------------------------------------------------------------------
2023-01-30 18:57:42.802 [Info] Connected [e8755cd3-4f2d-493f-bd2e-c259a09f4413].

--------------------------------------------------------------------------------
2023-01-30 19:01:14.954 [Debug] Creating new instance with ID 00000000-0000-0000-0000-000000000000 for map Jobs

--------------------------------------------------------------------------------
2023-01-30 19:01:19.468 [Debug] Creating new instance with ID 00000000-0000-0000-0000-000000000000 for map Test

--------------------------------------------------------------------------------
2023-01-30 19:11:48.104 [Info] Acquiring context lock... (0ms)

--------------------------------------------------------------------------------
2023-01-30 19:11:48.104 [Info] Acquired. (0ms)

--------------------------------------------------------------------------------
2023-01-30 19:11:48.106 [Info] Beginning context dispose. (0ms)

--------------------------------------------------------------------------------
2023-01-30 19:11:48.109 [Info] Disposing network... (0ms)

--------------------------------------------------------------------------------
2023-01-30 19:11:48.111 [Debug] StatusChanged: [NetIncomingMessage #0 10 bytes] [Disconnecting]

--------------------------------------------------------------------------------
2023-01-30 19:11:48.111 [Info] Saving updated server variable values

--------------------------------------------------------------------------------
2023-01-30 19:11:48.111 [Info] Saving online users/players... (3ms)

--------------------------------------------------------------------------------
2023-01-30 19:11:48.119 [Debug] StatusChanged: [NetIncomingMessage #0 14 bytes] [Disconnected]

--------------------------------------------------------------------------------
2023-01-30 19:11:48.146 [Info] Saving loaded guilds....

--------------------------------------------------------------------------------
2023-01-30 19:11:48.146 [Info] Online users/players saved. (38ms)

--------------------------------------------------------------------------------
2023-01-30 19:11:48.148 [Info] Shutting down the API... (39ms)

--------------------------------------------------------------------------------
2023-01-30 19:11:48.151 [Info] Shutting down the console thread... (42ms)

--------------------------------------------------------------------------------
2023-01-30 19:11:49.157 [Info] Base dispose. (1049ms)

--------------------------------------------------------------------------------
2023-01-30 19:11:49.157 [Info] Finished disposing server context. (1049ms)

--------------------------------------------------------------------------------
