2023-02-01 03:01:46.463 [Debug] Loaded new formula from BaseExp * Power(Gain, Level).

--------------------------------------------------------------------------------
2023-02-01 03:01:46.463 [Debug] Loaded new formula from BaseExp * Power(Gain, Level).

--------------------------------------------------------------------------------
2023-02-01 03:01:48.154 [Warn] Directory was specified as a plugin directory but does not exist: 'resources\plugins'

--------------------------------------------------------------------------------
2023-02-01 03:01:48.154 [Info] Discovered 0 plugins:


--------------------------------------------------------------------------------
Listening on 0.0.0.0:5400.

--------------------------------------------------------------------------------
UPnP Service Initialization Succeeded

--------------------------------------------------------------------------------
Successfully auto port forwarded udp port 5400 using UPnP.

--------------------------------------------------------------------------------
Successfully auto port forwarded tcp port 5400 using UPnP.

--------------------------------------------------------------------------------
2023-02-01 03:05:20.309 [Info] Acquiring context lock... (0ms)

--------------------------------------------------------------------------------
2023-02-01 03:05:20.309 [Info] Acquired. (0ms)

--------------------------------------------------------------------------------
2023-02-01 03:05:20.309 [Info] Beginning context dispose. (0ms)

--------------------------------------------------------------------------------
2023-02-01 03:05:20.309 [Info] Disposing network... (0ms)

--------------------------------------------------------------------------------
2023-02-01 03:05:20.309 [Info] Saving updated server variable values

--------------------------------------------------------------------------------
2023-02-01 03:05:20.309 [Info] Saving online users/players... (3ms)

--------------------------------------------------------------------------------
2023-02-01 03:05:20.338 [Info] Saving loaded guilds....

--------------------------------------------------------------------------------
2023-02-01 03:05:20.338 [Info] Online users/players saved. (23ms)

--------------------------------------------------------------------------------
2023-02-01 03:05:20.338 [Info] Shutting down the API... (23ms)

--------------------------------------------------------------------------------
2023-02-01 03:05:20.338 [Info] Shutting down the console thread... (26ms)

--------------------------------------------------------------------------------
2023-02-01 03:05:21.349 [Info] Base dispose. (1040ms)

--------------------------------------------------------------------------------
2023-02-01 03:05:21.349 [Info] Finished disposing server context. (1040ms)

--------------------------------------------------------------------------------
