2023-01-02 03:35:30.798 [Debug] Loaded new formula from BaseExp * Power(Gain, Level).

--------------------------------------------------------------------------------
2023-01-02 03:35:30.804 [Debug] Loaded new formula from BaseExp * Power(Gain, Level).

--------------------------------------------------------------------------------
2023-01-02 03:35:33.452 [Warn] Directory was specified as a plugin directory but does not exist: 'resources\plugins'

--------------------------------------------------------------------------------
2023-01-02 03:35:33.459 [Info] Discovered 0 plugins:


--------------------------------------------------------------------------------
Listening on 0.0.0.0:5400.

--------------------------------------------------------------------------------
2023-01-02 03:35:33.770 [Error] Failed to start API.
System.Reflection.TargetInvocationException: Exception has been thrown by the target of an invocation. ---> System.Net.HttpListenerException: Access is denied
   at System.Net.HttpListener.AddAllPrefixes()
   at System.Net.HttpListener.Start()
   at Microsoft.Owin.Host.HttpListener.OwinHttpListener.Start(HttpListener listener, Func`2 appFunc, IList`1 addresses, IDictionary`2 capabilities, Func`2 loggerFactory)
   at Microsoft.Owin.Host.HttpListener.OwinServerFactory.Create(Func`2 app, IDictionary`2 properties)
   --- End of inner exception stack trace ---
   at System.RuntimeMethodHandle.InvokeMethod(Object target, Object[] arguments, Signature sig, Boolean constructor)
   at System.Reflection.RuntimeMethodInfo.UnsafeInvokeInternal(Object obj, Object[] parameters, Object[] arguments)
   at System.Reflection.RuntimeMethodInfo.Invoke(Object obj, BindingFlags invokeAttr, Binder binder, Object[] parameters, CultureInfo culture)
   at Microsoft.Owin.Hosting.ServerFactory.ServerFactoryAdapter.Create(IAppBuilder builder)
   at Microsoft.Owin.Hosting.Engine.HostingEngine.Start(StartContext context)
   at Intersect.Server.Web.RestApi.RestApi.Start()

--------------------------------------------------------------------------------
UPnP Service Initialization Succeeded

--------------------------------------------------------------------------------
Successfully auto port forwarded udp port 5400 using UPnP.

--------------------------------------------------------------------------------
2023-01-02 03:35:36.608 [Debug] hail Time=737591 Offset=63808226589736 Real=63808227327327

--------------------------------------------------------------------------------
2023-01-02 03:35:36.608 [Debug] local Time=3201 Offset=63808227333407 Real=63808227336608

--------------------------------------------------------------------------------
2023-01-02 03:35:36.608 [Debug] real delta=9280

--------------------------------------------------------------------------------
2023-01-02 03:35:36.608 [Debug] NCPing=-1000

--------------------------------------------------------------------------------
2023-01-02 03:35:36.642 [Info] Connection approved [9bf0fd0c-c02c-479a-97eb-31b7e0645733].

--------------------------------------------------------------------------------
2023-01-02 03:35:36.659 [Debug] Connection established to remote [9bf0fd0c-c02c-479a-97eb-31b7e0645733/127.0.0.1:59561].

--------------------------------------------------------------------------------
2023-01-02 03:35:36.659 [Info] Connected [9bf0fd0c-c02c-479a-97eb-31b7e0645733].

--------------------------------------------------------------------------------
2023-01-02 03:42:11.672 [Info] Acquiring context lock... (0ms)

--------------------------------------------------------------------------------
2023-01-02 03:42:11.672 [Info] Acquired. (0ms)

--------------------------------------------------------------------------------
2023-01-02 03:42:11.673 [Info] Beginning context dispose. (0ms)

--------------------------------------------------------------------------------
2023-01-02 03:42:11.675 [Info] Disposing network... (0ms)

--------------------------------------------------------------------------------
2023-01-02 03:42:11.675 [Debug] StatusChanged: [NetIncomingMessage #0 10 bytes] [Disconnecting]

--------------------------------------------------------------------------------
2023-01-02 03:42:11.676 [Info] Saving updated server variable values

--------------------------------------------------------------------------------
2023-01-02 03:42:11.676 [Info] Saving online users/players... (1ms)

--------------------------------------------------------------------------------
2023-01-02 03:42:11.680 [Debug] StatusChanged: [NetIncomingMessage #0 14 bytes] [Disconnected]

--------------------------------------------------------------------------------
2023-01-02 03:42:11.706 [Info] Saving loaded guilds....

--------------------------------------------------------------------------------
2023-01-02 03:42:11.706 [Info] Online users/players saved. (31ms)

--------------------------------------------------------------------------------
2023-01-02 03:42:11.707 [Info] Shutting down the API... (32ms)

--------------------------------------------------------------------------------
2023-01-02 03:42:11.707 [Info] Shutting down the console thread... (32ms)

--------------------------------------------------------------------------------
2023-01-02 03:42:12.713 [Info] Base dispose. (1038ms)

--------------------------------------------------------------------------------
2023-01-02 03:42:12.713 [Info] Finished disposing server context. (1038ms)

--------------------------------------------------------------------------------
