2023-01-30 17:22:06.343 [Debug] Loaded new formula from BaseExp * Power(Gain, Level).

--------------------------------------------------------------------------------
2023-01-30 17:22:06.348 [Debug] Loaded new formula from BaseExp * Power(Gain, Level).

--------------------------------------------------------------------------------
2023-01-30 17:22:08.223 [Warn] Directory was specified as a plugin directory but does not exist: 'resources\plugins'

--------------------------------------------------------------------------------
2023-01-30 17:22:08.229 [Info] Discovered 0 plugins:


--------------------------------------------------------------------------------
Listening on 0.0.0.0:5400.

--------------------------------------------------------------------------------
UPnP Service Initialization Succeeded

--------------------------------------------------------------------------------
2023-01-30 17:22:08.945 [Debug] hail Time=256163 Offset=63810695863557 Real=63810696119720

--------------------------------------------------------------------------------
2023-01-30 17:22:08.945 [Debug] local Time=794 Offset=63810696128151 Real=63810696128945

--------------------------------------------------------------------------------
2023-01-30 17:22:08.945 [Debug] real delta=9225

--------------------------------------------------------------------------------
2023-01-30 17:22:08.945 [Debug] NCPing=-1000

--------------------------------------------------------------------------------
2023-01-30 17:22:08.982 [Info] Connection approved [a3cd0006-1c20-48c2-951a-40e9549ec2d7].

--------------------------------------------------------------------------------
2023-01-30 17:22:08.997 [Debug] Connection established to remote [a3cd0006-1c20-48c2-951a-40e9549ec2d7/26.82.96.248:64255].

--------------------------------------------------------------------------------
2023-01-30 17:22:08.998 [Info] Connected [a3cd0006-1c20-48c2-951a-40e9549ec2d7].

--------------------------------------------------------------------------------
Successfully auto port forwarded udp port 5400 using UPnP.

--------------------------------------------------------------------------------
Successfully auto port forwarded tcp port 5400 using UPnP.

--------------------------------------------------------------------------------
2023-01-30 17:22:13.704 [Debug] Creating new instance with ID 00000000-0000-0000-0000-000000000000 for map New Map

--------------------------------------------------------------------------------
2023-01-30 17:22:13.712 [Debug] Creating new instance with ID 00000000-0000-0000-0000-000000000000 for map New Map

--------------------------------------------------------------------------------
2023-01-30 17:22:13.712 [Debug] Creating new instance with ID 00000000-0000-0000-0000-000000000000 for map New Map

--------------------------------------------------------------------------------
2023-01-30 17:22:13.712 [Debug] Creating new instance with ID 00000000-0000-0000-0000-000000000000 for map New Map

--------------------------------------------------------------------------------
2023-01-30 17:22:26.137 [Debug] StatusChanged: [NetIncomingMessage #0 14 bytes] [Disconnected]

--------------------------------------------------------------------------------
2023-01-30 17:22:26.138 [Debug] Connection terminated to remote [a3cd0006-1c20-48c2-951a-40e9549ec2d7/26.82.96.248:64255].

--------------------------------------------------------------------------------
2023-01-30 17:22:26.138 [Info] Disconnected [a3cd0006-1c20-48c2-951a-40e9549ec2d7].

--------------------------------------------------------------------------------
2023-01-30 17:22:26.139 [Debug] Client disconnected (PCC->PCC)

--------------------------------------------------------------------------------
2023-01-30 17:22:28.817 [Info] Acquiring context lock... (0ms)

--------------------------------------------------------------------------------
2023-01-30 17:22:28.818 [Info] Acquired. (0ms)

--------------------------------------------------------------------------------
2023-01-30 17:22:28.820 [Info] Beginning context dispose. (0ms)

--------------------------------------------------------------------------------
2023-01-30 17:22:28.823 [Info] Disposing network... (0ms)

--------------------------------------------------------------------------------
2023-01-30 17:22:28.827 [Info] Saving updated server variable values

--------------------------------------------------------------------------------
2023-01-30 17:22:28.827 [Info] Saving online users/players... (4ms)

--------------------------------------------------------------------------------
2023-01-30 17:22:28.827 [Info] Saving loaded guilds....

--------------------------------------------------------------------------------
2023-01-30 17:22:28.827 [Info] Online users/players saved. (5ms)

--------------------------------------------------------------------------------
2023-01-30 17:22:28.827 [Info] Shutting down the API... (5ms)

--------------------------------------------------------------------------------
2023-01-30 17:22:28.833 [Info] Shutting down the console thread... (10ms)

--------------------------------------------------------------------------------
2023-01-30 17:22:29.837 [Info] Base dispose. (1014ms)

--------------------------------------------------------------------------------
2023-01-30 17:22:29.837 [Info] Finished disposing server context. (1015ms)

--------------------------------------------------------------------------------
