2023-01-30 13:29:57.675 [Debug] Loaded new formula from BaseExp * Power(Gain, Level).

--------------------------------------------------------------------------------
2023-01-30 13:29:57.680 [Debug] Loaded new formula from BaseExp * Power(Gain, Level).

--------------------------------------------------------------------------------
2023-01-30 13:29:59.519 [Warn] Directory was specified as a plugin directory but does not exist: 'resources\plugins'

--------------------------------------------------------------------------------
2023-01-30 13:29:59.526 [Info] Discovered 0 plugins:


--------------------------------------------------------------------------------
Listening on 0.0.0.0:5400.

--------------------------------------------------------------------------------
UPnP Service Initialization Succeeded

--------------------------------------------------------------------------------
Successfully auto port forwarded udp port 5400 using UPnP.

--------------------------------------------------------------------------------
Successfully auto port forwarded tcp port 5400 using UPnP.

--------------------------------------------------------------------------------
2023-01-30 13:30:01.310 [Debug] hail Time=137074 Offset=63810682057653 Real=63810682194728

--------------------------------------------------------------------------------
2023-01-30 13:30:01.310 [Debug] local Time=1866 Offset=63810682199444 Real=63810682201310

--------------------------------------------------------------------------------
2023-01-30 13:30:01.310 [Debug] real delta=6582

--------------------------------------------------------------------------------
2023-01-30 13:30:01.310 [Debug] NCPing=-1000

--------------------------------------------------------------------------------
2023-01-30 13:30:01.345 [Info] Connection approved [bd7d6948-eb7d-4799-abda-fe4e780ff7c5].

--------------------------------------------------------------------------------
2023-01-30 13:30:01.385 [Debug] Connection established to remote [bd7d6948-eb7d-4799-abda-fe4e780ff7c5/26.187.128.71:60942].

--------------------------------------------------------------------------------
2023-01-30 13:30:01.386 [Info] Connected [bd7d6948-eb7d-4799-abda-fe4e780ff7c5].

--------------------------------------------------------------------------------
2023-01-30 13:30:12.750 [Debug] hail Time=0 Offset=63810682212533 Real=63810682212533

--------------------------------------------------------------------------------
2023-01-30 13:30:12.750 [Debug] local Time=13299 Offset=63810682199444 Real=63810682212743

--------------------------------------------------------------------------------
2023-01-30 13:30:12.750 [Debug] real delta=209

--------------------------------------------------------------------------------
2023-01-30 13:30:12.750 [Debug] NCPing=-1000

--------------------------------------------------------------------------------
2023-01-30 13:30:12.752 [Info] Connection approved [c507b0d4-6a06-4d31-8fae-9683fd3ebc9a].

--------------------------------------------------------------------------------
2023-01-30 13:30:12.765 [Debug] Connection established to remote [c507b0d4-6a06-4d31-8fae-9683fd3ebc9a/26.82.96.248:57272].

--------------------------------------------------------------------------------
2023-01-30 13:30:12.765 [Info] Connected [c507b0d4-6a06-4d31-8fae-9683fd3ebc9a].

--------------------------------------------------------------------------------
2023-01-30 13:30:18.321 [Debug] Creating new instance with ID 00000000-0000-0000-0000-000000000000 for map New Map

--------------------------------------------------------------------------------
2023-01-30 13:30:18.334 [Debug] Creating new instance with ID 00000000-0000-0000-0000-000000000000 for map New Map

--------------------------------------------------------------------------------
2023-01-30 13:30:18.334 [Debug] Creating new instance with ID 00000000-0000-0000-0000-000000000000 for map New Map

--------------------------------------------------------------------------------
2023-01-30 13:30:18.334 [Debug] Creating new instance with ID 00000000-0000-0000-0000-000000000000 for map New Map

--------------------------------------------------------------------------------
2023-01-30 13:31:02.243 [Debug] StatusChanged: [NetIncomingMessage #0 14 bytes] [Disconnected]

--------------------------------------------------------------------------------
2023-01-30 13:31:02.244 [Debug] Connection terminated to remote [bd7d6948-eb7d-4799-abda-fe4e780ff7c5/26.187.128.71:60942].

--------------------------------------------------------------------------------
2023-01-30 13:31:02.244 [Info] Disconnected [bd7d6948-eb7d-4799-abda-fe4e780ff7c5].

--------------------------------------------------------------------------------
2023-01-30 13:31:02.245 [Debug] Client disconnected (Shiro->Shiro)

--------------------------------------------------------------------------------
2023-01-30 13:31:27.817 [Debug] hail Time=0 Offset=63810682287598 Real=63810682287598

--------------------------------------------------------------------------------
2023-01-30 13:31:27.817 [Debug] local Time=88366 Offset=63810682199444 Real=63810682287810

--------------------------------------------------------------------------------
2023-01-30 13:31:27.817 [Debug] real delta=212

--------------------------------------------------------------------------------
2023-01-30 13:31:27.817 [Debug] NCPing=-1000

--------------------------------------------------------------------------------
2023-01-30 13:31:27.818 [Info] Connection approved [1ce1f01c-917c-4dd8-858c-8db8973f5c3b].

--------------------------------------------------------------------------------
2023-01-30 13:31:27.830 [Debug] Connection established to remote [1ce1f01c-917c-4dd8-858c-8db8973f5c3b/26.82.96.248:51276].

--------------------------------------------------------------------------------
2023-01-30 13:31:27.830 [Info] Connected [1ce1f01c-917c-4dd8-858c-8db8973f5c3b].

--------------------------------------------------------------------------------
2023-01-30 13:31:52.243 [Debug] StatusChanged: [NetIncomingMessage #0 10 bytes] [Disconnected]

--------------------------------------------------------------------------------
2023-01-30 13:31:52.243 [Debug] Connection terminated to remote [1ce1f01c-917c-4dd8-858c-8db8973f5c3b/26.82.96.248:51276].

--------------------------------------------------------------------------------
2023-01-30 13:31:52.243 [Info] Disconnected [1ce1f01c-917c-4dd8-858c-8db8973f5c3b].

--------------------------------------------------------------------------------
2023-01-30 13:31:52.243 [Debug] Client disconnected (PCC->[editor])

--------------------------------------------------------------------------------
