2023-01-02 03:14:58.155 [Debug] Loaded new formula from BaseExp * Power(Gain, Level).

--------------------------------------------------------------------------------
2023-01-02 03:14:58.186 [Debug] Loaded new formula from BaseExp * Power(Gain, Level).

--------------------------------------------------------------------------------
2023-01-02 03:15:01.553 [Warn] Directory was specified as a plugin directory but does not exist: 'resources\plugins'

--------------------------------------------------------------------------------
2023-01-02 03:15:01.553 [Info] Discovered 0 plugins:


--------------------------------------------------------------------------------
Listening on 0.0.0.0:5400.

--------------------------------------------------------------------------------
UPnP Service Initialization Succeeded

--------------------------------------------------------------------------------
Successfully auto port forwarded udp port 5400 using UPnP.

--------------------------------------------------------------------------------
Successfully auto port forwarded tcp port 5400 using UPnP.

--------------------------------------------------------------------------------
2023-01-02 03:15:06.538 [Debug] hail Time=800 Offset=63808226105157 Real=63808226105957

--------------------------------------------------------------------------------
2023-01-02 03:15:06.538 [Debug] local Time=5038 Offset=63808226101488 Real=63808226106526

--------------------------------------------------------------------------------
2023-01-02 03:15:06.538 [Debug] real delta=569

--------------------------------------------------------------------------------
2023-01-02 03:15:06.538 [Debug] NCPing=-1000

--------------------------------------------------------------------------------
2023-01-02 03:15:06.570 [Info] Connection approved [4bcc2765-279a-41db-92f0-e7bf7def59b4].

--------------------------------------------------------------------------------
2023-01-02 03:15:06.579 [Debug] Connection established to remote [4bcc2765-279a-41db-92f0-e7bf7def59b4/127.0.0.1:55493].

--------------------------------------------------------------------------------
2023-01-02 03:15:06.580 [Info] Connected [4bcc2765-279a-41db-92f0-e7bf7def59b4].

--------------------------------------------------------------------------------
2023-01-02 03:15:20.551 [Debug] StatusChanged: [NetIncomingMessage #0 10 bytes] [Disconnected]

--------------------------------------------------------------------------------
2023-01-02 03:15:20.551 [Debug] Connection terminated to remote [4bcc2765-279a-41db-92f0-e7bf7def59b4/127.0.0.1:55493].

--------------------------------------------------------------------------------
2023-01-02 03:15:20.552 [Info] Disconnected [4bcc2765-279a-41db-92f0-e7bf7def59b4].

--------------------------------------------------------------------------------
2023-01-02 03:15:20.552 [Debug] Client disconnected (PCC->[editor])

--------------------------------------------------------------------------------
2023-01-02 03:15:23.227 [Debug] hail Time=713 Offset=63808226122191 Real=63808226122904

--------------------------------------------------------------------------------
2023-01-02 03:15:23.227 [Debug] local Time=21725 Offset=63808226101488 Real=63808226123214

--------------------------------------------------------------------------------
2023-01-02 03:15:23.227 [Debug] real delta=309

--------------------------------------------------------------------------------
2023-01-02 03:15:23.227 [Debug] NCPing=-1000

--------------------------------------------------------------------------------
2023-01-02 03:15:23.228 [Info] Connection approved [77a22f7e-52be-4fa8-8773-8abea8b07e85].

--------------------------------------------------------------------------------
2023-01-02 03:15:23.234 [Debug] Connection established to remote [77a22f7e-52be-4fa8-8773-8abea8b07e85/127.0.0.1:54661].

--------------------------------------------------------------------------------
2023-01-02 03:15:23.234 [Info] Connected [77a22f7e-52be-4fa8-8773-8abea8b07e85].

--------------------------------------------------------------------------------
2023-01-02 03:15:46.384 [Debug] hail Time=112 Offset=63808226145955 Real=63808226146067

--------------------------------------------------------------------------------
2023-01-02 03:15:46.384 [Debug] local Time=44893 Offset=63808226101488 Real=63808226146382

--------------------------------------------------------------------------------
2023-01-02 03:15:46.384 [Debug] real delta=315

--------------------------------------------------------------------------------
2023-01-02 03:15:46.384 [Debug] NCPing=-1000

--------------------------------------------------------------------------------
2023-01-02 03:15:46.385 [Info] Connection approved [7f68c4dc-9768-4626-869a-d636d4f5ae59].

--------------------------------------------------------------------------------
2023-01-02 03:15:46.402 [Debug] Connection established to remote [7f68c4dc-9768-4626-869a-d636d4f5ae59/127.0.0.1:54121].

--------------------------------------------------------------------------------
2023-01-02 03:15:46.402 [Info] Connected [7f68c4dc-9768-4626-869a-d636d4f5ae59].

--------------------------------------------------------------------------------
2023-01-02 03:16:05.776 [Debug] Creating new instance with ID 00000000-0000-0000-0000-000000000000 for map New Map

--------------------------------------------------------------------------------
2023-01-02 03:16:36.147 [Debug] StatusChanged: [NetIncomingMessage #0 10 bytes] [Disconnected]

--------------------------------------------------------------------------------
2023-01-02 03:16:36.147 [Debug] Connection terminated to remote [77a22f7e-52be-4fa8-8773-8abea8b07e85/127.0.0.1:54661].

--------------------------------------------------------------------------------
2023-01-02 03:16:36.147 [Info] Disconnected [77a22f7e-52be-4fa8-8773-8abea8b07e85].

--------------------------------------------------------------------------------
2023-01-02 03:16:36.147 [Debug] Client disconnected (PCC->[editor])

--------------------------------------------------------------------------------
2023-01-02 03:16:40.938 [Debug] StatusChanged: [NetIncomingMessage #0 14 bytes] [Disconnected]

--------------------------------------------------------------------------------
2023-01-02 03:16:40.939 [Debug] Connection terminated to remote [7f68c4dc-9768-4626-869a-d636d4f5ae59/127.0.0.1:54121].

--------------------------------------------------------------------------------
2023-01-02 03:16:40.939 [Info] Disconnected [7f68c4dc-9768-4626-869a-d636d4f5ae59].

--------------------------------------------------------------------------------
2023-01-02 03:16:40.939 [Debug] Client disconnected (PCC->Cac)

--------------------------------------------------------------------------------
2023-01-02 03:19:57.565 [Info] Acquiring context lock... (0ms)

--------------------------------------------------------------------------------
2023-01-02 03:19:57.565 [Info] Acquired. (0ms)

--------------------------------------------------------------------------------
2023-01-02 03:19:57.567 [Info] Beginning context dispose. (0ms)

--------------------------------------------------------------------------------
2023-01-02 03:19:57.569 [Info] Disposing network... (0ms)

--------------------------------------------------------------------------------
2023-01-02 03:19:57.570 [Info] Saving updated server variable values

--------------------------------------------------------------------------------
2023-01-02 03:19:57.570 [Info] Saving online users/players... (1ms)

--------------------------------------------------------------------------------
2023-01-02 03:19:57.570 [Info] Saving loaded guilds....

--------------------------------------------------------------------------------
2023-01-02 03:19:57.607 [Info] Online users/players saved. (38ms)

--------------------------------------------------------------------------------
2023-01-02 03:19:57.607 [Info] Shutting down the API... (38ms)

--------------------------------------------------------------------------------
2023-01-02 03:19:57.610 [Info] Shutting down the console thread... (42ms)

--------------------------------------------------------------------------------
2023-01-02 03:19:58.627 [Info] Base dispose. (1059ms)

--------------------------------------------------------------------------------
2023-01-02 03:19:58.627 [Info] Finished disposing server context. (1059ms)

--------------------------------------------------------------------------------
