2023-01-05 04:31:09.069 [Debug] Loaded new formula from BaseExp * Power(Gain, Level).

--------------------------------------------------------------------------------
2023-01-05 04:31:09.100 [Debug] Loaded new formula from BaseExp * Power(Gain, Level).

--------------------------------------------------------------------------------
2023-01-05 04:31:12.216 [Warn] Directory was specified as a plugin directory but does not exist: 'resources\plugins'

--------------------------------------------------------------------------------
2023-01-05 04:31:12.216 [Info] Discovered 0 plugins:


--------------------------------------------------------------------------------
Listening on 0.0.0.0:5400.

--------------------------------------------------------------------------------
UPnP Service Initialization Succeeded

--------------------------------------------------------------------------------
Successfully auto port forwarded udp port 5400 using UPnP.

--------------------------------------------------------------------------------
Successfully auto port forwarded tcp port 5400 using UPnP.

--------------------------------------------------------------------------------
2023-01-05 04:31:52.270 [Debug] hail Time=0 Offset=63808489911718 Real=63808489911718

--------------------------------------------------------------------------------
2023-01-05 04:31:52.270 [Debug] local Time=40115 Offset=63808489872154 Real=63808489912270

--------------------------------------------------------------------------------
2023-01-05 04:31:52.270 [Debug] real delta=551

--------------------------------------------------------------------------------
2023-01-05 04:31:52.270 [Debug] NCPing=-1000

--------------------------------------------------------------------------------
2023-01-05 04:31:52.301 [Info] Connection approved [49a0473f-ae46-49b9-bfbf-77a72fe36cb3].

--------------------------------------------------------------------------------
2023-01-05 04:31:52.317 [Debug] Connection established to remote [49a0473f-ae46-49b9-bfbf-77a72fe36cb3/26.82.96.248:55985].

--------------------------------------------------------------------------------
2023-01-05 04:31:52.317 [Info] Connected [49a0473f-ae46-49b9-bfbf-77a72fe36cb3].

--------------------------------------------------------------------------------
2023-01-05 05:12:23.449 [Info] Acquiring context lock... (0ms)

--------------------------------------------------------------------------------
2023-01-05 05:12:23.450 [Info] Acquired. (0ms)

--------------------------------------------------------------------------------
2023-01-05 05:12:23.451 [Info] Beginning context dispose. (0ms)

--------------------------------------------------------------------------------
2023-01-05 05:12:23.454 [Info] Disposing network... (0ms)

--------------------------------------------------------------------------------
2023-01-05 05:12:23.456 [Debug] StatusChanged: [NetIncomingMessage #0 10 bytes] [Disconnecting]

--------------------------------------------------------------------------------
2023-01-05 05:12:23.456 [Info] Saving updated server variable values

--------------------------------------------------------------------------------
2023-01-05 05:12:23.456 [Info] Saving online users/players... (3ms)

--------------------------------------------------------------------------------
2023-01-05 05:12:23.468 [Debug] StatusChanged: [NetIncomingMessage #0 14 bytes] [Disconnected]

--------------------------------------------------------------------------------
2023-01-05 05:12:23.742 [Info] Saving loaded guilds....

--------------------------------------------------------------------------------
2023-01-05 05:12:23.742 [Info] Online users/players saved. (289ms)

--------------------------------------------------------------------------------
2023-01-05 05:12:23.745 [Info] Shutting down the API... (290ms)

--------------------------------------------------------------------------------
2023-01-05 05:12:23.750 [Info] Shutting down the console thread... (295ms)

--------------------------------------------------------------------------------
2023-01-05 05:12:24.763 [Info] Base dispose. (1309ms)

--------------------------------------------------------------------------------
2023-01-05 05:12:24.763 [Info] Finished disposing server context. (1309ms)

--------------------------------------------------------------------------------
