2023-02-01 03:05:24.259 [Debug] Loaded new formula from BaseExp * Power(Gain, Level).

--------------------------------------------------------------------------------
2023-02-01 03:05:24.259 [Debug] Loaded new formula from BaseExp * Power(Gain, Level).

--------------------------------------------------------------------------------
2023-02-01 03:05:25.870 [Warn] Directory was specified as a plugin directory but does not exist: 'resources\plugins'

--------------------------------------------------------------------------------
2023-02-01 03:05:25.870 [Info] Discovered 0 plugins:


--------------------------------------------------------------------------------
Listening on 0.0.0.0:5400.

--------------------------------------------------------------------------------
UPnP Service Initialization Succeeded

--------------------------------------------------------------------------------
Successfully auto port forwarded udp port 5400 using UPnP.

--------------------------------------------------------------------------------
Successfully auto port forwarded tcp port 5400 using UPnP.

--------------------------------------------------------------------------------
2023-02-01 03:11:09.781 [Info] Acquiring context lock... (0ms)

--------------------------------------------------------------------------------
2023-02-01 03:11:09.781 [Info] Acquired. (0ms)

--------------------------------------------------------------------------------
2023-02-01 03:11:09.781 [Info] Beginning context dispose. (0ms)

--------------------------------------------------------------------------------
2023-02-01 03:11:09.781 [Info] Disposing network... (0ms)

--------------------------------------------------------------------------------
2023-02-01 03:11:09.797 [Info] Saving updated server variable values

--------------------------------------------------------------------------------
2023-02-01 03:11:09.797 [Info] Saving online users/players... (4ms)

--------------------------------------------------------------------------------
2023-02-01 03:11:09.836 [Info] Saving loaded guilds....

--------------------------------------------------------------------------------
2023-02-01 03:11:09.836 [Info] Online users/players saved. (43ms)

--------------------------------------------------------------------------------
2023-02-01 03:11:09.836 [Info] Shutting down the API... (43ms)

--------------------------------------------------------------------------------
2023-02-01 03:11:09.841 [Info] Shutting down the console thread... (47ms)

--------------------------------------------------------------------------------
2023-02-01 03:11:10.842 [Info] Base dispose. (1049ms)

--------------------------------------------------------------------------------
2023-02-01 03:11:10.842 [Info] Finished disposing server context. (1049ms)

--------------------------------------------------------------------------------
