2023-01-29 04:36:36.816 [Warn] Directory was specified as a plugin directory but does not exist: 'resources\plugins'

--------------------------------------------------------------------------------
2023-01-29 04:36:36.825 [Info] Discovered 0 plugins:


--------------------------------------------------------------------------------
Listening on 0.0.0.0:5400.

--------------------------------------------------------------------------------
2023-01-29 04:36:38.510 [Info] Connection approved [77482c6a-5157-4a60-8972-a1fd85178ac8].

--------------------------------------------------------------------------------
2023-01-29 04:36:38.542 [Info] Connected [77482c6a-5157-4a60-8972-a1fd85178ac8].

--------------------------------------------------------------------------------
UPnP Service Initialization Failed. You might not have a router, or UPnP on your router might be disabled.
NatDeviceNotFoundException: Exception of type 'Open.Nat.NatDeviceNotFoundException' was thrown.
    Stack:    at Open.Nat.NatDiscoverer.<DiscoverDeviceAsync>d__5.MoveNext()
--- End of stack trace from previous location where exception was thrown ---
   at System.Runtime.ExceptionServices.ExceptionDispatchInfo.Throw()
   at System.Runtime.CompilerServices.TaskAwaiter.HandleNonSuccessAndDebuggerNotification(Task task)
   at Intersect.Server.Networking.Helpers.UpnP.<ConnectNatDevice>d__4.MoveNext()


--------------------------------------------------------------------------------
2023-01-29 04:38:10.976 [Info] Connection approved [ba099934-9ea7-43a5-aa1f-e1d554cf7afd].

--------------------------------------------------------------------------------
2023-01-29 04:38:11.000 [Info] Connected [ba099934-9ea7-43a5-aa1f-e1d554cf7afd].

--------------------------------------------------------------------------------
2023-01-29 04:41:28.132 [Info] Disconnected [ba099934-9ea7-43a5-aa1f-e1d554cf7afd].

--------------------------------------------------------------------------------
2023-01-29 04:41:43.171 [Info] Disconnected [77482c6a-5157-4a60-8972-a1fd85178ac8].

--------------------------------------------------------------------------------
2023-01-29 04:41:46.363 [Info] Acquiring context lock... (0ms)

--------------------------------------------------------------------------------
2023-01-29 04:41:46.363 [Info] Acquired. (0ms)

--------------------------------------------------------------------------------
2023-01-29 04:41:46.367 [Info] Beginning context dispose. (0ms)

--------------------------------------------------------------------------------
2023-01-29 04:41:46.376 [Info] Disposing network... (2ms)

--------------------------------------------------------------------------------
2023-01-29 04:41:46.380 [Info] Saving updated server variable values

--------------------------------------------------------------------------------
2023-01-29 04:41:46.380 [Info] Saving online users/players... (6ms)

--------------------------------------------------------------------------------
2023-01-29 04:41:46.380 [Info] Saving loaded guilds....

--------------------------------------------------------------------------------
2023-01-29 04:41:46.380 [Info] Online users/players saved. (6ms)

--------------------------------------------------------------------------------
2023-01-29 04:41:46.380 [Info] Shutting down the API... (6ms)

--------------------------------------------------------------------------------
2023-01-29 04:41:46.381 [Info] Shutting down the console thread... (7ms)

--------------------------------------------------------------------------------
2023-01-29 04:41:47.394 [Info] Base dispose. (1020ms)

--------------------------------------------------------------------------------
2023-01-29 04:41:47.394 [Info] Finished disposing server context. (1020ms)

--------------------------------------------------------------------------------
