2023-01-03 13:51:58.635 [Debug] Loaded new formula from BaseExp * Power(Gain, Level).

--------------------------------------------------------------------------------
2023-01-03 13:51:58.665 [Debug] Loaded new formula from BaseExp * Power(Gain, Level).

--------------------------------------------------------------------------------
2023-01-03 13:52:02.091 [Warn] Directory was specified as a plugin directory but does not exist: 'resources\plugins'

--------------------------------------------------------------------------------
2023-01-03 13:52:02.092 [Info] Discovered 0 plugins:


--------------------------------------------------------------------------------
Listening on 0.0.0.0:5400.

--------------------------------------------------------------------------------
UPnP Service Initialization Succeeded

--------------------------------------------------------------------------------
Successfully auto port forwarded udp port 5400 using UPnP.

--------------------------------------------------------------------------------
Successfully auto port forwarded tcp port 5400 using UPnP.

--------------------------------------------------------------------------------
2023-01-03 13:53:52.521 [Debug] hail Time=1 Offset=63808350831865 Real=63808350831866

--------------------------------------------------------------------------------
2023-01-03 13:53:52.522 [Debug] local Time=110497 Offset=63808350722018 Real=63808350832516

--------------------------------------------------------------------------------
2023-01-03 13:53:52.522 [Debug] real delta=650

--------------------------------------------------------------------------------
2023-01-03 13:53:52.522 [Debug] NCPing=-1000

--------------------------------------------------------------------------------
2023-01-03 13:53:52.559 [Info] Connection approved [5ba7c75c-8e59-4c79-a7eb-9d81887a9bf5].

--------------------------------------------------------------------------------
2023-01-03 13:53:52.572 [Debug] Connection established to remote [5ba7c75c-8e59-4c79-a7eb-9d81887a9bf5/26.82.96.248:52159].

--------------------------------------------------------------------------------
2023-01-03 13:53:52.572 [Info] Connected [5ba7c75c-8e59-4c79-a7eb-9d81887a9bf5].

--------------------------------------------------------------------------------
2023-01-03 14:00:00.241 [Debug] StatusChanged: [NetIncomingMessage #0 10 bytes] [Disconnected]

--------------------------------------------------------------------------------
2023-01-03 14:00:00.242 [Debug] Connection terminated to remote [5ba7c75c-8e59-4c79-a7eb-9d81887a9bf5/26.82.96.248:52159].

--------------------------------------------------------------------------------
2023-01-03 14:00:00.243 [Info] Disconnected [5ba7c75c-8e59-4c79-a7eb-9d81887a9bf5].

--------------------------------------------------------------------------------
2023-01-03 14:00:00.243 [Debug] Client disconnected (PCC->[editor])

--------------------------------------------------------------------------------
2023-01-03 14:00:47.908 [Info] Acquiring context lock... (0ms)

--------------------------------------------------------------------------------
2023-01-03 14:00:47.908 [Info] Acquired. (0ms)

--------------------------------------------------------------------------------
2023-01-03 14:00:47.909 [Info] Beginning context dispose. (0ms)

--------------------------------------------------------------------------------
2023-01-03 14:00:47.911 [Info] Disposing network... (0ms)

--------------------------------------------------------------------------------
2023-01-03 14:00:47.913 [Info] Saving updated server variable values

--------------------------------------------------------------------------------
2023-01-03 14:00:47.913 [Info] Saving online users/players... (2ms)

--------------------------------------------------------------------------------
2023-01-03 14:00:47.913 [Info] Saving loaded guilds....

--------------------------------------------------------------------------------
2023-01-03 14:00:47.913 [Info] Online users/players saved. (2ms)

--------------------------------------------------------------------------------
2023-01-03 14:00:47.913 [Info] Shutting down the API... (2ms)

--------------------------------------------------------------------------------
2023-01-03 14:00:47.917 [Info] Shutting down the console thread... (6ms)

--------------------------------------------------------------------------------
2023-01-03 14:00:48.918 [Info] Base dispose. (1007ms)

--------------------------------------------------------------------------------
2023-01-03 14:00:48.919 [Info] Finished disposing server context. (1007ms)

--------------------------------------------------------------------------------
