2023-01-30 17:50:11.797 [Debug] Loaded new formula from BaseExp * Power(Gain, Level).

--------------------------------------------------------------------------------
2023-01-30 17:50:11.801 [Debug] Loaded new formula from BaseExp * Power(Gain, Level).

--------------------------------------------------------------------------------
2023-01-30 17:50:13.568 [Warn] Directory was specified as a plugin directory but does not exist: 'resources\plugins'

--------------------------------------------------------------------------------
2023-01-30 17:50:13.574 [Info] Discovered 0 plugins:


--------------------------------------------------------------------------------
Listening on 0.0.0.0:5400.

--------------------------------------------------------------------------------
UPnP Service Initialization Succeeded

--------------------------------------------------------------------------------
Successfully auto port forwarded udp port 5400 using UPnP.

--------------------------------------------------------------------------------
Successfully auto port forwarded tcp port 5400 using UPnP.

--------------------------------------------------------------------------------
2023-01-30 17:50:15.120 [Debug] hail Time=0 Offset=63810697814776 Real=63810697814776

--------------------------------------------------------------------------------
2023-01-30 17:50:15.120 [Debug] local Time=1618 Offset=63810697813502 Real=63810697815120

--------------------------------------------------------------------------------
2023-01-30 17:50:15.120 [Debug] real delta=344

--------------------------------------------------------------------------------
2023-01-30 17:50:15.120 [Debug] NCPing=-1000

--------------------------------------------------------------------------------
2023-01-30 17:50:15.156 [Info] Connection approved [2e9ec21b-ae35-47e0-857e-f7997c7ec969].

--------------------------------------------------------------------------------
2023-01-30 17:50:15.179 [Debug] Connection established to remote [2e9ec21b-ae35-47e0-857e-f7997c7ec969/26.82.96.248:64285].

--------------------------------------------------------------------------------
2023-01-30 17:50:15.180 [Info] Connected [2e9ec21b-ae35-47e0-857e-f7997c7ec969].

--------------------------------------------------------------------------------
2023-01-30 17:50:17.122 [Debug] Creating new instance with ID 00000000-0000-0000-0000-000000000000 for map New Map

--------------------------------------------------------------------------------
2023-01-30 17:50:17.131 [Debug] Creating new instance with ID 00000000-0000-0000-0000-000000000000 for map New Map

--------------------------------------------------------------------------------
2023-01-30 17:50:17.131 [Debug] Creating new instance with ID 00000000-0000-0000-0000-000000000000 for map New Map

--------------------------------------------------------------------------------
2023-01-30 17:50:17.131 [Debug] Creating new instance with ID 00000000-0000-0000-0000-000000000000 for map New Map

--------------------------------------------------------------------------------
2023-01-30 17:50:41.060 [Info] Acquiring context lock... (0ms)

--------------------------------------------------------------------------------
2023-01-30 17:50:41.061 [Info] Acquired. (0ms)

--------------------------------------------------------------------------------
2023-01-30 17:50:41.064 [Info] Beginning context dispose. (0ms)

--------------------------------------------------------------------------------
2023-01-30 17:50:41.068 [Info] Disposing network... (0ms)

--------------------------------------------------------------------------------
2023-01-30 17:50:41.071 [Debug] StatusChanged: [NetIncomingMessage #0 10 bytes] [Disconnecting]

--------------------------------------------------------------------------------
2023-01-30 17:50:41.073 [Info] Saving updated server variable values

--------------------------------------------------------------------------------
2023-01-30 17:50:41.073 [Info] Saving online users/players... (6ms)

--------------------------------------------------------------------------------
2023-01-30 17:50:41.093 [Debug] StatusChanged: [NetIncomingMessage #0 14 bytes] [Disconnected]

--------------------------------------------------------------------------------
2023-01-30 17:50:41.289 [Info] Saving loaded guilds....

--------------------------------------------------------------------------------
2023-01-30 17:50:41.289 [Info] Online users/players saved. (222ms)

--------------------------------------------------------------------------------
2023-01-30 17:50:41.294 [Info] Shutting down the API... (226ms)

--------------------------------------------------------------------------------
2023-01-30 17:50:41.296 [Info] Shutting down the console thread... (228ms)

--------------------------------------------------------------------------------
2023-01-30 17:50:42.299 [Info] Base dispose. (1231ms)

--------------------------------------------------------------------------------
2023-01-30 17:50:42.299 [Info] Finished disposing server context. (1231ms)

--------------------------------------------------------------------------------
