2023-01-30 19:20:08.992 [Debug] Loaded new formula from BaseExp * Power(Gain, Level).

--------------------------------------------------------------------------------
2023-01-30 19:20:08.998 [Debug] Loaded new formula from BaseExp * Power(Gain, Level).

--------------------------------------------------------------------------------
2023-01-30 19:20:11.093 [Warn] Directory was specified as a plugin directory but does not exist: 'resources\plugins'

--------------------------------------------------------------------------------
2023-01-30 19:20:11.098 [Info] Discovered 0 plugins:


--------------------------------------------------------------------------------
Listening on 0.0.0.0:5400.

--------------------------------------------------------------------------------
UPnP Service Initialization Succeeded

--------------------------------------------------------------------------------
Successfully auto port forwarded udp port 5400 using UPnP.

--------------------------------------------------------------------------------
Successfully auto port forwarded tcp port 5400 using UPnP.

--------------------------------------------------------------------------------
2023-01-30 19:20:13.010 [Debug] hail Time=450973 Offset=63810702749795 Real=63810703200769

--------------------------------------------------------------------------------
2023-01-30 19:20:13.010 [Debug] local Time=2001 Offset=63810703211008 Real=63810703213010

--------------------------------------------------------------------------------
2023-01-30 19:20:13.010 [Debug] real delta=12240

--------------------------------------------------------------------------------
2023-01-30 19:20:13.010 [Debug] NCPing=-1000

--------------------------------------------------------------------------------
2023-01-30 19:20:13.045 [Info] Connection approved [d1d04c4e-1d76-4564-94d7-a03ef6f2f171].

--------------------------------------------------------------------------------
2023-01-30 19:20:13.051 [Debug] hail Time=451024 Offset=63810702749816 Real=63810703200841

--------------------------------------------------------------------------------
2023-01-30 19:20:13.051 [Debug] local Time=2042 Offset=63810703211008 Real=63810703213051

--------------------------------------------------------------------------------
2023-01-30 19:20:13.051 [Debug] real delta=12209

--------------------------------------------------------------------------------
2023-01-30 19:20:13.051 [Debug] NCPing=-1000

--------------------------------------------------------------------------------
2023-01-30 19:20:13.052 [Info] Connection approved [60653eb4-5194-40d2-97e5-bf27546c6f11].

--------------------------------------------------------------------------------
2023-01-30 19:20:13.063 [Debug] Connection established to remote [d1d04c4e-1d76-4564-94d7-a03ef6f2f171/26.82.96.248:52697].

--------------------------------------------------------------------------------
2023-01-30 19:20:13.064 [Info] Connected [d1d04c4e-1d76-4564-94d7-a03ef6f2f171].

--------------------------------------------------------------------------------
2023-01-30 19:20:13.068 [Debug] Connection established to remote [60653eb4-5194-40d2-97e5-bf27546c6f11/26.82.96.248:52698].

--------------------------------------------------------------------------------
2023-01-30 19:20:13.068 [Info] Connected [60653eb4-5194-40d2-97e5-bf27546c6f11].

--------------------------------------------------------------------------------
2023-01-30 19:20:21.342 [Debug] Creating new instance with ID 00000000-0000-0000-0000-000000000000 for map New Map

--------------------------------------------------------------------------------
2023-01-30 19:20:21.358 [Debug] Creating new instance with ID 00000000-0000-0000-0000-000000000000 for map New Map

--------------------------------------------------------------------------------
2023-01-30 19:20:21.358 [Debug] Creating new instance with ID 00000000-0000-0000-0000-000000000000 for map New Map

--------------------------------------------------------------------------------
2023-01-30 19:20:21.358 [Debug] Creating new instance with ID 00000000-0000-0000-0000-000000000000 for map New Map

--------------------------------------------------------------------------------
2023-01-30 19:20:40.167 [Debug] Creating new instance with ID 00000000-0000-0000-0000-000000000000 for map Test

--------------------------------------------------------------------------------
2023-01-30 19:20:45.581 [Debug] StatusChanged: [NetIncomingMessage #0 10 bytes] [Disconnected]

--------------------------------------------------------------------------------
2023-01-30 19:20:45.581 [Debug] Connection terminated to remote [d1d04c4e-1d76-4564-94d7-a03ef6f2f171/26.82.96.248:52697].

--------------------------------------------------------------------------------
2023-01-30 19:20:45.581 [Info] Disconnected [d1d04c4e-1d76-4564-94d7-a03ef6f2f171].

--------------------------------------------------------------------------------
2023-01-30 19:20:45.581 [Debug] Client disconnected (PCC->PCC)

--------------------------------------------------------------------------------
2023-01-30 19:20:46.653 [Debug] StatusChanged: [NetIncomingMessage #0 14 bytes] [Disconnected]

--------------------------------------------------------------------------------
2023-01-30 19:20:46.653 [Debug] Connection terminated to remote [60653eb4-5194-40d2-97e5-bf27546c6f11/26.82.96.248:52698].

--------------------------------------------------------------------------------
2023-01-30 19:20:46.653 [Info] Disconnected [60653eb4-5194-40d2-97e5-bf27546c6f11].

--------------------------------------------------------------------------------
2023-01-30 19:20:46.653 [Debug] Client disconnected (CAC->Cac)

--------------------------------------------------------------------------------
2023-01-30 19:21:26.838 [Info] Acquiring context lock... (0ms)

--------------------------------------------------------------------------------
2023-01-30 19:21:26.838 [Info] Acquired. (0ms)

--------------------------------------------------------------------------------
2023-01-30 19:21:26.841 [Info] Beginning context dispose. (0ms)

--------------------------------------------------------------------------------
2023-01-30 19:21:26.844 [Info] Disposing network... (0ms)

--------------------------------------------------------------------------------
2023-01-30 19:21:26.847 [Info] Saving updated server variable values

--------------------------------------------------------------------------------
2023-01-30 19:21:26.847 [Info] Saving online users/players... (3ms)

--------------------------------------------------------------------------------
2023-01-30 19:21:26.847 [Info] Saving loaded guilds....

--------------------------------------------------------------------------------
2023-01-30 19:21:26.847 [Info] Online users/players saved. (3ms)

--------------------------------------------------------------------------------
2023-01-30 19:21:26.847 [Info] Shutting down the API... (3ms)

--------------------------------------------------------------------------------
2023-01-30 19:21:26.853 [Info] Shutting down the logic thread... (9ms)

--------------------------------------------------------------------------------
2023-01-30 19:21:26.865 [Info] Base dispose. (21ms)

--------------------------------------------------------------------------------
2023-01-30 19:21:26.865 [Info] Finished disposing server context. (21ms)

--------------------------------------------------------------------------------
