2023-01-28 10:21:30.038 [Debug] Loaded new formula from BaseExp * Power(Gain, Level).

--------------------------------------------------------------------------------
2023-01-28 10:21:30.043 [Debug] Loaded new formula from BaseExp * Power(Gain, Level).

--------------------------------------------------------------------------------
2023-01-28 10:21:31.955 [Warn] Directory was specified as a plugin directory but does not exist: 'resources\plugins'

--------------------------------------------------------------------------------
2023-01-28 10:21:31.955 [Info] Discovered 0 plugins:


--------------------------------------------------------------------------------
Listening on 0.0.0.0:5400.

--------------------------------------------------------------------------------
UPnP Service Initialization Failed. You might not have a router, or UPnP on your router might be disabled.
NatDeviceNotFoundException: Exception of type 'Open.Nat.NatDeviceNotFoundException' was thrown.
    Stack:    at Open.Nat.NatDiscoverer.<DiscoverDeviceAsync>d__5.MoveNext()
--- End of stack trace from previous location where exception was thrown ---
   at System.Runtime.ExceptionServices.ExceptionDispatchInfo.Throw()
   at System.Runtime.CompilerServices.TaskAwaiter.HandleNonSuccessAndDebuggerNotification(Task task)
   at System.Runtime.CompilerServices.TaskAwaiter`1.GetResult()
   at Intersect.Server.Networking.Helpers.UpnP.<ConnectNatDevice>d__4.MoveNext()


--------------------------------------------------------------------------------
2023-01-28 10:23:37.123 [Debug] hail Time=0 Offset=63810498216657 Real=63810498216657

--------------------------------------------------------------------------------
2023-01-28 10:23:37.123 [Debug] local Time=125236 Offset=63810498091886 Real=63810498217123

--------------------------------------------------------------------------------
2023-01-28 10:23:37.123 [Debug] real delta=466

--------------------------------------------------------------------------------
2023-01-28 10:23:37.123 [Debug] NCPing=-1000

--------------------------------------------------------------------------------
2023-01-28 10:23:37.192 [Info] Connection approved [5a40ed01-1690-4321-bbc7-a9469be688ab].

--------------------------------------------------------------------------------
2023-01-28 10:23:37.214 [Debug] Connection established to remote [5a40ed01-1690-4321-bbc7-a9469be688ab/26.82.96.248:54684].

--------------------------------------------------------------------------------
2023-01-28 10:23:37.215 [Info] Connected [5a40ed01-1690-4321-bbc7-a9469be688ab].

--------------------------------------------------------------------------------
2023-01-28 10:23:40.564 [Debug] Creating new instance with ID 00000000-0000-0000-0000-000000000000 for map New Map

--------------------------------------------------------------------------------
2023-01-28 11:09:09.561 [Debug] hail Time=0 Offset=63810500949356 Real=63810500949356

--------------------------------------------------------------------------------
2023-01-28 11:09:09.561 [Debug] local Time=2857674 Offset=63810498091886 Real=63810500949561

--------------------------------------------------------------------------------
2023-01-28 11:09:09.561 [Debug] real delta=205

--------------------------------------------------------------------------------
2023-01-28 11:09:09.561 [Debug] NCPing=-1000

--------------------------------------------------------------------------------
2023-01-28 11:09:09.561 [Info] Connection approved [20cbcf70-3202-44b3-b6cb-8e160ae286d0].

--------------------------------------------------------------------------------
2023-01-28 11:09:09.569 [Debug] Connection established to remote [20cbcf70-3202-44b3-b6cb-8e160ae286d0/26.82.96.248:59197].

--------------------------------------------------------------------------------
2023-01-28 11:09:09.569 [Info] Connected [20cbcf70-3202-44b3-b6cb-8e160ae286d0].

--------------------------------------------------------------------------------
2023-01-28 11:09:11.986 [Debug] StatusChanged: [NetIncomingMessage #1 10 bytes] [Disconnecting]

--------------------------------------------------------------------------------
2023-01-28 11:09:12.078 [Debug] StatusChanged: [NetIncomingMessage #0 10 bytes] [Disconnected]

--------------------------------------------------------------------------------
2023-01-28 11:09:12.078 [Debug] Connection terminated to remote [5a40ed01-1690-4321-bbc7-a9469be688ab/26.82.96.248:54684].

--------------------------------------------------------------------------------
2023-01-28 11:09:12.078 [Info] Disconnected [5a40ed01-1690-4321-bbc7-a9469be688ab].

--------------------------------------------------------------------------------
2023-01-28 11:09:12.238 [Debug] hail Time=2860281 Offset=63810498091899 Real=63810500952180

--------------------------------------------------------------------------------
2023-01-28 11:09:12.238 [Debug] local Time=2860351 Offset=63810498091886 Real=63810500952237

--------------------------------------------------------------------------------
2023-01-28 11:09:12.238 [Debug] real delta=57

--------------------------------------------------------------------------------
2023-01-28 11:09:12.238 [Debug] NCPing=-1000

--------------------------------------------------------------------------------
2023-01-28 11:09:12.238 [Info] Connection approved [927943bb-6bad-4755-8a42-3b6ebd444fc9].

--------------------------------------------------------------------------------
2023-01-28 11:09:12.253 [Debug] Connection established to remote [927943bb-6bad-4755-8a42-3b6ebd444fc9/26.82.96.248:59198].

--------------------------------------------------------------------------------
2023-01-28 11:09:12.253 [Info] Connected [927943bb-6bad-4755-8a42-3b6ebd444fc9].

--------------------------------------------------------------------------------
2023-01-28 11:09:18.764 [Debug] hail Time=0 Offset=63810500958518 Real=63810500958518

--------------------------------------------------------------------------------
2023-01-28 11:09:18.764 [Debug] local Time=2866877 Offset=63810498091886 Real=63810500958764

--------------------------------------------------------------------------------
2023-01-28 11:09:18.764 [Debug] real delta=245

--------------------------------------------------------------------------------
2023-01-28 11:09:18.764 [Debug] NCPing=-1000

--------------------------------------------------------------------------------
2023-01-28 11:09:18.764 [Info] Connection approved [a6b46ec2-a77f-43a0-8f2a-c75b033505fe].

--------------------------------------------------------------------------------
2023-01-28 11:09:18.778 [Debug] Connection established to remote [a6b46ec2-a77f-43a0-8f2a-c75b033505fe/26.82.96.248:59199].

--------------------------------------------------------------------------------
2023-01-28 11:09:18.778 [Info] Connected [a6b46ec2-a77f-43a0-8f2a-c75b033505fe].

--------------------------------------------------------------------------------
2023-01-28 11:12:10.508 [Debug] StatusChanged: [NetIncomingMessage #1 10 bytes] [Disconnecting]

--------------------------------------------------------------------------------
2023-01-28 11:12:10.551 [Debug] StatusChanged: [NetIncomingMessage #0 10 bytes] [Disconnected]

--------------------------------------------------------------------------------
2023-01-28 11:12:10.551 [Debug] Connection terminated to remote [20cbcf70-3202-44b3-b6cb-8e160ae286d0/26.82.96.248:59197].

--------------------------------------------------------------------------------
2023-01-28 11:12:10.551 [Info] Disconnected [20cbcf70-3202-44b3-b6cb-8e160ae286d0].

--------------------------------------------------------------------------------
2023-01-28 11:12:10.689 [Debug] hail Time=3038713 Offset=63810498091901 Real=63810501130615

--------------------------------------------------------------------------------
2023-01-28 11:12:10.689 [Debug] local Time=3038802 Offset=63810498091886 Real=63810501130689

--------------------------------------------------------------------------------
2023-01-28 11:12:10.689 [Debug] real delta=73

--------------------------------------------------------------------------------
2023-01-28 11:12:10.689 [Debug] NCPing=-1000

--------------------------------------------------------------------------------
2023-01-28 11:12:10.690 [Info] Connection approved [e738c887-1ca9-4c4f-8ba2-ff14a98c2260].

--------------------------------------------------------------------------------
2023-01-28 11:12:10.690 [Debug] Connection established to remote [e738c887-1ca9-4c4f-8ba2-ff14a98c2260/26.82.96.248:51259].

--------------------------------------------------------------------------------
2023-01-28 11:12:10.690 [Info] Connected [e738c887-1ca9-4c4f-8ba2-ff14a98c2260].

--------------------------------------------------------------------------------
2023-01-28 11:12:44.926 [Debug] Creating new instance with ID 00000000-0000-0000-0000-000000000000 for map New Map

--------------------------------------------------------------------------------
2023-01-28 11:12:56.443 [Debug] Creating new instance with ID 00000000-0000-0000-0000-000000000000 for map New Map

--------------------------------------------------------------------------------
2023-01-28 11:13:43.637 [Debug] Creating new instance with ID 00000000-0000-0000-0000-000000000000 for map New Map

--------------------------------------------------------------------------------
2023-01-28 11:14:02.670 [Debug] Creating new instance with ID 00000000-0000-0000-0000-000000000000 for map New Map

--------------------------------------------------------------------------------
2023-01-28 11:29:22.226 [Debug] StatusChanged: [NetIncomingMessage #1 10 bytes] [Disconnecting]

--------------------------------------------------------------------------------
2023-01-28 11:29:22.333 [Debug] StatusChanged: [NetIncomingMessage #0 10 bytes] [Disconnected]

--------------------------------------------------------------------------------
2023-01-28 11:29:22.333 [Debug] Connection terminated to remote [927943bb-6bad-4755-8a42-3b6ebd444fc9/26.82.96.248:59198].

--------------------------------------------------------------------------------
2023-01-28 11:29:22.333 [Info] Disconnected [927943bb-6bad-4755-8a42-3b6ebd444fc9].

--------------------------------------------------------------------------------
2023-01-28 11:29:22.691 [Debug] hail Time=4070660 Offset=63810498091933 Real=63810502162593

--------------------------------------------------------------------------------
2023-01-28 11:29:22.691 [Debug] local Time=4070805 Offset=63810498091886 Real=63810502162691

--------------------------------------------------------------------------------
2023-01-28 11:29:22.691 [Debug] real delta=98

--------------------------------------------------------------------------------
2023-01-28 11:29:22.691 [Debug] NCPing=-1000

--------------------------------------------------------------------------------
2023-01-28 11:29:22.691 [Info] Connection approved [b8a393f1-043f-42f7-9443-1da1528dab16].

--------------------------------------------------------------------------------
2023-01-28 11:29:22.707 [Debug] Connection established to remote [b8a393f1-043f-42f7-9443-1da1528dab16/26.82.96.248:61409].

--------------------------------------------------------------------------------
2023-01-28 11:29:22.707 [Info] Connected [b8a393f1-043f-42f7-9443-1da1528dab16].

--------------------------------------------------------------------------------
2023-01-28 11:43:50.412 [Debug] StatusChanged: [NetIncomingMessage #0 10 bytes] [Disconnected]

--------------------------------------------------------------------------------
2023-01-28 11:43:50.412 [Debug] Connection terminated to remote [a6b46ec2-a77f-43a0-8f2a-c75b033505fe/26.82.96.248:59199].

--------------------------------------------------------------------------------
2023-01-28 11:43:50.412 [Info] Disconnected [a6b46ec2-a77f-43a0-8f2a-c75b033505fe].

--------------------------------------------------------------------------------
2023-01-28 11:43:50.412 [Debug] Client disconnected (PCC->[editor])

--------------------------------------------------------------------------------
2023-01-28 11:43:51.994 [Debug] StatusChanged: [NetIncomingMessage #0 14 bytes] [Disconnected]

--------------------------------------------------------------------------------
2023-01-28 11:43:51.994 [Debug] Connection terminated to remote [e738c887-1ca9-4c4f-8ba2-ff14a98c2260/26.82.96.248:51259].

--------------------------------------------------------------------------------
2023-01-28 11:43:51.994 [Info] Disconnected [e738c887-1ca9-4c4f-8ba2-ff14a98c2260].

--------------------------------------------------------------------------------
2023-01-28 11:43:51.994 [Debug] Client disconnected (PCC->Cac)

--------------------------------------------------------------------------------
2023-01-28 11:43:52.711 [Debug] StatusChanged: [NetIncomingMessage #0 14 bytes] [Disconnected]

--------------------------------------------------------------------------------
2023-01-28 11:43:52.711 [Debug] Connection terminated to remote [b8a393f1-043f-42f7-9443-1da1528dab16/26.82.96.248:61409].

--------------------------------------------------------------------------------
2023-01-28 11:43:52.711 [Info] Disconnected [b8a393f1-043f-42f7-9443-1da1528dab16].

--------------------------------------------------------------------------------
2023-01-28 11:43:52.711 [Debug] Client disconnected ([menu])

--------------------------------------------------------------------------------
2023-01-28 12:29:40.500 [Debug] hail Time=0 Offset=63810505778823 Real=63810505778823

--------------------------------------------------------------------------------
2023-01-28 12:29:40.500 [Debug] local Time=7688613 Offset=63810498091886 Real=63810505780500

--------------------------------------------------------------------------------
2023-01-28 12:29:40.500 [Debug] real delta=1676

--------------------------------------------------------------------------------
2023-01-28 12:29:40.500 [Debug] NCPing=-1000

--------------------------------------------------------------------------------
2023-01-28 12:29:40.501 [Info] Connection approved [f664f9bb-2336-4374-81c4-ad1d2e0713a2].

--------------------------------------------------------------------------------
2023-01-28 12:29:40.548 [Debug] Connection established to remote [f664f9bb-2336-4374-81c4-ad1d2e0713a2/26.187.128.71:61676].

--------------------------------------------------------------------------------
2023-01-28 12:29:40.548 [Info] Connected [f664f9bb-2336-4374-81c4-ad1d2e0713a2].

--------------------------------------------------------------------------------
2023-01-28 12:31:51.907 [Debug] StatusChanged: [NetIncomingMessage #0 10 bytes] [Disconnected]

--------------------------------------------------------------------------------
2023-01-28 12:31:51.907 [Debug] Connection terminated to remote [f664f9bb-2336-4374-81c4-ad1d2e0713a2/26.187.128.71:61676].

--------------------------------------------------------------------------------
2023-01-28 12:31:51.907 [Info] Disconnected [f664f9bb-2336-4374-81c4-ad1d2e0713a2].

--------------------------------------------------------------------------------
2023-01-28 12:31:51.907 [Debug] Client disconnected (Admin->[editor])

--------------------------------------------------------------------------------
2023-01-28 12:32:26.530 [Debug] hail Time=1 Offset=63810505944994 Real=63810505944995

--------------------------------------------------------------------------------
2023-01-28 12:32:26.530 [Debug] local Time=7854643 Offset=63810498091886 Real=63810505946530

--------------------------------------------------------------------------------
2023-01-28 12:32:26.530 [Debug] real delta=1535

--------------------------------------------------------------------------------
2023-01-28 12:32:26.530 [Debug] NCPing=-1000

--------------------------------------------------------------------------------
2023-01-28 12:32:26.530 [Info] Connection approved [aab428e0-59e9-4ccf-96f6-0b5fe4152ab8].

--------------------------------------------------------------------------------
2023-01-28 12:32:26.575 [Debug] Connection established to remote [aab428e0-59e9-4ccf-96f6-0b5fe4152ab8/26.187.128.71:62191].

--------------------------------------------------------------------------------
2023-01-28 12:32:26.575 [Info] Connected [aab428e0-59e9-4ccf-96f6-0b5fe4152ab8].

--------------------------------------------------------------------------------
2023-01-28 13:28:49.022 [Info] Acquiring context lock... (0ms)

--------------------------------------------------------------------------------
2023-01-28 13:28:49.023 [Info] Acquired. (0ms)

--------------------------------------------------------------------------------
2023-01-28 13:28:49.025 [Info] Beginning context dispose. (0ms)

--------------------------------------------------------------------------------
2023-01-28 13:28:49.029 [Info] Disposing network... (1ms)

--------------------------------------------------------------------------------
2023-01-28 13:28:49.030 [Debug] StatusChanged: [NetIncomingMessage #0 10 bytes] [Disconnecting]

--------------------------------------------------------------------------------
2023-01-28 13:28:49.031 [Info] Saving updated server variable values

--------------------------------------------------------------------------------
2023-01-28 13:28:49.031 [Info] Saving online users/players... (4ms)

--------------------------------------------------------------------------------
2023-01-28 13:28:49.042 [Debug] StatusChanged: [NetIncomingMessage #0 14 bytes] [Disconnected]

--------------------------------------------------------------------------------
2023-01-28 13:28:49.072 [Info] Saving loaded guilds....

--------------------------------------------------------------------------------
2023-01-28 13:28:49.110 [Info] Online users/players saved. (82ms)

--------------------------------------------------------------------------------
2023-01-28 13:28:49.110 [Info] Shutting down the API... (82ms)

--------------------------------------------------------------------------------
2023-01-28 13:28:49.118 [Info] Shutting down the console thread... (90ms)

--------------------------------------------------------------------------------
2023-01-28 13:28:50.129 [Info] Base dispose. (1101ms)

--------------------------------------------------------------------------------
2023-01-28 13:28:50.129 [Info] Finished disposing server context. (1101ms)

--------------------------------------------------------------------------------
