2023-02-04 05:05:04.895 [Debug] Loaded new formula from BaseExp * Power(Gain, Level).

--------------------------------------------------------------------------------
2023-02-04 05:05:04.901 [Debug] Loaded new formula from BaseExp * Power(Gain, Level).

--------------------------------------------------------------------------------
2023-02-04 05:05:06.810 [Warn] Directory was specified as a plugin directory but does not exist: 'resources\plugins'

--------------------------------------------------------------------------------
2023-02-04 05:05:06.811 [Info] Discovered 0 plugins:


--------------------------------------------------------------------------------
Listening on 0.0.0.0:5400.

--------------------------------------------------------------------------------
2023-02-04 05:05:09.731 [Debug] hail Time=15333 Offset=63811083894166 Real=63811083909499

--------------------------------------------------------------------------------
2023-02-04 05:05:09.731 [Debug] local Time=2995 Offset=63811083906736 Real=63811083909731

--------------------------------------------------------------------------------
2023-02-04 05:05:09.731 [Debug] real delta=232

--------------------------------------------------------------------------------
2023-02-04 05:05:09.731 [Debug] NCPing=-1000

--------------------------------------------------------------------------------
2023-02-04 05:05:09.763 [Info] Connection approved [dd24316a-9d2f-49bb-8215-a17ecf07a4fd].

--------------------------------------------------------------------------------
2023-02-04 05:05:09.774 [Debug] Connection established to remote [dd24316a-9d2f-49bb-8215-a17ecf07a4fd/26.82.96.248:60136].

--------------------------------------------------------------------------------
2023-02-04 05:05:09.774 [Info] Connected [dd24316a-9d2f-49bb-8215-a17ecf07a4fd].

--------------------------------------------------------------------------------
UPnP Service Initialization Failed. You might not have a router, or UPnP on your router might be disabled.
NatDeviceNotFoundException: Exception of type 'Open.Nat.NatDeviceNotFoundException' was thrown.
    Stack:    at Open.Nat.NatDiscoverer.<DiscoverDeviceAsync>d__5.MoveNext()
--- End of stack trace from previous location where exception was thrown ---
   at System.Runtime.ExceptionServices.ExceptionDispatchInfo.Throw()
   at System.Runtime.CompilerServices.TaskAwaiter.HandleNonSuccessAndDebuggerNotification(Task task)
   at System.Runtime.CompilerServices.TaskAwaiter`1.GetResult()
   at Intersect.Server.Networking.Helpers.UpnP.<ConnectNatDevice>d__4.MoveNext()


--------------------------------------------------------------------------------
2023-02-04 05:06:03.096 [Debug] Creating new instance with ID 00000000-0000-0000-0000-000000000000 for map New Map

--------------------------------------------------------------------------------
2023-02-04 05:06:03.113 [Debug] Creating new instance with ID 00000000-0000-0000-0000-000000000000 for map New Map

--------------------------------------------------------------------------------
2023-02-04 05:06:03.113 [Debug] Creating new instance with ID 00000000-0000-0000-0000-000000000000 for map New Map

--------------------------------------------------------------------------------
2023-02-04 05:06:03.113 [Debug] Creating new instance with ID 00000000-0000-0000-0000-000000000000 for map New Map

--------------------------------------------------------------------------------
2023-02-04 05:07:54.536 [Debug] StatusChanged: [NetIncomingMessage #0 14 bytes] [Disconnected]

--------------------------------------------------------------------------------
2023-02-04 05:07:54.537 [Debug] Connection terminated to remote [dd24316a-9d2f-49bb-8215-a17ecf07a4fd/26.82.96.248:60136].

--------------------------------------------------------------------------------
2023-02-04 05:07:54.537 [Info] Disconnected [dd24316a-9d2f-49bb-8215-a17ecf07a4fd].

--------------------------------------------------------------------------------
2023-02-04 05:07:54.537 [Debug] Client disconnected (PCC->PCC)

--------------------------------------------------------------------------------
2023-02-04 05:07:56.817 [Info] Acquiring context lock... (0ms)

--------------------------------------------------------------------------------
2023-02-04 05:07:56.817 [Info] Acquired. (0ms)

--------------------------------------------------------------------------------
2023-02-04 05:07:56.819 [Info] Beginning context dispose. (0ms)

--------------------------------------------------------------------------------
2023-02-04 05:07:56.822 [Info] Disposing network... (0ms)

--------------------------------------------------------------------------------
2023-02-04 05:07:56.825 [Info] Saving updated server variable values

--------------------------------------------------------------------------------
2023-02-04 05:07:56.825 [Info] Saving online users/players... (3ms)

--------------------------------------------------------------------------------
2023-02-04 05:07:56.825 [Info] Saving loaded guilds....

--------------------------------------------------------------------------------
2023-02-04 05:07:56.826 [Info] Online users/players saved. (3ms)

--------------------------------------------------------------------------------
2023-02-04 05:07:56.826 [Info] Shutting down the API... (3ms)

--------------------------------------------------------------------------------
2023-02-04 05:07:56.832 [Info] Shutting down the console thread... (10ms)

--------------------------------------------------------------------------------
2023-02-04 05:07:57.840 [Info] Base dispose. (1018ms)

--------------------------------------------------------------------------------
2023-02-04 05:07:57.840 [Info] Finished disposing server context. (1018ms)

--------------------------------------------------------------------------------
