2023-01-30 13:35:25.013 [Warn] Directory was specified as a plugin directory but does not exist: 'resources\plugins'

--------------------------------------------------------------------------------
2023-01-30 13:35:25.015 [Info] Discovered 0 plugins:


--------------------------------------------------------------------------------
Listening on 0.0.0.0:5400.

--------------------------------------------------------------------------------
UPnP Service Initialization Succeeded

--------------------------------------------------------------------------------
Successfully auto port forwarded udp port 5400 using UPnP.

--------------------------------------------------------------------------------
2023-01-30 13:36:09.695 [Info] Acquiring context lock... (0ms)

--------------------------------------------------------------------------------
2023-01-30 13:36:09.695 [Info] Acquired. (0ms)

--------------------------------------------------------------------------------
2023-01-30 13:36:09.699 [Info] Beginning context dispose. (0ms)

--------------------------------------------------------------------------------
2023-01-30 13:36:09.718 [Info] Disposing network... (0ms)

--------------------------------------------------------------------------------
2023-01-30 13:36:09.720 [Info] Saving updated server variable values

--------------------------------------------------------------------------------
2023-01-30 13:36:09.721 [Info] Saving online users/players... (2ms)

--------------------------------------------------------------------------------
2023-01-30 13:36:09.721 [Info] Saving loaded guilds....

--------------------------------------------------------------------------------
2023-01-30 13:36:09.721 [Info] Online users/players saved. (2ms)

--------------------------------------------------------------------------------
2023-01-30 13:36:09.721 [Info] Shutting down the API... (2ms)

--------------------------------------------------------------------------------
2023-01-30 13:36:09.722 [Info] Shutting down the console thread... (3ms)

--------------------------------------------------------------------------------
2023-01-30 13:36:10.735 [Info] Base dispose. (1017ms)

--------------------------------------------------------------------------------
2023-01-30 13:36:10.735 [Info] Finished disposing server context. (1017ms)

--------------------------------------------------------------------------------
