2023-01-30 13:49:34.660 [Debug] Loaded new formula from BaseExp * Power(Gain, Level).

--------------------------------------------------------------------------------
2023-01-30 13:49:34.665 [Debug] Loaded new formula from BaseExp * Power(Gain, Level).

--------------------------------------------------------------------------------
2023-01-30 13:49:36.350 [Warn] Directory was specified as a plugin directory but does not exist: 'resources\plugins'

--------------------------------------------------------------------------------
2023-01-30 13:49:36.356 [Info] Discovered 0 plugins:


--------------------------------------------------------------------------------
Listening on 0.0.0.0:5400.

--------------------------------------------------------------------------------
UPnP Service Initialization Succeeded

--------------------------------------------------------------------------------
Successfully auto port forwarded udp port 5400 using UPnP.

--------------------------------------------------------------------------------
Successfully auto port forwarded tcp port 5400 using UPnP.

--------------------------------------------------------------------------------
2023-01-30 13:49:43.150 [Debug] hail Time=0 Offset=63810683382772 Real=63810683382772

--------------------------------------------------------------------------------
2023-01-30 13:49:43.150 [Debug] local Time=6863 Offset=63810683376286 Real=63810683383150

--------------------------------------------------------------------------------
2023-01-30 13:49:43.150 [Debug] real delta=378

--------------------------------------------------------------------------------
2023-01-30 13:49:43.150 [Debug] NCPing=-1000

--------------------------------------------------------------------------------
2023-01-30 13:49:43.197 [Info] Connection approved [310f5390-55e4-4f6b-b0eb-bc6373d43f6e].

--------------------------------------------------------------------------------
2023-01-30 13:49:43.219 [Debug] Connection established to remote [310f5390-55e4-4f6b-b0eb-bc6373d43f6e/26.82.96.248:53507].

--------------------------------------------------------------------------------
2023-01-30 13:49:43.219 [Info] Connected [310f5390-55e4-4f6b-b0eb-bc6373d43f6e].

--------------------------------------------------------------------------------
2023-01-30 13:49:46.137 [Debug] Creating new instance with ID 00000000-0000-0000-0000-000000000000 for map New Map

--------------------------------------------------------------------------------
2023-01-30 13:49:46.151 [Debug] Creating new instance with ID 00000000-0000-0000-0000-000000000000 for map New Map

--------------------------------------------------------------------------------
2023-01-30 13:49:46.151 [Debug] Creating new instance with ID 00000000-0000-0000-0000-000000000000 for map New Map

--------------------------------------------------------------------------------
2023-01-30 13:49:46.151 [Debug] Creating new instance with ID 00000000-0000-0000-0000-000000000000 for map New Map

--------------------------------------------------------------------------------
2023-01-30 13:49:48.372 [Debug] StatusChanged: [NetIncomingMessage #0 14 bytes] [Disconnected]

--------------------------------------------------------------------------------
2023-01-30 13:49:48.374 [Debug] Connection terminated to remote [310f5390-55e4-4f6b-b0eb-bc6373d43f6e/26.82.96.248:53507].

--------------------------------------------------------------------------------
2023-01-30 13:49:48.374 [Info] Disconnected [310f5390-55e4-4f6b-b0eb-bc6373d43f6e].

--------------------------------------------------------------------------------
2023-01-30 13:49:48.374 [Debug] Client disconnected (PCC->PCC)

--------------------------------------------------------------------------------
2023-01-30 13:49:50.304 [Info] Acquiring context lock... (0ms)

--------------------------------------------------------------------------------
2023-01-30 13:49:50.304 [Info] Acquired. (0ms)

--------------------------------------------------------------------------------
2023-01-30 13:49:50.307 [Info] Beginning context dispose. (0ms)

--------------------------------------------------------------------------------
2023-01-30 13:49:50.310 [Info] Disposing network... (0ms)

--------------------------------------------------------------------------------
2023-01-30 13:49:50.314 [Info] Saving updated server variable values

--------------------------------------------------------------------------------
2023-01-30 13:49:50.314 [Info] Saving online users/players... (3ms)

--------------------------------------------------------------------------------
2023-01-30 13:49:50.314 [Info] Saving loaded guilds....

--------------------------------------------------------------------------------
2023-01-30 13:49:50.314 [Info] Online users/players saved. (3ms)

--------------------------------------------------------------------------------
2023-01-30 13:49:50.314 [Info] Shutting down the API... (3ms)

--------------------------------------------------------------------------------
2023-01-30 13:49:50.317 [Info] Shutting down the console thread... (6ms)

--------------------------------------------------------------------------------
2023-01-30 13:49:51.324 [Info] Base dispose. (1013ms)

--------------------------------------------------------------------------------
2023-01-30 13:49:51.324 [Info] Finished disposing server context. (1013ms)

--------------------------------------------------------------------------------
