2023-01-30 18:25:10.470 [Debug] Loaded new formula from BaseExp * Power(Gain, Level).

--------------------------------------------------------------------------------
2023-01-30 18:25:10.475 [Debug] Loaded new formula from BaseExp * Power(Gain, Level).

--------------------------------------------------------------------------------
2023-01-30 18:25:12.399 [Warn] Directory was specified as a plugin directory but does not exist: 'resources\plugins'

--------------------------------------------------------------------------------
2023-01-30 18:25:12.405 [Info] Discovered 0 plugins:


--------------------------------------------------------------------------------
Listening on 0.0.0.0:5400.

--------------------------------------------------------------------------------
UPnP Service Initialization Succeeded

--------------------------------------------------------------------------------
Successfully auto port forwarded udp port 5400 using UPnP.

--------------------------------------------------------------------------------
Successfully auto port forwarded tcp port 5400 using UPnP.

--------------------------------------------------------------------------------
2023-01-30 18:25:14.540 [Debug] hail Time=27851 Offset=63810699886440 Real=63810699914291

--------------------------------------------------------------------------------
2023-01-30 18:25:14.540 [Debug] local Time=2215 Offset=63810699912324 Real=63810699914540

--------------------------------------------------------------------------------
2023-01-30 18:25:14.540 [Debug] real delta=248

--------------------------------------------------------------------------------
2023-01-30 18:25:14.540 [Debug] NCPing=-1000

--------------------------------------------------------------------------------
2023-01-30 18:25:14.575 [Info] Connection approved [0791b4fd-576f-4fd3-828d-453c73a5fb7a].

--------------------------------------------------------------------------------
2023-01-30 18:25:14.583 [Debug] Connection established to remote [0791b4fd-576f-4fd3-828d-453c73a5fb7a/26.82.96.248:50685].

--------------------------------------------------------------------------------
2023-01-30 18:25:14.584 [Info] Connected [0791b4fd-576f-4fd3-828d-453c73a5fb7a].

--------------------------------------------------------------------------------
2023-01-30 18:28:16.006 [Info] Acquiring context lock... (0ms)

--------------------------------------------------------------------------------
2023-01-30 18:28:16.007 [Info] Acquired. (0ms)

--------------------------------------------------------------------------------
2023-01-30 18:28:16.009 [Info] Beginning context dispose. (0ms)

--------------------------------------------------------------------------------
2023-01-30 18:28:16.013 [Info] Disposing network... (0ms)

--------------------------------------------------------------------------------
2023-01-30 18:28:16.014 [Debug] StatusChanged: [NetIncomingMessage #0 10 bytes] [Disconnecting]

--------------------------------------------------------------------------------
2023-01-30 18:28:16.016 [Info] Saving updated server variable values

--------------------------------------------------------------------------------
2023-01-30 18:28:16.016 [Info] Saving online users/players... (3ms)

--------------------------------------------------------------------------------
2023-01-30 18:28:16.031 [Debug] StatusChanged: [NetIncomingMessage #0 14 bytes] [Disconnected]

--------------------------------------------------------------------------------
2023-01-30 18:28:16.050 [Info] Saving loaded guilds....

--------------------------------------------------------------------------------
2023-01-30 18:28:16.050 [Info] Online users/players saved. (38ms)

--------------------------------------------------------------------------------
2023-01-30 18:28:16.051 [Info] Shutting down the API... (39ms)

--------------------------------------------------------------------------------
2023-01-30 18:28:16.056 [Info] Shutting down the console thread... (43ms)

--------------------------------------------------------------------------------
2023-01-30 18:28:17.073 [Info] Base dispose. (1060ms)

--------------------------------------------------------------------------------
2023-01-30 18:28:17.073 [Info] Finished disposing server context. (1060ms)

--------------------------------------------------------------------------------
