2023-01-28 11:50:04.008 [Warn] Directory was specified as a plugin directory but does not exist: 'resources\plugins'

--------------------------------------------------------------------------------
2023-01-28 11:50:04.008 [Info] Discovered 0 plugins:


--------------------------------------------------------------------------------
Listening on 0.0.0.0:5400.

--------------------------------------------------------------------------------
UPnP Service Initialization Failed. You might not have a router, or UPnP on your router might be disabled.
NatDeviceNotFoundException: Exception of type 'Open.Nat.NatDeviceNotFoundException' was thrown.
    Stack:    at Open.Nat.NatDiscoverer.<DiscoverDeviceAsync>d__5.MoveNext()
--- End of stack trace from previous location where exception was thrown ---
   at System.Runtime.ExceptionServices.ExceptionDispatchInfo.Throw()
   at System.Runtime.CompilerServices.TaskAwaiter.HandleNonSuccessAndDebuggerNotification(Task task)
   at Intersect.Server.Networking.Helpers.UpnP.<ConnectNatDevice>d__4.MoveNext()


--------------------------------------------------------------------------------
2023-01-28 11:53:06.217 [Info] Connection approved [f19d7dd5-e3d7-438a-b1fe-c9b5c928f00a].

--------------------------------------------------------------------------------
2023-01-28 11:53:06.244 [Info] Connected [f19d7dd5-e3d7-438a-b1fe-c9b5c928f00a].

--------------------------------------------------------------------------------
2023-01-28 11:53:25.304 [Info] Disconnected [f19d7dd5-e3d7-438a-b1fe-c9b5c928f00a].

--------------------------------------------------------------------------------
2023-01-28 12:00:29.140 [Info] Connection approved [a07494aa-3cb7-48d1-8cad-f66c988a9308].

--------------------------------------------------------------------------------
2023-01-28 12:00:29.160 [Info] Connected [a07494aa-3cb7-48d1-8cad-f66c988a9308].

--------------------------------------------------------------------------------
2023-01-28 12:00:56.242 [Info] Disconnected [a07494aa-3cb7-48d1-8cad-f66c988a9308].

--------------------------------------------------------------------------------
2023-01-28 12:08:53.404 [Info] Connection approved [1cfe93aa-0fcb-46c5-8449-c91f595edd4a].

--------------------------------------------------------------------------------
2023-01-28 12:08:53.422 [Info] Connected [1cfe93aa-0fcb-46c5-8449-c91f595edd4a].

--------------------------------------------------------------------------------
2023-01-28 12:09:31.781 [Info] Disconnected [1cfe93aa-0fcb-46c5-8449-c91f595edd4a].

--------------------------------------------------------------------------------
2023-01-28 12:17:43.863 [Info] Connection approved [b3272a43-8bd9-4297-8d26-7c7f8c69b31f].

--------------------------------------------------------------------------------
2023-01-28 12:17:43.872 [Info] Connected [b3272a43-8bd9-4297-8d26-7c7f8c69b31f].

--------------------------------------------------------------------------------
2023-01-28 12:18:29.940 [Info] Disconnected [b3272a43-8bd9-4297-8d26-7c7f8c69b31f].

--------------------------------------------------------------------------------
2023-01-28 12:25:59.290 [Info] Connection approved [2fc8af36-1460-456d-84bb-fd0c8858d44f].

--------------------------------------------------------------------------------
2023-01-28 12:25:59.319 [Info] Connected [2fc8af36-1460-456d-84bb-fd0c8858d44f].

--------------------------------------------------------------------------------
2023-01-28 12:26:53.585 [Info] Disconnected [2fc8af36-1460-456d-84bb-fd0c8858d44f].

--------------------------------------------------------------------------------
2023-01-28 12:27:11.424 [Info] Acquiring context lock... (0ms)

--------------------------------------------------------------------------------
2023-01-28 12:27:11.424 [Info] Acquired. (0ms)

--------------------------------------------------------------------------------
2023-01-28 12:27:11.424 [Info] Beginning context dispose. (0ms)

--------------------------------------------------------------------------------
2023-01-28 12:27:11.444 [Info] Disposing network... (2ms)

--------------------------------------------------------------------------------
2023-01-28 12:27:11.449 [Info] Saving updated server variable values

--------------------------------------------------------------------------------
2023-01-28 12:27:11.449 [Info] Saving online users/players... (7ms)

--------------------------------------------------------------------------------
2023-01-28 12:27:11.449 [Info] Saving loaded guilds....

--------------------------------------------------------------------------------
2023-01-28 12:27:11.449 [Info] Online users/players saved. (8ms)

--------------------------------------------------------------------------------
2023-01-28 12:27:11.449 [Info] Shutting down the API... (8ms)

--------------------------------------------------------------------------------
2023-01-28 12:27:11.449 [Info] Shutting down the console thread... (9ms)

--------------------------------------------------------------------------------
2023-01-28 12:27:12.463 [Info] Base dispose. (1024ms)

--------------------------------------------------------------------------------
2023-01-28 12:27:12.463 [Info] Finished disposing server context. (1024ms)

--------------------------------------------------------------------------------
