2023-01-30 11:57:29.480 [Warn] Directory was specified as a plugin directory but does not exist: 'resources\plugins'

--------------------------------------------------------------------------------
2023-01-30 11:57:29.491 [Info] Discovered 0 plugins:


--------------------------------------------------------------------------------
Listening on 0.0.0.0:5400.

--------------------------------------------------------------------------------
2023-01-30 11:57:31.012 [Info] Connection approved [30c909d1-6597-45c6-8b48-8bc5e9e3fbea].

--------------------------------------------------------------------------------
2023-01-30 11:57:31.045 [Info] Connected [30c909d1-6597-45c6-8b48-8bc5e9e3fbea].

--------------------------------------------------------------------------------
UPnP Service Initialization Failed. You might not have a router, or UPnP on your router might be disabled.
NatDeviceNotFoundException: Exception of type 'Open.Nat.NatDeviceNotFoundException' was thrown.
    Stack:    at Open.Nat.NatDiscoverer.<DiscoverDeviceAsync>d__5.MoveNext()
--- End of stack trace from previous location where exception was thrown ---
   at System.Runtime.ExceptionServices.ExceptionDispatchInfo.Throw()
   at System.Runtime.CompilerServices.TaskAwaiter.HandleNonSuccessAndDebuggerNotification(Task task)
   at Intersect.Server.Networking.Helpers.UpnP.<ConnectNatDevice>d__4.MoveNext()


--------------------------------------------------------------------------------
2023-01-30 11:57:47.315 [Info] Disconnected [30c909d1-6597-45c6-8b48-8bc5e9e3fbea].

--------------------------------------------------------------------------------
2023-01-30 11:58:29.723 [Info] Connection approved [c45f5cd0-d839-4d56-acfc-3d6c2e75b0a1].

--------------------------------------------------------------------------------
2023-01-30 11:58:29.740 [Info] Connected [c45f5cd0-d839-4d56-acfc-3d6c2e75b0a1].

--------------------------------------------------------------------------------
2023-01-30 11:58:56.904 [Info] Disconnected [c45f5cd0-d839-4d56-acfc-3d6c2e75b0a1].

--------------------------------------------------------------------------------
2023-01-30 12:05:56.584 [Info] Connection approved [7c72f081-1386-44cc-9659-b217047f6029].

--------------------------------------------------------------------------------
2023-01-30 12:05:56.608 [Info] Connected [7c72f081-1386-44cc-9659-b217047f6029].

--------------------------------------------------------------------------------
2023-01-30 12:08:09.728 [Info] Disconnected [7c72f081-1386-44cc-9659-b217047f6029].

--------------------------------------------------------------------------------
2023-01-30 12:08:14.935 [Info] Acquiring context lock... (0ms)

--------------------------------------------------------------------------------
2023-01-30 12:08:14.935 [Info] Acquired. (0ms)

--------------------------------------------------------------------------------
2023-01-30 12:08:14.935 [Info] Beginning context dispose. (0ms)

--------------------------------------------------------------------------------
2023-01-30 12:08:14.935 [Info] Disposing network... (0ms)

--------------------------------------------------------------------------------
2023-01-30 12:08:14.935 [Info] Saving updated server variable values

--------------------------------------------------------------------------------
2023-01-30 12:08:14.935 [Info] Saving online users/players... (2ms)

--------------------------------------------------------------------------------
2023-01-30 12:08:14.935 [Info] Saving loaded guilds....

--------------------------------------------------------------------------------
2023-01-30 12:08:14.935 [Info] Online users/players saved. (2ms)

--------------------------------------------------------------------------------
2023-01-30 12:08:14.935 [Info] Shutting down the API... (2ms)

--------------------------------------------------------------------------------
2023-01-30 12:08:14.951 [Info] Shutting down the console thread... (3ms)

--------------------------------------------------------------------------------
2023-01-30 12:08:15.954 [Info] Base dispose. (1011ms)

--------------------------------------------------------------------------------
2023-01-30 12:08:15.954 [Info] Finished disposing server context. (1011ms)

--------------------------------------------------------------------------------
