2023-01-30 17:43:54.474 [Debug] Loaded new formula from BaseExp * Power(Gain, Level).

--------------------------------------------------------------------------------
2023-01-30 17:43:54.485 [Debug] Loaded new formula from BaseExp * Power(Gain, Level).

--------------------------------------------------------------------------------
2023-01-30 17:43:56.221 [Warn] Directory was specified as a plugin directory but does not exist: 'resources\plugins'

--------------------------------------------------------------------------------
2023-01-30 17:43:56.227 [Info] Discovered 0 plugins:


--------------------------------------------------------------------------------
Listening on 0.0.0.0:5400.

--------------------------------------------------------------------------------
2023-01-30 17:43:56.948 [Debug] hail Time=0 Offset=63810697436567 Real=63810697436567

--------------------------------------------------------------------------------
2023-01-30 17:43:56.948 [Debug] local Time=798 Offset=63810697436149 Real=63810697436948

--------------------------------------------------------------------------------
2023-01-30 17:43:56.948 [Debug] real delta=381

--------------------------------------------------------------------------------
2023-01-30 17:43:56.948 [Debug] NCPing=-1000

--------------------------------------------------------------------------------
2023-01-30 17:43:56.985 [Info] Connection approved [337a0987-17cc-4524-ac7a-e0462b8c4727].

--------------------------------------------------------------------------------
2023-01-30 17:43:57.004 [Debug] Connection established to remote [337a0987-17cc-4524-ac7a-e0462b8c4727/26.82.96.248:51074].

--------------------------------------------------------------------------------
2023-01-30 17:43:57.004 [Info] Connected [337a0987-17cc-4524-ac7a-e0462b8c4727].

--------------------------------------------------------------------------------
UPnP Service Initialization Succeeded

--------------------------------------------------------------------------------
Successfully auto port forwarded udp port 5400 using UPnP.

--------------------------------------------------------------------------------
Successfully auto port forwarded tcp port 5400 using UPnP.

--------------------------------------------------------------------------------
2023-01-30 17:44:04.558 [Debug] Creating new instance with ID 00000000-0000-0000-0000-000000000000 for map New Map

--------------------------------------------------------------------------------
2023-01-30 17:44:04.567 [Debug] Creating new instance with ID 00000000-0000-0000-0000-000000000000 for map New Map

--------------------------------------------------------------------------------
2023-01-30 17:44:04.567 [Debug] Creating new instance with ID 00000000-0000-0000-0000-000000000000 for map New Map

--------------------------------------------------------------------------------
2023-01-30 17:44:04.567 [Debug] Creating new instance with ID 00000000-0000-0000-0000-000000000000 for map New Map

--------------------------------------------------------------------------------
2023-01-30 17:44:12.376 [Debug] StatusChanged: [NetIncomingMessage #0 14 bytes] [Disconnected]

--------------------------------------------------------------------------------
2023-01-30 17:44:12.377 [Debug] Connection terminated to remote [337a0987-17cc-4524-ac7a-e0462b8c4727/26.82.96.248:51074].

--------------------------------------------------------------------------------
2023-01-30 17:44:12.377 [Info] Disconnected [337a0987-17cc-4524-ac7a-e0462b8c4727].

--------------------------------------------------------------------------------
2023-01-30 17:44:12.377 [Debug] Client disconnected (PCC->PCC)

--------------------------------------------------------------------------------
2023-01-30 17:46:44.768 [Info] Acquiring context lock... (0ms)

--------------------------------------------------------------------------------
2023-01-30 17:46:44.768 [Info] Acquired. (0ms)

--------------------------------------------------------------------------------
2023-01-30 17:46:44.771 [Info] Beginning context dispose. (0ms)

--------------------------------------------------------------------------------
2023-01-30 17:46:44.774 [Info] Disposing network... (0ms)

--------------------------------------------------------------------------------
2023-01-30 17:46:44.776 [Info] Saving updated server variable values

--------------------------------------------------------------------------------
2023-01-30 17:46:44.776 [Info] Saving online users/players... (2ms)

--------------------------------------------------------------------------------
2023-01-30 17:46:44.776 [Info] Saving loaded guilds....

--------------------------------------------------------------------------------
2023-01-30 17:46:44.776 [Info] Online users/players saved. (3ms)

--------------------------------------------------------------------------------
2023-01-30 17:46:44.776 [Info] Shutting down the API... (3ms)

--------------------------------------------------------------------------------
2023-01-30 17:46:44.782 [Info] Shutting down the console thread... (8ms)

--------------------------------------------------------------------------------
2023-01-30 17:46:45.793 [Info] Base dispose. (1019ms)

--------------------------------------------------------------------------------
2023-01-30 17:46:45.793 [Info] Finished disposing server context. (1020ms)

--------------------------------------------------------------------------------
