2023-01-30 13:21:21.684 [Debug] Loaded new formula from BaseExp * Power(Gain, Level).

--------------------------------------------------------------------------------
2023-01-30 13:21:21.690 [Debug] Loaded new formula from BaseExp * Power(Gain, Level).

--------------------------------------------------------------------------------
2023-01-30 13:21:23.589 [Warn] Directory was specified as a plugin directory but does not exist: 'resources\plugins'

--------------------------------------------------------------------------------
2023-01-30 13:21:23.590 [Info] Discovered 0 plugins:


--------------------------------------------------------------------------------
Listening on 0.0.0.0:5400.

--------------------------------------------------------------------------------
UPnP Service Initialization Succeeded

--------------------------------------------------------------------------------
Successfully auto port forwarded udp port 5400 using UPnP.

--------------------------------------------------------------------------------
Successfully auto port forwarded tcp port 5400 using UPnP.

--------------------------------------------------------------------------------
2023-01-30 13:23:55.330 [Info] Acquiring context lock... (0ms)

--------------------------------------------------------------------------------
2023-01-30 13:23:55.330 [Info] Acquired. (0ms)

--------------------------------------------------------------------------------
2023-01-30 13:23:55.332 [Info] Beginning context dispose. (0ms)

--------------------------------------------------------------------------------
2023-01-30 13:23:55.335 [Info] Disposing network... (0ms)

--------------------------------------------------------------------------------
2023-01-30 13:23:55.338 [Info] Saving updated server variable values

--------------------------------------------------------------------------------
2023-01-30 13:23:55.338 [Info] Saving online users/players... (2ms)

--------------------------------------------------------------------------------
2023-01-30 13:23:55.369 [Info] Saving loaded guilds....

--------------------------------------------------------------------------------
2023-01-30 13:23:55.369 [Info] Online users/players saved. (34ms)

--------------------------------------------------------------------------------
2023-01-30 13:23:55.369 [Info] Shutting down the API... (34ms)

--------------------------------------------------------------------------------
2023-01-30 13:23:55.374 [Info] Shutting down the console thread... (38ms)

--------------------------------------------------------------------------------
2023-01-30 13:23:56.382 [Info] Base dispose. (1046ms)

--------------------------------------------------------------------------------
2023-01-30 13:23:56.382 [Info] Finished disposing server context. (1047ms)

--------------------------------------------------------------------------------
