2023-01-30 17:41:27.954 [Debug] Loaded new formula from BaseExp * Power(Gain, Level).

--------------------------------------------------------------------------------
2023-01-30 17:41:27.960 [Debug] Loaded new formula from BaseExp * Power(Gain, Level).

--------------------------------------------------------------------------------
2023-01-30 17:41:29.746 [Warn] Directory was specified as a plugin directory but does not exist: 'resources\plugins'

--------------------------------------------------------------------------------
2023-01-30 17:41:29.751 [Info] Discovered 0 plugins:


--------------------------------------------------------------------------------
Listening on 0.0.0.0:5400.

--------------------------------------------------------------------------------
UPnP Service Initialization Succeeded

--------------------------------------------------------------------------------
Successfully auto port forwarded udp port 5400 using UPnP.

--------------------------------------------------------------------------------
Successfully auto port forwarded tcp port 5400 using UPnP.

--------------------------------------------------------------------------------
2023-01-30 17:41:39.212 [Debug] hail Time=0 Offset=63810697298825 Real=63810697298825

--------------------------------------------------------------------------------
2023-01-30 17:41:39.212 [Debug] local Time=9535 Offset=63810697289677 Real=63810697299212

--------------------------------------------------------------------------------
2023-01-30 17:41:39.212 [Debug] real delta=387

--------------------------------------------------------------------------------
2023-01-30 17:41:39.212 [Debug] NCPing=-1000

--------------------------------------------------------------------------------
2023-01-30 17:41:39.249 [Info] Connection approved [5d3bc647-7dd9-437c-a2b7-a6f790a22852].

--------------------------------------------------------------------------------
2023-01-30 17:41:39.270 [Debug] Connection established to remote [5d3bc647-7dd9-437c-a2b7-a6f790a22852/26.82.96.248:51675].

--------------------------------------------------------------------------------
2023-01-30 17:41:39.270 [Info] Connected [5d3bc647-7dd9-437c-a2b7-a6f790a22852].

--------------------------------------------------------------------------------
2023-01-30 17:41:41.960 [Debug] Creating new instance with ID 00000000-0000-0000-0000-000000000000 for map New Map

--------------------------------------------------------------------------------
2023-01-30 17:41:41.972 [Debug] Creating new instance with ID 00000000-0000-0000-0000-000000000000 for map New Map

--------------------------------------------------------------------------------
2023-01-30 17:41:41.972 [Debug] Creating new instance with ID 00000000-0000-0000-0000-000000000000 for map New Map

--------------------------------------------------------------------------------
2023-01-30 17:41:41.972 [Debug] Creating new instance with ID 00000000-0000-0000-0000-000000000000 for map New Map

--------------------------------------------------------------------------------
2023-01-30 17:42:22.216 [Info] Acquiring context lock... (0ms)

--------------------------------------------------------------------------------
2023-01-30 17:42:22.216 [Info] Acquired. (0ms)

--------------------------------------------------------------------------------
2023-01-30 17:42:22.219 [Info] Beginning context dispose. (0ms)

--------------------------------------------------------------------------------
2023-01-30 17:42:22.222 [Info] Disposing network... (0ms)

--------------------------------------------------------------------------------
2023-01-30 17:42:22.225 [Debug] StatusChanged: [NetIncomingMessage #0 10 bytes] [Disconnecting]

--------------------------------------------------------------------------------
2023-01-30 17:42:22.227 [Info] Saving updated server variable values

--------------------------------------------------------------------------------
2023-01-30 17:42:22.228 [Info] Saving online users/players... (6ms)

--------------------------------------------------------------------------------
2023-01-30 17:42:22.232 [Debug] StatusChanged: [NetIncomingMessage #0 14 bytes] [Disconnected]

--------------------------------------------------------------------------------
2023-01-30 17:42:22.432 [Info] Saving loaded guilds....

--------------------------------------------------------------------------------
2023-01-30 17:42:22.432 [Info] Online users/players saved. (210ms)

--------------------------------------------------------------------------------
2023-01-30 17:42:22.435 [Info] Shutting down the API... (214ms)

--------------------------------------------------------------------------------
2023-01-30 17:42:22.437 [Info] Shutting down the console thread... (216ms)

--------------------------------------------------------------------------------
2023-01-30 17:42:23.451 [Info] Base dispose. (1230ms)

--------------------------------------------------------------------------------
2023-01-30 17:42:23.451 [Info] Finished disposing server context. (1230ms)

--------------------------------------------------------------------------------
