2023-01-28 08:27:46.185 [Warn] Directory was specified as a plugin directory but does not exist: 'resources\plugins'

--------------------------------------------------------------------------------
2023-01-28 08:27:46.194 [Info] Discovered 0 plugins:


--------------------------------------------------------------------------------
Listening on 0.0.0.0:5400.

--------------------------------------------------------------------------------
UPnP Service Initialization Failed. You might not have a router, or UPnP on your router might be disabled.
NatDeviceNotFoundException: Exception of type 'Open.Nat.NatDeviceNotFoundException' was thrown.
    Stack:    at Open.Nat.NatDiscoverer.<DiscoverDeviceAsync>d__5.MoveNext()
--- End of stack trace from previous location where exception was thrown ---
   at System.Runtime.ExceptionServices.ExceptionDispatchInfo.Throw()
   at System.Runtime.CompilerServices.TaskAwaiter.HandleNonSuccessAndDebuggerNotification(Task task)
   at Intersect.Server.Networking.Helpers.UpnP.<ConnectNatDevice>d__4.MoveNext()


--------------------------------------------------------------------------------
2023-01-28 08:28:11.788 [Info] Connection approved [2afb8140-8de2-4229-a71f-cced5d63859d].

--------------------------------------------------------------------------------
2023-01-28 08:28:11.823 [Info] Connected [2afb8140-8de2-4229-a71f-cced5d63859d].

--------------------------------------------------------------------------------
2023-01-28 08:28:32.842 [Info] Disconnected [2afb8140-8de2-4229-a71f-cced5d63859d].

--------------------------------------------------------------------------------
2023-01-28 08:28:48.377 [Info] Acquiring context lock... (0ms)

--------------------------------------------------------------------------------
2023-01-28 08:28:48.377 [Info] Acquired. (0ms)

--------------------------------------------------------------------------------
2023-01-28 08:28:48.382 [Info] Beginning context dispose. (0ms)

--------------------------------------------------------------------------------
2023-01-28 08:28:48.393 [Info] Disposing network... (2ms)

--------------------------------------------------------------------------------
2023-01-28 08:28:48.399 [Info] Saving updated server variable values

--------------------------------------------------------------------------------
2023-01-28 08:28:48.401 [Info] Saving online users/players... (9ms)

--------------------------------------------------------------------------------
2023-01-28 08:28:48.401 [Info] Saving loaded guilds....

--------------------------------------------------------------------------------
2023-01-28 08:28:48.401 [Info] Online users/players saved. (10ms)

--------------------------------------------------------------------------------
2023-01-28 08:28:48.401 [Info] Shutting down the API... (10ms)

--------------------------------------------------------------------------------
2023-01-28 08:28:48.403 [Info] Shutting down the console thread... (11ms)

--------------------------------------------------------------------------------
2023-01-28 08:28:49.411 [Info] Base dispose. (1019ms)

--------------------------------------------------------------------------------
2023-01-28 08:28:49.411 [Info] Finished disposing server context. (1019ms)

--------------------------------------------------------------------------------
