2023-01-30 17:17:41.770 [Debug] Loaded new formula from BaseExp * Power(Gain, Level).

--------------------------------------------------------------------------------
2023-01-30 17:17:41.775 [Debug] Loaded new formula from BaseExp * Power(Gain, Level).

--------------------------------------------------------------------------------
2023-01-30 17:17:43.591 [Warn] Directory was specified as a plugin directory but does not exist: 'resources\plugins'

--------------------------------------------------------------------------------
2023-01-30 17:17:43.594 [Info] Discovered 0 plugins:


--------------------------------------------------------------------------------
Listening on 0.0.0.0:5400.

--------------------------------------------------------------------------------
UPnP Service Initialization Succeeded

--------------------------------------------------------------------------------
Successfully auto port forwarded udp port 5400 using UPnP.

--------------------------------------------------------------------------------
Successfully auto port forwarded tcp port 5400 using UPnP.

--------------------------------------------------------------------------------
2023-01-30 17:17:44.982 [Debug] hail Time=9330165 Offset=63810686525587 Real=63810695855752

--------------------------------------------------------------------------------
2023-01-30 17:17:44.982 [Debug] local Time=1461 Offset=63810695863520 Real=63810695864982

--------------------------------------------------------------------------------
2023-01-30 17:17:44.982 [Debug] real delta=9229

--------------------------------------------------------------------------------
2023-01-30 17:17:44.982 [Debug] NCPing=-1000

--------------------------------------------------------------------------------
2023-01-30 17:17:45.016 [Info] Connection approved [60b431c8-44ab-44c8-b98d-219aff7da0da].

--------------------------------------------------------------------------------
2023-01-30 17:17:45.025 [Debug] Connection established to remote [60b431c8-44ab-44c8-b98d-219aff7da0da/26.82.96.248:53721].

--------------------------------------------------------------------------------
2023-01-30 17:17:45.026 [Info] Connected [60b431c8-44ab-44c8-b98d-219aff7da0da].

--------------------------------------------------------------------------------
2023-01-30 17:18:05.293 [Debug] hail Time=0 Offset=63810695885073 Real=63810695885073

--------------------------------------------------------------------------------
2023-01-30 17:18:05.293 [Debug] local Time=21772 Offset=63810695863520 Real=63810695885293

--------------------------------------------------------------------------------
2023-01-30 17:18:05.293 [Debug] real delta=220

--------------------------------------------------------------------------------
2023-01-30 17:18:05.293 [Debug] NCPing=-1000

--------------------------------------------------------------------------------
2023-01-30 17:18:05.293 [Info] Connection approved [b0f23a52-984c-4521-bcb3-50ff96a11739].

--------------------------------------------------------------------------------
2023-01-30 17:18:05.306 [Debug] Connection established to remote [b0f23a52-984c-4521-bcb3-50ff96a11739/26.82.96.248:59763].

--------------------------------------------------------------------------------
2023-01-30 17:18:05.306 [Info] Connected [b0f23a52-984c-4521-bcb3-50ff96a11739].

--------------------------------------------------------------------------------
2023-01-30 17:18:28.391 [Debug] Creating new instance with ID 00000000-0000-0000-0000-000000000000 for map New Map

--------------------------------------------------------------------------------
2023-01-30 17:18:28.419 [Debug] Creating new instance with ID 00000000-0000-0000-0000-000000000000 for map New Map

--------------------------------------------------------------------------------
2023-01-30 17:18:28.419 [Debug] Creating new instance with ID 00000000-0000-0000-0000-000000000000 for map New Map

--------------------------------------------------------------------------------
2023-01-30 17:18:28.419 [Debug] Creating new instance with ID 00000000-0000-0000-0000-000000000000 for map New Map

--------------------------------------------------------------------------------
2023-01-30 17:21:59.658 [Info] Acquiring context lock... (0ms)

--------------------------------------------------------------------------------
2023-01-30 17:21:59.659 [Info] Acquired. (0ms)

--------------------------------------------------------------------------------
2023-01-30 17:21:59.660 [Info] Beginning context dispose. (0ms)

--------------------------------------------------------------------------------
2023-01-30 17:21:59.662 [Info] Disposing network... (0ms)

--------------------------------------------------------------------------------
2023-01-30 17:21:59.663 [Debug] StatusChanged: [NetIncomingMessage #0 10 bytes] [Disconnecting]

--------------------------------------------------------------------------------
2023-01-30 17:21:59.664 [Debug] StatusChanged: [NetIncomingMessage #0 10 bytes] [Disconnecting]

--------------------------------------------------------------------------------
2023-01-30 17:21:59.664 [Info] Saving updated server variable values

--------------------------------------------------------------------------------
2023-01-30 17:21:59.664 [Info] Saving online users/players... (2ms)

--------------------------------------------------------------------------------
2023-01-30 17:21:59.674 [Debug] StatusChanged: [NetIncomingMessage #0 14 bytes] [Disconnected]

--------------------------------------------------------------------------------
2023-01-30 17:21:59.676 [Debug] StatusChanged: [NetIncomingMessage #0 14 bytes] [Disconnected]

--------------------------------------------------------------------------------
2023-01-30 17:21:59.717 [Info] Saving loaded guilds....

--------------------------------------------------------------------------------
2023-01-30 17:21:59.717 [Info] Online users/players saved. (55ms)

--------------------------------------------------------------------------------
2023-01-30 17:21:59.727 [Info] Shutting down the API... (65ms)

--------------------------------------------------------------------------------
2023-01-30 17:21:59.732 [Info] Shutting down the console thread... (70ms)

--------------------------------------------------------------------------------
2023-01-30 17:22:00.741 [Info] Base dispose. (1079ms)

--------------------------------------------------------------------------------
2023-01-30 17:22:00.741 [Info] Finished disposing server context. (1079ms)

--------------------------------------------------------------------------------
