2023-02-04 05:16:38.985 [Debug] Loaded new formula from BaseExp * Power(Gain, Level).

--------------------------------------------------------------------------------
2023-02-04 05:16:38.990 [Debug] Loaded new formula from BaseExp * Power(Gain, Level).

--------------------------------------------------------------------------------
2023-02-04 05:16:40.979 [Warn] Directory was specified as a plugin directory but does not exist: 'resources\plugins'

--------------------------------------------------------------------------------
2023-02-04 05:16:40.984 [Info] Discovered 0 plugins:


--------------------------------------------------------------------------------
Listening on 0.0.0.0:5400.

--------------------------------------------------------------------------------
UPnP Service Initialization Failed. You might not have a router, or UPnP on your router might be disabled.
NatDeviceNotFoundException: Exception of type 'Open.Nat.NatDeviceNotFoundException' was thrown.
    Stack:    at Open.Nat.NatDiscoverer.<DiscoverDeviceAsync>d__5.MoveNext()
--- End of stack trace from previous location where exception was thrown ---
   at System.Runtime.ExceptionServices.ExceptionDispatchInfo.Throw()
   at System.Runtime.CompilerServices.TaskAwaiter.HandleNonSuccessAndDebuggerNotification(Task task)
   at System.Runtime.CompilerServices.TaskAwaiter`1.GetResult()
   at Intersect.Server.Networking.Helpers.UpnP.<ConnectNatDevice>d__4.MoveNext()


--------------------------------------------------------------------------------
2023-02-04 05:16:50.266 [Debug] hail Time=58 Offset=63811084609767 Real=63811084609825

--------------------------------------------------------------------------------
2023-02-04 05:16:50.267 [Debug] local Time=9368 Offset=63811084600898 Real=63811084610266

--------------------------------------------------------------------------------
2023-02-04 05:16:50.267 [Debug] real delta=440

--------------------------------------------------------------------------------
2023-02-04 05:16:50.267 [Debug] NCPing=-1000

--------------------------------------------------------------------------------
2023-02-04 05:16:50.320 [Info] Connection approved [05f89576-41e6-48f1-ac03-1770a50caa1e].

--------------------------------------------------------------------------------
2023-02-04 05:16:50.336 [Debug] Connection established to remote [05f89576-41e6-48f1-ac03-1770a50caa1e/26.82.96.248:64764].

--------------------------------------------------------------------------------
2023-02-04 05:16:50.336 [Info] Connected [05f89576-41e6-48f1-ac03-1770a50caa1e].

--------------------------------------------------------------------------------
2023-02-04 05:16:53.278 [Debug] Creating new instance with ID 00000000-0000-0000-0000-000000000000 for map New Map

--------------------------------------------------------------------------------
2023-02-04 05:16:53.297 [Debug] Creating new instance with ID 00000000-0000-0000-0000-000000000000 for map New Map

--------------------------------------------------------------------------------
2023-02-04 05:16:53.297 [Debug] Creating new instance with ID 00000000-0000-0000-0000-000000000000 for map New Map

--------------------------------------------------------------------------------
2023-02-04 05:16:53.297 [Debug] Creating new instance with ID 00000000-0000-0000-0000-000000000000 for map New Map

--------------------------------------------------------------------------------
2023-02-04 05:17:17.627 [Debug] StatusChanged: [NetIncomingMessage #49 14 bytes] [Disconnected]

--------------------------------------------------------------------------------
2023-02-04 05:17:17.628 [Debug] Connection terminated to remote [05f89576-41e6-48f1-ac03-1770a50caa1e/26.82.96.248:64764].

--------------------------------------------------------------------------------
2023-02-04 05:17:17.629 [Info] Disconnected [05f89576-41e6-48f1-ac03-1770a50caa1e].

--------------------------------------------------------------------------------
2023-02-04 05:17:17.629 [Debug] Client disconnected (PCC->PCC)

--------------------------------------------------------------------------------
2023-02-04 05:20:35.070 [Info] Acquiring context lock... (0ms)

--------------------------------------------------------------------------------
2023-02-04 05:20:35.070 [Info] Acquired. (0ms)

--------------------------------------------------------------------------------
2023-02-04 05:20:35.072 [Info] Beginning context dispose. (0ms)

--------------------------------------------------------------------------------
2023-02-04 05:20:35.074 [Info] Disposing network... (0ms)

--------------------------------------------------------------------------------
2023-02-04 05:20:35.077 [Info] Saving updated server variable values

--------------------------------------------------------------------------------
2023-02-04 05:20:35.077 [Info] Saving online users/players... (3ms)

--------------------------------------------------------------------------------
2023-02-04 05:20:35.077 [Info] Saving loaded guilds....

--------------------------------------------------------------------------------
2023-02-04 05:20:35.077 [Info] Online users/players saved. (3ms)

--------------------------------------------------------------------------------
2023-02-04 05:20:35.077 [Info] Shutting down the API... (3ms)

--------------------------------------------------------------------------------
2023-02-04 05:20:35.080 [Info] Shutting down the console thread... (7ms)

--------------------------------------------------------------------------------
2023-02-04 05:20:36.089 [Info] Base dispose. (1015ms)

--------------------------------------------------------------------------------
2023-02-04 05:20:36.089 [Info] Finished disposing server context. (1015ms)

--------------------------------------------------------------------------------
