2023-02-03 06:57:51.381 [Debug] Loaded new formula from BaseExp * Power(Gain, Level).

--------------------------------------------------------------------------------
2023-02-03 06:57:51.386 [Debug] Loaded new formula from BaseExp * Power(Gain, Level).

--------------------------------------------------------------------------------
2023-02-03 06:57:53.276 [Warn] Directory was specified as a plugin directory but does not exist: 'resources\plugins'

--------------------------------------------------------------------------------
2023-02-03 06:57:53.276 [Info] Discovered 0 plugins:


--------------------------------------------------------------------------------
Listening on 0.0.0.0:5400.

--------------------------------------------------------------------------------
UPnP Service Initialization Succeeded

--------------------------------------------------------------------------------
Successfully auto port forwarded udp port 5400 using UPnP.

--------------------------------------------------------------------------------
Successfully auto port forwarded tcp port 5400 using UPnP.

--------------------------------------------------------------------------------
2023-02-03 08:41:59.377 [Debug] hail Time=50 Offset=63811010518910 Real=63811010518960

--------------------------------------------------------------------------------
2023-02-03 08:41:59.377 [Debug] local Time=6246170 Offset=63811004273207 Real=63811010519377

--------------------------------------------------------------------------------
2023-02-03 08:41:59.377 [Debug] real delta=417

--------------------------------------------------------------------------------
2023-02-03 08:41:59.377 [Debug] NCPing=-1000

--------------------------------------------------------------------------------
2023-02-03 08:41:59.413 [Info] Connection approved [fcab222c-941e-4cc8-8ce2-24130adc0fdc].

--------------------------------------------------------------------------------
2023-02-03 08:41:59.435 [Debug] Connection established to remote [fcab222c-941e-4cc8-8ce2-24130adc0fdc/26.82.96.248:61099].

--------------------------------------------------------------------------------
2023-02-03 08:41:59.436 [Info] Connected [fcab222c-941e-4cc8-8ce2-24130adc0fdc].

--------------------------------------------------------------------------------
2023-02-03 08:42:01.979 [Debug] Creating new instance with ID 00000000-0000-0000-0000-000000000000 for map New Map

--------------------------------------------------------------------------------
2023-02-03 08:42:01.988 [Debug] Creating new instance with ID 00000000-0000-0000-0000-000000000000 for map New Map

--------------------------------------------------------------------------------
2023-02-03 08:42:01.988 [Debug] Creating new instance with ID 00000000-0000-0000-0000-000000000000 for map New Map

--------------------------------------------------------------------------------
2023-02-03 08:42:01.989 [Debug] Creating new instance with ID 00000000-0000-0000-0000-000000000000 for map New Map

--------------------------------------------------------------------------------
2023-02-03 08:42:53.023 [Debug] StatusChanged: [NetIncomingMessage #0 14 bytes] [Disconnected]

--------------------------------------------------------------------------------
2023-02-03 08:42:53.023 [Debug] Connection terminated to remote [fcab222c-941e-4cc8-8ce2-24130adc0fdc/26.82.96.248:61099].

--------------------------------------------------------------------------------
2023-02-03 08:42:53.023 [Info] Disconnected [fcab222c-941e-4cc8-8ce2-24130adc0fdc].

--------------------------------------------------------------------------------
2023-02-03 08:42:53.023 [Debug] Client disconnected (PCC->PCC)

--------------------------------------------------------------------------------
2023-02-03 08:43:02.396 [Debug] hail Time=96 Offset=63811010582096 Real=63811010582193

--------------------------------------------------------------------------------
2023-02-03 08:43:02.397 [Debug] local Time=6309189 Offset=63811004273207 Real=63811010582397

--------------------------------------------------------------------------------
2023-02-03 08:43:02.397 [Debug] real delta=203

--------------------------------------------------------------------------------
2023-02-03 08:43:02.397 [Debug] NCPing=-1000

--------------------------------------------------------------------------------
2023-02-03 08:43:02.397 [Info] Connection approved [6c4d5275-50f1-4932-ab37-df81608b2999].

--------------------------------------------------------------------------------
2023-02-03 08:43:02.403 [Debug] Connection established to remote [6c4d5275-50f1-4932-ab37-df81608b2999/26.82.96.248:58390].

--------------------------------------------------------------------------------
2023-02-03 08:43:02.403 [Info] Connected [6c4d5275-50f1-4932-ab37-df81608b2999].

--------------------------------------------------------------------------------
2023-02-03 08:43:57.525 [Debug] StatusChanged: [NetIncomingMessage #0 14 bytes] [Disconnected]

--------------------------------------------------------------------------------
2023-02-03 08:43:57.525 [Debug] Connection terminated to remote [6c4d5275-50f1-4932-ab37-df81608b2999/26.82.96.248:58390].

--------------------------------------------------------------------------------
2023-02-03 08:43:57.525 [Info] Disconnected [6c4d5275-50f1-4932-ab37-df81608b2999].

--------------------------------------------------------------------------------
2023-02-03 08:43:57.525 [Debug] Client disconnected (PCC->PCC)

--------------------------------------------------------------------------------
2023-02-03 08:51:47.890 [Info] Acquiring context lock... (0ms)

--------------------------------------------------------------------------------
2023-02-03 08:51:47.890 [Info] Acquired. (0ms)

--------------------------------------------------------------------------------
2023-02-03 08:51:47.890 [Info] Beginning context dispose. (0ms)

--------------------------------------------------------------------------------
2023-02-03 08:51:47.890 [Info] Disposing network... (0ms)

--------------------------------------------------------------------------------
2023-02-03 08:51:47.890 [Info] Saving updated server variable values

--------------------------------------------------------------------------------
2023-02-03 08:51:47.890 [Info] Saving online users/players... (2ms)

--------------------------------------------------------------------------------
2023-02-03 08:51:47.890 [Info] Saving loaded guilds....

--------------------------------------------------------------------------------
2023-02-03 08:51:47.890 [Info] Online users/players saved. (2ms)

--------------------------------------------------------------------------------
2023-02-03 08:51:47.890 [Info] Shutting down the API... (2ms)

--------------------------------------------------------------------------------
2023-02-03 08:51:47.906 [Info] Shutting down the console thread... (12ms)

--------------------------------------------------------------------------------
2023-02-03 08:51:48.913 [Info] Base dispose. (1015ms)

--------------------------------------------------------------------------------
2023-02-03 08:51:48.913 [Info] Finished disposing server context. (1015ms)

--------------------------------------------------------------------------------
