2023-01-31 13:23:15.767 [Debug] Loaded new formula from BaseExp * Power(Gain, Level).

--------------------------------------------------------------------------------
2023-01-31 13:23:15.773 [Debug] Loaded new formula from BaseExp * Power(Gain, Level).

--------------------------------------------------------------------------------
2023-01-31 13:23:17.493 [Warn] Directory was specified as a plugin directory but does not exist: 'resources\plugins'

--------------------------------------------------------------------------------
2023-01-31 13:23:17.500 [Info] Discovered 0 plugins:


--------------------------------------------------------------------------------
Listening on 0.0.0.0:5400.

--------------------------------------------------------------------------------
UPnP Service Initialization Succeeded

--------------------------------------------------------------------------------
Successfully auto port forwarded udp port 5400 using UPnP.

--------------------------------------------------------------------------------
Successfully auto port forwarded tcp port 5400 using UPnP.

--------------------------------------------------------------------------------
2023-01-31 13:23:18.429 [Debug] hail Time=296587 Offset=63810767889611 Real=63810768186199

--------------------------------------------------------------------------------
2023-01-31 13:23:18.429 [Debug] local Time=1002 Offset=63810768197427 Real=63810768198429

--------------------------------------------------------------------------------
2023-01-31 13:23:18.429 [Debug] real delta=12230

--------------------------------------------------------------------------------
2023-01-31 13:23:18.429 [Debug] NCPing=-1000

--------------------------------------------------------------------------------
2023-01-31 13:23:18.466 [Info] Connection approved [2dc74244-6b25-4f5a-87bc-a5f773c301f8].

--------------------------------------------------------------------------------
2023-01-31 13:23:18.474 [Debug] Connection established to remote [2dc74244-6b25-4f5a-87bc-a5f773c301f8/26.82.96.248:51014].

--------------------------------------------------------------------------------
2023-01-31 13:23:18.474 [Info] Connected [2dc74244-6b25-4f5a-87bc-a5f773c301f8].

--------------------------------------------------------------------------------
2023-01-31 13:33:32.450 [Debug] StatusChanged: [NetIncomingMessage #0 14 bytes] [Disconnected]

--------------------------------------------------------------------------------
2023-01-31 13:33:32.451 [Debug] Connection terminated to remote [2dc74244-6b25-4f5a-87bc-a5f773c301f8/26.82.96.248:51014].

--------------------------------------------------------------------------------
2023-01-31 13:33:32.451 [Info] Disconnected [2dc74244-6b25-4f5a-87bc-a5f773c301f8].

--------------------------------------------------------------------------------
2023-01-31 13:33:32.451 [Debug] Client disconnected (PCC->[editor])

--------------------------------------------------------------------------------
2023-01-31 13:33:37.407 [Debug] hail Time=1 Offset=63810768817205 Real=63810768817206

--------------------------------------------------------------------------------
2023-01-31 13:33:37.407 [Debug] local Time=619980 Offset=63810768197427 Real=63810768817407

--------------------------------------------------------------------------------
2023-01-31 13:33:37.407 [Debug] real delta=201

--------------------------------------------------------------------------------
2023-01-31 13:33:37.407 [Debug] NCPing=-1000

--------------------------------------------------------------------------------
2023-01-31 13:33:37.407 [Info] Connection approved [e77b47be-29b6-4044-8544-0a016c95b501].

--------------------------------------------------------------------------------
2023-01-31 13:33:37.413 [Debug] Connection established to remote [e77b47be-29b6-4044-8544-0a016c95b501/26.82.96.248:55351].

--------------------------------------------------------------------------------
2023-01-31 13:33:37.413 [Info] Connected [e77b47be-29b6-4044-8544-0a016c95b501].

--------------------------------------------------------------------------------
2023-01-31 13:46:36.333 [Debug] Creating new instance with ID 00000000-0000-0000-0000-000000000000 for map New Map

--------------------------------------------------------------------------------
2023-01-31 13:46:36.348 [Debug] Creating new instance with ID 00000000-0000-0000-0000-000000000000 for map New Map

--------------------------------------------------------------------------------
2023-01-31 13:46:36.348 [Debug] Creating new instance with ID 00000000-0000-0000-0000-000000000000 for map New Map

--------------------------------------------------------------------------------
2023-01-31 13:46:36.348 [Debug] Creating new instance with ID 00000000-0000-0000-0000-000000000000 for map New Map

--------------------------------------------------------------------------------
2023-01-31 13:51:57.155 [Debug] hail Time=0 Offset=63810769916923 Real=63810769916923

--------------------------------------------------------------------------------
2023-01-31 13:51:57.155 [Debug] local Time=1719725 Offset=63810768197427 Real=63810769917152

--------------------------------------------------------------------------------
2023-01-31 13:51:57.155 [Debug] real delta=229

--------------------------------------------------------------------------------
2023-01-31 13:51:57.155 [Debug] NCPing=-1000

--------------------------------------------------------------------------------
2023-01-31 13:51:57.155 [Info] Connection approved [55589002-ccec-4952-a2b5-b87bb700aa89].

--------------------------------------------------------------------------------
2023-01-31 13:51:57.176 [Debug] Connection established to remote [55589002-ccec-4952-a2b5-b87bb700aa89/26.82.96.248:53981].

--------------------------------------------------------------------------------
2023-01-31 13:51:57.176 [Info] Connected [55589002-ccec-4952-a2b5-b87bb700aa89].

--------------------------------------------------------------------------------
2023-01-31 13:52:24.644 [Debug] Creating new instance with ID 00000000-0000-0000-0000-000000000000 for map Test

--------------------------------------------------------------------------------
2023-01-31 13:55:39.586 [Debug] StatusChanged: [NetIncomingMessage #0 14 bytes] [Disconnected]

--------------------------------------------------------------------------------
2023-01-31 13:55:39.587 [Debug] Connection terminated to remote [55589002-ccec-4952-a2b5-b87bb700aa89/26.82.96.248:53981].

--------------------------------------------------------------------------------
2023-01-31 13:55:39.587 [Info] Disconnected [55589002-ccec-4952-a2b5-b87bb700aa89].

--------------------------------------------------------------------------------
2023-01-31 13:55:39.587 [Debug] Client disconnected (CAC->Cac)

--------------------------------------------------------------------------------
2023-01-31 13:55:44.825 [Debug] hail Time=0 Offset=63810770144604 Real=63810770144604

--------------------------------------------------------------------------------
2023-01-31 13:55:44.825 [Debug] local Time=1947398 Offset=63810768197427 Real=63810770144825

--------------------------------------------------------------------------------
2023-01-31 13:55:44.825 [Debug] real delta=221

--------------------------------------------------------------------------------
2023-01-31 13:55:44.825 [Debug] NCPing=-1000

--------------------------------------------------------------------------------
2023-01-31 13:55:44.826 [Info] Connection approved [48c513b9-5ffb-4d62-9d37-81bd469f1e7a].

--------------------------------------------------------------------------------
2023-01-31 13:55:44.838 [Debug] Connection established to remote [48c513b9-5ffb-4d62-9d37-81bd469f1e7a/26.82.96.248:61103].

--------------------------------------------------------------------------------
2023-01-31 13:55:44.838 [Info] Connected [48c513b9-5ffb-4d62-9d37-81bd469f1e7a].

--------------------------------------------------------------------------------
2023-01-31 13:55:49.501 [Debug] StatusChanged: [NetIncomingMessage #0 14 bytes] [Disconnected]

--------------------------------------------------------------------------------
2023-01-31 13:55:49.501 [Debug] Connection terminated to remote [e77b47be-29b6-4044-8544-0a016c95b501/26.82.96.248:55351].

--------------------------------------------------------------------------------
2023-01-31 13:55:49.501 [Info] Disconnected [e77b47be-29b6-4044-8544-0a016c95b501].

--------------------------------------------------------------------------------
2023-01-31 13:55:49.501 [Debug] Client disconnected (PCC->PCC)

--------------------------------------------------------------------------------
2023-01-31 14:03:53.025 [Debug] StatusChanged: [NetIncomingMessage #0 14 bytes] [Disconnected]

--------------------------------------------------------------------------------
2023-01-31 14:03:53.025 [Debug] Connection terminated to remote [48c513b9-5ffb-4d62-9d37-81bd469f1e7a/26.82.96.248:61103].

--------------------------------------------------------------------------------
2023-01-31 14:03:53.025 [Info] Disconnected [48c513b9-5ffb-4d62-9d37-81bd469f1e7a].

--------------------------------------------------------------------------------
2023-01-31 14:03:53.025 [Debug] Client disconnected (CAC->Cac)

--------------------------------------------------------------------------------
2023-01-31 14:03:55.592 [Debug] hail Time=0 Offset=63810770635393 Real=63810770635393

--------------------------------------------------------------------------------
2023-01-31 14:03:55.592 [Debug] local Time=2438164 Offset=63810768197427 Real=63810770635591

--------------------------------------------------------------------------------
2023-01-31 14:03:55.592 [Debug] real delta=197

--------------------------------------------------------------------------------
2023-01-31 14:03:55.592 [Debug] NCPing=-1000

--------------------------------------------------------------------------------
2023-01-31 14:03:55.592 [Info] Connection approved [414272f0-7d2a-44b6-bec2-a5e51ea7950f].

--------------------------------------------------------------------------------
2023-01-31 14:03:55.612 [Debug] Connection established to remote [414272f0-7d2a-44b6-bec2-a5e51ea7950f/26.82.96.248:60385].

--------------------------------------------------------------------------------
2023-01-31 14:03:55.613 [Info] Connected [414272f0-7d2a-44b6-bec2-a5e51ea7950f].

--------------------------------------------------------------------------------
2023-01-31 14:05:06.916 [Debug] StatusChanged: [NetIncomingMessage #0 14 bytes] [Disconnected]

--------------------------------------------------------------------------------
2023-01-31 14:05:06.916 [Debug] Connection terminated to remote [414272f0-7d2a-44b6-bec2-a5e51ea7950f/26.82.96.248:60385].

--------------------------------------------------------------------------------
2023-01-31 14:05:06.916 [Info] Disconnected [414272f0-7d2a-44b6-bec2-a5e51ea7950f].

--------------------------------------------------------------------------------
2023-01-31 14:05:06.916 [Debug] Client disconnected (CAC->Cac)

--------------------------------------------------------------------------------
2023-01-31 14:42:11.351 [Debug] hail Time=0 Offset=63810772931156 Real=63810772931156

--------------------------------------------------------------------------------
2023-01-31 14:42:11.351 [Debug] local Time=4733921 Offset=63810768197427 Real=63810772931348

--------------------------------------------------------------------------------
2023-01-31 14:42:11.351 [Debug] real delta=192

--------------------------------------------------------------------------------
2023-01-31 14:42:11.351 [Debug] NCPing=-1000

--------------------------------------------------------------------------------
2023-01-31 14:42:11.352 [Info] Connection approved [80d85675-8c94-41bb-994b-faaac63da06e].

--------------------------------------------------------------------------------
2023-01-31 14:42:11.368 [Debug] Connection established to remote [80d85675-8c94-41bb-994b-faaac63da06e/26.82.96.248:57356].

--------------------------------------------------------------------------------
2023-01-31 14:42:11.368 [Info] Connected [80d85675-8c94-41bb-994b-faaac63da06e].

--------------------------------------------------------------------------------
2023-01-31 14:52:39.923 [Debug] StatusChanged: [NetIncomingMessage #0 14 bytes] [Disconnected]

--------------------------------------------------------------------------------
2023-01-31 14:52:39.923 [Debug] Connection terminated to remote [80d85675-8c94-41bb-994b-faaac63da06e/26.82.96.248:57356].

--------------------------------------------------------------------------------
2023-01-31 14:52:39.923 [Info] Disconnected [80d85675-8c94-41bb-994b-faaac63da06e].

--------------------------------------------------------------------------------
2023-01-31 14:52:39.923 [Debug] Client disconnected ([menu])

--------------------------------------------------------------------------------
2023-01-31 14:56:54.290 [Debug] hail Time=1 Offset=63810773814083 Real=63810773814084

--------------------------------------------------------------------------------
2023-01-31 14:56:54.290 [Debug] local Time=5616860 Offset=63810768197427 Real=63810773814287

--------------------------------------------------------------------------------
2023-01-31 14:56:54.290 [Debug] real delta=202

--------------------------------------------------------------------------------
2023-01-31 14:56:54.290 [Debug] NCPing=-1000

--------------------------------------------------------------------------------
2023-01-31 14:56:54.291 [Info] Connection approved [b3ae8add-2db2-4bac-bffe-5bc6a82b988e].

--------------------------------------------------------------------------------
2023-01-31 14:56:54.309 [Debug] Connection established to remote [b3ae8add-2db2-4bac-bffe-5bc6a82b988e/26.82.96.248:49688].

--------------------------------------------------------------------------------
2023-01-31 14:56:54.309 [Info] Connected [b3ae8add-2db2-4bac-bffe-5bc6a82b988e].

--------------------------------------------------------------------------------
2023-01-31 14:57:05.545 [Debug] StatusChanged: [NetIncomingMessage #0 14 bytes] [Disconnected]

--------------------------------------------------------------------------------
2023-01-31 14:57:05.545 [Debug] Connection terminated to remote [b3ae8add-2db2-4bac-bffe-5bc6a82b988e/26.82.96.248:49688].

--------------------------------------------------------------------------------
2023-01-31 14:57:05.545 [Info] Disconnected [b3ae8add-2db2-4bac-bffe-5bc6a82b988e].

--------------------------------------------------------------------------------
2023-01-31 14:57:05.545 [Debug] Client disconnected ([menu])

--------------------------------------------------------------------------------
2023-01-31 15:00:20.412 [Debug] hail Time=0 Offset=63810774020213 Real=63810774020213

--------------------------------------------------------------------------------
2023-01-31 15:00:20.412 [Debug] local Time=5822974 Offset=63810768197427 Real=63810774020401

--------------------------------------------------------------------------------
2023-01-31 15:00:20.412 [Debug] real delta=187

--------------------------------------------------------------------------------
2023-01-31 15:00:20.412 [Debug] NCPing=-1000

--------------------------------------------------------------------------------
2023-01-31 15:00:20.413 [Info] Connection approved [b7c7a236-e9ce-4944-91cd-93b6dd401970].

--------------------------------------------------------------------------------
2023-01-31 15:00:20.424 [Debug] Connection established to remote [b7c7a236-e9ce-4944-91cd-93b6dd401970/26.82.96.248:59137].

--------------------------------------------------------------------------------
2023-01-31 15:00:20.424 [Info] Connected [b7c7a236-e9ce-4944-91cd-93b6dd401970].

--------------------------------------------------------------------------------
2023-01-31 15:00:45.194 [Debug] StatusChanged: [NetIncomingMessage #0 14 bytes] [Disconnected]

--------------------------------------------------------------------------------
2023-01-31 15:00:45.194 [Debug] Connection terminated to remote [b7c7a236-e9ce-4944-91cd-93b6dd401970/26.82.96.248:59137].

--------------------------------------------------------------------------------
2023-01-31 15:00:45.194 [Info] Disconnected [b7c7a236-e9ce-4944-91cd-93b6dd401970].

--------------------------------------------------------------------------------
2023-01-31 15:00:45.194 [Debug] Client disconnected (CAC->[editor])

--------------------------------------------------------------------------------
2023-01-31 15:01:01.589 [Debug] hail Time=0 Offset=63810774061391 Real=63810774061391

--------------------------------------------------------------------------------
2023-01-31 15:01:01.589 [Debug] local Time=5864162 Offset=63810768197427 Real=63810774061589

--------------------------------------------------------------------------------
2023-01-31 15:01:01.589 [Debug] real delta=197

--------------------------------------------------------------------------------
2023-01-31 15:01:01.589 [Debug] NCPing=-1000

--------------------------------------------------------------------------------
2023-01-31 15:01:01.589 [Info] Connection approved [30f4fc76-2656-4687-93a5-e89c26a674e6].

--------------------------------------------------------------------------------
2023-01-31 15:01:01.604 [Debug] Connection established to remote [30f4fc76-2656-4687-93a5-e89c26a674e6/26.82.96.248:57241].

--------------------------------------------------------------------------------
2023-01-31 15:01:01.604 [Info] Connected [30f4fc76-2656-4687-93a5-e89c26a674e6].

--------------------------------------------------------------------------------
2023-01-31 15:01:11.946 [Debug] StatusChanged: [NetIncomingMessage #0 14 bytes] [Disconnected]

--------------------------------------------------------------------------------
2023-01-31 15:01:11.946 [Debug] Connection terminated to remote [30f4fc76-2656-4687-93a5-e89c26a674e6/26.82.96.248:57241].

--------------------------------------------------------------------------------
2023-01-31 15:01:11.946 [Info] Disconnected [30f4fc76-2656-4687-93a5-e89c26a674e6].

--------------------------------------------------------------------------------
2023-01-31 15:01:11.946 [Debug] Client disconnected ([menu])

--------------------------------------------------------------------------------
2023-01-31 15:03:43.313 [Debug] hail Time=47 Offset=63810774223071 Real=63810774223119

--------------------------------------------------------------------------------
2023-01-31 15:03:43.313 [Debug] local Time=6025886 Offset=63810768197427 Real=63810774223313

--------------------------------------------------------------------------------
2023-01-31 15:03:43.313 [Debug] real delta=193

--------------------------------------------------------------------------------
2023-01-31 15:03:43.313 [Debug] NCPing=-1000

--------------------------------------------------------------------------------
2023-01-31 15:03:43.313 [Info] Connection approved [8fbd4ec6-5109-42de-9e7b-248a5c349642].

--------------------------------------------------------------------------------
2023-01-31 15:03:43.325 [Debug] Connection established to remote [8fbd4ec6-5109-42de-9e7b-248a5c349642/26.82.96.248:53931].

--------------------------------------------------------------------------------
2023-01-31 15:03:43.325 [Info] Connected [8fbd4ec6-5109-42de-9e7b-248a5c349642].

--------------------------------------------------------------------------------
2023-01-31 15:03:50.192 [Debug] StatusChanged: [NetIncomingMessage #0 14 bytes] [Disconnected]

--------------------------------------------------------------------------------
2023-01-31 15:03:50.193 [Debug] Connection terminated to remote [8fbd4ec6-5109-42de-9e7b-248a5c349642/26.82.96.248:53931].

--------------------------------------------------------------------------------
2023-01-31 15:03:50.193 [Info] Disconnected [8fbd4ec6-5109-42de-9e7b-248a5c349642].

--------------------------------------------------------------------------------
2023-01-31 15:03:50.193 [Debug] Client disconnected ([menu])

--------------------------------------------------------------------------------
2023-01-31 15:04:28.055 [Debug] hail Time=62 Offset=63810774267793 Real=63810774267855

--------------------------------------------------------------------------------
2023-01-31 15:04:28.055 [Debug] local Time=6070619 Offset=63810768197427 Real=63810774268046

--------------------------------------------------------------------------------
2023-01-31 15:04:28.055 [Debug] real delta=190

--------------------------------------------------------------------------------
2023-01-31 15:04:28.055 [Debug] NCPing=-1000

--------------------------------------------------------------------------------
2023-01-31 15:04:28.055 [Info] Connection approved [7bd1e4e7-4c56-48d2-94c3-dd4334275dbd].

--------------------------------------------------------------------------------
2023-01-31 15:04:28.068 [Debug] Connection established to remote [7bd1e4e7-4c56-48d2-94c3-dd4334275dbd/26.82.96.248:53057].

--------------------------------------------------------------------------------
2023-01-31 15:04:28.068 [Info] Connected [7bd1e4e7-4c56-48d2-94c3-dd4334275dbd].

--------------------------------------------------------------------------------
2023-01-31 15:04:32.619 [Debug] StatusChanged: [NetIncomingMessage #0 10 bytes] [Disconnected]

--------------------------------------------------------------------------------
2023-01-31 15:04:32.619 [Debug] Connection terminated to remote [7bd1e4e7-4c56-48d2-94c3-dd4334275dbd/26.82.96.248:53057].

--------------------------------------------------------------------------------
2023-01-31 15:04:32.619 [Info] Disconnected [7bd1e4e7-4c56-48d2-94c3-dd4334275dbd].

--------------------------------------------------------------------------------
2023-01-31 15:04:32.619 [Debug] Client disconnected ([menu])

--------------------------------------------------------------------------------
2023-01-31 15:05:32.373 [Debug] hail Time=61 Offset=63810774332114 Real=63810774332176

--------------------------------------------------------------------------------
2023-01-31 15:05:32.373 [Debug] local Time=6134945 Offset=63810768197427 Real=63810774332373

--------------------------------------------------------------------------------
2023-01-31 15:05:32.373 [Debug] real delta=196

--------------------------------------------------------------------------------
2023-01-31 15:05:32.373 [Debug] NCPing=-1000

--------------------------------------------------------------------------------
2023-01-31 15:05:32.373 [Info] Connection approved [99fa8fa9-e953-4b06-aa8e-d777aaf48c39].

--------------------------------------------------------------------------------
2023-01-31 15:05:32.380 [Debug] Connection established to remote [99fa8fa9-e953-4b06-aa8e-d777aaf48c39/26.82.96.248:53677].

--------------------------------------------------------------------------------
2023-01-31 15:05:32.380 [Info] Connected [99fa8fa9-e953-4b06-aa8e-d777aaf48c39].

--------------------------------------------------------------------------------
2023-01-31 15:08:20.528 [Debug] StatusChanged: [NetIncomingMessage #0 14 bytes] [Disconnected]

--------------------------------------------------------------------------------
2023-01-31 15:08:20.528 [Debug] Connection terminated to remote [99fa8fa9-e953-4b06-aa8e-d777aaf48c39/26.82.96.248:53677].

--------------------------------------------------------------------------------
2023-01-31 15:08:20.528 [Info] Disconnected [99fa8fa9-e953-4b06-aa8e-d777aaf48c39].

--------------------------------------------------------------------------------
2023-01-31 15:08:20.528 [Debug] Client disconnected ([menu])

--------------------------------------------------------------------------------
2023-01-31 15:08:28.547 [Debug] hail Time=56 Offset=63810774508281 Real=63810774508338

--------------------------------------------------------------------------------
2023-01-31 15:08:28.547 [Debug] local Time=6311120 Offset=63810768197427 Real=63810774508547

--------------------------------------------------------------------------------
2023-01-31 15:08:28.547 [Debug] real delta=209

--------------------------------------------------------------------------------
2023-01-31 15:08:28.547 [Debug] NCPing=-1000

--------------------------------------------------------------------------------
2023-01-31 15:08:28.548 [Info] Connection approved [54f21615-7f03-4e60-b4d1-6cf71b122a16].

--------------------------------------------------------------------------------
2023-01-31 15:08:28.562 [Debug] Connection established to remote [54f21615-7f03-4e60-b4d1-6cf71b122a16/26.82.96.248:61626].

--------------------------------------------------------------------------------
2023-01-31 15:08:28.562 [Info] Connected [54f21615-7f03-4e60-b4d1-6cf71b122a16].

--------------------------------------------------------------------------------
2023-01-31 15:12:43.490 [Debug] StatusChanged: [NetIncomingMessage #108 10 bytes] [Disconnected]

--------------------------------------------------------------------------------
2023-01-31 15:12:43.491 [Debug] Connection terminated to remote [54f21615-7f03-4e60-b4d1-6cf71b122a16/26.82.96.248:61626].

--------------------------------------------------------------------------------
2023-01-31 15:12:43.491 [Info] Disconnected [54f21615-7f03-4e60-b4d1-6cf71b122a16].

--------------------------------------------------------------------------------
2023-01-31 15:12:43.491 [Debug] Client disconnected (PCC->PCC)

--------------------------------------------------------------------------------
2023-01-31 15:20:08.154 [Debug] hail Time=73 Offset=63810775207871 Real=63810775207945

--------------------------------------------------------------------------------
2023-01-31 15:20:08.154 [Debug] local Time=7010727 Offset=63810768197427 Real=63810775208154

--------------------------------------------------------------------------------
2023-01-31 15:20:08.154 [Debug] real delta=208

--------------------------------------------------------------------------------
2023-01-31 15:20:08.154 [Debug] NCPing=-1000

--------------------------------------------------------------------------------
2023-01-31 15:20:08.154 [Info] Connection approved [78b91243-fcc9-4fe5-a9a2-4503eea9f102].

--------------------------------------------------------------------------------
2023-01-31 15:20:08.166 [Debug] Connection established to remote [78b91243-fcc9-4fe5-a9a2-4503eea9f102/26.82.96.248:63949].

--------------------------------------------------------------------------------
2023-01-31 15:20:08.166 [Info] Connected [78b91243-fcc9-4fe5-a9a2-4503eea9f102].

--------------------------------------------------------------------------------
2023-01-31 15:31:55.538 [Debug] StatusChanged: [NetIncomingMessage #0 14 bytes] [Disconnected]

--------------------------------------------------------------------------------
2023-01-31 15:31:55.538 [Debug] Connection terminated to remote [78b91243-fcc9-4fe5-a9a2-4503eea9f102/26.82.96.248:63949].

--------------------------------------------------------------------------------
2023-01-31 15:31:55.538 [Info] Disconnected [78b91243-fcc9-4fe5-a9a2-4503eea9f102].

--------------------------------------------------------------------------------
2023-01-31 15:31:55.538 [Debug] Client disconnected (PCC->PCC)

--------------------------------------------------------------------------------
2023-01-31 15:31:57.878 [Info] Acquiring context lock... (0ms)

--------------------------------------------------------------------------------
2023-01-31 15:31:57.878 [Info] Acquired. (0ms)

--------------------------------------------------------------------------------
2023-01-31 15:31:57.878 [Info] Beginning context dispose. (0ms)

--------------------------------------------------------------------------------
2023-01-31 15:31:57.885 [Info] Disposing network... (0ms)

--------------------------------------------------------------------------------
2023-01-31 15:31:57.886 [Info] Saving updated server variable values

--------------------------------------------------------------------------------
2023-01-31 15:31:57.887 [Info] Saving online users/players... (2ms)

--------------------------------------------------------------------------------
2023-01-31 15:31:57.887 [Info] Saving loaded guilds....

--------------------------------------------------------------------------------
2023-01-31 15:31:57.887 [Info] Online users/players saved. (2ms)

--------------------------------------------------------------------------------
2023-01-31 15:31:57.887 [Info] Shutting down the API... (2ms)

--------------------------------------------------------------------------------
2023-01-31 15:31:57.894 [Info] Shutting down the logic thread... (10ms)

--------------------------------------------------------------------------------
2023-01-31 15:31:57.920 [Info] Base dispose. (36ms)

--------------------------------------------------------------------------------
2023-01-31 15:31:57.920 [Info] Finished disposing server context. (36ms)

--------------------------------------------------------------------------------
