2023-01-28 09:01:36.363 [Warn] Directory was specified as a plugin directory but does not exist: 'resources\plugins'

--------------------------------------------------------------------------------
2023-01-28 09:01:36.369 [Info] Discovered 0 plugins:


--------------------------------------------------------------------------------
Listening on 0.0.0.0:5400.

--------------------------------------------------------------------------------
2023-01-28 09:01:39.404 [Info] Connection approved [87e3b20d-4518-4e15-8871-01e08c74ce39].

--------------------------------------------------------------------------------
2023-01-28 09:01:39.441 [Info] Connected [87e3b20d-4518-4e15-8871-01e08c74ce39].

--------------------------------------------------------------------------------
2023-01-28 09:01:40.789 [Info] Disconnected [87e3b20d-4518-4e15-8871-01e08c74ce39].

--------------------------------------------------------------------------------
UPnP Service Initialization Failed. You might not have a router, or UPnP on your router might be disabled.
NatDeviceNotFoundException: Exception of type 'Open.Nat.NatDeviceNotFoundException' was thrown.
    Stack:    at Open.Nat.NatDiscoverer.<DiscoverDeviceAsync>d__5.MoveNext()
--- End of stack trace from previous location where exception was thrown ---
   at System.Runtime.ExceptionServices.ExceptionDispatchInfo.Throw()
   at System.Runtime.CompilerServices.TaskAwaiter.HandleNonSuccessAndDebuggerNotification(Task task)
   at Intersect.Server.Networking.Helpers.UpnP.<ConnectNatDevice>d__4.MoveNext()


--------------------------------------------------------------------------------
2023-01-28 09:06:33.193 [Info] Connection approved [e2c4c352-6188-4f49-8b1a-b8c511eefec2].

--------------------------------------------------------------------------------
2023-01-28 09:06:33.214 [Info] Connected [e2c4c352-6188-4f49-8b1a-b8c511eefec2].

--------------------------------------------------------------------------------
2023-01-28 09:07:30.623 [Info] Disconnected [e2c4c352-6188-4f49-8b1a-b8c511eefec2].

--------------------------------------------------------------------------------
2023-01-28 09:28:31.617 [Info] Connection approved [2a61ed09-7177-4082-9d87-6525486a73cd].

--------------------------------------------------------------------------------
2023-01-28 09:28:31.627 [Info] Connected [2a61ed09-7177-4082-9d87-6525486a73cd].

--------------------------------------------------------------------------------
2023-01-28 09:29:11.768 [Info] Disconnected [2a61ed09-7177-4082-9d87-6525486a73cd].

--------------------------------------------------------------------------------
2023-01-28 09:29:16.253 [Info] Acquiring context lock... (0ms)

--------------------------------------------------------------------------------
2023-01-28 09:29:16.253 [Info] Acquired. (0ms)

--------------------------------------------------------------------------------
2023-01-28 09:29:16.256 [Info] Beginning context dispose. (0ms)

--------------------------------------------------------------------------------
2023-01-28 09:29:16.263 [Info] Disposing network... (1ms)

--------------------------------------------------------------------------------
2023-01-28 09:29:16.266 [Info] Saving updated server variable values

--------------------------------------------------------------------------------
2023-01-28 09:29:16.266 [Info] Saving online users/players... (4ms)

--------------------------------------------------------------------------------
2023-01-28 09:29:16.266 [Info] Saving loaded guilds....

--------------------------------------------------------------------------------
2023-01-28 09:29:16.266 [Info] Online users/players saved. (4ms)

--------------------------------------------------------------------------------
2023-01-28 09:29:16.266 [Info] Shutting down the API... (4ms)

--------------------------------------------------------------------------------
2023-01-28 09:29:16.267 [Info] Shutting down the console thread... (5ms)

--------------------------------------------------------------------------------
2023-01-28 09:29:17.280 [Info] Base dispose. (1017ms)

--------------------------------------------------------------------------------
2023-01-28 09:29:17.280 [Info] Finished disposing server context. (1017ms)

--------------------------------------------------------------------------------
