2022-12-14 15:39:02.431 [Debug] Loaded new formula from BaseExp * Power(Gain, Level).

--------------------------------------------------------------------------------
2022-12-14 15:39:02.440 [Debug] Loaded new formula from BaseExp * Power(Gain, Level).

--------------------------------------------------------------------------------
2022-12-14 15:39:04.413 [Warn] Directory was specified as a plugin directory but does not exist: 'resources\plugins'

--------------------------------------------------------------------------------
2022-12-14 15:39:04.414 [Info] Discovered 0 plugins:


--------------------------------------------------------------------------------
Listening on 0.0.0.0:5400.

--------------------------------------------------------------------------------
UPnP Service Initialization Succeeded

--------------------------------------------------------------------------------
Failed to automatically port forward udp port 5400 using UPnP. (UPnP possibly disabled in your router settings, or this port might already be forwarded!)

--------------------------------------------------------------------------------
2022-12-14 15:39:05.978 [Warn] UPnP Could Not Open UDP Port 5400
Open.Nat.MappingException: Error 718: ConflictInMappingEntry
   at Open.Nat.SoapClient.GetXmlDocument(String response)
   at Open.Nat.SoapClient.<InvokeAsync>d__3.MoveNext()
--- End of stack trace from previous location where exception was thrown ---
   at System.Runtime.ExceptionServices.ExceptionDispatchInfo.Throw()
   at System.Runtime.CompilerServices.TaskAwaiter.HandleNonSuccessAndDebuggerNotification(Task task)
   at Open.Nat.StreamExtensions.<TimeoutAfter>d__7`1.MoveNext()
--- End of stack trace from previous location where exception was thrown ---
   at System.Runtime.ExceptionServices.ExceptionDispatchInfo.Throw()
   at System.Runtime.CompilerServices.TaskAwaiter.HandleNonSuccessAndDebuggerNotification(Task task)
   at Open.Nat.UpnpNatDevice.<CreatePortMapAsync>d__4.MoveNext()
--- End of stack trace from previous location where exception was thrown ---
   at System.Runtime.ExceptionServices.ExceptionDispatchInfo.Throw()
   at System.Runtime.CompilerServices.TaskAwaiter.HandleNonSuccessAndDebuggerNotification(Task task)
   at System.Runtime.CompilerServices.TaskAwaiter.GetResult()
   at Intersect.Server.Networking.Helpers.UpnP.<OpenServerPort>d__5.MoveNext()

--------------------------------------------------------------------------------
Failed to automatically port forward tcp port 5400 using UPnP. (UPnP possibly disabled in your router settings, or this port might already be forwarded!)

--------------------------------------------------------------------------------
2022-12-14 15:39:06.332 [Warn] UPnP Could Not Open TCP Port 5400
Open.Nat.MappingException: Error 718: ConflictInMappingEntry
   at Open.Nat.SoapClient.GetXmlDocument(String response)
   at Open.Nat.SoapClient.<InvokeAsync>d__3.MoveNext()
--- End of stack trace from previous location where exception was thrown ---
   at System.Runtime.ExceptionServices.ExceptionDispatchInfo.Throw()
   at System.Runtime.CompilerServices.TaskAwaiter.HandleNonSuccessAndDebuggerNotification(Task task)
   at Open.Nat.StreamExtensions.<TimeoutAfter>d__7`1.MoveNext()
--- End of stack trace from previous location where exception was thrown ---
   at System.Runtime.ExceptionServices.ExceptionDispatchInfo.Throw()
   at System.Runtime.CompilerServices.TaskAwaiter.HandleNonSuccessAndDebuggerNotification(Task task)
   at Open.Nat.UpnpNatDevice.<CreatePortMapAsync>d__4.MoveNext()
--- End of stack trace from previous location where exception was thrown ---
   at System.Runtime.ExceptionServices.ExceptionDispatchInfo.Throw()
   at System.Runtime.CompilerServices.TaskAwaiter.HandleNonSuccessAndDebuggerNotification(Task task)
   at System.Runtime.CompilerServices.TaskAwaiter.GetResult()
   at Intersect.Server.Networking.Helpers.UpnP.<OpenServerPort>d__5.MoveNext()

--------------------------------------------------------------------------------
2022-12-14 15:39:26.854 [Debug] hail Time=66 Offset=63806629166182 Real=63806629166249

--------------------------------------------------------------------------------
2022-12-14 15:39:26.854 [Debug] local Time=22477 Offset=63806629144370 Real=63806629166848

--------------------------------------------------------------------------------
2022-12-14 15:39:26.854 [Debug] real delta=599

--------------------------------------------------------------------------------
2022-12-14 15:39:26.854 [Debug] NCPing=-1000

--------------------------------------------------------------------------------
2022-12-14 15:39:26.942 [Info] Connection approved [3b9ad4b9-d96f-445a-a345-c1e851343ab5].

--------------------------------------------------------------------------------
2022-12-14 15:39:26.965 [Debug] Connection established to remote [3b9ad4b9-d96f-445a-a345-c1e851343ab5/127.0.0.1:58292].

--------------------------------------------------------------------------------
2022-12-14 15:39:26.966 [Info] Connected [3b9ad4b9-d96f-445a-a345-c1e851343ab5].

--------------------------------------------------------------------------------
2022-12-14 15:39:43.656 [Debug] Creating new instance with ID 00000000-0000-0000-0000-000000000000 for map New Map

--------------------------------------------------------------------------------
2022-12-14 15:51:38.376 [Debug] StatusChanged: [NetIncomingMessage #0 14 bytes] [Disconnected]

--------------------------------------------------------------------------------
2022-12-14 15:51:38.377 [Debug] Connection terminated to remote [3b9ad4b9-d96f-445a-a345-c1e851343ab5/127.0.0.1:58292].

--------------------------------------------------------------------------------
2022-12-14 15:51:38.378 [Info] Disconnected [3b9ad4b9-d96f-445a-a345-c1e851343ab5].

--------------------------------------------------------------------------------
2022-12-14 15:51:38.378 [Debug] Client disconnected (PCC->Cac)

--------------------------------------------------------------------------------
2022-12-14 15:57:37.528 [Debug] hail Time=89 Offset=63806630257220 Real=63806630257310

--------------------------------------------------------------------------------
2022-12-14 15:57:37.528 [Debug] local Time=1113153 Offset=63806629144370 Real=63806630257523

--------------------------------------------------------------------------------
2022-12-14 15:57:37.528 [Debug] real delta=213

--------------------------------------------------------------------------------
2022-12-14 15:57:37.528 [Debug] NCPing=-1000

--------------------------------------------------------------------------------
2022-12-14 15:57:37.529 [Info] Connection approved [4159e4e5-2ff7-4224-9783-a00bdfdb24d8].

--------------------------------------------------------------------------------
2022-12-14 15:57:37.542 [Debug] Connection established to remote [4159e4e5-2ff7-4224-9783-a00bdfdb24d8/127.0.0.1:54143].

--------------------------------------------------------------------------------
2022-12-14 15:57:37.542 [Info] Connected [4159e4e5-2ff7-4224-9783-a00bdfdb24d8].

--------------------------------------------------------------------------------
2022-12-14 15:58:52.601 [Debug] StatusChanged: [NetIncomingMessage #0 14 bytes] [Disconnected]

--------------------------------------------------------------------------------
2022-12-14 15:58:52.601 [Debug] Connection terminated to remote [4159e4e5-2ff7-4224-9783-a00bdfdb24d8/127.0.0.1:54143].

--------------------------------------------------------------------------------
2022-12-14 15:58:52.601 [Info] Disconnected [4159e4e5-2ff7-4224-9783-a00bdfdb24d8].

--------------------------------------------------------------------------------
2022-12-14 15:58:52.601 [Debug] Client disconnected (PCC->Cac)

--------------------------------------------------------------------------------
2022-12-14 15:58:55.520 [Debug] hail Time=53 Offset=63806630335257 Real=63806630335310

--------------------------------------------------------------------------------
2022-12-14 15:58:55.521 [Debug] local Time=1191151 Offset=63806629144370 Real=63806630335521

--------------------------------------------------------------------------------
2022-12-14 15:58:55.521 [Debug] real delta=210

--------------------------------------------------------------------------------
2022-12-14 15:58:55.521 [Debug] NCPing=-1000

--------------------------------------------------------------------------------
2022-12-14 15:58:55.521 [Info] Connection approved [29cce302-0b1c-4910-bd9e-ce65dcec0656].

--------------------------------------------------------------------------------
2022-12-14 15:58:55.544 [Debug] Connection established to remote [29cce302-0b1c-4910-bd9e-ce65dcec0656/127.0.0.1:60848].

--------------------------------------------------------------------------------
2022-12-14 15:58:55.544 [Info] Connected [29cce302-0b1c-4910-bd9e-ce65dcec0656].

--------------------------------------------------------------------------------
2022-12-14 16:02:11.532 [Debug] StatusChanged: [NetIncomingMessage #163 14 bytes] [Disconnected]

--------------------------------------------------------------------------------
2022-12-14 16:02:11.532 [Debug] Connection terminated to remote [29cce302-0b1c-4910-bd9e-ce65dcec0656/127.0.0.1:60848].

--------------------------------------------------------------------------------
2022-12-14 16:02:11.533 [Info] Disconnected [29cce302-0b1c-4910-bd9e-ce65dcec0656].

--------------------------------------------------------------------------------
2022-12-14 16:02:11.533 [Debug] Client disconnected (PCC->Cac)

--------------------------------------------------------------------------------
2022-12-14 16:03:30.101 [Debug] hail Time=84 Offset=63806630609804 Real=63806630609888

--------------------------------------------------------------------------------
2022-12-14 16:03:30.101 [Debug] local Time=1465730 Offset=63806629144370 Real=63806630610101

--------------------------------------------------------------------------------
2022-12-14 16:03:30.101 [Debug] real delta=212

--------------------------------------------------------------------------------
2022-12-14 16:03:30.101 [Debug] NCPing=-1000

--------------------------------------------------------------------------------
2022-12-14 16:03:30.102 [Info] Connection approved [babe7d41-f4ef-43f1-8f1d-1ac0638cc1d9].

--------------------------------------------------------------------------------
2022-12-14 16:03:30.115 [Debug] Connection established to remote [babe7d41-f4ef-43f1-8f1d-1ac0638cc1d9/127.0.0.1:53965].

--------------------------------------------------------------------------------
2022-12-14 16:03:30.115 [Info] Connected [babe7d41-f4ef-43f1-8f1d-1ac0638cc1d9].

--------------------------------------------------------------------------------
2022-12-14 16:07:23.674 [Debug] StatusChanged: [NetIncomingMessage #0 14 bytes] [Disconnected]

--------------------------------------------------------------------------------
2022-12-14 16:07:23.674 [Debug] Connection terminated to remote [babe7d41-f4ef-43f1-8f1d-1ac0638cc1d9/127.0.0.1:53965].

--------------------------------------------------------------------------------
2022-12-14 16:07:23.674 [Info] Disconnected [babe7d41-f4ef-43f1-8f1d-1ac0638cc1d9].

--------------------------------------------------------------------------------
2022-12-14 16:07:23.674 [Debug] Client disconnected (PCC->Cac)

--------------------------------------------------------------------------------
2022-12-14 16:07:29.398 [Debug] hail Time=530 Offset=63806630848614 Real=63806630849145

--------------------------------------------------------------------------------
2022-12-14 16:07:29.398 [Debug] local Time=1705020 Offset=63806629144370 Real=63806630849391

--------------------------------------------------------------------------------
2022-12-14 16:07:29.398 [Debug] real delta=246

--------------------------------------------------------------------------------
2022-12-14 16:07:29.398 [Debug] NCPing=-1000

--------------------------------------------------------------------------------
2022-12-14 16:07:29.398 [Info] Connection approved [6b205998-7cec-43a6-9a3b-8adbf006d30e].

--------------------------------------------------------------------------------
2022-12-14 16:07:29.407 [Debug] Connection established to remote [6b205998-7cec-43a6-9a3b-8adbf006d30e/127.0.0.1:59462].

--------------------------------------------------------------------------------
2022-12-14 16:07:29.407 [Info] Connected [6b205998-7cec-43a6-9a3b-8adbf006d30e].

--------------------------------------------------------------------------------
2022-12-14 16:07:30.427 [Debug] hail Time=71 Offset=63806630850115 Real=63806630850186

--------------------------------------------------------------------------------
2022-12-14 16:07:30.427 [Debug] local Time=1706055 Offset=63806629144370 Real=63806630850426

--------------------------------------------------------------------------------
2022-12-14 16:07:30.427 [Debug] real delta=239

--------------------------------------------------------------------------------
2022-12-14 16:07:30.427 [Debug] NCPing=-1000

--------------------------------------------------------------------------------
2022-12-14 16:07:30.427 [Info] Connection approved [1ce06fe7-d632-48f1-b404-1fb7471d2a08].

--------------------------------------------------------------------------------
2022-12-14 16:07:30.439 [Debug] Connection established to remote [1ce06fe7-d632-48f1-b404-1fb7471d2a08/127.0.0.1:50914].

--------------------------------------------------------------------------------
2022-12-14 16:07:30.439 [Info] Connected [1ce06fe7-d632-48f1-b404-1fb7471d2a08].

--------------------------------------------------------------------------------
2022-12-14 16:11:21.163 [Debug] StatusChanged: [NetIncomingMessage #0 14 bytes] [Disconnected]

--------------------------------------------------------------------------------
2022-12-14 16:11:21.163 [Debug] Connection terminated to remote [1ce06fe7-d632-48f1-b404-1fb7471d2a08/127.0.0.1:50914].

--------------------------------------------------------------------------------
2022-12-14 16:11:21.163 [Info] Disconnected [1ce06fe7-d632-48f1-b404-1fb7471d2a08].

--------------------------------------------------------------------------------
2022-12-14 16:11:21.163 [Debug] Client disconnected (PCC->Cac)

--------------------------------------------------------------------------------
2022-12-14 16:13:04.011 [Debug] StatusChanged: [NetIncomingMessage #0 22 bytes] [Disconnected]

--------------------------------------------------------------------------------
2022-12-14 16:13:04.011 [Debug] Connection terminated to remote [6b205998-7cec-43a6-9a3b-8adbf006d30e/127.0.0.1:59462].

--------------------------------------------------------------------------------
2022-12-14 16:13:04.011 [Info] Disconnected [6b205998-7cec-43a6-9a3b-8adbf006d30e].

--------------------------------------------------------------------------------
2022-12-14 16:13:04.011 [Debug] Client disconnected ([menu])

--------------------------------------------------------------------------------
2022-12-14 16:18:55.054 [Debug] hail Time=70 Offset=63806631534771 Real=63806631534841

--------------------------------------------------------------------------------
2022-12-14 16:18:55.054 [Debug] local Time=2390680 Offset=63806629144370 Real=63806631535050

--------------------------------------------------------------------------------
2022-12-14 16:18:55.054 [Debug] real delta=209

--------------------------------------------------------------------------------
2022-12-14 16:18:55.054 [Debug] NCPing=-1000

--------------------------------------------------------------------------------
2022-12-14 16:18:55.055 [Info] Connection approved [74b0e27b-0189-44aa-8e41-d64200faa8ac].

--------------------------------------------------------------------------------
2022-12-14 16:18:55.064 [Debug] Connection established to remote [74b0e27b-0189-44aa-8e41-d64200faa8ac/127.0.0.1:54930].

--------------------------------------------------------------------------------
2022-12-14 16:18:55.064 [Info] Connected [74b0e27b-0189-44aa-8e41-d64200faa8ac].

--------------------------------------------------------------------------------
2022-12-14 16:20:29.598 [Debug] StatusChanged: [NetIncomingMessage #0 14 bytes] [Disconnected]

--------------------------------------------------------------------------------
2022-12-14 16:20:29.598 [Debug] Connection terminated to remote [74b0e27b-0189-44aa-8e41-d64200faa8ac/127.0.0.1:54930].

--------------------------------------------------------------------------------
2022-12-14 16:20:29.598 [Info] Disconnected [74b0e27b-0189-44aa-8e41-d64200faa8ac].

--------------------------------------------------------------------------------
2022-12-14 16:20:29.598 [Debug] Client disconnected (PCC->Cac)

--------------------------------------------------------------------------------
2022-12-14 16:38:58.181 [Info] Acquiring context lock... (0ms)

--------------------------------------------------------------------------------
2022-12-14 16:38:58.181 [Info] Acquired. (0ms)

--------------------------------------------------------------------------------
2022-12-14 16:38:58.182 [Info] Beginning context dispose. (0ms)

--------------------------------------------------------------------------------
2022-12-14 16:38:58.182 [Error] Received unhandled exception from System.Threading.Thread.

--------------------------------------------------------------------------------
2022-12-14 16:38:58.183 [Error] Received unhandled exception from Name:Intersect Server.exe
There are no context policies.
.

--------------------------------------------------------------------------------
