2023-01-03 14:14:51.483 [Debug] Loaded new formula from BaseExp * Power(Gain, Level).

--------------------------------------------------------------------------------
2023-01-03 14:14:51.495 [Debug] Loaded new formula from BaseExp * Power(Gain, Level).

--------------------------------------------------------------------------------
2023-01-03 14:14:54.459 [Warn] Directory was specified as a plugin directory but does not exist: 'resources\plugins'

--------------------------------------------------------------------------------
2023-01-03 14:14:54.466 [Info] Discovered 0 plugins:


--------------------------------------------------------------------------------
Listening on 0.0.0.0:5400.

--------------------------------------------------------------------------------
UPnP Service Initialization Succeeded

--------------------------------------------------------------------------------
Successfully auto port forwarded udp port 5400 using UPnP.

--------------------------------------------------------------------------------
Successfully auto port forwarded tcp port 5400 using UPnP.

--------------------------------------------------------------------------------
2023-01-03 14:14:55.648 [Debug] hail Time=0 Offset=63808352086063 Real=63808352086063

--------------------------------------------------------------------------------
2023-01-03 14:14:55.648 [Debug] local Time=1247 Offset=63808352094401 Real=63808352095648

--------------------------------------------------------------------------------
2023-01-03 14:14:55.648 [Debug] real delta=9585

--------------------------------------------------------------------------------
2023-01-03 14:14:55.648 [Debug] NCPing=-1000

--------------------------------------------------------------------------------
2023-01-03 14:14:55.683 [Info] Connection approved [26d2edd3-5dd2-4053-ba3e-504db25f6a64].

--------------------------------------------------------------------------------
2023-01-03 14:14:55.695 [Debug] Connection established to remote [26d2edd3-5dd2-4053-ba3e-504db25f6a64/26.82.96.248:49980].

--------------------------------------------------------------------------------
2023-01-03 14:14:55.696 [Info] Connected [26d2edd3-5dd2-4053-ba3e-504db25f6a64].

--------------------------------------------------------------------------------
2023-01-03 14:20:31.954 [Debug] hail Time=0 Offset=63808352431607 Real=63808352431607

--------------------------------------------------------------------------------
2023-01-03 14:20:31.954 [Debug] local Time=337545 Offset=63808352094401 Real=63808352431947

--------------------------------------------------------------------------------
2023-01-03 14:20:31.954 [Debug] real delta=339

--------------------------------------------------------------------------------
2023-01-03 14:20:31.954 [Debug] NCPing=-1000

--------------------------------------------------------------------------------
2023-01-03 14:20:31.954 [Info] Connection approved [4cad400a-0fe8-4652-97d7-bc713a7b85b4].

--------------------------------------------------------------------------------
2023-01-03 14:20:31.966 [Debug] Connection established to remote [4cad400a-0fe8-4652-97d7-bc713a7b85b4/26.82.96.248:50721].

--------------------------------------------------------------------------------
2023-01-03 14:20:31.966 [Info] Connected [4cad400a-0fe8-4652-97d7-bc713a7b85b4].

--------------------------------------------------------------------------------
2023-01-03 14:20:32.494 [Debug] StatusChanged: [NetIncomingMessage #1 10 bytes] [Disconnecting]

--------------------------------------------------------------------------------
2023-01-03 14:20:32.584 [Debug] StatusChanged: [NetIncomingMessage #0 10 bytes] [Disconnected]

--------------------------------------------------------------------------------
2023-01-03 14:20:32.584 [Debug] Connection terminated to remote [26d2edd3-5dd2-4053-ba3e-504db25f6a64/26.82.96.248:49980].

--------------------------------------------------------------------------------
2023-01-03 14:20:32.585 [Info] Disconnected [26d2edd3-5dd2-4053-ba3e-504db25f6a64].

--------------------------------------------------------------------------------
2023-01-03 14:32:04.329 [Debug] hail Time=15799 Offset=63808353102774 Real=63808353118573

--------------------------------------------------------------------------------
2023-01-03 14:32:04.329 [Debug] local Time=1029928 Offset=63808352094401 Real=63808353124329

--------------------------------------------------------------------------------
2023-01-03 14:32:04.329 [Debug] real delta=5755

--------------------------------------------------------------------------------
2023-01-03 14:32:04.329 [Debug] NCPing=-1000

--------------------------------------------------------------------------------
2023-01-03 14:32:04.330 [Info] Connection approved [70efe56e-cb34-4f71-ad67-a01641b004c3].

--------------------------------------------------------------------------------
2023-01-03 14:32:04.376 [Debug] Connection established to remote [70efe56e-cb34-4f71-ad67-a01641b004c3/26.187.128.71:49738].

--------------------------------------------------------------------------------
2023-01-03 14:32:04.376 [Info] Connected [70efe56e-cb34-4f71-ad67-a01641b004c3].

--------------------------------------------------------------------------------
2023-01-03 14:44:22.671 [Debug] hail Time=1 Offset=63808353862360 Real=63808353862361

--------------------------------------------------------------------------------
2023-01-03 14:44:22.671 [Debug] local Time=1768270 Offset=63808352094401 Real=63808353862671

--------------------------------------------------------------------------------
2023-01-03 14:44:22.671 [Debug] real delta=310

--------------------------------------------------------------------------------
2023-01-03 14:44:22.671 [Debug] NCPing=-1000

--------------------------------------------------------------------------------
2023-01-03 14:44:22.671 [Info] Connection approved [99616c90-3b36-476a-8a36-1f45f7446417].

--------------------------------------------------------------------------------
2023-01-03 14:44:22.691 [Debug] Connection established to remote [99616c90-3b36-476a-8a36-1f45f7446417/26.82.96.248:62832].

--------------------------------------------------------------------------------
2023-01-03 14:44:22.691 [Info] Connected [99616c90-3b36-476a-8a36-1f45f7446417].

--------------------------------------------------------------------------------
2023-01-03 14:44:23.405 [Debug] StatusChanged: [NetIncomingMessage #1 10 bytes] [Disconnecting]

--------------------------------------------------------------------------------
2023-01-03 14:44:23.491 [Debug] StatusChanged: [NetIncomingMessage #0 10 bytes] [Disconnected]

--------------------------------------------------------------------------------
2023-01-03 14:44:23.491 [Debug] Connection terminated to remote [4cad400a-0fe8-4652-97d7-bc713a7b85b4/26.82.96.248:50721].

--------------------------------------------------------------------------------
2023-01-03 14:44:23.491 [Info] Disconnected [4cad400a-0fe8-4652-97d7-bc713a7b85b4].

--------------------------------------------------------------------------------
2023-01-03 15:00:14.102 [Debug] hail Time=0 Offset=63808354813790 Real=63808354813790

--------------------------------------------------------------------------------
2023-01-03 15:00:14.102 [Debug] local Time=2719692 Offset=63808352094401 Real=63808354814093

--------------------------------------------------------------------------------
2023-01-03 15:00:14.102 [Debug] real delta=302

--------------------------------------------------------------------------------
2023-01-03 15:00:14.102 [Debug] NCPing=-1000

--------------------------------------------------------------------------------
2023-01-03 15:00:14.102 [Info] Connection approved [cdc26ea1-7508-4081-81b0-ebc55643bcf7].

--------------------------------------------------------------------------------
2023-01-03 15:00:14.113 [Debug] Connection established to remote [cdc26ea1-7508-4081-81b0-ebc55643bcf7/26.82.96.248:63913].

--------------------------------------------------------------------------------
2023-01-03 15:00:14.113 [Info] Connected [cdc26ea1-7508-4081-81b0-ebc55643bcf7].

--------------------------------------------------------------------------------
2023-01-03 15:00:28.627 [Debug] Creating new instance with ID 00000000-0000-0000-0000-000000000000 for map New Map

--------------------------------------------------------------------------------
2023-01-03 15:10:32.805 [Debug] hail Time=1 Offset=63808355431871 Real=63808355431872

--------------------------------------------------------------------------------
2023-01-03 15:10:32.806 [Debug] local Time=3338405 Offset=63808352094401 Real=63808355432806

--------------------------------------------------------------------------------
2023-01-03 15:10:32.806 [Debug] real delta=934

--------------------------------------------------------------------------------
2023-01-03 15:10:32.806 [Debug] NCPing=-1000

--------------------------------------------------------------------------------
2023-01-03 15:10:32.807 [Info] Connection approved [46323071-8eab-406f-9ad8-92e14f5811b0].

--------------------------------------------------------------------------------
2023-01-03 15:10:32.855 [Debug] Connection established to remote [46323071-8eab-406f-9ad8-92e14f5811b0/26.187.128.71:57130].

--------------------------------------------------------------------------------
2023-01-03 15:10:32.855 [Info] Connected [46323071-8eab-406f-9ad8-92e14f5811b0].

--------------------------------------------------------------------------------
2023-01-03 15:13:25.690 [Debug] StatusChanged: [NetIncomingMessage #170 9 bytes] [Disconnected]

--------------------------------------------------------------------------------
2023-01-03 15:13:25.690 [Debug] Connection terminated to remote [46323071-8eab-406f-9ad8-92e14f5811b0/26.187.128.71:57130].

--------------------------------------------------------------------------------
2023-01-03 15:13:25.690 [Info] Disconnected [46323071-8eab-406f-9ad8-92e14f5811b0].

--------------------------------------------------------------------------------
2023-01-03 15:13:25.690 [Debug] Client disconnected (Admin->Admin)

--------------------------------------------------------------------------------
2023-01-03 15:17:19.689 [Debug] StatusChanged: [NetIncomingMessage #0 10 bytes] [Disconnected]

--------------------------------------------------------------------------------
2023-01-03 15:17:19.689 [Debug] Connection terminated to remote [70efe56e-cb34-4f71-ad67-a01641b004c3/26.187.128.71:49738].

--------------------------------------------------------------------------------
2023-01-03 15:17:19.689 [Info] Disconnected [70efe56e-cb34-4f71-ad67-a01641b004c3].

--------------------------------------------------------------------------------
2023-01-03 15:17:19.689 [Debug] Client disconnected (Admin->[editor])

--------------------------------------------------------------------------------
2023-01-03 15:22:56.922 [Debug] hail Time=1 Offset=63808356176277 Real=63808356176278

--------------------------------------------------------------------------------
2023-01-03 15:22:56.922 [Debug] local Time=4082517 Offset=63808352094401 Real=63808356176918

--------------------------------------------------------------------------------
2023-01-03 15:22:56.922 [Debug] real delta=639

--------------------------------------------------------------------------------
2023-01-03 15:22:56.922 [Debug] NCPing=-1000

--------------------------------------------------------------------------------
2023-01-03 15:22:56.923 [Info] Connection approved [8806319b-05cd-4f45-89aa-b40fc54cbbd4].

--------------------------------------------------------------------------------
2023-01-03 15:22:56.969 [Debug] Connection established to remote [8806319b-05cd-4f45-89aa-b40fc54cbbd4/26.187.128.71:65151].

--------------------------------------------------------------------------------
2023-01-03 15:22:56.969 [Info] Connected [8806319b-05cd-4f45-89aa-b40fc54cbbd4].

--------------------------------------------------------------------------------
2023-01-03 15:26:59.422 [Debug] StatusChanged: [NetIncomingMessage #0 10 bytes] [Disconnected]

--------------------------------------------------------------------------------
2023-01-03 15:26:59.422 [Debug] Connection terminated to remote [8806319b-05cd-4f45-89aa-b40fc54cbbd4/26.187.128.71:65151].

--------------------------------------------------------------------------------
2023-01-03 15:26:59.422 [Info] Disconnected [8806319b-05cd-4f45-89aa-b40fc54cbbd4].

--------------------------------------------------------------------------------
2023-01-03 15:26:59.422 [Debug] Client disconnected (Admin->[editor])

--------------------------------------------------------------------------------
2023-01-03 15:29:07.486 [Debug] StatusChanged: [NetIncomingMessage #455 14 bytes] [Disconnected]

--------------------------------------------------------------------------------
2023-01-03 15:29:07.487 [Debug] Connection terminated to remote [cdc26ea1-7508-4081-81b0-ebc55643bcf7/26.82.96.248:63913].

--------------------------------------------------------------------------------
2023-01-03 15:29:07.487 [Info] Disconnected [cdc26ea1-7508-4081-81b0-ebc55643bcf7].

--------------------------------------------------------------------------------
2023-01-03 15:29:07.487 [Debug] Client disconnected (PCC->Cac)

--------------------------------------------------------------------------------
2023-01-03 15:29:58.865 [Debug] StatusChanged: [NetIncomingMessage #0 10 bytes] [Disconnected]

--------------------------------------------------------------------------------
2023-01-03 15:29:58.865 [Debug] Connection terminated to remote [99616c90-3b36-476a-8a36-1f45f7446417/26.82.96.248:62832].

--------------------------------------------------------------------------------
2023-01-03 15:29:58.865 [Info] Disconnected [99616c90-3b36-476a-8a36-1f45f7446417].

--------------------------------------------------------------------------------
2023-01-03 15:29:58.865 [Debug] Client disconnected (PCC->[editor])

--------------------------------------------------------------------------------
2023-01-03 15:30:01.057 [Info] Acquiring context lock... (0ms)

--------------------------------------------------------------------------------
2023-01-03 15:30:01.058 [Info] Acquired. (0ms)

--------------------------------------------------------------------------------
2023-01-03 15:30:01.060 [Info] Beginning context dispose. (0ms)

--------------------------------------------------------------------------------
2023-01-03 15:30:01.063 [Info] Disposing network... (0ms)

--------------------------------------------------------------------------------
2023-01-03 15:30:01.065 [Info] Saving updated server variable values

--------------------------------------------------------------------------------
2023-01-03 15:30:01.065 [Info] Saving online users/players... (3ms)

--------------------------------------------------------------------------------
2023-01-03 15:30:01.119 [Info] Saving loaded guilds....

--------------------------------------------------------------------------------
2023-01-03 15:30:01.158 [Info] Online users/players saved. (96ms)

--------------------------------------------------------------------------------
2023-01-03 15:30:01.158 [Info] Shutting down the API... (96ms)

--------------------------------------------------------------------------------
2023-01-03 15:30:01.168 [Info] Shutting down the console thread... (105ms)

--------------------------------------------------------------------------------
2023-01-03 15:30:02.171 [Info] Base dispose. (1109ms)

--------------------------------------------------------------------------------
2023-01-03 15:30:02.171 [Info] Finished disposing server context. (1109ms)

--------------------------------------------------------------------------------
