2022-12-14 06:50:12.987 [Debug] Loaded new formula from BaseExp * Power(Gain, Level).

--------------------------------------------------------------------------------
2022-12-14 06:50:12.987 [Debug] Loaded new formula from BaseExp * Power(Gain, Level).

--------------------------------------------------------------------------------
2022-12-14 06:50:16.409 [Warn] Directory was specified as a plugin directory but does not exist: 'resources\plugins'

--------------------------------------------------------------------------------
2022-12-14 06:50:16.409 [Info] Discovered 0 plugins:


--------------------------------------------------------------------------------
Listening on 0.0.0.0:5400.

--------------------------------------------------------------------------------
2022-12-14 06:50:17.045 [Error] Failed to start API.
System.Reflection.TargetInvocationException: Exception has been thrown by the target of an invocation. ---> System.Net.HttpListenerException: Access is denied
   at System.Net.HttpListener.AddAllPrefixes()
   at System.Net.HttpListener.Start()
   at Microsoft.Owin.Host.HttpListener.OwinHttpListener.Start(HttpListener listener, Func`2 appFunc, IList`1 addresses, IDictionary`2 capabilities, Func`2 loggerFactory)
   at Microsoft.Owin.Host.HttpListener.OwinServerFactory.Create(Func`2 app, IDictionary`2 properties)
   --- End of inner exception stack trace ---
   at System.RuntimeMethodHandle.InvokeMethod(Object target, Object[] arguments, Signature sig, Boolean constructor)
   at System.Reflection.RuntimeMethodInfo.UnsafeInvokeInternal(Object obj, Object[] parameters, Object[] arguments)
   at System.Reflection.RuntimeMethodInfo.Invoke(Object obj, BindingFlags invokeAttr, Binder binder, Object[] parameters, CultureInfo culture)
   at Microsoft.Owin.Hosting.ServerFactory.ServerFactoryAdapter.Create(IAppBuilder builder)
   at Microsoft.Owin.Hosting.Engine.HostingEngine.Start(StartContext context)
   at Intersect.Server.Web.RestApi.RestApi.Start()

--------------------------------------------------------------------------------
UPnP Service Initialization Succeeded

--------------------------------------------------------------------------------
Successfully auto port forwarded udp port 5400 using UPnP.

--------------------------------------------------------------------------------
2022-12-14 06:50:19.597 [Info] Acquiring context lock... (0ms)

--------------------------------------------------------------------------------
2022-12-14 06:50:19.597 [Info] Acquired. (0ms)

--------------------------------------------------------------------------------
2022-12-14 06:50:19.597 [Info] Beginning context dispose. (0ms)

--------------------------------------------------------------------------------
2022-12-14 06:50:19.597 [Info] Disposing network... (0ms)

--------------------------------------------------------------------------------
2022-12-14 06:50:19.597 [Info] Saving updated server variable values

--------------------------------------------------------------------------------
2022-12-14 06:50:19.597 [Info] Saving online users/players... (5ms)

--------------------------------------------------------------------------------
2022-12-14 06:50:19.659 [Info] Saving loaded guilds....

--------------------------------------------------------------------------------
2022-12-14 06:50:19.659 [Info] Online users/players saved. (63ms)

--------------------------------------------------------------------------------
2022-12-14 06:50:19.659 [Info] Shutting down the API... (63ms)

--------------------------------------------------------------------------------
2022-12-14 06:50:19.659 [Info] Base dispose. (66ms)

--------------------------------------------------------------------------------
2022-12-14 06:50:19.659 [Info] Finished disposing server context. (66ms)

--------------------------------------------------------------------------------
