2022-12-14 06:49:33.537 [Debug] Loaded new formula from BaseExp * Power(Gain, Level).

--------------------------------------------------------------------------------
2022-12-14 06:49:33.542 [Debug] Loaded new formula from BaseExp * Power(Gain, Level).

--------------------------------------------------------------------------------
2022-12-14 06:49:37.016 [Warn] Directory was specified as a plugin directory but does not exist: 'resources\plugins'

--------------------------------------------------------------------------------
2022-12-14 06:49:37.016 [Info] Discovered 0 plugins:


--------------------------------------------------------------------------------
Listening on 0.0.0.0:5400.

--------------------------------------------------------------------------------
2022-12-14 06:49:37.650 [Error] Failed to start API.
System.Reflection.TargetInvocationException: Exception has been thrown by the target of an invocation. ---> System.Net.HttpListenerException: Access is denied
   at System.Net.HttpListener.AddAllPrefixes()
   at System.Net.HttpListener.Start()
   at Microsoft.Owin.Host.HttpListener.OwinHttpListener.Start(HttpListener listener, Func`2 appFunc, IList`1 addresses, IDictionary`2 capabilities, Func`2 loggerFactory)
   at Microsoft.Owin.Host.HttpListener.OwinServerFactory.Create(Func`2 app, IDictionary`2 properties)
   --- End of inner exception stack trace ---
   at System.RuntimeMethodHandle.InvokeMethod(Object target, Object[] arguments, Signature sig, Boolean constructor)
   at System.Reflection.RuntimeMethodInfo.UnsafeInvokeInternal(Object obj, Object[] parameters, Object[] arguments)
   at System.Reflection.RuntimeMethodInfo.Invoke(Object obj, BindingFlags invokeAttr, Binder binder, Object[] parameters, CultureInfo culture)
   at Microsoft.Owin.Hosting.ServerFactory.ServerFactoryAdapter.Create(IAppBuilder builder)
   at Microsoft.Owin.Hosting.Engine.HostingEngine.Start(StartContext context)
   at Intersect.Server.Web.RestApi.RestApi.Start()

--------------------------------------------------------------------------------
UPnP Service Initialization Succeeded

--------------------------------------------------------------------------------
Successfully auto port forwarded udp port 5400 using UPnP.

--------------------------------------------------------------------------------
2022-12-14 06:49:40.210 [Info] Acquiring context lock... (0ms)

--------------------------------------------------------------------------------
2022-12-14 06:49:40.210 [Info] Acquired. (0ms)

--------------------------------------------------------------------------------
2022-12-14 06:49:40.210 [Info] Beginning context dispose. (0ms)

--------------------------------------------------------------------------------
2022-12-14 06:49:40.210 [Info] Disposing network... (0ms)

--------------------------------------------------------------------------------
2022-12-14 06:49:40.210 [Info] Saving updated server variable values

--------------------------------------------------------------------------------
2022-12-14 06:49:40.210 [Info] Saving online users/players... (4ms)

--------------------------------------------------------------------------------
2022-12-14 06:49:40.273 [Info] Saving loaded guilds....

--------------------------------------------------------------------------------
2022-12-14 06:49:40.273 [Info] Online users/players saved. (67ms)

--------------------------------------------------------------------------------
2022-12-14 06:49:40.273 [Info] Shutting down the API... (67ms)

--------------------------------------------------------------------------------
2022-12-14 06:49:40.273 [Info] Shutting down the console thread... (68ms)

--------------------------------------------------------------------------------
2022-12-14 06:49:41.284 [Info] Base dispose. (1065ms)

--------------------------------------------------------------------------------
2022-12-14 06:49:41.284 [Info] Finished disposing server context. (1065ms)

--------------------------------------------------------------------------------
