2023-01-24 04:49:06.777 [Debug] Loaded new formula from BaseExp * Power(Gain, Level).

--------------------------------------------------------------------------------
2023-01-24 04:49:06.785 [Debug] Loaded new formula from BaseExp * Power(Gain, Level).

--------------------------------------------------------------------------------
2023-01-24 04:49:08.753 [Warn] Directory was specified as a plugin directory but does not exist: 'resources\plugins'

--------------------------------------------------------------------------------
2023-01-24 04:49:08.753 [Info] Discovered 0 plugins:


--------------------------------------------------------------------------------
Listening on 0.0.0.0:5400.

--------------------------------------------------------------------------------
UPnP Service Initialization Succeeded

--------------------------------------------------------------------------------
Successfully auto port forwarded udp port 5400 using UPnP.

--------------------------------------------------------------------------------
Successfully auto port forwarded tcp port 5400 using UPnP.

--------------------------------------------------------------------------------
2023-01-24 04:49:45.095 [Debug] hail Time=0 Offset=63810132584530 Real=63810132584530

--------------------------------------------------------------------------------
2023-01-24 04:49:45.095 [Debug] local Time=36409 Offset=63810132548683 Real=63810132585092

--------------------------------------------------------------------------------
2023-01-24 04:49:45.095 [Debug] real delta=561

--------------------------------------------------------------------------------
2023-01-24 04:49:45.096 [Debug] NCPing=-1000

--------------------------------------------------------------------------------
2023-01-24 04:49:45.189 [Info] Connection approved [c21f090f-dc2a-4cea-92de-0695debac315].

--------------------------------------------------------------------------------
2023-01-24 04:49:45.212 [Debug] Connection established to remote [c21f090f-dc2a-4cea-92de-0695debac315/26.82.96.248:56198].

--------------------------------------------------------------------------------
2023-01-24 04:49:45.213 [Info] Connected [c21f090f-dc2a-4cea-92de-0695debac315].

--------------------------------------------------------------------------------
2023-01-24 04:49:47.964 [Debug] hail Time=0 Offset=63810132587743 Real=63810132587743

--------------------------------------------------------------------------------
2023-01-24 04:49:47.964 [Debug] local Time=39273 Offset=63810132548683 Real=63810132587956

--------------------------------------------------------------------------------
2023-01-24 04:49:47.964 [Debug] real delta=212

--------------------------------------------------------------------------------
2023-01-24 04:49:47.964 [Debug] NCPing=-1000

--------------------------------------------------------------------------------
2023-01-24 04:49:47.965 [Info] Connection approved [df4eb9da-acd6-4ca9-99bb-1c4c34f25d6f].

--------------------------------------------------------------------------------
2023-01-24 04:49:47.978 [Debug] Connection established to remote [df4eb9da-acd6-4ca9-99bb-1c4c34f25d6f/26.82.96.248:60155].

--------------------------------------------------------------------------------
2023-01-24 04:49:47.978 [Info] Connected [df4eb9da-acd6-4ca9-99bb-1c4c34f25d6f].

--------------------------------------------------------------------------------
2023-01-24 04:49:59.587 [Debug] Creating new instance with ID 00000000-0000-0000-0000-000000000000 for map New Map

--------------------------------------------------------------------------------
2023-01-24 04:58:50.795 [Debug] StatusChanged: [NetIncomingMessage #70 14 bytes] [Disconnected]

--------------------------------------------------------------------------------
2023-01-24 04:58:50.796 [Debug] Connection terminated to remote [df4eb9da-acd6-4ca9-99bb-1c4c34f25d6f/26.82.96.248:60155].

--------------------------------------------------------------------------------
2023-01-24 04:58:50.796 [Info] Disconnected [df4eb9da-acd6-4ca9-99bb-1c4c34f25d6f].

--------------------------------------------------------------------------------
2023-01-24 04:58:50.797 [Debug] Client disconnected (PCC->Cac)

--------------------------------------------------------------------------------
2023-01-24 04:58:55.745 [Debug] hail Time=0 Offset=63810133135536 Real=63810133135536

--------------------------------------------------------------------------------
2023-01-24 04:58:55.745 [Debug] local Time=587061 Offset=63810132548683 Real=63810133135745

--------------------------------------------------------------------------------
2023-01-24 04:58:55.745 [Debug] real delta=208

--------------------------------------------------------------------------------
2023-01-24 04:58:55.745 [Debug] NCPing=-1000

--------------------------------------------------------------------------------
2023-01-24 04:58:55.745 [Info] Connection approved [703fa43c-7547-4fdf-8d81-d34f36032771].

--------------------------------------------------------------------------------
2023-01-24 04:58:55.766 [Debug] Connection established to remote [703fa43c-7547-4fdf-8d81-d34f36032771/26.82.96.248:61066].

--------------------------------------------------------------------------------
2023-01-24 04:58:55.766 [Info] Connected [703fa43c-7547-4fdf-8d81-d34f36032771].

--------------------------------------------------------------------------------
2023-01-24 05:02:37.415 [Debug] StatusChanged: [NetIncomingMessage #27 10 bytes] [Disconnected]

--------------------------------------------------------------------------------
2023-01-24 05:02:37.415 [Debug] Connection terminated to remote [703fa43c-7547-4fdf-8d81-d34f36032771/26.82.96.248:61066].

--------------------------------------------------------------------------------
2023-01-24 05:02:37.415 [Info] Disconnected [703fa43c-7547-4fdf-8d81-d34f36032771].

--------------------------------------------------------------------------------
2023-01-24 05:02:37.415 [Debug] Client disconnected (PCC->Cac)

--------------------------------------------------------------------------------
2023-01-24 05:02:40.869 [Debug] hail Time=0 Offset=63810133360655 Real=63810133360655

--------------------------------------------------------------------------------
2023-01-24 05:02:40.869 [Debug] local Time=812172 Offset=63810132548683 Real=63810133360856

--------------------------------------------------------------------------------
2023-01-24 05:02:40.870 [Debug] real delta=200

--------------------------------------------------------------------------------
2023-01-24 05:02:40.870 [Debug] NCPing=-1000

--------------------------------------------------------------------------------
2023-01-24 05:02:40.870 [Info] Connection approved [51f9e74a-72f3-4f89-962c-59eb132766fd].

--------------------------------------------------------------------------------
2023-01-24 05:02:40.878 [Debug] Connection established to remote [51f9e74a-72f3-4f89-962c-59eb132766fd/26.82.96.248:63529].

--------------------------------------------------------------------------------
2023-01-24 05:02:40.878 [Info] Connected [51f9e74a-72f3-4f89-962c-59eb132766fd].

--------------------------------------------------------------------------------
2023-01-24 05:07:06.023 [Debug] Creating new instance with ID 00000000-0000-0000-0000-000000000000 for map Test

--------------------------------------------------------------------------------
2023-01-24 05:42:53.661 [Debug] StatusChanged: [NetIncomingMessage #219 14 bytes] [Disconnected]

--------------------------------------------------------------------------------
2023-01-24 05:42:53.661 [Debug] Connection terminated to remote [51f9e74a-72f3-4f89-962c-59eb132766fd/26.82.96.248:63529].

--------------------------------------------------------------------------------
2023-01-24 05:42:53.661 [Info] Disconnected [51f9e74a-72f3-4f89-962c-59eb132766fd].

--------------------------------------------------------------------------------
2023-01-24 05:42:53.661 [Debug] Client disconnected (PCC->Cac)

--------------------------------------------------------------------------------
2023-01-24 05:43:29.048 [Debug] hail Time=0 Offset=63810135808825 Real=63810135808825

--------------------------------------------------------------------------------
2023-01-24 05:43:29.048 [Debug] local Time=3260365 Offset=63810132548683 Real=63810135809048

--------------------------------------------------------------------------------
2023-01-24 05:43:29.048 [Debug] real delta=223

--------------------------------------------------------------------------------
2023-01-24 05:43:29.048 [Debug] NCPing=-1000

--------------------------------------------------------------------------------
2023-01-24 05:43:29.049 [Info] Connection approved [c14fafef-930c-45e6-97a4-84be54e75f15].

--------------------------------------------------------------------------------
2023-01-24 05:43:29.071 [Debug] Connection established to remote [c14fafef-930c-45e6-97a4-84be54e75f15/26.82.96.248:53261].

--------------------------------------------------------------------------------
2023-01-24 05:43:29.071 [Info] Connected [c14fafef-930c-45e6-97a4-84be54e75f15].

--------------------------------------------------------------------------------
2023-01-24 05:50:40.894 [Debug] StatusChanged: [NetIncomingMessage #352 14 bytes] [Disconnected]

--------------------------------------------------------------------------------
2023-01-24 05:50:40.894 [Debug] Connection terminated to remote [c14fafef-930c-45e6-97a4-84be54e75f15/26.82.96.248:53261].

--------------------------------------------------------------------------------
2023-01-24 05:50:40.894 [Info] Disconnected [c14fafef-930c-45e6-97a4-84be54e75f15].

--------------------------------------------------------------------------------
2023-01-24 05:50:40.894 [Debug] Client disconnected (PCC->Cac)

--------------------------------------------------------------------------------
2023-01-24 05:50:45.844 [Debug] StatusChanged: [NetIncomingMessage #0 10 bytes] [Disconnected]

--------------------------------------------------------------------------------
2023-01-24 05:50:45.844 [Debug] Connection terminated to remote [c21f090f-dc2a-4cea-92de-0695debac315/26.82.96.248:56198].

--------------------------------------------------------------------------------
2023-01-24 05:50:45.844 [Info] Disconnected [c21f090f-dc2a-4cea-92de-0695debac315].

--------------------------------------------------------------------------------
2023-01-24 05:50:45.844 [Debug] Client disconnected (PCC->[editor])

--------------------------------------------------------------------------------
2023-01-24 05:51:35.751 [Debug] hail Time=0 Offset=63810136295538 Real=63810136295538

--------------------------------------------------------------------------------
2023-01-24 05:51:35.752 [Debug] local Time=3747068 Offset=63810132548683 Real=63810136295751

--------------------------------------------------------------------------------
2023-01-24 05:51:35.752 [Debug] real delta=212

--------------------------------------------------------------------------------
2023-01-24 05:51:35.752 [Debug] NCPing=-1000

--------------------------------------------------------------------------------
2023-01-24 05:51:35.752 [Info] Connection approved [2e01d468-617f-4b2f-8ac3-1f5d91072fd0].

--------------------------------------------------------------------------------
2023-01-24 05:51:35.772 [Debug] Connection established to remote [2e01d468-617f-4b2f-8ac3-1f5d91072fd0/26.82.96.248:50162].

--------------------------------------------------------------------------------
2023-01-24 05:51:35.772 [Info] Connected [2e01d468-617f-4b2f-8ac3-1f5d91072fd0].

--------------------------------------------------------------------------------
2023-01-24 05:51:42.127 [Debug] hail Time=0 Offset=63810136301864 Real=63810136301864

--------------------------------------------------------------------------------
2023-01-24 05:51:42.128 [Debug] local Time=3753444 Offset=63810132548683 Real=63810136302128

--------------------------------------------------------------------------------
2023-01-24 05:51:42.128 [Debug] real delta=263

--------------------------------------------------------------------------------
2023-01-24 05:51:42.128 [Debug] NCPing=-1000

--------------------------------------------------------------------------------
2023-01-24 05:51:42.128 [Info] Connection approved [b3a5fdd7-1aa0-4306-ad8f-3841a84e5b35].

--------------------------------------------------------------------------------
2023-01-24 05:51:42.137 [Debug] Connection established to remote [b3a5fdd7-1aa0-4306-ad8f-3841a84e5b35/26.82.96.248:62853].

--------------------------------------------------------------------------------
2023-01-24 05:51:42.137 [Info] Connected [b3a5fdd7-1aa0-4306-ad8f-3841a84e5b35].

--------------------------------------------------------------------------------
2023-01-24 05:53:35.632 [Debug] hail Time=0 Offset=63810136413629 Real=63810136413630

--------------------------------------------------------------------------------
2023-01-24 05:53:35.632 [Debug] local Time=3866939 Offset=63810132548683 Real=63810136415622

--------------------------------------------------------------------------------
2023-01-24 05:53:35.632 [Debug] real delta=1991

--------------------------------------------------------------------------------
2023-01-24 05:53:35.632 [Debug] NCPing=-1000

--------------------------------------------------------------------------------
2023-01-24 05:53:35.633 [Info] Connection approved [731fa41e-32ab-43fe-b5df-15ba0c2f64ef].

--------------------------------------------------------------------------------
2023-01-24 05:53:35.677 [Debug] Connection established to remote [731fa41e-32ab-43fe-b5df-15ba0c2f64ef/26.187.128.71:63163].

--------------------------------------------------------------------------------
2023-01-24 05:53:35.677 [Info] Connected [731fa41e-32ab-43fe-b5df-15ba0c2f64ef].

--------------------------------------------------------------------------------
2023-01-24 05:55:32.009 [Debug] StatusChanged: [NetIncomingMessage #112 10 bytes] [Disconnected]

--------------------------------------------------------------------------------
2023-01-24 05:55:32.009 [Debug] Connection terminated to remote [731fa41e-32ab-43fe-b5df-15ba0c2f64ef/26.187.128.71:63163].

--------------------------------------------------------------------------------
2023-01-24 05:55:32.009 [Info] Disconnected [731fa41e-32ab-43fe-b5df-15ba0c2f64ef].

--------------------------------------------------------------------------------
2023-01-24 05:55:32.009 [Debug] Client disconnected (Admin->Admin)

--------------------------------------------------------------------------------
2023-01-24 05:57:50.207 [Debug] hail Time=1 Offset=63810136668238 Real=63810136668239

--------------------------------------------------------------------------------
2023-01-24 05:57:50.208 [Debug] local Time=4121525 Offset=63810132548683 Real=63810136670208

--------------------------------------------------------------------------------
2023-01-24 05:57:50.208 [Debug] real delta=1969

--------------------------------------------------------------------------------
2023-01-24 05:57:50.208 [Debug] NCPing=-1000

--------------------------------------------------------------------------------
2023-01-24 05:57:50.208 [Info] Connection approved [39397558-91c8-4264-ba81-e977c050f9b8].

--------------------------------------------------------------------------------
2023-01-24 05:57:50.250 [Debug] Connection established to remote [39397558-91c8-4264-ba81-e977c050f9b8/26.187.128.71:59753].

--------------------------------------------------------------------------------
2023-01-24 05:57:50.250 [Info] Connected [39397558-91c8-4264-ba81-e977c050f9b8].

--------------------------------------------------------------------------------
2023-01-24 06:14:37.152 [Debug] StatusChanged: [NetIncomingMessage #584 14 bytes] [Disconnected]

--------------------------------------------------------------------------------
2023-01-24 06:14:37.152 [Debug] Connection terminated to remote [2e01d468-617f-4b2f-8ac3-1f5d91072fd0/26.82.96.248:50162].

--------------------------------------------------------------------------------
2023-01-24 06:14:37.153 [Info] Disconnected [2e01d468-617f-4b2f-8ac3-1f5d91072fd0].

--------------------------------------------------------------------------------
2023-01-24 06:14:37.153 [Debug] Client disconnected (PCC->Cac)

--------------------------------------------------------------------------------
2023-01-24 06:14:53.810 [Debug] hail Time=1 Offset=63810137693588 Real=63810137693589

--------------------------------------------------------------------------------
2023-01-24 06:14:53.810 [Debug] local Time=5145127 Offset=63810132548683 Real=63810137693810

--------------------------------------------------------------------------------
2023-01-24 06:14:53.810 [Debug] real delta=221

--------------------------------------------------------------------------------
2023-01-24 06:14:53.810 [Debug] NCPing=-1000

--------------------------------------------------------------------------------
2023-01-24 06:14:53.810 [Info] Connection approved [5a2c87bb-a458-4f7b-a124-bc5ad3660bc9].

--------------------------------------------------------------------------------
2023-01-24 06:14:53.820 [Debug] Connection established to remote [5a2c87bb-a458-4f7b-a124-bc5ad3660bc9/26.82.96.248:50776].

--------------------------------------------------------------------------------
2023-01-24 06:14:53.820 [Info] Connected [5a2c87bb-a458-4f7b-a124-bc5ad3660bc9].

--------------------------------------------------------------------------------
2023-01-24 06:51:50.345 [Debug] StatusChanged: [NetIncomingMessage #0 10 bytes] [Disconnected]

--------------------------------------------------------------------------------
2023-01-24 06:51:50.345 [Debug] Connection terminated to remote [b3a5fdd7-1aa0-4306-ad8f-3841a84e5b35/26.82.96.248:62853].

--------------------------------------------------------------------------------
2023-01-24 06:51:50.345 [Info] Disconnected [b3a5fdd7-1aa0-4306-ad8f-3841a84e5b35].

--------------------------------------------------------------------------------
2023-01-24 06:51:50.345 [Debug] Client disconnected (PCC->[editor])

--------------------------------------------------------------------------------
2023-01-24 06:51:56.837 [Debug] hail Time=0 Offset=63810139916574 Real=63810139916574

--------------------------------------------------------------------------------
2023-01-24 06:51:56.837 [Debug] local Time=7368149 Offset=63810132548683 Real=63810139916833

--------------------------------------------------------------------------------
2023-01-24 06:51:56.837 [Debug] real delta=259

--------------------------------------------------------------------------------
2023-01-24 06:51:56.837 [Debug] NCPing=-1000

--------------------------------------------------------------------------------
2023-01-24 06:51:56.838 [Info] Connection approved [a8d475cb-8525-4112-89c6-e1bb303b0cb6].

--------------------------------------------------------------------------------
2023-01-24 06:51:56.852 [Debug] Connection established to remote [a8d475cb-8525-4112-89c6-e1bb303b0cb6/26.82.96.248:55858].

--------------------------------------------------------------------------------
2023-01-24 06:51:56.852 [Info] Connected [a8d475cb-8525-4112-89c6-e1bb303b0cb6].

--------------------------------------------------------------------------------
2023-01-24 06:53:44.944 [Debug] StatusChanged: [NetIncomingMessage #0 10 bytes] [Disconnected]

--------------------------------------------------------------------------------
2023-01-24 06:53:44.944 [Debug] Connection terminated to remote [a8d475cb-8525-4112-89c6-e1bb303b0cb6/26.82.96.248:55858].

--------------------------------------------------------------------------------
2023-01-24 06:53:44.944 [Info] Disconnected [a8d475cb-8525-4112-89c6-e1bb303b0cb6].

--------------------------------------------------------------------------------
2023-01-24 06:53:44.944 [Debug] Client disconnected (PCC->[editor])

--------------------------------------------------------------------------------
2023-01-24 06:53:52.360 [Debug] hail Time=0 Offset=63810140032128 Real=63810140032128

--------------------------------------------------------------------------------
2023-01-24 06:53:52.360 [Debug] local Time=7483674 Offset=63810132548683 Real=63810140032357

--------------------------------------------------------------------------------
2023-01-24 06:53:52.360 [Debug] real delta=229

--------------------------------------------------------------------------------
2023-01-24 06:53:52.360 [Debug] NCPing=-1000

--------------------------------------------------------------------------------
2023-01-24 06:53:52.360 [Info] Connection approved [11bcd846-619d-49e7-9158-379753d58ac5].

--------------------------------------------------------------------------------
2023-01-24 06:53:52.376 [Debug] Connection established to remote [11bcd846-619d-49e7-9158-379753d58ac5/26.82.96.248:52043].

--------------------------------------------------------------------------------
2023-01-24 06:53:52.376 [Info] Connected [11bcd846-619d-49e7-9158-379753d58ac5].

--------------------------------------------------------------------------------
2023-01-24 06:53:53.056 [Debug] hail Time=1 Offset=63810140032793 Real=63810140032794

--------------------------------------------------------------------------------
2023-01-24 06:53:53.056 [Debug] local Time=7484369 Offset=63810132548683 Real=63810140033053

--------------------------------------------------------------------------------
2023-01-24 06:53:53.056 [Debug] real delta=258

--------------------------------------------------------------------------------
2023-01-24 06:53:53.056 [Debug] NCPing=-1000

--------------------------------------------------------------------------------
2023-01-24 06:53:53.058 [Info] Connection approved [3b0ba947-b928-42d5-adfd-99b032436ea0].

--------------------------------------------------------------------------------
2023-01-24 06:53:53.074 [Debug] Connection established to remote [3b0ba947-b928-42d5-adfd-99b032436ea0/26.82.96.248:52044].

--------------------------------------------------------------------------------
2023-01-24 06:53:53.074 [Info] Connected [3b0ba947-b928-42d5-adfd-99b032436ea0].

--------------------------------------------------------------------------------
2023-01-24 06:53:59.472 [Debug] StatusChanged: [NetIncomingMessage #1 10 bytes] [Disconnecting]

--------------------------------------------------------------------------------
2023-01-24 06:53:59.482 [Debug] StatusChanged: [NetIncomingMessage #0 10 bytes] [Disconnected]

--------------------------------------------------------------------------------
2023-01-24 06:53:59.482 [Debug] Connection terminated to remote [5a2c87bb-a458-4f7b-a124-bc5ad3660bc9/26.82.96.248:50776].

--------------------------------------------------------------------------------
2023-01-24 06:53:59.482 [Info] Disconnected [5a2c87bb-a458-4f7b-a124-bc5ad3660bc9].

--------------------------------------------------------------------------------
2023-01-24 06:53:59.809 [Debug] hail Time=7491002 Offset=63810132548711 Real=63810140039714

--------------------------------------------------------------------------------
2023-01-24 06:53:59.809 [Debug] local Time=7491125 Offset=63810132548683 Real=63810140039809

--------------------------------------------------------------------------------
2023-01-24 06:53:59.809 [Debug] real delta=94

--------------------------------------------------------------------------------
2023-01-24 06:53:59.809 [Debug] NCPing=-1000

--------------------------------------------------------------------------------
2023-01-24 06:53:59.809 [Info] Connection approved [790ba523-49e2-4932-a59d-a68cc3396019].

--------------------------------------------------------------------------------
2023-01-24 06:53:59.824 [Debug] Connection established to remote [790ba523-49e2-4932-a59d-a68cc3396019/26.82.96.248:64394].

--------------------------------------------------------------------------------
2023-01-24 06:53:59.824 [Info] Connected [790ba523-49e2-4932-a59d-a68cc3396019].

--------------------------------------------------------------------------------
2023-01-24 06:56:10.515 [Debug] StatusChanged: [NetIncomingMessage #0 10 bytes] [Disconnected]

--------------------------------------------------------------------------------
2023-01-24 06:56:10.515 [Debug] Connection terminated to remote [3b0ba947-b928-42d5-adfd-99b032436ea0/26.82.96.248:52044].

--------------------------------------------------------------------------------
2023-01-24 06:56:10.515 [Info] Disconnected [3b0ba947-b928-42d5-adfd-99b032436ea0].

--------------------------------------------------------------------------------
2023-01-24 06:56:10.515 [Debug] Client disconnected (PCC->[editor])

--------------------------------------------------------------------------------
2023-01-24 06:56:15.532 [Debug] hail Time=0 Offset=63810140175275 Real=63810140175275

--------------------------------------------------------------------------------
2023-01-24 06:56:15.532 [Debug] local Time=7626849 Offset=63810132548683 Real=63810140175532

--------------------------------------------------------------------------------
2023-01-24 06:56:15.532 [Debug] real delta=257

--------------------------------------------------------------------------------
2023-01-24 06:56:15.532 [Debug] NCPing=-1000

--------------------------------------------------------------------------------
2023-01-24 06:56:15.532 [Info] Connection approved [fd121171-4a6e-43cd-8607-2ba5ad998b2d].

--------------------------------------------------------------------------------
2023-01-24 06:56:15.537 [Debug] Connection established to remote [fd121171-4a6e-43cd-8607-2ba5ad998b2d/26.82.96.248:59392].

--------------------------------------------------------------------------------
2023-01-24 06:56:15.537 [Info] Connected [fd121171-4a6e-43cd-8607-2ba5ad998b2d].

--------------------------------------------------------------------------------
2023-01-24 06:58:21.992 [Debug] StatusChanged: [NetIncomingMessage #0 14 bytes] [Disconnected]

--------------------------------------------------------------------------------
2023-01-24 06:58:21.992 [Debug] Connection terminated to remote [790ba523-49e2-4932-a59d-a68cc3396019/26.82.96.248:64394].

--------------------------------------------------------------------------------
2023-01-24 06:58:21.992 [Info] Disconnected [790ba523-49e2-4932-a59d-a68cc3396019].

--------------------------------------------------------------------------------
2023-01-24 06:58:21.992 [Debug] Client disconnected ([menu])

--------------------------------------------------------------------------------
2023-01-24 06:58:23.682 [Debug] StatusChanged: [NetIncomingMessage #30 14 bytes] [Disconnected]

--------------------------------------------------------------------------------
2023-01-24 06:58:23.683 [Debug] Connection terminated to remote [11bcd846-619d-49e7-9158-379753d58ac5/26.82.96.248:52043].

--------------------------------------------------------------------------------
2023-01-24 06:58:23.683 [Info] Disconnected [11bcd846-619d-49e7-9158-379753d58ac5].

--------------------------------------------------------------------------------
2023-01-24 06:58:23.683 [Debug] Client disconnected (PCC->Cac)

--------------------------------------------------------------------------------
2023-01-24 06:58:28.159 [Debug] hail Time=0 Offset=63810140307942 Real=63810140307942

--------------------------------------------------------------------------------
2023-01-24 06:58:28.159 [Debug] local Time=7759476 Offset=63810132548683 Real=63810140308159

--------------------------------------------------------------------------------
2023-01-24 06:58:28.159 [Debug] real delta=216

--------------------------------------------------------------------------------
2023-01-24 06:58:28.159 [Debug] NCPing=-1000

--------------------------------------------------------------------------------
2023-01-24 06:58:28.160 [Info] Connection approved [01456af2-e678-4e67-8154-bb7bdb9dcabb].

--------------------------------------------------------------------------------
2023-01-24 06:58:28.168 [Debug] Connection established to remote [01456af2-e678-4e67-8154-bb7bdb9dcabb/26.82.96.248:59420].

--------------------------------------------------------------------------------
2023-01-24 06:58:28.168 [Info] Connected [01456af2-e678-4e67-8154-bb7bdb9dcabb].

--------------------------------------------------------------------------------
2023-01-24 07:00:16.984 [Debug] StatusChanged: [NetIncomingMessage #187 14 bytes] [Disconnected]

--------------------------------------------------------------------------------
2023-01-24 07:00:16.984 [Debug] Connection terminated to remote [01456af2-e678-4e67-8154-bb7bdb9dcabb/26.82.96.248:59420].

--------------------------------------------------------------------------------
2023-01-24 07:00:16.984 [Info] Disconnected [01456af2-e678-4e67-8154-bb7bdb9dcabb].

--------------------------------------------------------------------------------
2023-01-24 07:00:16.984 [Debug] Client disconnected (PCC->Cac)

--------------------------------------------------------------------------------
2023-01-24 07:00:38.701 [Debug] StatusChanged: [NetIncomingMessage #0 10 bytes] [Disconnected]

--------------------------------------------------------------------------------
2023-01-24 07:00:38.701 [Debug] Connection terminated to remote [fd121171-4a6e-43cd-8607-2ba5ad998b2d/26.82.96.248:59392].

--------------------------------------------------------------------------------
2023-01-24 07:00:38.701 [Info] Disconnected [fd121171-4a6e-43cd-8607-2ba5ad998b2d].

--------------------------------------------------------------------------------
2023-01-24 07:00:38.701 [Debug] Client disconnected (PCC->[editor])

--------------------------------------------------------------------------------
2023-01-24 07:00:43.674 [Info] Acquiring context lock... (0ms)

--------------------------------------------------------------------------------
2023-01-24 07:00:43.674 [Info] Acquired. (0ms)

--------------------------------------------------------------------------------
2023-01-24 07:00:43.676 [Info] Beginning context dispose. (0ms)

--------------------------------------------------------------------------------
2023-01-24 07:00:43.679 [Info] Disposing network... (0ms)

--------------------------------------------------------------------------------
2023-01-24 07:00:43.680 [Debug] StatusChanged: [NetIncomingMessage #0 10 bytes] [Disconnecting]

--------------------------------------------------------------------------------
2023-01-24 07:00:43.681 [Info] Saving updated server variable values

--------------------------------------------------------------------------------
2023-01-24 07:00:43.681 [Info] Saving online users/players... (2ms)

--------------------------------------------------------------------------------
2023-01-24 07:00:43.689 [Debug] StatusChanged: [NetIncomingMessage #0 14 bytes] [Disconnected]

--------------------------------------------------------------------------------
2023-01-24 07:00:43.889 [Info] Saving loaded guilds....

--------------------------------------------------------------------------------
2023-01-24 07:00:43.915 [Info] Online users/players saved. (237ms)

--------------------------------------------------------------------------------
2023-01-24 07:00:43.915 [Info] Shutting down the API... (237ms)

--------------------------------------------------------------------------------
2023-01-24 07:00:43.922 [Info] Shutting down the console thread... (245ms)

--------------------------------------------------------------------------------
2023-01-24 07:00:44.928 [Info] Base dispose. (1250ms)

--------------------------------------------------------------------------------
2023-01-24 07:00:44.928 [Info] Finished disposing server context. (1250ms)

--------------------------------------------------------------------------------
