2023-01-30 18:32:40.237 [Debug] Loaded new formula from BaseExp * Power(Gain, Level).

--------------------------------------------------------------------------------
2023-01-30 18:32:40.242 [Debug] Loaded new formula from BaseExp * Power(Gain, Level).

--------------------------------------------------------------------------------
2023-01-30 18:32:42.141 [Warn] Directory was specified as a plugin directory but does not exist: 'resources\plugins'

--------------------------------------------------------------------------------
2023-01-30 18:32:42.148 [Info] Discovered 0 plugins:


--------------------------------------------------------------------------------
Listening on 0.0.0.0:5400.

--------------------------------------------------------------------------------
UPnP Service Initialization Succeeded

--------------------------------------------------------------------------------
Successfully auto port forwarded udp port 5400 using UPnP.

--------------------------------------------------------------------------------
Successfully auto port forwarded tcp port 5400 using UPnP.

--------------------------------------------------------------------------------
2023-01-30 18:32:44.408 [Debug] hail Time=252084 Offset=63810700103088 Real=63810700355172

--------------------------------------------------------------------------------
2023-01-30 18:32:44.408 [Debug] local Time=2342 Offset=63810700362065 Real=63810700364408

--------------------------------------------------------------------------------
2023-01-30 18:32:44.408 [Debug] real delta=9235

--------------------------------------------------------------------------------
2023-01-30 18:32:44.408 [Debug] NCPing=-1000

--------------------------------------------------------------------------------
2023-01-30 18:32:44.444 [Info] Connection approved [7aca0cdd-1948-4163-a2cb-83995b19e3a1].

--------------------------------------------------------------------------------
2023-01-30 18:32:44.456 [Debug] Connection established to remote [7aca0cdd-1948-4163-a2cb-83995b19e3a1/26.82.96.248:64628].

--------------------------------------------------------------------------------
2023-01-30 18:32:44.456 [Info] Connected [7aca0cdd-1948-4163-a2cb-83995b19e3a1].

--------------------------------------------------------------------------------
2023-01-30 18:35:52.456 [Info] Acquiring context lock... (0ms)

--------------------------------------------------------------------------------
2023-01-30 18:35:52.457 [Info] Acquired. (0ms)

--------------------------------------------------------------------------------
2023-01-30 18:35:52.459 [Info] Beginning context dispose. (0ms)

--------------------------------------------------------------------------------
2023-01-30 18:35:52.461 [Info] Disposing network... (0ms)

--------------------------------------------------------------------------------
2023-01-30 18:35:52.463 [Debug] StatusChanged: [NetIncomingMessage #0 10 bytes] [Disconnecting]

--------------------------------------------------------------------------------
2023-01-30 18:35:52.463 [Info] Saving updated server variable values

--------------------------------------------------------------------------------
2023-01-30 18:35:52.463 [Info] Saving online users/players... (2ms)

--------------------------------------------------------------------------------
2023-01-30 18:35:52.468 [Debug] StatusChanged: [NetIncomingMessage #0 14 bytes] [Disconnected]

--------------------------------------------------------------------------------
2023-01-30 18:35:52.500 [Info] Saving loaded guilds....

--------------------------------------------------------------------------------
2023-01-30 18:35:52.500 [Info] Online users/players saved. (39ms)

--------------------------------------------------------------------------------
2023-01-30 18:35:52.501 [Info] Shutting down the API... (41ms)

--------------------------------------------------------------------------------
2023-01-30 18:35:52.505 [Info] Shutting down the console thread... (45ms)

--------------------------------------------------------------------------------
2023-01-30 18:35:53.512 [Info] Base dispose. (1052ms)

--------------------------------------------------------------------------------
2023-01-30 18:35:53.512 [Info] Finished disposing server context. (1052ms)

--------------------------------------------------------------------------------
