2023-01-30 17:39:10.699 [Debug] Loaded new formula from BaseExp * Power(Gain, Level).

--------------------------------------------------------------------------------
2023-01-30 17:39:10.705 [Debug] Loaded new formula from BaseExp * Power(Gain, Level).

--------------------------------------------------------------------------------
2023-01-30 17:39:12.430 [Warn] Directory was specified as a plugin directory but does not exist: 'resources\plugins'

--------------------------------------------------------------------------------
2023-01-30 17:39:12.437 [Info] Discovered 0 plugins:


--------------------------------------------------------------------------------
Listening on 0.0.0.0:5400.

--------------------------------------------------------------------------------
UPnP Service Initialization Succeeded

--------------------------------------------------------------------------------
Successfully auto port forwarded udp port 5400 using UPnP.

--------------------------------------------------------------------------------
Successfully auto port forwarded tcp port 5400 using UPnP.

--------------------------------------------------------------------------------
2023-01-30 17:39:24.354 [Debug] hail Time=0 Offset=63810697163970 Real=63810697163970

--------------------------------------------------------------------------------
2023-01-30 17:39:24.354 [Debug] local Time=11988 Offset=63810697152366 Real=63810697164354

--------------------------------------------------------------------------------
2023-01-30 17:39:24.354 [Debug] real delta=384

--------------------------------------------------------------------------------
2023-01-30 17:39:24.354 [Debug] NCPing=-1000

--------------------------------------------------------------------------------
2023-01-30 17:39:24.392 [Info] Connection approved [ff8c2515-4301-4eb8-b059-3f03437a3f6b].

--------------------------------------------------------------------------------
2023-01-30 17:39:24.403 [Debug] Connection established to remote [ff8c2515-4301-4eb8-b059-3f03437a3f6b/26.82.96.248:53937].

--------------------------------------------------------------------------------
2023-01-30 17:39:24.403 [Info] Connected [ff8c2515-4301-4eb8-b059-3f03437a3f6b].

--------------------------------------------------------------------------------
2023-01-30 17:40:19.175 [Debug] hail Time=0 Offset=63810697218960 Real=63810697218960

--------------------------------------------------------------------------------
2023-01-30 17:40:19.175 [Debug] local Time=66809 Offset=63810697152366 Real=63810697219175

--------------------------------------------------------------------------------
2023-01-30 17:40:19.175 [Debug] real delta=215

--------------------------------------------------------------------------------
2023-01-30 17:40:19.176 [Debug] NCPing=-1000

--------------------------------------------------------------------------------
2023-01-30 17:40:19.176 [Info] Connection approved [ba7c55f6-15ed-4f92-a4c9-cd197c28c897].

--------------------------------------------------------------------------------
2023-01-30 17:40:19.181 [Debug] Connection established to remote [ba7c55f6-15ed-4f92-a4c9-cd197c28c897/26.82.96.248:58462].

--------------------------------------------------------------------------------
2023-01-30 17:40:19.181 [Info] Connected [ba7c55f6-15ed-4f92-a4c9-cd197c28c897].

--------------------------------------------------------------------------------
2023-01-30 17:40:22.842 [Debug] Creating new instance with ID 00000000-0000-0000-0000-000000000000 for map New Map

--------------------------------------------------------------------------------
2023-01-30 17:40:22.857 [Debug] Creating new instance with ID 00000000-0000-0000-0000-000000000000 for map New Map

--------------------------------------------------------------------------------
2023-01-30 17:40:22.858 [Debug] Creating new instance with ID 00000000-0000-0000-0000-000000000000 for map New Map

--------------------------------------------------------------------------------
2023-01-30 17:40:22.858 [Debug] Creating new instance with ID 00000000-0000-0000-0000-000000000000 for map New Map

--------------------------------------------------------------------------------
2023-01-30 17:41:13.279 [Debug] StatusChanged: [NetIncomingMessage #0 14 bytes] [Disconnected]

--------------------------------------------------------------------------------
2023-01-30 17:41:13.280 [Debug] Connection terminated to remote [ba7c55f6-15ed-4f92-a4c9-cd197c28c897/26.82.96.248:58462].

--------------------------------------------------------------------------------
2023-01-30 17:41:13.280 [Info] Disconnected [ba7c55f6-15ed-4f92-a4c9-cd197c28c897].

--------------------------------------------------------------------------------
2023-01-30 17:41:13.280 [Debug] Client disconnected (PCC->PCC)

--------------------------------------------------------------------------------
2023-01-30 17:41:16.171 [Debug] hail Time=0 Offset=63810697275960 Real=63810697275960

--------------------------------------------------------------------------------
2023-01-30 17:41:16.171 [Debug] local Time=123804 Offset=63810697152366 Real=63810697276170

--------------------------------------------------------------------------------
2023-01-30 17:41:16.171 [Debug] real delta=210

--------------------------------------------------------------------------------
2023-01-30 17:41:16.171 [Debug] NCPing=-1000

--------------------------------------------------------------------------------
2023-01-30 17:41:16.172 [Info] Connection approved [8c9e5a5d-58d6-4563-bdd0-7e08a772d59c].

--------------------------------------------------------------------------------
2023-01-30 17:41:16.193 [Debug] Connection established to remote [8c9e5a5d-58d6-4563-bdd0-7e08a772d59c/26.82.96.248:58859].

--------------------------------------------------------------------------------
2023-01-30 17:41:16.193 [Info] Connected [8c9e5a5d-58d6-4563-bdd0-7e08a772d59c].

--------------------------------------------------------------------------------
2023-01-30 17:41:17.402 [Debug] StatusChanged: [NetIncomingMessage #0 14 bytes] [Disconnected]

--------------------------------------------------------------------------------
2023-01-30 17:41:17.402 [Debug] Connection terminated to remote [8c9e5a5d-58d6-4563-bdd0-7e08a772d59c/26.82.96.248:58859].

--------------------------------------------------------------------------------
2023-01-30 17:41:17.402 [Info] Disconnected [8c9e5a5d-58d6-4563-bdd0-7e08a772d59c].

--------------------------------------------------------------------------------
2023-01-30 17:41:17.402 [Debug] Client disconnected ([menu])

--------------------------------------------------------------------------------
2023-01-30 17:41:21.531 [Info] Acquiring context lock... (0ms)

--------------------------------------------------------------------------------
2023-01-30 17:41:21.531 [Info] Acquired. (0ms)

--------------------------------------------------------------------------------
2023-01-30 17:41:21.532 [Info] Beginning context dispose. (0ms)

--------------------------------------------------------------------------------
2023-01-30 17:41:21.534 [Info] Disposing network... (0ms)

--------------------------------------------------------------------------------
2023-01-30 17:41:21.535 [Debug] StatusChanged: [NetIncomingMessage #0 10 bytes] [Disconnecting]

--------------------------------------------------------------------------------
2023-01-30 17:41:21.535 [Info] Saving updated server variable values

--------------------------------------------------------------------------------
2023-01-30 17:41:21.536 [Info] Saving online users/players... (1ms)

--------------------------------------------------------------------------------
2023-01-30 17:41:21.536 [Info] Saving loaded guilds....

--------------------------------------------------------------------------------
2023-01-30 17:41:21.536 [Info] Online users/players saved. (1ms)

--------------------------------------------------------------------------------
2023-01-30 17:41:21.536 [Info] Shutting down the API... (1ms)

--------------------------------------------------------------------------------
2023-01-30 17:41:21.538 [Info] Shutting down the console thread... (4ms)

--------------------------------------------------------------------------------
2023-01-30 17:41:21.543 [Debug] StatusChanged: [NetIncomingMessage #0 14 bytes] [Disconnected]

--------------------------------------------------------------------------------
2023-01-30 17:41:22.554 [Info] Base dispose. (1019ms)

--------------------------------------------------------------------------------
2023-01-30 17:41:22.554 [Info] Finished disposing server context. (1019ms)

--------------------------------------------------------------------------------
