2023-01-31 06:48:44.332 [Debug] Loaded new formula from BaseExp * Power(Gain, Level).

--------------------------------------------------------------------------------
2023-01-31 06:48:44.337 [Debug] Loaded new formula from BaseExp * Power(Gain, Level).

--------------------------------------------------------------------------------
2023-01-31 06:48:46.189 [Warn] Directory was specified as a plugin directory but does not exist: 'resources\plugins'

--------------------------------------------------------------------------------
2023-01-31 06:48:46.195 [Info] Discovered 0 plugins:


--------------------------------------------------------------------------------
Listening on 0.0.0.0:5400.

--------------------------------------------------------------------------------
UPnP Service Initialization Succeeded

--------------------------------------------------------------------------------
Successfully auto port forwarded udp port 5400 using UPnP.

--------------------------------------------------------------------------------
Successfully auto port forwarded tcp port 5400 using UPnP.

--------------------------------------------------------------------------------
2023-01-31 06:48:51.988 [Debug] hail Time=0 Offset=63810744531562 Real=63810744531562

--------------------------------------------------------------------------------
2023-01-31 06:48:51.988 [Debug] local Time=5871 Offset=63810744526116 Real=63810744531988

--------------------------------------------------------------------------------
2023-01-31 06:48:51.988 [Debug] real delta=425

--------------------------------------------------------------------------------
2023-01-31 06:48:51.988 [Debug] NCPing=-1000

--------------------------------------------------------------------------------
2023-01-31 06:48:52.047 [Info] Connection approved [1588149c-d462-4659-9c9d-24ecdd467f36].

--------------------------------------------------------------------------------
2023-01-31 06:48:52.062 [Debug] Connection established to remote [1588149c-d462-4659-9c9d-24ecdd467f36/26.82.96.248:57977].

--------------------------------------------------------------------------------
2023-01-31 06:48:52.063 [Info] Connected [1588149c-d462-4659-9c9d-24ecdd467f36].

--------------------------------------------------------------------------------
2023-01-31 06:48:54.416 [Debug] Creating new instance with ID 00000000-0000-0000-0000-000000000000 for map New Map

--------------------------------------------------------------------------------
2023-01-31 06:48:54.434 [Debug] Creating new instance with ID 00000000-0000-0000-0000-000000000000 for map New Map

--------------------------------------------------------------------------------
2023-01-31 06:48:54.434 [Debug] Creating new instance with ID 00000000-0000-0000-0000-000000000000 for map New Map

--------------------------------------------------------------------------------
2023-01-31 06:48:54.434 [Debug] Creating new instance with ID 00000000-0000-0000-0000-000000000000 for map New Map

--------------------------------------------------------------------------------
2023-01-31 06:53:24.554 [Debug] hail Time=15637 Offset=63810744787947 Real=63810744803584

--------------------------------------------------------------------------------
2023-01-31 06:53:24.554 [Debug] local Time=278427 Offset=63810744526116 Real=63810744804543

--------------------------------------------------------------------------------
2023-01-31 06:53:24.554 [Debug] real delta=959

--------------------------------------------------------------------------------
2023-01-31 06:53:24.554 [Debug] NCPing=-1000

--------------------------------------------------------------------------------
2023-01-31 06:53:24.554 [Info] Connection approved [f299b579-ddd5-4afc-8a49-161e44c2cce9].

--------------------------------------------------------------------------------
2023-01-31 06:53:24.615 [Debug] Connection established to remote [f299b579-ddd5-4afc-8a49-161e44c2cce9/26.187.128.71:52681].

--------------------------------------------------------------------------------
2023-01-31 06:53:24.615 [Info] Connected [f299b579-ddd5-4afc-8a49-161e44c2cce9].

--------------------------------------------------------------------------------
2023-01-31 06:56:36.592 [Debug] StatusChanged: [NetIncomingMessage #0 14 bytes] [Disconnected]

--------------------------------------------------------------------------------
2023-01-31 06:56:36.592 [Debug] Connection terminated to remote [f299b579-ddd5-4afc-8a49-161e44c2cce9/26.187.128.71:52681].

--------------------------------------------------------------------------------
2023-01-31 06:56:36.592 [Info] Disconnected [f299b579-ddd5-4afc-8a49-161e44c2cce9].

--------------------------------------------------------------------------------
2023-01-31 06:56:36.592 [Debug] Client disconnected (Shiro->Shiro)

--------------------------------------------------------------------------------
2023-01-31 07:20:38.867 [Debug] StatusChanged: [NetIncomingMessage #0 14 bytes] [Disconnected]

--------------------------------------------------------------------------------
2023-01-31 07:20:38.867 [Debug] Connection terminated to remote [1588149c-d462-4659-9c9d-24ecdd467f36/26.82.96.248:57977].

--------------------------------------------------------------------------------
2023-01-31 07:20:38.867 [Info] Disconnected [1588149c-d462-4659-9c9d-24ecdd467f36].

--------------------------------------------------------------------------------
2023-01-31 07:20:38.867 [Debug] Client disconnected (PCC->PCC)

--------------------------------------------------------------------------------
