2023-01-03 14:00:58.071 [Debug] Loaded new formula from BaseExp * Power(Gain, Level).

--------------------------------------------------------------------------------
2023-01-03 14:00:58.077 [Debug] Loaded new formula from BaseExp * Power(Gain, Level).

--------------------------------------------------------------------------------
2023-01-03 14:01:00.994 [Warn] Directory was specified as a plugin directory but does not exist: 'resources\plugins'

--------------------------------------------------------------------------------
2023-01-03 14:01:01.000 [Info] Discovered 0 plugins:


--------------------------------------------------------------------------------
Listening on 0.0.0.0:5400.

--------------------------------------------------------------------------------
UPnP Service Initialization Succeeded

--------------------------------------------------------------------------------
Successfully auto port forwarded udp port 5400 using UPnP.

--------------------------------------------------------------------------------
Successfully auto port forwarded tcp port 5400 using UPnP.

--------------------------------------------------------------------------------
2023-01-03 14:05:02.998 [Debug] hail Time=132 Offset=63808351502040 Real=63808351502172

--------------------------------------------------------------------------------
2023-01-03 14:05:02.998 [Debug] local Time=242058 Offset=63808351260938 Real=63808351502997

--------------------------------------------------------------------------------
2023-01-03 14:05:02.998 [Debug] real delta=825

--------------------------------------------------------------------------------
2023-01-03 14:05:02.998 [Debug] NCPing=-1000

--------------------------------------------------------------------------------
2023-01-03 14:05:03.080 [Info] Connection approved [5c20eb32-532a-430f-b754-fd5e557d4840].

--------------------------------------------------------------------------------
2023-01-03 14:05:03.099 [Debug] Connection established to remote [5c20eb32-532a-430f-b754-fd5e557d4840/26.82.96.248:57601].

--------------------------------------------------------------------------------
2023-01-03 14:05:03.099 [Info] Connected [5c20eb32-532a-430f-b754-fd5e557d4840].

--------------------------------------------------------------------------------
2023-01-03 14:05:07.561 [Debug] StatusChanged: [NetIncomingMessage #0 14 bytes] [Disconnected]

--------------------------------------------------------------------------------
2023-01-03 14:05:07.563 [Debug] Connection terminated to remote [5c20eb32-532a-430f-b754-fd5e557d4840/26.82.96.248:57601].

--------------------------------------------------------------------------------
2023-01-03 14:05:07.563 [Info] Disconnected [5c20eb32-532a-430f-b754-fd5e557d4840].

--------------------------------------------------------------------------------
2023-01-03 14:05:07.563 [Debug] Client disconnected (PCC->[editor])

--------------------------------------------------------------------------------
2023-01-03 14:07:57.605 [Info] Acquiring context lock... (0ms)

--------------------------------------------------------------------------------
2023-01-03 14:07:57.605 [Info] Acquired. (0ms)

--------------------------------------------------------------------------------
2023-01-03 14:07:57.607 [Info] Beginning context dispose. (0ms)

--------------------------------------------------------------------------------
2023-01-03 14:07:57.609 [Info] Disposing network... (0ms)

--------------------------------------------------------------------------------
2023-01-03 14:07:57.613 [Info] Saving updated server variable values

--------------------------------------------------------------------------------
2023-01-03 14:07:57.613 [Info] Saving online users/players... (3ms)

--------------------------------------------------------------------------------
2023-01-03 14:07:57.613 [Info] Saving loaded guilds....

--------------------------------------------------------------------------------
2023-01-03 14:07:57.613 [Info] Online users/players saved. (4ms)

--------------------------------------------------------------------------------
2023-01-03 14:07:57.613 [Info] Shutting down the API... (4ms)

--------------------------------------------------------------------------------
2023-01-03 14:07:57.619 [Info] Shutting down the console thread... (9ms)

--------------------------------------------------------------------------------
2023-01-03 14:07:58.622 [Info] Base dispose. (1012ms)

--------------------------------------------------------------------------------
2023-01-03 14:07:58.622 [Info] Finished disposing server context. (1012ms)

--------------------------------------------------------------------------------
