2022-12-14 08:20:23.553 [Debug] Loaded new formula from BaseExp * Power(Gain, Level).

--------------------------------------------------------------------------------
2022-12-14 08:20:23.553 [Debug] Loaded new formula from BaseExp * Power(Gain, Level).

--------------------------------------------------------------------------------
2022-12-14 08:20:25.114 [Warn] Directory was specified as a plugin directory but does not exist: 'resources\plugins'

--------------------------------------------------------------------------------
2022-12-14 08:20:25.114 [Info] Discovered 0 plugins:


--------------------------------------------------------------------------------
Listening on 0.0.0.0:5400.

--------------------------------------------------------------------------------
UPnP Service Initialization Succeeded

--------------------------------------------------------------------------------
Failed to automatically port forward udp port 5400 using UPnP. (UPnP possibly disabled in your router settings, or this port might already be forwarded!)

--------------------------------------------------------------------------------
2022-12-14 08:20:25.438 [Warn] UPnP Could Not Open UDP Port 5400
Open.Nat.MappingException: Error 718: ConflictInMappingEntry
   at Open.Nat.SoapClient.GetXmlDocument(String response)
   at Open.Nat.SoapClient.<InvokeAsync>d__3.MoveNext()
--- End of stack trace from previous location where exception was thrown ---
   at System.Runtime.ExceptionServices.ExceptionDispatchInfo.Throw()
   at System.Runtime.CompilerServices.TaskAwaiter.HandleNonSuccessAndDebuggerNotification(Task task)
   at Open.Nat.StreamExtensions.<TimeoutAfter>d__7`1.MoveNext()
--- End of stack trace from previous location where exception was thrown ---
   at System.Runtime.ExceptionServices.ExceptionDispatchInfo.Throw()
   at System.Runtime.CompilerServices.TaskAwaiter.HandleNonSuccessAndDebuggerNotification(Task task)
   at Open.Nat.UpnpNatDevice.<CreatePortMapAsync>d__4.MoveNext()
--- End of stack trace from previous location where exception was thrown ---
   at System.Runtime.ExceptionServices.ExceptionDispatchInfo.Throw()
   at System.Runtime.CompilerServices.TaskAwaiter.HandleNonSuccessAndDebuggerNotification(Task task)
   at System.Runtime.CompilerServices.TaskAwaiter.GetResult()
   at Intersect.Server.Networking.Helpers.UpnP.<OpenServerPort>d__5.MoveNext()

--------------------------------------------------------------------------------
Failed to automatically port forward tcp port 5400 using UPnP. (UPnP possibly disabled in your router settings, or this port might already be forwarded!)

--------------------------------------------------------------------------------
2022-12-14 08:20:25.455 [Warn] UPnP Could Not Open TCP Port 5400
Open.Nat.MappingException: Error 718: ConflictInMappingEntry
   at Open.Nat.SoapClient.GetXmlDocument(String response)
   at Open.Nat.SoapClient.<InvokeAsync>d__3.MoveNext()
--- End of stack trace from previous location where exception was thrown ---
   at System.Runtime.ExceptionServices.ExceptionDispatchInfo.Throw()
   at System.Runtime.CompilerServices.TaskAwaiter.HandleNonSuccessAndDebuggerNotification(Task task)
   at Open.Nat.StreamExtensions.<TimeoutAfter>d__7`1.MoveNext()
--- End of stack trace from previous location where exception was thrown ---
   at System.Runtime.ExceptionServices.ExceptionDispatchInfo.Throw()
   at System.Runtime.CompilerServices.TaskAwaiter.HandleNonSuccessAndDebuggerNotification(Task task)
   at Open.Nat.UpnpNatDevice.<CreatePortMapAsync>d__4.MoveNext()
--- End of stack trace from previous location where exception was thrown ---
   at System.Runtime.ExceptionServices.ExceptionDispatchInfo.Throw()
   at System.Runtime.CompilerServices.TaskAwaiter.HandleNonSuccessAndDebuggerNotification(Task task)
   at System.Runtime.CompilerServices.TaskAwaiter.GetResult()
   at Intersect.Server.Networking.Helpers.UpnP.<OpenServerPort>d__5.MoveNext()

--------------------------------------------------------------------------------
2022-12-14 08:21:26.387 [Debug] hail Time=58 Offset=63806602885614 Real=63806602885672

--------------------------------------------------------------------------------
2022-12-14 08:21:26.387 [Debug] local Time=61291 Offset=63806602825084 Real=63806602886375

--------------------------------------------------------------------------------
2022-12-14 08:21:26.387 [Debug] real delta=702

--------------------------------------------------------------------------------
2022-12-14 08:21:26.387 [Debug] NCPing=-1000

--------------------------------------------------------------------------------
2022-12-14 08:21:26.517 [Info] Connection approved [da787fa6-2b11-4673-8f51-c06320a8994a].

--------------------------------------------------------------------------------
2022-12-14 08:21:26.541 [Debug] Connection established to remote [da787fa6-2b11-4673-8f51-c06320a8994a/127.0.0.1:54115].

--------------------------------------------------------------------------------
2022-12-14 08:21:26.541 [Info] Connected [da787fa6-2b11-4673-8f51-c06320a8994a].

--------------------------------------------------------------------------------
2022-12-14 08:25:48.352 [Debug] StatusChanged: [NetIncomingMessage #0 14 bytes] [Disconnected]

--------------------------------------------------------------------------------
2022-12-14 08:25:48.353 [Debug] Connection terminated to remote [da787fa6-2b11-4673-8f51-c06320a8994a/127.0.0.1:54115].

--------------------------------------------------------------------------------
2022-12-14 08:25:48.353 [Info] Disconnected [da787fa6-2b11-4673-8f51-c06320a8994a].

--------------------------------------------------------------------------------
2022-12-14 08:25:48.354 [Debug] Client disconnected ([menu])

--------------------------------------------------------------------------------
2022-12-14 08:25:55.264 [Debug] hail Time=75 Offset=63806603154976 Real=63806603155051

--------------------------------------------------------------------------------
2022-12-14 08:25:55.264 [Debug] local Time=330180 Offset=63806602825084 Real=63806603155264

--------------------------------------------------------------------------------
2022-12-14 08:25:55.264 [Debug] real delta=212

--------------------------------------------------------------------------------
2022-12-14 08:25:55.264 [Debug] NCPing=-1000

--------------------------------------------------------------------------------
2022-12-14 08:25:55.264 [Info] Connection approved [35a888d6-046c-47bf-918e-e7b6df788edb].

--------------------------------------------------------------------------------
2022-12-14 08:25:55.283 [Debug] Connection established to remote [35a888d6-046c-47bf-918e-e7b6df788edb/127.0.0.1:51277].

--------------------------------------------------------------------------------
2022-12-14 08:25:55.284 [Info] Connected [35a888d6-046c-47bf-918e-e7b6df788edb].

--------------------------------------------------------------------------------
2022-12-14 08:27:26.839 [Debug] hail Time=102 Offset=63806603246512 Real=63806603246614

--------------------------------------------------------------------------------
2022-12-14 08:27:26.840 [Debug] local Time=421750 Offset=63806602825084 Real=63806603246834

--------------------------------------------------------------------------------
2022-12-14 08:27:26.840 [Debug] real delta=219

--------------------------------------------------------------------------------
2022-12-14 08:27:26.840 [Debug] NCPing=-1000

--------------------------------------------------------------------------------
2022-12-14 08:27:26.840 [Info] Connection approved [a349d880-cd3f-40b7-91e9-92f78aef80eb].

--------------------------------------------------------------------------------
2022-12-14 08:27:26.854 [Debug] Connection established to remote [a349d880-cd3f-40b7-91e9-92f78aef80eb/127.0.0.1:50617].

--------------------------------------------------------------------------------
2022-12-14 08:27:26.854 [Info] Connected [a349d880-cd3f-40b7-91e9-92f78aef80eb].

--------------------------------------------------------------------------------
2022-12-14 08:27:43.217 [Debug] StatusChanged: [NetIncomingMessage #0 14 bytes] [Disconnected]

--------------------------------------------------------------------------------
2022-12-14 08:27:43.217 [Debug] Connection terminated to remote [a349d880-cd3f-40b7-91e9-92f78aef80eb/127.0.0.1:50617].

--------------------------------------------------------------------------------
2022-12-14 08:27:43.218 [Info] Disconnected [a349d880-cd3f-40b7-91e9-92f78aef80eb].

--------------------------------------------------------------------------------
2022-12-14 08:27:43.218 [Debug] Client disconnected ([menu])

--------------------------------------------------------------------------------
2022-12-14 08:27:47.680 [Debug] StatusChanged: [NetIncomingMessage #0 14 bytes] [Disconnected]

--------------------------------------------------------------------------------
2022-12-14 08:27:47.680 [Debug] Connection terminated to remote [35a888d6-046c-47bf-918e-e7b6df788edb/127.0.0.1:51277].

--------------------------------------------------------------------------------
2022-12-14 08:27:47.680 [Info] Disconnected [35a888d6-046c-47bf-918e-e7b6df788edb].

--------------------------------------------------------------------------------
2022-12-14 08:27:47.680 [Debug] Client disconnected ([menu])

--------------------------------------------------------------------------------
2022-12-14 08:32:45.177 [Debug] hail Time=62 Offset=63806603564897 Real=63806603564959

--------------------------------------------------------------------------------
2022-12-14 08:32:45.177 [Debug] local Time=740093 Offset=63806602825084 Real=63806603565177

--------------------------------------------------------------------------------
2022-12-14 08:32:45.177 [Debug] real delta=218

--------------------------------------------------------------------------------
2022-12-14 08:32:45.177 [Debug] NCPing=-1000

--------------------------------------------------------------------------------
2022-12-14 08:32:45.177 [Info] Connection approved [8ff709e9-db50-48f0-b886-d5d6c7cffb5f].

--------------------------------------------------------------------------------
2022-12-14 08:32:45.187 [Debug] Connection established to remote [8ff709e9-db50-48f0-b886-d5d6c7cffb5f/127.0.0.1:57838].

--------------------------------------------------------------------------------
2022-12-14 08:32:45.187 [Info] Connected [8ff709e9-db50-48f0-b886-d5d6c7cffb5f].

--------------------------------------------------------------------------------
2022-12-14 08:39:45.168 [Debug] StatusChanged: [NetIncomingMessage #0 14 bytes] [Disconnected]

--------------------------------------------------------------------------------
2022-12-14 08:39:45.168 [Debug] Connection terminated to remote [8ff709e9-db50-48f0-b886-d5d6c7cffb5f/127.0.0.1:57838].

--------------------------------------------------------------------------------
2022-12-14 08:39:45.168 [Info] Disconnected [8ff709e9-db50-48f0-b886-d5d6c7cffb5f].

--------------------------------------------------------------------------------
2022-12-14 08:39:45.168 [Debug] Client disconnected ([menu])

--------------------------------------------------------------------------------
2022-12-14 08:42:05.300 [Debug] hail Time=73 Offset=63806604125011 Real=63806604125084

--------------------------------------------------------------------------------
2022-12-14 08:42:05.302 [Debug] local Time=1300216 Offset=63806602825084 Real=63806604125300

--------------------------------------------------------------------------------
2022-12-14 08:42:05.302 [Debug] real delta=216

--------------------------------------------------------------------------------
2022-12-14 08:42:05.302 [Debug] NCPing=-1000

--------------------------------------------------------------------------------
2022-12-14 08:42:05.302 [Info] Connection approved [24f9f2df-1e47-46de-b36b-f51df1fea15b].

--------------------------------------------------------------------------------
2022-12-14 08:42:05.321 [Debug] Connection established to remote [24f9f2df-1e47-46de-b36b-f51df1fea15b/127.0.0.1:60062].

--------------------------------------------------------------------------------
2022-12-14 08:42:05.321 [Info] Connected [24f9f2df-1e47-46de-b36b-f51df1fea15b].

--------------------------------------------------------------------------------
2022-12-14 08:56:45.811 [Debug] Creating new instance with ID 00000000-0000-0000-0000-000000000000 for map New Map

--------------------------------------------------------------------------------
2022-12-14 08:58:50.425 [Debug] hail Time=59 Offset=63806605130155 Real=63806605130215

--------------------------------------------------------------------------------
2022-12-14 08:58:50.425 [Debug] local Time=2305341 Offset=63806602825084 Real=63806605130425

--------------------------------------------------------------------------------
2022-12-14 08:58:50.425 [Debug] real delta=210

--------------------------------------------------------------------------------
2022-12-14 08:58:50.425 [Debug] NCPing=-1000

--------------------------------------------------------------------------------
2022-12-14 08:58:50.425 [Info] Connection approved [5cf79db0-c018-4a65-b64b-cc3c806f0aab].

--------------------------------------------------------------------------------
2022-12-14 08:58:50.436 [Debug] Connection established to remote [5cf79db0-c018-4a65-b64b-cc3c806f0aab/127.0.0.1:62179].

--------------------------------------------------------------------------------
2022-12-14 08:58:50.436 [Info] Connected [5cf79db0-c018-4a65-b64b-cc3c806f0aab].

--------------------------------------------------------------------------------
2022-12-14 09:11:30.628 [Debug] StatusChanged: [NetIncomingMessage #58 14 bytes] [Disconnected]

--------------------------------------------------------------------------------
2022-12-14 09:11:30.628 [Debug] Connection terminated to remote [5cf79db0-c018-4a65-b64b-cc3c806f0aab/127.0.0.1:62179].

--------------------------------------------------------------------------------
2022-12-14 09:11:30.628 [Info] Disconnected [5cf79db0-c018-4a65-b64b-cc3c806f0aab].

--------------------------------------------------------------------------------
2022-12-14 09:11:30.628 [Debug] Client disconnected (Cuong->Lon)

--------------------------------------------------------------------------------
2022-12-14 09:14:22.077 [Debug] StatusChanged: [NetIncomingMessage #164 14 bytes] [Disconnected]

--------------------------------------------------------------------------------
2022-12-14 09:14:22.077 [Debug] Connection terminated to remote [24f9f2df-1e47-46de-b36b-f51df1fea15b/127.0.0.1:60062].

--------------------------------------------------------------------------------
2022-12-14 09:14:22.077 [Info] Disconnected [24f9f2df-1e47-46de-b36b-f51df1fea15b].

--------------------------------------------------------------------------------
2022-12-14 09:14:22.077 [Debug] Client disconnected (PCC->Cac)

--------------------------------------------------------------------------------
2022-12-14 09:14:35.586 [Debug] hail Time=53 Offset=63806606075326 Real=63806606075379

--------------------------------------------------------------------------------
2022-12-14 09:14:35.586 [Debug] local Time=3250502 Offset=63806602825084 Real=63806606075586

--------------------------------------------------------------------------------
2022-12-14 09:14:35.586 [Debug] real delta=206

--------------------------------------------------------------------------------
2022-12-14 09:14:35.586 [Debug] NCPing=-1000

--------------------------------------------------------------------------------
2022-12-14 09:14:35.586 [Info] Connection approved [cbcf56af-7588-4cc0-81a9-0659d2ff2a97].

--------------------------------------------------------------------------------
2022-12-14 09:14:35.592 [Debug] Connection established to remote [cbcf56af-7588-4cc0-81a9-0659d2ff2a97/127.0.0.1:50776].

--------------------------------------------------------------------------------
2022-12-14 09:14:35.592 [Info] Connected [cbcf56af-7588-4cc0-81a9-0659d2ff2a97].

--------------------------------------------------------------------------------
2022-12-14 09:15:02.241 [Debug] StatusChanged: [NetIncomingMessage #0 14 bytes] [Disconnected]

--------------------------------------------------------------------------------
2022-12-14 09:15:02.241 [Debug] Connection terminated to remote [cbcf56af-7588-4cc0-81a9-0659d2ff2a97/127.0.0.1:50776].

--------------------------------------------------------------------------------
2022-12-14 09:15:02.241 [Info] Disconnected [cbcf56af-7588-4cc0-81a9-0659d2ff2a97].

--------------------------------------------------------------------------------
2022-12-14 09:15:02.241 [Debug] Client disconnected (PCC->Cac)

--------------------------------------------------------------------------------
2022-12-14 09:15:05.806 [Debug] hail Time=68 Offset=63806606105534 Real=63806606105602

--------------------------------------------------------------------------------
2022-12-14 09:15:05.806 [Debug] local Time=3280722 Offset=63806602825084 Real=63806606105806

--------------------------------------------------------------------------------
2022-12-14 09:15:05.806 [Debug] real delta=204

--------------------------------------------------------------------------------
2022-12-14 09:15:05.806 [Debug] NCPing=-1000

--------------------------------------------------------------------------------
2022-12-14 09:15:05.806 [Info] Connection approved [3284399d-98da-4b9b-a4d4-8cd285c115af].

--------------------------------------------------------------------------------
2022-12-14 09:15:05.820 [Debug] Connection established to remote [3284399d-98da-4b9b-a4d4-8cd285c115af/127.0.0.1:63097].

--------------------------------------------------------------------------------
2022-12-14 09:15:05.820 [Info] Connected [3284399d-98da-4b9b-a4d4-8cd285c115af].

--------------------------------------------------------------------------------
2022-12-14 09:18:28.196 [Debug] StatusChanged: [NetIncomingMessage #149 14 bytes] [Disconnected]

--------------------------------------------------------------------------------
2022-12-14 09:18:28.196 [Debug] Connection terminated to remote [3284399d-98da-4b9b-a4d4-8cd285c115af/127.0.0.1:63097].

--------------------------------------------------------------------------------
2022-12-14 09:18:28.196 [Info] Disconnected [3284399d-98da-4b9b-a4d4-8cd285c115af].

--------------------------------------------------------------------------------
2022-12-14 09:18:28.196 [Debug] Client disconnected (PCC->Cac)

--------------------------------------------------------------------------------
2022-12-14 09:18:32.005 [Debug] hail Time=75 Offset=63806606311718 Real=63806606311794

--------------------------------------------------------------------------------
2022-12-14 09:18:32.005 [Debug] local Time=3486921 Offset=63806602825084 Real=63806606312005

--------------------------------------------------------------------------------
2022-12-14 09:18:32.005 [Debug] real delta=211

--------------------------------------------------------------------------------
2022-12-14 09:18:32.005 [Debug] NCPing=-1000

--------------------------------------------------------------------------------
2022-12-14 09:18:32.005 [Info] Connection approved [6fafd11b-5c47-4ddb-82d3-ed7f5d62cb0f].

--------------------------------------------------------------------------------
2022-12-14 09:18:32.020 [Debug] Connection established to remote [6fafd11b-5c47-4ddb-82d3-ed7f5d62cb0f/127.0.0.1:56883].

--------------------------------------------------------------------------------
2022-12-14 09:18:32.020 [Info] Connected [6fafd11b-5c47-4ddb-82d3-ed7f5d62cb0f].

--------------------------------------------------------------------------------
2022-12-14 09:18:51.150 [Debug] StatusChanged: [NetIncomingMessage #0 14 bytes] [Disconnected]

--------------------------------------------------------------------------------
2022-12-14 09:18:51.150 [Debug] Connection terminated to remote [6fafd11b-5c47-4ddb-82d3-ed7f5d62cb0f/127.0.0.1:56883].

--------------------------------------------------------------------------------
2022-12-14 09:18:51.150 [Info] Disconnected [6fafd11b-5c47-4ddb-82d3-ed7f5d62cb0f].

--------------------------------------------------------------------------------
2022-12-14 09:18:51.150 [Debug] Client disconnected (PCC->Cac)

--------------------------------------------------------------------------------
2022-12-14 09:19:52.902 [Debug] hail Time=53 Offset=63806606392634 Real=63806606392687

--------------------------------------------------------------------------------
2022-12-14 09:19:52.902 [Debug] local Time=3567810 Offset=63806602825084 Real=63806606392894

--------------------------------------------------------------------------------
2022-12-14 09:19:52.902 [Debug] real delta=206

--------------------------------------------------------------------------------
2022-12-14 09:19:52.903 [Debug] NCPing=-1000

--------------------------------------------------------------------------------
2022-12-14 09:19:52.903 [Info] Connection approved [928f2e4e-67e7-4579-8359-d9f614cf6edb].

--------------------------------------------------------------------------------
2022-12-14 09:19:52.913 [Debug] Connection established to remote [928f2e4e-67e7-4579-8359-d9f614cf6edb/127.0.0.1:54954].

--------------------------------------------------------------------------------
2022-12-14 09:19:52.913 [Info] Connected [928f2e4e-67e7-4579-8359-d9f614cf6edb].

--------------------------------------------------------------------------------
2022-12-14 09:21:27.192 [Debug] StatusChanged: [NetIncomingMessage #0 14 bytes] [Disconnected]

--------------------------------------------------------------------------------
2022-12-14 09:21:27.192 [Debug] Connection terminated to remote [928f2e4e-67e7-4579-8359-d9f614cf6edb/127.0.0.1:54954].

--------------------------------------------------------------------------------
2022-12-14 09:21:27.192 [Info] Disconnected [928f2e4e-67e7-4579-8359-d9f614cf6edb].

--------------------------------------------------------------------------------
2022-12-14 09:21:27.192 [Debug] Client disconnected (PCC->Cac)

--------------------------------------------------------------------------------
2022-12-14 09:21:52.336 [Debug] hail Time=62 Offset=63806606512031 Real=63806606512093

--------------------------------------------------------------------------------
2022-12-14 09:21:52.336 [Debug] local Time=3687252 Offset=63806602825084 Real=63806606512336

--------------------------------------------------------------------------------
2022-12-14 09:21:52.336 [Debug] real delta=242

--------------------------------------------------------------------------------
2022-12-14 09:21:52.336 [Debug] NCPing=-1000

--------------------------------------------------------------------------------
2022-12-14 09:21:52.337 [Info] Connection approved [4a9387a8-b1dc-46a8-a775-21be5140018c].

--------------------------------------------------------------------------------
2022-12-14 09:21:52.343 [Debug] Connection established to remote [4a9387a8-b1dc-46a8-a775-21be5140018c/127.0.0.1:64315].

--------------------------------------------------------------------------------
2022-12-14 09:21:52.343 [Info] Connected [4a9387a8-b1dc-46a8-a775-21be5140018c].

--------------------------------------------------------------------------------
2022-12-14 09:21:58.838 [Debug] StatusChanged: [NetIncomingMessage #0 14 bytes] [Disconnected]

--------------------------------------------------------------------------------
2022-12-14 09:21:58.838 [Debug] Connection terminated to remote [4a9387a8-b1dc-46a8-a775-21be5140018c/127.0.0.1:64315].

--------------------------------------------------------------------------------
2022-12-14 09:21:58.838 [Info] Disconnected [4a9387a8-b1dc-46a8-a775-21be5140018c].

--------------------------------------------------------------------------------
2022-12-14 09:21:58.838 [Debug] Client disconnected (PCC->Cac)

--------------------------------------------------------------------------------
2022-12-14 09:22:21.532 [Debug] hail Time=84 Offset=63806606541239 Real=63806606541324

--------------------------------------------------------------------------------
2022-12-14 09:22:21.532 [Debug] local Time=3716448 Offset=63806602825084 Real=63806606541532

--------------------------------------------------------------------------------
2022-12-14 09:22:21.532 [Debug] real delta=207

--------------------------------------------------------------------------------
2022-12-14 09:22:21.532 [Debug] NCPing=-1000

--------------------------------------------------------------------------------
2022-12-14 09:22:21.532 [Info] Connection approved [5773aaca-7cc2-431d-8109-c1add356f9ae].

--------------------------------------------------------------------------------
2022-12-14 09:22:21.543 [Debug] Connection established to remote [5773aaca-7cc2-431d-8109-c1add356f9ae/127.0.0.1:61177].

--------------------------------------------------------------------------------
2022-12-14 09:22:21.543 [Info] Connected [5773aaca-7cc2-431d-8109-c1add356f9ae].

--------------------------------------------------------------------------------
2022-12-14 09:28:23.519 [Debug] StatusChanged: [NetIncomingMessage #0 10 bytes] [Disconnected]

--------------------------------------------------------------------------------
2022-12-14 09:28:23.519 [Debug] Connection terminated to remote [5773aaca-7cc2-431d-8109-c1add356f9ae/127.0.0.1:61177].

--------------------------------------------------------------------------------
2022-12-14 09:28:23.519 [Info] Disconnected [5773aaca-7cc2-431d-8109-c1add356f9ae].

--------------------------------------------------------------------------------
2022-12-14 09:28:23.519 [Debug] Client disconnected (PCC->Cac)

--------------------------------------------------------------------------------
2022-12-14 09:28:31.857 [Debug] hail Time=57 Offset=63806606911594 Real=63806606911652

--------------------------------------------------------------------------------
2022-12-14 09:28:31.857 [Debug] local Time=4086772 Offset=63806602825084 Real=63806606911856

--------------------------------------------------------------------------------
2022-12-14 09:28:31.857 [Debug] real delta=204

--------------------------------------------------------------------------------
2022-12-14 09:28:31.857 [Debug] NCPing=-1000

--------------------------------------------------------------------------------
2022-12-14 09:28:31.858 [Info] Connection approved [28ae1805-c60f-443f-b16e-7dd768246bfa].

--------------------------------------------------------------------------------
2022-12-14 09:28:31.875 [Debug] Connection established to remote [28ae1805-c60f-443f-b16e-7dd768246bfa/127.0.0.1:59664].

--------------------------------------------------------------------------------
2022-12-14 09:28:31.875 [Info] Connected [28ae1805-c60f-443f-b16e-7dd768246bfa].

--------------------------------------------------------------------------------
2022-12-14 09:28:50.381 [Debug] hail Time=672 Offset=63806606929461 Real=63806606930133

--------------------------------------------------------------------------------
2022-12-14 09:28:50.381 [Debug] local Time=4105297 Offset=63806602825084 Real=63806606930381

--------------------------------------------------------------------------------
2022-12-14 09:28:50.381 [Debug] real delta=248

--------------------------------------------------------------------------------
2022-12-14 09:28:50.381 [Debug] NCPing=-1000

--------------------------------------------------------------------------------
2022-12-14 09:28:50.381 [Info] Connection approved [51034fec-d05e-4fff-b0f5-69a64fef8ac7].

--------------------------------------------------------------------------------
2022-12-14 09:28:50.389 [Debug] Connection established to remote [51034fec-d05e-4fff-b0f5-69a64fef8ac7/127.0.0.1:51009].

--------------------------------------------------------------------------------
2022-12-14 09:28:50.389 [Info] Connected [51034fec-d05e-4fff-b0f5-69a64fef8ac7].

--------------------------------------------------------------------------------
2022-12-14 09:28:54.480 [Debug] hail Time=62 Offset=63806606934200 Real=63806606934263

--------------------------------------------------------------------------------
2022-12-14 09:28:54.480 [Debug] local Time=4109391 Offset=63806602825084 Real=63806606934475

--------------------------------------------------------------------------------
2022-12-14 09:28:54.480 [Debug] real delta=212

--------------------------------------------------------------------------------
2022-12-14 09:28:54.480 [Debug] NCPing=-1000

--------------------------------------------------------------------------------
2022-12-14 09:28:54.481 [Info] Connection approved [0214a8ee-d784-4a4b-ba6e-f773793027c6].

--------------------------------------------------------------------------------
2022-12-14 09:28:54.496 [Debug] Connection established to remote [0214a8ee-d784-4a4b-ba6e-f773793027c6/127.0.0.1:51010].

--------------------------------------------------------------------------------
2022-12-14 09:28:54.496 [Info] Connected [0214a8ee-d784-4a4b-ba6e-f773793027c6].

--------------------------------------------------------------------------------
2022-12-14 09:29:05.486 [Debug] StatusChanged: [NetIncomingMessage #0 22 bytes] [Disconnected]

--------------------------------------------------------------------------------
2022-12-14 09:29:05.486 [Debug] Connection terminated to remote [51034fec-d05e-4fff-b0f5-69a64fef8ac7/127.0.0.1:51009].

--------------------------------------------------------------------------------
2022-12-14 09:29:05.486 [Info] Disconnected [51034fec-d05e-4fff-b0f5-69a64fef8ac7].

--------------------------------------------------------------------------------
2022-12-14 09:29:05.486 [Debug] Client disconnected ([menu])

--------------------------------------------------------------------------------
2022-12-14 09:31:04.495 [Debug] StatusChanged: [NetIncomingMessage #0 14 bytes] [Disconnected]

--------------------------------------------------------------------------------
2022-12-14 09:31:04.495 [Debug] Connection terminated to remote [28ae1805-c60f-443f-b16e-7dd768246bfa/127.0.0.1:59664].

--------------------------------------------------------------------------------
2022-12-14 09:31:04.495 [Info] Disconnected [28ae1805-c60f-443f-b16e-7dd768246bfa].

--------------------------------------------------------------------------------
2022-12-14 09:31:04.495 [Debug] Client disconnected (PCC->Cac)

--------------------------------------------------------------------------------
2022-12-14 09:31:05.202 [Debug] StatusChanged: [NetIncomingMessage #0 14 bytes] [Disconnected]

--------------------------------------------------------------------------------
2022-12-14 09:31:05.202 [Debug] Connection terminated to remote [0214a8ee-d784-4a4b-ba6e-f773793027c6/127.0.0.1:51010].

--------------------------------------------------------------------------------
2022-12-14 09:31:05.202 [Info] Disconnected [0214a8ee-d784-4a4b-ba6e-f773793027c6].

--------------------------------------------------------------------------------
2022-12-14 09:31:05.202 [Debug] Client disconnected (PCC1->Me)

--------------------------------------------------------------------------------
2022-12-14 09:31:09.289 [Debug] hail Time=72 Offset=63806607068996 Real=63806607069068

--------------------------------------------------------------------------------
2022-12-14 09:31:09.289 [Debug] local Time=4244205 Offset=63806602825084 Real=63806607069289

--------------------------------------------------------------------------------
2022-12-14 09:31:09.289 [Debug] real delta=220

--------------------------------------------------------------------------------
2022-12-14 09:31:09.289 [Debug] NCPing=-1000

--------------------------------------------------------------------------------
2022-12-14 09:31:09.290 [Info] Connection approved [9148a25b-9b34-4ecc-b437-8fc488a2e3ad].

--------------------------------------------------------------------------------
2022-12-14 09:31:09.297 [Debug] Connection established to remote [9148a25b-9b34-4ecc-b437-8fc488a2e3ad/127.0.0.1:55658].

--------------------------------------------------------------------------------
2022-12-14 09:31:09.297 [Info] Connected [9148a25b-9b34-4ecc-b437-8fc488a2e3ad].

--------------------------------------------------------------------------------
2022-12-14 09:31:13.125 [Debug] hail Time=69 Offset=63806607072798 Real=63806607072867

--------------------------------------------------------------------------------
2022-12-14 09:31:13.125 [Debug] local Time=4248041 Offset=63806602825084 Real=63806607073125

--------------------------------------------------------------------------------
2022-12-14 09:31:13.125 [Debug] real delta=258

--------------------------------------------------------------------------------
2022-12-14 09:31:13.125 [Debug] NCPing=-1000

--------------------------------------------------------------------------------
2022-12-14 09:31:13.126 [Info] Connection approved [d719b770-8b92-477d-ad6b-59627dc0a73d].

--------------------------------------------------------------------------------
2022-12-14 09:31:13.132 [Debug] Connection established to remote [d719b770-8b92-477d-ad6b-59627dc0a73d/127.0.0.1:55659].

--------------------------------------------------------------------------------
2022-12-14 09:31:13.132 [Info] Connected [d719b770-8b92-477d-ad6b-59627dc0a73d].

--------------------------------------------------------------------------------
2022-12-14 09:33:03.027 [Debug] StatusChanged: [NetIncomingMessage #6 14 bytes] [Disconnected]

--------------------------------------------------------------------------------
2022-12-14 09:33:03.027 [Debug] Connection terminated to remote [d719b770-8b92-477d-ad6b-59627dc0a73d/127.0.0.1:55659].

--------------------------------------------------------------------------------
2022-12-14 09:33:03.027 [Info] Disconnected [d719b770-8b92-477d-ad6b-59627dc0a73d].

--------------------------------------------------------------------------------
2022-12-14 09:33:03.028 [Debug] Client disconnected (PCC1->Me)

--------------------------------------------------------------------------------
2022-12-14 09:33:04.623 [Debug] StatusChanged: [NetIncomingMessage #0 14 bytes] [Disconnected]

--------------------------------------------------------------------------------
2022-12-14 09:33:04.623 [Debug] Connection terminated to remote [9148a25b-9b34-4ecc-b437-8fc488a2e3ad/127.0.0.1:55658].

--------------------------------------------------------------------------------
2022-12-14 09:33:04.624 [Info] Disconnected [9148a25b-9b34-4ecc-b437-8fc488a2e3ad].

--------------------------------------------------------------------------------
2022-12-14 09:33:04.624 [Debug] Client disconnected (PCC->Cac)

--------------------------------------------------------------------------------
2022-12-14 09:33:07.743 [Debug] hail Time=91 Offset=63806607187429 Real=63806607187521

--------------------------------------------------------------------------------
2022-12-14 09:33:07.743 [Debug] local Time=4362658 Offset=63806602825084 Real=63806607187742

--------------------------------------------------------------------------------
2022-12-14 09:33:07.743 [Debug] real delta=221

--------------------------------------------------------------------------------
2022-12-14 09:33:07.743 [Debug] NCPing=-1000

--------------------------------------------------------------------------------
2022-12-14 09:33:07.744 [Info] Connection approved [8a1bb288-ea14-4ba3-962b-93497517295a].

--------------------------------------------------------------------------------
2022-12-14 09:33:07.761 [Debug] Connection established to remote [8a1bb288-ea14-4ba3-962b-93497517295a/127.0.0.1:54813].

--------------------------------------------------------------------------------
2022-12-14 09:33:07.761 [Info] Connected [8a1bb288-ea14-4ba3-962b-93497517295a].

--------------------------------------------------------------------------------
2022-12-14 09:33:10.434 [Debug] hail Time=96 Offset=63806607190111 Real=63806607190207

--------------------------------------------------------------------------------
2022-12-14 09:33:10.434 [Debug] local Time=4365350 Offset=63806602825084 Real=63806607190434

--------------------------------------------------------------------------------
2022-12-14 09:33:10.434 [Debug] real delta=226

--------------------------------------------------------------------------------
2022-12-14 09:33:10.434 [Debug] NCPing=-1000

--------------------------------------------------------------------------------
2022-12-14 09:33:10.434 [Info] Connection approved [4afa8367-a03e-435c-b588-d7347632fed2].

--------------------------------------------------------------------------------
2022-12-14 09:33:10.441 [Debug] Connection established to remote [4afa8367-a03e-435c-b588-d7347632fed2/127.0.0.1:54814].

--------------------------------------------------------------------------------
2022-12-14 09:33:10.442 [Info] Connected [4afa8367-a03e-435c-b588-d7347632fed2].

--------------------------------------------------------------------------------
2022-12-14 09:34:17.576 [Debug] StatusChanged: [NetIncomingMessage #0 14 bytes] [Disconnected]

--------------------------------------------------------------------------------
2022-12-14 09:34:17.576 [Debug] Connection terminated to remote [4afa8367-a03e-435c-b588-d7347632fed2/127.0.0.1:54814].

--------------------------------------------------------------------------------
2022-12-14 09:34:17.577 [Info] Disconnected [4afa8367-a03e-435c-b588-d7347632fed2].

--------------------------------------------------------------------------------
2022-12-14 09:34:17.577 [Debug] Client disconnected (PCC->Cac)

--------------------------------------------------------------------------------
2022-12-14 09:34:20.492 [Debug] hail Time=64 Offset=63806607260213 Real=63806607260277

--------------------------------------------------------------------------------
2022-12-14 09:34:20.492 [Debug] local Time=4435401 Offset=63806602825084 Real=63806607260485

--------------------------------------------------------------------------------
2022-12-14 09:34:20.492 [Debug] real delta=207

--------------------------------------------------------------------------------
2022-12-14 09:34:20.492 [Debug] NCPing=-1000

--------------------------------------------------------------------------------
2022-12-14 09:34:20.492 [Info] Connection approved [e9d31361-ae15-4455-bbec-52387fdd4d17].

--------------------------------------------------------------------------------
2022-12-14 09:34:20.501 [Debug] Connection established to remote [e9d31361-ae15-4455-bbec-52387fdd4d17/127.0.0.1:55808].

--------------------------------------------------------------------------------
2022-12-14 09:34:20.501 [Info] Connected [e9d31361-ae15-4455-bbec-52387fdd4d17].

--------------------------------------------------------------------------------
2022-12-14 09:37:20.571 [Debug] StatusChanged: [NetIncomingMessage #0 14 bytes] [Disconnected]

--------------------------------------------------------------------------------
2022-12-14 09:37:20.571 [Debug] Connection terminated to remote [8a1bb288-ea14-4ba3-962b-93497517295a/127.0.0.1:54813].

--------------------------------------------------------------------------------
2022-12-14 09:37:20.571 [Info] Disconnected [8a1bb288-ea14-4ba3-962b-93497517295a].

--------------------------------------------------------------------------------
2022-12-14 09:37:20.571 [Debug] Client disconnected (PCC1->Me)

--------------------------------------------------------------------------------
2022-12-14 09:37:21.524 [Debug] StatusChanged: [NetIncomingMessage #0 14 bytes] [Disconnected]

--------------------------------------------------------------------------------
2022-12-14 09:37:21.524 [Debug] Connection terminated to remote [e9d31361-ae15-4455-bbec-52387fdd4d17/127.0.0.1:55808].

--------------------------------------------------------------------------------
2022-12-14 09:37:21.524 [Info] Disconnected [e9d31361-ae15-4455-bbec-52387fdd4d17].

--------------------------------------------------------------------------------
2022-12-14 09:37:21.524 [Debug] Client disconnected (PCC->Cac)

--------------------------------------------------------------------------------
2022-12-14 09:37:26.010 [Debug] hail Time=63 Offset=63806607445730 Real=63806607445794

--------------------------------------------------------------------------------
2022-12-14 09:37:26.010 [Debug] local Time=4620919 Offset=63806602825084 Real=63806607446003

--------------------------------------------------------------------------------
2022-12-14 09:37:26.010 [Debug] real delta=208

--------------------------------------------------------------------------------
2022-12-14 09:37:26.010 [Debug] NCPing=-1000

--------------------------------------------------------------------------------
2022-12-14 09:37:26.011 [Info] Connection approved [505c1dbd-9d77-4ddc-90e7-e7736b1626c4].

--------------------------------------------------------------------------------
2022-12-14 09:37:26.025 [Debug] Connection established to remote [505c1dbd-9d77-4ddc-90e7-e7736b1626c4/127.0.0.1:61819].

--------------------------------------------------------------------------------
2022-12-14 09:37:26.025 [Info] Connected [505c1dbd-9d77-4ddc-90e7-e7736b1626c4].

--------------------------------------------------------------------------------
2022-12-14 09:46:42.202 [Debug] StatusChanged: [NetIncomingMessage #0 14 bytes] [Disconnected]

--------------------------------------------------------------------------------
2022-12-14 09:46:42.202 [Debug] Connection terminated to remote [505c1dbd-9d77-4ddc-90e7-e7736b1626c4/127.0.0.1:61819].

--------------------------------------------------------------------------------
2022-12-14 09:46:42.202 [Info] Disconnected [505c1dbd-9d77-4ddc-90e7-e7736b1626c4].

--------------------------------------------------------------------------------
2022-12-14 09:46:42.202 [Debug] Client disconnected (PCC->Cac)

--------------------------------------------------------------------------------
2022-12-14 11:21:24.124 [Debug] hail Time=60 Offset=63806613683839 Real=63806613683900

--------------------------------------------------------------------------------
2022-12-14 11:21:24.124 [Debug] local Time=10859040 Offset=63806602825084 Real=63806613684124

--------------------------------------------------------------------------------
2022-12-14 11:21:24.124 [Debug] real delta=224

--------------------------------------------------------------------------------
2022-12-14 11:21:24.124 [Debug] NCPing=-1000

--------------------------------------------------------------------------------
2022-12-14 11:21:24.125 [Info] Connection approved [258443c0-f20e-4540-b989-3901c520d92e].

--------------------------------------------------------------------------------
2022-12-14 11:21:24.144 [Debug] Connection established to remote [258443c0-f20e-4540-b989-3901c520d92e/127.0.0.1:62159].

--------------------------------------------------------------------------------
2022-12-14 11:21:24.144 [Info] Connected [258443c0-f20e-4540-b989-3901c520d92e].

--------------------------------------------------------------------------------
2022-12-14 11:25:49.026 [Debug] StatusChanged: [NetIncomingMessage #116 14 bytes] [Disconnected]

--------------------------------------------------------------------------------
2022-12-14 11:25:49.026 [Debug] Connection terminated to remote [258443c0-f20e-4540-b989-3901c520d92e/127.0.0.1:62159].

--------------------------------------------------------------------------------
2022-12-14 11:25:49.026 [Info] Disconnected [258443c0-f20e-4540-b989-3901c520d92e].

--------------------------------------------------------------------------------
2022-12-14 11:25:49.026 [Debug] Client disconnected (PCC->Cac)

--------------------------------------------------------------------------------
2022-12-14 11:28:03.710 [Debug] hail Time=56 Offset=63806614083445 Real=63806614083501

--------------------------------------------------------------------------------
2022-12-14 11:28:03.710 [Debug] local Time=11258619 Offset=63806602825084 Real=63806614083703

--------------------------------------------------------------------------------
2022-12-14 11:28:03.710 [Debug] real delta=202

--------------------------------------------------------------------------------
2022-12-14 11:28:03.710 [Debug] NCPing=-1000

--------------------------------------------------------------------------------
2022-12-14 11:28:03.711 [Info] Connection approved [12665e61-1385-4fbb-b1bf-5d8d9fd87c47].

--------------------------------------------------------------------------------
2022-12-14 11:28:03.723 [Debug] Connection established to remote [12665e61-1385-4fbb-b1bf-5d8d9fd87c47/127.0.0.1:55798].

--------------------------------------------------------------------------------
2022-12-14 11:28:03.723 [Info] Connected [12665e61-1385-4fbb-b1bf-5d8d9fd87c47].

--------------------------------------------------------------------------------
2022-12-14 11:32:03.589 [Debug] hail Time=70 Offset=63806614323294 Real=63806614323364

--------------------------------------------------------------------------------
2022-12-14 11:32:03.589 [Debug] local Time=11498494 Offset=63806602825084 Real=63806614323578

--------------------------------------------------------------------------------
2022-12-14 11:32:03.589 [Debug] real delta=214

--------------------------------------------------------------------------------
2022-12-14 11:32:03.589 [Debug] NCPing=-1000

--------------------------------------------------------------------------------
2022-12-14 11:32:03.590 [Info] Connection approved [ad4a66c0-e624-414e-acc4-b4407713e51c].

--------------------------------------------------------------------------------
2022-12-14 11:32:03.600 [Debug] Connection established to remote [ad4a66c0-e624-414e-acc4-b4407713e51c/127.0.0.1:54200].

--------------------------------------------------------------------------------
2022-12-14 11:32:03.600 [Info] Connected [ad4a66c0-e624-414e-acc4-b4407713e51c].

--------------------------------------------------------------------------------
2022-12-14 11:33:47.189 [Debug] StatusChanged: [NetIncomingMessage #0 14 bytes] [Disconnected]

--------------------------------------------------------------------------------
2022-12-14 11:33:47.189 [Debug] Connection terminated to remote [12665e61-1385-4fbb-b1bf-5d8d9fd87c47/127.0.0.1:55798].

--------------------------------------------------------------------------------
2022-12-14 11:33:47.189 [Info] Disconnected [12665e61-1385-4fbb-b1bf-5d8d9fd87c47].

--------------------------------------------------------------------------------
2022-12-14 11:33:47.189 [Debug] Client disconnected (PCC->Cac)

--------------------------------------------------------------------------------
2022-12-14 11:33:48.652 [Debug] StatusChanged: [NetIncomingMessage #0 14 bytes] [Disconnected]

--------------------------------------------------------------------------------
2022-12-14 11:33:48.652 [Debug] Connection terminated to remote [ad4a66c0-e624-414e-acc4-b4407713e51c/127.0.0.1:54200].

--------------------------------------------------------------------------------
2022-12-14 11:33:48.652 [Info] Disconnected [ad4a66c0-e624-414e-acc4-b4407713e51c].

--------------------------------------------------------------------------------
2022-12-14 11:33:48.652 [Debug] Client disconnected (PCC1->Me)

--------------------------------------------------------------------------------
2022-12-14 11:50:27.988 [Debug] hail Time=56 Offset=63806615427709 Real=63806615427765

--------------------------------------------------------------------------------
2022-12-14 11:50:27.988 [Debug] local Time=12602902 Offset=63806602825084 Real=63806615427986

--------------------------------------------------------------------------------
2022-12-14 11:50:27.988 [Debug] real delta=221

--------------------------------------------------------------------------------
2022-12-14 11:50:27.988 [Debug] NCPing=-1000

--------------------------------------------------------------------------------
2022-12-14 11:50:27.989 [Info] Connection approved [286f53a2-484e-45c8-97bd-f70f0b043884].

--------------------------------------------------------------------------------
2022-12-14 11:50:28.005 [Debug] Connection established to remote [286f53a2-484e-45c8-97bd-f70f0b043884/127.0.0.1:58059].

--------------------------------------------------------------------------------
2022-12-14 11:50:28.005 [Info] Connected [286f53a2-484e-45c8-97bd-f70f0b043884].

--------------------------------------------------------------------------------
2022-12-14 11:50:59.523 [Debug] StatusChanged: [NetIncomingMessage #0 14 bytes] [Disconnected]

--------------------------------------------------------------------------------
2022-12-14 11:50:59.523 [Debug] Connection terminated to remote [286f53a2-484e-45c8-97bd-f70f0b043884/127.0.0.1:58059].

--------------------------------------------------------------------------------
2022-12-14 11:50:59.523 [Info] Disconnected [286f53a2-484e-45c8-97bd-f70f0b043884].

--------------------------------------------------------------------------------
2022-12-14 11:50:59.523 [Debug] Client disconnected (PCC1->Me)

--------------------------------------------------------------------------------
2022-12-14 11:51:06.471 [Debug] hail Time=88 Offset=63806615466168 Real=63806615466257

--------------------------------------------------------------------------------
2022-12-14 11:51:06.471 [Debug] local Time=12641387 Offset=63806602825084 Real=63806615466471

--------------------------------------------------------------------------------
2022-12-14 11:51:06.471 [Debug] real delta=214

--------------------------------------------------------------------------------
2022-12-14 11:51:06.471 [Debug] NCPing=-1000

--------------------------------------------------------------------------------
2022-12-14 11:51:06.472 [Info] Connection approved [e08d3e45-8c0f-44cd-94a5-84bcee81512b].

--------------------------------------------------------------------------------
2022-12-14 11:51:06.489 [Debug] Connection established to remote [e08d3e45-8c0f-44cd-94a5-84bcee81512b/127.0.0.1:58392].

--------------------------------------------------------------------------------
2022-12-14 11:51:06.489 [Info] Connected [e08d3e45-8c0f-44cd-94a5-84bcee81512b].

--------------------------------------------------------------------------------
2022-12-14 11:51:13.582 [Debug] StatusChanged: [NetIncomingMessage #11 14 bytes] [Disconnected]

--------------------------------------------------------------------------------
2022-12-14 11:51:13.582 [Debug] Connection terminated to remote [e08d3e45-8c0f-44cd-94a5-84bcee81512b/127.0.0.1:58392].

--------------------------------------------------------------------------------
2022-12-14 11:51:13.582 [Info] Disconnected [e08d3e45-8c0f-44cd-94a5-84bcee81512b].

--------------------------------------------------------------------------------
2022-12-14 11:51:13.582 [Debug] Client disconnected (PCC1->Me)

--------------------------------------------------------------------------------
2022-12-14 11:51:35.734 [Debug] hail Time=60 Offset=63806615495466 Real=63806615495527

--------------------------------------------------------------------------------
2022-12-14 11:51:35.734 [Debug] local Time=12670650 Offset=63806602825084 Real=63806615495734

--------------------------------------------------------------------------------
2022-12-14 11:51:35.734 [Debug] real delta=207

--------------------------------------------------------------------------------
2022-12-14 11:51:35.734 [Debug] NCPing=-1000

--------------------------------------------------------------------------------
2022-12-14 11:51:35.735 [Info] Connection approved [32702897-141b-481f-869d-441377b9e92d].

--------------------------------------------------------------------------------
2022-12-14 11:51:35.744 [Debug] Connection established to remote [32702897-141b-481f-869d-441377b9e92d/127.0.0.1:59998].

--------------------------------------------------------------------------------
2022-12-14 11:51:35.744 [Info] Connected [32702897-141b-481f-869d-441377b9e92d].

--------------------------------------------------------------------------------
2022-12-14 11:52:42.563 [Debug] StatusChanged: [NetIncomingMessage #41 14 bytes] [Disconnected]

--------------------------------------------------------------------------------
2022-12-14 11:52:42.563 [Debug] Connection terminated to remote [32702897-141b-481f-869d-441377b9e92d/127.0.0.1:59998].

--------------------------------------------------------------------------------
2022-12-14 11:52:42.563 [Info] Disconnected [32702897-141b-481f-869d-441377b9e92d].

--------------------------------------------------------------------------------
2022-12-14 11:52:42.564 [Debug] Client disconnected (PCC1->Me)

--------------------------------------------------------------------------------
2022-12-14 11:52:50.099 [Debug] hail Time=57 Offset=63806615569829 Real=63806615569887

--------------------------------------------------------------------------------
2022-12-14 11:52:50.099 [Debug] local Time=12745010 Offset=63806602825084 Real=63806615570094

--------------------------------------------------------------------------------
2022-12-14 11:52:50.099 [Debug] real delta=207

--------------------------------------------------------------------------------
2022-12-14 11:52:50.099 [Debug] NCPing=-1000

--------------------------------------------------------------------------------
2022-12-14 11:52:50.100 [Info] Connection approved [1b1e333a-775a-4334-9ffe-9d91fdab3db9].

--------------------------------------------------------------------------------
2022-12-14 11:52:50.111 [Debug] Connection established to remote [1b1e333a-775a-4334-9ffe-9d91fdab3db9/127.0.0.1:56882].

--------------------------------------------------------------------------------
2022-12-14 11:52:50.111 [Info] Connected [1b1e333a-775a-4334-9ffe-9d91fdab3db9].

--------------------------------------------------------------------------------
2022-12-14 11:53:01.215 [Debug] StatusChanged: [NetIncomingMessage #0 14 bytes] [Disconnected]

--------------------------------------------------------------------------------
2022-12-14 11:53:01.215 [Debug] Connection terminated to remote [1b1e333a-775a-4334-9ffe-9d91fdab3db9/127.0.0.1:56882].

--------------------------------------------------------------------------------
2022-12-14 11:53:01.215 [Info] Disconnected [1b1e333a-775a-4334-9ffe-9d91fdab3db9].

--------------------------------------------------------------------------------
2022-12-14 11:53:01.215 [Debug] Client disconnected (PCC1->Me)

--------------------------------------------------------------------------------
2022-12-14 11:57:02.530 [Debug] hail Time=66 Offset=63806615822256 Real=63806615822322

--------------------------------------------------------------------------------
2022-12-14 11:57:02.530 [Debug] local Time=12997446 Offset=63806602825084 Real=63806615822530

--------------------------------------------------------------------------------
2022-12-14 11:57:02.530 [Debug] real delta=208

--------------------------------------------------------------------------------
2022-12-14 11:57:02.530 [Debug] NCPing=-1000

--------------------------------------------------------------------------------
2022-12-14 11:57:02.531 [Info] Connection approved [6875ab4b-c510-4a41-bc62-00b52dd27bb8].

--------------------------------------------------------------------------------
2022-12-14 11:57:02.543 [Debug] Connection established to remote [6875ab4b-c510-4a41-bc62-00b52dd27bb8/127.0.0.1:57453].

--------------------------------------------------------------------------------
2022-12-14 11:57:02.543 [Info] Connected [6875ab4b-c510-4a41-bc62-00b52dd27bb8].

--------------------------------------------------------------------------------
2022-12-14 12:01:48.297 [Debug] StatusChanged: [NetIncomingMessage #0 14 bytes] [Disconnected]

--------------------------------------------------------------------------------
2022-12-14 12:01:48.297 [Debug] Connection terminated to remote [6875ab4b-c510-4a41-bc62-00b52dd27bb8/127.0.0.1:57453].

--------------------------------------------------------------------------------
2022-12-14 12:01:48.297 [Info] Disconnected [6875ab4b-c510-4a41-bc62-00b52dd27bb8].

--------------------------------------------------------------------------------
2022-12-14 12:01:48.297 [Debug] Client disconnected (PCC1->Me)

--------------------------------------------------------------------------------
2022-12-14 12:02:06.250 [Debug] hail Time=85 Offset=63806616125955 Real=63806616126040

--------------------------------------------------------------------------------
2022-12-14 12:02:06.250 [Debug] local Time=13301166 Offset=63806602825084 Real=63806616126250

--------------------------------------------------------------------------------
2022-12-14 12:02:06.250 [Debug] real delta=209

--------------------------------------------------------------------------------
2022-12-14 12:02:06.250 [Debug] NCPing=-1000

--------------------------------------------------------------------------------
2022-12-14 12:02:06.251 [Info] Connection approved [9ae97c4c-a481-4ae4-aeb3-20fba7bd79fc].

--------------------------------------------------------------------------------
2022-12-14 12:02:06.255 [Debug] Connection established to remote [9ae97c4c-a481-4ae4-aeb3-20fba7bd79fc/127.0.0.1:60914].

--------------------------------------------------------------------------------
2022-12-14 12:02:06.255 [Info] Connected [9ae97c4c-a481-4ae4-aeb3-20fba7bd79fc].

--------------------------------------------------------------------------------
2022-12-14 12:02:29.909 [Debug] StatusChanged: [NetIncomingMessage #0 14 bytes] [Disconnected]

--------------------------------------------------------------------------------
2022-12-14 12:02:29.909 [Debug] Connection terminated to remote [9ae97c4c-a481-4ae4-aeb3-20fba7bd79fc/127.0.0.1:60914].

--------------------------------------------------------------------------------
2022-12-14 12:02:29.909 [Info] Disconnected [9ae97c4c-a481-4ae4-aeb3-20fba7bd79fc].

--------------------------------------------------------------------------------
2022-12-14 12:02:29.909 [Debug] Client disconnected (PCC1->Me)

--------------------------------------------------------------------------------
2022-12-14 12:06:19.803 [Debug] hail Time=66 Offset=63806616379518 Real=63806616379585

--------------------------------------------------------------------------------
2022-12-14 12:06:19.803 [Debug] local Time=13554719 Offset=63806602825084 Real=63806616379803

--------------------------------------------------------------------------------
2022-12-14 12:06:19.803 [Debug] real delta=218

--------------------------------------------------------------------------------
2022-12-14 12:06:19.803 [Debug] NCPing=-1000

--------------------------------------------------------------------------------
2022-12-14 12:06:19.803 [Info] Connection approved [4eefd788-3c8d-4c8e-a4cd-ce7147e54267].

--------------------------------------------------------------------------------
2022-12-14 12:06:19.813 [Debug] Connection established to remote [4eefd788-3c8d-4c8e-a4cd-ce7147e54267/127.0.0.1:58242].

--------------------------------------------------------------------------------
2022-12-14 12:06:19.813 [Info] Connected [4eefd788-3c8d-4c8e-a4cd-ce7147e54267].

--------------------------------------------------------------------------------
2022-12-14 12:06:58.914 [Debug] StatusChanged: [NetIncomingMessage #0 14 bytes] [Disconnected]

--------------------------------------------------------------------------------
2022-12-14 12:06:58.914 [Debug] Connection terminated to remote [4eefd788-3c8d-4c8e-a4cd-ce7147e54267/127.0.0.1:58242].

--------------------------------------------------------------------------------
2022-12-14 12:06:58.914 [Info] Disconnected [4eefd788-3c8d-4c8e-a4cd-ce7147e54267].

--------------------------------------------------------------------------------
2022-12-14 12:06:58.914 [Debug] Client disconnected (PCC1->Me)

--------------------------------------------------------------------------------
2022-12-14 12:09:29.235 [Debug] hail Time=72 Offset=63806616568942 Real=63806616569014

--------------------------------------------------------------------------------
2022-12-14 12:09:29.235 [Debug] local Time=13744151 Offset=63806602825084 Real=63806616569235

--------------------------------------------------------------------------------
2022-12-14 12:09:29.235 [Debug] real delta=221

--------------------------------------------------------------------------------
2022-12-14 12:09:29.235 [Debug] NCPing=-1000

--------------------------------------------------------------------------------
2022-12-14 12:09:29.236 [Info] Connection approved [9400671c-7367-4a0f-a223-c7e40f17889b].

--------------------------------------------------------------------------------
2022-12-14 12:09:29.251 [Debug] Connection established to remote [9400671c-7367-4a0f-a223-c7e40f17889b/127.0.0.1:54699].

--------------------------------------------------------------------------------
2022-12-14 12:09:29.251 [Info] Connected [9400671c-7367-4a0f-a223-c7e40f17889b].

--------------------------------------------------------------------------------
2022-12-14 12:10:16.465 [Debug] StatusChanged: [NetIncomingMessage #0 14 bytes] [Disconnected]

--------------------------------------------------------------------------------
2022-12-14 12:10:16.465 [Debug] Connection terminated to remote [9400671c-7367-4a0f-a223-c7e40f17889b/127.0.0.1:54699].

--------------------------------------------------------------------------------
2022-12-14 12:10:16.465 [Info] Disconnected [9400671c-7367-4a0f-a223-c7e40f17889b].

--------------------------------------------------------------------------------
2022-12-14 12:10:16.465 [Debug] Client disconnected ([menu])

--------------------------------------------------------------------------------
2022-12-14 12:10:19.535 [Debug] hail Time=54 Offset=63806616619263 Real=63806616619318

--------------------------------------------------------------------------------
2022-12-14 12:10:19.535 [Debug] local Time=13794447 Offset=63806602825084 Real=63806616619531

--------------------------------------------------------------------------------
2022-12-14 12:10:19.535 [Debug] real delta=213

--------------------------------------------------------------------------------
2022-12-14 12:10:19.535 [Debug] NCPing=-1000

--------------------------------------------------------------------------------
2022-12-14 12:10:19.535 [Info] Connection approved [8735eb53-14e9-42a8-bad7-7676c8afc5f9].

--------------------------------------------------------------------------------
2022-12-14 12:10:19.549 [Debug] Connection established to remote [8735eb53-14e9-42a8-bad7-7676c8afc5f9/127.0.0.1:53461].

--------------------------------------------------------------------------------
2022-12-14 12:10:19.549 [Info] Connected [8735eb53-14e9-42a8-bad7-7676c8afc5f9].

--------------------------------------------------------------------------------
2022-12-14 12:10:22.476 [Debug] StatusChanged: [NetIncomingMessage #0 14 bytes] [Disconnected]

--------------------------------------------------------------------------------
2022-12-14 12:10:22.477 [Debug] Connection terminated to remote [8735eb53-14e9-42a8-bad7-7676c8afc5f9/127.0.0.1:53461].

--------------------------------------------------------------------------------
2022-12-14 12:10:22.477 [Info] Disconnected [8735eb53-14e9-42a8-bad7-7676c8afc5f9].

--------------------------------------------------------------------------------
2022-12-14 12:10:22.477 [Debug] Client disconnected ([menu])

--------------------------------------------------------------------------------
2022-12-14 12:10:45.003 [Debug] hail Time=58 Offset=63806616644719 Real=63806616644777

--------------------------------------------------------------------------------
2022-12-14 12:10:45.003 [Debug] local Time=13819919 Offset=63806602825084 Real=63806616645003

--------------------------------------------------------------------------------
2022-12-14 12:10:45.003 [Debug] real delta=225

--------------------------------------------------------------------------------
2022-12-14 12:10:45.003 [Debug] NCPing=-1000

--------------------------------------------------------------------------------
2022-12-14 12:10:45.006 [Info] Connection approved [489baa26-603b-41e3-aa49-633373ef55d1].

--------------------------------------------------------------------------------
2022-12-14 12:10:45.013 [Debug] Connection established to remote [489baa26-603b-41e3-aa49-633373ef55d1/127.0.0.1:63860].

--------------------------------------------------------------------------------
2022-12-14 12:10:45.013 [Info] Connected [489baa26-603b-41e3-aa49-633373ef55d1].

--------------------------------------------------------------------------------
2022-12-14 12:11:03.620 [Debug] StatusChanged: [NetIncomingMessage #0 9 bytes] [Disconnected]

--------------------------------------------------------------------------------
2022-12-14 12:11:03.620 [Debug] Connection terminated to remote [489baa26-603b-41e3-aa49-633373ef55d1/127.0.0.1:63860].

--------------------------------------------------------------------------------
2022-12-14 12:11:03.620 [Info] Disconnected [489baa26-603b-41e3-aa49-633373ef55d1].

--------------------------------------------------------------------------------
2022-12-14 12:11:03.620 [Debug] Client disconnected ([menu])

--------------------------------------------------------------------------------
2022-12-14 12:11:41.440 [Debug] hail Time=59 Offset=63806616701159 Real=63806616701219

--------------------------------------------------------------------------------
2022-12-14 12:11:41.440 [Debug] local Time=13876353 Offset=63806602825084 Real=63806616701437

--------------------------------------------------------------------------------
2022-12-14 12:11:41.440 [Debug] real delta=218

--------------------------------------------------------------------------------
2022-12-14 12:11:41.440 [Debug] NCPing=-1000

--------------------------------------------------------------------------------
2022-12-14 12:11:41.442 [Info] Connection approved [8e767949-2577-4241-8992-7171bec96bb9].

--------------------------------------------------------------------------------
2022-12-14 12:11:41.457 [Debug] Connection established to remote [8e767949-2577-4241-8992-7171bec96bb9/127.0.0.1:60494].

--------------------------------------------------------------------------------
2022-12-14 12:11:41.457 [Info] Connected [8e767949-2577-4241-8992-7171bec96bb9].

--------------------------------------------------------------------------------
2022-12-14 12:12:15.972 [Debug] StatusChanged: [NetIncomingMessage #0 14 bytes] [Disconnected]

--------------------------------------------------------------------------------
2022-12-14 12:12:15.972 [Debug] Connection terminated to remote [8e767949-2577-4241-8992-7171bec96bb9/127.0.0.1:60494].

--------------------------------------------------------------------------------
2022-12-14 12:12:15.972 [Info] Disconnected [8e767949-2577-4241-8992-7171bec96bb9].

--------------------------------------------------------------------------------
2022-12-14 12:12:15.972 [Debug] Client disconnected ([menu])

--------------------------------------------------------------------------------
2022-12-14 12:12:20.615 [Debug] hail Time=86 Offset=63806616740313 Real=63806616740399

--------------------------------------------------------------------------------
2022-12-14 12:12:20.615 [Debug] local Time=13915531 Offset=63806602825084 Real=63806616740615

--------------------------------------------------------------------------------
2022-12-14 12:12:20.615 [Debug] real delta=216

--------------------------------------------------------------------------------
2022-12-14 12:12:20.615 [Debug] NCPing=-1000

--------------------------------------------------------------------------------
2022-12-14 12:12:20.616 [Info] Connection approved [4d64eb7c-2b8c-4afa-9279-82830e143bf6].

--------------------------------------------------------------------------------
2022-12-14 12:12:20.622 [Debug] Connection established to remote [4d64eb7c-2b8c-4afa-9279-82830e143bf6/127.0.0.1:58128].

--------------------------------------------------------------------------------
2022-12-14 12:12:20.623 [Info] Connected [4d64eb7c-2b8c-4afa-9279-82830e143bf6].

--------------------------------------------------------------------------------
2022-12-14 12:12:23.282 [Debug] StatusChanged: [NetIncomingMessage #0 14 bytes] [Disconnected]

--------------------------------------------------------------------------------
2022-12-14 12:12:23.282 [Debug] Connection terminated to remote [4d64eb7c-2b8c-4afa-9279-82830e143bf6/127.0.0.1:58128].

--------------------------------------------------------------------------------
2022-12-14 12:12:23.282 [Info] Disconnected [4d64eb7c-2b8c-4afa-9279-82830e143bf6].

--------------------------------------------------------------------------------
2022-12-14 12:12:23.282 [Debug] Client disconnected ([menu])

--------------------------------------------------------------------------------
2022-12-14 12:12:51.434 [Debug] hail Time=68 Offset=63806616771149 Real=63806616771217

--------------------------------------------------------------------------------
2022-12-14 12:12:51.434 [Debug] local Time=13946341 Offset=63806602825084 Real=63806616771425

--------------------------------------------------------------------------------
2022-12-14 12:12:51.434 [Debug] real delta=207

--------------------------------------------------------------------------------
2022-12-14 12:12:51.434 [Debug] NCPing=-1000

--------------------------------------------------------------------------------
2022-12-14 12:12:51.435 [Info] Connection approved [85b84581-7d79-467e-a639-aa3c1a88f79b].

--------------------------------------------------------------------------------
2022-12-14 12:12:51.448 [Debug] Connection established to remote [85b84581-7d79-467e-a639-aa3c1a88f79b/127.0.0.1:52193].

--------------------------------------------------------------------------------
2022-12-14 12:12:51.448 [Info] Connected [85b84581-7d79-467e-a639-aa3c1a88f79b].

--------------------------------------------------------------------------------
2022-12-14 12:12:54.987 [Debug] StatusChanged: [NetIncomingMessage #0 14 bytes] [Disconnected]

--------------------------------------------------------------------------------
2022-12-14 12:12:54.987 [Debug] Connection terminated to remote [85b84581-7d79-467e-a639-aa3c1a88f79b/127.0.0.1:52193].

--------------------------------------------------------------------------------
2022-12-14 12:12:54.987 [Info] Disconnected [85b84581-7d79-467e-a639-aa3c1a88f79b].

--------------------------------------------------------------------------------
2022-12-14 12:12:54.987 [Debug] Client disconnected ([menu])

--------------------------------------------------------------------------------
2022-12-14 12:13:01.503 [Debug] hail Time=84 Offset=63806616781207 Real=63806616781291

--------------------------------------------------------------------------------
2022-12-14 12:13:01.503 [Debug] local Time=13956418 Offset=63806602825084 Real=63806616781503

--------------------------------------------------------------------------------
2022-12-14 12:13:01.503 [Debug] real delta=211

--------------------------------------------------------------------------------
2022-12-14 12:13:01.503 [Debug] NCPing=-1000

--------------------------------------------------------------------------------
2022-12-14 12:13:01.503 [Info] Connection approved [468e44ad-3d2b-486c-9b99-3a391ba5c73c].

--------------------------------------------------------------------------------
2022-12-14 12:13:01.509 [Debug] Connection established to remote [468e44ad-3d2b-486c-9b99-3a391ba5c73c/127.0.0.1:52393].

--------------------------------------------------------------------------------
2022-12-14 12:13:01.510 [Info] Connected [468e44ad-3d2b-486c-9b99-3a391ba5c73c].

--------------------------------------------------------------------------------
2022-12-14 12:42:06.602 [Debug] StatusChanged: [NetIncomingMessage #0 14 bytes] [Disconnected]

--------------------------------------------------------------------------------
2022-12-14 12:42:06.603 [Debug] Connection terminated to remote [468e44ad-3d2b-486c-9b99-3a391ba5c73c/127.0.0.1:52393].

--------------------------------------------------------------------------------
2022-12-14 12:42:06.603 [Info] Disconnected [468e44ad-3d2b-486c-9b99-3a391ba5c73c].

--------------------------------------------------------------------------------
2022-12-14 12:42:06.603 [Debug] Client disconnected (PCC1->Me)

--------------------------------------------------------------------------------
2022-12-14 13:02:19.914 [Info] Acquiring context lock... (0ms)

--------------------------------------------------------------------------------
2022-12-14 13:02:19.914 [Info] Acquired. (0ms)

--------------------------------------------------------------------------------
2022-12-14 13:02:19.915 [Error] Received unhandled exception from System.Threading.Thread.

--------------------------------------------------------------------------------
2022-12-14 13:02:19.917 [Info] Beginning context dispose. (0ms)

--------------------------------------------------------------------------------
2022-12-14 13:02:19.918 [Error] Received unhandled exception from Name:Intersect Server.exe
There are no context policies.
.

--------------------------------------------------------------------------------
