2023-01-30 13:34:56.659 [Warn] Directory was specified as a plugin directory but does not exist: 'resources\plugins'

--------------------------------------------------------------------------------
2023-01-30 13:34:56.662 [Info] Discovered 0 plugins:


--------------------------------------------------------------------------------
Listening on 0.0.0.0:5400.

--------------------------------------------------------------------------------
UPnP Service Initialization Succeeded

--------------------------------------------------------------------------------
Successfully auto port forwarded udp port 5400 using UPnP.

--------------------------------------------------------------------------------
2023-01-30 13:35:12.666 [Info] Acquiring context lock... (0ms)

--------------------------------------------------------------------------------
2023-01-30 13:35:12.666 [Info] Acquired. (0ms)

--------------------------------------------------------------------------------
2023-01-30 13:35:12.668 [Info] Beginning context dispose. (0ms)

--------------------------------------------------------------------------------
2023-01-30 13:35:12.686 [Info] Disposing network... (0ms)

--------------------------------------------------------------------------------
2023-01-30 13:35:12.688 [Info] Saving updated server variable values

--------------------------------------------------------------------------------
2023-01-30 13:35:12.689 [Info] Saving online users/players... (3ms)

--------------------------------------------------------------------------------
2023-01-30 13:35:12.689 [Info] Saving loaded guilds....

--------------------------------------------------------------------------------
2023-01-30 13:35:12.689 [Info] Online users/players saved. (3ms)

--------------------------------------------------------------------------------
2023-01-30 13:35:12.689 [Info] Shutting down the API... (3ms)

--------------------------------------------------------------------------------
2023-01-30 13:35:12.690 [Info] Shutting down the console thread... (4ms)

--------------------------------------------------------------------------------
2023-01-30 13:35:13.693 [Info] Base dispose. (1006ms)

--------------------------------------------------------------------------------
2023-01-30 13:35:13.693 [Info] Finished disposing server context. (1006ms)

--------------------------------------------------------------------------------
