2023-01-30 18:48:04.889 [Debug] Loaded new formula from BaseExp * Power(Gain, Level).

--------------------------------------------------------------------------------
2023-01-30 18:48:04.894 [Debug] Loaded new formula from BaseExp * Power(Gain, Level).

--------------------------------------------------------------------------------
2023-01-30 18:48:06.835 [Warn] Directory was specified as a plugin directory but does not exist: 'resources\plugins'

--------------------------------------------------------------------------------
2023-01-30 18:48:06.842 [Info] Discovered 0 plugins:


--------------------------------------------------------------------------------
Listening on 0.0.0.0:5400.

--------------------------------------------------------------------------------
2023-01-30 18:48:07.496 [Debug] hail Time=30225 Offset=63810701248035 Real=63810701278260

--------------------------------------------------------------------------------
2023-01-30 18:48:07.496 [Debug] local Time=735 Offset=63810701286760 Real=63810701287496

--------------------------------------------------------------------------------
2023-01-30 18:48:07.496 [Debug] real delta=9235

--------------------------------------------------------------------------------
2023-01-30 18:48:07.496 [Debug] NCPing=-1000

--------------------------------------------------------------------------------
2023-01-30 18:48:07.534 [Info] Connection approved [7204e339-fb66-4b08-b830-4c410b9b5521].

--------------------------------------------------------------------------------
2023-01-30 18:48:07.547 [Debug] Connection established to remote [7204e339-fb66-4b08-b830-4c410b9b5521/26.82.96.248:63885].

--------------------------------------------------------------------------------
2023-01-30 18:48:07.547 [Info] Connected [7204e339-fb66-4b08-b830-4c410b9b5521].

--------------------------------------------------------------------------------
UPnP Service Initialization Succeeded

--------------------------------------------------------------------------------
Successfully auto port forwarded udp port 5400 using UPnP.

--------------------------------------------------------------------------------
Successfully auto port forwarded tcp port 5400 using UPnP.

--------------------------------------------------------------------------------
2023-01-30 18:48:17.635 [Info] Acquiring context lock... (0ms)

--------------------------------------------------------------------------------
2023-01-30 18:48:17.635 [Info] Acquired. (0ms)

--------------------------------------------------------------------------------
2023-01-30 18:48:17.638 [Info] Beginning context dispose. (0ms)

--------------------------------------------------------------------------------
2023-01-30 18:48:17.642 [Info] Disposing network... (0ms)

--------------------------------------------------------------------------------
2023-01-30 18:48:17.644 [Debug] StatusChanged: [NetIncomingMessage #0 10 bytes] [Disconnecting]

--------------------------------------------------------------------------------
2023-01-30 18:48:17.644 [Info] Saving updated server variable values

--------------------------------------------------------------------------------
2023-01-30 18:48:17.644 [Info] Saving online users/players... (3ms)

--------------------------------------------------------------------------------
2023-01-30 18:48:17.660 [Debug] StatusChanged: [NetIncomingMessage #0 14 bytes] [Disconnected]

--------------------------------------------------------------------------------
2023-01-30 18:48:17.671 [Info] Saving loaded guilds....

--------------------------------------------------------------------------------
2023-01-30 18:48:17.671 [Info] Online users/players saved. (30ms)

--------------------------------------------------------------------------------
2023-01-30 18:48:17.672 [Info] Shutting down the API... (31ms)

--------------------------------------------------------------------------------
2023-01-30 18:48:17.675 [Info] Shutting down the console thread... (34ms)

--------------------------------------------------------------------------------
2023-01-30 18:48:18.687 [Info] Base dispose. (1045ms)

--------------------------------------------------------------------------------
2023-01-30 18:48:18.688 [Info] Finished disposing server context. (1046ms)

--------------------------------------------------------------------------------
