2023-01-30 18:52:57.281 [Debug] Loaded new formula from BaseExp * Power(Gain, Level).

--------------------------------------------------------------------------------
2023-01-30 18:52:57.287 [Debug] Loaded new formula from BaseExp * Power(Gain, Level).

--------------------------------------------------------------------------------
2023-01-30 18:52:59.279 [Warn] Directory was specified as a plugin directory but does not exist: 'resources\plugins'

--------------------------------------------------------------------------------
2023-01-30 18:52:59.286 [Info] Discovered 0 plugins:


--------------------------------------------------------------------------------
Listening on 0.0.0.0:5400.

--------------------------------------------------------------------------------
UPnP Service Initialization Succeeded

--------------------------------------------------------------------------------
Successfully auto port forwarded udp port 5400 using UPnP.

--------------------------------------------------------------------------------
Successfully auto port forwarded tcp port 5400 using UPnP.

--------------------------------------------------------------------------------
2023-01-30 18:53:02.163 [Debug] hail Time=57715 Offset=63810701515197 Real=63810701572912

--------------------------------------------------------------------------------
2023-01-30 18:53:02.163 [Debug] local Time=2949 Offset=63810701579202 Real=63810701582151

--------------------------------------------------------------------------------
2023-01-30 18:53:02.163 [Debug] real delta=9239

--------------------------------------------------------------------------------
2023-01-30 18:53:02.163 [Debug] NCPing=-1000

--------------------------------------------------------------------------------
2023-01-30 18:53:02.200 [Info] Connection approved [b993385f-ce8b-4bbb-8dbd-50e4be4404f4].

--------------------------------------------------------------------------------
2023-01-30 18:53:02.218 [Debug] Connection established to remote [b993385f-ce8b-4bbb-8dbd-50e4be4404f4/26.82.96.248:50427].

--------------------------------------------------------------------------------
2023-01-30 18:53:02.218 [Info] Connected [b993385f-ce8b-4bbb-8dbd-50e4be4404f4].

--------------------------------------------------------------------------------
2023-01-30 18:53:04.312 [Debug] Creating new instance with ID 00000000-0000-0000-0000-000000000000 for map New Map

--------------------------------------------------------------------------------
2023-01-30 18:53:04.322 [Debug] Creating new instance with ID 00000000-0000-0000-0000-000000000000 for map New Map

--------------------------------------------------------------------------------
2023-01-30 18:53:04.323 [Debug] Creating new instance with ID 00000000-0000-0000-0000-000000000000 for map New Map

--------------------------------------------------------------------------------
2023-01-30 18:53:04.323 [Debug] Creating new instance with ID 00000000-0000-0000-0000-000000000000 for map New Map

--------------------------------------------------------------------------------
2023-01-30 18:54:24.080 [Info] Acquiring context lock... (0ms)

--------------------------------------------------------------------------------
2023-01-30 18:54:24.080 [Info] Acquired. (0ms)

--------------------------------------------------------------------------------
2023-01-30 18:54:24.083 [Info] Beginning context dispose. (0ms)

--------------------------------------------------------------------------------
2023-01-30 18:54:24.086 [Info] Disposing network... (0ms)

--------------------------------------------------------------------------------
2023-01-30 18:54:24.089 [Debug] StatusChanged: [NetIncomingMessage #0 10 bytes] [Disconnecting]

--------------------------------------------------------------------------------
2023-01-30 18:54:24.090 [Info] Saving updated server variable values

--------------------------------------------------------------------------------
2023-01-30 18:54:24.090 [Info] Saving online users/players... (5ms)

--------------------------------------------------------------------------------
2023-01-30 18:54:24.106 [Debug] StatusChanged: [NetIncomingMessage #0 14 bytes] [Disconnected]

--------------------------------------------------------------------------------
2023-01-30 18:54:24.293 [Info] Saving loaded guilds....

--------------------------------------------------------------------------------
2023-01-30 18:54:24.294 [Info] Online users/players saved. (209ms)

--------------------------------------------------------------------------------
2023-01-30 18:54:24.298 [Info] Shutting down the API... (213ms)

--------------------------------------------------------------------------------
2023-01-30 18:54:24.303 [Info] Shutting down the console thread... (218ms)

--------------------------------------------------------------------------------
2023-01-30 18:54:25.310 [Info] Base dispose. (1225ms)

--------------------------------------------------------------------------------
2023-01-30 18:54:25.310 [Info] Finished disposing server context. (1225ms)

--------------------------------------------------------------------------------
