2023-01-28 13:57:08.169 [Debug] Loaded new formula from BaseExp * Power(Gain, Level).

--------------------------------------------------------------------------------
2023-01-28 13:57:08.174 [Debug] Loaded new formula from BaseExp * Power(Gain, Level).

--------------------------------------------------------------------------------
2023-01-28 13:57:09.602 [Info] Checking to see if there are any guilds exceeding the configured max bank size...

--------------------------------------------------------------------------------
2023-01-28 13:57:10.401 [Warn] Directory was specified as a plugin directory but does not exist: 'resources\plugins'

--------------------------------------------------------------------------------
2023-01-28 13:57:10.401 [Info] Discovered 0 plugins:


--------------------------------------------------------------------------------
Listening on 0.0.0.0:5400.

--------------------------------------------------------------------------------
2023-01-28 13:57:12.726 [Debug] hail Time=1629088 Offset=63810509393093 Real=63810511022181

--------------------------------------------------------------------------------
2023-01-28 13:57:12.726 [Debug] local Time=2396 Offset=63810511030330 Real=63810511032726

--------------------------------------------------------------------------------
2023-01-28 13:57:12.726 [Debug] real delta=10545

--------------------------------------------------------------------------------
2023-01-28 13:57:12.726 [Debug] NCPing=-1000

--------------------------------------------------------------------------------
2023-01-28 13:57:12.794 [Info] Connection approved [1169cebc-84e0-4531-b155-d62ceb7083a8].

--------------------------------------------------------------------------------
2023-01-28 13:57:13.014 [Debug] Connection established to remote [1169cebc-84e0-4531-b155-d62ceb7083a8/26.187.128.71:64517].

--------------------------------------------------------------------------------
2023-01-28 13:57:13.015 [Info] Connected [1169cebc-84e0-4531-b155-d62ceb7083a8].

--------------------------------------------------------------------------------
UPnP Service Initialization Failed. You might not have a router, or UPnP on your router might be disabled.
NatDeviceNotFoundException: Exception of type 'Open.Nat.NatDeviceNotFoundException' was thrown.
    Stack:    at Open.Nat.NatDiscoverer.<DiscoverDeviceAsync>d__5.MoveNext()
--- End of stack trace from previous location where exception was thrown ---
   at System.Runtime.ExceptionServices.ExceptionDispatchInfo.Throw()
   at System.Runtime.CompilerServices.TaskAwaiter.HandleNonSuccessAndDebuggerNotification(Task task)
   at System.Runtime.CompilerServices.TaskAwaiter`1.GetResult()
   at Intersect.Server.Networking.Helpers.UpnP.<ConnectNatDevice>d__4.MoveNext()


--------------------------------------------------------------------------------
2023-01-28 13:57:54.116 [Debug] StatusChanged: [NetIncomingMessage #0 14 bytes] [Disconnected]

--------------------------------------------------------------------------------
2023-01-28 13:57:54.117 [Debug] Connection terminated to remote [1169cebc-84e0-4531-b155-d62ceb7083a8/26.187.128.71:64517].

--------------------------------------------------------------------------------
2023-01-28 13:57:54.117 [Info] Disconnected [1169cebc-84e0-4531-b155-d62ceb7083a8].

--------------------------------------------------------------------------------
2023-01-28 13:57:54.117 [Debug] Client disconnected ([menu])

--------------------------------------------------------------------------------
2023-01-28 13:59:05.349 [Debug] hail Time=0 Offset=63810511145145 Real=63810511145145

--------------------------------------------------------------------------------
2023-01-28 13:59:05.349 [Debug] local Time=115007 Offset=63810511030330 Real=63810511145338

--------------------------------------------------------------------------------
2023-01-28 13:59:05.349 [Debug] real delta=192

--------------------------------------------------------------------------------
2023-01-28 13:59:05.349 [Debug] NCPing=-1000

--------------------------------------------------------------------------------
2023-01-28 13:59:05.349 [Info] Connection approved [ea78d62c-84f3-4fa0-813d-eae4b03427a9].

--------------------------------------------------------------------------------
2023-01-28 13:59:05.357 [Debug] Connection established to remote [ea78d62c-84f3-4fa0-813d-eae4b03427a9/26.82.96.248:57634].

--------------------------------------------------------------------------------
2023-01-28 13:59:05.357 [Info] Connected [ea78d62c-84f3-4fa0-813d-eae4b03427a9].

--------------------------------------------------------------------------------
2023-01-28 14:00:54.035 [Debug] Creating new instance with ID 00000000-0000-0000-0000-000000000000 for map New Map

--------------------------------------------------------------------------------
2023-01-28 14:00:54.043 [Debug] Creating new instance with ID 00000000-0000-0000-0000-000000000000 for map New Map

--------------------------------------------------------------------------------
2023-01-28 14:00:54.043 [Debug] Creating new instance with ID 00000000-0000-0000-0000-000000000000 for map New Map

--------------------------------------------------------------------------------
2023-01-28 14:00:54.043 [Debug] Creating new instance with ID 00000000-0000-0000-0000-000000000000 for map New Map

--------------------------------------------------------------------------------
2023-01-28 14:01:20.421 [Debug] Creating new instance with ID 00000000-0000-0000-0000-000000000000 for map Jobs

--------------------------------------------------------------------------------
2023-01-28 14:03:51.817 [Debug] hail Time=0 Offset=63810511431564 Real=63810511431564

--------------------------------------------------------------------------------
2023-01-28 14:03:51.818 [Debug] local Time=401480 Offset=63810511030330 Real=63810511431811

--------------------------------------------------------------------------------
2023-01-28 14:03:51.818 [Debug] real delta=246

--------------------------------------------------------------------------------
2023-01-28 14:03:51.818 [Debug] NCPing=-1000

--------------------------------------------------------------------------------
2023-01-28 14:03:51.818 [Info] Connection approved [cdd62f9d-78ec-49b0-82d4-e3dfab5b7a11].

--------------------------------------------------------------------------------
2023-01-28 14:03:51.831 [Debug] Connection established to remote [cdd62f9d-78ec-49b0-82d4-e3dfab5b7a11/26.82.96.248:59957].

--------------------------------------------------------------------------------
2023-01-28 14:03:51.832 [Info] Connected [cdd62f9d-78ec-49b0-82d4-e3dfab5b7a11].

--------------------------------------------------------------------------------
2023-01-28 14:06:19.647 [Debug] Creating new instance with ID 00000000-0000-0000-0000-000000000000 for map Test

--------------------------------------------------------------------------------
2023-01-28 14:18:59.558 [Debug] StatusChanged: [NetIncomingMessage #0 14 bytes] [Disconnected]

--------------------------------------------------------------------------------
2023-01-28 14:18:59.558 [Debug] Connection terminated to remote [ea78d62c-84f3-4fa0-813d-eae4b03427a9/26.82.96.248:57634].

--------------------------------------------------------------------------------
2023-01-28 14:18:59.558 [Info] Disconnected [ea78d62c-84f3-4fa0-813d-eae4b03427a9].

--------------------------------------------------------------------------------
2023-01-28 14:18:59.558 [Debug] Client disconnected (PCC->PCC)

--------------------------------------------------------------------------------
2023-01-28 14:20:01.940 [Debug] hail Time=1 Offset=63810512400142 Real=63810512400143

--------------------------------------------------------------------------------
2023-01-28 14:20:01.940 [Debug] local Time=1371609 Offset=63810511030330 Real=63810512401940

--------------------------------------------------------------------------------
2023-01-28 14:20:01.941 [Debug] real delta=1796

--------------------------------------------------------------------------------
2023-01-28 14:20:01.941 [Debug] NCPing=-1000

--------------------------------------------------------------------------------
2023-01-28 14:20:01.941 [Info] Connection approved [bec3a5fc-3809-459f-bbe3-5a898ce8e43c].

--------------------------------------------------------------------------------
2023-01-28 14:20:01.979 [Debug] Connection established to remote [bec3a5fc-3809-459f-bbe3-5a898ce8e43c/26.187.128.71:55120].

--------------------------------------------------------------------------------
2023-01-28 14:20:01.979 [Info] Connected [bec3a5fc-3809-459f-bbe3-5a898ce8e43c].

--------------------------------------------------------------------------------
2023-01-28 14:20:14.237 [Debug] hail Time=1 Offset=63810512412396 Real=63810512412397

--------------------------------------------------------------------------------
2023-01-28 14:20:14.237 [Debug] local Time=1383906 Offset=63810511030330 Real=63810512414237

--------------------------------------------------------------------------------
2023-01-28 14:20:14.237 [Debug] real delta=1839

--------------------------------------------------------------------------------
2023-01-28 14:20:14.237 [Debug] NCPing=-1000

--------------------------------------------------------------------------------
2023-01-28 14:20:14.237 [Info] Connection approved [e5ad2437-c90a-420c-a589-f6d2a1e7db2e].

--------------------------------------------------------------------------------
2023-01-28 14:20:14.291 [Debug] Connection established to remote [e5ad2437-c90a-420c-a589-f6d2a1e7db2e/26.187.128.71:55121].

--------------------------------------------------------------------------------
2023-01-28 14:20:14.291 [Info] Connected [e5ad2437-c90a-420c-a589-f6d2a1e7db2e].

--------------------------------------------------------------------------------
2023-01-28 14:20:22.283 [Debug] StatusChanged: [NetIncomingMessage #0 22 bytes] [Disconnected]

--------------------------------------------------------------------------------
2023-01-28 14:20:22.283 [Debug] Connection terminated to remote [bec3a5fc-3809-459f-bbe3-5a898ce8e43c/26.187.128.71:55120].

--------------------------------------------------------------------------------
2023-01-28 14:20:22.283 [Info] Disconnected [bec3a5fc-3809-459f-bbe3-5a898ce8e43c].

--------------------------------------------------------------------------------
2023-01-28 14:20:22.283 [Debug] Client disconnected ([menu])

--------------------------------------------------------------------------------
2023-01-28 14:20:53.523 [Debug] hail Time=0 Offset=63810512453316 Real=63810512453316

--------------------------------------------------------------------------------
2023-01-28 14:20:53.523 [Debug] local Time=1423179 Offset=63810511030330 Real=63810512453510

--------------------------------------------------------------------------------
2023-01-28 14:20:53.523 [Debug] real delta=194

--------------------------------------------------------------------------------
2023-01-28 14:20:53.523 [Debug] NCPing=-1000

--------------------------------------------------------------------------------
2023-01-28 14:20:53.523 [Info] Connection approved [f5c8d2c8-d7e5-4e36-8b30-8d25ab2e50b5].

--------------------------------------------------------------------------------
2023-01-28 14:20:53.530 [Debug] Connection established to remote [f5c8d2c8-d7e5-4e36-8b30-8d25ab2e50b5/26.82.96.248:49724].

--------------------------------------------------------------------------------
2023-01-28 14:20:53.530 [Info] Connected [f5c8d2c8-d7e5-4e36-8b30-8d25ab2e50b5].

--------------------------------------------------------------------------------
2023-01-28 14:22:30.339 [Debug] StatusChanged: [NetIncomingMessage #0 10 bytes] [Disconnected]

--------------------------------------------------------------------------------
2023-01-28 14:22:30.339 [Debug] Connection terminated to remote [e5ad2437-c90a-420c-a589-f6d2a1e7db2e/26.187.128.71:55121].

--------------------------------------------------------------------------------
2023-01-28 14:22:30.339 [Info] Disconnected [e5ad2437-c90a-420c-a589-f6d2a1e7db2e].

--------------------------------------------------------------------------------
2023-01-28 14:22:30.339 [Debug] Client disconnected (Shiro->Shiro)

--------------------------------------------------------------------------------
2023-01-28 14:22:36.595 [Debug] hail Time=0 Offset=63810512554673 Real=63810512554673

--------------------------------------------------------------------------------
2023-01-28 14:22:36.596 [Debug] local Time=1526265 Offset=63810511030330 Real=63810512556595

--------------------------------------------------------------------------------
2023-01-28 14:22:36.596 [Debug] real delta=1921

--------------------------------------------------------------------------------
2023-01-28 14:22:36.596 [Debug] NCPing=-1000

--------------------------------------------------------------------------------
2023-01-28 14:22:36.596 [Info] Connection approved [2cecfc7d-f254-4c4a-9174-d42a2aca401e].

--------------------------------------------------------------------------------
2023-01-28 14:22:36.632 [Debug] Connection established to remote [2cecfc7d-f254-4c4a-9174-d42a2aca401e/26.187.128.71:59275].

--------------------------------------------------------------------------------
2023-01-28 14:22:36.636 [Info] Connected [2cecfc7d-f254-4c4a-9174-d42a2aca401e].

--------------------------------------------------------------------------------
2023-01-28 15:16:11.980 [Debug] hail Time=0 Offset=63810515769934 Real=63810515769934

--------------------------------------------------------------------------------
2023-01-28 15:16:11.981 [Debug] local Time=4741651 Offset=63810511030330 Real=63810515771981

--------------------------------------------------------------------------------
2023-01-28 15:16:11.981 [Debug] real delta=2047

--------------------------------------------------------------------------------
2023-01-28 15:16:11.981 [Debug] NCPing=-1000

--------------------------------------------------------------------------------
2023-01-28 15:16:11.982 [Info] Connection approved [69038960-f197-474d-a4d9-c6630ed29442].

--------------------------------------------------------------------------------
2023-01-28 15:16:12.025 [Debug] Connection established to remote [69038960-f197-474d-a4d9-c6630ed29442/26.187.128.71:54260].

--------------------------------------------------------------------------------
2023-01-28 15:16:12.025 [Info] Connected [69038960-f197-474d-a4d9-c6630ed29442].

--------------------------------------------------------------------------------
2023-01-28 15:19:24.876 [Debug] StatusChanged: [NetIncomingMessage #0 10 bytes] [Disconnected]

--------------------------------------------------------------------------------
2023-01-28 15:19:24.876 [Debug] Connection terminated to remote [69038960-f197-474d-a4d9-c6630ed29442/26.187.128.71:54260].

--------------------------------------------------------------------------------
2023-01-28 15:19:24.876 [Info] Disconnected [69038960-f197-474d-a4d9-c6630ed29442].

--------------------------------------------------------------------------------
2023-01-28 15:19:24.876 [Debug] Client disconnected (Shiro->Shiro)

--------------------------------------------------------------------------------
2023-01-28 15:22:54.481 [Debug] StatusChanged: [NetIncomingMessage #0 10 bytes] [Disconnected]

--------------------------------------------------------------------------------
2023-01-28 15:22:54.481 [Debug] Connection terminated to remote [2cecfc7d-f254-4c4a-9174-d42a2aca401e/26.187.128.71:59275].

--------------------------------------------------------------------------------
2023-01-28 15:22:54.481 [Info] Disconnected [2cecfc7d-f254-4c4a-9174-d42a2aca401e].

--------------------------------------------------------------------------------
2023-01-28 15:22:54.481 [Debug] Client disconnected (Shiro->[editor])

--------------------------------------------------------------------------------
2023-01-28 15:35:16.729 [Debug] hail Time=0 Offset=63810516914595 Real=63810516914595

--------------------------------------------------------------------------------
2023-01-28 15:35:16.729 [Debug] local Time=5886398 Offset=63810511030330 Real=63810516916729

--------------------------------------------------------------------------------
2023-01-28 15:35:16.729 [Debug] real delta=2134

--------------------------------------------------------------------------------
2023-01-28 15:35:16.729 [Debug] NCPing=-1000

--------------------------------------------------------------------------------
2023-01-28 15:35:16.730 [Info] Connection approved [cd739c26-cdb3-4242-a310-fce8a46871c4].

--------------------------------------------------------------------------------
2023-01-28 15:35:16.782 [Debug] Connection established to remote [cd739c26-cdb3-4242-a310-fce8a46871c4/26.187.128.71:58227].

--------------------------------------------------------------------------------
2023-01-28 15:35:16.782 [Info] Connected [cd739c26-cdb3-4242-a310-fce8a46871c4].

--------------------------------------------------------------------------------
2023-01-28 15:40:11.775 [Debug] StatusChanged: [NetIncomingMessage #0 22 bytes] [Disconnected]

--------------------------------------------------------------------------------
2023-01-28 15:40:11.775 [Debug] Connection terminated to remote [cd739c26-cdb3-4242-a310-fce8a46871c4/26.187.128.71:58227].

--------------------------------------------------------------------------------
2023-01-28 15:40:11.775 [Info] Disconnected [cd739c26-cdb3-4242-a310-fce8a46871c4].

--------------------------------------------------------------------------------
2023-01-28 15:40:11.775 [Debug] Client disconnected (Shiro->[editor])

--------------------------------------------------------------------------------
2023-01-28 15:42:52.879 [Debug] hail Time=0 Offset=63810517370784 Real=63810517370784

--------------------------------------------------------------------------------
2023-01-28 15:42:52.879 [Debug] local Time=6342547 Offset=63810511030330 Real=63810517372878

--------------------------------------------------------------------------------
2023-01-28 15:42:52.879 [Debug] real delta=2093

--------------------------------------------------------------------------------
2023-01-28 15:42:52.879 [Debug] NCPing=-1000

--------------------------------------------------------------------------------
2023-01-28 15:42:52.880 [Info] Connection approved [0de188d1-1fe3-4d20-99e6-8bd46d8c67c6].

--------------------------------------------------------------------------------
2023-01-28 15:42:52.934 [Debug] Connection established to remote [0de188d1-1fe3-4d20-99e6-8bd46d8c67c6/26.187.128.71:64543].

--------------------------------------------------------------------------------
2023-01-28 15:42:52.934 [Info] Connected [0de188d1-1fe3-4d20-99e6-8bd46d8c67c6].

--------------------------------------------------------------------------------
2023-01-28 15:52:49.043 [Debug] StatusChanged: [NetIncomingMessage #0 10 bytes] [Disconnected]

--------------------------------------------------------------------------------
2023-01-28 15:52:49.043 [Debug] Connection terminated to remote [0de188d1-1fe3-4d20-99e6-8bd46d8c67c6/26.187.128.71:64543].

--------------------------------------------------------------------------------
2023-01-28 15:52:49.043 [Info] Disconnected [0de188d1-1fe3-4d20-99e6-8bd46d8c67c6].

--------------------------------------------------------------------------------
2023-01-28 15:52:49.043 [Debug] Client disconnected (Shiro->[editor])

--------------------------------------------------------------------------------
