2022-12-18 10:02:02.282 [Debug] Loaded new formula from BaseExp * Power(Gain, Level).

--------------------------------------------------------------------------------
2022-12-18 10:02:02.286 [Debug] Loaded new formula from BaseExp * Power(Gain, Level).

--------------------------------------------------------------------------------
2022-12-18 10:02:04.248 [Warn] Directory was specified as a plugin directory but does not exist: 'resources\plugins'

--------------------------------------------------------------------------------
2022-12-18 10:02:04.248 [Info] Discovered 0 plugins:


--------------------------------------------------------------------------------
Listening on 0.0.0.0:5400.

--------------------------------------------------------------------------------
UPnP Service Initialization Succeeded

--------------------------------------------------------------------------------
Failed to automatically port forward udp port 5400 using UPnP. (UPnP possibly disabled in your router settings, or this port might already be forwarded!)

--------------------------------------------------------------------------------
2022-12-18 10:02:04.950 [Warn] UPnP Could Not Open UDP Port 5400
Open.Nat.MappingException: Error 718: ConflictInMappingEntry
   at Open.Nat.SoapClient.GetXmlDocument(String response)
   at Open.Nat.SoapClient.<InvokeAsync>d__3.MoveNext()
--- End of stack trace from previous location where exception was thrown ---
   at System.Runtime.ExceptionServices.ExceptionDispatchInfo.Throw()
   at System.Runtime.CompilerServices.TaskAwaiter.HandleNonSuccessAndDebuggerNotification(Task task)
   at Open.Nat.StreamExtensions.<TimeoutAfter>d__7`1.MoveNext()
--- End of stack trace from previous location where exception was thrown ---
   at System.Runtime.ExceptionServices.ExceptionDispatchInfo.Throw()
   at System.Runtime.CompilerServices.TaskAwaiter.HandleNonSuccessAndDebuggerNotification(Task task)
   at Open.Nat.UpnpNatDevice.<CreatePortMapAsync>d__4.MoveNext()
--- End of stack trace from previous location where exception was thrown ---
   at System.Runtime.ExceptionServices.ExceptionDispatchInfo.Throw()
   at System.Runtime.CompilerServices.TaskAwaiter.HandleNonSuccessAndDebuggerNotification(Task task)
   at System.Runtime.CompilerServices.TaskAwaiter.GetResult()
   at Intersect.Server.Networking.Helpers.UpnP.<OpenServerPort>d__5.MoveNext()

--------------------------------------------------------------------------------
Failed to automatically port forward tcp port 5400 using UPnP. (UPnP possibly disabled in your router settings, or this port might already be forwarded!)

--------------------------------------------------------------------------------
2022-12-18 10:02:05.052 [Warn] UPnP Could Not Open TCP Port 5400
Open.Nat.MappingException: Error 718: ConflictInMappingEntry
   at Open.Nat.SoapClient.GetXmlDocument(String response)
   at Open.Nat.SoapClient.<InvokeAsync>d__3.MoveNext()
--- End of stack trace from previous location where exception was thrown ---
   at System.Runtime.ExceptionServices.ExceptionDispatchInfo.Throw()
   at System.Runtime.CompilerServices.TaskAwaiter.HandleNonSuccessAndDebuggerNotification(Task task)
   at Open.Nat.StreamExtensions.<TimeoutAfter>d__7`1.MoveNext()
--- End of stack trace from previous location where exception was thrown ---
   at System.Runtime.ExceptionServices.ExceptionDispatchInfo.Throw()
   at System.Runtime.CompilerServices.TaskAwaiter.HandleNonSuccessAndDebuggerNotification(Task task)
   at Open.Nat.UpnpNatDevice.<CreatePortMapAsync>d__4.MoveNext()
--- End of stack trace from previous location where exception was thrown ---
   at System.Runtime.ExceptionServices.ExceptionDispatchInfo.Throw()
   at System.Runtime.CompilerServices.TaskAwaiter.HandleNonSuccessAndDebuggerNotification(Task task)
   at System.Runtime.CompilerServices.TaskAwaiter.GetResult()
   at Intersect.Server.Networking.Helpers.UpnP.<OpenServerPort>d__5.MoveNext()

--------------------------------------------------------------------------------
2022-12-18 10:02:05.300 [Debug] hail Time=52 Offset=63806954524864 Real=63806954524917

--------------------------------------------------------------------------------
2022-12-18 10:02:05.301 [Debug] local Time=1117 Offset=63806954524183 Real=63806954525301

--------------------------------------------------------------------------------
2022-12-18 10:02:05.301 [Debug] real delta=383

--------------------------------------------------------------------------------
2022-12-18 10:02:05.301 [Debug] NCPing=-1000

--------------------------------------------------------------------------------
2022-12-18 10:02:05.344 [Info] Connection approved [93e1d812-fa50-4bd8-9aa0-f7b8bd893cbf].

--------------------------------------------------------------------------------
2022-12-18 10:02:05.355 [Debug] Connection established to remote [93e1d812-fa50-4bd8-9aa0-f7b8bd893cbf/127.0.0.1:50360].

--------------------------------------------------------------------------------
2022-12-18 10:02:05.356 [Info] Connected [93e1d812-fa50-4bd8-9aa0-f7b8bd893cbf].

--------------------------------------------------------------------------------
2022-12-18 10:02:11.129 [Debug] Creating new instance with ID 00000000-0000-0000-0000-000000000000 for map New Map

--------------------------------------------------------------------------------
2022-12-18 10:02:19.953 [Debug] StatusChanged: [NetIncomingMessage #0 14 bytes] [Disconnected]

--------------------------------------------------------------------------------
2022-12-18 10:02:19.953 [Debug] Connection terminated to remote [93e1d812-fa50-4bd8-9aa0-f7b8bd893cbf/127.0.0.1:50360].

--------------------------------------------------------------------------------
2022-12-18 10:02:19.954 [Info] Disconnected [93e1d812-fa50-4bd8-9aa0-f7b8bd893cbf].

--------------------------------------------------------------------------------
2022-12-18 10:02:19.954 [Debug] Client disconnected (PCC->Cac)

--------------------------------------------------------------------------------
2022-12-18 10:03:55.969 [Debug] hail Time=52 Offset=63806954635696 Real=63806954635749

--------------------------------------------------------------------------------
2022-12-18 10:03:55.969 [Debug] local Time=111785 Offset=63806954524183 Real=63806954635969

--------------------------------------------------------------------------------
2022-12-18 10:03:55.969 [Debug] real delta=219

--------------------------------------------------------------------------------
2022-12-18 10:03:55.969 [Debug] NCPing=-1000

--------------------------------------------------------------------------------
2022-12-18 10:03:55.970 [Info] Connection approved [3ef27171-6ed8-4f04-8610-66ebc3dd882d].

--------------------------------------------------------------------------------
2022-12-18 10:03:55.990 [Debug] Connection established to remote [3ef27171-6ed8-4f04-8610-66ebc3dd882d/127.0.0.1:56106].

--------------------------------------------------------------------------------
2022-12-18 10:03:55.990 [Info] Connected [3ef27171-6ed8-4f04-8610-66ebc3dd882d].

--------------------------------------------------------------------------------
2022-12-18 10:33:23.341 [Debug] StatusChanged: [NetIncomingMessage #275 14 bytes] [Disconnected]

--------------------------------------------------------------------------------
2022-12-18 10:33:23.341 [Debug] Connection terminated to remote [3ef27171-6ed8-4f04-8610-66ebc3dd882d/127.0.0.1:56106].

--------------------------------------------------------------------------------
2022-12-18 10:33:23.341 [Info] Disconnected [3ef27171-6ed8-4f04-8610-66ebc3dd882d].

--------------------------------------------------------------------------------
2022-12-18 10:33:23.341 [Debug] Client disconnected (PCC->Cac)

--------------------------------------------------------------------------------
2022-12-18 10:33:28.991 [Debug] hail Time=83 Offset=63806956408690 Real=63806956408774

--------------------------------------------------------------------------------
2022-12-18 10:33:28.991 [Debug] local Time=1884807 Offset=63806954524183 Real=63806956408991

--------------------------------------------------------------------------------
2022-12-18 10:33:28.991 [Debug] real delta=217

--------------------------------------------------------------------------------
2022-12-18 10:33:28.991 [Debug] NCPing=-1000

--------------------------------------------------------------------------------
2022-12-18 10:33:28.991 [Info] Connection approved [ee643211-027e-43af-9c2c-eaf998c256b3].

--------------------------------------------------------------------------------
2022-12-18 10:33:28.999 [Debug] Connection established to remote [ee643211-027e-43af-9c2c-eaf998c256b3/127.0.0.1:50773].

--------------------------------------------------------------------------------
2022-12-18 10:33:28.999 [Info] Connected [ee643211-027e-43af-9c2c-eaf998c256b3].

--------------------------------------------------------------------------------
2022-12-18 10:35:54.422 [Debug] StatusChanged: [NetIncomingMessage #0 14 bytes] [Disconnected]

--------------------------------------------------------------------------------
2022-12-18 10:35:54.423 [Debug] Connection terminated to remote [ee643211-027e-43af-9c2c-eaf998c256b3/127.0.0.1:50773].

--------------------------------------------------------------------------------
2022-12-18 10:35:54.423 [Info] Disconnected [ee643211-027e-43af-9c2c-eaf998c256b3].

--------------------------------------------------------------------------------
2022-12-18 10:35:54.423 [Debug] Client disconnected (PCC->Cac)

--------------------------------------------------------------------------------
2022-12-18 10:35:58.968 [Debug] hail Time=65 Offset=63806956558685 Real=63806956558751

--------------------------------------------------------------------------------
2022-12-18 10:35:58.968 [Debug] local Time=2034784 Offset=63806954524183 Real=63806956558968

--------------------------------------------------------------------------------
2022-12-18 10:35:58.968 [Debug] real delta=217

--------------------------------------------------------------------------------
2022-12-18 10:35:58.968 [Debug] NCPing=-1000

--------------------------------------------------------------------------------
2022-12-18 10:35:58.969 [Info] Connection approved [c6db4502-d0b4-422c-a7bf-86301183e381].

--------------------------------------------------------------------------------
2022-12-18 10:35:58.988 [Debug] Connection established to remote [c6db4502-d0b4-422c-a7bf-86301183e381/127.0.0.1:61103].

--------------------------------------------------------------------------------
2022-12-18 10:35:58.988 [Info] Connected [c6db4502-d0b4-422c-a7bf-86301183e381].

--------------------------------------------------------------------------------
2022-12-18 11:47:38.988 [Debug] StatusChanged: [NetIncomingMessage #0 14 bytes] [Disconnected]

--------------------------------------------------------------------------------
2022-12-18 11:47:38.988 [Debug] Connection terminated to remote [c6db4502-d0b4-422c-a7bf-86301183e381/127.0.0.1:61103].

--------------------------------------------------------------------------------
2022-12-18 11:47:38.988 [Info] Disconnected [c6db4502-d0b4-422c-a7bf-86301183e381].

--------------------------------------------------------------------------------
2022-12-18 11:47:38.988 [Debug] Client disconnected (PCC->Cac)

--------------------------------------------------------------------------------
2022-12-18 11:47:41.140 [Info] Acquiring context lock... (0ms)

--------------------------------------------------------------------------------
2022-12-18 11:47:41.140 [Info] Acquired. (0ms)

--------------------------------------------------------------------------------
2022-12-18 11:47:41.143 [Info] Beginning context dispose. (0ms)

--------------------------------------------------------------------------------
2022-12-18 11:47:41.145 [Info] Disposing network... (0ms)

--------------------------------------------------------------------------------
2022-12-18 11:47:41.149 [Info] Saving updated server variable values

--------------------------------------------------------------------------------
2022-12-18 11:47:41.149 [Info] Saving online users/players... (4ms)

--------------------------------------------------------------------------------
2022-12-18 11:47:41.149 [Info] Saving loaded guilds....

--------------------------------------------------------------------------------
2022-12-18 11:47:41.186 [Info] Online users/players saved. (41ms)

--------------------------------------------------------------------------------
2022-12-18 11:47:41.186 [Info] Shutting down the API... (41ms)

--------------------------------------------------------------------------------
2022-12-18 11:47:41.193 [Info] Shutting down the console thread... (48ms)

--------------------------------------------------------------------------------
2022-12-18 11:47:42.202 [Info] Base dispose. (1056ms)

--------------------------------------------------------------------------------
2022-12-18 11:47:42.202 [Info] Finished disposing server context. (1056ms)

--------------------------------------------------------------------------------
