2023-02-02 13:34:05.109 [Debug] Loaded new formula from BaseExp * Power(Gain, Level).

--------------------------------------------------------------------------------
2023-02-02 13:34:05.115 [Debug] Loaded new formula from BaseExp * Power(Gain, Level).

--------------------------------------------------------------------------------
2023-02-02 13:34:06.967 [Warn] Directory was specified as a plugin directory but does not exist: 'resources\plugins'

--------------------------------------------------------------------------------
2023-02-02 13:34:06.967 [Info] Discovered 0 plugins:


--------------------------------------------------------------------------------
Listening on 0.0.0.0:5400.

--------------------------------------------------------------------------------
UPnP Service Initialization Succeeded

--------------------------------------------------------------------------------
Successfully auto port forwarded udp port 5400 using UPnP.

--------------------------------------------------------------------------------
Successfully auto port forwarded tcp port 5400 using UPnP.

--------------------------------------------------------------------------------
2023-02-02 15:32:17.314 [Info] Acquiring context lock... (0ms)

--------------------------------------------------------------------------------
2023-02-02 15:32:17.314 [Info] Acquired. (0ms)

--------------------------------------------------------------------------------
2023-02-02 15:32:17.316 [Info] Beginning context dispose. (0ms)

--------------------------------------------------------------------------------
2023-02-02 15:32:17.321 [Info] Disposing network... (0ms)

--------------------------------------------------------------------------------
2023-02-02 15:32:17.323 [Info] Saving updated server variable values

--------------------------------------------------------------------------------
2023-02-02 15:32:17.323 [Info] Saving online users/players... (4ms)

--------------------------------------------------------------------------------
2023-02-02 15:32:17.376 [Info] Saving loaded guilds....

--------------------------------------------------------------------------------
2023-02-02 15:32:17.376 [Info] Online users/players saved. (57ms)

--------------------------------------------------------------------------------
2023-02-02 15:32:17.376 [Info] Shutting down the API... (57ms)

--------------------------------------------------------------------------------
2023-02-02 15:32:17.386 [Info] Shutting down the console thread... (66ms)

--------------------------------------------------------------------------------
2023-02-02 15:32:18.404 [Info] Base dispose. (1084ms)

--------------------------------------------------------------------------------
2023-02-02 15:32:18.404 [Info] Finished disposing server context. (1084ms)

--------------------------------------------------------------------------------
