2023-01-30 04:38:16.756 [Debug] Loaded new formula from BaseExp * Power(Gain, Level).

--------------------------------------------------------------------------------
2023-01-30 04:38:16.761 [Debug] Loaded new formula from BaseExp * Power(Gain, Level).

--------------------------------------------------------------------------------
2023-01-30 04:38:18.558 [Warn] Directory was specified as a plugin directory but does not exist: 'resources\plugins'

--------------------------------------------------------------------------------
2023-01-30 04:38:18.559 [Info] Discovered 0 plugins:


--------------------------------------------------------------------------------
Listening on 0.0.0.0:5400.

--------------------------------------------------------------------------------
2023-01-30 04:38:20.646 [Debug] hail Time=0 Offset=63810650288273 Real=63810650288273

--------------------------------------------------------------------------------
2023-01-30 04:38:20.646 [Debug] local Time=2150 Offset=63810650298495 Real=63810650300646

--------------------------------------------------------------------------------
2023-01-30 04:38:20.646 [Debug] real delta=12372

--------------------------------------------------------------------------------
2023-01-30 04:38:20.646 [Debug] NCPing=-1000

--------------------------------------------------------------------------------
2023-01-30 04:38:20.678 [Info] Connection approved [942d1897-a875-48fa-ae59-b1e5e303016e].

--------------------------------------------------------------------------------
2023-01-30 04:38:20.691 [Debug] Connection established to remote [942d1897-a875-48fa-ae59-b1e5e303016e/26.82.96.248:50843].

--------------------------------------------------------------------------------
2023-01-30 04:38:20.691 [Info] Connected [942d1897-a875-48fa-ae59-b1e5e303016e].

--------------------------------------------------------------------------------
UPnP Service Initialization Failed. You might not have a router, or UPnP on your router might be disabled.
NatDeviceNotFoundException: Exception of type 'Open.Nat.NatDeviceNotFoundException' was thrown.
    Stack:    at Open.Nat.NatDiscoverer.<DiscoverDeviceAsync>d__5.MoveNext()
--- End of stack trace from previous location where exception was thrown ---
   at System.Runtime.ExceptionServices.ExceptionDispatchInfo.Throw()
   at System.Runtime.CompilerServices.TaskAwaiter.HandleNonSuccessAndDebuggerNotification(Task task)
   at System.Runtime.CompilerServices.TaskAwaiter`1.GetResult()
   at Intersect.Server.Networking.Helpers.UpnP.<ConnectNatDevice>d__4.MoveNext()


--------------------------------------------------------------------------------
2023-01-30 04:38:23.818 [Debug] WebException: The remote name could not be resolved: 'status.freemmorpgmaker.com'
    Stack:    at System.Net.HttpWebRequest.GetResponse()
   at Intersect.Server.Networking.Helpers.PortChecker.CanYouSeeMe(Int32 port, String& externalIp)


--------------------------------------------------------------------------------
2023-01-30 04:38:34.112 [Debug] hail Time=0 Offset=63810650313896 Real=63810650313896

--------------------------------------------------------------------------------
2023-01-30 04:38:34.113 [Debug] local Time=15616 Offset=63810650298495 Real=63810650314112

--------------------------------------------------------------------------------
2023-01-30 04:38:34.113 [Debug] real delta=215

--------------------------------------------------------------------------------
2023-01-30 04:38:34.113 [Debug] NCPing=-1000

--------------------------------------------------------------------------------
2023-01-30 04:38:34.113 [Info] Connection approved [94aeabe1-1181-4b6c-9129-12bd50675acd].

--------------------------------------------------------------------------------
2023-01-30 04:38:34.132 [Debug] Connection established to remote [94aeabe1-1181-4b6c-9129-12bd50675acd/26.82.96.248:52296].

--------------------------------------------------------------------------------
2023-01-30 04:38:34.132 [Info] Connected [94aeabe1-1181-4b6c-9129-12bd50675acd].

--------------------------------------------------------------------------------
2023-01-30 04:39:03.807 [Debug] StatusChanged: [NetIncomingMessage #0 14 bytes] [Disconnected]

--------------------------------------------------------------------------------
2023-01-30 04:39:03.808 [Debug] Connection terminated to remote [94aeabe1-1181-4b6c-9129-12bd50675acd/26.82.96.248:52296].

--------------------------------------------------------------------------------
2023-01-30 04:39:03.808 [Info] Disconnected [94aeabe1-1181-4b6c-9129-12bd50675acd].

--------------------------------------------------------------------------------
2023-01-30 04:39:03.808 [Debug] Client disconnected ([menu])

--------------------------------------------------------------------------------
2023-01-30 05:21:04.835 [Debug] hail Time=0 Offset=63810652864617 Real=63810652864617

--------------------------------------------------------------------------------
2023-01-30 05:21:04.835 [Debug] local Time=2566330 Offset=63810650298495 Real=63810652864826

--------------------------------------------------------------------------------
2023-01-30 05:21:04.835 [Debug] real delta=209

--------------------------------------------------------------------------------
2023-01-30 05:21:04.835 [Debug] NCPing=-1000

--------------------------------------------------------------------------------
2023-01-30 05:21:04.835 [Info] Connection approved [60b5878e-190b-4ef3-a699-ab4687ad4b94].

--------------------------------------------------------------------------------
2023-01-30 05:21:04.846 [Debug] Connection established to remote [60b5878e-190b-4ef3-a699-ab4687ad4b94/26.82.96.248:54870].

--------------------------------------------------------------------------------
2023-01-30 05:21:04.846 [Info] Connected [60b5878e-190b-4ef3-a699-ab4687ad4b94].

--------------------------------------------------------------------------------
2023-01-30 05:31:02.343 [Debug] Creating new instance with ID 00000000-0000-0000-0000-000000000000 for map New Map

--------------------------------------------------------------------------------
2023-01-30 05:31:02.368 [Debug] Creating new instance with ID 00000000-0000-0000-0000-000000000000 for map New Map

--------------------------------------------------------------------------------
2023-01-30 05:31:02.369 [Debug] Creating new instance with ID 00000000-0000-0000-0000-000000000000 for map New Map

--------------------------------------------------------------------------------
2023-01-30 05:31:02.369 [Debug] Creating new instance with ID 00000000-0000-0000-0000-000000000000 for map New Map

--------------------------------------------------------------------------------
2023-01-30 06:03:17.564 [Debug] StatusChanged: [NetIncomingMessage #0 22 bytes] [Disconnected]

--------------------------------------------------------------------------------
2023-01-30 06:03:17.564 [Debug] Connection terminated to remote [60b5878e-190b-4ef3-a699-ab4687ad4b94/26.82.96.248:54870].

--------------------------------------------------------------------------------
2023-01-30 06:03:17.564 [Info] Disconnected [60b5878e-190b-4ef3-a699-ab4687ad4b94].

--------------------------------------------------------------------------------
2023-01-30 06:03:17.564 [Debug] Client disconnected (PCC->[editor])

--------------------------------------------------------------------------------
2023-01-30 06:03:17.564 [Debug] StatusChanged: [NetIncomingMessage #0 22 bytes] [Disconnected]

--------------------------------------------------------------------------------
2023-01-30 06:03:17.564 [Debug] Connection terminated to remote [942d1897-a875-48fa-ae59-b1e5e303016e/26.82.96.248:50843].

--------------------------------------------------------------------------------
2023-01-30 06:03:17.564 [Info] Disconnected [942d1897-a875-48fa-ae59-b1e5e303016e].

--------------------------------------------------------------------------------
2023-01-30 06:03:17.564 [Debug] Client disconnected ([menu])

--------------------------------------------------------------------------------
2023-01-30 06:03:23.646 [Debug] hail Time=5098971 Offset=63810650298601 Real=63810655397573

--------------------------------------------------------------------------------
2023-01-30 06:03:23.646 [Debug] local Time=5105139 Offset=63810650298495 Real=63810655403635

--------------------------------------------------------------------------------
2023-01-30 06:03:23.646 [Debug] real delta=6061

--------------------------------------------------------------------------------
2023-01-30 06:03:23.646 [Debug] NCPing=-1000

--------------------------------------------------------------------------------
2023-01-30 06:03:23.647 [Info] Connection approved [cbae816d-a7ce-43ce-a421-5582272cb222].

--------------------------------------------------------------------------------
2023-01-30 06:03:23.651 [Debug] Connection established to remote [cbae816d-a7ce-43ce-a421-5582272cb222/26.82.96.248:61237].

--------------------------------------------------------------------------------
2023-01-30 06:03:23.651 [Info] Connected [cbae816d-a7ce-43ce-a421-5582272cb222].

--------------------------------------------------------------------------------
2023-01-30 06:28:11.516 [Debug] StatusChanged: [NetIncomingMessage #0 22 bytes] [Disconnected]

--------------------------------------------------------------------------------
2023-01-30 06:28:11.516 [Debug] Connection terminated to remote [cbae816d-a7ce-43ce-a421-5582272cb222/26.82.96.248:61237].

--------------------------------------------------------------------------------
2023-01-30 06:28:11.516 [Info] Disconnected [cbae816d-a7ce-43ce-a421-5582272cb222].

--------------------------------------------------------------------------------
2023-01-30 06:28:11.516 [Debug] Client disconnected ([menu])

--------------------------------------------------------------------------------
2023-01-30 06:28:20.648 [Debug] hail Time=6593065 Offset=63810650298518 Real=63810656891584

--------------------------------------------------------------------------------
2023-01-30 06:28:20.648 [Debug] local Time=6602142 Offset=63810650298495 Real=63810656900638

--------------------------------------------------------------------------------
2023-01-30 06:28:20.648 [Debug] real delta=9054

--------------------------------------------------------------------------------
2023-01-30 06:28:20.648 [Debug] NCPing=-1000

--------------------------------------------------------------------------------
2023-01-30 06:28:20.648 [Info] Connection approved [d34ac0e3-55be-43e4-ab29-feb7dc9e8c1f].

--------------------------------------------------------------------------------
2023-01-30 06:28:20.654 [Debug] Connection established to remote [d34ac0e3-55be-43e4-ab29-feb7dc9e8c1f/26.82.96.248:57005].

--------------------------------------------------------------------------------
2023-01-30 06:28:20.654 [Info] Connected [d34ac0e3-55be-43e4-ab29-feb7dc9e8c1f].

--------------------------------------------------------------------------------
2023-01-30 06:30:09.273 [Info] Acquiring context lock... (0ms)

--------------------------------------------------------------------------------
2023-01-30 06:30:09.273 [Info] Acquired. (0ms)

--------------------------------------------------------------------------------
2023-01-30 06:30:09.274 [Info] Beginning context dispose. (0ms)

--------------------------------------------------------------------------------
2023-01-30 06:30:09.276 [Info] Disposing network... (0ms)

--------------------------------------------------------------------------------
2023-01-30 06:30:09.277 [Debug] StatusChanged: [NetIncomingMessage #0 10 bytes] [Disconnecting]

--------------------------------------------------------------------------------
2023-01-30 06:30:09.278 [Info] Saving updated server variable values

--------------------------------------------------------------------------------
2023-01-30 06:30:09.278 [Info] Saving online users/players... (2ms)

--------------------------------------------------------------------------------
2023-01-30 06:30:09.278 [Info] Saving loaded guilds....

--------------------------------------------------------------------------------
2023-01-30 06:30:09.278 [Info] Online users/players saved. (2ms)

--------------------------------------------------------------------------------
2023-01-30 06:30:09.278 [Info] Shutting down the API... (2ms)

--------------------------------------------------------------------------------
2023-01-30 06:30:09.282 [Info] Shutting down the console thread... (6ms)

--------------------------------------------------------------------------------
2023-01-30 06:30:09.292 [Debug] StatusChanged: [NetIncomingMessage #0 14 bytes] [Disconnected]

--------------------------------------------------------------------------------
2023-01-30 06:30:10.292 [Info] Base dispose. (1017ms)

--------------------------------------------------------------------------------
2023-01-30 06:30:10.292 [Info] Finished disposing server context. (1017ms)

--------------------------------------------------------------------------------
