2023-01-30 17:42:27.988 [Debug] Loaded new formula from BaseExp * Power(Gain, Level).

--------------------------------------------------------------------------------
2023-01-30 17:42:27.992 [Debug] Loaded new formula from BaseExp * Power(Gain, Level).

--------------------------------------------------------------------------------
2023-01-30 17:42:29.799 [Warn] Directory was specified as a plugin directory but does not exist: 'resources\plugins'

--------------------------------------------------------------------------------
2023-01-30 17:42:29.805 [Info] Discovered 0 plugins:


--------------------------------------------------------------------------------
Listening on 0.0.0.0:5400.

--------------------------------------------------------------------------------
UPnP Service Initialization Succeeded

--------------------------------------------------------------------------------
Successfully auto port forwarded udp port 5400 using UPnP.

--------------------------------------------------------------------------------
Successfully auto port forwarded tcp port 5400 using UPnP.

--------------------------------------------------------------------------------
2023-01-30 17:42:31.518 [Debug] hail Time=52525 Offset=63810697289764 Real=63810697342290

--------------------------------------------------------------------------------
2023-01-30 17:42:31.519 [Debug] local Time=1786 Offset=63810697349732 Real=63810697351519

--------------------------------------------------------------------------------
2023-01-30 17:42:31.519 [Debug] real delta=9229

--------------------------------------------------------------------------------
2023-01-30 17:42:31.519 [Debug] NCPing=-1000

--------------------------------------------------------------------------------
2023-01-30 17:42:31.552 [Info] Connection approved [816e3b8e-5e85-4f01-ac05-91dc844c6f1c].

--------------------------------------------------------------------------------
2023-01-30 17:42:31.569 [Debug] Connection established to remote [816e3b8e-5e85-4f01-ac05-91dc844c6f1c/26.82.96.248:54235].

--------------------------------------------------------------------------------
2023-01-30 17:42:31.569 [Info] Connected [816e3b8e-5e85-4f01-ac05-91dc844c6f1c].

--------------------------------------------------------------------------------
2023-01-30 17:42:35.125 [Debug] Creating new instance with ID 00000000-0000-0000-0000-000000000000 for map New Map

--------------------------------------------------------------------------------
2023-01-30 17:42:35.135 [Debug] Creating new instance with ID 00000000-0000-0000-0000-000000000000 for map New Map

--------------------------------------------------------------------------------
2023-01-30 17:42:35.135 [Debug] Creating new instance with ID 00000000-0000-0000-0000-000000000000 for map New Map

--------------------------------------------------------------------------------
2023-01-30 17:42:35.135 [Debug] Creating new instance with ID 00000000-0000-0000-0000-000000000000 for map New Map

--------------------------------------------------------------------------------
2023-01-30 17:42:52.523 [Debug] StatusChanged: [NetIncomingMessage #0 14 bytes] [Disconnected]

--------------------------------------------------------------------------------
2023-01-30 17:42:52.523 [Debug] Connection terminated to remote [816e3b8e-5e85-4f01-ac05-91dc844c6f1c/26.82.96.248:54235].

--------------------------------------------------------------------------------
2023-01-30 17:42:52.524 [Info] Disconnected [816e3b8e-5e85-4f01-ac05-91dc844c6f1c].

--------------------------------------------------------------------------------
2023-01-30 17:42:52.524 [Debug] Client disconnected (PCC->PCC)

--------------------------------------------------------------------------------
2023-01-30 17:43:43.474 [Info] Acquiring context lock... (0ms)

--------------------------------------------------------------------------------
2023-01-30 17:43:43.474 [Info] Acquired. (0ms)

--------------------------------------------------------------------------------
2023-01-30 17:43:43.476 [Info] Beginning context dispose. (0ms)

--------------------------------------------------------------------------------
2023-01-30 17:43:43.479 [Info] Disposing network... (0ms)

--------------------------------------------------------------------------------
2023-01-30 17:43:43.480 [Info] Saving updated server variable values

--------------------------------------------------------------------------------
2023-01-30 17:43:43.480 [Info] Saving online users/players... (2ms)

--------------------------------------------------------------------------------
2023-01-30 17:43:43.481 [Info] Saving loaded guilds....

--------------------------------------------------------------------------------
2023-01-30 17:43:43.481 [Info] Online users/players saved. (2ms)

--------------------------------------------------------------------------------
2023-01-30 17:43:43.481 [Info] Shutting down the API... (2ms)

--------------------------------------------------------------------------------
2023-01-30 17:43:43.482 [Info] Shutting down the console thread... (4ms)

--------------------------------------------------------------------------------
2023-01-30 17:43:44.492 [Info] Base dispose. (1014ms)

--------------------------------------------------------------------------------
2023-01-30 17:43:44.492 [Info] Finished disposing server context. (1014ms)

--------------------------------------------------------------------------------
