2023-01-30 13:24:10.797 [Warn] Directory was specified as a plugin directory but does not exist: 'resources\plugins'

--------------------------------------------------------------------------------
2023-01-30 13:24:10.797 [Info] Discovered 0 plugins:


--------------------------------------------------------------------------------
Listening on 0.0.0.0:5400.

--------------------------------------------------------------------------------
UPnP Service Initialization Failed. You might not have a router, or UPnP on your router might be disabled.
NatDeviceNotFoundException: Exception of type 'Open.Nat.NatDeviceNotFoundException' was thrown.
    Stack:    at Open.Nat.NatDiscoverer.<DiscoverDeviceAsync>d__5.MoveNext()
--- End of stack trace from previous location where exception was thrown ---
   at System.Runtime.ExceptionServices.ExceptionDispatchInfo.Throw()
   at System.Runtime.CompilerServices.TaskAwaiter.HandleNonSuccessAndDebuggerNotification(Task task)
   at Intersect.Server.Networking.Helpers.UpnP.<ConnectNatDevice>d__4.MoveNext()


--------------------------------------------------------------------------------
2023-01-30 13:24:16.186 [Info] Connection approved [5465d444-3d2d-4b7e-9afa-d7478cefe365].

--------------------------------------------------------------------------------
2023-01-30 13:24:16.211 [Info] Connected [5465d444-3d2d-4b7e-9afa-d7478cefe365].

--------------------------------------------------------------------------------
2023-01-30 13:24:26.692 [Info] Connection approved [7351c4f3-b268-42c2-b7fc-042c088e9643].

--------------------------------------------------------------------------------
2023-01-30 13:24:26.715 [Info] Connected [7351c4f3-b268-42c2-b7fc-042c088e9643].

--------------------------------------------------------------------------------
2023-01-30 13:24:47.517 [Info] Disconnected [5465d444-3d2d-4b7e-9afa-d7478cefe365].

--------------------------------------------------------------------------------
2023-01-30 13:24:48.242 [Info] Acquiring context lock... (0ms)

--------------------------------------------------------------------------------
2023-01-30 13:24:48.242 [Info] Acquired. (0ms)

--------------------------------------------------------------------------------
2023-01-30 13:24:48.242 [Info] Beginning context dispose. (0ms)

--------------------------------------------------------------------------------
2023-01-30 13:24:48.242 [Info] Disposing network... (1ms)

--------------------------------------------------------------------------------
2023-01-30 13:24:48.258 [Info] Saving updated server variable values

--------------------------------------------------------------------------------
2023-01-30 13:24:48.258 [Info] Saving online users/players... (6ms)

--------------------------------------------------------------------------------
2023-01-30 13:24:48.258 [Info] Saving loaded guilds....

--------------------------------------------------------------------------------
2023-01-30 13:24:48.258 [Info] Online users/players saved. (6ms)

--------------------------------------------------------------------------------
2023-01-30 13:24:48.258 [Info] Shutting down the API... (6ms)

--------------------------------------------------------------------------------
2023-01-30 13:24:48.258 [Info] Shutting down the console thread... (7ms)

--------------------------------------------------------------------------------
2023-01-30 13:24:49.262 [Info] Base dispose. (1008ms)

--------------------------------------------------------------------------------
2023-01-30 13:24:49.262 [Info] Finished disposing server context. (1008ms)

--------------------------------------------------------------------------------
