2023-01-27 13:58:29.189 [Debug] Loaded new formula from BaseExp * Power(Gain, Level).

--------------------------------------------------------------------------------
2023-01-27 13:58:29.194 [Debug] Loaded new formula from BaseExp * Power(Gain, Level).

--------------------------------------------------------------------------------
2023-01-27 13:58:31.077 [Warn] Directory was specified as a plugin directory but does not exist: 'resources\plugins'

--------------------------------------------------------------------------------
2023-01-27 13:58:31.077 [Info] Discovered 0 plugins:


--------------------------------------------------------------------------------
Listening on 0.0.0.0:5400.

--------------------------------------------------------------------------------
UPnP Service Initialization Failed. You might not have a router, or UPnP on your router might be disabled.
NatDeviceNotFoundException: Exception of type 'Open.Nat.NatDeviceNotFoundException' was thrown.
    Stack:    at Open.Nat.NatDiscoverer.<DiscoverDeviceAsync>d__5.MoveNext()
--- End of stack trace from previous location where exception was thrown ---
   at System.Runtime.ExceptionServices.ExceptionDispatchInfo.Throw()
   at System.Runtime.CompilerServices.TaskAwaiter.HandleNonSuccessAndDebuggerNotification(Task task)
   at System.Runtime.CompilerServices.TaskAwaiter`1.GetResult()
   at Intersect.Server.Networking.Helpers.UpnP.<ConnectNatDevice>d__4.MoveNext()


--------------------------------------------------------------------------------
2023-01-27 13:58:48.085 [Debug] hail Time=0 Offset=63810424727709 Real=63810424727709

--------------------------------------------------------------------------------
2023-01-27 13:58:48.085 [Debug] local Time=17076 Offset=63810424711007 Real=63810424728084

--------------------------------------------------------------------------------
2023-01-27 13:58:48.085 [Debug] real delta=374

--------------------------------------------------------------------------------
2023-01-27 13:58:48.085 [Debug] NCPing=-1000

--------------------------------------------------------------------------------
2023-01-27 13:58:48.154 [Info] Connection approved [a5e4d9ef-7f8f-4822-8396-33390667005d].

--------------------------------------------------------------------------------
2023-01-27 13:58:48.170 [Debug] Connection established to remote [a5e4d9ef-7f8f-4822-8396-33390667005d/26.82.96.248:49587].

--------------------------------------------------------------------------------
2023-01-27 13:58:48.171 [Info] Connected [a5e4d9ef-7f8f-4822-8396-33390667005d].

--------------------------------------------------------------------------------
2023-01-27 14:44:20.418 [Debug] Creating new instance with ID 00000000-0000-0000-0000-000000000000 for map New Map

--------------------------------------------------------------------------------
2023-01-27 14:44:28.349 [Debug] Creating new instance with ID 00000000-0000-0000-0000-000000000000 for map Test

--------------------------------------------------------------------------------
2023-01-27 14:49:38.688 [Debug] hail Time=0 Offset=63810427777065 Real=63810427777065

--------------------------------------------------------------------------------
2023-01-27 14:49:38.688 [Debug] local Time=3067680 Offset=63810424711007 Real=63810427778688

--------------------------------------------------------------------------------
2023-01-27 14:49:38.688 [Debug] real delta=1622

--------------------------------------------------------------------------------
2023-01-27 14:49:38.688 [Debug] NCPing=-1000

--------------------------------------------------------------------------------
2023-01-27 14:49:38.688 [Info] Connection approved [dc68bdaa-a6f8-4f47-a844-9e55e417760d].

--------------------------------------------------------------------------------
2023-01-27 14:49:38.749 [Debug] Connection established to remote [dc68bdaa-a6f8-4f47-a844-9e55e417760d/26.187.128.71:58622].

--------------------------------------------------------------------------------
2023-01-27 14:49:38.749 [Info] Connected [dc68bdaa-a6f8-4f47-a844-9e55e417760d].

--------------------------------------------------------------------------------
2023-01-27 14:50:55.351 [Debug] StatusChanged: [NetIncomingMessage #139 14 bytes] [Disconnected]

--------------------------------------------------------------------------------
2023-01-27 14:50:55.351 [Debug] Connection terminated to remote [dc68bdaa-a6f8-4f47-a844-9e55e417760d/26.187.128.71:58622].

--------------------------------------------------------------------------------
2023-01-27 14:50:55.352 [Info] Disconnected [dc68bdaa-a6f8-4f47-a844-9e55e417760d].

--------------------------------------------------------------------------------
2023-01-27 14:50:55.352 [Debug] Client disconnected (Admin->Admin)

--------------------------------------------------------------------------------
2023-01-27 14:53:03.938 [Debug] hail Time=0 Offset=63810427982337 Real=63810427982337

--------------------------------------------------------------------------------
2023-01-27 14:53:03.938 [Debug] local Time=3272930 Offset=63810424711007 Real=63810427983938

--------------------------------------------------------------------------------
2023-01-27 14:53:03.938 [Debug] real delta=1600

--------------------------------------------------------------------------------
2023-01-27 14:53:03.938 [Debug] NCPing=-1000

--------------------------------------------------------------------------------
2023-01-27 14:53:03.938 [Info] Connection approved [3986246e-d9bf-4c24-97ce-42b7c6ce13a3].

--------------------------------------------------------------------------------
2023-01-27 14:53:03.979 [Debug] Connection established to remote [3986246e-d9bf-4c24-97ce-42b7c6ce13a3/26.187.128.71:57400].

--------------------------------------------------------------------------------
2023-01-27 14:53:03.979 [Info] Connected [3986246e-d9bf-4c24-97ce-42b7c6ce13a3].

--------------------------------------------------------------------------------
2023-01-27 15:02:40.456 [Debug] StatusChanged: [NetIncomingMessage #50 14 bytes] [Disconnected]

--------------------------------------------------------------------------------
2023-01-27 15:02:40.457 [Debug] Connection terminated to remote [3986246e-d9bf-4c24-97ce-42b7c6ce13a3/26.187.128.71:57400].

--------------------------------------------------------------------------------
2023-01-27 15:02:40.457 [Info] Disconnected [3986246e-d9bf-4c24-97ce-42b7c6ce13a3].

--------------------------------------------------------------------------------
2023-01-27 15:02:40.457 [Debug] Client disconnected (Admin->Admin)

--------------------------------------------------------------------------------
2023-01-27 16:07:20.985 [Debug] hail Time=0 Offset=63810432439387 Real=63810432439387

--------------------------------------------------------------------------------
2023-01-27 16:07:20.985 [Debug] local Time=7729976 Offset=63810424711007 Real=63810432440984

--------------------------------------------------------------------------------
2023-01-27 16:07:20.985 [Debug] real delta=1597

--------------------------------------------------------------------------------
2023-01-27 16:07:20.985 [Debug] NCPing=-1000

--------------------------------------------------------------------------------
2023-01-27 16:07:20.986 [Info] Connection approved [62140cb4-0b98-4ad9-80f8-efd9a8877368].

--------------------------------------------------------------------------------
2023-01-27 16:07:21.037 [Debug] Connection established to remote [62140cb4-0b98-4ad9-80f8-efd9a8877368/26.187.128.71:63997].

--------------------------------------------------------------------------------
2023-01-27 16:07:21.037 [Info] Connected [62140cb4-0b98-4ad9-80f8-efd9a8877368].

--------------------------------------------------------------------------------
2023-01-27 16:09:57.437 [Debug] StatusChanged: [NetIncomingMessage #168 14 bytes] [Disconnected]

--------------------------------------------------------------------------------
2023-01-27 16:09:57.437 [Debug] Connection terminated to remote [62140cb4-0b98-4ad9-80f8-efd9a8877368/26.187.128.71:63997].

--------------------------------------------------------------------------------
2023-01-27 16:09:57.437 [Info] Disconnected [62140cb4-0b98-4ad9-80f8-efd9a8877368].

--------------------------------------------------------------------------------
2023-01-27 16:09:57.437 [Debug] Client disconnected ([menu])

--------------------------------------------------------------------------------
2023-01-27 17:03:42.676 [Debug] StatusChanged: [NetIncomingMessage #0 14 bytes] [Disconnected]

--------------------------------------------------------------------------------
2023-01-27 17:03:42.676 [Debug] Connection terminated to remote [a5e4d9ef-7f8f-4822-8396-33390667005d/26.82.96.248:49587].

--------------------------------------------------------------------------------
2023-01-27 17:03:42.676 [Info] Disconnected [a5e4d9ef-7f8f-4822-8396-33390667005d].

--------------------------------------------------------------------------------
2023-01-27 17:03:42.676 [Debug] Client disconnected (PCC->Cac)

--------------------------------------------------------------------------------
2023-01-27 17:06:50.318 [Debug] hail Time=0 Offset=63810436010099 Real=63810436010099

--------------------------------------------------------------------------------
2023-01-27 17:06:50.318 [Debug] local Time=11299307 Offset=63810424711007 Real=63810436010314

--------------------------------------------------------------------------------
2023-01-27 17:06:50.318 [Debug] real delta=215

--------------------------------------------------------------------------------
2023-01-27 17:06:50.318 [Debug] NCPing=-1000

--------------------------------------------------------------------------------
2023-01-27 17:06:50.319 [Info] Connection approved [8643e278-e186-46bf-99af-d635974482a1].

--------------------------------------------------------------------------------
2023-01-27 17:06:50.334 [Debug] Connection established to remote [8643e278-e186-46bf-99af-d635974482a1/26.82.96.248:52191].

--------------------------------------------------------------------------------
2023-01-27 17:06:50.334 [Info] Connected [8643e278-e186-46bf-99af-d635974482a1].

--------------------------------------------------------------------------------
2023-01-27 17:07:01.192 [Debug] StatusChanged: [NetIncomingMessage #26 14 bytes] [Disconnected]

--------------------------------------------------------------------------------
2023-01-27 17:07:01.192 [Debug] Connection terminated to remote [8643e278-e186-46bf-99af-d635974482a1/26.82.96.248:52191].

--------------------------------------------------------------------------------
2023-01-27 17:07:01.192 [Info] Disconnected [8643e278-e186-46bf-99af-d635974482a1].

--------------------------------------------------------------------------------
2023-01-27 17:07:01.192 [Debug] Client disconnected (PCC->Cac)

--------------------------------------------------------------------------------
2023-01-27 17:08:07.977 [Debug] hail Time=0 Offset=63810436087759 Real=63810436087759

--------------------------------------------------------------------------------
2023-01-27 17:08:07.978 [Debug] local Time=11376958 Offset=63810424711007 Real=63810436087966

--------------------------------------------------------------------------------
2023-01-27 17:08:07.978 [Debug] real delta=206

--------------------------------------------------------------------------------
2023-01-27 17:08:07.978 [Debug] NCPing=-1000

--------------------------------------------------------------------------------
2023-01-27 17:08:07.978 [Info] Connection approved [482de3ba-f297-4463-b0c1-babd4d955056].

--------------------------------------------------------------------------------
2023-01-27 17:08:07.986 [Debug] Connection established to remote [482de3ba-f297-4463-b0c1-babd4d955056/26.82.96.248:57558].

--------------------------------------------------------------------------------
2023-01-27 17:08:07.986 [Info] Connected [482de3ba-f297-4463-b0c1-babd4d955056].

--------------------------------------------------------------------------------
2023-01-27 17:11:21.292 [Info] Acquiring context lock... (0ms)

--------------------------------------------------------------------------------
2023-01-27 17:11:21.294 [Info] Acquired. (0ms)

--------------------------------------------------------------------------------
2023-01-27 17:11:21.296 [Info] Beginning context dispose. (0ms)

--------------------------------------------------------------------------------
2023-01-27 17:11:21.298 [Info] Disposing network... (0ms)

--------------------------------------------------------------------------------
2023-01-27 17:11:21.300 [Debug] StatusChanged: [NetIncomingMessage #0 10 bytes] [Disconnecting]

--------------------------------------------------------------------------------
2023-01-27 17:11:21.301 [Info] Saving updated server variable values

--------------------------------------------------------------------------------
2023-01-27 17:11:21.301 [Info] Saving online users/players... (3ms)

--------------------------------------------------------------------------------
2023-01-27 17:11:21.311 [Debug] StatusChanged: [NetIncomingMessage #0 14 bytes] [Disconnected]

--------------------------------------------------------------------------------
2023-01-27 17:11:21.480 [Info] Saving loaded guilds....

--------------------------------------------------------------------------------
2023-01-27 17:11:21.500 [Info] Online users/players saved. (202ms)

--------------------------------------------------------------------------------
2023-01-27 17:11:21.500 [Info] Shutting down the API... (202ms)

--------------------------------------------------------------------------------
2023-01-27 17:11:21.502 [Info] Shutting down the console thread... (204ms)

--------------------------------------------------------------------------------
2023-01-27 17:11:22.518 [Info] Base dispose. (1220ms)

--------------------------------------------------------------------------------
2023-01-27 17:11:22.518 [Info] Finished disposing server context. (1220ms)

--------------------------------------------------------------------------------
