2023-01-30 14:24:13.391 [Debug] Loaded new formula from BaseExp * Power(Gain, Level).

--------------------------------------------------------------------------------
2023-01-30 14:24:13.395 [Debug] Loaded new formula from BaseExp * Power(Gain, Level).

--------------------------------------------------------------------------------
2023-01-30 14:24:15.153 [Warn] Directory was specified as a plugin directory but does not exist: 'resources\plugins'

--------------------------------------------------------------------------------
2023-01-30 14:24:15.159 [Info] Discovered 0 plugins:


--------------------------------------------------------------------------------
Listening on 0.0.0.0:5400.

--------------------------------------------------------------------------------
UPnP Service Initialization Succeeded

--------------------------------------------------------------------------------
Successfully auto port forwarded udp port 5400 using UPnP.

--------------------------------------------------------------------------------
Successfully auto port forwarded tcp port 5400 using UPnP.

--------------------------------------------------------------------------------
2023-01-30 14:24:41.027 [Debug] hail Time=0 Offset=63810685480650 Real=63810685480650

--------------------------------------------------------------------------------
2023-01-30 14:24:41.027 [Debug] local Time=25924 Offset=63810685455101 Real=63810685481026

--------------------------------------------------------------------------------
2023-01-30 14:24:41.027 [Debug] real delta=375

--------------------------------------------------------------------------------
2023-01-30 14:24:41.027 [Debug] NCPing=-1000

--------------------------------------------------------------------------------
2023-01-30 14:24:41.067 [Info] Connection approved [4a52a33c-a780-45ca-822d-f25c8b09e6b4].

--------------------------------------------------------------------------------
2023-01-30 14:24:41.083 [Debug] Connection established to remote [4a52a33c-a780-45ca-822d-f25c8b09e6b4/26.82.96.248:59914].

--------------------------------------------------------------------------------
2023-01-30 14:24:41.083 [Info] Connected [4a52a33c-a780-45ca-822d-f25c8b09e6b4].

--------------------------------------------------------------------------------
2023-01-30 14:24:43.833 [Debug] Creating new instance with ID 00000000-0000-0000-0000-000000000000 for map New Map

--------------------------------------------------------------------------------
2023-01-30 14:24:56.057 [Debug] hail Time=0 Offset=63810685495838 Real=63810685495838

--------------------------------------------------------------------------------
2023-01-30 14:24:56.057 [Debug] local Time=40955 Offset=63810685455101 Real=63810685496057

--------------------------------------------------------------------------------
2023-01-30 14:24:56.057 [Debug] real delta=219

--------------------------------------------------------------------------------
2023-01-30 14:24:56.057 [Debug] NCPing=-1000

--------------------------------------------------------------------------------
2023-01-30 14:24:56.057 [Info] Connection approved [e4e61e13-105b-4df9-8aa0-203551c92fad].

--------------------------------------------------------------------------------
2023-01-30 14:24:56.068 [Debug] Connection established to remote [e4e61e13-105b-4df9-8aa0-203551c92fad/26.82.96.248:51857].

--------------------------------------------------------------------------------
2023-01-30 14:24:56.068 [Info] Connected [e4e61e13-105b-4df9-8aa0-203551c92fad].

--------------------------------------------------------------------------------
2023-01-30 14:29:29.703 [Info] Acquiring context lock... (0ms)

--------------------------------------------------------------------------------
2023-01-30 14:29:29.703 [Info] Acquired. (0ms)

--------------------------------------------------------------------------------
2023-01-30 14:29:29.705 [Info] Beginning context dispose. (0ms)

--------------------------------------------------------------------------------
2023-01-30 14:29:29.707 [Info] Disposing network... (0ms)

--------------------------------------------------------------------------------
2023-01-30 14:29:29.709 [Debug] StatusChanged: [NetIncomingMessage #0 10 bytes] [Disconnecting]

--------------------------------------------------------------------------------
2023-01-30 14:29:29.709 [Debug] StatusChanged: [NetIncomingMessage #0 10 bytes] [Disconnecting]

--------------------------------------------------------------------------------
2023-01-30 14:29:29.710 [Info] Saving updated server variable values

--------------------------------------------------------------------------------
2023-01-30 14:29:29.710 [Info] Saving online users/players... (2ms)

--------------------------------------------------------------------------------
2023-01-30 14:29:29.721 [Debug] StatusChanged: [NetIncomingMessage #0 14 bytes] [Disconnected]

--------------------------------------------------------------------------------
2023-01-30 14:29:29.723 [Debug] StatusChanged: [NetIncomingMessage #0 14 bytes] [Disconnected]

--------------------------------------------------------------------------------
2023-01-30 14:29:29.752 [Info] Saving loaded guilds....

--------------------------------------------------------------------------------
2023-01-30 14:29:29.752 [Info] Online users/players saved. (46ms)

--------------------------------------------------------------------------------
2023-01-30 14:29:29.761 [Info] Shutting down the API... (54ms)

--------------------------------------------------------------------------------
2023-01-30 14:29:29.765 [Info] Shutting down the console thread... (58ms)

--------------------------------------------------------------------------------
2023-01-30 14:29:30.775 [Info] Base dispose. (1067ms)

--------------------------------------------------------------------------------
2023-01-30 14:29:30.775 [Info] Finished disposing server context. (1067ms)

--------------------------------------------------------------------------------
