2023-02-04 05:14:50.322 [Debug] Loaded new formula from BaseExp * Power(Gain, Level).

--------------------------------------------------------------------------------
2023-02-04 05:14:50.328 [Debug] Loaded new formula from BaseExp * Power(Gain, Level).

--------------------------------------------------------------------------------
2023-02-04 05:14:52.649 [Warn] Directory was specified as a plugin directory but does not exist: 'resources\plugins'

--------------------------------------------------------------------------------
2023-02-04 05:14:52.655 [Info] Discovered 0 plugins:


--------------------------------------------------------------------------------
Listening on 0.0.0.0:5400.

--------------------------------------------------------------------------------
2023-02-04 05:14:55.575 [Debug] hail Time=134884 Offset=63811084351408 Real=63811084486292

--------------------------------------------------------------------------------
2023-02-04 05:14:55.575 [Debug] local Time=3028 Offset=63811084492547 Real=63811084495575

--------------------------------------------------------------------------------
2023-02-04 05:14:55.575 [Debug] real delta=9283

--------------------------------------------------------------------------------
2023-02-04 05:14:55.575 [Debug] NCPing=-1000

--------------------------------------------------------------------------------
2023-02-04 05:14:55.619 [Info] Connection approved [5345356a-eda6-4b55-8727-7335599484ae].

--------------------------------------------------------------------------------
2023-02-04 05:14:55.634 [Debug] Connection established to remote [5345356a-eda6-4b55-8727-7335599484ae/26.82.96.248:64848].

--------------------------------------------------------------------------------
2023-02-04 05:14:55.635 [Info] Connected [5345356a-eda6-4b55-8727-7335599484ae].

--------------------------------------------------------------------------------
2023-02-04 05:14:57.775 [Debug] Creating new instance with ID 00000000-0000-0000-0000-000000000000 for map New Map

--------------------------------------------------------------------------------
2023-02-04 05:14:57.794 [Debug] Creating new instance with ID 00000000-0000-0000-0000-000000000000 for map New Map

--------------------------------------------------------------------------------
2023-02-04 05:14:57.794 [Debug] Creating new instance with ID 00000000-0000-0000-0000-000000000000 for map New Map

--------------------------------------------------------------------------------
2023-02-04 05:14:57.794 [Debug] Creating new instance with ID 00000000-0000-0000-0000-000000000000 for map New Map

--------------------------------------------------------------------------------
UPnP Service Initialization Failed. You might not have a router, or UPnP on your router might be disabled.
NatDeviceNotFoundException: Exception of type 'Open.Nat.NatDeviceNotFoundException' was thrown.
    Stack:    at Open.Nat.NatDiscoverer.<DiscoverDeviceAsync>d__5.MoveNext()
--- End of stack trace from previous location where exception was thrown ---
   at System.Runtime.ExceptionServices.ExceptionDispatchInfo.Throw()
   at System.Runtime.CompilerServices.TaskAwaiter.HandleNonSuccessAndDebuggerNotification(Task task)
   at System.Runtime.CompilerServices.TaskAwaiter`1.GetResult()
   at Intersect.Server.Networking.Helpers.UpnP.<ConnectNatDevice>d__4.MoveNext()


--------------------------------------------------------------------------------
2023-02-04 05:15:30.359 [Debug] StatusChanged: [NetIncomingMessage #61 14 bytes] [Disconnected]

--------------------------------------------------------------------------------
2023-02-04 05:15:30.359 [Debug] Connection terminated to remote [5345356a-eda6-4b55-8727-7335599484ae/26.82.96.248:64848].

--------------------------------------------------------------------------------
2023-02-04 05:15:30.360 [Info] Disconnected [5345356a-eda6-4b55-8727-7335599484ae].

--------------------------------------------------------------------------------
2023-02-04 05:15:30.360 [Debug] Client disconnected (PCC->PCC)

--------------------------------------------------------------------------------
2023-02-04 05:16:14.648 [Info] Acquiring context lock... (0ms)

--------------------------------------------------------------------------------
2023-02-04 05:16:14.648 [Info] Acquired. (0ms)

--------------------------------------------------------------------------------
2023-02-04 05:16:14.650 [Info] Beginning context dispose. (0ms)

--------------------------------------------------------------------------------
2023-02-04 05:16:14.653 [Info] Disposing network... (0ms)

--------------------------------------------------------------------------------
2023-02-04 05:16:14.656 [Info] Saving updated server variable values

--------------------------------------------------------------------------------
2023-02-04 05:16:14.656 [Info] Saving online users/players... (2ms)

--------------------------------------------------------------------------------
2023-02-04 05:16:14.656 [Info] Saving loaded guilds....

--------------------------------------------------------------------------------
2023-02-04 05:16:14.656 [Info] Online users/players saved. (3ms)

--------------------------------------------------------------------------------
2023-02-04 05:16:14.656 [Info] Shutting down the API... (3ms)

--------------------------------------------------------------------------------
2023-02-04 05:16:14.662 [Info] Shutting down the console thread... (9ms)

--------------------------------------------------------------------------------
2023-02-04 05:16:15.667 [Info] Base dispose. (1014ms)

--------------------------------------------------------------------------------
2023-02-04 05:16:15.667 [Info] Finished disposing server context. (1014ms)

--------------------------------------------------------------------------------
