2023-02-04 13:34:13.478 [Debug] Loaded new formula from BaseExp * Power(Gain, Level).

--------------------------------------------------------------------------------
2023-02-04 13:34:13.483 [Debug] Loaded new formula from BaseExp * Power(Gain, Level).

--------------------------------------------------------------------------------
2023-02-04 13:34:15.698 [Warn] Directory was specified as a plugin directory but does not exist: 'resources\plugins'

--------------------------------------------------------------------------------
2023-02-04 13:34:15.698 [Info] Discovered 0 plugins:


--------------------------------------------------------------------------------
Listening on 0.0.0.0:5400.

--------------------------------------------------------------------------------
2023-02-04 13:34:16.721 [Debug] hail Time=69 Offset=63811114447251 Real=63811114447321

--------------------------------------------------------------------------------
2023-02-04 13:34:16.721 [Debug] local Time=1108 Offset=63811114455612 Real=63811114456721

--------------------------------------------------------------------------------
2023-02-04 13:34:16.721 [Debug] real delta=9399

--------------------------------------------------------------------------------
2023-02-04 13:34:16.721 [Debug] NCPing=-1000

--------------------------------------------------------------------------------
2023-02-04 13:34:16.755 [Info] Connection approved [c1d9755f-4b3e-4ff6-a636-feae792df21d].

--------------------------------------------------------------------------------
2023-02-04 13:34:16.775 [Debug] Connection established to remote [c1d9755f-4b3e-4ff6-a636-feae792df21d/26.82.96.248:53457].

--------------------------------------------------------------------------------
2023-02-04 13:34:16.776 [Info] Connected [c1d9755f-4b3e-4ff6-a636-feae792df21d].

--------------------------------------------------------------------------------
2023-02-04 13:34:19.959 [Debug] Creating new instance with ID 00000000-0000-0000-0000-000000000000 for map New Map

--------------------------------------------------------------------------------
2023-02-04 13:34:19.976 [Debug] Creating new instance with ID 00000000-0000-0000-0000-000000000000 for map New Map

--------------------------------------------------------------------------------
2023-02-04 13:34:19.976 [Debug] Creating new instance with ID 00000000-0000-0000-0000-000000000000 for map New Map

--------------------------------------------------------------------------------
2023-02-04 13:34:19.976 [Debug] Creating new instance with ID 00000000-0000-0000-0000-000000000000 for map New Map

--------------------------------------------------------------------------------
UPnP Service Initialization Failed. You might not have a router, or UPnP on your router might be disabled.
NatDeviceNotFoundException: Exception of type 'Open.Nat.NatDeviceNotFoundException' was thrown.
    Stack:    at Open.Nat.NatDiscoverer.<DiscoverDeviceAsync>d__5.MoveNext()
--- End of stack trace from previous location where exception was thrown ---
   at System.Runtime.ExceptionServices.ExceptionDispatchInfo.Throw()
   at System.Runtime.CompilerServices.TaskAwaiter.HandleNonSuccessAndDebuggerNotification(Task task)
   at System.Runtime.CompilerServices.TaskAwaiter`1.GetResult()
   at Intersect.Server.Networking.Helpers.UpnP.<ConnectNatDevice>d__4.MoveNext()


--------------------------------------------------------------------------------
2023-02-04 13:36:26.573 [Debug] StatusChanged: [NetIncomingMessage #127 14 bytes] [Disconnected]

--------------------------------------------------------------------------------
2023-02-04 13:36:26.573 [Debug] Connection terminated to remote [c1d9755f-4b3e-4ff6-a636-feae792df21d/26.82.96.248:53457].

--------------------------------------------------------------------------------
2023-02-04 13:36:26.573 [Info] Disconnected [c1d9755f-4b3e-4ff6-a636-feae792df21d].

--------------------------------------------------------------------------------
2023-02-04 13:36:26.573 [Debug] Client disconnected (PCC->PCC)

--------------------------------------------------------------------------------
2023-02-04 13:36:34.631 [Debug] hail Time=75 Offset=63811114594360 Real=63811114594436

--------------------------------------------------------------------------------
2023-02-04 13:36:34.631 [Debug] local Time=139017 Offset=63811114455612 Real=63811114594630

--------------------------------------------------------------------------------
2023-02-04 13:36:34.631 [Debug] real delta=193

--------------------------------------------------------------------------------
2023-02-04 13:36:34.631 [Debug] NCPing=-1000

--------------------------------------------------------------------------------
2023-02-04 13:36:34.632 [Info] Connection approved [8864ac62-949a-47ba-a2f3-0a1531d3c0ee].

--------------------------------------------------------------------------------
2023-02-04 13:36:34.650 [Debug] Connection established to remote [8864ac62-949a-47ba-a2f3-0a1531d3c0ee/26.82.96.248:60675].

--------------------------------------------------------------------------------
2023-02-04 13:36:34.650 [Info] Connected [8864ac62-949a-47ba-a2f3-0a1531d3c0ee].

--------------------------------------------------------------------------------
2023-02-04 13:37:08.236 [Debug] StatusChanged: [NetIncomingMessage #56 14 bytes] [Disconnected]

--------------------------------------------------------------------------------
2023-02-04 13:37:08.236 [Debug] Connection terminated to remote [8864ac62-949a-47ba-a2f3-0a1531d3c0ee/26.82.96.248:60675].

--------------------------------------------------------------------------------
2023-02-04 13:37:08.236 [Info] Disconnected [8864ac62-949a-47ba-a2f3-0a1531d3c0ee].

--------------------------------------------------------------------------------
2023-02-04 13:37:08.236 [Debug] Client disconnected (PCC->PCC)

--------------------------------------------------------------------------------
2023-02-04 13:37:31.575 [Debug] hail Time=0 Offset=63811114651339 Real=63811114651339

--------------------------------------------------------------------------------
2023-02-04 13:37:31.575 [Debug] local Time=195949 Offset=63811114455612 Real=63811114651561

--------------------------------------------------------------------------------
2023-02-04 13:37:31.575 [Debug] real delta=222

--------------------------------------------------------------------------------
2023-02-04 13:37:31.575 [Debug] NCPing=-1000

--------------------------------------------------------------------------------
2023-02-04 13:37:31.575 [Info] Connection approved [b77becaa-6952-4f02-a560-8e50454166fe].

--------------------------------------------------------------------------------
2023-02-04 13:37:31.582 [Debug] Connection established to remote [b77becaa-6952-4f02-a560-8e50454166fe/26.82.96.248:59023].

--------------------------------------------------------------------------------
2023-02-04 13:37:31.582 [Info] Connected [b77becaa-6952-4f02-a560-8e50454166fe].

--------------------------------------------------------------------------------
2023-02-04 13:39:30.456 [Debug] hail Time=55 Offset=63811114770195 Real=63811114770250

--------------------------------------------------------------------------------
2023-02-04 13:39:30.456 [Debug] local Time=314844 Offset=63811114455612 Real=63811114770456

--------------------------------------------------------------------------------
2023-02-04 13:39:30.456 [Debug] real delta=206

--------------------------------------------------------------------------------
2023-02-04 13:39:30.458 [Debug] NCPing=-1000

--------------------------------------------------------------------------------
2023-02-04 13:39:30.458 [Info] Connection approved [dbb699d2-5ea0-4985-8a83-41e91ff7f502].

--------------------------------------------------------------------------------
2023-02-04 13:39:30.468 [Debug] Connection established to remote [dbb699d2-5ea0-4985-8a83-41e91ff7f502/26.82.96.248:49636].

--------------------------------------------------------------------------------
2023-02-04 13:39:30.468 [Info] Connected [dbb699d2-5ea0-4985-8a83-41e91ff7f502].

--------------------------------------------------------------------------------
2023-02-04 13:39:49.875 [Debug] StatusChanged: [NetIncomingMessage #230 14 bytes] [Disconnected]

--------------------------------------------------------------------------------
2023-02-04 13:39:49.875 [Debug] Connection terminated to remote [dbb699d2-5ea0-4985-8a83-41e91ff7f502/26.82.96.248:49636].

--------------------------------------------------------------------------------
2023-02-04 13:39:49.875 [Info] Disconnected [dbb699d2-5ea0-4985-8a83-41e91ff7f502].

--------------------------------------------------------------------------------
2023-02-04 13:39:49.875 [Debug] Client disconnected (PCC->PCC)

--------------------------------------------------------------------------------
2023-02-04 13:40:39.886 [Debug] hail Time=128 Offset=63811114839542 Real=63811114839671

--------------------------------------------------------------------------------
2023-02-04 13:40:39.887 [Debug] local Time=384272 Offset=63811114455612 Real=63811114839884

--------------------------------------------------------------------------------
2023-02-04 13:40:39.887 [Debug] real delta=213

--------------------------------------------------------------------------------
2023-02-04 13:40:39.887 [Debug] NCPing=-1000

--------------------------------------------------------------------------------
2023-02-04 13:40:39.887 [Info] Connection approved [206b90e2-bf8a-4d40-9273-7b160a109204].

--------------------------------------------------------------------------------
2023-02-04 13:40:39.906 [Debug] Connection established to remote [206b90e2-bf8a-4d40-9273-7b160a109204/26.82.96.248:56731].

--------------------------------------------------------------------------------
2023-02-04 13:40:39.906 [Info] Connected [206b90e2-bf8a-4d40-9273-7b160a109204].

--------------------------------------------------------------------------------
2023-02-04 13:41:52.304 [Debug] StatusChanged: [NetIncomingMessage #173 14 bytes] [Disconnected]

--------------------------------------------------------------------------------
2023-02-04 13:41:52.304 [Debug] Connection terminated to remote [206b90e2-bf8a-4d40-9273-7b160a109204/26.82.96.248:56731].

--------------------------------------------------------------------------------
2023-02-04 13:41:52.304 [Info] Disconnected [206b90e2-bf8a-4d40-9273-7b160a109204].

--------------------------------------------------------------------------------
2023-02-04 13:41:52.304 [Debug] Client disconnected (PCC->PCC)

--------------------------------------------------------------------------------
2023-02-04 13:47:48.441 [Debug] hail Time=55 Offset=63811115268185 Real=63811115268241

--------------------------------------------------------------------------------
2023-02-04 13:47:48.442 [Debug] local Time=812830 Offset=63811114455612 Real=63811115268442

--------------------------------------------------------------------------------
2023-02-04 13:47:48.442 [Debug] real delta=201

--------------------------------------------------------------------------------
2023-02-04 13:47:48.442 [Debug] NCPing=-1000

--------------------------------------------------------------------------------
2023-02-04 13:47:48.442 [Info] Connection approved [c3ee6581-44fa-4b48-ba4e-ec584a66edbd].

--------------------------------------------------------------------------------
2023-02-04 13:47:48.450 [Debug] Connection established to remote [c3ee6581-44fa-4b48-ba4e-ec584a66edbd/26.82.96.248:54155].

--------------------------------------------------------------------------------
2023-02-04 13:47:48.450 [Info] Connected [c3ee6581-44fa-4b48-ba4e-ec584a66edbd].

--------------------------------------------------------------------------------
2023-02-04 13:50:22.202 [Debug] StatusChanged: [NetIncomingMessage #101 14 bytes] [Disconnected]

--------------------------------------------------------------------------------
2023-02-04 13:50:22.202 [Debug] Connection terminated to remote [c3ee6581-44fa-4b48-ba4e-ec584a66edbd/26.82.96.248:54155].

--------------------------------------------------------------------------------
2023-02-04 13:50:22.202 [Info] Disconnected [c3ee6581-44fa-4b48-ba4e-ec584a66edbd].

--------------------------------------------------------------------------------
2023-02-04 13:50:22.202 [Debug] Client disconnected (PCC->PCC)

--------------------------------------------------------------------------------
2023-02-04 13:50:24.608 [Debug] hail Time=63 Offset=63811115424340 Real=63811115424404

--------------------------------------------------------------------------------
2023-02-04 13:50:24.608 [Debug] local Time=968996 Offset=63811114455612 Real=63811115424608

--------------------------------------------------------------------------------
2023-02-04 13:50:24.608 [Debug] real delta=204

--------------------------------------------------------------------------------
2023-02-04 13:50:24.608 [Debug] NCPing=-1000

--------------------------------------------------------------------------------
2023-02-04 13:50:24.609 [Info] Connection approved [5048ddc6-3e67-4206-aaf8-76fc07034d97].

--------------------------------------------------------------------------------
2023-02-04 13:50:24.628 [Debug] Connection established to remote [5048ddc6-3e67-4206-aaf8-76fc07034d97/26.82.96.248:54478].

--------------------------------------------------------------------------------
2023-02-04 13:50:24.628 [Info] Connected [5048ddc6-3e67-4206-aaf8-76fc07034d97].

--------------------------------------------------------------------------------
2023-02-04 13:54:42.087 [Debug] StatusChanged: [NetIncomingMessage #93 14 bytes] [Disconnected]

--------------------------------------------------------------------------------
2023-02-04 13:54:42.087 [Debug] Connection terminated to remote [5048ddc6-3e67-4206-aaf8-76fc07034d97/26.82.96.248:54478].

--------------------------------------------------------------------------------
2023-02-04 13:54:42.087 [Info] Disconnected [5048ddc6-3e67-4206-aaf8-76fc07034d97].

--------------------------------------------------------------------------------
2023-02-04 13:54:42.087 [Debug] Client disconnected (PCC->PCC)

--------------------------------------------------------------------------------
2023-02-04 13:54:44.639 [Debug] hail Time=66 Offset=63811115684371 Real=63811115684437

--------------------------------------------------------------------------------
2023-02-04 13:54:44.639 [Debug] local Time=1229026 Offset=63811114455612 Real=63811115684639

--------------------------------------------------------------------------------
2023-02-04 13:54:44.639 [Debug] real delta=201

--------------------------------------------------------------------------------
2023-02-04 13:54:44.639 [Debug] NCPing=-1000

--------------------------------------------------------------------------------
2023-02-04 13:54:44.639 [Info] Connection approved [8b2bcbb9-5407-427d-9d3e-ad8ac28211e0].

--------------------------------------------------------------------------------
2023-02-04 13:54:44.649 [Debug] Connection established to remote [8b2bcbb9-5407-427d-9d3e-ad8ac28211e0/26.82.96.248:64376].

--------------------------------------------------------------------------------
2023-02-04 13:54:44.649 [Info] Connected [8b2bcbb9-5407-427d-9d3e-ad8ac28211e0].

--------------------------------------------------------------------------------
2023-02-04 13:57:00.500 [Debug] StatusChanged: [NetIncomingMessage #76 14 bytes] [Disconnected]

--------------------------------------------------------------------------------
2023-02-04 13:57:00.500 [Debug] Connection terminated to remote [8b2bcbb9-5407-427d-9d3e-ad8ac28211e0/26.82.96.248:64376].

--------------------------------------------------------------------------------
2023-02-04 13:57:00.500 [Info] Disconnected [8b2bcbb9-5407-427d-9d3e-ad8ac28211e0].

--------------------------------------------------------------------------------
2023-02-04 13:57:00.500 [Debug] Client disconnected (PCC->PCC)

--------------------------------------------------------------------------------
2023-02-04 13:57:04.779 [Debug] hail Time=67 Offset=63811115824455 Real=63811115824522

--------------------------------------------------------------------------------
2023-02-04 13:57:04.779 [Debug] local Time=1369156 Offset=63811114455612 Real=63811115824768

--------------------------------------------------------------------------------
2023-02-04 13:57:04.779 [Debug] real delta=246

--------------------------------------------------------------------------------
2023-02-04 13:57:04.779 [Debug] NCPing=-1000

--------------------------------------------------------------------------------
2023-02-04 13:57:04.779 [Info] Connection approved [84aa0e32-ae28-45be-9155-67ddf968c4a8].

--------------------------------------------------------------------------------
2023-02-04 13:57:04.790 [Debug] Connection established to remote [84aa0e32-ae28-45be-9155-67ddf968c4a8/26.82.96.248:56497].

--------------------------------------------------------------------------------
2023-02-04 13:57:04.790 [Info] Connected [84aa0e32-ae28-45be-9155-67ddf968c4a8].

--------------------------------------------------------------------------------
2023-02-04 14:09:24.276 [Debug] StatusChanged: [NetIncomingMessage #53 14 bytes] [Disconnected]

--------------------------------------------------------------------------------
2023-02-04 14:09:24.276 [Debug] Connection terminated to remote [84aa0e32-ae28-45be-9155-67ddf968c4a8/26.82.96.248:56497].

--------------------------------------------------------------------------------
2023-02-04 14:09:24.276 [Info] Disconnected [84aa0e32-ae28-45be-9155-67ddf968c4a8].

--------------------------------------------------------------------------------
2023-02-04 14:09:24.276 [Debug] Client disconnected (PCC->PCC)

--------------------------------------------------------------------------------
2023-02-04 14:09:26.733 [Debug] hail Time=94 Offset=63811116566428 Real=63811116566523

--------------------------------------------------------------------------------
2023-02-04 14:09:26.734 [Debug] local Time=2111122 Offset=63811114455612 Real=63811116566734

--------------------------------------------------------------------------------
2023-02-04 14:09:26.734 [Debug] real delta=211

--------------------------------------------------------------------------------
2023-02-04 14:09:26.734 [Debug] NCPing=-1000

--------------------------------------------------------------------------------
2023-02-04 14:09:26.734 [Info] Connection approved [8a4c4b53-7234-40d8-921e-96e13d265c6b].

--------------------------------------------------------------------------------
2023-02-04 14:09:26.748 [Debug] Connection established to remote [8a4c4b53-7234-40d8-921e-96e13d265c6b/26.82.96.248:52921].

--------------------------------------------------------------------------------
2023-02-04 14:09:26.748 [Info] Connected [8a4c4b53-7234-40d8-921e-96e13d265c6b].

--------------------------------------------------------------------------------
2023-02-04 14:11:33.184 [Debug] StatusChanged: [NetIncomingMessage #218 14 bytes] [Disconnected]

--------------------------------------------------------------------------------
2023-02-04 14:11:33.184 [Debug] Connection terminated to remote [8a4c4b53-7234-40d8-921e-96e13d265c6b/26.82.96.248:52921].

--------------------------------------------------------------------------------
2023-02-04 14:11:33.184 [Info] Disconnected [8a4c4b53-7234-40d8-921e-96e13d265c6b].

--------------------------------------------------------------------------------
2023-02-04 14:11:33.184 [Debug] Client disconnected (PCC->PCC)

--------------------------------------------------------------------------------
2023-02-04 14:13:59.803 [Debug] hail Time=53 Offset=63811116839534 Real=63811116839588

--------------------------------------------------------------------------------
2023-02-04 14:13:59.803 [Debug] local Time=2384190 Offset=63811114455612 Real=63811116839803

--------------------------------------------------------------------------------
2023-02-04 14:13:59.803 [Debug] real delta=215

--------------------------------------------------------------------------------
2023-02-04 14:13:59.803 [Debug] NCPing=-1000

--------------------------------------------------------------------------------
2023-02-04 14:13:59.804 [Info] Connection approved [aa0aa1c1-bb64-47e4-8c44-1601d13bcd34].

--------------------------------------------------------------------------------
2023-02-04 14:13:59.815 [Debug] Connection established to remote [aa0aa1c1-bb64-47e4-8c44-1601d13bcd34/26.82.96.248:49679].

--------------------------------------------------------------------------------
2023-02-04 14:13:59.815 [Info] Connected [aa0aa1c1-bb64-47e4-8c44-1601d13bcd34].

--------------------------------------------------------------------------------
2023-02-04 14:14:35.344 [Debug] StatusChanged: [NetIncomingMessage #79 10 bytes] [Disconnected]

--------------------------------------------------------------------------------
2023-02-04 14:14:35.344 [Debug] Connection terminated to remote [aa0aa1c1-bb64-47e4-8c44-1601d13bcd34/26.82.96.248:49679].

--------------------------------------------------------------------------------
2023-02-04 14:14:35.344 [Info] Disconnected [aa0aa1c1-bb64-47e4-8c44-1601d13bcd34].

--------------------------------------------------------------------------------
2023-02-04 14:14:35.344 [Debug] Client disconnected (PCC->PCC)

--------------------------------------------------------------------------------
2023-02-04 14:16:18.009 [Debug] hail Time=72 Offset=63811116977731 Real=63811116977804

--------------------------------------------------------------------------------
2023-02-04 14:16:18.009 [Debug] local Time=2522386 Offset=63811114455612 Real=63811116977998

--------------------------------------------------------------------------------
2023-02-04 14:16:18.009 [Debug] real delta=194

--------------------------------------------------------------------------------
2023-02-04 14:16:18.009 [Debug] NCPing=-1000

--------------------------------------------------------------------------------
2023-02-04 14:16:18.009 [Info] Connection approved [0648fcb3-99f8-43af-8576-492405c26f42].

--------------------------------------------------------------------------------
2023-02-04 14:16:18.018 [Debug] Connection established to remote [0648fcb3-99f8-43af-8576-492405c26f42/26.82.96.248:49554].

--------------------------------------------------------------------------------
2023-02-04 14:16:18.018 [Info] Connected [0648fcb3-99f8-43af-8576-492405c26f42].

--------------------------------------------------------------------------------
2023-02-04 14:16:58.833 [Debug] StatusChanged: [NetIncomingMessage #58 14 bytes] [Disconnected]

--------------------------------------------------------------------------------
2023-02-04 14:16:58.833 [Debug] Connection terminated to remote [0648fcb3-99f8-43af-8576-492405c26f42/26.82.96.248:49554].

--------------------------------------------------------------------------------
2023-02-04 14:16:58.833 [Info] Disconnected [0648fcb3-99f8-43af-8576-492405c26f42].

--------------------------------------------------------------------------------
2023-02-04 14:16:58.833 [Debug] Client disconnected (PCC->PCC)

--------------------------------------------------------------------------------
2023-02-04 14:17:03.764 [Debug] hail Time=109 Offset=63811117023423 Real=63811117023532

--------------------------------------------------------------------------------
2023-02-04 14:17:03.765 [Debug] local Time=2568149 Offset=63811114455612 Real=63811117023761

--------------------------------------------------------------------------------
2023-02-04 14:17:03.765 [Debug] real delta=232

--------------------------------------------------------------------------------
2023-02-04 14:17:03.765 [Debug] NCPing=-1000

--------------------------------------------------------------------------------
2023-02-04 14:17:03.765 [Info] Connection approved [ad75ae53-3684-40f6-8476-bbedde0fb95f].

--------------------------------------------------------------------------------
2023-02-04 14:17:03.781 [Debug] Connection established to remote [ad75ae53-3684-40f6-8476-bbedde0fb95f/26.82.96.248:56954].

--------------------------------------------------------------------------------
2023-02-04 14:17:03.781 [Info] Connected [ad75ae53-3684-40f6-8476-bbedde0fb95f].

--------------------------------------------------------------------------------
2023-02-04 14:17:15.337 [Debug] StatusChanged: [NetIncomingMessage #19 14 bytes] [Disconnected]

--------------------------------------------------------------------------------
2023-02-04 14:17:15.337 [Debug] Connection terminated to remote [ad75ae53-3684-40f6-8476-bbedde0fb95f/26.82.96.248:56954].

--------------------------------------------------------------------------------
2023-02-04 14:17:15.337 [Info] Disconnected [ad75ae53-3684-40f6-8476-bbedde0fb95f].

--------------------------------------------------------------------------------
2023-02-04 14:17:15.337 [Debug] Client disconnected (PCC->PCC)

--------------------------------------------------------------------------------
2023-02-04 14:20:37.333 [Debug] hail Time=100 Offset=63811117237021 Real=63811117237122

--------------------------------------------------------------------------------
2023-02-04 14:20:37.334 [Debug] local Time=2781721 Offset=63811114455612 Real=63811117237334

--------------------------------------------------------------------------------
2023-02-04 14:20:37.334 [Debug] real delta=211

--------------------------------------------------------------------------------
2023-02-04 14:20:37.334 [Debug] NCPing=-1000

--------------------------------------------------------------------------------
2023-02-04 14:20:37.334 [Info] Connection approved [62ef33b3-7680-43d1-b07a-3b997d6f6b24].

--------------------------------------------------------------------------------
2023-02-04 14:20:37.355 [Debug] Connection established to remote [62ef33b3-7680-43d1-b07a-3b997d6f6b24/26.82.96.248:53135].

--------------------------------------------------------------------------------
2023-02-04 14:20:37.355 [Info] Connected [62ef33b3-7680-43d1-b07a-3b997d6f6b24].

--------------------------------------------------------------------------------
2023-02-04 14:20:52.454 [Debug] StatusChanged: [NetIncomingMessage #26 14 bytes] [Disconnected]

--------------------------------------------------------------------------------
2023-02-04 14:20:52.454 [Debug] Connection terminated to remote [62ef33b3-7680-43d1-b07a-3b997d6f6b24/26.82.96.248:53135].

--------------------------------------------------------------------------------
2023-02-04 14:20:52.454 [Info] Disconnected [62ef33b3-7680-43d1-b07a-3b997d6f6b24].

--------------------------------------------------------------------------------
2023-02-04 14:20:52.454 [Debug] Client disconnected (PCC->PCC)

--------------------------------------------------------------------------------
