2023-01-28 17:09:39.139 [Warn] Directory was specified as a plugin directory but does not exist: 'resources\plugins'

--------------------------------------------------------------------------------
2023-01-28 17:09:39.147 [Info] Discovered 0 plugins:


--------------------------------------------------------------------------------
Listening on 0.0.0.0:5400.

--------------------------------------------------------------------------------
2023-01-28 17:09:41.182 [Info] Connection approved [d3de998e-c1d3-47d1-81f8-9d879e032087].

--------------------------------------------------------------------------------
2023-01-28 17:09:41.226 [Info] Connected [d3de998e-c1d3-47d1-81f8-9d879e032087].

--------------------------------------------------------------------------------
UPnP Service Initialization Failed. You might not have a router, or UPnP on your router might be disabled.
NatDeviceNotFoundException: Exception of type 'Open.Nat.NatDeviceNotFoundException' was thrown.
    Stack:    at Open.Nat.NatDiscoverer.<DiscoverDeviceAsync>d__5.MoveNext()
--- End of stack trace from previous location where exception was thrown ---
   at System.Runtime.ExceptionServices.ExceptionDispatchInfo.Throw()
   at System.Runtime.CompilerServices.TaskAwaiter.HandleNonSuccessAndDebuggerNotification(Task task)
   at Intersect.Server.Networking.Helpers.UpnP.<ConnectNatDevice>d__4.MoveNext()


--------------------------------------------------------------------------------
2023-01-28 17:09:48.848 [Info] Disconnected [d3de998e-c1d3-47d1-81f8-9d879e032087].

--------------------------------------------------------------------------------
2023-01-28 17:09:54.310 [Info] Connection approved [8709bd35-0dcb-4753-a508-d7265e7f077e].

--------------------------------------------------------------------------------
2023-01-28 17:09:54.329 [Info] Connected [8709bd35-0dcb-4753-a508-d7265e7f077e].

--------------------------------------------------------------------------------
2023-01-28 17:10:41.378 [Info] Disconnected [8709bd35-0dcb-4753-a508-d7265e7f077e].

--------------------------------------------------------------------------------
2023-01-28 17:10:50.398 [Info] Connection approved [705ee415-7ec4-47df-b6e5-e7299c1cfb23].

--------------------------------------------------------------------------------
2023-01-28 17:10:50.424 [Info] Connected [705ee415-7ec4-47df-b6e5-e7299c1cfb23].

--------------------------------------------------------------------------------
2023-01-28 17:29:46.653 [Info] Disconnected [705ee415-7ec4-47df-b6e5-e7299c1cfb23].

--------------------------------------------------------------------------------
2023-01-28 17:29:49.689 [Info] Acquiring context lock... (0ms)

--------------------------------------------------------------------------------
2023-01-28 17:29:49.689 [Info] Acquired. (0ms)

--------------------------------------------------------------------------------
2023-01-28 17:29:49.694 [Info] Beginning context dispose. (0ms)

--------------------------------------------------------------------------------
2023-01-28 17:29:49.704 [Info] Disposing network... (0ms)

--------------------------------------------------------------------------------
2023-01-28 17:29:49.709 [Info] Saving updated server variable values

--------------------------------------------------------------------------------
2023-01-28 17:29:49.709 [Info] Saving online users/players... (5ms)

--------------------------------------------------------------------------------
2023-01-28 17:29:49.709 [Info] Saving loaded guilds....

--------------------------------------------------------------------------------
2023-01-28 17:29:49.709 [Info] Online users/players saved. (5ms)

--------------------------------------------------------------------------------
2023-01-28 17:29:49.709 [Info] Shutting down the API... (5ms)

--------------------------------------------------------------------------------
2023-01-28 17:29:49.710 [Info] Shutting down the console thread... (6ms)

--------------------------------------------------------------------------------
2023-01-28 17:29:50.718 [Info] Base dispose. (1015ms)

--------------------------------------------------------------------------------
2023-01-28 17:29:50.718 [Info] Finished disposing server context. (1015ms)

--------------------------------------------------------------------------------
