2023-01-30 18:04:30.333 [Debug] Loaded new formula from BaseExp * Power(Gain, Level).

--------------------------------------------------------------------------------
2023-01-30 18:04:30.339 [Debug] Loaded new formula from BaseExp * Power(Gain, Level).

--------------------------------------------------------------------------------
2023-01-30 18:04:32.215 [Warn] Directory was specified as a plugin directory but does not exist: 'resources\plugins'

--------------------------------------------------------------------------------
2023-01-30 18:04:32.221 [Info] Discovered 0 plugins:


--------------------------------------------------------------------------------
Listening on 0.0.0.0:5400.

--------------------------------------------------------------------------------
UPnP Service Initialization Succeeded

--------------------------------------------------------------------------------
Successfully auto port forwarded udp port 5400 using UPnP.

--------------------------------------------------------------------------------
Successfully auto port forwarded tcp port 5400 using UPnP.

--------------------------------------------------------------------------------
2023-01-30 18:04:33.492 [Debug] hail Time=859742 Offset=63810697813519 Real=63810698673261

--------------------------------------------------------------------------------
2023-01-30 18:04:33.492 [Debug] local Time=1350 Offset=63810698672141 Real=63810698673492

--------------------------------------------------------------------------------
2023-01-30 18:04:33.492 [Debug] real delta=230

--------------------------------------------------------------------------------
2023-01-30 18:04:33.493 [Debug] NCPing=-1000

--------------------------------------------------------------------------------
2023-01-30 18:04:33.529 [Info] Connection approved [0b813b5e-acf8-45bc-a37b-b5e52381342a].

--------------------------------------------------------------------------------
2023-01-30 18:04:33.534 [Debug] Connection established to remote [0b813b5e-acf8-45bc-a37b-b5e52381342a/26.82.96.248:58728].

--------------------------------------------------------------------------------
2023-01-30 18:04:33.535 [Info] Connected [0b813b5e-acf8-45bc-a37b-b5e52381342a].

--------------------------------------------------------------------------------
2023-01-30 18:06:21.697 [Info] Acquiring context lock... (0ms)

--------------------------------------------------------------------------------
2023-01-30 18:06:21.697 [Info] Acquired. (0ms)

--------------------------------------------------------------------------------
2023-01-30 18:06:21.699 [Info] Beginning context dispose. (0ms)

--------------------------------------------------------------------------------
2023-01-30 18:06:21.703 [Info] Disposing network... (0ms)

--------------------------------------------------------------------------------
2023-01-30 18:06:21.706 [Debug] StatusChanged: [NetIncomingMessage #0 10 bytes] [Disconnecting]

--------------------------------------------------------------------------------
2023-01-30 18:06:21.707 [Info] Saving updated server variable values

--------------------------------------------------------------------------------
2023-01-30 18:06:21.707 [Info] Saving online users/players... (5ms)

--------------------------------------------------------------------------------
2023-01-30 18:06:21.725 [Debug] StatusChanged: [NetIncomingMessage #0 14 bytes] [Disconnected]

--------------------------------------------------------------------------------
2023-01-30 18:06:21.747 [Info] Saving loaded guilds....

--------------------------------------------------------------------------------
2023-01-30 18:06:21.747 [Info] Online users/players saved. (45ms)

--------------------------------------------------------------------------------
2023-01-30 18:06:21.749 [Info] Shutting down the API... (46ms)

--------------------------------------------------------------------------------
2023-01-30 18:06:21.754 [Info] Shutting down the console thread... (52ms)

--------------------------------------------------------------------------------
2023-01-30 18:06:22.765 [Info] Base dispose. (1062ms)

--------------------------------------------------------------------------------
2023-01-30 18:06:22.765 [Info] Finished disposing server context. (1062ms)

--------------------------------------------------------------------------------
