2023-02-01 03:15:35.624 [Debug] Loaded new formula from BaseExp * Power(Gain, Level).

--------------------------------------------------------------------------------
2023-02-01 03:15:35.624 [Debug] Loaded new formula from BaseExp * Power(Gain, Level).

--------------------------------------------------------------------------------
2023-02-01 03:15:37.233 [Warn] Directory was specified as a plugin directory but does not exist: 'resources\plugins'

--------------------------------------------------------------------------------
2023-02-01 03:15:37.233 [Info] Discovered 0 plugins:


--------------------------------------------------------------------------------
Listening on 0.0.0.0:5400.

--------------------------------------------------------------------------------
UPnP Service Initialization Succeeded

--------------------------------------------------------------------------------
Successfully auto port forwarded udp port 5400 using UPnP.

--------------------------------------------------------------------------------
Successfully auto port forwarded tcp port 5400 using UPnP.

--------------------------------------------------------------------------------
2023-02-01 03:16:02.089 [Info] Acquiring context lock... (0ms)

--------------------------------------------------------------------------------
2023-02-01 03:16:02.089 [Info] Acquired. (0ms)

--------------------------------------------------------------------------------
2023-02-01 03:16:02.089 [Info] Beginning context dispose. (0ms)

--------------------------------------------------------------------------------
2023-02-01 03:16:02.089 [Info] Disposing network... (0ms)

--------------------------------------------------------------------------------
2023-02-01 03:16:02.089 [Info] Saving updated server variable values

--------------------------------------------------------------------------------
2023-02-01 03:16:02.089 [Info] Saving online users/players... (5ms)

--------------------------------------------------------------------------------
2023-02-01 03:16:02.125 [Info] Saving loaded guilds....

--------------------------------------------------------------------------------
2023-02-01 03:16:02.125 [Info] Online users/players saved. (28ms)

--------------------------------------------------------------------------------
2023-02-01 03:16:02.125 [Info] Shutting down the API... (28ms)

--------------------------------------------------------------------------------
2023-02-01 03:16:02.128 [Info] Shutting down the console thread... (30ms)

--------------------------------------------------------------------------------
2023-02-01 03:16:03.130 [Info] Base dispose. (1033ms)

--------------------------------------------------------------------------------
2023-02-01 03:16:03.131 [Info] Finished disposing server context. (1033ms)

--------------------------------------------------------------------------------
