2023-01-28 13:29:52.336 [Debug] Loaded new formula from BaseExp * Power(Gain, Level).

--------------------------------------------------------------------------------
2023-01-28 13:29:52.348 [Debug] Loaded new formula from BaseExp * Power(Gain, Level).

--------------------------------------------------------------------------------
2023-01-28 13:29:54.228 [Warn] Directory was specified as a plugin directory but does not exist: 'resources\plugins'

--------------------------------------------------------------------------------
2023-01-28 13:29:54.228 [Info] Discovered 0 plugins:


--------------------------------------------------------------------------------
Listening on 0.0.0.0:5400.

--------------------------------------------------------------------------------
UPnP Service Initialization Failed. You might not have a router, or UPnP on your router might be disabled.
NatDeviceNotFoundException: Exception of type 'Open.Nat.NatDeviceNotFoundException' was thrown.
    Stack:    at Open.Nat.NatDiscoverer.<DiscoverDeviceAsync>d__5.MoveNext()
--- End of stack trace from previous location where exception was thrown ---
   at System.Runtime.ExceptionServices.ExceptionDispatchInfo.Throw()
   at System.Runtime.CompilerServices.TaskAwaiter.HandleNonSuccessAndDebuggerNotification(Task task)
   at System.Runtime.CompilerServices.TaskAwaiter`1.GetResult()
   at Intersect.Server.Networking.Helpers.UpnP.<ConnectNatDevice>d__4.MoveNext()


--------------------------------------------------------------------------------
2023-01-28 13:30:53.353 [Debug] hail Time=0 Offset=63810509451535 Real=63810509451535

--------------------------------------------------------------------------------
2023-01-28 13:30:53.353 [Debug] local Time=59179 Offset=63810509394174 Real=63810509453353

--------------------------------------------------------------------------------
2023-01-28 13:30:53.353 [Debug] real delta=1818

--------------------------------------------------------------------------------
2023-01-28 13:30:53.353 [Debug] NCPing=-1000

--------------------------------------------------------------------------------
2023-01-28 13:30:53.384 [Info] Connection approved [10f6c8af-cf98-4fae-a6d6-198fa3ca89d1].

--------------------------------------------------------------------------------
2023-01-28 13:30:53.443 [Debug] Connection established to remote [10f6c8af-cf98-4fae-a6d6-198fa3ca89d1/26.187.128.71:53930].

--------------------------------------------------------------------------------
2023-01-28 13:30:53.443 [Info] Connected [10f6c8af-cf98-4fae-a6d6-198fa3ca89d1].

--------------------------------------------------------------------------------
2023-01-28 13:44:50.962 [Debug] hail Time=0 Offset=63810510289043 Real=63810510289044

--------------------------------------------------------------------------------
2023-01-28 13:44:50.962 [Debug] local Time=896774 Offset=63810509394174 Real=63810510290949

--------------------------------------------------------------------------------
2023-01-28 13:44:50.962 [Debug] real delta=1904

--------------------------------------------------------------------------------
2023-01-28 13:44:50.962 [Debug] NCPing=-1000

--------------------------------------------------------------------------------
2023-01-28 13:44:50.962 [Info] Connection approved [aeef7f76-06e8-4005-ae8d-c181eb5be771].

--------------------------------------------------------------------------------
2023-01-28 13:44:51.018 [Debug] Connection established to remote [aeef7f76-06e8-4005-ae8d-c181eb5be771/26.187.128.71:51591].

--------------------------------------------------------------------------------
2023-01-28 13:44:51.018 [Info] Connected [aeef7f76-06e8-4005-ae8d-c181eb5be771].

--------------------------------------------------------------------------------
2023-01-28 13:44:54.813 [Debug] StatusChanged: [NetIncomingMessage #0 14 bytes] [Disconnected]

--------------------------------------------------------------------------------
2023-01-28 13:44:54.814 [Debug] Connection terminated to remote [aeef7f76-06e8-4005-ae8d-c181eb5be771/26.187.128.71:51591].

--------------------------------------------------------------------------------
2023-01-28 13:44:54.815 [Info] Disconnected [aeef7f76-06e8-4005-ae8d-c181eb5be771].

--------------------------------------------------------------------------------
2023-01-28 13:44:54.816 [Debug] Client disconnected ([menu])

--------------------------------------------------------------------------------
2023-01-28 13:45:08.361 [Debug] hail Time=1 Offset=63810510306541 Real=63810510306542

--------------------------------------------------------------------------------
2023-01-28 13:45:08.361 [Debug] local Time=914186 Offset=63810509394174 Real=63810510308361

--------------------------------------------------------------------------------
2023-01-28 13:45:08.361 [Debug] real delta=1818

--------------------------------------------------------------------------------
2023-01-28 13:45:08.361 [Debug] NCPing=-1000

--------------------------------------------------------------------------------
2023-01-28 13:45:08.362 [Info] Connection approved [01e0d075-4e3c-48f8-9088-c0b096d865f1].

--------------------------------------------------------------------------------
2023-01-28 13:45:08.419 [Debug] Connection established to remote [01e0d075-4e3c-48f8-9088-c0b096d865f1/26.187.128.71:55006].

--------------------------------------------------------------------------------
2023-01-28 13:45:08.419 [Info] Connected [01e0d075-4e3c-48f8-9088-c0b096d865f1].

--------------------------------------------------------------------------------
2023-01-28 13:45:19.233 [Debug] Creating new instance with ID 00000000-0000-0000-0000-000000000000 for map New Map

--------------------------------------------------------------------------------
2023-01-28 13:45:19.257 [Debug] Creating new instance with ID 00000000-0000-0000-0000-000000000000 for map New Map

--------------------------------------------------------------------------------
2023-01-28 13:45:19.257 [Debug] Creating new instance with ID 00000000-0000-0000-0000-000000000000 for map New Map

--------------------------------------------------------------------------------
2023-01-28 13:45:19.257 [Debug] Creating new instance with ID 00000000-0000-0000-0000-000000000000 for map New Map

--------------------------------------------------------------------------------
2023-01-28 13:50:29.924 [Debug] StatusChanged: [NetIncomingMessage #0 10 bytes] [Disconnected]

--------------------------------------------------------------------------------
2023-01-28 13:50:29.924 [Debug] Connection terminated to remote [01e0d075-4e3c-48f8-9088-c0b096d865f1/26.187.128.71:55006].

--------------------------------------------------------------------------------
2023-01-28 13:50:29.924 [Info] Disconnected [01e0d075-4e3c-48f8-9088-c0b096d865f1].

--------------------------------------------------------------------------------
2023-01-28 13:50:29.924 [Debug] Client disconnected (Admin->Admin)

--------------------------------------------------------------------------------
2023-01-28 13:50:42.079 [Debug] hail Time=0 Offset=63810510640267 Real=63810510640268

--------------------------------------------------------------------------------
2023-01-28 13:50:42.079 [Debug] local Time=1247899 Offset=63810509394174 Real=63810510642074

--------------------------------------------------------------------------------
2023-01-28 13:50:42.080 [Debug] real delta=1805

--------------------------------------------------------------------------------
2023-01-28 13:50:42.080 [Debug] NCPing=-1000

--------------------------------------------------------------------------------
2023-01-28 13:50:42.080 [Info] Connection approved [6ddaf5c1-e358-4212-9328-7175b9c53d01].

--------------------------------------------------------------------------------
2023-01-28 13:50:42.129 [Debug] Connection established to remote [6ddaf5c1-e358-4212-9328-7175b9c53d01/26.187.128.71:58866].

--------------------------------------------------------------------------------
2023-01-28 13:50:42.130 [Info] Connected [6ddaf5c1-e358-4212-9328-7175b9c53d01].

--------------------------------------------------------------------------------
2023-01-28 13:54:49.158 [Debug] hail Time=0 Offset=63810510888942 Real=63810510888942

--------------------------------------------------------------------------------
2023-01-28 13:54:49.158 [Debug] local Time=1494976 Offset=63810509394174 Real=63810510889151

--------------------------------------------------------------------------------
2023-01-28 13:54:49.158 [Debug] real delta=209

--------------------------------------------------------------------------------
2023-01-28 13:54:49.158 [Debug] NCPing=-1000

--------------------------------------------------------------------------------
2023-01-28 13:54:49.159 [Info] Connection approved [4fcb27a7-20ae-4947-872d-fbbdb9bd55c4].

--------------------------------------------------------------------------------
2023-01-28 13:54:49.170 [Debug] Connection established to remote [4fcb27a7-20ae-4947-872d-fbbdb9bd55c4/26.82.96.248:53446].

--------------------------------------------------------------------------------
2023-01-28 13:54:49.170 [Info] Connected [4fcb27a7-20ae-4947-872d-fbbdb9bd55c4].

--------------------------------------------------------------------------------
2023-01-28 13:55:27.281 [Debug] hail Time=0 Offset=63810510927028 Real=63810510927028

--------------------------------------------------------------------------------
2023-01-28 13:55:27.281 [Debug] local Time=1533107 Offset=63810509394174 Real=63810510927281

--------------------------------------------------------------------------------
2023-01-28 13:55:27.281 [Debug] real delta=253

--------------------------------------------------------------------------------
2023-01-28 13:55:27.281 [Debug] NCPing=-1000

--------------------------------------------------------------------------------
2023-01-28 13:55:27.283 [Info] Connection approved [08f70e1a-c5c6-475e-b28c-67b3b0f785c6].

--------------------------------------------------------------------------------
2023-01-28 13:55:27.288 [Debug] Connection established to remote [08f70e1a-c5c6-475e-b28c-67b3b0f785c6/26.82.96.248:56589].

--------------------------------------------------------------------------------
2023-01-28 13:55:27.288 [Info] Connected [08f70e1a-c5c6-475e-b28c-67b3b0f785c6].

--------------------------------------------------------------------------------
2023-01-28 13:56:10.135 [Debug] StatusChanged: [NetIncomingMessage #0 14 bytes] [Disconnected]

--------------------------------------------------------------------------------
2023-01-28 13:56:10.135 [Debug] Connection terminated to remote [4fcb27a7-20ae-4947-872d-fbbdb9bd55c4/26.82.96.248:53446].

--------------------------------------------------------------------------------
2023-01-28 13:56:10.135 [Info] Disconnected [4fcb27a7-20ae-4947-872d-fbbdb9bd55c4].

--------------------------------------------------------------------------------
2023-01-28 13:56:10.135 [Debug] Client disconnected ([menu])

--------------------------------------------------------------------------------
2023-01-28 13:56:32.683 [Info] Acquiring context lock... (0ms)

--------------------------------------------------------------------------------
2023-01-28 13:56:32.683 [Info] Acquired. (0ms)

--------------------------------------------------------------------------------
2023-01-28 13:56:32.683 [Info] Beginning context dispose. (0ms)

--------------------------------------------------------------------------------
2023-01-28 13:56:32.686 [Info] Disposing network... (0ms)

--------------------------------------------------------------------------------
2023-01-28 13:56:32.688 [Debug] StatusChanged: [NetIncomingMessage #0 10 bytes] [Disconnecting]

--------------------------------------------------------------------------------
2023-01-28 13:56:32.688 [Debug] StatusChanged: [NetIncomingMessage #0 10 bytes] [Disconnecting]

--------------------------------------------------------------------------------
2023-01-28 13:56:32.688 [Debug] StatusChanged: [NetIncomingMessage #0 10 bytes] [Disconnecting]

--------------------------------------------------------------------------------
2023-01-28 13:56:32.689 [Info] Saving updated server variable values

--------------------------------------------------------------------------------
2023-01-28 13:56:32.689 [Info] Saving online users/players... (3ms)

--------------------------------------------------------------------------------
2023-01-28 13:56:32.700 [Debug] StatusChanged: [NetIncomingMessage #0 14 bytes] [Disconnected]

--------------------------------------------------------------------------------
2023-01-28 13:56:32.700 [Debug] StatusChanged: [NetIncomingMessage #0 14 bytes] [Disconnected]

--------------------------------------------------------------------------------
2023-01-28 13:56:32.700 [Debug] StatusChanged: [NetIncomingMessage #0 14 bytes] [Disconnected]

--------------------------------------------------------------------------------
2023-01-28 13:56:32.736 [Info] Saving loaded guilds....

--------------------------------------------------------------------------------
2023-01-28 13:56:32.764 [Info] Online users/players saved. (79ms)

--------------------------------------------------------------------------------
2023-01-28 13:56:32.764 [Info] Shutting down the API... (79ms)

--------------------------------------------------------------------------------
2023-01-28 13:56:32.770 [Info] Shutting down the console thread... (84ms)

--------------------------------------------------------------------------------
2023-01-28 13:56:33.772 [Info] Base dispose. (1086ms)

--------------------------------------------------------------------------------
2023-01-28 13:56:33.772 [Info] Finished disposing server context. (1086ms)

--------------------------------------------------------------------------------
