2023-01-28 06:17:52.157 [Warn] Directory was specified as a plugin directory but does not exist: 'resources\plugins'

--------------------------------------------------------------------------------
2023-01-28 06:17:52.163 [Info] Discovered 0 plugins:


--------------------------------------------------------------------------------
Listening on 0.0.0.0:5400.

--------------------------------------------------------------------------------
UPnP Service Initialization Failed. You might not have a router, or UPnP on your router might be disabled.
NatDeviceNotFoundException: Exception of type 'Open.Nat.NatDeviceNotFoundException' was thrown.
    Stack:    at Open.Nat.NatDiscoverer.<DiscoverDeviceAsync>d__5.MoveNext()
--- End of stack trace from previous location where exception was thrown ---
   at System.Runtime.ExceptionServices.ExceptionDispatchInfo.Throw()
   at System.Runtime.CompilerServices.TaskAwaiter.HandleNonSuccessAndDebuggerNotification(Task task)
   at Intersect.Server.Networking.Helpers.UpnP.<ConnectNatDevice>d__4.MoveNext()


--------------------------------------------------------------------------------
2023-01-28 06:17:58.932 [Info] Connection approved [a8f9447b-3091-4f51-afcd-a4483f55c9a6].

--------------------------------------------------------------------------------
2023-01-28 06:17:58.963 [Info] Connected [a8f9447b-3091-4f51-afcd-a4483f55c9a6].

--------------------------------------------------------------------------------
2023-01-28 06:18:13.998 [Info] Disconnected [a8f9447b-3091-4f51-afcd-a4483f55c9a6].

--------------------------------------------------------------------------------
2023-01-28 06:18:16.787 [Info] Connection approved [8c1a2f2f-a2b4-445c-a9b7-3282de8c686d].

--------------------------------------------------------------------------------
2023-01-28 06:18:16.796 [Info] Connected [8c1a2f2f-a2b4-445c-a9b7-3282de8c686d].

--------------------------------------------------------------------------------
2023-01-28 06:29:28.178 [Info] Connection approved [08bec956-de08-4572-8373-3d0c6a0ed08b].

--------------------------------------------------------------------------------
2023-01-28 06:29:28.195 [Info] Connected [08bec956-de08-4572-8373-3d0c6a0ed08b].

--------------------------------------------------------------------------------
2023-01-28 06:29:52.444 [Info] Disconnected [08bec956-de08-4572-8373-3d0c6a0ed08b].

--------------------------------------------------------------------------------
2023-01-28 06:38:12.173 [Info] Connection approved [bc670e55-d7fb-46b5-8777-4b5187a11682].

--------------------------------------------------------------------------------
2023-01-28 06:38:12.196 [Info] Connected [bc670e55-d7fb-46b5-8777-4b5187a11682].

--------------------------------------------------------------------------------
2023-01-28 06:38:27.841 [Info] Disconnected [bc670e55-d7fb-46b5-8777-4b5187a11682].

--------------------------------------------------------------------------------
2023-01-28 06:38:33.311 [Info] Disconnected [8c1a2f2f-a2b4-445c-a9b7-3282de8c686d].

--------------------------------------------------------------------------------
2023-01-28 06:39:39.995 [Info] Connection approved [3d7368c9-2236-4313-a6ed-0063bd0e02fa].

--------------------------------------------------------------------------------
2023-01-28 06:39:40.007 [Info] Connected [3d7368c9-2236-4313-a6ed-0063bd0e02fa].

--------------------------------------------------------------------------------
2023-01-28 06:39:58.185 [Info] Disconnected [3d7368c9-2236-4313-a6ed-0063bd0e02fa].

--------------------------------------------------------------------------------
2023-01-28 06:40:00.490 [Info] Acquiring context lock... (0ms)

--------------------------------------------------------------------------------
2023-01-28 06:40:00.490 [Info] Acquired. (0ms)

--------------------------------------------------------------------------------
2023-01-28 06:40:00.495 [Info] Beginning context dispose. (0ms)

--------------------------------------------------------------------------------
2023-01-28 06:40:00.505 [Info] Disposing network... (0ms)

--------------------------------------------------------------------------------
2023-01-28 06:40:00.505 [Info] Saving updated server variable values

--------------------------------------------------------------------------------
2023-01-28 06:40:00.505 [Info] Saving online users/players... (3ms)

--------------------------------------------------------------------------------
2023-01-28 06:40:00.505 [Info] Saving loaded guilds....

--------------------------------------------------------------------------------
2023-01-28 06:40:00.505 [Info] Online users/players saved. (3ms)

--------------------------------------------------------------------------------
2023-01-28 06:40:00.505 [Info] Shutting down the API... (3ms)

--------------------------------------------------------------------------------
2023-01-28 06:40:00.505 [Info] Shutting down the console thread... (4ms)

--------------------------------------------------------------------------------
2023-01-28 06:40:01.510 [Info] Base dispose. (1005ms)

--------------------------------------------------------------------------------
2023-01-28 06:40:01.510 [Info] Finished disposing server context. (1006ms)

--------------------------------------------------------------------------------
