2023-02-03 10:32:52.472 [Debug] Loaded new formula from BaseExp * Power(Gain, Level).

--------------------------------------------------------------------------------
2023-02-03 10:32:52.477 [Debug] Loaded new formula from BaseExp * Power(Gain, Level).

--------------------------------------------------------------------------------
2023-02-03 10:32:54.735 [Warn] Directory was specified as a plugin directory but does not exist: 'resources\plugins'

--------------------------------------------------------------------------------
2023-02-03 10:32:54.736 [Info] Discovered 0 plugins:


--------------------------------------------------------------------------------
Listening on 0.0.0.0:5400.

--------------------------------------------------------------------------------
2023-02-03 10:32:55.112 [Debug] hail Time=92 Offset=63811017168629 Real=63811017168722

--------------------------------------------------------------------------------
2023-02-03 10:32:55.112 [Debug] local Time=449 Offset=63811017174663 Real=63811017175112

--------------------------------------------------------------------------------
2023-02-03 10:32:55.112 [Debug] real delta=6389

--------------------------------------------------------------------------------
2023-02-03 10:32:55.112 [Debug] NCPing=-1000

--------------------------------------------------------------------------------
2023-02-03 10:32:55.146 [Info] Connection approved [1bb3d615-c258-423e-b4bf-812c9d3f253c].

--------------------------------------------------------------------------------
2023-02-03 10:32:55.165 [Debug] Connection established to remote [1bb3d615-c258-423e-b4bf-812c9d3f253c/26.82.96.248:49695].

--------------------------------------------------------------------------------
2023-02-03 10:32:55.166 [Info] Connected [1bb3d615-c258-423e-b4bf-812c9d3f253c].

--------------------------------------------------------------------------------
UPnP Service Initialization Succeeded

--------------------------------------------------------------------------------
Successfully auto port forwarded udp port 5400 using UPnP.

--------------------------------------------------------------------------------
Successfully auto port forwarded tcp port 5400 using UPnP.

--------------------------------------------------------------------------------
2023-02-03 10:32:58.386 [Debug] Creating new instance with ID 00000000-0000-0000-0000-000000000000 for map New Map

--------------------------------------------------------------------------------
2023-02-03 10:32:58.398 [Debug] Creating new instance with ID 00000000-0000-0000-0000-000000000000 for map New Map

--------------------------------------------------------------------------------
2023-02-03 10:32:58.399 [Debug] Creating new instance with ID 00000000-0000-0000-0000-000000000000 for map New Map

--------------------------------------------------------------------------------
2023-02-03 10:32:58.399 [Debug] Creating new instance with ID 00000000-0000-0000-0000-000000000000 for map New Map

--------------------------------------------------------------------------------
2023-02-03 10:33:10.539 [Debug] StatusChanged: [NetIncomingMessage #0 14 bytes] [Disconnected]

--------------------------------------------------------------------------------
2023-02-03 10:33:10.540 [Debug] Connection terminated to remote [1bb3d615-c258-423e-b4bf-812c9d3f253c/26.82.96.248:49695].

--------------------------------------------------------------------------------
2023-02-03 10:33:10.540 [Info] Disconnected [1bb3d615-c258-423e-b4bf-812c9d3f253c].

--------------------------------------------------------------------------------
2023-02-03 10:33:10.540 [Debug] Client disconnected (PCC->PCC)

--------------------------------------------------------------------------------
2023-02-03 10:33:52.906 [Debug] hail Time=84 Offset=63811017232624 Real=63811017232708

--------------------------------------------------------------------------------
2023-02-03 10:33:52.906 [Debug] local Time=58242 Offset=63811017174663 Real=63811017232906

--------------------------------------------------------------------------------
2023-02-03 10:33:52.906 [Debug] real delta=197

--------------------------------------------------------------------------------
2023-02-03 10:33:52.906 [Debug] NCPing=-1000

--------------------------------------------------------------------------------
2023-02-03 10:33:52.906 [Info] Connection approved [60b23fac-0860-4e00-8dc9-af608ab122c8].

--------------------------------------------------------------------------------
2023-02-03 10:33:52.913 [Debug] Connection established to remote [60b23fac-0860-4e00-8dc9-af608ab122c8/26.82.96.248:49547].

--------------------------------------------------------------------------------
2023-02-03 10:33:52.913 [Info] Connected [60b23fac-0860-4e00-8dc9-af608ab122c8].

--------------------------------------------------------------------------------
2023-02-03 10:34:30.566 [Debug] StatusChanged: [NetIncomingMessage #71 14 bytes] [Disconnected]

--------------------------------------------------------------------------------
2023-02-03 10:34:30.566 [Debug] Connection terminated to remote [60b23fac-0860-4e00-8dc9-af608ab122c8/26.82.96.248:49547].

--------------------------------------------------------------------------------
2023-02-03 10:34:30.566 [Info] Disconnected [60b23fac-0860-4e00-8dc9-af608ab122c8].

--------------------------------------------------------------------------------
2023-02-03 10:34:30.566 [Debug] Client disconnected (PCC->PCC)

--------------------------------------------------------------------------------
2023-02-03 10:36:37.773 [Debug] hail Time=71 Offset=63811017397494 Real=63811017397565

--------------------------------------------------------------------------------
2023-02-03 10:36:37.773 [Debug] local Time=223110 Offset=63811017174663 Real=63811017397773

--------------------------------------------------------------------------------
2023-02-03 10:36:37.773 [Debug] real delta=208

--------------------------------------------------------------------------------
2023-02-03 10:36:37.773 [Debug] NCPing=-1000

--------------------------------------------------------------------------------
2023-02-03 10:36:37.773 [Info] Connection approved [f5c84c5f-260d-4189-bf42-ef584b12ec18].

--------------------------------------------------------------------------------
2023-02-03 10:36:37.784 [Debug] Connection established to remote [f5c84c5f-260d-4189-bf42-ef584b12ec18/26.82.96.248:61206].

--------------------------------------------------------------------------------
2023-02-03 10:36:37.784 [Info] Connected [f5c84c5f-260d-4189-bf42-ef584b12ec18].

--------------------------------------------------------------------------------
2023-02-03 10:37:10.532 [Debug] StatusChanged: [NetIncomingMessage #0 14 bytes] [Disconnected]

--------------------------------------------------------------------------------
2023-02-03 10:37:10.533 [Debug] Connection terminated to remote [f5c84c5f-260d-4189-bf42-ef584b12ec18/26.82.96.248:61206].

--------------------------------------------------------------------------------
2023-02-03 10:37:10.533 [Info] Disconnected [f5c84c5f-260d-4189-bf42-ef584b12ec18].

--------------------------------------------------------------------------------
2023-02-03 10:37:10.533 [Debug] Client disconnected (PCC->PCC)

--------------------------------------------------------------------------------
2023-02-03 10:46:24.567 [Debug] hail Time=149 Offset=63811017984217 Real=63811017984366

--------------------------------------------------------------------------------
2023-02-03 10:46:24.567 [Debug] local Time=809904 Offset=63811017174663 Real=63811017984567

--------------------------------------------------------------------------------
2023-02-03 10:46:24.567 [Debug] real delta=200

--------------------------------------------------------------------------------
2023-02-03 10:46:24.567 [Debug] NCPing=-1000

--------------------------------------------------------------------------------
2023-02-03 10:46:24.568 [Info] Connection approved [bdbfd6f1-fa76-4121-b9b1-50082ebf40b9].

--------------------------------------------------------------------------------
2023-02-03 10:46:24.578 [Debug] Connection established to remote [bdbfd6f1-fa76-4121-b9b1-50082ebf40b9/26.82.96.248:60724].

--------------------------------------------------------------------------------
2023-02-03 10:46:24.578 [Info] Connected [bdbfd6f1-fa76-4121-b9b1-50082ebf40b9].

--------------------------------------------------------------------------------
2023-02-03 10:46:39.928 [Debug] StatusChanged: [NetIncomingMessage #0 14 bytes] [Disconnected]

--------------------------------------------------------------------------------
2023-02-03 10:46:39.928 [Debug] Connection terminated to remote [bdbfd6f1-fa76-4121-b9b1-50082ebf40b9/26.82.96.248:60724].

--------------------------------------------------------------------------------
2023-02-03 10:46:39.928 [Info] Disconnected [bdbfd6f1-fa76-4121-b9b1-50082ebf40b9].

--------------------------------------------------------------------------------
2023-02-03 10:46:39.928 [Debug] Client disconnected (PCC->PCC)

--------------------------------------------------------------------------------
2023-02-03 10:47:27.970 [Debug] hail Time=85 Offset=63811018047688 Real=63811018047773

--------------------------------------------------------------------------------
2023-02-03 10:47:27.971 [Debug] local Time=873307 Offset=63811017174663 Real=63811018047971

--------------------------------------------------------------------------------
2023-02-03 10:47:27.971 [Debug] real delta=197

--------------------------------------------------------------------------------
2023-02-03 10:47:27.971 [Debug] NCPing=-1000

--------------------------------------------------------------------------------
2023-02-03 10:47:27.971 [Info] Connection approved [b3d05508-137a-430a-bc5c-c1026d95401d].

--------------------------------------------------------------------------------
2023-02-03 10:47:27.982 [Debug] Connection established to remote [b3d05508-137a-430a-bc5c-c1026d95401d/26.82.96.248:55864].

--------------------------------------------------------------------------------
2023-02-03 10:47:27.982 [Info] Connected [b3d05508-137a-430a-bc5c-c1026d95401d].

--------------------------------------------------------------------------------
2023-02-03 13:39:34.563 [Debug] StatusChanged: [NetIncomingMessage #0 22 bytes] [Disconnected]

--------------------------------------------------------------------------------
2023-02-03 13:39:34.902 [Debug] Connection terminated to remote [b3d05508-137a-430a-bc5c-c1026d95401d/26.82.96.248:55864].

--------------------------------------------------------------------------------
2023-02-03 13:39:34.902 [Info] Disconnected [b3d05508-137a-430a-bc5c-c1026d95401d].

--------------------------------------------------------------------------------
2023-02-03 13:39:34.902 [Debug] Client disconnected (PCC->PCC)

--------------------------------------------------------------------------------
2023-02-03 13:39:41.067 [Debug] hail Time=11200296 Offset=63811017174694 Real=63811028374991

--------------------------------------------------------------------------------
2023-02-03 13:39:41.067 [Debug] local Time=11206403 Offset=63811017174663 Real=63811028381067

--------------------------------------------------------------------------------
2023-02-03 13:39:41.067 [Debug] real delta=6075

--------------------------------------------------------------------------------
2023-02-03 13:39:41.067 [Debug] NCPing=-1000

--------------------------------------------------------------------------------
2023-02-03 13:39:41.068 [Info] Connection approved [d5e24b43-15fc-4083-9739-893f8bff2d7a].

--------------------------------------------------------------------------------
2023-02-03 13:39:41.070 [Debug] Connection established to remote [d5e24b43-15fc-4083-9739-893f8bff2d7a/26.82.96.248:62684].

--------------------------------------------------------------------------------
2023-02-03 13:39:41.070 [Info] Connected [d5e24b43-15fc-4083-9739-893f8bff2d7a].

--------------------------------------------------------------------------------
2023-02-03 14:03:06.290 [Debug] StatusChanged: [NetIncomingMessage #0 14 bytes] [Disconnected]

--------------------------------------------------------------------------------
2023-02-03 14:03:06.290 [Debug] Connection terminated to remote [d5e24b43-15fc-4083-9739-893f8bff2d7a/26.82.96.248:62684].

--------------------------------------------------------------------------------
2023-02-03 14:03:06.290 [Info] Disconnected [d5e24b43-15fc-4083-9739-893f8bff2d7a].

--------------------------------------------------------------------------------
2023-02-03 14:03:06.290 [Debug] Client disconnected (PCC->PCC)

--------------------------------------------------------------------------------
2023-02-03 15:01:32.057 [Debug] hail Time=74 Offset=63811033291776 Real=63811033291850

--------------------------------------------------------------------------------
2023-02-03 15:01:32.057 [Debug] local Time=16117383 Offset=63811017174663 Real=63811033292047

--------------------------------------------------------------------------------
2023-02-03 15:01:32.057 [Debug] real delta=196

--------------------------------------------------------------------------------
2023-02-03 15:01:32.057 [Debug] NCPing=-1000

--------------------------------------------------------------------------------
2023-02-03 15:01:32.058 [Info] Connection approved [5b163573-4757-4441-a97d-5a472918fc71].

--------------------------------------------------------------------------------
2023-02-03 15:01:32.066 [Debug] Connection established to remote [5b163573-4757-4441-a97d-5a472918fc71/26.82.96.248:64579].

--------------------------------------------------------------------------------
2023-02-03 15:01:32.066 [Info] Connected [5b163573-4757-4441-a97d-5a472918fc71].

--------------------------------------------------------------------------------
2023-02-03 15:01:54.419 [Debug] StatusChanged: [NetIncomingMessage #0 14 bytes] [Disconnected]

--------------------------------------------------------------------------------
2023-02-03 15:01:54.419 [Debug] Connection terminated to remote [5b163573-4757-4441-a97d-5a472918fc71/26.82.96.248:64579].

--------------------------------------------------------------------------------
2023-02-03 15:01:54.419 [Info] Disconnected [5b163573-4757-4441-a97d-5a472918fc71].

--------------------------------------------------------------------------------
2023-02-03 15:01:54.419 [Debug] Client disconnected (PCC->PCC)

--------------------------------------------------------------------------------
2023-02-03 15:05:17.910 [Debug] hail Time=61 Offset=63811033517638 Real=63811033517700

--------------------------------------------------------------------------------
2023-02-03 15:05:17.910 [Debug] local Time=16343246 Offset=63811017174663 Real=63811033517910

--------------------------------------------------------------------------------
2023-02-03 15:05:17.910 [Debug] real delta=209

--------------------------------------------------------------------------------
2023-02-03 15:05:17.910 [Debug] NCPing=-1000

--------------------------------------------------------------------------------
2023-02-03 15:05:17.911 [Info] Connection approved [5f310d64-2d6e-41f6-800f-a04b9a42eb8d].

--------------------------------------------------------------------------------
2023-02-03 15:05:17.926 [Debug] Connection established to remote [5f310d64-2d6e-41f6-800f-a04b9a42eb8d/26.82.96.248:53360].

--------------------------------------------------------------------------------
2023-02-03 15:05:17.926 [Info] Connected [5f310d64-2d6e-41f6-800f-a04b9a42eb8d].

--------------------------------------------------------------------------------
2023-02-03 15:16:27.449 [Debug] StatusChanged: [NetIncomingMessage #0 10 bytes] [Disconnected]

--------------------------------------------------------------------------------
2023-02-03 15:16:27.449 [Debug] Connection terminated to remote [5f310d64-2d6e-41f6-800f-a04b9a42eb8d/26.82.96.248:53360].

--------------------------------------------------------------------------------
2023-02-03 15:16:27.449 [Info] Disconnected [5f310d64-2d6e-41f6-800f-a04b9a42eb8d].

--------------------------------------------------------------------------------
2023-02-03 15:16:27.449 [Debug] Client disconnected (PCC->PCC)

--------------------------------------------------------------------------------
2023-02-03 15:16:35.282 [Debug] hail Time=76 Offset=63811034195000 Real=63811034195076

--------------------------------------------------------------------------------
2023-02-03 15:16:35.282 [Debug] local Time=17020619 Offset=63811017174663 Real=63811034195282

--------------------------------------------------------------------------------
2023-02-03 15:16:35.282 [Debug] real delta=206

--------------------------------------------------------------------------------
2023-02-03 15:16:35.282 [Debug] NCPing=-1000

--------------------------------------------------------------------------------
2023-02-03 15:16:35.283 [Info] Connection approved [19e2a339-7f98-46f0-924b-4e9a01aa3a77].

--------------------------------------------------------------------------------
2023-02-03 15:16:35.304 [Debug] Connection established to remote [19e2a339-7f98-46f0-924b-4e9a01aa3a77/26.82.96.248:49461].

--------------------------------------------------------------------------------
2023-02-03 15:16:35.305 [Info] Connected [19e2a339-7f98-46f0-924b-4e9a01aa3a77].

--------------------------------------------------------------------------------
2023-02-03 15:16:54.032 [Debug] StatusChanged: [NetIncomingMessage #0 14 bytes] [Disconnected]

--------------------------------------------------------------------------------
2023-02-03 15:16:54.032 [Debug] Connection terminated to remote [19e2a339-7f98-46f0-924b-4e9a01aa3a77/26.82.96.248:49461].

--------------------------------------------------------------------------------
2023-02-03 15:16:54.032 [Info] Disconnected [19e2a339-7f98-46f0-924b-4e9a01aa3a77].

--------------------------------------------------------------------------------
2023-02-03 15:16:54.032 [Debug] Client disconnected (PCC->PCC)

--------------------------------------------------------------------------------
2023-02-03 15:18:33.022 [Debug] hail Time=67 Offset=63811034312733 Real=63811034312801

--------------------------------------------------------------------------------
2023-02-03 15:18:33.022 [Debug] local Time=17138358 Offset=63811017174663 Real=63811034313022

--------------------------------------------------------------------------------
2023-02-03 15:18:33.022 [Debug] real delta=220

--------------------------------------------------------------------------------
2023-02-03 15:18:33.022 [Debug] NCPing=-1000

--------------------------------------------------------------------------------
2023-02-03 15:18:33.023 [Info] Connection approved [f4244d16-2d31-49ee-9aa3-d4d2a69243a3].

--------------------------------------------------------------------------------
2023-02-03 15:18:33.034 [Debug] Connection established to remote [f4244d16-2d31-49ee-9aa3-d4d2a69243a3/26.82.96.248:64024].

--------------------------------------------------------------------------------
2023-02-03 15:18:33.034 [Info] Connected [f4244d16-2d31-49ee-9aa3-d4d2a69243a3].

--------------------------------------------------------------------------------
2023-02-03 15:34:49.082 [Debug] StatusChanged: [NetIncomingMessage #414 14 bytes] [Disconnected]

--------------------------------------------------------------------------------
2023-02-03 15:34:49.082 [Debug] Connection terminated to remote [f4244d16-2d31-49ee-9aa3-d4d2a69243a3/26.82.96.248:64024].

--------------------------------------------------------------------------------
2023-02-03 15:34:49.082 [Info] Disconnected [f4244d16-2d31-49ee-9aa3-d4d2a69243a3].

--------------------------------------------------------------------------------
2023-02-03 15:34:49.082 [Debug] Client disconnected (PCC->PCC)

--------------------------------------------------------------------------------
2023-02-03 15:34:51.983 [Debug] hail Time=66 Offset=63811035291713 Real=63811035291779

--------------------------------------------------------------------------------
2023-02-03 15:34:51.983 [Debug] local Time=18117319 Offset=63811017174663 Real=63811035291983

--------------------------------------------------------------------------------
2023-02-03 15:34:51.983 [Debug] real delta=203

--------------------------------------------------------------------------------
2023-02-03 15:34:51.983 [Debug] NCPing=-1000

--------------------------------------------------------------------------------
2023-02-03 15:34:51.984 [Info] Connection approved [cbf3ae6f-e43c-407b-9b3a-36efb4d89870].

--------------------------------------------------------------------------------
2023-02-03 15:34:51.993 [Debug] Connection established to remote [cbf3ae6f-e43c-407b-9b3a-36efb4d89870/26.82.96.248:58563].

--------------------------------------------------------------------------------
2023-02-03 15:34:51.993 [Info] Connected [cbf3ae6f-e43c-407b-9b3a-36efb4d89870].

--------------------------------------------------------------------------------
2023-02-03 15:35:06.145 [Debug] StatusChanged: [NetIncomingMessage #41 14 bytes] [Disconnected]

--------------------------------------------------------------------------------
2023-02-03 15:35:06.145 [Debug] Connection terminated to remote [cbf3ae6f-e43c-407b-9b3a-36efb4d89870/26.82.96.248:58563].

--------------------------------------------------------------------------------
2023-02-03 15:35:06.145 [Info] Disconnected [cbf3ae6f-e43c-407b-9b3a-36efb4d89870].

--------------------------------------------------------------------------------
2023-02-03 15:35:06.145 [Debug] Client disconnected (PCC->PCC)

--------------------------------------------------------------------------------
2023-02-03 15:36:26.321 [Debug] hail Time=51 Offset=63811035386063 Real=63811035386115

--------------------------------------------------------------------------------
2023-02-03 15:36:26.321 [Debug] local Time=18211658 Offset=63811017174663 Real=63811035386321

--------------------------------------------------------------------------------
2023-02-03 15:36:26.321 [Debug] real delta=206

--------------------------------------------------------------------------------
2023-02-03 15:36:26.321 [Debug] NCPing=-1000

--------------------------------------------------------------------------------
2023-02-03 15:36:26.321 [Info] Connection approved [7cea546a-a3e5-4bf4-825e-bc95d8eda624].

--------------------------------------------------------------------------------
2023-02-03 15:36:26.329 [Debug] Connection established to remote [7cea546a-a3e5-4bf4-825e-bc95d8eda624/26.82.96.248:49487].

--------------------------------------------------------------------------------
2023-02-03 15:36:26.329 [Info] Connected [7cea546a-a3e5-4bf4-825e-bc95d8eda624].

--------------------------------------------------------------------------------
2023-02-03 15:42:11.926 [Debug] StatusChanged: [NetIncomingMessage #0 10 bytes] [Disconnected]

--------------------------------------------------------------------------------
2023-02-03 15:42:11.926 [Debug] Connection terminated to remote [7cea546a-a3e5-4bf4-825e-bc95d8eda624/26.82.96.248:49487].

--------------------------------------------------------------------------------
2023-02-03 15:42:11.926 [Info] Disconnected [7cea546a-a3e5-4bf4-825e-bc95d8eda624].

--------------------------------------------------------------------------------
2023-02-03 15:42:11.926 [Debug] Client disconnected (PCC->PCC)

--------------------------------------------------------------------------------
2023-02-03 15:42:26.474 [Debug] hail Time=89 Offset=63811035746174 Real=63811035746263

--------------------------------------------------------------------------------
2023-02-03 15:42:26.474 [Debug] local Time=18571811 Offset=63811017174663 Real=63811035746474

--------------------------------------------------------------------------------
2023-02-03 15:42:26.474 [Debug] real delta=211

--------------------------------------------------------------------------------
2023-02-03 15:42:26.474 [Debug] NCPing=-1000

--------------------------------------------------------------------------------
2023-02-03 15:42:26.474 [Info] Connection approved [11930c2b-a282-4123-a3f0-aff2415777cb].

--------------------------------------------------------------------------------
2023-02-03 15:42:26.482 [Debug] Connection established to remote [11930c2b-a282-4123-a3f0-aff2415777cb/26.82.96.248:52246].

--------------------------------------------------------------------------------
2023-02-03 15:42:26.482 [Info] Connected [11930c2b-a282-4123-a3f0-aff2415777cb].

--------------------------------------------------------------------------------
2023-02-03 15:45:50.836 [Debug] StatusChanged: [NetIncomingMessage #0 10 bytes] [Disconnected]

--------------------------------------------------------------------------------
2023-02-03 15:45:50.836 [Debug] Connection terminated to remote [11930c2b-a282-4123-a3f0-aff2415777cb/26.82.96.248:52246].

--------------------------------------------------------------------------------
2023-02-03 15:45:50.836 [Info] Disconnected [11930c2b-a282-4123-a3f0-aff2415777cb].

--------------------------------------------------------------------------------
2023-02-03 15:45:50.836 [Debug] Client disconnected (PCC->PCC)

--------------------------------------------------------------------------------
2023-02-03 15:45:53.641 [Debug] hail Time=55 Offset=63811035953380 Real=63811035953435

--------------------------------------------------------------------------------
2023-02-03 15:45:53.641 [Debug] local Time=18778978 Offset=63811017174663 Real=63811035953641

--------------------------------------------------------------------------------
2023-02-03 15:45:53.641 [Debug] real delta=206

--------------------------------------------------------------------------------
2023-02-03 15:45:53.641 [Debug] NCPing=-1000

--------------------------------------------------------------------------------
2023-02-03 15:45:53.642 [Info] Connection approved [bf2172e2-e277-4c8a-9f3b-2a01993598e2].

--------------------------------------------------------------------------------
2023-02-03 15:45:53.651 [Debug] Connection established to remote [bf2172e2-e277-4c8a-9f3b-2a01993598e2/26.82.96.248:53869].

--------------------------------------------------------------------------------
2023-02-03 15:45:53.651 [Info] Connected [bf2172e2-e277-4c8a-9f3b-2a01993598e2].

--------------------------------------------------------------------------------
2023-02-03 15:46:35.640 [Debug] StatusChanged: [NetIncomingMessage #0 14 bytes] [Disconnected]

--------------------------------------------------------------------------------
2023-02-03 15:46:35.640 [Debug] Connection terminated to remote [bf2172e2-e277-4c8a-9f3b-2a01993598e2/26.82.96.248:53869].

--------------------------------------------------------------------------------
2023-02-03 15:46:35.641 [Info] Disconnected [bf2172e2-e277-4c8a-9f3b-2a01993598e2].

--------------------------------------------------------------------------------
2023-02-03 15:46:35.641 [Debug] Client disconnected (PCC->PCC)

--------------------------------------------------------------------------------
2023-02-03 15:47:09.746 [Debug] hail Time=80 Offset=63811036029467 Real=63811036029547

--------------------------------------------------------------------------------
2023-02-03 15:47:09.746 [Debug] local Time=18855077 Offset=63811017174663 Real=63811036029740

--------------------------------------------------------------------------------
2023-02-03 15:47:09.746 [Debug] real delta=192

--------------------------------------------------------------------------------
2023-02-03 15:47:09.746 [Debug] NCPing=-1000

--------------------------------------------------------------------------------
2023-02-03 15:47:09.746 [Info] Connection approved [0094677f-3755-419c-9b0f-c8b2ffaa733b].

--------------------------------------------------------------------------------
2023-02-03 15:47:09.759 [Debug] Connection established to remote [0094677f-3755-419c-9b0f-c8b2ffaa733b/26.82.96.248:58603].

--------------------------------------------------------------------------------
2023-02-03 15:47:09.759 [Info] Connected [0094677f-3755-419c-9b0f-c8b2ffaa733b].

--------------------------------------------------------------------------------
2023-02-03 15:47:56.971 [Debug] StatusChanged: [NetIncomingMessage #0 14 bytes] [Disconnected]

--------------------------------------------------------------------------------
2023-02-03 15:47:56.971 [Debug] Connection terminated to remote [0094677f-3755-419c-9b0f-c8b2ffaa733b/26.82.96.248:58603].

--------------------------------------------------------------------------------
2023-02-03 15:47:56.971 [Info] Disconnected [0094677f-3755-419c-9b0f-c8b2ffaa733b].

--------------------------------------------------------------------------------
2023-02-03 15:47:56.971 [Debug] Client disconnected (PCC->PCC)

--------------------------------------------------------------------------------
2023-02-03 16:08:48.048 [Debug] hail Time=0 Offset=63811037327813 Real=63811037327813

--------------------------------------------------------------------------------
2023-02-03 16:08:48.048 [Debug] local Time=20153384 Offset=63811017174663 Real=63811037328048

--------------------------------------------------------------------------------
2023-02-03 16:08:48.048 [Debug] real delta=234

--------------------------------------------------------------------------------
2023-02-03 16:08:48.048 [Debug] NCPing=-1000

--------------------------------------------------------------------------------
2023-02-03 16:08:48.049 [Info] Connection approved [45c2b452-0251-44de-bd61-4818be3a091b].

--------------------------------------------------------------------------------
2023-02-03 16:08:48.058 [Debug] Connection established to remote [45c2b452-0251-44de-bd61-4818be3a091b/26.82.96.248:63445].

--------------------------------------------------------------------------------
2023-02-03 16:08:48.058 [Info] Connected [45c2b452-0251-44de-bd61-4818be3a091b].

--------------------------------------------------------------------------------
2023-02-03 16:09:17.447 [Debug] hail Time=74 Offset=63811037357165 Real=63811037357240

--------------------------------------------------------------------------------
2023-02-03 16:09:17.447 [Debug] local Time=20182774 Offset=63811017174663 Real=63811037357437

--------------------------------------------------------------------------------
2023-02-03 16:09:17.447 [Debug] real delta=196

--------------------------------------------------------------------------------
2023-02-03 16:09:17.447 [Debug] NCPing=-1000

--------------------------------------------------------------------------------
2023-02-03 16:09:17.447 [Info] Connection approved [73b8fc43-c863-4f6b-837f-f346e3b57308].

--------------------------------------------------------------------------------
2023-02-03 16:09:17.459 [Debug] Connection established to remote [73b8fc43-c863-4f6b-837f-f346e3b57308/26.82.96.248:54136].

--------------------------------------------------------------------------------
2023-02-03 16:09:17.459 [Info] Connected [73b8fc43-c863-4f6b-837f-f346e3b57308].

--------------------------------------------------------------------------------
2023-02-03 16:23:41.515 [Debug] StatusChanged: [NetIncomingMessage #0 14 bytes] [Disconnected]

--------------------------------------------------------------------------------
2023-02-03 16:23:41.516 [Debug] Connection terminated to remote [73b8fc43-c863-4f6b-837f-f346e3b57308/26.82.96.248:54136].

--------------------------------------------------------------------------------
2023-02-03 16:23:41.516 [Info] Disconnected [73b8fc43-c863-4f6b-837f-f346e3b57308].

--------------------------------------------------------------------------------
2023-02-03 16:23:41.516 [Debug] Client disconnected (PCC->PCC)

--------------------------------------------------------------------------------
2023-02-03 16:23:46.428 [Debug] hail Time=60 Offset=63811038226154 Real=63811038226214

--------------------------------------------------------------------------------
2023-02-03 16:23:46.428 [Debug] local Time=21051765 Offset=63811017174663 Real=63811038226428

--------------------------------------------------------------------------------
2023-02-03 16:23:46.428 [Debug] real delta=213

--------------------------------------------------------------------------------
2023-02-03 16:23:46.428 [Debug] NCPing=-1000

--------------------------------------------------------------------------------
2023-02-03 16:23:46.429 [Info] Connection approved [977015db-8f1b-4e79-aab4-798deb4e5df1].

--------------------------------------------------------------------------------
2023-02-03 16:23:46.441 [Debug] Connection established to remote [977015db-8f1b-4e79-aab4-798deb4e5df1/26.82.96.248:49293].

--------------------------------------------------------------------------------
2023-02-03 16:23:46.441 [Info] Connected [977015db-8f1b-4e79-aab4-798deb4e5df1].

--------------------------------------------------------------------------------
2023-02-03 16:26:02.284 [Debug] StatusChanged: [NetIncomingMessage #39 14 bytes] [Disconnected]

--------------------------------------------------------------------------------
2023-02-03 16:26:02.284 [Debug] Connection terminated to remote [977015db-8f1b-4e79-aab4-798deb4e5df1/26.82.96.248:49293].

--------------------------------------------------------------------------------
2023-02-03 16:26:02.284 [Info] Disconnected [977015db-8f1b-4e79-aab4-798deb4e5df1].

--------------------------------------------------------------------------------
2023-02-03 16:26:02.284 [Debug] Client disconnected (PCC->PCC)

--------------------------------------------------------------------------------
2023-02-03 16:26:12.550 [Debug] hail Time=56 Offset=63811038372278 Real=63811038372334

--------------------------------------------------------------------------------
2023-02-03 16:26:12.550 [Debug] local Time=21197886 Offset=63811017174663 Real=63811038372550

--------------------------------------------------------------------------------
2023-02-03 16:26:12.550 [Debug] real delta=215

--------------------------------------------------------------------------------
2023-02-03 16:26:12.550 [Debug] NCPing=-1000

--------------------------------------------------------------------------------
2023-02-03 16:26:12.551 [Info] Connection approved [d5e4472d-bdff-45d4-ab41-f042684cd6c8].

--------------------------------------------------------------------------------
2023-02-03 16:26:12.558 [Debug] Connection established to remote [d5e4472d-bdff-45d4-ab41-f042684cd6c8/26.82.96.248:50886].

--------------------------------------------------------------------------------
2023-02-03 16:26:12.558 [Info] Connected [d5e4472d-bdff-45d4-ab41-f042684cd6c8].

--------------------------------------------------------------------------------
2023-02-03 16:26:50.087 [Debug] StatusChanged: [NetIncomingMessage #0 14 bytes] [Disconnected]

--------------------------------------------------------------------------------
2023-02-03 16:26:50.087 [Debug] Connection terminated to remote [d5e4472d-bdff-45d4-ab41-f042684cd6c8/26.82.96.248:50886].

--------------------------------------------------------------------------------
2023-02-03 16:26:50.087 [Info] Disconnected [d5e4472d-bdff-45d4-ab41-f042684cd6c8].

--------------------------------------------------------------------------------
2023-02-03 16:26:50.087 [Debug] Client disconnected (PCC->PCC)

--------------------------------------------------------------------------------
2023-02-03 16:37:02.511 [Debug] StatusChanged: [NetIncomingMessage #0 10 bytes] [Disconnected]

--------------------------------------------------------------------------------
2023-02-03 16:37:02.511 [Debug] Connection terminated to remote [45c2b452-0251-44de-bd61-4818be3a091b/26.82.96.248:63445].

--------------------------------------------------------------------------------
2023-02-03 16:37:02.511 [Info] Disconnected [45c2b452-0251-44de-bd61-4818be3a091b].

--------------------------------------------------------------------------------
2023-02-03 16:37:02.511 [Debug] Client disconnected (PCC->[editor])

--------------------------------------------------------------------------------
2023-02-03 16:37:06.441 [Debug] hail Time=0 Offset=63811039026220 Real=63811039026220

--------------------------------------------------------------------------------
2023-02-03 16:37:06.441 [Debug] local Time=21851778 Offset=63811017174663 Real=63811039026441

--------------------------------------------------------------------------------
2023-02-03 16:37:06.441 [Debug] real delta=221

--------------------------------------------------------------------------------
2023-02-03 16:37:06.441 [Debug] NCPing=-1000

--------------------------------------------------------------------------------
2023-02-03 16:37:06.442 [Info] Connection approved [4b3e7516-e401-4c83-abc9-b088c22d77ff].

--------------------------------------------------------------------------------
2023-02-03 16:37:06.454 [Debug] Connection established to remote [4b3e7516-e401-4c83-abc9-b088c22d77ff/26.82.96.248:57919].

--------------------------------------------------------------------------------
2023-02-03 16:37:06.454 [Info] Connected [4b3e7516-e401-4c83-abc9-b088c22d77ff].

--------------------------------------------------------------------------------
2023-02-03 16:38:55.016 [Debug] hail Time=52 Offset=63811039134750 Real=63811039134802

--------------------------------------------------------------------------------
2023-02-03 16:38:55.016 [Debug] local Time=21960352 Offset=63811017174663 Real=63811039135016

--------------------------------------------------------------------------------
2023-02-03 16:38:55.016 [Debug] real delta=213

--------------------------------------------------------------------------------
2023-02-03 16:38:55.016 [Debug] NCPing=-1000

--------------------------------------------------------------------------------
2023-02-03 16:38:55.017 [Info] Connection approved [503e085e-3f90-40b5-af8a-c0a002854646].

--------------------------------------------------------------------------------
2023-02-03 16:38:55.037 [Debug] Connection established to remote [503e085e-3f90-40b5-af8a-c0a002854646/26.82.96.248:56983].

--------------------------------------------------------------------------------
2023-02-03 16:38:55.037 [Info] Connected [503e085e-3f90-40b5-af8a-c0a002854646].

--------------------------------------------------------------------------------
2023-02-03 16:40:06.600 [Debug] StatusChanged: [NetIncomingMessage #0 14 bytes] [Disconnected]

--------------------------------------------------------------------------------
2023-02-03 16:40:06.600 [Debug] Connection terminated to remote [503e085e-3f90-40b5-af8a-c0a002854646/26.82.96.248:56983].

--------------------------------------------------------------------------------
2023-02-03 16:40:06.600 [Info] Disconnected [503e085e-3f90-40b5-af8a-c0a002854646].

--------------------------------------------------------------------------------
2023-02-03 16:40:06.600 [Debug] Client disconnected (PCC->PCC)

--------------------------------------------------------------------------------
2023-02-03 17:21:53.111 [Info] Acquiring context lock... (0ms)

--------------------------------------------------------------------------------
2023-02-03 17:21:53.111 [Info] Acquired. (0ms)

--------------------------------------------------------------------------------
2023-02-03 17:21:53.113 [Info] Beginning context dispose. (0ms)

--------------------------------------------------------------------------------
2023-02-03 17:21:53.116 [Info] Disposing network... (0ms)

--------------------------------------------------------------------------------
2023-02-03 17:21:53.118 [Debug] StatusChanged: [NetIncomingMessage #0 10 bytes] [Disconnecting]

--------------------------------------------------------------------------------
2023-02-03 17:21:53.118 [Info] Saving updated server variable values

--------------------------------------------------------------------------------
2023-02-03 17:21:53.118 [Info] Saving online users/players... (2ms)

--------------------------------------------------------------------------------
2023-02-03 17:21:53.119 [Info] Saving loaded guilds....

--------------------------------------------------------------------------------
2023-02-03 17:21:53.119 [Info] Online users/players saved. (3ms)

--------------------------------------------------------------------------------
2023-02-03 17:21:53.119 [Info] Shutting down the API... (3ms)

--------------------------------------------------------------------------------
2023-02-03 17:21:53.122 [Info] Shutting down the console thread... (6ms)

--------------------------------------------------------------------------------
2023-02-03 17:21:53.123 [Debug] StatusChanged: [NetIncomingMessage #0 14 bytes] [Disconnected]

--------------------------------------------------------------------------------
2023-02-03 17:21:54.123 [Info] Base dispose. (1007ms)

--------------------------------------------------------------------------------
2023-02-03 17:21:54.123 [Info] Finished disposing server context. (1007ms)

--------------------------------------------------------------------------------
