2022-12-14 06:53:01.226 [Debug] Loaded new formula from BaseExp * Power(Gain, Level).

--------------------------------------------------------------------------------
2022-12-14 06:53:01.257 [Debug] Loaded new formula from BaseExp * Power(Gain, Level).

--------------------------------------------------------------------------------
2022-12-14 06:53:06.431 [Warn] Directory was specified as a plugin directory but does not exist: 'resources\plugins'

--------------------------------------------------------------------------------
2022-12-14 06:53:06.437 [Info] Discovered 0 plugins:


--------------------------------------------------------------------------------
Listening on 0.0.0.0:5400.

--------------------------------------------------------------------------------
UPnP Service Initialization Succeeded

--------------------------------------------------------------------------------
Successfully auto port forwarded udp port 5400 using UPnP.

--------------------------------------------------------------------------------
Successfully auto port forwarded tcp port 5400 using UPnP.

--------------------------------------------------------------------------------
2022-12-14 06:53:09.729 [Info] Acquiring context lock... (0ms)

--------------------------------------------------------------------------------
2022-12-14 06:53:09.729 [Info] Acquired. (0ms)

--------------------------------------------------------------------------------
2022-12-14 06:53:09.732 [Info] Beginning context dispose. (0ms)

--------------------------------------------------------------------------------
2022-12-14 06:53:09.736 [Info] Disposing network... (0ms)

--------------------------------------------------------------------------------
2022-12-14 06:53:09.740 [Info] Saving updated server variable values

--------------------------------------------------------------------------------
2022-12-14 06:53:09.741 [Info] Saving online users/players... (5ms)

--------------------------------------------------------------------------------
2022-12-14 06:53:09.801 [Info] Saving loaded guilds....

--------------------------------------------------------------------------------
2022-12-14 06:53:09.801 [Info] Online users/players saved. (65ms)

--------------------------------------------------------------------------------
2022-12-14 06:53:09.801 [Info] Shutting down the API... (65ms)

--------------------------------------------------------------------------------
2022-12-14 06:53:09.810 [Info] Base dispose. (73ms)

--------------------------------------------------------------------------------
2022-12-14 06:53:09.810 [Info] Finished disposing server context. (74ms)

--------------------------------------------------------------------------------
