2023-01-30 13:58:30.951 [Debug] Loaded new formula from BaseExp * Power(Gain, Level).

--------------------------------------------------------------------------------
2023-01-30 13:58:30.955 [Debug] Loaded new formula from BaseExp * Power(Gain, Level).

--------------------------------------------------------------------------------
2023-01-30 13:58:32.733 [Warn] Directory was specified as a plugin directory but does not exist: 'resources\plugins'

--------------------------------------------------------------------------------
2023-01-30 13:58:32.740 [Info] Discovered 0 plugins:


--------------------------------------------------------------------------------
Listening on 0.0.0.0:5400.

--------------------------------------------------------------------------------
UPnP Service Initialization Succeeded

--------------------------------------------------------------------------------
Successfully auto port forwarded udp port 5400 using UPnP.

--------------------------------------------------------------------------------
Successfully auto port forwarded tcp port 5400 using UPnP.

--------------------------------------------------------------------------------
2023-01-30 13:58:36.206 [Debug] hail Time=0 Offset=63810683915840 Real=63810683915840

--------------------------------------------------------------------------------
2023-01-30 13:58:36.206 [Debug] local Time=3532 Offset=63810683912665 Real=63810683916197

--------------------------------------------------------------------------------
2023-01-30 13:58:36.206 [Debug] real delta=357

--------------------------------------------------------------------------------
2023-01-30 13:58:36.206 [Debug] NCPing=-1000

--------------------------------------------------------------------------------
2023-01-30 13:58:36.241 [Info] Connection approved [6772f72d-e217-4894-b0d5-371daf4f51e4].

--------------------------------------------------------------------------------
2023-01-30 13:58:36.265 [Debug] Connection established to remote [6772f72d-e217-4894-b0d5-371daf4f51e4/26.82.96.248:57547].

--------------------------------------------------------------------------------
2023-01-30 13:58:36.266 [Info] Connected [6772f72d-e217-4894-b0d5-371daf4f51e4].

--------------------------------------------------------------------------------
2023-01-30 13:58:39.550 [Debug] Creating new instance with ID 00000000-0000-0000-0000-000000000000 for map New Map

--------------------------------------------------------------------------------
2023-01-30 13:58:39.564 [Debug] Creating new instance with ID 00000000-0000-0000-0000-000000000000 for map New Map

--------------------------------------------------------------------------------
2023-01-30 13:58:39.564 [Debug] Creating new instance with ID 00000000-0000-0000-0000-000000000000 for map New Map

--------------------------------------------------------------------------------
2023-01-30 13:58:39.564 [Debug] Creating new instance with ID 00000000-0000-0000-0000-000000000000 for map New Map

--------------------------------------------------------------------------------
2023-01-30 13:58:56.466 [Debug] StatusChanged: [NetIncomingMessage #0 14 bytes] [Disconnected]

--------------------------------------------------------------------------------
2023-01-30 13:58:56.466 [Debug] Connection terminated to remote [6772f72d-e217-4894-b0d5-371daf4f51e4/26.82.96.248:57547].

--------------------------------------------------------------------------------
2023-01-30 13:58:56.466 [Info] Disconnected [6772f72d-e217-4894-b0d5-371daf4f51e4].

--------------------------------------------------------------------------------
2023-01-30 13:58:56.467 [Debug] Client disconnected (PCC->PCC)

--------------------------------------------------------------------------------
2023-01-30 13:58:58.913 [Debug] hail Time=0 Offset=63810683938688 Real=63810683938688

--------------------------------------------------------------------------------
2023-01-30 13:58:58.913 [Debug] local Time=26240 Offset=63810683912665 Real=63810683938905

--------------------------------------------------------------------------------
2023-01-30 13:58:58.914 [Debug] real delta=217

--------------------------------------------------------------------------------
2023-01-30 13:58:58.914 [Debug] NCPing=-1000

--------------------------------------------------------------------------------
2023-01-30 13:58:58.914 [Info] Connection approved [44f7e0a1-995a-464d-a4af-718523fd2d7f].

--------------------------------------------------------------------------------
2023-01-30 13:58:58.925 [Debug] Connection established to remote [44f7e0a1-995a-464d-a4af-718523fd2d7f/26.82.96.248:54836].

--------------------------------------------------------------------------------
2023-01-30 13:58:58.925 [Info] Connected [44f7e0a1-995a-464d-a4af-718523fd2d7f].

--------------------------------------------------------------------------------
2023-01-30 14:05:16.037 [Debug] StatusChanged: [NetIncomingMessage #0 10 bytes] [Disconnected]

--------------------------------------------------------------------------------
2023-01-30 14:05:16.037 [Debug] Connection terminated to remote [44f7e0a1-995a-464d-a4af-718523fd2d7f/26.82.96.248:54836].

--------------------------------------------------------------------------------
2023-01-30 14:05:16.037 [Info] Disconnected [44f7e0a1-995a-464d-a4af-718523fd2d7f].

--------------------------------------------------------------------------------
2023-01-30 14:05:16.037 [Debug] Client disconnected (PCC->[editor])

--------------------------------------------------------------------------------
2023-01-30 14:24:07.592 [Info] Acquiring context lock... (0ms)

--------------------------------------------------------------------------------
2023-01-30 14:24:07.593 [Info] Acquired. (0ms)

--------------------------------------------------------------------------------
2023-01-30 14:24:07.595 [Info] Beginning context dispose. (0ms)

--------------------------------------------------------------------------------
2023-01-30 14:24:07.598 [Info] Disposing network... (0ms)

--------------------------------------------------------------------------------
2023-01-30 14:24:07.601 [Info] Saving updated server variable values

--------------------------------------------------------------------------------
2023-01-30 14:24:07.601 [Info] Saving online users/players... (3ms)

--------------------------------------------------------------------------------
2023-01-30 14:24:07.601 [Info] Saving loaded guilds....

--------------------------------------------------------------------------------
2023-01-30 14:24:07.601 [Info] Online users/players saved. (3ms)

--------------------------------------------------------------------------------
2023-01-30 14:24:07.601 [Info] Shutting down the API... (3ms)

--------------------------------------------------------------------------------
2023-01-30 14:24:07.607 [Info] Shutting down the console thread... (10ms)

--------------------------------------------------------------------------------
2023-01-30 14:24:08.622 [Info] Base dispose. (1023ms)

--------------------------------------------------------------------------------
2023-01-30 14:24:08.622 [Info] Finished disposing server context. (1024ms)

--------------------------------------------------------------------------------
