2022-12-14 06:45:41.763 [Debug] Loaded new formula from BaseExp * Power(Gain, Level).

--------------------------------------------------------------------------------
2022-12-14 06:45:41.789 [Debug] Loaded new formula from BaseExp * Power(Gain, Level).

--------------------------------------------------------------------------------
2022-12-14 06:45:46.906 [Warn] Directory was specified as a plugin directory but does not exist: 'resources\plugins'

--------------------------------------------------------------------------------
2022-12-14 06:45:46.906 [Info] Discovered 0 plugins:


--------------------------------------------------------------------------------
Listening on 0.0.0.0:5400.

--------------------------------------------------------------------------------
UPnP Service Initialization Succeeded

--------------------------------------------------------------------------------
Successfully auto port forwarded udp port 5400 using UPnP.

--------------------------------------------------------------------------------
Successfully auto port forwarded tcp port 5400 using UPnP.

--------------------------------------------------------------------------------
2022-12-14 06:46:45.305 [Info] Acquiring context lock... (0ms)

--------------------------------------------------------------------------------
2022-12-14 06:46:45.305 [Info] Acquired. (0ms)

--------------------------------------------------------------------------------
2022-12-14 06:46:45.306 [Error] Received unhandled exception from System.Threading.Thread.

--------------------------------------------------------------------------------
2022-12-14 06:46:45.307 [Info] Beginning context dispose. (0ms)

--------------------------------------------------------------------------------
2022-12-14 06:46:45.309 [Error] Received unhandled exception from Name:Intersect Server.exe
There are no context policies.
.

--------------------------------------------------------------------------------
