2023-01-28 08:19:13.272 [Warn] Directory was specified as a plugin directory but does not exist: 'resources\plugins'

--------------------------------------------------------------------------------
2023-01-28 08:19:13.277 [Info] Discovered 0 plugins:


--------------------------------------------------------------------------------
Listening on 0.0.0.0:5400.

--------------------------------------------------------------------------------
2023-01-28 08:19:13.986 [Info] Connection approved [65d55512-de45-4f5b-b1df-01df285edd25].

--------------------------------------------------------------------------------
2023-01-28 08:19:14.023 [Info] Connected [65d55512-de45-4f5b-b1df-01df285edd25].

--------------------------------------------------------------------------------
UPnP Service Initialization Failed. You might not have a router, or UPnP on your router might be disabled.
NatDeviceNotFoundException: Exception of type 'Open.Nat.NatDeviceNotFoundException' was thrown.
    Stack:    at Open.Nat.NatDiscoverer.<DiscoverDeviceAsync>d__5.MoveNext()
--- End of stack trace from previous location where exception was thrown ---
   at System.Runtime.ExceptionServices.ExceptionDispatchInfo.Throw()
   at System.Runtime.CompilerServices.TaskAwaiter.HandleNonSuccessAndDebuggerNotification(Task task)
   at Intersect.Server.Networking.Helpers.UpnP.<ConnectNatDevice>d__4.MoveNext()


--------------------------------------------------------------------------------
2023-01-28 08:19:38.735 [Info] Disconnected [65d55512-de45-4f5b-b1df-01df285edd25].

--------------------------------------------------------------------------------
2023-01-28 08:19:41.922 [Info] Acquiring context lock... (0ms)

--------------------------------------------------------------------------------
2023-01-28 08:19:41.922 [Info] Acquired. (0ms)

--------------------------------------------------------------------------------
2023-01-28 08:19:41.925 [Info] Beginning context dispose. (0ms)

--------------------------------------------------------------------------------
2023-01-28 08:19:41.933 [Info] Disposing network... (1ms)

--------------------------------------------------------------------------------
2023-01-28 08:19:41.936 [Info] Saving updated server variable values

--------------------------------------------------------------------------------
2023-01-28 08:19:41.937 [Info] Saving online users/players... (4ms)

--------------------------------------------------------------------------------
2023-01-28 08:19:41.937 [Info] Saving loaded guilds....

--------------------------------------------------------------------------------
2023-01-28 08:19:41.937 [Info] Online users/players saved. (5ms)

--------------------------------------------------------------------------------
2023-01-28 08:19:41.937 [Info] Shutting down the API... (5ms)

--------------------------------------------------------------------------------
2023-01-28 08:19:41.938 [Info] Shutting down the console thread... (5ms)

--------------------------------------------------------------------------------
2023-01-28 08:19:42.951 [Info] Base dispose. (1019ms)

--------------------------------------------------------------------------------
2023-01-28 08:19:42.951 [Info] Finished disposing server context. (1019ms)

--------------------------------------------------------------------------------
