2023-01-30 18:20:17.488 [Debug] Loaded new formula from BaseExp * Power(Gain, Level).

--------------------------------------------------------------------------------
2023-01-30 18:20:17.494 [Debug] Loaded new formula from BaseExp * Power(Gain, Level).

--------------------------------------------------------------------------------
2023-01-30 18:20:19.495 [Warn] Directory was specified as a plugin directory but does not exist: 'resources\plugins'

--------------------------------------------------------------------------------
2023-01-30 18:20:19.497 [Info] Discovered 0 plugins:


--------------------------------------------------------------------------------
Listening on 0.0.0.0:5400.

--------------------------------------------------------------------------------
UPnP Service Initialization Succeeded

--------------------------------------------------------------------------------
Successfully auto port forwarded udp port 5400 using UPnP.

--------------------------------------------------------------------------------
Successfully auto port forwarded tcp port 5400 using UPnP.

--------------------------------------------------------------------------------
2023-01-30 18:20:21.763 [Debug] hail Time=471571 Offset=63810699149970 Real=63810699621542

--------------------------------------------------------------------------------
2023-01-30 18:20:21.763 [Debug] local Time=2349 Offset=63810699619413 Real=63810699621763

--------------------------------------------------------------------------------
2023-01-30 18:20:21.763 [Debug] real delta=221

--------------------------------------------------------------------------------
2023-01-30 18:20:21.763 [Debug] NCPing=-1000

--------------------------------------------------------------------------------
2023-01-30 18:20:21.798 [Info] Connection approved [580052bb-6f93-453b-a5c2-796841d2bc07].

--------------------------------------------------------------------------------
2023-01-30 18:20:21.814 [Debug] Connection established to remote [580052bb-6f93-453b-a5c2-796841d2bc07/26.82.96.248:60472].

--------------------------------------------------------------------------------
2023-01-30 18:20:21.814 [Info] Connected [580052bb-6f93-453b-a5c2-796841d2bc07].

--------------------------------------------------------------------------------
2023-01-30 18:24:40.310 [Info] Acquiring context lock... (0ms)

--------------------------------------------------------------------------------
2023-01-30 18:24:40.310 [Info] Acquired. (0ms)

--------------------------------------------------------------------------------
2023-01-30 18:24:40.311 [Info] Beginning context dispose. (0ms)

--------------------------------------------------------------------------------
2023-01-30 18:24:40.315 [Info] Disposing network... (0ms)

--------------------------------------------------------------------------------
2023-01-30 18:24:40.316 [Debug] StatusChanged: [NetIncomingMessage #0 10 bytes] [Disconnecting]

--------------------------------------------------------------------------------
2023-01-30 18:24:40.317 [Info] Saving updated server variable values

--------------------------------------------------------------------------------
2023-01-30 18:24:40.317 [Info] Saving online users/players... (2ms)

--------------------------------------------------------------------------------
2023-01-30 18:24:40.321 [Debug] StatusChanged: [NetIncomingMessage #0 14 bytes] [Disconnected]

--------------------------------------------------------------------------------
2023-01-30 18:24:40.361 [Info] Saving loaded guilds....

--------------------------------------------------------------------------------
2023-01-30 18:24:40.361 [Info] Online users/players saved. (46ms)

--------------------------------------------------------------------------------
2023-01-30 18:24:40.363 [Info] Shutting down the API... (48ms)

--------------------------------------------------------------------------------
2023-01-30 18:24:40.368 [Info] Shutting down the console thread... (53ms)

--------------------------------------------------------------------------------
2023-01-30 18:24:41.378 [Info] Base dispose. (1063ms)

--------------------------------------------------------------------------------
2023-01-30 18:24:41.379 [Info] Finished disposing server context. (1064ms)

--------------------------------------------------------------------------------
