2023-01-30 19:12:27.845 [Debug] Loaded new formula from BaseExp * Power(Gain, Level).

--------------------------------------------------------------------------------
2023-01-30 19:12:27.850 [Debug] Loaded new formula from BaseExp * Power(Gain, Level).

--------------------------------------------------------------------------------
2023-01-30 19:12:29.866 [Warn] Directory was specified as a plugin directory but does not exist: 'resources\plugins'

--------------------------------------------------------------------------------
2023-01-30 19:12:29.867 [Info] Discovered 0 plugins:


--------------------------------------------------------------------------------
Listening on 0.0.0.0:5400.

--------------------------------------------------------------------------------
UPnP Service Initialization Succeeded

--------------------------------------------------------------------------------
Successfully auto port forwarded udp port 5400 using UPnP.

--------------------------------------------------------------------------------
Successfully auto port forwarded tcp port 5400 using UPnP.

--------------------------------------------------------------------------------
2023-01-30 19:14:07.092 [Debug] hail Time=0 Offset=63810702846649 Real=63810702846649

--------------------------------------------------------------------------------
2023-01-30 19:14:07.092 [Debug] local Time=97312 Offset=63810702749779 Real=63810702847092

--------------------------------------------------------------------------------
2023-01-30 19:14:07.092 [Debug] real delta=443

--------------------------------------------------------------------------------
2023-01-30 19:14:07.093 [Debug] NCPing=-1000

--------------------------------------------------------------------------------
2023-01-30 19:14:07.159 [Info] Connection approved [e0e9b28d-6c17-4805-bb82-e7171d1964e8].

--------------------------------------------------------------------------------
2023-01-30 19:14:07.173 [Debug] Connection established to remote [e0e9b28d-6c17-4805-bb82-e7171d1964e8/26.82.96.248:60826].

--------------------------------------------------------------------------------
2023-01-30 19:14:07.173 [Info] Connected [e0e9b28d-6c17-4805-bb82-e7171d1964e8].

--------------------------------------------------------------------------------
2023-01-30 19:14:11.126 [Debug] Creating new instance with ID 00000000-0000-0000-0000-000000000000 for map New Map

--------------------------------------------------------------------------------
2023-01-30 19:14:11.142 [Debug] Creating new instance with ID 00000000-0000-0000-0000-000000000000 for map New Map

--------------------------------------------------------------------------------
2023-01-30 19:14:11.142 [Debug] Creating new instance with ID 00000000-0000-0000-0000-000000000000 for map New Map

--------------------------------------------------------------------------------
2023-01-30 19:14:11.143 [Debug] Creating new instance with ID 00000000-0000-0000-0000-000000000000 for map New Map

--------------------------------------------------------------------------------
2023-01-30 19:14:14.328 [Debug] hail Time=0 Offset=63810702854094 Real=63810702854094

--------------------------------------------------------------------------------
2023-01-30 19:14:14.328 [Debug] local Time=104548 Offset=63810702749779 Real=63810702854328

--------------------------------------------------------------------------------
2023-01-30 19:14:14.328 [Debug] real delta=234

--------------------------------------------------------------------------------
2023-01-30 19:14:14.328 [Debug] NCPing=-1000

--------------------------------------------------------------------------------
2023-01-30 19:14:14.329 [Info] Connection approved [a5ed9cc3-651d-4445-a6e5-177870f40e53].

--------------------------------------------------------------------------------
2023-01-30 19:14:14.341 [Debug] Connection established to remote [a5ed9cc3-651d-4445-a6e5-177870f40e53/26.82.96.248:53415].

--------------------------------------------------------------------------------
2023-01-30 19:14:14.341 [Info] Connected [a5ed9cc3-651d-4445-a6e5-177870f40e53].

--------------------------------------------------------------------------------
2023-01-30 19:16:12.174 [Debug] StatusChanged: [NetIncomingMessage #12 10 bytes] [Disconnecting]

--------------------------------------------------------------------------------
2023-01-30 19:16:12.278 [Debug] StatusChanged: [NetIncomingMessage #0 10 bytes] [Disconnected]

--------------------------------------------------------------------------------
2023-01-30 19:16:12.278 [Debug] Connection terminated to remote [a5ed9cc3-651d-4445-a6e5-177870f40e53/26.82.96.248:53415].

--------------------------------------------------------------------------------
2023-01-30 19:16:12.278 [Info] Disconnected [a5ed9cc3-651d-4445-a6e5-177870f40e53].

--------------------------------------------------------------------------------
2023-01-30 19:16:12.399 [Debug] hail Time=222522 Offset=63810702749807 Real=63810702972329

--------------------------------------------------------------------------------
2023-01-30 19:16:12.399 [Debug] local Time=222605 Offset=63810702749779 Real=63810702972385

--------------------------------------------------------------------------------
2023-01-30 19:16:12.399 [Debug] real delta=55

--------------------------------------------------------------------------------
2023-01-30 19:16:12.399 [Debug] NCPing=-1000

--------------------------------------------------------------------------------
2023-01-30 19:16:12.400 [Info] Connection approved [33f840b3-4f1f-4005-b39f-1d5debdd787e].

--------------------------------------------------------------------------------
2023-01-30 19:16:12.416 [Debug] Connection established to remote [33f840b3-4f1f-4005-b39f-1d5debdd787e/26.82.96.248:49749].

--------------------------------------------------------------------------------
2023-01-30 19:16:12.416 [Info] Connected [33f840b3-4f1f-4005-b39f-1d5debdd787e].

--------------------------------------------------------------------------------
2023-01-30 19:17:13.424 [Debug] StatusChanged: [NetIncomingMessage #0 14 bytes] [Disconnected]

--------------------------------------------------------------------------------
2023-01-30 19:17:13.424 [Debug] Connection terminated to remote [33f840b3-4f1f-4005-b39f-1d5debdd787e/26.82.96.248:49749].

--------------------------------------------------------------------------------
2023-01-30 19:17:13.424 [Info] Disconnected [33f840b3-4f1f-4005-b39f-1d5debdd787e].

--------------------------------------------------------------------------------
2023-01-30 19:17:13.424 [Debug] Client disconnected ([menu])

--------------------------------------------------------------------------------
2023-01-30 19:17:19.815 [Debug] hail Time=0 Offset=63810703039576 Real=63810703039576

--------------------------------------------------------------------------------
2023-01-30 19:17:19.815 [Debug] local Time=290035 Offset=63810702749779 Real=63810703039815

--------------------------------------------------------------------------------
2023-01-30 19:17:19.815 [Debug] real delta=239

--------------------------------------------------------------------------------
2023-01-30 19:17:19.815 [Debug] NCPing=-1000

--------------------------------------------------------------------------------
2023-01-30 19:17:19.816 [Info] Connection approved [9d2907d8-c0e4-4d1a-8a3f-91d1938844e3].

--------------------------------------------------------------------------------
2023-01-30 19:17:19.835 [Debug] Connection established to remote [9d2907d8-c0e4-4d1a-8a3f-91d1938844e3/26.82.96.248:53452].

--------------------------------------------------------------------------------
2023-01-30 19:17:19.835 [Info] Connected [9d2907d8-c0e4-4d1a-8a3f-91d1938844e3].

--------------------------------------------------------------------------------
2023-01-30 19:19:21.295 [Debug] Creating new instance with ID 00000000-0000-0000-0000-000000000000 for map Jobs

--------------------------------------------------------------------------------
2023-01-30 19:19:21.766 [Debug] Creating new instance with ID 00000000-0000-0000-0000-000000000000 for map Test

--------------------------------------------------------------------------------
2023-01-30 19:20:00.680 [Info] Acquiring context lock... (0ms)

--------------------------------------------------------------------------------
2023-01-30 19:20:00.680 [Info] Acquired. (0ms)

--------------------------------------------------------------------------------
2023-01-30 19:20:00.682 [Info] Beginning context dispose. (0ms)

--------------------------------------------------------------------------------
2023-01-30 19:20:00.685 [Info] Disposing network... (0ms)

--------------------------------------------------------------------------------
2023-01-30 19:20:00.686 [Debug] StatusChanged: [NetIncomingMessage #96 10 bytes] [Disconnecting]

--------------------------------------------------------------------------------
2023-01-30 19:20:00.686 [Debug] StatusChanged: [NetIncomingMessage #0 10 bytes] [Disconnecting]

--------------------------------------------------------------------------------
2023-01-30 19:20:00.688 [Info] Saving updated server variable values

--------------------------------------------------------------------------------
2023-01-30 19:20:00.688 [Info] Saving online users/players... (4ms)

--------------------------------------------------------------------------------
2023-01-30 19:20:00.704 [Debug] StatusChanged: [NetIncomingMessage #0 14 bytes] [Disconnected]

--------------------------------------------------------------------------------
2023-01-30 19:20:00.704 [Debug] StatusChanged: [NetIncomingMessage #0 14 bytes] [Disconnected]

--------------------------------------------------------------------------------
2023-01-30 19:20:00.896 [Info] Saving loaded guilds....

--------------------------------------------------------------------------------
2023-01-30 19:20:00.896 [Info] Online users/players saved. (212ms)

--------------------------------------------------------------------------------
2023-01-30 19:20:00.896 [Info] Shutting down the API... (212ms)

--------------------------------------------------------------------------------
2023-01-30 19:20:00.904 [Info] Shutting down the console thread... (220ms)

--------------------------------------------------------------------------------
2023-01-30 19:20:01.918 [Info] Base dispose. (1234ms)

--------------------------------------------------------------------------------
2023-01-30 19:20:01.918 [Info] Finished disposing server context. (1234ms)

--------------------------------------------------------------------------------
