2023-01-30 18:51:53.228 [Debug] Loaded new formula from BaseExp * Power(Gain, Level).

--------------------------------------------------------------------------------
2023-01-30 18:51:53.232 [Debug] Loaded new formula from BaseExp * Power(Gain, Level).

--------------------------------------------------------------------------------
2023-01-30 18:51:55.226 [Warn] Directory was specified as a plugin directory but does not exist: 'resources\plugins'

--------------------------------------------------------------------------------
2023-01-30 18:51:55.233 [Info] Discovered 0 plugins:


--------------------------------------------------------------------------------
Listening on 0.0.0.0:5400.

--------------------------------------------------------------------------------
2023-01-30 18:51:55.480 [Debug] hail Time=192005 Offset=63810701317225 Real=63810701509231

--------------------------------------------------------------------------------
2023-01-30 18:51:55.480 [Debug] local Time=335 Offset=63810701515144 Real=63810701515480

--------------------------------------------------------------------------------
2023-01-30 18:51:55.480 [Debug] real delta=6248

--------------------------------------------------------------------------------
2023-01-30 18:51:55.480 [Debug] NCPing=-1000

--------------------------------------------------------------------------------
2023-01-30 18:51:55.523 [Info] Connection approved [8168bddc-41c0-4ea1-bfc6-27a56abc9bfb].

--------------------------------------------------------------------------------
2023-01-30 18:51:55.538 [Debug] Connection established to remote [8168bddc-41c0-4ea1-bfc6-27a56abc9bfb/26.82.96.248:60871].

--------------------------------------------------------------------------------
2023-01-30 18:51:55.539 [Info] Connected [8168bddc-41c0-4ea1-bfc6-27a56abc9bfb].

--------------------------------------------------------------------------------
UPnP Service Initialization Succeeded

--------------------------------------------------------------------------------
Successfully auto port forwarded udp port 5400 using UPnP.

--------------------------------------------------------------------------------
Successfully auto port forwarded tcp port 5400 using UPnP.

--------------------------------------------------------------------------------
2023-01-30 18:52:00.841 [Debug] Creating new instance with ID 00000000-0000-0000-0000-000000000000 for map New Map

--------------------------------------------------------------------------------
2023-01-30 18:52:00.850 [Debug] Creating new instance with ID 00000000-0000-0000-0000-000000000000 for map New Map

--------------------------------------------------------------------------------
2023-01-30 18:52:00.851 [Debug] Creating new instance with ID 00000000-0000-0000-0000-000000000000 for map New Map

--------------------------------------------------------------------------------
2023-01-30 18:52:00.851 [Debug] Creating new instance with ID 00000000-0000-0000-0000-000000000000 for map New Map

--------------------------------------------------------------------------------
2023-01-30 18:52:52.823 [Info] Acquiring context lock... (0ms)

--------------------------------------------------------------------------------
2023-01-30 18:52:52.823 [Info] Acquired. (0ms)

--------------------------------------------------------------------------------
2023-01-30 18:52:52.825 [Info] Beginning context dispose. (0ms)

--------------------------------------------------------------------------------
2023-01-30 18:52:52.828 [Info] Disposing network... (0ms)

--------------------------------------------------------------------------------
2023-01-30 18:52:52.830 [Debug] StatusChanged: [NetIncomingMessage #0 10 bytes] [Disconnecting]

--------------------------------------------------------------------------------
2023-01-30 18:52:52.831 [Info] Saving updated server variable values

--------------------------------------------------------------------------------
2023-01-30 18:52:52.832 [Info] Saving online users/players... (4ms)

--------------------------------------------------------------------------------
2023-01-30 18:52:52.836 [Debug] StatusChanged: [NetIncomingMessage #0 14 bytes] [Disconnected]

--------------------------------------------------------------------------------
2023-01-30 18:52:53.051 [Info] Saving loaded guilds....

--------------------------------------------------------------------------------
2023-01-30 18:52:53.051 [Info] Online users/players saved. (223ms)

--------------------------------------------------------------------------------
2023-01-30 18:52:53.056 [Info] Shutting down the API... (227ms)

--------------------------------------------------------------------------------
2023-01-30 18:52:53.058 [Info] Shutting down the console thread... (230ms)

--------------------------------------------------------------------------------
2023-01-30 18:52:54.061 [Info] Base dispose. (1233ms)

--------------------------------------------------------------------------------
2023-01-30 18:52:54.061 [Info] Finished disposing server context. (1233ms)

--------------------------------------------------------------------------------
