2023-01-27 18:28:37.345 [Warn] Directory was specified as a plugin directory but does not exist: 'resources\plugins'

--------------------------------------------------------------------------------
2023-01-27 18:28:37.361 [Info] Discovered 0 plugins:


--------------------------------------------------------------------------------
Listening on 0.0.0.0:5400.

--------------------------------------------------------------------------------
2023-01-27 18:28:40.829 [Info] Connection approved [0674e935-c925-41df-b4e4-de20b8b6b4e5].

--------------------------------------------------------------------------------
2023-01-27 18:28:40.866 [Info] Connected [0674e935-c925-41df-b4e4-de20b8b6b4e5].

--------------------------------------------------------------------------------
UPnP Service Initialization Failed. You might not have a router, or UPnP on your router might be disabled.
NatDeviceNotFoundException: Exception of type 'Open.Nat.NatDeviceNotFoundException' was thrown.
    Stack:    at Open.Nat.NatDiscoverer.<DiscoverDeviceAsync>d__5.MoveNext()
--- End of stack trace from previous location where exception was thrown ---
   at System.Runtime.ExceptionServices.ExceptionDispatchInfo.Throw()
   at System.Runtime.CompilerServices.TaskAwaiter.HandleNonSuccessAndDebuggerNotification(Task task)
   at Intersect.Server.Networking.Helpers.UpnP.<ConnectNatDevice>d__4.MoveNext()


--------------------------------------------------------------------------------
2023-01-27 18:28:54.244 [Info] Connection approved [df841ee7-c05f-4a1a-ba43-fffc61d35f6b].

--------------------------------------------------------------------------------
2023-01-27 18:28:54.267 [Info] Connected [df841ee7-c05f-4a1a-ba43-fffc61d35f6b].

--------------------------------------------------------------------------------
2023-01-27 18:39:35.716 [Info] Disconnected [df841ee7-c05f-4a1a-ba43-fffc61d35f6b].

--------------------------------------------------------------------------------
2023-01-27 18:46:44.881 [Info] Connection approved [bc20ca45-acef-4139-bea8-fb07146ce670].

--------------------------------------------------------------------------------
2023-01-27 18:46:44.904 [Info] Connected [bc20ca45-acef-4139-bea8-fb07146ce670].

--------------------------------------------------------------------------------
2023-01-27 18:52:17.332 [Info] Disconnected [bc20ca45-acef-4139-bea8-fb07146ce670].

--------------------------------------------------------------------------------
2023-01-27 18:52:42.640 [Info] Connection approved [df1a0571-21ea-4f76-be1e-42af797d49ab].

--------------------------------------------------------------------------------
2023-01-27 18:52:42.663 [Info] Connected [df1a0571-21ea-4f76-be1e-42af797d49ab].

--------------------------------------------------------------------------------
2023-01-27 18:53:48.275 [Info] Disconnected [df1a0571-21ea-4f76-be1e-42af797d49ab].

--------------------------------------------------------------------------------
2023-01-27 18:54:32.038 [Info] Disconnected [0674e935-c925-41df-b4e4-de20b8b6b4e5].

--------------------------------------------------------------------------------
2023-01-27 18:54:33.405 [Info] Acquiring context lock... (0ms)

--------------------------------------------------------------------------------
2023-01-27 18:54:33.405 [Info] Acquired. (0ms)

--------------------------------------------------------------------------------
2023-01-27 18:54:33.408 [Info] Beginning context dispose. (0ms)

--------------------------------------------------------------------------------
2023-01-27 18:54:33.415 [Info] Disposing network... (1ms)

--------------------------------------------------------------------------------
2023-01-27 18:54:33.418 [Info] Saving updated server variable values

--------------------------------------------------------------------------------
2023-01-27 18:54:33.418 [Info] Saving online users/players... (4ms)

--------------------------------------------------------------------------------
2023-01-27 18:54:33.418 [Info] Saving loaded guilds....

--------------------------------------------------------------------------------
2023-01-27 18:54:33.418 [Info] Online users/players saved. (4ms)

--------------------------------------------------------------------------------
2023-01-27 18:54:33.418 [Info] Shutting down the API... (4ms)

--------------------------------------------------------------------------------
2023-01-27 18:54:33.419 [Info] Shutting down the console thread... (5ms)

--------------------------------------------------------------------------------
2023-01-27 18:54:34.432 [Info] Base dispose. (1018ms)

--------------------------------------------------------------------------------
2023-01-27 18:54:34.433 [Info] Finished disposing server context. (1019ms)

--------------------------------------------------------------------------------
