2023-01-02 12:50:30.933 [Debug] Loaded new formula from BaseExp * Power(Gain, Level).

--------------------------------------------------------------------------------
2023-01-02 12:50:30.940 [Debug] Loaded new formula from BaseExp * Power(Gain, Level).

--------------------------------------------------------------------------------
2023-01-02 12:50:33.753 [Warn] Directory was specified as a plugin directory but does not exist: 'resources\plugins'

--------------------------------------------------------------------------------
2023-01-02 12:50:33.759 [Info] Discovered 0 plugins:


--------------------------------------------------------------------------------
Listening on 0.0.0.0:5400.

--------------------------------------------------------------------------------
UPnP Service Initialization Succeeded

--------------------------------------------------------------------------------
Successfully auto port forwarded udp port 5400 using UPnP.

--------------------------------------------------------------------------------
Successfully auto port forwarded tcp port 5400 using UPnP.

--------------------------------------------------------------------------------
2023-01-02 12:50:44.456 [Debug] hail Time=147 Offset=63808260643663 Real=63808260643810

--------------------------------------------------------------------------------
2023-01-02 12:50:44.456 [Debug] local Time=10759 Offset=63808260633697 Real=63808260644456

--------------------------------------------------------------------------------
2023-01-02 12:50:44.456 [Debug] real delta=646

--------------------------------------------------------------------------------
2023-01-02 12:50:44.456 [Debug] NCPing=-1000

--------------------------------------------------------------------------------
2023-01-02 12:50:44.514 [Info] Connection approved [fab88b3c-643b-47d1-9a00-cb1bd46d7055].

--------------------------------------------------------------------------------
2023-01-02 12:50:44.532 [Debug] Connection established to remote [fab88b3c-643b-47d1-9a00-cb1bd46d7055/26.82.96.248:56141].

--------------------------------------------------------------------------------
2023-01-02 12:50:44.533 [Info] Connected [fab88b3c-643b-47d1-9a00-cb1bd46d7055].

--------------------------------------------------------------------------------
2023-01-02 12:52:04.938 [Debug] StatusChanged: [NetIncomingMessage #0 14 bytes] [Disconnected]

--------------------------------------------------------------------------------
2023-01-02 12:52:04.939 [Debug] Connection terminated to remote [fab88b3c-643b-47d1-9a00-cb1bd46d7055/26.82.96.248:56141].

--------------------------------------------------------------------------------
2023-01-02 12:52:04.940 [Info] Disconnected [fab88b3c-643b-47d1-9a00-cb1bd46d7055].

--------------------------------------------------------------------------------
2023-01-02 12:52:04.940 [Debug] Client disconnected ([menu])

--------------------------------------------------------------------------------
2023-01-02 12:52:10.777 [Info] Acquiring context lock... (0ms)

--------------------------------------------------------------------------------
2023-01-02 12:52:10.777 [Info] Acquired. (0ms)

--------------------------------------------------------------------------------
2023-01-02 12:52:10.779 [Info] Beginning context dispose. (0ms)

--------------------------------------------------------------------------------
2023-01-02 12:52:10.781 [Info] Disposing network... (0ms)

--------------------------------------------------------------------------------
2023-01-02 12:52:10.783 [Info] Saving updated server variable values

--------------------------------------------------------------------------------
2023-01-02 12:52:10.783 [Info] Saving online users/players... (2ms)

--------------------------------------------------------------------------------
2023-01-02 12:52:10.817 [Info] Saving loaded guilds....

--------------------------------------------------------------------------------
2023-01-02 12:52:10.817 [Info] Online users/players saved. (36ms)

--------------------------------------------------------------------------------
2023-01-02 12:52:10.817 [Info] Shutting down the API... (36ms)

--------------------------------------------------------------------------------
2023-01-02 12:52:10.823 [Info] Shutting down the console thread... (41ms)

--------------------------------------------------------------------------------
2023-01-02 12:52:11.837 [Info] Base dispose. (1056ms)

--------------------------------------------------------------------------------
2023-01-02 12:52:11.837 [Info] Finished disposing server context. (1056ms)

--------------------------------------------------------------------------------
