2022-12-14 06:53:15.956 [Debug] Loaded new formula from BaseExp * Power(Gain, Level).

--------------------------------------------------------------------------------
2022-12-14 06:53:15.962 [Debug] Loaded new formula from BaseExp * Power(Gain, Level).

--------------------------------------------------------------------------------
2022-12-14 06:53:18.482 [Warn] Directory was specified as a plugin directory but does not exist: 'resources\plugins'

--------------------------------------------------------------------------------
2022-12-14 06:53:18.484 [Info] Discovered 0 plugins:


--------------------------------------------------------------------------------
Listening on 0.0.0.0:5400.

--------------------------------------------------------------------------------
UPnP Service Initialization Succeeded

--------------------------------------------------------------------------------
Successfully auto port forwarded udp port 5400 using UPnP.

--------------------------------------------------------------------------------
Successfully auto port forwarded tcp port 5400 using UPnP.

--------------------------------------------------------------------------------
2022-12-14 07:17:16.161 [Info] Acquiring context lock... (0ms)

--------------------------------------------------------------------------------
2022-12-14 07:17:16.161 [Info] Acquired. (0ms)

--------------------------------------------------------------------------------
2022-12-14 07:17:16.162 [Info] Beginning context dispose. (0ms)

--------------------------------------------------------------------------------
2022-12-14 07:17:16.172 [Info] Disposing network... (0ms)

--------------------------------------------------------------------------------
2022-12-14 07:17:16.174 [Info] Saving updated server variable values

--------------------------------------------------------------------------------
2022-12-14 07:17:16.174 [Info] Saving online users/players... (3ms)

--------------------------------------------------------------------------------
2022-12-14 07:17:16.193 [Info] Saving loaded guilds....

--------------------------------------------------------------------------------
2022-12-14 07:17:16.193 [Info] Online users/players saved. (22ms)

--------------------------------------------------------------------------------
2022-12-14 07:17:16.193 [Info] Shutting down the API... (22ms)

--------------------------------------------------------------------------------
2022-12-14 07:17:16.195 [Info] Shutting down the console thread... (24ms)

--------------------------------------------------------------------------------
2022-12-14 07:17:17.208 [Info] Base dispose. (1037ms)

--------------------------------------------------------------------------------
2022-12-14 07:17:17.209 [Info] Finished disposing server context. (1037ms)

--------------------------------------------------------------------------------
