2023-01-30 17:22:50.005 [Debug] Loaded new formula from BaseExp * Power(Gain, Level).

--------------------------------------------------------------------------------
2023-01-30 17:22:50.010 [Debug] Loaded new formula from BaseExp * Power(Gain, Level).

--------------------------------------------------------------------------------
2023-01-30 17:22:51.795 [Warn] Directory was specified as a plugin directory but does not exist: 'resources\plugins'

--------------------------------------------------------------------------------
2023-01-30 17:22:51.802 [Info] Discovered 0 plugins:


--------------------------------------------------------------------------------
Listening on 0.0.0.0:5400.

--------------------------------------------------------------------------------
UPnP Service Initialization Succeeded

--------------------------------------------------------------------------------
Successfully auto port forwarded udp port 5400 using UPnP.

--------------------------------------------------------------------------------
Successfully auto port forwarded tcp port 5400 using UPnP.

--------------------------------------------------------------------------------
2023-01-30 17:22:54.373 [Debug] hail Time=0 Offset=63810696174013 Real=63810696174013

--------------------------------------------------------------------------------
2023-01-30 17:22:54.373 [Debug] local Time=2641 Offset=63810696171731 Real=63810696174373

--------------------------------------------------------------------------------
2023-01-30 17:22:54.373 [Debug] real delta=360

--------------------------------------------------------------------------------
2023-01-30 17:22:54.373 [Debug] NCPing=-1000

--------------------------------------------------------------------------------
2023-01-30 17:22:54.409 [Info] Connection approved [d00682b0-83d7-424f-85e0-8dd3e1e0ab09].

--------------------------------------------------------------------------------
2023-01-30 17:22:54.427 [Debug] Connection established to remote [d00682b0-83d7-424f-85e0-8dd3e1e0ab09/26.82.96.248:50743].

--------------------------------------------------------------------------------
2023-01-30 17:22:54.427 [Info] Connected [d00682b0-83d7-424f-85e0-8dd3e1e0ab09].

--------------------------------------------------------------------------------
2023-01-30 17:22:57.148 [Debug] Creating new instance with ID 00000000-0000-0000-0000-000000000000 for map New Map

--------------------------------------------------------------------------------
2023-01-30 17:22:57.157 [Debug] Creating new instance with ID 00000000-0000-0000-0000-000000000000 for map New Map

--------------------------------------------------------------------------------
2023-01-30 17:22:57.158 [Debug] Creating new instance with ID 00000000-0000-0000-0000-000000000000 for map New Map

--------------------------------------------------------------------------------
2023-01-30 17:22:57.158 [Debug] Creating new instance with ID 00000000-0000-0000-0000-000000000000 for map New Map

--------------------------------------------------------------------------------
2023-01-30 17:23:15.492 [Debug] StatusChanged: [NetIncomingMessage #0 14 bytes] [Disconnected]

--------------------------------------------------------------------------------
2023-01-30 17:23:15.493 [Debug] Connection terminated to remote [d00682b0-83d7-424f-85e0-8dd3e1e0ab09/26.82.96.248:50743].

--------------------------------------------------------------------------------
2023-01-30 17:23:15.493 [Info] Disconnected [d00682b0-83d7-424f-85e0-8dd3e1e0ab09].

--------------------------------------------------------------------------------
2023-01-30 17:23:15.493 [Debug] Client disconnected (PCC->PCC)

--------------------------------------------------------------------------------
2023-01-30 17:23:37.916 [Info] Acquiring context lock... (0ms)

--------------------------------------------------------------------------------
2023-01-30 17:23:37.917 [Info] Acquired. (0ms)

--------------------------------------------------------------------------------
2023-01-30 17:23:37.918 [Info] Beginning context dispose. (0ms)

--------------------------------------------------------------------------------
2023-01-30 17:23:37.920 [Info] Disposing network... (0ms)

--------------------------------------------------------------------------------
2023-01-30 17:23:37.922 [Info] Saving updated server variable values

--------------------------------------------------------------------------------
2023-01-30 17:23:37.922 [Info] Saving online users/players... (2ms)

--------------------------------------------------------------------------------
2023-01-30 17:23:37.923 [Info] Saving loaded guilds....

--------------------------------------------------------------------------------
2023-01-30 17:23:37.923 [Info] Online users/players saved. (3ms)

--------------------------------------------------------------------------------
2023-01-30 17:23:37.923 [Info] Shutting down the API... (3ms)

--------------------------------------------------------------------------------
2023-01-30 17:23:37.927 [Info] Shutting down the console thread... (7ms)

--------------------------------------------------------------------------------
2023-01-30 17:23:38.940 [Info] Base dispose. (1020ms)

--------------------------------------------------------------------------------
2023-01-30 17:23:38.940 [Info] Finished disposing server context. (1021ms)

--------------------------------------------------------------------------------
