2023-02-01 03:35:37.439 [Debug] Loaded new formula from BaseExp * Power(Gain, Level).

--------------------------------------------------------------------------------
2023-02-01 03:35:37.449 [Debug] Loaded new formula from BaseExp * Power(Gain, Level).

--------------------------------------------------------------------------------
2023-02-01 03:35:39.267 [Warn] Directory was specified as a plugin directory but does not exist: 'resources\plugins'

--------------------------------------------------------------------------------
2023-02-01 03:35:39.274 [Info] Discovered 0 plugins:


--------------------------------------------------------------------------------
Listening on 0.0.0.0:5400.

--------------------------------------------------------------------------------
UPnP Service Initialization Succeeded

--------------------------------------------------------------------------------
Successfully auto port forwarded udp port 5400 using UPnP.

--------------------------------------------------------------------------------
Successfully auto port forwarded tcp port 5400 using UPnP.

--------------------------------------------------------------------------------
2023-02-01 03:38:31.975 [Debug] hail Time=72 Offset=63810819511533 Real=63810819511606

--------------------------------------------------------------------------------
2023-02-01 03:38:31.975 [Debug] local Time=172776 Offset=63810819339199 Real=63810819511975

--------------------------------------------------------------------------------
2023-02-01 03:38:31.975 [Debug] real delta=369

--------------------------------------------------------------------------------
2023-02-01 03:38:31.975 [Debug] NCPing=-1000

--------------------------------------------------------------------------------
2023-02-01 03:38:32.028 [Info] Connection approved [0804161b-1c41-4bde-8a7e-713e0d2a7587].

--------------------------------------------------------------------------------
2023-02-01 03:38:32.048 [Debug] Connection established to remote [0804161b-1c41-4bde-8a7e-713e0d2a7587/26.82.96.248:49220].

--------------------------------------------------------------------------------
2023-02-01 03:38:32.049 [Info] Connected [0804161b-1c41-4bde-8a7e-713e0d2a7587].

--------------------------------------------------------------------------------
2023-02-01 03:39:24.968 [Debug] Creating new instance with ID 00000000-0000-0000-0000-000000000000 for map New Map

--------------------------------------------------------------------------------
2023-02-01 03:39:24.981 [Debug] Creating new instance with ID 00000000-0000-0000-0000-000000000000 for map New Map

--------------------------------------------------------------------------------
2023-02-01 03:39:24.981 [Debug] Creating new instance with ID 00000000-0000-0000-0000-000000000000 for map New Map

--------------------------------------------------------------------------------
2023-02-01 03:39:24.981 [Debug] Creating new instance with ID 00000000-0000-0000-0000-000000000000 for map New Map

--------------------------------------------------------------------------------
2023-02-01 03:39:37.476 [Debug] StatusChanged: [NetIncomingMessage #24 14 bytes] [Disconnected]

--------------------------------------------------------------------------------
2023-02-01 03:39:37.477 [Debug] Connection terminated to remote [0804161b-1c41-4bde-8a7e-713e0d2a7587/26.82.96.248:49220].

--------------------------------------------------------------------------------
2023-02-01 03:39:37.477 [Info] Disconnected [0804161b-1c41-4bde-8a7e-713e0d2a7587].

--------------------------------------------------------------------------------
2023-02-01 03:39:37.478 [Debug] Client disconnected (PCC->PCC)

--------------------------------------------------------------------------------
2023-02-01 03:39:40.681 [Debug] hail Time=0 Offset=63810819580442 Real=63810819580442

--------------------------------------------------------------------------------
2023-02-01 03:39:40.681 [Debug] local Time=241482 Offset=63810819339199 Real=63810819580681

--------------------------------------------------------------------------------
2023-02-01 03:39:40.681 [Debug] real delta=239

--------------------------------------------------------------------------------
2023-02-01 03:39:40.681 [Debug] NCPing=-1000

--------------------------------------------------------------------------------
2023-02-01 03:39:40.689 [Info] Connection approved [27497503-8984-4285-a008-bafa99be3456].

--------------------------------------------------------------------------------
2023-02-01 03:39:40.705 [Debug] Connection established to remote [27497503-8984-4285-a008-bafa99be3456/26.82.96.248:52638].

--------------------------------------------------------------------------------
2023-02-01 03:39:40.705 [Info] Connected [27497503-8984-4285-a008-bafa99be3456].

--------------------------------------------------------------------------------
2023-02-01 03:47:46.096 [Debug] hail Time=89 Offset=63810820065795 Real=63810820065884

--------------------------------------------------------------------------------
2023-02-01 03:47:46.096 [Debug] local Time=726889 Offset=63810819339199 Real=63810820066088

--------------------------------------------------------------------------------
2023-02-01 03:47:46.096 [Debug] real delta=204

--------------------------------------------------------------------------------
2023-02-01 03:47:46.096 [Debug] NCPing=-1000

--------------------------------------------------------------------------------
2023-02-01 03:47:46.097 [Info] Connection approved [4be7607b-7018-4f95-8597-56e3b4aab97b].

--------------------------------------------------------------------------------
2023-02-01 03:47:46.109 [Debug] Connection established to remote [4be7607b-7018-4f95-8597-56e3b4aab97b/26.82.96.248:59096].

--------------------------------------------------------------------------------
2023-02-01 03:47:46.109 [Info] Connected [4be7607b-7018-4f95-8597-56e3b4aab97b].

--------------------------------------------------------------------------------
2023-02-01 03:49:23.606 [Debug] StatusChanged: [NetIncomingMessage #235 14 bytes] [Disconnected]

--------------------------------------------------------------------------------
2023-02-01 03:49:23.606 [Debug] Connection terminated to remote [4be7607b-7018-4f95-8597-56e3b4aab97b/26.82.96.248:59096].

--------------------------------------------------------------------------------
2023-02-01 03:49:23.606 [Info] Disconnected [4be7607b-7018-4f95-8597-56e3b4aab97b].

--------------------------------------------------------------------------------
2023-02-01 03:49:23.606 [Debug] Client disconnected (PCC->PCC)

--------------------------------------------------------------------------------
2023-02-01 03:50:12.613 [Debug] StatusChanged: [NetIncomingMessage #0 10 bytes] [Disconnected]

--------------------------------------------------------------------------------
2023-02-01 03:50:12.613 [Debug] Connection terminated to remote [27497503-8984-4285-a008-bafa99be3456/26.82.96.248:52638].

--------------------------------------------------------------------------------
2023-02-01 03:50:12.613 [Info] Disconnected [27497503-8984-4285-a008-bafa99be3456].

--------------------------------------------------------------------------------
2023-02-01 03:50:12.613 [Debug] Client disconnected (PCC->[editor])

--------------------------------------------------------------------------------
2023-02-01 05:55:37.617 [Debug] hail Time=15929 Offset=63810827717442 Real=63810827733372

--------------------------------------------------------------------------------
2023-02-01 05:55:37.617 [Debug] local Time=8398417 Offset=63810819339199 Real=63810827737617

--------------------------------------------------------------------------------
2023-02-01 05:55:37.617 [Debug] real delta=4244

--------------------------------------------------------------------------------
2023-02-01 05:55:37.617 [Debug] NCPing=-1000

--------------------------------------------------------------------------------
2023-02-01 05:55:37.617 [Info] Connection approved [a4d175ba-e7ad-412f-819f-73e6698bf5df].

--------------------------------------------------------------------------------
2023-02-01 05:55:37.680 [Debug] Connection established to remote [a4d175ba-e7ad-412f-819f-73e6698bf5df/26.187.128.71:64024].

--------------------------------------------------------------------------------
2023-02-01 05:55:37.680 [Info] Connected [a4d175ba-e7ad-412f-819f-73e6698bf5df].

--------------------------------------------------------------------------------
2023-02-01 05:58:44.173 [Debug] StatusChanged: [NetIncomingMessage #0 14 bytes] [Disconnected]

--------------------------------------------------------------------------------
2023-02-01 05:58:44.173 [Debug] Connection terminated to remote [a4d175ba-e7ad-412f-819f-73e6698bf5df/26.187.128.71:64024].

--------------------------------------------------------------------------------
2023-02-01 05:58:44.173 [Info] Disconnected [a4d175ba-e7ad-412f-819f-73e6698bf5df].

--------------------------------------------------------------------------------
2023-02-01 05:58:44.175 [Debug] Client disconnected (Shiro->Shiro)

--------------------------------------------------------------------------------
2023-02-01 06:02:27.268 [Debug] hail Time=0 Offset=63810828145375 Real=63810828145375

--------------------------------------------------------------------------------
2023-02-01 06:02:27.268 [Debug] local Time=8808069 Offset=63810819339199 Real=63810828147268

--------------------------------------------------------------------------------
2023-02-01 06:02:27.268 [Debug] real delta=1893

--------------------------------------------------------------------------------
2023-02-01 06:02:27.268 [Debug] NCPing=-1000

--------------------------------------------------------------------------------
2023-02-01 06:02:27.268 [Info] Connection approved [c3757775-4fc4-48c7-9c2b-bc1ac8591723].

--------------------------------------------------------------------------------
2023-02-01 06:02:27.315 [Debug] Connection established to remote [c3757775-4fc4-48c7-9c2b-bc1ac8591723/26.187.128.71:55874].

--------------------------------------------------------------------------------
2023-02-01 06:02:27.315 [Info] Connected [c3757775-4fc4-48c7-9c2b-bc1ac8591723].

--------------------------------------------------------------------------------
2023-02-01 06:03:26.086 [Debug] hail Time=0 Offset=63810828203939 Real=63810828203940

--------------------------------------------------------------------------------
2023-02-01 06:03:26.086 [Debug] local Time=8866887 Offset=63810819339199 Real=63810828206086

--------------------------------------------------------------------------------
2023-02-01 06:03:26.086 [Debug] real delta=2145

--------------------------------------------------------------------------------
2023-02-01 06:03:26.086 [Debug] NCPing=-1000

--------------------------------------------------------------------------------
2023-02-01 06:03:26.086 [Info] Connection approved [38333298-8507-4dc6-a196-28185b00588a].

--------------------------------------------------------------------------------
2023-02-01 06:03:26.133 [Debug] Connection established to remote [38333298-8507-4dc6-a196-28185b00588a/26.187.128.71:55819].

--------------------------------------------------------------------------------
2023-02-01 06:03:26.133 [Info] Connected [38333298-8507-4dc6-a196-28185b00588a].

--------------------------------------------------------------------------------
2023-02-01 06:03:46.525 [Debug] Creating new instance with ID 00000000-0000-0000-0000-000000000000 for map Test

--------------------------------------------------------------------------------
2023-02-01 06:06:56.009 [Debug] StatusChanged: [NetIncomingMessage #0 10 bytes] [Disconnected]

--------------------------------------------------------------------------------
2023-02-01 06:06:56.009 [Debug] Connection terminated to remote [c3757775-4fc4-48c7-9c2b-bc1ac8591723/26.187.128.71:55874].

--------------------------------------------------------------------------------
2023-02-01 06:06:56.009 [Info] Disconnected [c3757775-4fc4-48c7-9c2b-bc1ac8591723].

--------------------------------------------------------------------------------
2023-02-01 06:06:56.009 [Debug] Client disconnected (Shiro->[editor])

--------------------------------------------------------------------------------
2023-02-01 06:07:13.717 [Debug] StatusChanged: [NetIncomingMessage #0 14 bytes] [Disconnected]

--------------------------------------------------------------------------------
2023-02-01 06:07:13.717 [Debug] Connection terminated to remote [38333298-8507-4dc6-a196-28185b00588a/26.187.128.71:55819].

--------------------------------------------------------------------------------
2023-02-01 06:07:13.717 [Info] Disconnected [38333298-8507-4dc6-a196-28185b00588a].

--------------------------------------------------------------------------------
2023-02-01 06:07:13.717 [Debug] Client disconnected (Shiro->Shiro)

--------------------------------------------------------------------------------
2023-02-01 06:43:46.629 [Debug] hail Time=0 Offset=63810830625859 Real=63810830625860

--------------------------------------------------------------------------------
2023-02-01 06:43:46.629 [Debug] local Time=11287429 Offset=63810819339199 Real=63810830626629

--------------------------------------------------------------------------------
2023-02-01 06:43:46.629 [Debug] real delta=768

--------------------------------------------------------------------------------
2023-02-01 06:43:46.629 [Debug] NCPing=-1000

--------------------------------------------------------------------------------
2023-02-01 06:43:46.644 [Info] Connection approved [e095d2d9-ff01-4880-a2a3-957a4180060e].

--------------------------------------------------------------------------------
2023-02-01 06:43:46.692 [Debug] Connection established to remote [e095d2d9-ff01-4880-a2a3-957a4180060e/26.187.128.71:56006].

--------------------------------------------------------------------------------
2023-02-01 06:43:46.692 [Info] Connected [e095d2d9-ff01-4880-a2a3-957a4180060e].

--------------------------------------------------------------------------------
2023-02-01 06:44:08.200 [Debug] StatusChanged: [NetIncomingMessage #0 10 bytes] [Disconnected]

--------------------------------------------------------------------------------
2023-02-01 06:44:08.200 [Debug] Connection terminated to remote [e095d2d9-ff01-4880-a2a3-957a4180060e/26.187.128.71:56006].

--------------------------------------------------------------------------------
2023-02-01 06:44:08.200 [Info] Disconnected [e095d2d9-ff01-4880-a2a3-957a4180060e].

--------------------------------------------------------------------------------
2023-02-01 06:44:08.200 [Debug] Client disconnected (Shiro->Shiro)

--------------------------------------------------------------------------------
