2023-01-28 07:51:39.859 [Warn] Directory was specified as a plugin directory but does not exist: 'resources\plugins'

--------------------------------------------------------------------------------
2023-01-28 07:51:39.866 [Info] Discovered 0 plugins:


--------------------------------------------------------------------------------
Listening on 0.0.0.0:5400.

--------------------------------------------------------------------------------
2023-01-28 07:51:41.895 [Info] Connection approved [99dcba48-f1da-49fd-937b-972cae85f22c].

--------------------------------------------------------------------------------
2023-01-28 07:51:41.932 [Info] Connected [99dcba48-f1da-49fd-937b-972cae85f22c].

--------------------------------------------------------------------------------
UPnP Service Initialization Failed. You might not have a router, or UPnP on your router might be disabled.
NatDeviceNotFoundException: Exception of type 'Open.Nat.NatDeviceNotFoundException' was thrown.
    Stack:    at Open.Nat.NatDiscoverer.<DiscoverDeviceAsync>d__5.MoveNext()
--- End of stack trace from previous location where exception was thrown ---
   at System.Runtime.ExceptionServices.ExceptionDispatchInfo.Throw()
   at System.Runtime.CompilerServices.TaskAwaiter.HandleNonSuccessAndDebuggerNotification(Task task)
   at Intersect.Server.Networking.Helpers.UpnP.<ConnectNatDevice>d__4.MoveNext()


--------------------------------------------------------------------------------
2023-01-28 07:52:12.918 [Info] Disconnected [99dcba48-f1da-49fd-937b-972cae85f22c].

--------------------------------------------------------------------------------
2023-01-28 07:52:20.599 [Info] Acquiring context lock... (0ms)

--------------------------------------------------------------------------------
2023-01-28 07:52:20.599 [Info] Acquired. (0ms)

--------------------------------------------------------------------------------
2023-01-28 07:52:20.608 [Info] Beginning context dispose. (0ms)

--------------------------------------------------------------------------------
2023-01-28 07:52:20.619 [Info] Disposing network... (1ms)

--------------------------------------------------------------------------------
2023-01-28 07:52:20.624 [Info] Saving updated server variable values

--------------------------------------------------------------------------------
2023-01-28 07:52:20.629 [Info] Saving online users/players... (8ms)

--------------------------------------------------------------------------------
2023-01-28 07:52:20.629 [Info] Saving loaded guilds....

--------------------------------------------------------------------------------
2023-01-28 07:52:20.629 [Info] Online users/players saved. (8ms)

--------------------------------------------------------------------------------
2023-01-28 07:52:20.629 [Info] Shutting down the API... (9ms)

--------------------------------------------------------------------------------
2023-01-28 07:52:20.629 [Info] Shutting down the console thread... (10ms)

--------------------------------------------------------------------------------
2023-01-28 07:52:21.639 [Info] Base dispose. (1019ms)

--------------------------------------------------------------------------------
2023-01-28 07:52:21.639 [Info] Finished disposing server context. (1019ms)

--------------------------------------------------------------------------------
