2022-12-14 07:32:38.542 [Debug] Loaded new formula from BaseExp * Power(Gain, Level).

--------------------------------------------------------------------------------
2022-12-14 07:32:38.555 [Debug] Loaded new formula from BaseExp * Power(Gain, Level).

--------------------------------------------------------------------------------
2022-12-14 07:32:42.373 [Warn] Directory was specified as a plugin directory but does not exist: 'resources\plugins'

--------------------------------------------------------------------------------
2022-12-14 07:32:42.381 [Info] Discovered 0 plugins:


--------------------------------------------------------------------------------
Listening on 0.0.0.0:5400.

--------------------------------------------------------------------------------
2022-12-14 07:32:43.015 [Error] Failed to start API.
System.Reflection.TargetInvocationException: Exception has been thrown by the target of an invocation. ---> System.Net.HttpListenerException: Access is denied
   at System.Net.HttpListener.AddAllPrefixes()
   at System.Net.HttpListener.Start()
   at Microsoft.Owin.Host.HttpListener.OwinHttpListener.Start(HttpListener listener, Func`2 appFunc, IList`1 addresses, IDictionary`2 capabilities, Func`2 loggerFactory)
   at Microsoft.Owin.Host.HttpListener.OwinServerFactory.Create(Func`2 app, IDictionary`2 properties)
   --- End of inner exception stack trace ---
   at System.RuntimeMethodHandle.InvokeMethod(Object target, Object[] arguments, Signature sig, Boolean constructor)
   at System.Reflection.RuntimeMethodInfo.UnsafeInvokeInternal(Object obj, Object[] parameters, Object[] arguments)
   at System.Reflection.RuntimeMethodInfo.Invoke(Object obj, BindingFlags invokeAttr, Binder binder, Object[] parameters, CultureInfo culture)
   at Microsoft.Owin.Hosting.ServerFactory.ServerFactoryAdapter.Create(IAppBuilder builder)
   at Microsoft.Owin.Hosting.Engine.HostingEngine.Start(StartContext context)
   at Intersect.Server.Web.RestApi.RestApi.Start()

--------------------------------------------------------------------------------
UPnP Service Initialization Succeeded

--------------------------------------------------------------------------------
Failed to automatically port forward udp port 5400 using UPnP. (UPnP possibly disabled in your router settings, or this port might already be forwarded!)

--------------------------------------------------------------------------------
2022-12-14 07:32:44.181 [Warn] UPnP Could Not Open UDP Port 5400
Open.Nat.MappingException: Error 718: ConflictInMappingEntry
   at Open.Nat.SoapClient.GetXmlDocument(String response)
   at Open.Nat.SoapClient.<InvokeAsync>d__3.MoveNext()
--- End of stack trace from previous location where exception was thrown ---
   at System.Runtime.ExceptionServices.ExceptionDispatchInfo.Throw()
   at System.Runtime.CompilerServices.TaskAwaiter.HandleNonSuccessAndDebuggerNotification(Task task)
   at Open.Nat.StreamExtensions.<TimeoutAfter>d__7`1.MoveNext()
--- End of stack trace from previous location where exception was thrown ---
   at System.Runtime.ExceptionServices.ExceptionDispatchInfo.Throw()
   at System.Runtime.CompilerServices.TaskAwaiter.HandleNonSuccessAndDebuggerNotification(Task task)
   at Open.Nat.UpnpNatDevice.<CreatePortMapAsync>d__4.MoveNext()
--- End of stack trace from previous location where exception was thrown ---
   at System.Runtime.ExceptionServices.ExceptionDispatchInfo.Throw()
   at System.Runtime.CompilerServices.TaskAwaiter.HandleNonSuccessAndDebuggerNotification(Task task)
   at System.Runtime.CompilerServices.TaskAwaiter.GetResult()
   at Intersect.Server.Networking.Helpers.UpnP.<OpenServerPort>d__5.MoveNext()

--------------------------------------------------------------------------------
2022-12-14 07:32:46.356 [Info] Acquiring context lock... (0ms)

--------------------------------------------------------------------------------
2022-12-14 07:32:46.357 [Info] Acquired. (0ms)

--------------------------------------------------------------------------------
2022-12-14 07:32:46.360 [Info] Beginning context dispose. (0ms)

--------------------------------------------------------------------------------
2022-12-14 07:32:46.364 [Info] Disposing network... (0ms)

--------------------------------------------------------------------------------
2022-12-14 07:32:46.367 [Info] Saving updated server variable values

--------------------------------------------------------------------------------
2022-12-14 07:32:46.369 [Info] Saving online users/players... (5ms)

--------------------------------------------------------------------------------
2022-12-14 07:32:46.418 [Info] Saving loaded guilds....

--------------------------------------------------------------------------------
2022-12-14 07:32:46.418 [Info] Online users/players saved. (54ms)

--------------------------------------------------------------------------------
2022-12-14 07:32:46.418 [Info] Shutting down the API... (54ms)

--------------------------------------------------------------------------------
2022-12-14 07:32:46.420 [Info] Shutting down the console thread... (56ms)

--------------------------------------------------------------------------------
2022-12-14 07:32:47.434 [Info] Base dispose. (1070ms)

--------------------------------------------------------------------------------
2022-12-14 07:32:47.435 [Info] Finished disposing server context. (1070ms)

--------------------------------------------------------------------------------
