2023-01-30 14:42:03.401 [Debug] Loaded new formula from BaseExp * Power(Gain, Level).

--------------------------------------------------------------------------------
2023-01-30 14:42:03.409 [Debug] Loaded new formula from BaseExp * Power(Gain, Level).

--------------------------------------------------------------------------------
2023-01-30 14:42:05.426 [Warn] Directory was specified as a plugin directory but does not exist: 'resources\plugins'

--------------------------------------------------------------------------------
2023-01-30 14:42:05.431 [Info] Discovered 0 plugins:


--------------------------------------------------------------------------------
Listening on 0.0.0.0:5400.

--------------------------------------------------------------------------------
UPnP Service Initialization Succeeded

--------------------------------------------------------------------------------
Successfully auto port forwarded udp port 5400 using UPnP.

--------------------------------------------------------------------------------
Successfully auto port forwarded tcp port 5400 using UPnP.

--------------------------------------------------------------------------------
2023-01-30 14:42:07.344 [Debug] hail Time=737096 Offset=63810685784020 Real=63810686521116

--------------------------------------------------------------------------------
2023-01-30 14:42:07.345 [Debug] local Time=1999 Offset=63810686525344 Real=63810686527344

--------------------------------------------------------------------------------
2023-01-30 14:42:07.345 [Debug] real delta=6228

--------------------------------------------------------------------------------
2023-01-30 14:42:07.345 [Debug] NCPing=-1000

--------------------------------------------------------------------------------
2023-01-30 14:42:07.381 [Info] Connection approved [505325ed-3c51-4637-9009-a11b942830a3].

--------------------------------------------------------------------------------
2023-01-30 14:42:07.394 [Debug] Connection established to remote [505325ed-3c51-4637-9009-a11b942830a3/26.82.96.248:54894].

--------------------------------------------------------------------------------
2023-01-30 14:42:07.394 [Info] Connected [505325ed-3c51-4637-9009-a11b942830a3].

--------------------------------------------------------------------------------
2023-01-30 14:52:16.156 [Debug] StatusChanged: [NetIncomingMessage #0 14 bytes] [Disconnected]

--------------------------------------------------------------------------------
2023-01-30 14:52:16.157 [Debug] Connection terminated to remote [505325ed-3c51-4637-9009-a11b942830a3/26.82.96.248:54894].

--------------------------------------------------------------------------------
2023-01-30 14:52:16.157 [Info] Disconnected [505325ed-3c51-4637-9009-a11b942830a3].

--------------------------------------------------------------------------------
2023-01-30 14:52:16.157 [Debug] Client disconnected ([menu])

--------------------------------------------------------------------------------
2023-01-30 14:52:23.436 [Debug] hail Time=0 Offset=63810687143236 Real=63810687143236

--------------------------------------------------------------------------------
2023-01-30 14:52:23.436 [Debug] local Time=618088 Offset=63810686525344 Real=63810687143433

--------------------------------------------------------------------------------
2023-01-30 14:52:23.436 [Debug] real delta=196

--------------------------------------------------------------------------------
2023-01-30 14:52:23.436 [Debug] NCPing=-1000

--------------------------------------------------------------------------------
2023-01-30 14:52:23.437 [Info] Connection approved [e249c23d-06bc-4a31-a9d6-bb2b8f55f81f].

--------------------------------------------------------------------------------
2023-01-30 14:52:23.457 [Debug] Connection established to remote [e249c23d-06bc-4a31-a9d6-bb2b8f55f81f/26.82.96.248:52007].

--------------------------------------------------------------------------------
2023-01-30 14:52:23.457 [Info] Connected [e249c23d-06bc-4a31-a9d6-bb2b8f55f81f].

--------------------------------------------------------------------------------
2023-01-30 14:55:10.932 [Debug] StatusChanged: [NetIncomingMessage #0 14 bytes] [Disconnected]

--------------------------------------------------------------------------------
2023-01-30 14:55:10.932 [Debug] Connection terminated to remote [e249c23d-06bc-4a31-a9d6-bb2b8f55f81f/26.82.96.248:52007].

--------------------------------------------------------------------------------
2023-01-30 14:55:10.932 [Info] Disconnected [e249c23d-06bc-4a31-a9d6-bb2b8f55f81f].

--------------------------------------------------------------------------------
2023-01-30 14:55:10.932 [Debug] Client disconnected ([menu])

--------------------------------------------------------------------------------
2023-01-30 14:55:14.300 [Debug] hail Time=0 Offset=63810687314071 Real=63810687314071

--------------------------------------------------------------------------------
2023-01-30 14:55:14.300 [Debug] local Time=788956 Offset=63810686525344 Real=63810687314300

--------------------------------------------------------------------------------
2023-01-30 14:55:14.300 [Debug] real delta=229

--------------------------------------------------------------------------------
2023-01-30 14:55:14.300 [Debug] NCPing=-1000

--------------------------------------------------------------------------------
2023-01-30 14:55:14.300 [Info] Connection approved [9cf0cce2-21cf-4910-bd4b-485cc42b2e5f].

--------------------------------------------------------------------------------
2023-01-30 14:55:14.308 [Debug] Connection established to remote [9cf0cce2-21cf-4910-bd4b-485cc42b2e5f/26.82.96.248:55995].

--------------------------------------------------------------------------------
2023-01-30 14:55:14.308 [Info] Connected [9cf0cce2-21cf-4910-bd4b-485cc42b2e5f].

--------------------------------------------------------------------------------
2023-01-30 14:57:48.667 [Debug] StatusChanged: [NetIncomingMessage #0 14 bytes] [Disconnected]

--------------------------------------------------------------------------------
2023-01-30 14:57:48.667 [Debug] Connection terminated to remote [9cf0cce2-21cf-4910-bd4b-485cc42b2e5f/26.82.96.248:55995].

--------------------------------------------------------------------------------
2023-01-30 14:57:48.667 [Info] Disconnected [9cf0cce2-21cf-4910-bd4b-485cc42b2e5f].

--------------------------------------------------------------------------------
2023-01-30 14:57:48.667 [Debug] Client disconnected ([menu])

--------------------------------------------------------------------------------
2023-01-30 14:57:51.180 [Debug] hail Time=0 Offset=63810687470971 Real=63810687470971

--------------------------------------------------------------------------------
2023-01-30 14:57:51.180 [Debug] local Time=945824 Offset=63810686525344 Real=63810687471169

--------------------------------------------------------------------------------
2023-01-30 14:57:51.180 [Debug] real delta=197

--------------------------------------------------------------------------------
2023-01-30 14:57:51.180 [Debug] NCPing=-1000

--------------------------------------------------------------------------------
2023-01-30 14:57:51.181 [Info] Connection approved [ddfbedd5-bae8-4295-8d75-9656f24971fa].

--------------------------------------------------------------------------------
2023-01-30 14:57:51.191 [Debug] Connection established to remote [ddfbedd5-bae8-4295-8d75-9656f24971fa/26.82.96.248:64482].

--------------------------------------------------------------------------------
2023-01-30 14:57:51.191 [Info] Connected [ddfbedd5-bae8-4295-8d75-9656f24971fa].

--------------------------------------------------------------------------------
2023-01-30 15:04:04.037 [Debug] StatusChanged: [NetIncomingMessage #0 14 bytes] [Disconnected]

--------------------------------------------------------------------------------
2023-01-30 15:04:04.037 [Debug] Connection terminated to remote [ddfbedd5-bae8-4295-8d75-9656f24971fa/26.82.96.248:64482].

--------------------------------------------------------------------------------
2023-01-30 15:04:04.037 [Info] Disconnected [ddfbedd5-bae8-4295-8d75-9656f24971fa].

--------------------------------------------------------------------------------
2023-01-30 15:04:04.037 [Debug] Client disconnected ([menu])

--------------------------------------------------------------------------------
2023-01-30 15:04:14.241 [Debug] hail Time=0 Offset=63810687854040 Real=63810687854040

--------------------------------------------------------------------------------
2023-01-30 15:04:14.241 [Debug] local Time=1328896 Offset=63810686525344 Real=63810687854241

--------------------------------------------------------------------------------
2023-01-30 15:04:14.241 [Debug] real delta=200

--------------------------------------------------------------------------------
2023-01-30 15:04:14.241 [Debug] NCPing=-1000

--------------------------------------------------------------------------------
2023-01-30 15:04:14.241 [Info] Connection approved [7a466119-ca9f-42c8-a1a0-20ff33dc2945].

--------------------------------------------------------------------------------
2023-01-30 15:04:14.251 [Debug] Connection established to remote [7a466119-ca9f-42c8-a1a0-20ff33dc2945/26.82.96.248:60924].

--------------------------------------------------------------------------------
2023-01-30 15:04:14.251 [Info] Connected [7a466119-ca9f-42c8-a1a0-20ff33dc2945].

--------------------------------------------------------------------------------
2023-01-30 15:04:19.252 [Debug] StatusChanged: [NetIncomingMessage #0 14 bytes] [Disconnected]

--------------------------------------------------------------------------------
2023-01-30 15:04:19.252 [Debug] Connection terminated to remote [7a466119-ca9f-42c8-a1a0-20ff33dc2945/26.82.96.248:60924].

--------------------------------------------------------------------------------
2023-01-30 15:04:19.252 [Info] Disconnected [7a466119-ca9f-42c8-a1a0-20ff33dc2945].

--------------------------------------------------------------------------------
2023-01-30 15:04:19.252 [Debug] Client disconnected ([menu])

--------------------------------------------------------------------------------
2023-01-30 15:04:46.990 [Debug] hail Time=0 Offset=63810687886781 Real=63810687886781

--------------------------------------------------------------------------------
2023-01-30 15:04:46.990 [Debug] local Time=1361645 Offset=63810686525344 Real=63810687886990

--------------------------------------------------------------------------------
2023-01-30 15:04:46.990 [Debug] real delta=209

--------------------------------------------------------------------------------
2023-01-30 15:04:46.990 [Debug] NCPing=-1000

--------------------------------------------------------------------------------
2023-01-30 15:04:46.990 [Info] Connection approved [17c37e77-97a8-4f2d-a3fe-1b74ecf86dda].

--------------------------------------------------------------------------------
2023-01-30 15:04:47.010 [Debug] Connection established to remote [17c37e77-97a8-4f2d-a3fe-1b74ecf86dda/26.82.96.248:54844].

--------------------------------------------------------------------------------
2023-01-30 15:04:47.010 [Info] Connected [17c37e77-97a8-4f2d-a3fe-1b74ecf86dda].

--------------------------------------------------------------------------------
2023-01-30 15:05:47.153 [Debug] StatusChanged: [NetIncomingMessage #0 14 bytes] [Disconnected]

--------------------------------------------------------------------------------
2023-01-30 15:05:47.153 [Debug] Connection terminated to remote [17c37e77-97a8-4f2d-a3fe-1b74ecf86dda/26.82.96.248:54844].

--------------------------------------------------------------------------------
2023-01-30 15:05:47.153 [Info] Disconnected [17c37e77-97a8-4f2d-a3fe-1b74ecf86dda].

--------------------------------------------------------------------------------
2023-01-30 15:05:47.153 [Debug] Client disconnected ([menu])

--------------------------------------------------------------------------------
2023-01-30 15:05:52.198 [Debug] hail Time=0 Offset=63810687951984 Real=63810687951984

--------------------------------------------------------------------------------
2023-01-30 15:05:52.199 [Debug] local Time=1426854 Offset=63810686525344 Real=63810687952199

--------------------------------------------------------------------------------
2023-01-30 15:05:52.199 [Debug] real delta=214

--------------------------------------------------------------------------------
2023-01-30 15:05:52.199 [Debug] NCPing=-1000

--------------------------------------------------------------------------------
2023-01-30 15:05:52.200 [Info] Connection approved [8ed15036-f78b-4520-8ef6-f6cf3317f4fd].

--------------------------------------------------------------------------------
2023-01-30 15:05:52.213 [Debug] Connection established to remote [8ed15036-f78b-4520-8ef6-f6cf3317f4fd/26.82.96.248:63530].

--------------------------------------------------------------------------------
2023-01-30 15:05:52.213 [Info] Connected [8ed15036-f78b-4520-8ef6-f6cf3317f4fd].

--------------------------------------------------------------------------------
2023-01-30 15:08:15.010 [Debug] StatusChanged: [NetIncomingMessage #0 14 bytes] [Disconnected]

--------------------------------------------------------------------------------
2023-01-30 15:08:15.010 [Debug] Connection terminated to remote [8ed15036-f78b-4520-8ef6-f6cf3317f4fd/26.82.96.248:63530].

--------------------------------------------------------------------------------
2023-01-30 15:08:15.010 [Info] Disconnected [8ed15036-f78b-4520-8ef6-f6cf3317f4fd].

--------------------------------------------------------------------------------
2023-01-30 15:08:15.010 [Debug] Client disconnected ([menu])

--------------------------------------------------------------------------------
2023-01-30 15:08:20.115 [Debug] hail Time=0 Offset=63810688099919 Real=63810688099919

--------------------------------------------------------------------------------
2023-01-30 15:08:20.115 [Debug] local Time=1574769 Offset=63810686525344 Real=63810688100114

--------------------------------------------------------------------------------
2023-01-30 15:08:20.115 [Debug] real delta=194

--------------------------------------------------------------------------------
2023-01-30 15:08:20.115 [Debug] NCPing=-1000

--------------------------------------------------------------------------------
2023-01-30 15:08:20.115 [Info] Connection approved [1ca04a61-4753-4bcd-86c7-71df54af6719].

--------------------------------------------------------------------------------
2023-01-30 15:08:20.133 [Debug] Connection established to remote [1ca04a61-4753-4bcd-86c7-71df54af6719/26.82.96.248:58318].

--------------------------------------------------------------------------------
2023-01-30 15:08:20.133 [Info] Connected [1ca04a61-4753-4bcd-86c7-71df54af6719].

--------------------------------------------------------------------------------
2023-01-30 15:09:06.899 [Debug] StatusChanged: [NetIncomingMessage #0 14 bytes] [Disconnected]

--------------------------------------------------------------------------------
2023-01-30 15:09:06.899 [Debug] Connection terminated to remote [1ca04a61-4753-4bcd-86c7-71df54af6719/26.82.96.248:58318].

--------------------------------------------------------------------------------
2023-01-30 15:09:06.899 [Info] Disconnected [1ca04a61-4753-4bcd-86c7-71df54af6719].

--------------------------------------------------------------------------------
2023-01-30 15:09:06.899 [Debug] Client disconnected ([menu])

--------------------------------------------------------------------------------
2023-01-30 15:09:09.604 [Debug] hail Time=0 Offset=63810688149403 Real=63810688149403

--------------------------------------------------------------------------------
2023-01-30 15:09:09.604 [Debug] local Time=1624259 Offset=63810686525344 Real=63810688149604

--------------------------------------------------------------------------------
2023-01-30 15:09:09.604 [Debug] real delta=200

--------------------------------------------------------------------------------
2023-01-30 15:09:09.604 [Debug] NCPing=-1000

--------------------------------------------------------------------------------
2023-01-30 15:09:09.604 [Info] Connection approved [80162fa5-cefc-425b-887e-4291e2d95981].

--------------------------------------------------------------------------------
2023-01-30 15:09:09.617 [Debug] Connection established to remote [80162fa5-cefc-425b-887e-4291e2d95981/26.82.96.248:65113].

--------------------------------------------------------------------------------
2023-01-30 15:09:09.617 [Info] Connected [80162fa5-cefc-425b-887e-4291e2d95981].

--------------------------------------------------------------------------------
2023-01-30 15:09:14.901 [Debug] StatusChanged: [NetIncomingMessage #0 14 bytes] [Disconnected]

--------------------------------------------------------------------------------
2023-01-30 15:09:14.901 [Debug] Connection terminated to remote [80162fa5-cefc-425b-887e-4291e2d95981/26.82.96.248:65113].

--------------------------------------------------------------------------------
2023-01-30 15:09:14.901 [Info] Disconnected [80162fa5-cefc-425b-887e-4291e2d95981].

--------------------------------------------------------------------------------
2023-01-30 15:09:14.901 [Debug] Client disconnected ([menu])

--------------------------------------------------------------------------------
2023-01-30 15:16:57.610 [Debug] hail Time=0 Offset=63810688617403 Real=63810688617403

--------------------------------------------------------------------------------
2023-01-30 15:16:57.610 [Debug] local Time=2092265 Offset=63810686525344 Real=63810688617610

--------------------------------------------------------------------------------
2023-01-30 15:16:57.610 [Debug] real delta=207

--------------------------------------------------------------------------------
2023-01-30 15:16:57.610 [Debug] NCPing=-1000

--------------------------------------------------------------------------------
2023-01-30 15:16:57.610 [Info] Connection approved [b523564d-62cd-4556-96c1-d20219eeae28].

--------------------------------------------------------------------------------
2023-01-30 15:16:57.616 [Debug] Connection established to remote [b523564d-62cd-4556-96c1-d20219eeae28/26.82.96.248:51006].

--------------------------------------------------------------------------------
2023-01-30 15:16:57.616 [Info] Connected [b523564d-62cd-4556-96c1-d20219eeae28].

--------------------------------------------------------------------------------
2023-01-30 15:24:41.285 [Debug] StatusChanged: [NetIncomingMessage #0 14 bytes] [Disconnected]

--------------------------------------------------------------------------------
2023-01-30 15:24:41.285 [Debug] Connection terminated to remote [b523564d-62cd-4556-96c1-d20219eeae28/26.82.96.248:51006].

--------------------------------------------------------------------------------
2023-01-30 15:24:41.285 [Info] Disconnected [b523564d-62cd-4556-96c1-d20219eeae28].

--------------------------------------------------------------------------------
2023-01-30 15:24:41.285 [Debug] Client disconnected ([menu])

--------------------------------------------------------------------------------
2023-01-30 15:24:58.390 [Debug] hail Time=0 Offset=63810689098185 Real=63810689098185

--------------------------------------------------------------------------------
2023-01-30 15:24:58.390 [Debug] local Time=2573045 Offset=63810686525344 Real=63810689098390

--------------------------------------------------------------------------------
2023-01-30 15:24:58.390 [Debug] real delta=205

--------------------------------------------------------------------------------
2023-01-30 15:24:58.390 [Debug] NCPing=-1000

--------------------------------------------------------------------------------
2023-01-30 15:24:58.390 [Info] Connection approved [fc68736b-f75c-478b-a8ce-2fdf50210b83].

--------------------------------------------------------------------------------
2023-01-30 15:24:58.399 [Debug] Connection established to remote [fc68736b-f75c-478b-a8ce-2fdf50210b83/26.82.96.248:49464].

--------------------------------------------------------------------------------
2023-01-30 15:24:58.399 [Info] Connected [fc68736b-f75c-478b-a8ce-2fdf50210b83].

--------------------------------------------------------------------------------
2023-01-30 15:40:27.511 [Debug] hail Time=0 Offset=63810690027282 Real=63810690027282

--------------------------------------------------------------------------------
2023-01-30 15:40:27.511 [Debug] local Time=3502166 Offset=63810686525344 Real=63810690027511

--------------------------------------------------------------------------------
2023-01-30 15:40:27.511 [Debug] real delta=228

--------------------------------------------------------------------------------
2023-01-30 15:40:27.511 [Debug] NCPing=-1000

--------------------------------------------------------------------------------
2023-01-30 15:40:27.511 [Info] Connection approved [7b35a79f-3c1b-4757-ab7e-8a666da9dcf5].

--------------------------------------------------------------------------------
2023-01-30 15:40:27.521 [Debug] Connection established to remote [7b35a79f-3c1b-4757-ab7e-8a666da9dcf5/26.82.96.248:49590].

--------------------------------------------------------------------------------
2023-01-30 15:40:27.521 [Info] Connected [7b35a79f-3c1b-4757-ab7e-8a666da9dcf5].

--------------------------------------------------------------------------------
2023-01-30 15:50:35.125 [Debug] hail Time=0 Offset=63810690634019 Real=63810690634019

--------------------------------------------------------------------------------
2023-01-30 15:50:35.125 [Debug] local Time=4109780 Offset=63810686525344 Real=63810690635125

--------------------------------------------------------------------------------
2023-01-30 15:50:35.125 [Debug] real delta=1105

--------------------------------------------------------------------------------
2023-01-30 15:50:35.125 [Debug] NCPing=-1000

--------------------------------------------------------------------------------
2023-01-30 15:50:35.126 [Info] Connection approved [27814cd2-1c70-42b2-b9ff-c8dd2ddb9f9c].

--------------------------------------------------------------------------------
2023-01-30 15:50:35.164 [Debug] Connection established to remote [27814cd2-1c70-42b2-b9ff-c8dd2ddb9f9c/26.187.128.71:52600].

--------------------------------------------------------------------------------
2023-01-30 15:50:35.164 [Info] Connected [27814cd2-1c70-42b2-b9ff-c8dd2ddb9f9c].

--------------------------------------------------------------------------------
2023-01-30 15:51:54.613 [Debug] StatusChanged: [NetIncomingMessage #0 10 bytes] [Disconnected]

--------------------------------------------------------------------------------
2023-01-30 15:51:54.613 [Debug] Connection terminated to remote [27814cd2-1c70-42b2-b9ff-c8dd2ddb9f9c/26.187.128.71:52600].

--------------------------------------------------------------------------------
2023-01-30 15:51:54.613 [Info] Disconnected [27814cd2-1c70-42b2-b9ff-c8dd2ddb9f9c].

--------------------------------------------------------------------------------
2023-01-30 15:51:54.613 [Debug] Client disconnected (Shiro->[editor])

--------------------------------------------------------------------------------
2023-01-30 15:53:56.688 [Debug] StatusChanged: [NetIncomingMessage #0 14 bytes] [Disconnected]

--------------------------------------------------------------------------------
2023-01-30 15:53:56.688 [Debug] Connection terminated to remote [fc68736b-f75c-478b-a8ce-2fdf50210b83/26.82.96.248:49464].

--------------------------------------------------------------------------------
2023-01-30 15:53:56.688 [Info] Disconnected [fc68736b-f75c-478b-a8ce-2fdf50210b83].

--------------------------------------------------------------------------------
2023-01-30 15:53:56.688 [Debug] Client disconnected ([menu])

--------------------------------------------------------------------------------
2023-01-30 15:54:01.926 [Debug] hail Time=1 Offset=63810690840782 Real=63810690840783

--------------------------------------------------------------------------------
2023-01-30 15:54:01.926 [Debug] local Time=4316581 Offset=63810686525344 Real=63810690841926

--------------------------------------------------------------------------------
2023-01-30 15:54:01.926 [Debug] real delta=1142

--------------------------------------------------------------------------------
2023-01-30 15:54:01.926 [Debug] NCPing=-1000

--------------------------------------------------------------------------------
2023-01-30 15:54:01.926 [Info] Connection approved [150e7ac9-6c51-459a-a3b5-f8c3443bb49d].

--------------------------------------------------------------------------------
2023-01-30 15:54:01.973 [Debug] Connection established to remote [150e7ac9-6c51-459a-a3b5-f8c3443bb49d/26.187.128.71:52628].

--------------------------------------------------------------------------------
2023-01-30 15:54:01.973 [Info] Connected [150e7ac9-6c51-459a-a3b5-f8c3443bb49d].

--------------------------------------------------------------------------------
2023-01-30 15:54:03.044 [Debug] hail Time=0 Offset=63810690842817 Real=63810690842817

--------------------------------------------------------------------------------
2023-01-30 15:54:03.044 [Debug] local Time=4317699 Offset=63810686525344 Real=63810690843044

--------------------------------------------------------------------------------
2023-01-30 15:54:03.044 [Debug] real delta=226

--------------------------------------------------------------------------------
2023-01-30 15:54:03.044 [Debug] NCPing=-1000

--------------------------------------------------------------------------------
2023-01-30 15:54:03.044 [Info] Connection approved [1148a0e3-df21-4878-b9e9-1ad6385ce88d].

--------------------------------------------------------------------------------
2023-01-30 15:54:03.054 [Debug] Connection established to remote [1148a0e3-df21-4878-b9e9-1ad6385ce88d/26.82.96.248:54767].

--------------------------------------------------------------------------------
2023-01-30 15:54:03.054 [Info] Connected [1148a0e3-df21-4878-b9e9-1ad6385ce88d].

--------------------------------------------------------------------------------
2023-01-30 15:55:45.209 [Debug] StatusChanged: [NetIncomingMessage #0 10 bytes] [Disconnected]

--------------------------------------------------------------------------------
2023-01-30 15:55:45.209 [Debug] Connection terminated to remote [150e7ac9-6c51-459a-a3b5-f8c3443bb49d/26.187.128.71:52628].

--------------------------------------------------------------------------------
2023-01-30 15:55:45.209 [Info] Disconnected [150e7ac9-6c51-459a-a3b5-f8c3443bb49d].

--------------------------------------------------------------------------------
2023-01-30 15:55:45.209 [Debug] Client disconnected (Shiro->[editor])

--------------------------------------------------------------------------------
2023-01-30 15:57:00.870 [Debug] StatusChanged: [NetIncomingMessage #0 14 bytes] [Disconnected]

--------------------------------------------------------------------------------
2023-01-30 15:57:00.870 [Debug] Connection terminated to remote [1148a0e3-df21-4878-b9e9-1ad6385ce88d/26.82.96.248:54767].

--------------------------------------------------------------------------------
2023-01-30 15:57:00.870 [Info] Disconnected [1148a0e3-df21-4878-b9e9-1ad6385ce88d].

--------------------------------------------------------------------------------
2023-01-30 15:57:00.870 [Debug] Client disconnected ([menu])

--------------------------------------------------------------------------------
2023-01-30 15:57:27.407 [Debug] hail Time=0 Offset=63810691047167 Real=63810691047167

--------------------------------------------------------------------------------
2023-01-30 15:57:27.407 [Debug] local Time=4522060 Offset=63810686525344 Real=63810691047405

--------------------------------------------------------------------------------
2023-01-30 15:57:27.407 [Debug] real delta=237

--------------------------------------------------------------------------------
2023-01-30 15:57:27.407 [Debug] NCPing=-1000

--------------------------------------------------------------------------------
2023-01-30 15:57:27.408 [Info] Connection approved [a26cdbf2-39bc-45ab-93c2-93379653109d].

--------------------------------------------------------------------------------
2023-01-30 15:57:27.426 [Debug] Connection established to remote [a26cdbf2-39bc-45ab-93c2-93379653109d/26.82.96.248:58943].

--------------------------------------------------------------------------------
2023-01-30 15:57:27.426 [Info] Connected [a26cdbf2-39bc-45ab-93c2-93379653109d].

--------------------------------------------------------------------------------
2023-01-30 15:58:03.118 [Debug] StatusChanged: [NetIncomingMessage #0 14 bytes] [Disconnected]

--------------------------------------------------------------------------------
2023-01-30 15:58:03.118 [Debug] Connection terminated to remote [a26cdbf2-39bc-45ab-93c2-93379653109d/26.82.96.248:58943].

--------------------------------------------------------------------------------
2023-01-30 15:58:03.118 [Info] Disconnected [a26cdbf2-39bc-45ab-93c2-93379653109d].

--------------------------------------------------------------------------------
2023-01-30 15:58:03.118 [Debug] Client disconnected ([menu])

--------------------------------------------------------------------------------
2023-01-30 15:58:06.370 [Debug] hail Time=0 Offset=63810691086146 Real=63810691086146

--------------------------------------------------------------------------------
2023-01-30 15:58:06.370 [Debug] local Time=4561025 Offset=63810686525344 Real=63810691086370

--------------------------------------------------------------------------------
2023-01-30 15:58:06.370 [Debug] real delta=223

--------------------------------------------------------------------------------
2023-01-30 15:58:06.370 [Debug] NCPing=-1000

--------------------------------------------------------------------------------
2023-01-30 15:58:06.370 [Info] Connection approved [111d1b6b-fb9c-468f-b32f-f08bf0b1c9b8].

--------------------------------------------------------------------------------
2023-01-30 15:58:06.380 [Debug] Connection established to remote [111d1b6b-fb9c-468f-b32f-f08bf0b1c9b8/26.82.96.248:64559].

--------------------------------------------------------------------------------
2023-01-30 15:58:06.380 [Info] Connected [111d1b6b-fb9c-468f-b32f-f08bf0b1c9b8].

--------------------------------------------------------------------------------
2023-01-30 15:58:19.043 [Debug] Creating new instance with ID 00000000-0000-0000-0000-000000000000 for map New Map

--------------------------------------------------------------------------------
2023-01-30 15:58:19.062 [Debug] Creating new instance with ID 00000000-0000-0000-0000-000000000000 for map New Map

--------------------------------------------------------------------------------
2023-01-30 15:58:19.062 [Debug] Creating new instance with ID 00000000-0000-0000-0000-000000000000 for map New Map

--------------------------------------------------------------------------------
2023-01-30 15:58:19.062 [Debug] Creating new instance with ID 00000000-0000-0000-0000-000000000000 for map New Map

--------------------------------------------------------------------------------
2023-01-30 16:41:09.186 [Debug] StatusChanged: [NetIncomingMessage #0 14 bytes] [Disconnected]

--------------------------------------------------------------------------------
2023-01-30 16:41:09.186 [Debug] Connection terminated to remote [111d1b6b-fb9c-468f-b32f-f08bf0b1c9b8/26.82.96.248:64559].

--------------------------------------------------------------------------------
2023-01-30 16:41:09.186 [Info] Disconnected [111d1b6b-fb9c-468f-b32f-f08bf0b1c9b8].

--------------------------------------------------------------------------------
2023-01-30 16:41:09.186 [Debug] Client disconnected (PCC->PCC)

--------------------------------------------------------------------------------
2023-01-30 16:57:47.137 [Debug] StatusChanged: [NetIncomingMessage #31 10 bytes] [Disconnected]

--------------------------------------------------------------------------------
2023-01-30 16:57:47.137 [Debug] Connection terminated to remote [7b35a79f-3c1b-4757-ab7e-8a666da9dcf5/26.82.96.248:49590].

--------------------------------------------------------------------------------
2023-01-30 16:57:47.137 [Info] Disconnected [7b35a79f-3c1b-4757-ab7e-8a666da9dcf5].

--------------------------------------------------------------------------------
2023-01-30 16:57:47.137 [Debug] Client disconnected (PCC->[editor])

--------------------------------------------------------------------------------
2023-01-30 16:57:59.195 [Debug] hail Time=0 Offset=63810694678944 Real=63810694678944

--------------------------------------------------------------------------------
2023-01-30 16:57:59.195 [Debug] local Time=8153837 Offset=63810686525344 Real=63810694679182

--------------------------------------------------------------------------------
2023-01-30 16:57:59.195 [Debug] real delta=238

--------------------------------------------------------------------------------
2023-01-30 16:57:59.195 [Debug] NCPing=-1000

--------------------------------------------------------------------------------
2023-01-30 16:57:59.195 [Info] Connection approved [8db53a0c-4f1b-471f-9344-319ffac0b8d3].

--------------------------------------------------------------------------------
2023-01-30 16:57:59.200 [Debug] Connection established to remote [8db53a0c-4f1b-471f-9344-319ffac0b8d3/26.82.96.248:52674].

--------------------------------------------------------------------------------
2023-01-30 16:57:59.200 [Info] Connected [8db53a0c-4f1b-471f-9344-319ffac0b8d3].

--------------------------------------------------------------------------------
2023-01-30 17:16:19.099 [Debug] hail Time=1 Offset=63810695778887 Real=63810695778888

--------------------------------------------------------------------------------
2023-01-30 17:16:19.099 [Debug] local Time=9253748 Offset=63810686525344 Real=63810695779093

--------------------------------------------------------------------------------
2023-01-30 17:16:19.099 [Debug] real delta=204

--------------------------------------------------------------------------------
2023-01-30 17:16:19.099 [Debug] NCPing=-1000

--------------------------------------------------------------------------------
2023-01-30 17:16:19.099 [Info] Connection approved [3ac75fa7-74ac-40ef-a956-8fc7ef43aeac].

--------------------------------------------------------------------------------
2023-01-30 17:16:19.112 [Debug] Connection established to remote [3ac75fa7-74ac-40ef-a956-8fc7ef43aeac/26.82.96.248:65382].

--------------------------------------------------------------------------------
2023-01-30 17:16:19.112 [Info] Connected [3ac75fa7-74ac-40ef-a956-8fc7ef43aeac].

--------------------------------------------------------------------------------
2023-01-30 17:17:35.641 [Info] Acquiring context lock... (0ms)

--------------------------------------------------------------------------------
2023-01-30 17:17:35.641 [Info] Acquired. (0ms)

--------------------------------------------------------------------------------
2023-01-30 17:17:35.643 [Info] Beginning context dispose. (0ms)

--------------------------------------------------------------------------------
2023-01-30 17:17:35.645 [Info] Disposing network... (0ms)

--------------------------------------------------------------------------------
2023-01-30 17:17:35.648 [Debug] StatusChanged: [NetIncomingMessage #0 10 bytes] [Disconnecting]

--------------------------------------------------------------------------------
2023-01-30 17:17:35.648 [Debug] StatusChanged: [NetIncomingMessage #0 10 bytes] [Disconnecting]

--------------------------------------------------------------------------------
2023-01-30 17:17:35.648 [Info] Saving updated server variable values

--------------------------------------------------------------------------------
2023-01-30 17:17:35.648 [Info] Saving online users/players... (2ms)

--------------------------------------------------------------------------------
2023-01-30 17:17:35.661 [Debug] StatusChanged: [NetIncomingMessage #0 14 bytes] [Disconnected]

--------------------------------------------------------------------------------
2023-01-30 17:17:35.662 [Debug] StatusChanged: [NetIncomingMessage #0 14 bytes] [Disconnected]

--------------------------------------------------------------------------------
2023-01-30 17:17:35.702 [Info] Saving loaded guilds....

--------------------------------------------------------------------------------
2023-01-30 17:17:35.702 [Info] Online users/players saved. (57ms)

--------------------------------------------------------------------------------
2023-01-30 17:17:35.702 [Info] Shutting down the API... (57ms)

--------------------------------------------------------------------------------
2023-01-30 17:17:35.711 [Info] Shutting down the console thread... (65ms)

--------------------------------------------------------------------------------
2023-01-30 17:17:36.713 [Info] Base dispose. (1067ms)

--------------------------------------------------------------------------------
2023-01-30 17:17:36.713 [Info] Finished disposing server context. (1067ms)

--------------------------------------------------------------------------------
