2022-12-13 07:51:27.510 [Error] IOException: The process cannot access the file 'C:\Users\cuong\OneDrive\Máy tính\Intersect Engine 0.7.1.88-beta Full\Client and Editor\sqlite3.dll' because it is being used by another process.
    Stack:    at System.IO.__Error.WinIOError(Int32 errorCode, String maybeFullPath)
   at System.IO.FileStream.Init(String path, FileMode mode, FileAccess access, Int32 rights, Boolean useRights, FileShare share, Int32 bufferSize, FileOptions options, SECURITY_ATTRIBUTES secAttrs, String msgPath, Boolean bFromProxy, Boolean useLongPath, Boolean checkHost)
   at System.IO.FileStream..ctor(String path, FileMode mode, FileAccess access)
   at Intersect.Editor.Program.Main()


--------------------------------------------------------------------------------
2023-01-03 14:44:09.425 [Error] FileNotFoundException: resources/items/potion_14.png
    Stack:    at System.Drawing.Image.FromFile(String filename, Boolean useEmbeddedColorManagement)
   at Intersect.Editor.Forms.Editors.FrmItem.DrawItemIcon()
   at Intersect.Editor.Forms.Editors.FrmItem.cmbPic_SelectedIndexChanged(Object sender, EventArgs e)
   at System.Windows.Forms.ComboBox.OnSelectedIndexChanged(EventArgs e)
   at System.Windows.Forms.ComboBox.set_SelectedIndex(Int32 value)
   at Intersect.Editor.Forms.Editors.FrmItem.UpdateEditor()
   at Intersect.Editor.Forms.Editors.FrmItem.AssignEditorItem(Guid id)
   at Intersect.Editor.Forms.Controls.GameObjectList.GameObjectList_AfterSelect(Object sender, TreeViewEventArgs e)
   at System.Windows.Forms.TreeView.OnAfterSelect(TreeViewEventArgs e)
   at System.Windows.Forms.TreeView.TvnSelected(NMTREEVIEW* nmtv)
   at System.Windows.Forms.TreeView.WmNotify(Message& m)
   at System.Windows.Forms.TreeView.WndProc(Message& m)
   at System.Windows.Forms.NativeWindow.Callback(IntPtr hWnd, Int32 msg, IntPtr wparam, IntPtr lparam)


--------------------------------------------------------------------------------
