2023-01-24 06:51:56.506 [Info] Connecting to 26.82.96.248:5400...

--------------------------------------------------------------------------------
2023-01-24 06:51:56.853 [Info] Connection approved [00000000-0000-0000-0000-000000000000].

--------------------------------------------------------------------------------
2023-01-24 06:51:56.898 [Debug] approval Time=7368149 Offset=63810132548683 Real=63810139916833

--------------------------------------------------------------------------------
2023-01-24 06:51:56.898 [Debug] local Time=7368149 Offset=63810132548748 Real=63810139916898

--------------------------------------------------------------------------------
2023-01-24 06:51:56.904 [Debug] real delta=71

--------------------------------------------------------------------------------
2023-01-24 06:51:56.904 [Debug] this.Statistics.Ping=0 NCPing=1

--------------------------------------------------------------------------------
2023-01-24 06:51:56.906 [Debug] Connection established to remote [00000000-0000-0000-0000-000000000000/26.82.96.248:5400].

--------------------------------------------------------------------------------
2023-01-24 06:51:56.906 [Info] Connected [00000000-0000-0000-0000-000000000000].

--------------------------------------------------------------------------------
2023-01-24 06:53:44.849 [Debug] StatusChanged: [NetIncomingMessage #0 10 bytes] [Disconnecting]

--------------------------------------------------------------------------------
2023-01-24 06:53:44.883 [Debug] StatusChanged: [NetIncomingMessage #0 10 bytes] [Disconnected]

--------------------------------------------------------------------------------
2023-01-24 06:53:44.883 [Debug] Connection terminated to remote [00000000-0000-0000-0000-000000000000/26.82.96.248:5400].

--------------------------------------------------------------------------------
2023-01-24 06:53:44.884 [Info] Disconnected [00000000-0000-0000-0000-000000000000].

--------------------------------------------------------------------------------
