2023-01-30 19:14:13.193 [Warn] Directory was specified as a plugin directory but does not exist: 'resources\plugins'

--------------------------------------------------------------------------------
2023-01-30 19:14:13.198 [Info] Discovered 0 plugins:


--------------------------------------------------------------------------------
2023-01-30 19:14:14.042 [Info] Connecting to 26.82.96.248:5400...

--------------------------------------------------------------------------------
2023-01-30 19:14:14.342 [Info] Connection approved [00000000-0000-0000-0000-000000000000].

--------------------------------------------------------------------------------
2023-01-30 19:14:14.394 [Debug] approval Time=104548 Offset=63810702749779 Real=63810702854328

--------------------------------------------------------------------------------
2023-01-30 19:14:14.395 [Debug] local Time=104548 Offset=63810702749846 Real=63810702854394

--------------------------------------------------------------------------------
2023-01-30 19:14:14.395 [Debug] real delta=66

--------------------------------------------------------------------------------
2023-01-30 19:14:14.395 [Debug] this.Statistics.Ping=0 NCPing=2

--------------------------------------------------------------------------------
2023-01-30 19:14:14.396 [Debug] Connection established to remote [00000000-0000-0000-0000-000000000000/26.82.96.248:5400].

--------------------------------------------------------------------------------
2023-01-30 19:14:14.396 [Info] Connected [00000000-0000-0000-0000-000000000000].

--------------------------------------------------------------------------------
2023-01-30 19:15:21.920 [Warn] 'Me' is null.

--------------------------------------------------------------------------------
2023-01-30 19:15:22.120 [Debug] received epp: 172080

--------------------------------------------------------------------------------
2023-01-30 19:16:12.284 [Debug] StatusChanged: [NetIncomingMessage #821 10 bytes] [Disconnected]

--------------------------------------------------------------------------------
2023-01-30 19:16:12.285 [Debug] Connection terminated to remote [00000000-0000-0000-0000-000000000000/26.82.96.248:5400].

--------------------------------------------------------------------------------
2023-01-30 19:16:12.285 [Info] Disconnected [00000000-0000-0000-0000-000000000000].

--------------------------------------------------------------------------------
2023-01-30 19:16:12.286 [Info] Connecting to 26.82.96.248:5400...

--------------------------------------------------------------------------------
2023-01-30 19:16:12.416 [Info] Connection approved [00000000-0000-0000-0000-000000000000].

--------------------------------------------------------------------------------
2023-01-30 19:16:12.417 [Debug] approval Time=222621 Offset=63810702749779 Real=63810702972400

--------------------------------------------------------------------------------
2023-01-30 19:16:12.417 [Debug] local Time=222621 Offset=63810702749796 Real=63810702972417

--------------------------------------------------------------------------------
2023-01-30 19:16:12.417 [Debug] real delta=17

--------------------------------------------------------------------------------
2023-01-30 19:16:12.417 [Debug] this.Statistics.Ping=0 NCPing=0

--------------------------------------------------------------------------------
2023-01-30 19:16:12.417 [Debug] Connection established to remote [00000000-0000-0000-0000-000000000000/26.82.96.248:5400].

--------------------------------------------------------------------------------
2023-01-30 19:16:12.417 [Info] Connected [00000000-0000-0000-0000-000000000000].

--------------------------------------------------------------------------------
2023-01-30 19:17:13.322 [Info] System window closing (due to user interaction most likely).

--------------------------------------------------------------------------------
2023-01-30 19:17:13.323 [Debug] StatusChanged: [NetIncomingMessage #0 10 bytes] [Disconnecting]

--------------------------------------------------------------------------------
2023-01-30 19:17:13.326 [Debug] StatusChanged: [NetIncomingMessage #0 14 bytes] [Disconnected]

--------------------------------------------------------------------------------
2023-01-30 19:17:13.363 [Info] Acquiring context lock... (0ms)

--------------------------------------------------------------------------------
2023-01-30 19:17:13.363 [Info] Acquired. (0ms)

--------------------------------------------------------------------------------
2023-01-30 19:17:13.365 [Info] Beginning context dispose. (0ms)

--------------------------------------------------------------------------------
2023-01-30 19:17:13.366 [Info] GC.SuppressFinalize (0ms)

--------------------------------------------------------------------------------
2023-01-30 19:17:13.366 [Info] InternalDispose() completed. (0ms)

--------------------------------------------------------------------------------
2023-01-30 19:17:13.366 [Info] Clearing instance... (2ms)

--------------------------------------------------------------------------------
2023-01-30 19:17:13.366 [Info] Releasing context lock... (3ms)

--------------------------------------------------------------------------------
2023-01-30 19:17:13.366 [Info] Released. (3ms)

--------------------------------------------------------------------------------
