2023-02-04 05:41:59.697 [Warn] Directory was specified as a plugin directory but does not exist: 'resources\plugins'

--------------------------------------------------------------------------------
2023-02-04 05:41:59.697 [Info] Discovered 0 plugins:


--------------------------------------------------------------------------------
2023-02-04 05:42:00.877 [Info] Connecting to 26.82.96.248:5400...

--------------------------------------------------------------------------------
2023-02-04 05:42:01.162 [Info] Connection approved [00000000-0000-0000-0000-000000000000].

--------------------------------------------------------------------------------
2023-02-04 05:42:01.208 [Debug] approval Time=1132778 Offset=63811084988360 Real=63811086121139

--------------------------------------------------------------------------------
2023-02-04 05:42:01.208 [Debug] local Time=1132778 Offset=63811084988429 Real=63811086121208

--------------------------------------------------------------------------------
2023-02-04 05:42:01.208 [Debug] real delta=69

--------------------------------------------------------------------------------
2023-02-04 05:42:01.208 [Debug] this.Statistics.Ping=0 NCPing=1

--------------------------------------------------------------------------------
2023-02-04 05:42:01.209 [Debug] Connection established to remote [00000000-0000-0000-0000-000000000000/26.82.96.248:5400].

--------------------------------------------------------------------------------
2023-02-04 05:42:01.210 [Info] Connected [00000000-0000-0000-0000-000000000000].

--------------------------------------------------------------------------------
2023-02-04 05:42:03.056 [Warn] 'Me' is null.

--------------------------------------------------------------------------------
2023-02-04 05:42:03.229 [Debug] received epp: 1134640

--------------------------------------------------------------------------------
2023-02-04 05:42:17.499 [Info] System window closing (due to user interaction most likely).

--------------------------------------------------------------------------------
2023-02-04 05:42:17.502 [Debug] StatusChanged: [NetIncomingMessage #230 10 bytes] [Disconnecting]

--------------------------------------------------------------------------------
2023-02-04 05:42:17.506 [Debug] StatusChanged: [NetIncomingMessage #231 14 bytes] [Disconnected]

--------------------------------------------------------------------------------
2023-02-04 05:42:17.562 [Info] Acquiring context lock... (0ms)

--------------------------------------------------------------------------------
2023-02-04 05:42:17.562 [Info] Acquired. (0ms)

--------------------------------------------------------------------------------
2023-02-04 05:42:17.562 [Info] Beginning context dispose. (0ms)

--------------------------------------------------------------------------------
2023-02-04 05:42:17.562 [Info] GC.SuppressFinalize (0ms)

--------------------------------------------------------------------------------
2023-02-04 05:42:17.562 [Info] InternalDispose() completed. (0ms)

--------------------------------------------------------------------------------
2023-02-04 05:42:17.562 [Info] Clearing instance... (0ms)

--------------------------------------------------------------------------------
2023-02-04 05:42:17.562 [Info] Releasing context lock... (0ms)

--------------------------------------------------------------------------------
2023-02-04 05:42:17.562 [Info] Released. (0ms)

--------------------------------------------------------------------------------
