2023-01-31 15:08:27.694 [Warn] Directory was specified as a plugin directory but does not exist: 'resources\plugins'

--------------------------------------------------------------------------------
2023-01-31 15:08:27.698 [Info] Discovered 0 plugins:


--------------------------------------------------------------------------------
2023-01-31 15:08:28.297 [Info] Connecting to 26.82.96.248:5400...

--------------------------------------------------------------------------------
2023-01-31 15:08:28.563 [Info] Connection approved [00000000-0000-0000-0000-000000000000].

--------------------------------------------------------------------------------
2023-01-31 15:08:28.610 [Debug] approval Time=6311120 Offset=63810768197427 Real=63810774508547

--------------------------------------------------------------------------------
2023-01-31 15:08:28.610 [Debug] local Time=6311120 Offset=63810768197488 Real=63810774508609

--------------------------------------------------------------------------------
2023-01-31 15:08:28.610 [Debug] real delta=61

--------------------------------------------------------------------------------
2023-01-31 15:08:28.610 [Debug] this.Statistics.Ping=0 NCPing=2

--------------------------------------------------------------------------------
2023-01-31 15:08:28.611 [Debug] Connection established to remote [00000000-0000-0000-0000-000000000000/26.82.96.248:5400].

--------------------------------------------------------------------------------
2023-01-31 15:08:28.611 [Info] Connected [00000000-0000-0000-0000-000000000000].

--------------------------------------------------------------------------------
2023-01-31 15:12:15.075 [Warn] 'Me' is null.

--------------------------------------------------------------------------------
2023-01-31 15:12:15.278 [Debug] received epp: 6537591

--------------------------------------------------------------------------------
2023-01-31 15:12:41.384 [Debug] received epp: 6563928

--------------------------------------------------------------------------------
2023-01-31 15:12:43.489 [Info] System window closing (due to user interaction most likely).

--------------------------------------------------------------------------------
2023-01-31 15:12:43.490 [Debug] StatusChanged: [NetIncomingMessage #716 10 bytes] [Disconnecting]

--------------------------------------------------------------------------------
2023-01-31 15:12:43.490 [Debug] StatusChanged: [NetIncomingMessage #717 10 bytes] [Disconnected]

--------------------------------------------------------------------------------
2023-01-31 15:12:43.491 [Debug] Connection terminated to remote [00000000-0000-0000-0000-000000000000/26.82.96.248:5400].

--------------------------------------------------------------------------------
2023-01-31 15:12:43.491 [Info] Disconnected [00000000-0000-0000-0000-000000000000].

--------------------------------------------------------------------------------
2023-01-31 15:12:43.492 [Info] Connecting to 26.82.96.248:5400...

--------------------------------------------------------------------------------
2023-01-31 15:12:43.536 [Info] Acquiring context lock... (0ms)

--------------------------------------------------------------------------------
2023-01-31 15:12:43.536 [Info] Acquired. (0ms)

--------------------------------------------------------------------------------
2023-01-31 15:12:43.537 [Info] Beginning context dispose. (0ms)

--------------------------------------------------------------------------------
2023-01-31 15:12:43.538 [Info] GC.SuppressFinalize (0ms)

--------------------------------------------------------------------------------
2023-01-31 15:12:43.538 [Info] InternalDispose() completed. (0ms)

--------------------------------------------------------------------------------
2023-01-31 15:12:43.538 [Info] Clearing instance... (2ms)

--------------------------------------------------------------------------------
2023-01-31 15:12:43.539 [Info] Releasing context lock... (2ms)

--------------------------------------------------------------------------------
2023-01-31 15:12:43.539 [Info] Released. (2ms)

--------------------------------------------------------------------------------
