2023-01-02 12:19:54.417 [Warn] Directory was specified as a plugin directory but does not exist: 'resources\plugins'

--------------------------------------------------------------------------------
2023-01-02 12:19:54.439 [Info] Discovered 0 plugins:


--------------------------------------------------------------------------------
2023-01-02 12:19:55.180 [Info] Connecting to 26.82.96.248:5400...

--------------------------------------------------------------------------------
2023-01-02 12:19:55.565 [Info] Connection approved [00000000-0000-0000-0000-000000000000].

--------------------------------------------------------------------------------
2023-01-02 12:19:55.612 [Debug] approval Time=2254051 Offset=63808256541493 Real=63808258795544

--------------------------------------------------------------------------------
2023-01-02 12:19:55.612 [Debug] local Time=2254051 Offset=63808256541560 Real=63808258795611

--------------------------------------------------------------------------------
2023-01-02 12:19:55.612 [Debug] real delta=67

--------------------------------------------------------------------------------
2023-01-02 12:19:55.612 [Debug] this.Statistics.Ping=0 NCPing=2

--------------------------------------------------------------------------------
2023-01-02 12:19:55.613 [Debug] Connection established to remote [00000000-0000-0000-0000-000000000000/26.82.96.248:5400].

--------------------------------------------------------------------------------
2023-01-02 12:19:55.614 [Info] Connected [00000000-0000-0000-0000-000000000000].

--------------------------------------------------------------------------------
2023-01-02 12:20:06.792 [Warn] 'Me' is null.

--------------------------------------------------------------------------------
2023-01-02 12:20:06.982 [Debug] received epp: 2265235

--------------------------------------------------------------------------------
2023-01-02 12:26:55.131 [Info] System window closing (due to user interaction most likely).

--------------------------------------------------------------------------------
2023-01-02 12:26:55.132 [Debug] StatusChanged: [NetIncomingMessage #0 10 bytes] [Disconnecting]

--------------------------------------------------------------------------------
2023-01-02 12:26:55.136 [Debug] StatusChanged: [NetIncomingMessage #0 14 bytes] [Disconnected]

--------------------------------------------------------------------------------
2023-01-02 12:26:55.178 [Info] Acquiring context lock... (0ms)

--------------------------------------------------------------------------------
2023-01-02 12:26:55.178 [Info] Acquired. (0ms)

--------------------------------------------------------------------------------
2023-01-02 12:26:55.178 [Info] Beginning context dispose. (0ms)

--------------------------------------------------------------------------------
2023-01-02 12:26:55.179 [Info] GC.SuppressFinalize (0ms)

--------------------------------------------------------------------------------
2023-01-02 12:26:55.179 [Info] InternalDispose() completed. (0ms)

--------------------------------------------------------------------------------
2023-01-02 12:26:55.179 [Info] Clearing instance... (1ms)

--------------------------------------------------------------------------------
2023-01-02 12:26:55.179 [Info] Releasing context lock... (1ms)

--------------------------------------------------------------------------------
2023-01-02 12:26:55.179 [Info] Released. (1ms)

--------------------------------------------------------------------------------
