2023-01-24 05:43:28.107 [Warn] Directory was specified as a plugin directory but does not exist: 'resources\plugins'

--------------------------------------------------------------------------------
2023-01-24 05:43:28.112 [Info] Discovered 0 plugins:


--------------------------------------------------------------------------------
2023-01-24 05:43:28.773 [Info] Connecting to 26.82.96.248:5400...

--------------------------------------------------------------------------------
2023-01-24 05:43:29.072 [Info] Connection approved [00000000-0000-0000-0000-000000000000].

--------------------------------------------------------------------------------
2023-01-24 05:43:29.126 [Debug] approval Time=3260365 Offset=63810132548683 Real=63810135809048

--------------------------------------------------------------------------------
2023-01-24 05:43:29.126 [Debug] local Time=3260365 Offset=63810132548761 Real=63810135809126

--------------------------------------------------------------------------------
2023-01-24 05:43:29.126 [Debug] real delta=77

--------------------------------------------------------------------------------
2023-01-24 05:43:29.126 [Debug] this.Statistics.Ping=0 NCPing=1

--------------------------------------------------------------------------------
2023-01-24 05:43:29.128 [Debug] Connection established to remote [00000000-0000-0000-0000-000000000000/26.82.96.248:5400].

--------------------------------------------------------------------------------
2023-01-24 05:43:29.128 [Info] Connected [00000000-0000-0000-0000-000000000000].

--------------------------------------------------------------------------------
2023-01-24 05:43:39.272 [Warn] 'Me' is null.

--------------------------------------------------------------------------------
2023-01-24 05:43:39.469 [Debug] received epp: 3270518

--------------------------------------------------------------------------------
2023-01-24 05:43:45.980 [Debug] received epp: 3277281

--------------------------------------------------------------------------------
2023-01-24 05:44:00.937 [Debug] received epp: 3292223

--------------------------------------------------------------------------------
2023-01-24 05:44:23.568 [Debug] received epp: 3314875

--------------------------------------------------------------------------------
2023-01-24 05:44:45.895 [Debug] received epp: 3337195

--------------------------------------------------------------------------------
2023-01-24 05:47:51.972 [Debug] received epp: 3523285

--------------------------------------------------------------------------------
2023-01-24 05:47:52.458 [Debug] received epp: 3523755

--------------------------------------------------------------------------------
2023-01-24 05:48:23.798 [Debug] received epp: 3555098

--------------------------------------------------------------------------------
2023-01-24 05:50:39.406 [Info] System window closing (due to user interaction most likely).

--------------------------------------------------------------------------------
2023-01-24 05:50:40.802 [Info] System window closing (due to user interaction most likely).

--------------------------------------------------------------------------------
2023-01-24 05:50:40.804 [Debug] StatusChanged: [NetIncomingMessage #0 10 bytes] [Disconnecting]

--------------------------------------------------------------------------------
2023-01-24 05:50:40.807 [Debug] StatusChanged: [NetIncomingMessage #690 14 bytes] [Disconnected]

--------------------------------------------------------------------------------
2023-01-24 05:50:40.837 [Info] Acquiring context lock... (0ms)

--------------------------------------------------------------------------------
2023-01-24 05:50:40.837 [Info] Acquired. (0ms)

--------------------------------------------------------------------------------
2023-01-24 05:50:40.838 [Info] Beginning context dispose. (0ms)

--------------------------------------------------------------------------------
2023-01-24 05:50:40.838 [Info] GC.SuppressFinalize (0ms)

--------------------------------------------------------------------------------
2023-01-24 05:50:40.838 [Info] InternalDispose() completed. (0ms)

--------------------------------------------------------------------------------
2023-01-24 05:50:40.838 [Info] Clearing instance... (1ms)

--------------------------------------------------------------------------------
2023-01-24 05:50:40.838 [Info] Releasing context lock... (1ms)

--------------------------------------------------------------------------------
2023-01-24 05:50:40.838 [Info] Released. (1ms)

--------------------------------------------------------------------------------
