2022-12-14 12:12:50.377 [Warn] Directory was specified as a plugin directory but does not exist: 'resources\plugins'

--------------------------------------------------------------------------------
2022-12-14 12:12:50.377 [Info] Discovered 0 plugins:


--------------------------------------------------------------------------------
2022-12-14 12:12:51.167 [Info] Connecting to 127.0.0.1:5400...

--------------------------------------------------------------------------------
2022-12-14 12:12:51.449 [Info] Connection approved [00000000-0000-0000-0000-000000000000].

--------------------------------------------------------------------------------
2022-12-14 12:12:51.487 [Debug] approval Time=13946341 Offset=63806602825084 Real=63806616771425

--------------------------------------------------------------------------------
2022-12-14 12:12:51.487 [Debug] local Time=13946341 Offset=63806602825145 Real=63806616771487

--------------------------------------------------------------------------------
2022-12-14 12:12:51.487 [Debug] real delta=61

--------------------------------------------------------------------------------
2022-12-14 12:12:51.487 [Debug] this.Statistics.Ping=0 NCPing=2

--------------------------------------------------------------------------------
2022-12-14 12:12:51.489 [Debug] Connection established to remote [00000000-0000-0000-0000-000000000000/127.0.0.1:5400].

--------------------------------------------------------------------------------
2022-12-14 12:12:51.489 [Info] Connected [00000000-0000-0000-0000-000000000000].

--------------------------------------------------------------------------------
2022-12-14 12:12:54.958 [Info] System window closing (due to user interaction most likely).

--------------------------------------------------------------------------------
2022-12-14 12:12:54.961 [Debug] StatusChanged: [NetIncomingMessage #0 10 bytes] [Disconnecting]

--------------------------------------------------------------------------------
2022-12-14 12:12:54.964 [Debug] StatusChanged: [NetIncomingMessage #0 14 bytes] [Disconnected]

--------------------------------------------------------------------------------
2022-12-14 12:12:55.023 [Info] Acquiring context lock... (0ms)

--------------------------------------------------------------------------------
2022-12-14 12:12:55.024 [Info] Acquired. (0ms)

--------------------------------------------------------------------------------
2022-12-14 12:12:55.024 [Info] Beginning context dispose. (0ms)

--------------------------------------------------------------------------------
2022-12-14 12:12:55.024 [Info] GC.SuppressFinalize (0ms)

--------------------------------------------------------------------------------
2022-12-14 12:12:55.024 [Info] InternalDispose() completed. (0ms)

--------------------------------------------------------------------------------
2022-12-14 12:12:55.025 [Info] Clearing instance... (1ms)

--------------------------------------------------------------------------------
2022-12-14 12:12:55.025 [Info] Releasing context lock... (1ms)

--------------------------------------------------------------------------------
2022-12-14 12:12:55.025 [Info] Released. (1ms)

--------------------------------------------------------------------------------
