2022-12-28 00:58:59.696 [Warn] Directory was specified as a plugin directory but does not exist: 'resources\plugins'

--------------------------------------------------------------------------------
2022-12-28 00:58:59.700 [Info] Discovered 0 plugins:


--------------------------------------------------------------------------------
2022-12-28 00:59:00.359 [Info] Connecting to 127.0.0.1:5400...

--------------------------------------------------------------------------------
2022-12-28 00:59:00.622 [Info] Connection approved [00000000-0000-0000-0000-000000000000].

--------------------------------------------------------------------------------
2022-12-28 00:59:00.663 [Debug] approval Time=246090 Offset=63807785694521 Real=63807785940612

--------------------------------------------------------------------------------
2022-12-28 00:59:00.663 [Debug] local Time=246090 Offset=63807785694572 Real=63807785940663

--------------------------------------------------------------------------------
2022-12-28 00:59:00.663 [Debug] real delta=51

--------------------------------------------------------------------------------
2022-12-28 00:59:00.663 [Debug] this.Statistics.Ping=0 NCPing=5

--------------------------------------------------------------------------------
2022-12-28 00:59:00.665 [Debug] Connection established to remote [00000000-0000-0000-0000-000000000000/127.0.0.1:5400].

--------------------------------------------------------------------------------
2022-12-28 00:59:00.665 [Info] Connected [00000000-0000-0000-0000-000000000000].

--------------------------------------------------------------------------------
2022-12-28 01:00:04.899 [Info] System window closing (due to user interaction most likely).

--------------------------------------------------------------------------------
2022-12-28 01:00:04.901 [Debug] StatusChanged: [NetIncomingMessage #0 10 bytes] [Disconnecting]

--------------------------------------------------------------------------------
2022-12-28 01:00:04.906 [Debug] StatusChanged: [NetIncomingMessage #0 14 bytes] [Disconnected]

--------------------------------------------------------------------------------
2022-12-28 01:00:04.942 [Info] Acquiring context lock... (0ms)

--------------------------------------------------------------------------------
2022-12-28 01:00:04.944 [Info] Acquired. (0ms)

--------------------------------------------------------------------------------
2022-12-28 01:00:04.944 [Info] Beginning context dispose. (0ms)

--------------------------------------------------------------------------------
2022-12-28 01:00:04.944 [Info] GC.SuppressFinalize (0ms)

--------------------------------------------------------------------------------
2022-12-28 01:00:04.944 [Info] InternalDispose() completed. (0ms)

--------------------------------------------------------------------------------
2022-12-28 01:00:04.944 [Info] Clearing instance... (0ms)

--------------------------------------------------------------------------------
2022-12-28 01:00:04.944 [Info] Releasing context lock... (0ms)

--------------------------------------------------------------------------------
2022-12-28 01:00:04.944 [Info] Released. (0ms)

--------------------------------------------------------------------------------
