2023-02-03 16:38:53.598 [Warn] Directory was specified as a plugin directory but does not exist: 'resources\plugins'

--------------------------------------------------------------------------------
2023-02-03 16:38:53.604 [Info] Discovered 0 plugins:


--------------------------------------------------------------------------------
2023-02-03 16:38:54.767 [Info] Connecting to 26.82.96.248:5400...

--------------------------------------------------------------------------------
2023-02-03 16:38:55.038 [Info] Connection approved [00000000-0000-0000-0000-000000000000].

--------------------------------------------------------------------------------
2023-02-03 16:38:55.081 [Debug] approval Time=21960352 Offset=63811017174663 Real=63811039135016

--------------------------------------------------------------------------------
2023-02-03 16:38:55.081 [Debug] local Time=21960352 Offset=63811017174729 Real=63811039135081

--------------------------------------------------------------------------------
2023-02-03 16:38:55.081 [Debug] real delta=65

--------------------------------------------------------------------------------
2023-02-03 16:38:55.081 [Debug] this.Statistics.Ping=0 NCPing=2

--------------------------------------------------------------------------------
2023-02-03 16:38:55.082 [Debug] Connection established to remote [00000000-0000-0000-0000-000000000000/26.82.96.248:5400].

--------------------------------------------------------------------------------
2023-02-03 16:38:55.083 [Info] Connected [00000000-0000-0000-0000-000000000000].

--------------------------------------------------------------------------------
2023-02-03 16:38:57.047 [Warn] 'Me' is null.

--------------------------------------------------------------------------------
2023-02-03 16:38:57.239 [Debug] received epp: 21962338

--------------------------------------------------------------------------------
2023-02-03 16:39:30.981 [Debug] received epp: 21996290

--------------------------------------------------------------------------------
2023-02-03 16:40:06.570 [Info] System window closing (due to user interaction most likely).

--------------------------------------------------------------------------------
2023-02-03 16:40:06.571 [Debug] StatusChanged: [NetIncomingMessage #181 10 bytes] [Disconnecting]

--------------------------------------------------------------------------------
2023-02-03 16:40:06.575 [Debug] StatusChanged: [NetIncomingMessage #182 14 bytes] [Disconnected]

--------------------------------------------------------------------------------
2023-02-03 16:40:06.634 [Info] Acquiring context lock... (0ms)

--------------------------------------------------------------------------------
2023-02-03 16:40:06.634 [Info] Acquired. (0ms)

--------------------------------------------------------------------------------
2023-02-03 16:40:06.634 [Info] Beginning context dispose. (0ms)

--------------------------------------------------------------------------------
2023-02-03 16:40:06.635 [Info] GC.SuppressFinalize (0ms)

--------------------------------------------------------------------------------
2023-02-03 16:40:06.635 [Info] InternalDispose() completed. (0ms)

--------------------------------------------------------------------------------
2023-02-03 16:40:06.635 [Info] Clearing instance... (1ms)

--------------------------------------------------------------------------------
2023-02-03 16:40:06.635 [Info] Releasing context lock... (1ms)

--------------------------------------------------------------------------------
2023-02-03 16:40:06.635 [Info] Released. (1ms)

--------------------------------------------------------------------------------
