2023-01-30 05:25:46.188 [Warn] Directory was specified as a plugin directory but does not exist: 'resources\plugins'

--------------------------------------------------------------------------------
2023-01-30 05:25:46.202 [Info] Discovered 0 plugins:


--------------------------------------------------------------------------------
2023-01-30 05:25:48.712 [Info] Connecting to 26.82.96.248:5400...

--------------------------------------------------------------------------------
2023-01-30 05:26:01.539 [Info] System window closing (due to user interaction most likely).

--------------------------------------------------------------------------------
2023-01-30 05:26:01.542 [Debug] StatusChanged: [NetIncomingMessage #0 10 bytes] [Disconnecting]

--------------------------------------------------------------------------------
2023-01-30 05:26:01.549 [Debug] StatusChanged: [NetIncomingMessage #0 14 bytes] [Disconnected]

--------------------------------------------------------------------------------
2023-01-30 05:26:01.560 [Debug] Unknown client disconnected (00-00-00-00-00-00-00-00).

--------------------------------------------------------------------------------
2023-01-30 05:26:01.562 [Info] Disconnected [00000000-0000-0000-0000-000000000000].

--------------------------------------------------------------------------------
2023-01-30 05:26:01.608 [Info] Acquiring context lock... (0ms)

--------------------------------------------------------------------------------
2023-01-30 05:26:01.608 [Info] Acquired. (0ms)

--------------------------------------------------------------------------------
2023-01-30 05:26:01.608 [Info] Beginning context dispose. (0ms)

--------------------------------------------------------------------------------
2023-01-30 05:26:01.608 [Info] GC.SuppressFinalize (0ms)

--------------------------------------------------------------------------------
2023-01-30 05:26:01.608 [Info] InternalDispose() completed. (0ms)

--------------------------------------------------------------------------------
2023-01-30 05:26:01.608 [Info] Clearing instance... (1ms)

--------------------------------------------------------------------------------
2023-01-30 05:26:01.608 [Info] Releasing context lock... (1ms)

--------------------------------------------------------------------------------
2023-01-30 05:26:01.608 [Info] Released. (1ms)

--------------------------------------------------------------------------------
