2022-12-14 03:33:53.609 [Warn] Directory was specified as a plugin directory but does not exist: 'resources\plugins'

--------------------------------------------------------------------------------
2022-12-14 03:33:53.615 [Info] Discovered 0 plugins:


--------------------------------------------------------------------------------
2022-12-14 03:33:54.454 [Info] Connecting to 127.0.0.1:5400...

--------------------------------------------------------------------------------
2022-12-14 03:33:54.845 [Info] Connection approved [00000000-0000-0000-0000-000000000000].

--------------------------------------------------------------------------------
2022-12-14 03:33:54.911 [Debug] approval Time=6567225 Offset=63806579067612 Real=63806585634837

--------------------------------------------------------------------------------
2022-12-14 03:33:54.911 [Debug] local Time=6567225 Offset=63806579067685 Real=63806585634911

--------------------------------------------------------------------------------
2022-12-14 03:33:54.911 [Debug] real delta=73

--------------------------------------------------------------------------------
2022-12-14 03:33:54.911 [Debug] this.Statistics.Ping=0 NCPing=2

--------------------------------------------------------------------------------
2022-12-14 03:33:54.913 [Debug] Connection established to remote [00000000-0000-0000-0000-000000000000/127.0.0.1:5400].

--------------------------------------------------------------------------------
2022-12-14 03:33:54.913 [Info] Connected [00000000-0000-0000-0000-000000000000].

--------------------------------------------------------------------------------
2022-12-14 03:34:12.715 [Info] User clicked exit button.

--------------------------------------------------------------------------------
2022-12-14 03:34:12.718 [Info] System window closing (due to user interaction most likely).

--------------------------------------------------------------------------------
2022-12-14 03:34:12.718 [Debug] StatusChanged: [NetIncomingMessage #0 10 bytes] [Disconnecting]

--------------------------------------------------------------------------------
2022-12-14 03:34:12.721 [Debug] StatusChanged: [NetIncomingMessage #0 14 bytes] [Disconnected]

--------------------------------------------------------------------------------
2022-12-14 03:34:12.761 [Info] Acquiring context lock... (0ms)

--------------------------------------------------------------------------------
2022-12-14 03:34:12.762 [Info] Acquired. (0ms)

--------------------------------------------------------------------------------
2022-12-14 03:34:12.764 [Info] Beginning context dispose. (0ms)

--------------------------------------------------------------------------------
2022-12-14 03:34:12.765 [Info] GC.SuppressFinalize (0ms)

--------------------------------------------------------------------------------
2022-12-14 03:34:12.765 [Info] InternalDispose() completed. (0ms)

--------------------------------------------------------------------------------
2022-12-14 03:34:12.765 [Info] Clearing instance... (3ms)

--------------------------------------------------------------------------------
2022-12-14 03:34:12.766 [Info] Releasing context lock... (3ms)

--------------------------------------------------------------------------------
2022-12-14 03:34:12.766 [Info] Released. (4ms)

--------------------------------------------------------------------------------
