2022-12-14 02:33:26.193 [Warn] Directory was specified as a plugin directory but does not exist: 'resources\plugins'

--------------------------------------------------------------------------------
2022-12-14 02:33:26.218 [Info] Discovered 0 plugins:


--------------------------------------------------------------------------------
2022-12-14 02:33:27.051 [Info] Connecting to 127.0.0.1:5400...

--------------------------------------------------------------------------------
2022-12-14 02:33:27.440 [Info] Connection approved [00000000-0000-0000-0000-000000000000].

--------------------------------------------------------------------------------
2022-12-14 02:33:27.490 [Debug] approval Time=2939821 Offset=63806579067612 Real=63806582007433

--------------------------------------------------------------------------------
2022-12-14 02:33:27.490 [Debug] local Time=2939821 Offset=63806579067668 Real=63806582007489

--------------------------------------------------------------------------------
2022-12-14 02:33:27.490 [Debug] real delta=56

--------------------------------------------------------------------------------
2022-12-14 02:33:27.490 [Debug] this.Statistics.Ping=0 NCPing=2

--------------------------------------------------------------------------------
2022-12-14 02:33:27.491 [Debug] Connection established to remote [00000000-0000-0000-0000-000000000000/127.0.0.1:5400].

--------------------------------------------------------------------------------
2022-12-14 02:33:27.491 [Info] Connected [00000000-0000-0000-0000-000000000000].

--------------------------------------------------------------------------------
2022-12-14 02:34:47.363 [Info] System window closing (due to user interaction most likely).

--------------------------------------------------------------------------------
2022-12-14 02:34:47.364 [Debug] StatusChanged: [NetIncomingMessage #0 10 bytes] [Disconnecting]

--------------------------------------------------------------------------------
2022-12-14 02:34:47.369 [Debug] StatusChanged: [NetIncomingMessage #0 14 bytes] [Disconnected]

--------------------------------------------------------------------------------
2022-12-14 02:34:47.418 [Info] Acquiring context lock... (0ms)

--------------------------------------------------------------------------------
2022-12-14 02:34:47.418 [Info] Acquired. (0ms)

--------------------------------------------------------------------------------
2022-12-14 02:34:47.419 [Info] Beginning context dispose. (0ms)

--------------------------------------------------------------------------------
2022-12-14 02:34:47.419 [Info] GC.SuppressFinalize (0ms)

--------------------------------------------------------------------------------
2022-12-14 02:34:47.419 [Info] InternalDispose() completed. (0ms)

--------------------------------------------------------------------------------
2022-12-14 02:34:47.419 [Info] Clearing instance... (0ms)

--------------------------------------------------------------------------------
2022-12-14 02:34:47.419 [Info] Releasing context lock... (0ms)

--------------------------------------------------------------------------------
2022-12-14 02:34:47.419 [Info] Released. (0ms)

--------------------------------------------------------------------------------
