2023-02-01 13:16:37.435 [Warn] Directory was specified as a plugin directory but does not exist: 'resources\plugins'

--------------------------------------------------------------------------------
2023-02-01 13:16:37.439 [Info] Discovered 0 plugins:


--------------------------------------------------------------------------------
2023-02-01 13:16:38.037 [Info] Connecting to 26.82.96.248:5400...

--------------------------------------------------------------------------------
2023-02-01 13:16:38.311 [Info] Connection approved [00000000-0000-0000-0000-000000000000].

--------------------------------------------------------------------------------
2023-02-01 13:16:38.358 [Debug] approval Time=34859075 Offset=63810819339199 Real=63810854198274

--------------------------------------------------------------------------------
2023-02-01 13:16:38.358 [Debug] local Time=34859075 Offset=63810819339283 Real=63810854198358

--------------------------------------------------------------------------------
2023-02-01 13:16:38.358 [Debug] real delta=83

--------------------------------------------------------------------------------
2023-02-01 13:16:38.358 [Debug] this.Statistics.Ping=0 NCPing=1

--------------------------------------------------------------------------------
2023-02-01 13:16:38.359 [Debug] Connection established to remote [00000000-0000-0000-0000-000000000000/26.82.96.248:5400].

--------------------------------------------------------------------------------
2023-02-01 13:16:38.359 [Info] Connected [00000000-0000-0000-0000-000000000000].

--------------------------------------------------------------------------------
2023-02-01 13:16:40.778 [Warn] 'Me' is null.

--------------------------------------------------------------------------------
2023-02-01 13:16:40.965 [Debug] received epp: 34861530

--------------------------------------------------------------------------------
2023-02-01 13:16:46.186 [Info] System window closing (due to user interaction most likely).

--------------------------------------------------------------------------------
2023-02-01 13:16:46.187 [Debug] StatusChanged: [NetIncomingMessage #83 10 bytes] [Disconnecting]

--------------------------------------------------------------------------------
2023-02-01 13:16:46.190 [Debug] StatusChanged: [NetIncomingMessage #84 14 bytes] [Disconnected]

--------------------------------------------------------------------------------
2023-02-01 13:16:46.243 [Info] Acquiring context lock... (0ms)

--------------------------------------------------------------------------------
2023-02-01 13:16:46.243 [Info] Acquired. (0ms)

--------------------------------------------------------------------------------
2023-02-01 13:16:46.243 [Info] Beginning context dispose. (0ms)

--------------------------------------------------------------------------------
2023-02-01 13:16:46.243 [Info] GC.SuppressFinalize (1ms)

--------------------------------------------------------------------------------
2023-02-01 13:16:46.243 [Info] InternalDispose() completed. (1ms)

--------------------------------------------------------------------------------
2023-02-01 13:16:46.243 [Info] Clearing instance... (3ms)

--------------------------------------------------------------------------------
2023-02-01 13:16:46.243 [Info] Releasing context lock... (4ms)

--------------------------------------------------------------------------------
2023-02-01 13:16:46.243 [Info] Released. (4ms)

--------------------------------------------------------------------------------
