2022-12-13 13:31:54.318 [Warn] Directory was specified as a plugin directory but does not exist: 'resources\plugins'

--------------------------------------------------------------------------------
2022-12-13 13:31:54.323 [Info] Discovered 0 plugins:


--------------------------------------------------------------------------------
2022-12-13 13:31:55.085 [Info] Connecting to 127.0.0.1:5400...

--------------------------------------------------------------------------------
2022-12-13 13:32:10.443 [Debug] StatusChanged: [NetIncomingMessage #0 63 bytes] [Disconnected]

--------------------------------------------------------------------------------
2022-12-13 13:32:10.488 [Debug] Unknown client disconnected (00-00-00-00-00-00-00-00).

--------------------------------------------------------------------------------
2022-12-13 13:32:10.489 [Info] Disconnected [00000000-0000-0000-0000-000000000000].

--------------------------------------------------------------------------------
2022-12-13 13:32:10.491 [Info] Connecting to 127.0.0.1:5400...

--------------------------------------------------------------------------------
2022-12-13 13:32:25.598 [Debug] StatusChanged: [NetIncomingMessage #0 63 bytes] [Disconnected]

--------------------------------------------------------------------------------
2022-12-13 13:32:25.598 [Debug] Unknown client disconnected (00-00-00-00-00-00-00-00).

--------------------------------------------------------------------------------
2022-12-13 13:32:25.598 [Info] Disconnected [00000000-0000-0000-0000-000000000000].

--------------------------------------------------------------------------------
2022-12-13 13:32:25.599 [Info] Connecting to 127.0.0.1:5400...

--------------------------------------------------------------------------------
2022-12-13 13:32:40.723 [Debug] StatusChanged: [NetIncomingMessage #0 63 bytes] [Disconnected]

--------------------------------------------------------------------------------
2022-12-13 13:32:40.723 [Debug] Unknown client disconnected (00-00-00-00-00-00-00-00).

--------------------------------------------------------------------------------
2022-12-13 13:32:40.723 [Info] Disconnected [00000000-0000-0000-0000-000000000000].

--------------------------------------------------------------------------------
2022-12-13 13:32:40.724 [Info] Connecting to 127.0.0.1:5400...

--------------------------------------------------------------------------------
2022-12-13 13:32:55.838 [Debug] StatusChanged: [NetIncomingMessage #0 63 bytes] [Disconnected]

--------------------------------------------------------------------------------
2022-12-13 13:32:55.838 [Debug] Unknown client disconnected (00-00-00-00-00-00-00-00).

--------------------------------------------------------------------------------
2022-12-13 13:32:55.838 [Info] Disconnected [00000000-0000-0000-0000-000000000000].

--------------------------------------------------------------------------------
2022-12-13 13:32:55.838 [Info] Connecting to 127.0.0.1:5400...

--------------------------------------------------------------------------------
2022-12-13 13:33:06.750 [Info] System window closing (due to user interaction most likely).

--------------------------------------------------------------------------------
2022-12-13 13:33:06.751 [Debug] StatusChanged: [NetIncomingMessage #0 10 bytes] [Disconnecting]

--------------------------------------------------------------------------------
2022-12-13 13:33:06.753 [Debug] StatusChanged: [NetIncomingMessage #0 14 bytes] [Disconnected]

--------------------------------------------------------------------------------
2022-12-13 13:33:06.753 [Debug] Unknown client disconnected (00-00-00-00-00-00-00-00).

--------------------------------------------------------------------------------
2022-12-13 13:33:06.753 [Info] Disconnected [00000000-0000-0000-0000-000000000000].

--------------------------------------------------------------------------------
2022-12-13 13:33:06.789 [Info] Acquiring context lock... (0ms)

--------------------------------------------------------------------------------
2022-12-13 13:33:06.789 [Info] Acquired. (0ms)

--------------------------------------------------------------------------------
2022-12-13 13:33:06.790 [Info] Beginning context dispose. (0ms)

--------------------------------------------------------------------------------
2022-12-13 13:33:06.791 [Info] GC.SuppressFinalize (0ms)

--------------------------------------------------------------------------------
2022-12-13 13:33:06.791 [Info] InternalDispose() completed. (0ms)

--------------------------------------------------------------------------------
2022-12-13 13:33:06.791 [Info] Clearing instance... (1ms)

--------------------------------------------------------------------------------
2022-12-13 13:33:06.791 [Info] Releasing context lock... (1ms)

--------------------------------------------------------------------------------
2022-12-13 13:33:06.791 [Info] Released. (1ms)

--------------------------------------------------------------------------------
