2023-01-31 15:04:26.734 [Warn] Directory was specified as a plugin directory but does not exist: 'resources\plugins'

--------------------------------------------------------------------------------
2023-01-31 15:04:26.739 [Info] Discovered 0 plugins:


--------------------------------------------------------------------------------
2023-01-31 15:04:27.809 [Info] Connecting to 26.82.96.248:5400...

--------------------------------------------------------------------------------
2023-01-31 15:04:28.069 [Info] Connection approved [00000000-0000-0000-0000-000000000000].

--------------------------------------------------------------------------------
2023-01-31 15:04:28.109 [Debug] approval Time=6070619 Offset=63810768197427 Real=63810774268046

--------------------------------------------------------------------------------
2023-01-31 15:04:28.109 [Debug] local Time=6070619 Offset=63810768197490 Real=63810774268109

--------------------------------------------------------------------------------
2023-01-31 15:04:28.109 [Debug] real delta=63

--------------------------------------------------------------------------------
2023-01-31 15:04:28.109 [Debug] this.Statistics.Ping=0 NCPing=2

--------------------------------------------------------------------------------
2023-01-31 15:04:28.111 [Debug] Connection established to remote [00000000-0000-0000-0000-000000000000/26.82.96.248:5400].

--------------------------------------------------------------------------------
2023-01-31 15:04:28.111 [Info] Connected [00000000-0000-0000-0000-000000000000].

--------------------------------------------------------------------------------
2023-01-31 15:04:32.561 [Info] System window closing (due to user interaction most likely).

--------------------------------------------------------------------------------
2023-01-31 15:04:32.563 [Debug] StatusChanged: [NetIncomingMessage #0 10 bytes] [Disconnecting]

--------------------------------------------------------------------------------
2023-01-31 15:04:32.564 [Debug] StatusChanged: [NetIncomingMessage #0 10 bytes] [Disconnected]

--------------------------------------------------------------------------------
2023-01-31 15:04:32.564 [Debug] Connection terminated to remote [00000000-0000-0000-0000-000000000000/26.82.96.248:5400].

--------------------------------------------------------------------------------
2023-01-31 15:04:32.564 [Info] Disconnected [00000000-0000-0000-0000-000000000000].

--------------------------------------------------------------------------------
2023-01-31 15:04:32.625 [Info] Acquiring context lock... (0ms)

--------------------------------------------------------------------------------
2023-01-31 15:04:32.625 [Info] Acquired. (0ms)

--------------------------------------------------------------------------------
2023-01-31 15:04:32.626 [Info] Beginning context dispose. (0ms)

--------------------------------------------------------------------------------
2023-01-31 15:04:32.626 [Info] GC.SuppressFinalize (0ms)

--------------------------------------------------------------------------------
2023-01-31 15:04:32.626 [Info] InternalDispose() completed. (0ms)

--------------------------------------------------------------------------------
2023-01-31 15:04:32.626 [Info] Clearing instance... (0ms)

--------------------------------------------------------------------------------
2023-01-31 15:04:32.626 [Info] Releasing context lock... (0ms)

--------------------------------------------------------------------------------
2023-01-31 15:04:32.626 [Info] Released. (1ms)

--------------------------------------------------------------------------------
