2023-01-28 16:37:45.438 [Warn] Directory was specified as a plugin directory but does not exist: 'resources\plugins'

--------------------------------------------------------------------------------
2023-01-28 16:37:45.442 [Info] Discovered 0 plugins:


--------------------------------------------------------------------------------
2023-01-28 16:37:46.060 [Info] Connecting to 26.82.96.248:5400...

--------------------------------------------------------------------------------
2023-01-28 16:37:46.344 [Info] Connection approved [00000000-0000-0000-0000-000000000000].

--------------------------------------------------------------------------------
2023-01-28 16:37:46.390 [Debug] approval Time=9636002 Offset=63810511030330 Real=63810520666332

--------------------------------------------------------------------------------
2023-01-28 16:37:46.390 [Debug] local Time=9636002 Offset=63810511030387 Real=63810520666390

--------------------------------------------------------------------------------
2023-01-28 16:37:46.390 [Debug] real delta=57

--------------------------------------------------------------------------------
2023-01-28 16:37:46.390 [Debug] this.Statistics.Ping=0 NCPing=1

--------------------------------------------------------------------------------
2023-01-28 16:37:46.392 [Debug] Connection established to remote [00000000-0000-0000-0000-000000000000/26.82.96.248:5400].

--------------------------------------------------------------------------------
2023-01-28 16:37:46.392 [Info] Connected [00000000-0000-0000-0000-000000000000].

--------------------------------------------------------------------------------
2023-01-28 16:41:04.068 [Warn] 'Me' is null.

--------------------------------------------------------------------------------
2023-01-28 16:41:04.267 [Debug] received epp: 9833684

--------------------------------------------------------------------------------
2023-01-28 16:45:15.148 [Debug] received epp: 10084799

--------------------------------------------------------------------------------
2023-01-28 16:46:37.368 [Debug] received epp: 10167024

--------------------------------------------------------------------------------
2023-01-28 16:51:46.985 [Info] System window closing (due to user interaction most likely).

--------------------------------------------------------------------------------
2023-01-28 16:51:46.986 [Debug] StatusChanged: [NetIncomingMessage #186 10 bytes] [Disconnecting]

--------------------------------------------------------------------------------
2023-01-28 16:51:46.987 [Debug] StatusChanged: [NetIncomingMessage #187 9 bytes] [Disconnected]

--------------------------------------------------------------------------------
2023-01-28 16:51:47.053 [Info] Acquiring context lock... (0ms)

--------------------------------------------------------------------------------
2023-01-28 16:51:47.053 [Info] Acquired. (0ms)

--------------------------------------------------------------------------------
2023-01-28 16:51:47.054 [Info] Beginning context dispose. (0ms)

--------------------------------------------------------------------------------
2023-01-28 16:51:47.054 [Info] GC.SuppressFinalize (0ms)

--------------------------------------------------------------------------------
2023-01-28 16:51:47.054 [Info] InternalDispose() completed. (0ms)

--------------------------------------------------------------------------------
2023-01-28 16:51:47.054 [Info] Clearing instance... (0ms)

--------------------------------------------------------------------------------
2023-01-28 16:51:47.054 [Info] Releasing context lock... (0ms)

--------------------------------------------------------------------------------
2023-01-28 16:51:47.054 [Info] Released. (0ms)

--------------------------------------------------------------------------------
