2023-01-30 14:24:40.021 [Warn] Directory was specified as a plugin directory but does not exist: 'resources\plugins'

--------------------------------------------------------------------------------
2023-01-30 14:24:40.025 [Info] Discovered 0 plugins:


--------------------------------------------------------------------------------
2023-01-30 14:24:40.595 [Info] Connecting to 26.82.96.248:5400...

--------------------------------------------------------------------------------
2023-01-30 14:24:41.081 [Info] Connection approved [00000000-0000-0000-0000-000000000000].

--------------------------------------------------------------------------------
2023-01-30 14:24:41.128 [Debug] approval Time=25924 Offset=63810685455101 Real=63810685481026

--------------------------------------------------------------------------------
2023-01-30 14:24:41.128 [Debug] local Time=25924 Offset=63810685455204 Real=63810685481128

--------------------------------------------------------------------------------
2023-01-30 14:24:41.128 [Debug] real delta=102

--------------------------------------------------------------------------------
2023-01-30 14:24:41.128 [Debug] this.Statistics.Ping=0 NCPing=3

--------------------------------------------------------------------------------
2023-01-30 14:24:41.130 [Debug] Connection established to remote [00000000-0000-0000-0000-000000000000/26.82.96.248:5400].

--------------------------------------------------------------------------------
2023-01-30 14:24:41.130 [Info] Connected [00000000-0000-0000-0000-000000000000].

--------------------------------------------------------------------------------
2023-01-30 14:24:43.906 [Warn] 'Me' is null.

--------------------------------------------------------------------------------
2023-01-30 14:24:44.075 [Debug] received epp: 28892

--------------------------------------------------------------------------------
2023-01-30 14:29:29.732 [Debug] StatusChanged: [NetIncomingMessage #211 14 bytes] [Disconnected]

--------------------------------------------------------------------------------
2023-01-30 14:29:29.733 [Debug] Connection terminated to remote [00000000-0000-0000-0000-000000000000/26.82.96.248:5400].

--------------------------------------------------------------------------------
2023-01-30 14:29:29.733 [Info] Disconnected [00000000-0000-0000-0000-000000000000].

--------------------------------------------------------------------------------
2023-01-30 14:29:29.735 [Info] Connecting to 26.82.96.248:5400...

--------------------------------------------------------------------------------
