2023-01-28 16:23:42.056 [Warn] Directory was specified as a plugin directory but does not exist: 'resources\plugins'

--------------------------------------------------------------------------------
2023-01-28 16:23:42.060 [Info] Discovered 0 plugins:


--------------------------------------------------------------------------------
2023-01-28 16:23:42.799 [Info] Connecting to 26.82.96.248:5400...

--------------------------------------------------------------------------------
2023-01-28 16:23:43.067 [Info] Connection approved [00000000-0000-0000-0000-000000000000].

--------------------------------------------------------------------------------
2023-01-28 16:23:43.113 [Debug] approval Time=8792716 Offset=63810511030330 Real=63810519823046

--------------------------------------------------------------------------------
2023-01-28 16:23:43.114 [Debug] local Time=8792716 Offset=63810511030396 Real=63810519823113

--------------------------------------------------------------------------------
2023-01-28 16:23:43.114 [Debug] real delta=66

--------------------------------------------------------------------------------
2023-01-28 16:23:43.114 [Debug] this.Statistics.Ping=0 NCPing=2

--------------------------------------------------------------------------------
2023-01-28 16:23:43.115 [Debug] Connection established to remote [00000000-0000-0000-0000-000000000000/26.82.96.248:5400].

--------------------------------------------------------------------------------
2023-01-28 16:23:43.115 [Info] Connected [00000000-0000-0000-0000-000000000000].

--------------------------------------------------------------------------------
2023-01-28 16:23:46.103 [Warn] 'Me' is null.

--------------------------------------------------------------------------------
2023-01-28 16:23:46.289 [Debug] received epp: 8795712

--------------------------------------------------------------------------------
2023-01-28 16:27:57.401 [Debug] received epp: 9047039

--------------------------------------------------------------------------------
2023-01-28 16:37:33.624 [Info] System window closing (due to user interaction most likely).

--------------------------------------------------------------------------------
2023-01-28 16:37:33.626 [Debug] StatusChanged: [NetIncomingMessage #555 10 bytes] [Disconnecting]

--------------------------------------------------------------------------------
2023-01-28 16:37:33.631 [Debug] StatusChanged: [NetIncomingMessage #556 14 bytes] [Disconnected]

--------------------------------------------------------------------------------
2023-01-28 16:37:33.701 [Info] Acquiring context lock... (0ms)

--------------------------------------------------------------------------------
2023-01-28 16:37:33.701 [Info] Acquired. (0ms)

--------------------------------------------------------------------------------
2023-01-28 16:37:33.702 [Info] Beginning context dispose. (0ms)

--------------------------------------------------------------------------------
2023-01-28 16:37:33.702 [Info] GC.SuppressFinalize (0ms)

--------------------------------------------------------------------------------
2023-01-28 16:37:33.703 [Info] InternalDispose() completed. (0ms)

--------------------------------------------------------------------------------
2023-01-28 16:37:33.703 [Info] Clearing instance... (1ms)

--------------------------------------------------------------------------------
2023-01-28 16:37:33.703 [Info] Releasing context lock... (1ms)

--------------------------------------------------------------------------------
2023-01-28 16:37:33.703 [Info] Released. (1ms)

--------------------------------------------------------------------------------
