2022-12-14 09:21:51.217 [Warn] Directory was specified as a plugin directory but does not exist: 'resources\plugins'

--------------------------------------------------------------------------------
2022-12-14 09:21:51.221 [Info] Discovered 0 plugins:


--------------------------------------------------------------------------------
2022-12-14 09:21:52.052 [Info] Connecting to 127.0.0.1:5400...

--------------------------------------------------------------------------------
2022-12-14 09:21:52.344 [Info] Connection approved [00000000-0000-0000-0000-000000000000].

--------------------------------------------------------------------------------
2022-12-14 09:21:52.387 [Debug] approval Time=3687252 Offset=63806602825084 Real=63806606512336

--------------------------------------------------------------------------------
2022-12-14 09:21:52.387 [Debug] local Time=3687252 Offset=63806602825134 Real=63806606512387

--------------------------------------------------------------------------------
2022-12-14 09:21:52.387 [Debug] real delta=50

--------------------------------------------------------------------------------
2022-12-14 09:21:52.387 [Debug] this.Statistics.Ping=0 NCPing=2

--------------------------------------------------------------------------------
2022-12-14 09:21:52.388 [Debug] Connection established to remote [00000000-0000-0000-0000-000000000000/127.0.0.1:5400].

--------------------------------------------------------------------------------
2022-12-14 09:21:52.389 [Info] Connected [00000000-0000-0000-0000-000000000000].

--------------------------------------------------------------------------------
2022-12-14 09:21:54.832 [Warn] 'Me' is null.

--------------------------------------------------------------------------------
2022-12-14 09:21:55.000 [Debug] received epp: 3689696

--------------------------------------------------------------------------------
2022-12-14 09:21:58.830 [Info] System window closing (due to user interaction most likely).

--------------------------------------------------------------------------------
2022-12-14 09:21:58.832 [Debug] StatusChanged: [NetIncomingMessage #12 10 bytes] [Disconnecting]

--------------------------------------------------------------------------------
2022-12-14 09:21:58.836 [Debug] StatusChanged: [NetIncomingMessage #13 14 bytes] [Disconnected]

--------------------------------------------------------------------------------
2022-12-14 09:21:58.890 [Info] Acquiring context lock... (0ms)

--------------------------------------------------------------------------------
2022-12-14 09:21:58.890 [Info] Acquired. (0ms)

--------------------------------------------------------------------------------
2022-12-14 09:21:58.891 [Info] Beginning context dispose. (0ms)

--------------------------------------------------------------------------------
2022-12-14 09:21:58.891 [Info] GC.SuppressFinalize (0ms)

--------------------------------------------------------------------------------
2022-12-14 09:21:58.891 [Info] InternalDispose() completed. (0ms)

--------------------------------------------------------------------------------
2022-12-14 09:21:58.892 [Info] Clearing instance... (1ms)

--------------------------------------------------------------------------------
2022-12-14 09:21:58.892 [Info] Releasing context lock... (1ms)

--------------------------------------------------------------------------------
2022-12-14 09:21:58.892 [Info] Released. (1ms)

--------------------------------------------------------------------------------
