2023-02-04 13:39:29.112 [Warn] Directory was specified as a plugin directory but does not exist: 'resources\plugins'

--------------------------------------------------------------------------------
2023-02-04 13:39:29.112 [Info] Discovered 0 plugins:


--------------------------------------------------------------------------------
2023-02-04 13:39:30.211 [Info] Connecting to 26.82.96.248:5400...

--------------------------------------------------------------------------------
2023-02-04 13:39:30.469 [Info] Connection approved [00000000-0000-0000-0000-000000000000].

--------------------------------------------------------------------------------
2023-02-04 13:39:30.516 [Debug] approval Time=314844 Offset=63811114455612 Real=63811114770456

--------------------------------------------------------------------------------
2023-02-04 13:39:30.516 [Debug] local Time=314844 Offset=63811114455672 Real=63811114770516

--------------------------------------------------------------------------------
2023-02-04 13:39:30.516 [Debug] real delta=59

--------------------------------------------------------------------------------
2023-02-04 13:39:30.516 [Debug] this.Statistics.Ping=0 NCPing=2

--------------------------------------------------------------------------------
2023-02-04 13:39:30.517 [Debug] Connection established to remote [00000000-0000-0000-0000-000000000000/26.82.96.248:5400].

--------------------------------------------------------------------------------
2023-02-04 13:39:30.518 [Info] Connected [00000000-0000-0000-0000-000000000000].

--------------------------------------------------------------------------------
2023-02-04 13:39:32.063 [Warn] 'Me' is null.

--------------------------------------------------------------------------------
2023-02-04 13:39:32.261 [Debug] received epp: 316388

--------------------------------------------------------------------------------
2023-02-04 13:39:48.662 [Info] System window closing (due to user interaction most likely).

--------------------------------------------------------------------------------
2023-02-04 13:39:49.835 [Info] System window closing (due to user interaction most likely).

--------------------------------------------------------------------------------
2023-02-04 13:39:49.836 [Debug] StatusChanged: [NetIncomingMessage #350 10 bytes] [Disconnecting]

--------------------------------------------------------------------------------
2023-02-04 13:39:49.839 [Debug] StatusChanged: [NetIncomingMessage #351 14 bytes] [Disconnected]

--------------------------------------------------------------------------------
2023-02-04 13:39:49.886 [Info] Acquiring context lock... (0ms)

--------------------------------------------------------------------------------
2023-02-04 13:39:49.886 [Info] Acquired. (0ms)

--------------------------------------------------------------------------------
2023-02-04 13:39:49.886 [Info] Beginning context dispose. (0ms)

--------------------------------------------------------------------------------
2023-02-04 13:39:49.886 [Info] GC.SuppressFinalize (0ms)

--------------------------------------------------------------------------------
2023-02-04 13:39:49.886 [Info] InternalDispose() completed. (0ms)

--------------------------------------------------------------------------------
2023-02-04 13:39:49.886 [Info] Clearing instance... (0ms)

--------------------------------------------------------------------------------
2023-02-04 13:39:49.886 [Info] Releasing context lock... (0ms)

--------------------------------------------------------------------------------
2023-02-04 13:39:49.886 [Info] Released. (0ms)

--------------------------------------------------------------------------------
