2023-01-02 05:54:39.095 [Warn] Directory was specified as a plugin directory but does not exist: 'resources\plugins'

--------------------------------------------------------------------------------
2023-01-02 05:54:39.101 [Info] Discovered 0 plugins:


--------------------------------------------------------------------------------
2023-01-02 05:54:39.926 [Info] Connecting to 26.82.96.248:5400...

--------------------------------------------------------------------------------
2023-01-02 05:54:40.290 [Info] Connection approved [00000000-0000-0000-0000-000000000000].

--------------------------------------------------------------------------------
2023-01-02 05:54:40.330 [Debug] approval Time=3314551 Offset=63808232365715 Real=63808235680266

--------------------------------------------------------------------------------
2023-01-02 05:54:40.330 [Debug] local Time=3314551 Offset=63808232365778 Real=63808235680330

--------------------------------------------------------------------------------
2023-01-02 05:54:40.330 [Debug] real delta=63

--------------------------------------------------------------------------------
2023-01-02 05:54:40.330 [Debug] this.Statistics.Ping=0 NCPing=2

--------------------------------------------------------------------------------
2023-01-02 05:54:40.332 [Debug] Connection established to remote [00000000-0000-0000-0000-000000000000/26.82.96.248:5400].

--------------------------------------------------------------------------------
2023-01-02 05:54:40.332 [Info] Connected [00000000-0000-0000-0000-000000000000].

--------------------------------------------------------------------------------
2023-01-02 05:54:42.882 [Warn] 'Me' is null.

--------------------------------------------------------------------------------
2023-01-02 05:54:43.059 [Debug] received epp: 3317115

--------------------------------------------------------------------------------
2023-01-02 05:57:35.231 [Debug] received epp: 3489498

--------------------------------------------------------------------------------
2023-01-02 05:57:52.963 [Debug] received epp: 3507230

--------------------------------------------------------------------------------
2023-01-02 05:58:43.277 [Debug] received epp: 3557548

--------------------------------------------------------------------------------
2023-01-02 06:00:28.843 [Debug] received epp: 3663108

--------------------------------------------------------------------------------
2023-01-02 06:17:01.265 [Debug] received epp: 4655530

--------------------------------------------------------------------------------
2023-01-02 06:53:32.572 [Debug] received epp: 6846834

--------------------------------------------------------------------------------
2023-01-02 09:17:01.333 [Info] System window closing (due to user interaction most likely).

--------------------------------------------------------------------------------
2023-01-02 09:17:01.335 [Debug] StatusChanged: [NetIncomingMessage #826 10 bytes] [Disconnecting]

--------------------------------------------------------------------------------
2023-01-02 09:17:01.339 [Debug] StatusChanged: [NetIncomingMessage #0 14 bytes] [Disconnected]

--------------------------------------------------------------------------------
2023-01-02 09:17:01.386 [Info] Acquiring context lock... (0ms)

--------------------------------------------------------------------------------
2023-01-02 09:17:01.386 [Info] Acquired. (0ms)

--------------------------------------------------------------------------------
2023-01-02 09:17:01.388 [Info] Beginning context dispose. (0ms)

--------------------------------------------------------------------------------
2023-01-02 09:17:01.389 [Info] GC.SuppressFinalize (0ms)

--------------------------------------------------------------------------------
2023-01-02 09:17:01.389 [Info] InternalDispose() completed. (0ms)

--------------------------------------------------------------------------------
2023-01-02 09:17:01.389 [Info] Clearing instance... (1ms)

--------------------------------------------------------------------------------
2023-01-02 09:17:01.389 [Info] Releasing context lock... (1ms)

--------------------------------------------------------------------------------
2023-01-02 09:17:01.389 [Info] Released. (1ms)

--------------------------------------------------------------------------------
