2023-02-04 07:44:38.284 [Warn] Directory was specified as a plugin directory but does not exist: 'resources\plugins'

--------------------------------------------------------------------------------
2023-02-04 07:44:38.289 [Info] Discovered 0 plugins:


--------------------------------------------------------------------------------
2023-02-04 07:44:38.961 [Info] Connecting to 26.82.96.248:5400...

--------------------------------------------------------------------------------
2023-02-04 07:44:39.240 [Info] Connection approved [00000000-0000-0000-0000-000000000000].

--------------------------------------------------------------------------------
2023-02-04 07:44:39.325 [Debug] approval Time=8490859 Offset=63811084988360 Real=63811093479220

--------------------------------------------------------------------------------
2023-02-04 07:44:39.325 [Debug] local Time=8490859 Offset=63811084988466 Real=63811093479325

--------------------------------------------------------------------------------
2023-02-04 07:44:39.325 [Debug] real delta=105

--------------------------------------------------------------------------------
2023-02-04 07:44:39.325 [Debug] this.Statistics.Ping=0 NCPing=2

--------------------------------------------------------------------------------
2023-02-04 07:44:39.326 [Debug] Connection established to remote [00000000-0000-0000-0000-000000000000/26.82.96.248:5400].

--------------------------------------------------------------------------------
2023-02-04 07:44:39.327 [Info] Connected [00000000-0000-0000-0000-000000000000].

--------------------------------------------------------------------------------
2023-02-04 07:44:46.586 [Warn] 'Me' is null.

--------------------------------------------------------------------------------
2023-02-04 07:44:46.786 [Debug] received epp: 8498160

--------------------------------------------------------------------------------
2023-02-04 07:45:12.924 [Info] System window closing (due to user interaction most likely).

--------------------------------------------------------------------------------
2023-02-04 07:45:23.078 [Info] System window closing (due to user interaction most likely).

--------------------------------------------------------------------------------
2023-02-04 07:45:24.002 [Info] System window closing (due to user interaction most likely).

--------------------------------------------------------------------------------
2023-02-04 07:45:24.004 [Debug] StatusChanged: [NetIncomingMessage #803 10 bytes] [Disconnecting]

--------------------------------------------------------------------------------
2023-02-04 07:45:24.007 [Debug] StatusChanged: [NetIncomingMessage #804 14 bytes] [Disconnected]

--------------------------------------------------------------------------------
2023-02-04 07:45:24.071 [Info] Acquiring context lock... (0ms)

--------------------------------------------------------------------------------
2023-02-04 07:45:24.072 [Info] Acquired. (0ms)

--------------------------------------------------------------------------------
2023-02-04 07:45:24.072 [Info] Beginning context dispose. (0ms)

--------------------------------------------------------------------------------
2023-02-04 07:45:24.072 [Info] GC.SuppressFinalize (0ms)

--------------------------------------------------------------------------------
2023-02-04 07:45:24.072 [Info] InternalDispose() completed. (0ms)

--------------------------------------------------------------------------------
2023-02-04 07:45:24.073 [Info] Clearing instance... (1ms)

--------------------------------------------------------------------------------
2023-02-04 07:45:24.073 [Info] Releasing context lock... (1ms)

--------------------------------------------------------------------------------
2023-02-04 07:45:24.073 [Info] Released. (1ms)

--------------------------------------------------------------------------------
