2022-12-14 16:03:29.188 [Warn] Directory was specified as a plugin directory but does not exist: 'resources\plugins'

--------------------------------------------------------------------------------
2022-12-14 16:03:29.191 [Info] Discovered 0 plugins:


--------------------------------------------------------------------------------
2022-12-14 16:03:29.820 [Info] Connecting to 127.0.0.1:5400...

--------------------------------------------------------------------------------
2022-12-14 16:03:30.116 [Info] Connection approved [00000000-0000-0000-0000-000000000000].

--------------------------------------------------------------------------------
2022-12-14 16:03:30.154 [Debug] approval Time=1465730 Offset=63806629144370 Real=63806630610101

--------------------------------------------------------------------------------
2022-12-14 16:03:30.154 [Debug] local Time=1465730 Offset=63806629144423 Real=63806630610154

--------------------------------------------------------------------------------
2022-12-14 16:03:30.154 [Debug] real delta=53

--------------------------------------------------------------------------------
2022-12-14 16:03:30.154 [Debug] this.Statistics.Ping=0 NCPing=2

--------------------------------------------------------------------------------
2022-12-14 16:03:30.155 [Debug] Connection established to remote [00000000-0000-0000-0000-000000000000/127.0.0.1:5400].

--------------------------------------------------------------------------------
2022-12-14 16:03:30.155 [Info] Connected [00000000-0000-0000-0000-000000000000].

--------------------------------------------------------------------------------
2022-12-14 16:03:32.855 [Warn] 'Me' is null.

--------------------------------------------------------------------------------
2022-12-14 16:03:33.027 [Debug] received epp: 1468425

--------------------------------------------------------------------------------
2022-12-14 16:07:23.582 [Info] System window closing (due to user interaction most likely).

--------------------------------------------------------------------------------
2022-12-14 16:07:23.582 [Debug] StatusChanged: [NetIncomingMessage #0 10 bytes] [Disconnecting]

--------------------------------------------------------------------------------
2022-12-14 16:07:23.586 [Debug] StatusChanged: [NetIncomingMessage #0 14 bytes] [Disconnected]

--------------------------------------------------------------------------------
2022-12-14 16:07:23.615 [Info] Acquiring context lock... (0ms)

--------------------------------------------------------------------------------
2022-12-14 16:07:23.615 [Info] Acquired. (0ms)

--------------------------------------------------------------------------------
2022-12-14 16:07:23.615 [Info] Beginning context dispose. (0ms)

--------------------------------------------------------------------------------
2022-12-14 16:07:23.615 [Info] GC.SuppressFinalize (0ms)

--------------------------------------------------------------------------------
2022-12-14 16:07:23.615 [Info] InternalDispose() completed. (0ms)

--------------------------------------------------------------------------------
2022-12-14 16:07:23.615 [Info] Clearing instance... (0ms)

--------------------------------------------------------------------------------
2022-12-14 16:07:23.615 [Info] Releasing context lock... (0ms)

--------------------------------------------------------------------------------
2022-12-14 16:07:23.615 [Info] Released. (0ms)

--------------------------------------------------------------------------------
