2023-01-30 19:33:50.799 [Warn] Directory was specified as a plugin directory but does not exist: 'resources\plugins'

--------------------------------------------------------------------------------
2023-01-30 19:33:50.803 [Info] Discovered 0 plugins:


--------------------------------------------------------------------------------
2023-01-30 19:33:51.468 [Info] Connecting to 26.82.96.248:5400...

--------------------------------------------------------------------------------
2023-01-30 19:33:51.778 [Info] Connection approved [00000000-0000-0000-0000-000000000000].

--------------------------------------------------------------------------------
2023-01-30 19:33:51.821 [Debug] approval Time=739107 Offset=63810703292649 Real=63810704031756

--------------------------------------------------------------------------------
2023-01-30 19:33:51.821 [Debug] local Time=739107 Offset=63810703292714 Real=63810704031821

--------------------------------------------------------------------------------
2023-01-30 19:33:51.821 [Debug] real delta=64

--------------------------------------------------------------------------------
2023-01-30 19:33:51.821 [Debug] this.Statistics.Ping=0 NCPing=1

--------------------------------------------------------------------------------
2023-01-30 19:33:51.823 [Debug] Connection established to remote [00000000-0000-0000-0000-000000000000/26.82.96.248:5400].

--------------------------------------------------------------------------------
2023-01-30 19:33:51.823 [Info] Connected [00000000-0000-0000-0000-000000000000].

--------------------------------------------------------------------------------
2023-01-30 19:33:54.648 [Warn] 'Me' is null.

--------------------------------------------------------------------------------
2023-01-30 19:33:54.823 [Debug] received epp: 741941

--------------------------------------------------------------------------------
2023-01-30 19:35:25.318 [Info] System window closing (due to user interaction most likely).

--------------------------------------------------------------------------------
2023-01-30 19:35:25.319 [Debug] StatusChanged: [NetIncomingMessage #410 10 bytes] [Disconnecting]

--------------------------------------------------------------------------------
2023-01-30 19:35:25.323 [Debug] StatusChanged: [NetIncomingMessage #411 14 bytes] [Disconnected]

--------------------------------------------------------------------------------
2023-01-30 19:35:25.360 [Info] Acquiring context lock... (0ms)

--------------------------------------------------------------------------------
2023-01-30 19:35:25.360 [Info] Acquired. (0ms)

--------------------------------------------------------------------------------
2023-01-30 19:35:25.361 [Info] Beginning context dispose. (0ms)

--------------------------------------------------------------------------------
2023-01-30 19:35:25.361 [Info] GC.SuppressFinalize (0ms)

--------------------------------------------------------------------------------
2023-01-30 19:35:25.361 [Info] InternalDispose() completed. (0ms)

--------------------------------------------------------------------------------
2023-01-30 19:35:25.361 [Info] Clearing instance... (0ms)

--------------------------------------------------------------------------------
2023-01-30 19:35:25.361 [Info] Releasing context lock... (0ms)

--------------------------------------------------------------------------------
2023-01-30 19:35:25.361 [Info] Released. (0ms)

--------------------------------------------------------------------------------
