2022-12-14 11:52:49.140 [Warn] Directory was specified as a plugin directory but does not exist: 'resources\plugins'

--------------------------------------------------------------------------------
2022-12-14 11:52:49.144 [Info] Discovered 0 plugins:


--------------------------------------------------------------------------------
2022-12-14 11:52:49.846 [Info] Connecting to 127.0.0.1:5400...

--------------------------------------------------------------------------------
2022-12-14 11:52:50.112 [Info] Connection approved [00000000-0000-0000-0000-000000000000].

--------------------------------------------------------------------------------
2022-12-14 11:52:50.155 [Debug] approval Time=12745010 Offset=63806602825084 Real=63806615570094

--------------------------------------------------------------------------------
2022-12-14 11:52:50.155 [Debug] local Time=12745010 Offset=63806602825145 Real=63806615570155

--------------------------------------------------------------------------------
2022-12-14 11:52:50.155 [Debug] real delta=61

--------------------------------------------------------------------------------
2022-12-14 11:52:50.155 [Debug] this.Statistics.Ping=0 NCPing=2

--------------------------------------------------------------------------------
2022-12-14 11:52:50.156 [Debug] Connection established to remote [00000000-0000-0000-0000-000000000000/127.0.0.1:5400].

--------------------------------------------------------------------------------
2022-12-14 11:52:50.156 [Info] Connected [00000000-0000-0000-0000-000000000000].

--------------------------------------------------------------------------------
2022-12-14 11:52:52.163 [Warn] 'Me' is null.

--------------------------------------------------------------------------------
2022-12-14 11:52:52.340 [Debug] received epp: 12747025

--------------------------------------------------------------------------------
2022-12-14 11:53:01.110 [Info] System window closing (due to user interaction most likely).

--------------------------------------------------------------------------------
2022-12-14 11:53:01.112 [Debug] StatusChanged: [NetIncomingMessage #8 10 bytes] [Disconnecting]

--------------------------------------------------------------------------------
2022-12-14 11:53:01.116 [Debug] StatusChanged: [NetIncomingMessage #9 14 bytes] [Disconnected]

--------------------------------------------------------------------------------
2022-12-14 11:53:01.164 [Info] Acquiring context lock... (0ms)

--------------------------------------------------------------------------------
2022-12-14 11:53:01.164 [Info] Acquired. (0ms)

--------------------------------------------------------------------------------
2022-12-14 11:53:01.165 [Info] Beginning context dispose. (0ms)

--------------------------------------------------------------------------------
2022-12-14 11:53:01.165 [Info] GC.SuppressFinalize (0ms)

--------------------------------------------------------------------------------
2022-12-14 11:53:01.165 [Info] InternalDispose() completed. (0ms)

--------------------------------------------------------------------------------
2022-12-14 11:53:01.165 [Info] Clearing instance... (0ms)

--------------------------------------------------------------------------------
2022-12-14 11:53:01.165 [Info] Releasing context lock... (0ms)

--------------------------------------------------------------------------------
2022-12-14 11:53:01.165 [Info] Released. (0ms)

--------------------------------------------------------------------------------
