2023-01-28 17:01:27.271 [Info] Connecting to 26.82.96.248:5400...

--------------------------------------------------------------------------------
2023-01-28 17:01:28.182 [Info] Connection approved [00000000-0000-0000-0000-000000000000].

--------------------------------------------------------------------------------
2023-01-28 17:01:28.293 [Debug] approval Time=11059346 Offset=63810511030330 Real=63810522089676

--------------------------------------------------------------------------------
2023-01-28 17:01:28.294 [Debug] local Time=11059346 Offset=63810511028946 Real=63810522088293

--------------------------------------------------------------------------------
2023-01-28 17:01:28.297 [Debug] real delta=-1383

--------------------------------------------------------------------------------
2023-01-28 17:01:28.298 [Debug] this.Statistics.Ping=0 NCPing=29

--------------------------------------------------------------------------------
2023-01-28 17:01:28.302 [Debug] Connection established to remote [00000000-0000-0000-0000-000000000000/26.82.96.248:5400].

--------------------------------------------------------------------------------
2023-01-28 17:01:28.303 [Info] Connected [00000000-0000-0000-0000-000000000000].

--------------------------------------------------------------------------------
2023-01-28 17:04:38.087 [Debug] StatusChanged: [NetIncomingMessage #0 10 bytes] [Disconnecting]

--------------------------------------------------------------------------------
2023-01-28 17:04:38.157 [Debug] StatusChanged: [NetIncomingMessage #0 10 bytes] [Disconnected]

--------------------------------------------------------------------------------
2023-01-28 17:04:38.157 [Debug] Connection terminated to remote [00000000-0000-0000-0000-000000000000/26.82.96.248:5400].

--------------------------------------------------------------------------------
2023-01-28 17:04:38.158 [Info] Disconnected [00000000-0000-0000-0000-000000000000].

--------------------------------------------------------------------------------
