2022-12-14 01:44:00.909 [Warn] Directory was specified as a plugin directory but does not exist: 'resources\plugins'

--------------------------------------------------------------------------------
2022-12-14 01:44:00.932 [Info] Discovered 0 plugins:


--------------------------------------------------------------------------------
2022-12-14 01:44:01.767 [Info] Connecting to 127.0.0.1:5400...

--------------------------------------------------------------------------------
2022-12-14 01:44:17.172 [Debug] StatusChanged: [NetIncomingMessage #0 63 bytes] [Disconnected]

--------------------------------------------------------------------------------
2022-12-14 01:44:17.179 [Debug] Unknown client disconnected (00-00-00-00-00-00-00-00).

--------------------------------------------------------------------------------
2022-12-14 01:44:17.179 [Info] Disconnected [00000000-0000-0000-0000-000000000000].

--------------------------------------------------------------------------------
2022-12-14 01:44:17.183 [Info] Connecting to 127.0.0.1:5400...

--------------------------------------------------------------------------------
2022-12-14 01:44:29.426 [Info] Connection approved [00000000-0000-0000-0000-000000000000].

--------------------------------------------------------------------------------
2022-12-14 01:44:29.475 [Debug] approval Time=1805 Offset=63806579067612 Real=63806579069417

--------------------------------------------------------------------------------
2022-12-14 01:44:29.475 [Debug] local Time=1805 Offset=63806579067667 Real=63806579069472

--------------------------------------------------------------------------------
2022-12-14 01:44:29.475 [Debug] real delta=55

--------------------------------------------------------------------------------
2022-12-14 01:44:29.475 [Debug] this.Statistics.Ping=0 NCPing=1

--------------------------------------------------------------------------------
2022-12-14 01:44:29.477 [Debug] Connection established to remote [00000000-0000-0000-0000-000000000000/127.0.0.1:5400].

--------------------------------------------------------------------------------
2022-12-14 01:44:29.477 [Info] Connected [00000000-0000-0000-0000-000000000000].

--------------------------------------------------------------------------------
2022-12-14 01:54:50.673 [Info] System window closing (due to user interaction most likely).

--------------------------------------------------------------------------------
2022-12-14 01:54:50.674 [Debug] StatusChanged: [NetIncomingMessage #0 10 bytes] [Disconnecting]

--------------------------------------------------------------------------------
2022-12-14 01:54:50.677 [Debug] StatusChanged: [NetIncomingMessage #0 14 bytes] [Disconnected]

--------------------------------------------------------------------------------
2022-12-14 01:54:50.723 [Info] Acquiring context lock... (0ms)

--------------------------------------------------------------------------------
2022-12-14 01:54:50.723 [Info] Acquired. (0ms)

--------------------------------------------------------------------------------
2022-12-14 01:54:50.724 [Info] Beginning context dispose. (0ms)

--------------------------------------------------------------------------------
2022-12-14 01:54:50.724 [Info] GC.SuppressFinalize (0ms)

--------------------------------------------------------------------------------
2022-12-14 01:54:50.724 [Info] InternalDispose() completed. (0ms)

--------------------------------------------------------------------------------
2022-12-14 01:54:50.724 [Info] Clearing instance... (0ms)

--------------------------------------------------------------------------------
2022-12-14 01:54:50.724 [Info] Releasing context lock... (0ms)

--------------------------------------------------------------------------------
2022-12-14 01:54:50.724 [Info] Released. (0ms)

--------------------------------------------------------------------------------
