2022-12-14 16:18:54.149 [Warn] Directory was specified as a plugin directory but does not exist: 'resources\plugins'

--------------------------------------------------------------------------------
2022-12-14 16:18:54.153 [Info] Discovered 0 plugins:


--------------------------------------------------------------------------------
2022-12-14 16:18:54.786 [Info] Connecting to 127.0.0.1:5400...

--------------------------------------------------------------------------------
2022-12-14 16:18:55.065 [Info] Connection approved [00000000-0000-0000-0000-000000000000].

--------------------------------------------------------------------------------
2022-12-14 16:18:55.110 [Debug] approval Time=2390680 Offset=63806629144370 Real=63806631535050

--------------------------------------------------------------------------------
2022-12-14 16:18:55.110 [Debug] local Time=2390680 Offset=63806629144430 Real=63806631535110

--------------------------------------------------------------------------------
2022-12-14 16:18:55.110 [Debug] real delta=59

--------------------------------------------------------------------------------
2022-12-14 16:18:55.110 [Debug] this.Statistics.Ping=0 NCPing=1

--------------------------------------------------------------------------------
2022-12-14 16:18:55.112 [Debug] Connection established to remote [00000000-0000-0000-0000-000000000000/127.0.0.1:5400].

--------------------------------------------------------------------------------
2022-12-14 16:18:55.112 [Info] Connected [00000000-0000-0000-0000-000000000000].

--------------------------------------------------------------------------------
2022-12-14 16:19:00.009 [Warn] 'Me' is null.

--------------------------------------------------------------------------------
2022-12-14 16:19:00.200 [Debug] received epp: 2395567

--------------------------------------------------------------------------------
2022-12-14 16:20:29.578 [Info] System window closing (due to user interaction most likely).

--------------------------------------------------------------------------------
2022-12-14 16:20:29.579 [Debug] StatusChanged: [NetIncomingMessage #316 10 bytes] [Disconnecting]

--------------------------------------------------------------------------------
2022-12-14 16:20:29.585 [Debug] StatusChanged: [NetIncomingMessage #0 14 bytes] [Disconnected]

--------------------------------------------------------------------------------
2022-12-14 16:20:29.624 [Info] Acquiring context lock... (0ms)

--------------------------------------------------------------------------------
2022-12-14 16:20:29.624 [Info] Acquired. (0ms)

--------------------------------------------------------------------------------
2022-12-14 16:20:29.625 [Info] Beginning context dispose. (0ms)

--------------------------------------------------------------------------------
2022-12-14 16:20:29.625 [Info] GC.SuppressFinalize (0ms)

--------------------------------------------------------------------------------
2022-12-14 16:20:29.625 [Info] InternalDispose() completed. (0ms)

--------------------------------------------------------------------------------
2022-12-14 16:20:29.625 [Info] Clearing instance... (1ms)

--------------------------------------------------------------------------------
2022-12-14 16:20:29.625 [Info] Releasing context lock... (1ms)

--------------------------------------------------------------------------------
2022-12-14 16:20:29.625 [Info] Released. (1ms)

--------------------------------------------------------------------------------
