2022-12-14 09:37:25.081 [Warn] Directory was specified as a plugin directory but does not exist: 'resources\plugins'

--------------------------------------------------------------------------------
2022-12-14 09:37:25.085 [Info] Discovered 0 plugins:


--------------------------------------------------------------------------------
2022-12-14 09:37:25.746 [Info] Connecting to 127.0.0.1:5400...

--------------------------------------------------------------------------------
2022-12-14 09:37:26.025 [Info] Connection approved [00000000-0000-0000-0000-000000000000].

--------------------------------------------------------------------------------
2022-12-14 09:37:26.066 [Debug] approval Time=4620919 Offset=63806602825084 Real=63806607446003

--------------------------------------------------------------------------------
2022-12-14 09:37:26.066 [Debug] local Time=4620919 Offset=63806602825147 Real=63806607446066

--------------------------------------------------------------------------------
2022-12-14 09:37:26.066 [Debug] real delta=63

--------------------------------------------------------------------------------
2022-12-14 09:37:26.066 [Debug] this.Statistics.Ping=0 NCPing=3

--------------------------------------------------------------------------------
2022-12-14 09:37:26.067 [Debug] Connection established to remote [00000000-0000-0000-0000-000000000000/127.0.0.1:5400].

--------------------------------------------------------------------------------
2022-12-14 09:37:26.068 [Info] Connected [00000000-0000-0000-0000-000000000000].

--------------------------------------------------------------------------------
2022-12-14 09:37:53.345 [Warn] 'Me' is null.

--------------------------------------------------------------------------------
2022-12-14 09:37:53.507 [Debug] received epp: 4648198

--------------------------------------------------------------------------------
2022-12-14 09:46:42.114 [Info] System window closing (due to user interaction most likely).

--------------------------------------------------------------------------------
2022-12-14 09:46:42.115 [Debug] StatusChanged: [NetIncomingMessage #0 10 bytes] [Disconnecting]

--------------------------------------------------------------------------------
2022-12-14 09:46:42.120 [Debug] StatusChanged: [NetIncomingMessage #0 14 bytes] [Disconnected]

--------------------------------------------------------------------------------
2022-12-14 09:46:42.158 [Info] Acquiring context lock... (0ms)

--------------------------------------------------------------------------------
2022-12-14 09:46:42.159 [Info] Acquired. (0ms)

--------------------------------------------------------------------------------
2022-12-14 09:46:42.159 [Info] Beginning context dispose. (0ms)

--------------------------------------------------------------------------------
2022-12-14 09:46:42.159 [Info] GC.SuppressFinalize (0ms)

--------------------------------------------------------------------------------
2022-12-14 09:46:42.159 [Info] InternalDispose() completed. (0ms)

--------------------------------------------------------------------------------
2022-12-14 09:46:42.159 [Info] Clearing instance... (0ms)

--------------------------------------------------------------------------------
2022-12-14 09:46:42.159 [Info] Releasing context lock... (0ms)

--------------------------------------------------------------------------------
2022-12-14 09:46:42.159 [Info] Released. (0ms)

--------------------------------------------------------------------------------
