2022-12-14 15:39:25.399 [Warn] Directory was specified as a plugin directory but does not exist: 'resources\plugins'

--------------------------------------------------------------------------------
2022-12-14 15:39:25.406 [Info] Discovered 0 plugins:


--------------------------------------------------------------------------------
2022-12-14 15:39:26.199 [Info] Connecting to 127.0.0.1:5400...

--------------------------------------------------------------------------------
2022-12-14 15:39:26.964 [Info] Connection approved [00000000-0000-0000-0000-000000000000].

--------------------------------------------------------------------------------
2022-12-14 15:39:27.016 [Debug] approval Time=22489 Offset=63806629144370 Real=63806629166860

--------------------------------------------------------------------------------
2022-12-14 15:39:27.017 [Debug] local Time=22489 Offset=63806629144526 Real=63806629167016

--------------------------------------------------------------------------------
2022-12-14 15:39:27.017 [Debug] real delta=155

--------------------------------------------------------------------------------
2022-12-14 15:39:27.017 [Debug] this.Statistics.Ping=0 NCPing=3

--------------------------------------------------------------------------------
2022-12-14 15:39:27.019 [Debug] Connection established to remote [00000000-0000-0000-0000-000000000000/127.0.0.1:5400].

--------------------------------------------------------------------------------
2022-12-14 15:39:27.019 [Info] Connected [00000000-0000-0000-0000-000000000000].

--------------------------------------------------------------------------------
2022-12-14 15:39:43.783 [Warn] 'Me' is null.

--------------------------------------------------------------------------------
2022-12-14 15:39:44.024 [Debug] received epp: 39583

--------------------------------------------------------------------------------
2022-12-14 15:42:45.340 [Warn] 'Me' is null.

--------------------------------------------------------------------------------
2022-12-14 15:42:45.340 [Debug] received epp: 220956

--------------------------------------------------------------------------------
2022-12-14 15:42:45.345 [Warn] 'GameUi' is null.

--------------------------------------------------------------------------------
2022-12-14 15:42:45.345 [Warn] 'GameUi' is null.

--------------------------------------------------------------------------------
2022-12-14 15:49:53.373 [Warn] 'Me' is null.

--------------------------------------------------------------------------------
2022-12-14 15:49:53.374 [Debug] received epp: 648975

--------------------------------------------------------------------------------
2022-12-14 15:49:53.379 [Warn] 'GameUi' is null.

--------------------------------------------------------------------------------
2022-12-14 15:49:53.379 [Warn] 'GameUi' is null.

--------------------------------------------------------------------------------
2022-12-14 15:51:38.370 [Info] System window closing (due to user interaction most likely).

--------------------------------------------------------------------------------
2022-12-14 15:51:38.371 [Debug] StatusChanged: [NetIncomingMessage #0 10 bytes] [Disconnecting]

--------------------------------------------------------------------------------
2022-12-14 15:51:38.375 [Debug] StatusChanged: [NetIncomingMessage #0 14 bytes] [Disconnected]

--------------------------------------------------------------------------------
2022-12-14 15:51:38.416 [Info] Acquiring context lock... (0ms)

--------------------------------------------------------------------------------
2022-12-14 15:51:38.416 [Info] Acquired. (0ms)

--------------------------------------------------------------------------------
2022-12-14 15:51:38.417 [Info] Beginning context dispose. (0ms)

--------------------------------------------------------------------------------
2022-12-14 15:51:38.417 [Info] GC.SuppressFinalize (0ms)

--------------------------------------------------------------------------------
2022-12-14 15:51:38.417 [Info] InternalDispose() completed. (0ms)

--------------------------------------------------------------------------------
2022-12-14 15:51:38.417 [Info] Clearing instance... (0ms)

--------------------------------------------------------------------------------
2022-12-14 15:51:38.417 [Info] Releasing context lock... (1ms)

--------------------------------------------------------------------------------
2022-12-14 15:51:38.417 [Info] Released. (1ms)

--------------------------------------------------------------------------------
