2023-01-28 12:32:24.842 [Info] Connecting to 26.82.96.248:5400...

--------------------------------------------------------------------------------
2023-01-28 12:32:25.567 [Info] Connection approved [00000000-0000-0000-0000-000000000000].

--------------------------------------------------------------------------------
2023-01-28 12:32:25.645 [Debug] approval Time=7854643 Offset=63810498091886 Real=63810505946530

--------------------------------------------------------------------------------
2023-01-28 12:32:25.645 [Debug] local Time=7854643 Offset=63810498091002 Real=63810505945645

--------------------------------------------------------------------------------
2023-01-28 12:32:25.645 [Debug] real delta=-884

--------------------------------------------------------------------------------
2023-01-28 12:32:25.646 [Debug] this.Statistics.Ping=0 NCPing=29

--------------------------------------------------------------------------------
2023-01-28 12:32:25.649 [Debug] Connection established to remote [00000000-0000-0000-0000-000000000000/26.82.96.248:5400].

--------------------------------------------------------------------------------
2023-01-28 12:32:25.650 [Info] Connected [00000000-0000-0000-0000-000000000000].

--------------------------------------------------------------------------------
2023-01-28 13:28:47.967 [Debug] StatusChanged: [NetIncomingMessage #0 14 bytes] [Disconnected]

--------------------------------------------------------------------------------
2023-01-28 13:28:47.967 [Debug] Connection terminated to remote [00000000-0000-0000-0000-000000000000/26.82.96.248:5400].

--------------------------------------------------------------------------------
2023-01-28 13:28:47.967 [Info] Disconnected [00000000-0000-0000-0000-000000000000].

--------------------------------------------------------------------------------
