2023-02-04 06:38:44.668 [Warn] Directory was specified as a plugin directory but does not exist: 'resources\plugins'

--------------------------------------------------------------------------------
2023-02-04 06:38:44.668 [Info] Discovered 0 plugins:


--------------------------------------------------------------------------------
2023-02-04 06:38:45.275 [Info] Connecting to 26.82.96.248:5400...

--------------------------------------------------------------------------------
2023-02-04 06:38:45.550 [Info] Connection approved [00000000-0000-0000-0000-000000000000].

--------------------------------------------------------------------------------
2023-02-04 06:38:45.595 [Debug] approval Time=4537174 Offset=63811084988360 Real=63811089525534

--------------------------------------------------------------------------------
2023-02-04 06:38:45.595 [Debug] local Time=4537174 Offset=63811084988421 Real=63811089525595

--------------------------------------------------------------------------------
2023-02-04 06:38:45.595 [Debug] real delta=60

--------------------------------------------------------------------------------
2023-02-04 06:38:45.595 [Debug] this.Statistics.Ping=0 NCPing=0

--------------------------------------------------------------------------------
2023-02-04 06:38:45.596 [Debug] Connection established to remote [00000000-0000-0000-0000-000000000000/26.82.96.248:5400].

--------------------------------------------------------------------------------
2023-02-04 06:38:45.600 [Info] Connected [00000000-0000-0000-0000-000000000000].

--------------------------------------------------------------------------------
2023-02-04 06:38:48.245 [Warn] 'Me' is null.

--------------------------------------------------------------------------------
2023-02-04 06:38:48.421 [Debug] received epp: 4539830

--------------------------------------------------------------------------------
2023-02-04 06:39:42.434 [Info] System window closing (due to user interaction most likely).

--------------------------------------------------------------------------------
2023-02-04 06:39:42.435 [Debug] StatusChanged: [NetIncomingMessage #837 10 bytes] [Disconnecting]

--------------------------------------------------------------------------------
2023-02-04 06:39:42.440 [Debug] StatusChanged: [NetIncomingMessage #838 14 bytes] [Disconnected]

--------------------------------------------------------------------------------
2023-02-04 06:39:42.501 [Info] Acquiring context lock... (0ms)

--------------------------------------------------------------------------------
2023-02-04 06:39:42.502 [Info] Acquired. (0ms)

--------------------------------------------------------------------------------
2023-02-04 06:39:42.502 [Info] Beginning context dispose. (0ms)

--------------------------------------------------------------------------------
2023-02-04 06:39:42.502 [Info] GC.SuppressFinalize (0ms)

--------------------------------------------------------------------------------
2023-02-04 06:39:42.502 [Info] InternalDispose() completed. (0ms)

--------------------------------------------------------------------------------
2023-02-04 06:39:42.502 [Info] Clearing instance... (0ms)

--------------------------------------------------------------------------------
2023-02-04 06:39:42.502 [Info] Releasing context lock... (0ms)

--------------------------------------------------------------------------------
2023-02-04 06:39:42.502 [Info] Released. (0ms)

--------------------------------------------------------------------------------
