2023-01-30 15:54:02.144 [Warn] Directory was specified as a plugin directory but does not exist: 'resources\plugins'

--------------------------------------------------------------------------------
2023-01-30 15:54:02.144 [Info] Discovered 0 plugins:


--------------------------------------------------------------------------------
2023-01-30 15:54:02.779 [Info] Connecting to 26.82.96.248:5400...

--------------------------------------------------------------------------------
2023-01-30 15:54:03.055 [Info] Connection approved [00000000-0000-0000-0000-000000000000].

--------------------------------------------------------------------------------
2023-01-30 15:54:03.099 [Debug] approval Time=4317699 Offset=63810686525344 Real=63810690843044

--------------------------------------------------------------------------------
2023-01-30 15:54:03.099 [Debug] local Time=4317699 Offset=63810686525399 Real=63810690843099

--------------------------------------------------------------------------------
2023-01-30 15:54:03.099 [Debug] real delta=54

--------------------------------------------------------------------------------
2023-01-30 15:54:03.099 [Debug] this.Statistics.Ping=0 NCPing=2

--------------------------------------------------------------------------------
2023-01-30 15:54:03.101 [Debug] Connection established to remote [00000000-0000-0000-0000-000000000000/26.82.96.248:5400].

--------------------------------------------------------------------------------
2023-01-30 15:54:03.101 [Info] Connected [00000000-0000-0000-0000-000000000000].

--------------------------------------------------------------------------------
2023-01-30 15:57:00.840 [Info] System window closing (due to user interaction most likely).

--------------------------------------------------------------------------------
2023-01-30 15:57:00.840 [Debug] StatusChanged: [NetIncomingMessage #0 10 bytes] [Disconnecting]

--------------------------------------------------------------------------------
2023-01-30 15:57:00.844 [Debug] StatusChanged: [NetIncomingMessage #0 14 bytes] [Disconnected]

--------------------------------------------------------------------------------
2023-01-30 15:57:00.884 [Info] Acquiring context lock... (0ms)

--------------------------------------------------------------------------------
2023-01-30 15:57:00.884 [Info] Acquired. (0ms)

--------------------------------------------------------------------------------
2023-01-30 15:57:00.885 [Info] Beginning context dispose. (0ms)

--------------------------------------------------------------------------------
2023-01-30 15:57:00.885 [Info] GC.SuppressFinalize (0ms)

--------------------------------------------------------------------------------
2023-01-30 15:57:00.885 [Info] InternalDispose() completed. (0ms)

--------------------------------------------------------------------------------
2023-01-30 15:57:00.885 [Info] Clearing instance... (0ms)

--------------------------------------------------------------------------------
2023-01-30 15:57:00.885 [Info] Releasing context lock... (0ms)

--------------------------------------------------------------------------------
2023-01-30 15:57:00.885 [Info] Released. (0ms)

--------------------------------------------------------------------------------
