2022-12-14 03:06:15.757 [Warn] Directory was specified as a plugin directory but does not exist: 'resources\plugins'

--------------------------------------------------------------------------------
2022-12-14 03:06:15.773 [Info] Discovered 0 plugins:


--------------------------------------------------------------------------------
2022-12-14 03:06:16.424 [Info] Connecting to 127.0.0.1:5400...

--------------------------------------------------------------------------------
2022-12-14 03:06:16.769 [Info] Connection approved [00000000-0000-0000-0000-000000000000].

--------------------------------------------------------------------------------
2022-12-14 03:06:16.828 [Debug] approval Time=4909144 Offset=63806579067612 Real=63806583976757

--------------------------------------------------------------------------------
2022-12-14 03:06:16.828 [Debug] local Time=4909144 Offset=63806579067683 Real=63806583976828

--------------------------------------------------------------------------------
2022-12-14 03:06:16.828 [Debug] real delta=71

--------------------------------------------------------------------------------
2022-12-14 03:06:16.828 [Debug] this.Statistics.Ping=0 NCPing=1

--------------------------------------------------------------------------------
2022-12-14 03:06:16.829 [Debug] Connection established to remote [00000000-0000-0000-0000-000000000000/127.0.0.1:5400].

--------------------------------------------------------------------------------
2022-12-14 03:06:16.829 [Info] Connected [00000000-0000-0000-0000-000000000000].

--------------------------------------------------------------------------------
2022-12-14 03:08:05.924 [Info] System window closing (due to user interaction most likely).

--------------------------------------------------------------------------------
2022-12-14 03:08:05.925 [Debug] StatusChanged: [NetIncomingMessage #0 10 bytes] [Disconnecting]

--------------------------------------------------------------------------------
2022-12-14 03:08:05.930 [Debug] StatusChanged: [NetIncomingMessage #0 14 bytes] [Disconnected]

--------------------------------------------------------------------------------
2022-12-14 03:08:05.994 [Info] Acquiring context lock... (0ms)

--------------------------------------------------------------------------------
2022-12-14 03:08:05.994 [Info] Acquired. (0ms)

--------------------------------------------------------------------------------
2022-12-14 03:08:05.994 [Info] Beginning context dispose. (0ms)

--------------------------------------------------------------------------------
2022-12-14 03:08:05.995 [Info] GC.SuppressFinalize (0ms)

--------------------------------------------------------------------------------
2022-12-14 03:08:05.995 [Info] InternalDispose() completed. (0ms)

--------------------------------------------------------------------------------
2022-12-14 03:08:05.995 [Info] Clearing instance... (0ms)

--------------------------------------------------------------------------------
2022-12-14 03:08:05.995 [Info] Releasing context lock... (0ms)

--------------------------------------------------------------------------------
2022-12-14 03:08:05.995 [Info] Released. (0ms)

--------------------------------------------------------------------------------
