2023-02-01 13:13:15.694 [Warn] Directory was specified as a plugin directory but does not exist: 'resources\plugins'

--------------------------------------------------------------------------------
2023-02-01 13:13:15.699 [Info] Discovered 0 plugins:


--------------------------------------------------------------------------------
2023-02-01 13:13:16.303 [Info] Connecting to 26.82.96.248:5400...

--------------------------------------------------------------------------------
2023-02-01 13:13:16.579 [Info] Connection approved [00000000-0000-0000-0000-000000000000].

--------------------------------------------------------------------------------
2023-02-01 13:13:16.623 [Debug] approval Time=34657360 Offset=63810819339199 Real=63810853996560

--------------------------------------------------------------------------------
2023-02-01 13:13:16.624 [Debug] local Time=34657360 Offset=63810819339262 Real=63810853996623

--------------------------------------------------------------------------------
2023-02-01 13:13:16.624 [Debug] real delta=62

--------------------------------------------------------------------------------
2023-02-01 13:13:16.624 [Debug] this.Statistics.Ping=0 NCPing=1

--------------------------------------------------------------------------------
2023-02-01 13:13:16.628 [Debug] Connection established to remote [00000000-0000-0000-0000-000000000000/26.82.96.248:5400].

--------------------------------------------------------------------------------
2023-02-01 13:13:16.628 [Info] Connected [00000000-0000-0000-0000-000000000000].

--------------------------------------------------------------------------------
2023-02-01 13:16:36.535 [Info] System window closing (due to user interaction most likely).

--------------------------------------------------------------------------------
2023-02-01 13:16:36.536 [Debug] StatusChanged: [NetIncomingMessage #0 10 bytes] [Disconnecting]

--------------------------------------------------------------------------------
2023-02-01 13:16:36.539 [Debug] StatusChanged: [NetIncomingMessage #0 14 bytes] [Disconnected]

--------------------------------------------------------------------------------
2023-02-01 13:16:36.590 [Info] Acquiring context lock... (0ms)

--------------------------------------------------------------------------------
2023-02-01 13:16:36.590 [Info] Acquired. (0ms)

--------------------------------------------------------------------------------
2023-02-01 13:16:36.591 [Info] Beginning context dispose. (0ms)

--------------------------------------------------------------------------------
2023-02-01 13:16:36.591 [Info] GC.SuppressFinalize (0ms)

--------------------------------------------------------------------------------
2023-02-01 13:16:36.591 [Info] InternalDispose() completed. (0ms)

--------------------------------------------------------------------------------
2023-02-01 13:16:36.591 [Info] Clearing instance... (0ms)

--------------------------------------------------------------------------------
2023-02-01 13:16:36.591 [Info] Releasing context lock... (0ms)

--------------------------------------------------------------------------------
2023-02-01 13:16:36.591 [Info] Released. (0ms)

--------------------------------------------------------------------------------
