2023-01-28 14:20:10.656 [Warn] Directory was specified as a plugin directory but does not exist: 'resources\plugins'

--------------------------------------------------------------------------------
2023-01-28 14:20:10.668 [Info] Discovered 0 plugins:


--------------------------------------------------------------------------------
2023-01-28 14:20:12.273 [Info] Connecting to 26.82.96.248:5400...

--------------------------------------------------------------------------------
2023-01-28 14:20:13.060 [Info] Connection approved [00000000-0000-0000-0000-000000000000].

--------------------------------------------------------------------------------
2023-01-28 14:20:13.189 [Debug] approval Time=1383906 Offset=63810511030330 Real=63810512414237

--------------------------------------------------------------------------------
2023-01-28 14:20:13.190 [Debug] local Time=1383906 Offset=63810511029283 Real=63810512413189

--------------------------------------------------------------------------------
2023-01-28 14:20:13.190 [Debug] real delta=-1047

--------------------------------------------------------------------------------
2023-01-28 14:20:13.190 [Debug] this.Statistics.Ping=0 NCPing=27

--------------------------------------------------------------------------------
2023-01-28 14:20:13.193 [Debug] Connection established to remote [00000000-0000-0000-0000-000000000000/26.82.96.248:5400].

--------------------------------------------------------------------------------
2023-01-28 14:20:13.194 [Info] Connected [00000000-0000-0000-0000-000000000000].

--------------------------------------------------------------------------------
2023-01-28 14:20:34.551 [Warn] 'Me' is null.

--------------------------------------------------------------------------------
2023-01-28 14:20:35.047 [Debug] received epp: 1405327

--------------------------------------------------------------------------------
2023-01-28 14:22:28.962 [Info] System window closing (due to user interaction most likely).

--------------------------------------------------------------------------------
2023-01-28 14:22:28.964 [Debug] StatusChanged: [NetIncomingMessage #117 10 bytes] [Disconnecting]

--------------------------------------------------------------------------------
2023-01-28 14:22:28.966 [Debug] StatusChanged: [NetIncomingMessage #118 10 bytes] [Disconnected]

--------------------------------------------------------------------------------
2023-01-28 14:22:28.966 [Debug] Connection terminated to remote [00000000-0000-0000-0000-000000000000/26.82.96.248:5400].

--------------------------------------------------------------------------------
2023-01-28 14:22:28.967 [Info] Disconnected [00000000-0000-0000-0000-000000000000].

--------------------------------------------------------------------------------
2023-01-28 14:22:29.017 [Info] Acquiring context lock... (0ms)

--------------------------------------------------------------------------------
2023-01-28 14:22:29.017 [Info] Acquired. (0ms)

--------------------------------------------------------------------------------
2023-01-28 14:22:29.019 [Info] Beginning context dispose. (0ms)

--------------------------------------------------------------------------------
2023-01-28 14:22:29.019 [Info] GC.SuppressFinalize (0ms)

--------------------------------------------------------------------------------
2023-01-28 14:22:29.019 [Info] InternalDispose() completed. (0ms)

--------------------------------------------------------------------------------
2023-01-28 14:22:29.020 [Info] Clearing instance... (2ms)

--------------------------------------------------------------------------------
2023-01-28 14:22:29.020 [Info] Releasing context lock... (2ms)

--------------------------------------------------------------------------------
2023-01-28 14:22:29.020 [Info] Released. (2ms)

--------------------------------------------------------------------------------
