2022-12-13 08:59:50.074 [Warn] Directory was specified as a plugin directory but does not exist: 'resources\plugins'

--------------------------------------------------------------------------------
2022-12-13 08:59:50.096 [Info] Discovered 0 plugins:


--------------------------------------------------------------------------------
2022-12-13 08:59:50.870 [Info] Connecting to 127.0.0.1:5400...

--------------------------------------------------------------------------------
2022-12-13 08:59:51.238 [Info] Connection approved [00000000-0000-0000-0000-000000000000].

--------------------------------------------------------------------------------
2022-12-13 08:59:51.300 [Debug] approval Time=5122074 Offset=63806513669151 Real=63806518791225

--------------------------------------------------------------------------------
2022-12-13 08:59:51.300 [Debug] local Time=5122074 Offset=63806513669226 Real=63806518791300

--------------------------------------------------------------------------------
2022-12-13 08:59:51.300 [Debug] real delta=74

--------------------------------------------------------------------------------
2022-12-13 08:59:51.300 [Debug] this.Statistics.Ping=0 NCPing=2

--------------------------------------------------------------------------------
2022-12-13 08:59:51.302 [Debug] Connection established to remote [00000000-0000-0000-0000-000000000000/127.0.0.1:5400].

--------------------------------------------------------------------------------
2022-12-13 08:59:51.302 [Info] Connected [00000000-0000-0000-0000-000000000000].

--------------------------------------------------------------------------------
2022-12-13 09:00:05.066 [Info] System window closing (due to user interaction most likely).

--------------------------------------------------------------------------------
2022-12-13 09:00:05.067 [Debug] StatusChanged: [NetIncomingMessage #0 10 bytes] [Disconnecting]

--------------------------------------------------------------------------------
2022-12-13 09:00:05.069 [Debug] StatusChanged: [NetIncomingMessage #0 14 bytes] [Disconnected]

--------------------------------------------------------------------------------
2022-12-13 09:00:05.106 [Info] Acquiring context lock... (0ms)

--------------------------------------------------------------------------------
2022-12-13 09:00:05.106 [Info] Acquired. (0ms)

--------------------------------------------------------------------------------
2022-12-13 09:00:05.106 [Info] Beginning context dispose. (0ms)

--------------------------------------------------------------------------------
2022-12-13 09:00:05.107 [Info] GC.SuppressFinalize (0ms)

--------------------------------------------------------------------------------
2022-12-13 09:00:05.107 [Info] InternalDispose() completed. (0ms)

--------------------------------------------------------------------------------
2022-12-13 09:00:05.107 [Info] Clearing instance... (0ms)

--------------------------------------------------------------------------------
2022-12-13 09:00:05.107 [Info] Releasing context lock... (0ms)

--------------------------------------------------------------------------------
2022-12-13 09:00:05.107 [Info] Released. (0ms)

--------------------------------------------------------------------------------
