2022-12-14 03:39:42.364 [Info] Connecting to 127.0.0.1:5400...

--------------------------------------------------------------------------------
2022-12-14 03:39:42.827 [Info] Connection approved [00000000-0000-0000-0000-000000000000].

--------------------------------------------------------------------------------
2022-12-14 03:39:42.879 [Debug] approval Time=4753 Offset=63806585978054 Real=63806585982808

--------------------------------------------------------------------------------
2022-12-14 03:39:42.880 [Debug] local Time=4753 Offset=63806585978125 Real=63806585982879

--------------------------------------------------------------------------------
2022-12-14 03:39:42.886 [Debug] real delta=70

--------------------------------------------------------------------------------
2022-12-14 03:39:42.886 [Debug] this.Statistics.Ping=0 NCPing=2

--------------------------------------------------------------------------------
2022-12-14 03:39:42.887 [Debug] Connection established to remote [00000000-0000-0000-0000-000000000000/127.0.0.1:5400].

--------------------------------------------------------------------------------
2022-12-14 03:39:42.887 [Info] Connected [00000000-0000-0000-0000-000000000000].

--------------------------------------------------------------------------------
2022-12-14 04:59:26.630 [Debug] StatusChanged: [NetIncomingMessage #0 22 bytes] [Disconnected]

--------------------------------------------------------------------------------
2022-12-14 04:59:26.630 [Debug] Connection terminated to remote [00000000-0000-0000-0000-000000000000/127.0.0.1:5400].

--------------------------------------------------------------------------------
2022-12-14 04:59:26.631 [Info] Disconnected [00000000-0000-0000-0000-000000000000].

--------------------------------------------------------------------------------
