2023-02-03 15:47:08.649 [Warn] Directory was specified as a plugin directory but does not exist: 'resources\plugins'

--------------------------------------------------------------------------------
2023-02-03 15:47:08.654 [Info] Discovered 0 plugins:


--------------------------------------------------------------------------------
2023-02-03 15:47:09.483 [Info] Connecting to 26.82.96.248:5400...

--------------------------------------------------------------------------------
2023-02-03 15:47:09.761 [Info] Connection approved [00000000-0000-0000-0000-000000000000].

--------------------------------------------------------------------------------
2023-02-03 15:47:09.803 [Debug] approval Time=18855077 Offset=63811017174663 Real=63811036029740

--------------------------------------------------------------------------------
2023-02-03 15:47:09.803 [Debug] local Time=18855077 Offset=63811017174726 Real=63811036029803

--------------------------------------------------------------------------------
2023-02-03 15:47:09.803 [Debug] real delta=62

--------------------------------------------------------------------------------
2023-02-03 15:47:09.803 [Debug] this.Statistics.Ping=0 NCPing=3

--------------------------------------------------------------------------------
2023-02-03 15:47:09.805 [Debug] Connection established to remote [00000000-0000-0000-0000-000000000000/26.82.96.248:5400].

--------------------------------------------------------------------------------
2023-02-03 15:47:09.805 [Info] Connected [00000000-0000-0000-0000-000000000000].

--------------------------------------------------------------------------------
2023-02-03 15:47:11.799 [Warn] 'Me' is null.

--------------------------------------------------------------------------------
2023-02-03 15:47:11.988 [Debug] received epp: 18857073

--------------------------------------------------------------------------------
2023-02-03 15:47:56.900 [Info] System window closing (due to user interaction most likely).

--------------------------------------------------------------------------------
2023-02-03 15:47:56.902 [Debug] StatusChanged: [NetIncomingMessage #900 10 bytes] [Disconnecting]

--------------------------------------------------------------------------------
2023-02-03 15:47:56.906 [Debug] StatusChanged: [NetIncomingMessage #901 14 bytes] [Disconnected]

--------------------------------------------------------------------------------
2023-02-03 15:47:56.960 [Info] Acquiring context lock... (0ms)

--------------------------------------------------------------------------------
2023-02-03 15:47:56.960 [Info] Acquired. (0ms)

--------------------------------------------------------------------------------
2023-02-03 15:47:56.961 [Info] Beginning context dispose. (0ms)

--------------------------------------------------------------------------------
2023-02-03 15:47:56.961 [Info] GC.SuppressFinalize (0ms)

--------------------------------------------------------------------------------
2023-02-03 15:47:56.961 [Info] InternalDispose() completed. (0ms)

--------------------------------------------------------------------------------
2023-02-03 15:47:56.961 [Info] Clearing instance... (0ms)

--------------------------------------------------------------------------------
2023-02-03 15:47:56.961 [Info] Releasing context lock... (0ms)

--------------------------------------------------------------------------------
2023-02-03 15:47:56.961 [Info] Released. (0ms)

--------------------------------------------------------------------------------
