2022-12-13 07:48:52.089 [Warn] Directory was specified as a plugin directory but does not exist: 'resources\plugins'

--------------------------------------------------------------------------------
2022-12-13 07:48:52.089 [Info] Discovered 0 plugins:


--------------------------------------------------------------------------------
2022-12-13 07:48:52.949 [Info] Connecting to 127.0.0.1:5400...

--------------------------------------------------------------------------------
2022-12-13 07:48:53.377 [Info] Connection approved [00000000-0000-0000-0000-000000000000].

--------------------------------------------------------------------------------
2022-12-13 07:48:53.422 [Debug] approval Time=864204 Offset=63806513669151 Real=63806514533355

--------------------------------------------------------------------------------
2022-12-13 07:48:53.425 [Debug] local Time=864207 Offset=63806513669218 Real=63806514533425

--------------------------------------------------------------------------------
2022-12-13 07:48:53.425 [Debug] real delta=70

--------------------------------------------------------------------------------
2022-12-13 07:48:53.425 [Debug] this.Statistics.Ping=0 NCPing=1

--------------------------------------------------------------------------------
2022-12-13 07:48:53.426 [Debug] Connection established to remote [00000000-0000-0000-0000-000000000000/127.0.0.1:5400].

--------------------------------------------------------------------------------
2022-12-13 07:48:53.427 [Info] Connected [00000000-0000-0000-0000-000000000000].

--------------------------------------------------------------------------------
2022-12-13 07:51:17.755 [Info] System window closing (due to user interaction most likely).

--------------------------------------------------------------------------------
2022-12-13 07:51:17.757 [Debug] StatusChanged: [NetIncomingMessage #0 10 bytes] [Disconnecting]

--------------------------------------------------------------------------------
2022-12-13 07:51:17.759 [Debug] StatusChanged: [NetIncomingMessage #0 14 bytes] [Disconnected]

--------------------------------------------------------------------------------
2022-12-13 07:51:17.813 [Info] Acquiring context lock... (0ms)

--------------------------------------------------------------------------------
2022-12-13 07:51:17.813 [Info] Acquired. (0ms)

--------------------------------------------------------------------------------
2022-12-13 07:51:17.814 [Info] Beginning context dispose. (0ms)

--------------------------------------------------------------------------------
2022-12-13 07:51:17.814 [Info] GC.SuppressFinalize (0ms)

--------------------------------------------------------------------------------
2022-12-13 07:51:17.814 [Info] InternalDispose() completed. (0ms)

--------------------------------------------------------------------------------
2022-12-13 07:51:17.814 [Info] Clearing instance... (1ms)

--------------------------------------------------------------------------------
2022-12-13 07:51:17.814 [Info] Releasing context lock... (1ms)

--------------------------------------------------------------------------------
2022-12-13 07:51:17.814 [Info] Released. (1ms)

--------------------------------------------------------------------------------
