2023-02-04 06:35:15.532 [Warn] Directory was specified as a plugin directory but does not exist: 'resources\plugins'

--------------------------------------------------------------------------------
2023-02-04 06:35:15.537 [Info] Discovered 0 plugins:


--------------------------------------------------------------------------------
2023-02-04 06:35:16.164 [Info] Connecting to 26.82.96.248:5400...

--------------------------------------------------------------------------------
2023-02-04 06:35:16.439 [Info] Connection approved [00000000-0000-0000-0000-000000000000].

--------------------------------------------------------------------------------
2023-02-04 06:35:16.479 [Debug] approval Time=4328067 Offset=63811084988360 Real=63811089316427

--------------------------------------------------------------------------------
2023-02-04 06:35:16.479 [Debug] local Time=4328067 Offset=63811084988412 Real=63811089316479

--------------------------------------------------------------------------------
2023-02-04 06:35:16.479 [Debug] real delta=52

--------------------------------------------------------------------------------
2023-02-04 06:35:16.479 [Debug] this.Statistics.Ping=0 NCPing=2

--------------------------------------------------------------------------------
2023-02-04 06:35:16.481 [Debug] Connection established to remote [00000000-0000-0000-0000-000000000000/26.82.96.248:5400].

--------------------------------------------------------------------------------
2023-02-04 06:35:16.481 [Info] Connected [00000000-0000-0000-0000-000000000000].

--------------------------------------------------------------------------------
2023-02-04 06:35:18.470 [Warn] 'Me' is null.

--------------------------------------------------------------------------------
2023-02-04 06:35:18.649 [Debug] received epp: 4330053

--------------------------------------------------------------------------------
2023-02-04 06:38:41.090 [Info] System window closing (due to user interaction most likely).

--------------------------------------------------------------------------------
2023-02-04 06:38:41.091 [Debug] StatusChanged: [NetIncomingMessage #986 10 bytes] [Disconnecting]

--------------------------------------------------------------------------------
2023-02-04 06:38:41.096 [Debug] StatusChanged: [NetIncomingMessage #987 14 bytes] [Disconnected]

--------------------------------------------------------------------------------
2023-02-04 06:38:41.153 [Info] Acquiring context lock... (0ms)

--------------------------------------------------------------------------------
2023-02-04 06:38:41.153 [Info] Acquired. (0ms)

--------------------------------------------------------------------------------
2023-02-04 06:38:41.153 [Info] Beginning context dispose. (0ms)

--------------------------------------------------------------------------------
2023-02-04 06:38:41.153 [Info] GC.SuppressFinalize (0ms)

--------------------------------------------------------------------------------
2023-02-04 06:38:41.153 [Info] InternalDispose() completed. (0ms)

--------------------------------------------------------------------------------
2023-02-04 06:38:41.153 [Info] Clearing instance... (0ms)

--------------------------------------------------------------------------------
2023-02-04 06:38:41.153 [Info] Releasing context lock... (0ms)

--------------------------------------------------------------------------------
2023-02-04 06:38:41.153 [Info] Released. (0ms)

--------------------------------------------------------------------------------
