2023-01-28 11:09:18.473 [Info] Connecting to 26.82.96.248:5400...

--------------------------------------------------------------------------------
2023-01-28 11:09:18.779 [Info] Connection approved [00000000-0000-0000-0000-000000000000].

--------------------------------------------------------------------------------
2023-01-28 11:09:18.818 [Debug] approval Time=2866877 Offset=63810498091886 Real=63810500958764

--------------------------------------------------------------------------------
2023-01-28 11:09:18.818 [Debug] local Time=2866877 Offset=63810498091941 Real=63810500958818

--------------------------------------------------------------------------------
2023-01-28 11:09:18.818 [Debug] real delta=54

--------------------------------------------------------------------------------
2023-01-28 11:09:18.818 [Debug] this.Statistics.Ping=0 NCPing=2

--------------------------------------------------------------------------------
2023-01-28 11:09:18.821 [Debug] Connection established to remote [00000000-0000-0000-0000-000000000000/26.82.96.248:5400].

--------------------------------------------------------------------------------
2023-01-28 11:09:18.821 [Info] Connected [00000000-0000-0000-0000-000000000000].

--------------------------------------------------------------------------------
2023-01-28 11:43:50.321 [Debug] StatusChanged: [NetIncomingMessage #0 10 bytes] [Disconnecting]

--------------------------------------------------------------------------------
2023-01-28 11:43:50.366 [Debug] StatusChanged: [NetIncomingMessage #0 10 bytes] [Disconnected]

--------------------------------------------------------------------------------
2023-01-28 11:43:50.366 [Debug] Connection terminated to remote [00000000-0000-0000-0000-000000000000/26.82.96.248:5400].

--------------------------------------------------------------------------------
2023-01-28 11:43:50.366 [Info] Disconnected [00000000-0000-0000-0000-000000000000].

--------------------------------------------------------------------------------
