2023-01-30 13:49:42.169 [Warn] Directory was specified as a plugin directory but does not exist: 'resources\plugins'

--------------------------------------------------------------------------------
2023-01-30 13:49:42.173 [Info] Discovered 0 plugins:


--------------------------------------------------------------------------------
2023-01-30 13:49:42.734 [Info] Connecting to 26.82.96.248:5400...

--------------------------------------------------------------------------------
2023-01-30 13:49:43.218 [Info] Connection approved [00000000-0000-0000-0000-000000000000].

--------------------------------------------------------------------------------
2023-01-30 13:49:43.264 [Debug] approval Time=6863 Offset=63810683376286 Real=63810683383150

--------------------------------------------------------------------------------
2023-01-30 13:49:43.264 [Debug] local Time=6863 Offset=63810683376400 Real=63810683383264

--------------------------------------------------------------------------------
2023-01-30 13:49:43.264 [Debug] real delta=113

--------------------------------------------------------------------------------
2023-01-30 13:49:43.264 [Debug] this.Statistics.Ping=0 NCPing=3

--------------------------------------------------------------------------------
2023-01-30 13:49:43.266 [Debug] Connection established to remote [00000000-0000-0000-0000-000000000000/26.82.96.248:5400].

--------------------------------------------------------------------------------
2023-01-30 13:49:43.266 [Info] Connected [00000000-0000-0000-0000-000000000000].

--------------------------------------------------------------------------------
2023-01-30 13:49:46.212 [Warn] 'Me' is null.

--------------------------------------------------------------------------------
2023-01-30 13:49:46.399 [Debug] received epp: 10004

--------------------------------------------------------------------------------
2023-01-30 13:49:48.293 [Info] System window closing (due to user interaction most likely).

--------------------------------------------------------------------------------
2023-01-30 13:49:48.295 [Debug] StatusChanged: [NetIncomingMessage #51 10 bytes] [Disconnecting]

--------------------------------------------------------------------------------
2023-01-30 13:49:48.299 [Debug] StatusChanged: [NetIncomingMessage #52 14 bytes] [Disconnected]

--------------------------------------------------------------------------------
2023-01-30 13:49:48.335 [Info] Acquiring context lock... (0ms)

--------------------------------------------------------------------------------
2023-01-30 13:49:48.335 [Info] Acquired. (0ms)

--------------------------------------------------------------------------------
2023-01-30 13:49:48.335 [Info] Beginning context dispose. (0ms)

--------------------------------------------------------------------------------
2023-01-30 13:49:48.335 [Info] GC.SuppressFinalize (0ms)

--------------------------------------------------------------------------------
2023-01-30 13:49:48.336 [Info] InternalDispose() completed. (0ms)

--------------------------------------------------------------------------------
2023-01-30 13:49:48.336 [Info] Clearing instance... (0ms)

--------------------------------------------------------------------------------
2023-01-30 13:49:48.336 [Info] Releasing context lock... (0ms)

--------------------------------------------------------------------------------
2023-01-30 13:49:48.336 [Info] Released. (0ms)

--------------------------------------------------------------------------------
