2023-01-30 13:30:11.854 [Warn] Directory was specified as a plugin directory but does not exist: 'resources\plugins'

--------------------------------------------------------------------------------
2023-01-30 13:30:11.858 [Info] Discovered 0 plugins:


--------------------------------------------------------------------------------
2023-01-30 13:30:12.494 [Info] Connecting to 26.82.96.248:5400...

--------------------------------------------------------------------------------
2023-01-30 13:30:12.766 [Info] Connection approved [00000000-0000-0000-0000-000000000000].

--------------------------------------------------------------------------------
2023-01-30 13:30:12.810 [Debug] approval Time=13299 Offset=63810682199444 Real=63810682212743

--------------------------------------------------------------------------------
2023-01-30 13:30:12.810 [Debug] local Time=13299 Offset=63810682199510 Real=63810682212810

--------------------------------------------------------------------------------
2023-01-30 13:30:12.810 [Debug] real delta=66

--------------------------------------------------------------------------------
2023-01-30 13:30:12.811 [Debug] this.Statistics.Ping=0 NCPing=3

--------------------------------------------------------------------------------
2023-01-30 13:30:12.813 [Debug] Connection established to remote [00000000-0000-0000-0000-000000000000/26.82.96.248:5400].

--------------------------------------------------------------------------------
2023-01-30 13:30:12.813 [Info] Connected [00000000-0000-0000-0000-000000000000].

--------------------------------------------------------------------------------
2023-01-30 13:31:12.743 [Warn] 'Me' is null.

--------------------------------------------------------------------------------
2023-01-30 13:31:12.920 [Debug] received epp: 73237

--------------------------------------------------------------------------------
