2023-02-04 07:37:06.431 [Warn] Directory was specified as a plugin directory but does not exist: 'resources\plugins'

--------------------------------------------------------------------------------
2023-02-04 07:37:06.435 [Info] Discovered 0 plugins:


--------------------------------------------------------------------------------
2023-02-04 07:37:07.075 [Info] Connecting to 26.82.96.248:5400...

--------------------------------------------------------------------------------
2023-02-04 07:37:07.339 [Info] Connection approved [00000000-0000-0000-0000-000000000000].

--------------------------------------------------------------------------------
2023-02-04 07:37:07.387 [Debug] approval Time=8038957 Offset=63811084988360 Real=63811093027317

--------------------------------------------------------------------------------
2023-02-04 07:37:07.387 [Debug] local Time=8038957 Offset=63811084988429 Real=63811093027386

--------------------------------------------------------------------------------
2023-02-04 07:37:07.387 [Debug] real delta=68

--------------------------------------------------------------------------------
2023-02-04 07:37:07.387 [Debug] this.Statistics.Ping=0 NCPing=2

--------------------------------------------------------------------------------
2023-02-04 07:37:07.388 [Debug] Connection established to remote [00000000-0000-0000-0000-000000000000/26.82.96.248:5400].

--------------------------------------------------------------------------------
2023-02-04 07:37:07.388 [Info] Connected [00000000-0000-0000-0000-000000000000].

--------------------------------------------------------------------------------
2023-02-04 07:37:09.160 [Warn] 'Me' is null.

--------------------------------------------------------------------------------
2023-02-04 07:37:09.357 [Debug] received epp: 8040731

--------------------------------------------------------------------------------
2023-02-04 07:37:19.749 [Info] System window closing (due to user interaction most likely).

--------------------------------------------------------------------------------
2023-02-04 07:37:22.589 [Info] System window closing (due to user interaction most likely).

--------------------------------------------------------------------------------
2023-02-04 07:37:24.383 [Info] System window closing (due to user interaction most likely).

--------------------------------------------------------------------------------
2023-02-04 07:37:24.897 [Info] System window closing (due to user interaction most likely).

--------------------------------------------------------------------------------
2023-02-04 07:37:26.293 [Info] System window closing (due to user interaction most likely).

--------------------------------------------------------------------------------
2023-02-04 07:37:26.299 [Debug] StatusChanged: [NetIncomingMessage #338 10 bytes] [Disconnecting]

--------------------------------------------------------------------------------
2023-02-04 07:37:26.299 [Debug] StatusChanged: [NetIncomingMessage #339 14 bytes] [Disconnected]

--------------------------------------------------------------------------------
2023-02-04 07:37:26.343 [Info] Acquiring context lock... (0ms)

--------------------------------------------------------------------------------
2023-02-04 07:37:26.343 [Info] Acquired. (0ms)

--------------------------------------------------------------------------------
2023-02-04 07:37:26.344 [Info] Beginning context dispose. (0ms)

--------------------------------------------------------------------------------
2023-02-04 07:37:26.344 [Info] GC.SuppressFinalize (0ms)

--------------------------------------------------------------------------------
2023-02-04 07:37:26.344 [Info] InternalDispose() completed. (0ms)

--------------------------------------------------------------------------------
2023-02-04 07:37:26.344 [Info] Clearing instance... (1ms)

--------------------------------------------------------------------------------
2023-02-04 07:37:26.344 [Info] Releasing context lock... (1ms)

--------------------------------------------------------------------------------
2023-02-04 07:37:26.345 [Info] Released. (1ms)

--------------------------------------------------------------------------------
