2023-01-28 10:23:35.925 [Warn] Directory was specified as a plugin directory but does not exist: 'resources\plugins'

--------------------------------------------------------------------------------
2023-01-28 10:23:35.929 [Info] Discovered 0 plugins:


--------------------------------------------------------------------------------
2023-01-28 10:23:36.591 [Info] Connecting to 26.82.96.248:5400...

--------------------------------------------------------------------------------
2023-01-28 10:23:37.213 [Info] Connection approved [00000000-0000-0000-0000-000000000000].

--------------------------------------------------------------------------------
2023-01-28 10:23:37.264 [Debug] approval Time=125236 Offset=63810498091886 Real=63810498217123

--------------------------------------------------------------------------------
2023-01-28 10:23:37.264 [Debug] local Time=125236 Offset=63810498092028 Real=63810498217264

--------------------------------------------------------------------------------
2023-01-28 10:23:37.264 [Debug] real delta=141

--------------------------------------------------------------------------------
2023-01-28 10:23:37.264 [Debug] this.Statistics.Ping=0 NCPing=4

--------------------------------------------------------------------------------
2023-01-28 10:23:37.266 [Debug] Connection established to remote [00000000-0000-0000-0000-000000000000/26.82.96.248:5400].

--------------------------------------------------------------------------------
2023-01-28 10:23:37.266 [Info] Connected [00000000-0000-0000-0000-000000000000].

--------------------------------------------------------------------------------
2023-01-28 10:23:40.673 [Warn] 'Me' is null.

--------------------------------------------------------------------------------
2023-01-28 10:23:40.900 [Debug] received epp: 128907

--------------------------------------------------------------------------------
2023-01-28 11:09:12.084 [Debug] StatusChanged: [NetIncomingMessage #452 10 bytes] [Disconnected]

--------------------------------------------------------------------------------
2023-01-28 11:09:12.084 [Debug] Connection terminated to remote [00000000-0000-0000-0000-000000000000/26.82.96.248:5400].

--------------------------------------------------------------------------------
2023-01-28 11:09:12.084 [Info] Disconnected [00000000-0000-0000-0000-000000000000].

--------------------------------------------------------------------------------
2023-01-28 11:09:12.086 [Info] Connecting to 26.82.96.248:5400...

--------------------------------------------------------------------------------
2023-01-28 11:09:12.253 [Info] Connection approved [00000000-0000-0000-0000-000000000000].

--------------------------------------------------------------------------------
2023-01-28 11:09:12.254 [Debug] approval Time=2860351 Offset=63810498091886 Real=63810500952237

--------------------------------------------------------------------------------
2023-01-28 11:09:12.254 [Debug] local Time=2860351 Offset=63810498091901 Real=63810500952252

--------------------------------------------------------------------------------
2023-01-28 11:09:12.254 [Debug] real delta=14

--------------------------------------------------------------------------------
2023-01-28 11:09:12.254 [Debug] this.Statistics.Ping=0 NCPing=0

--------------------------------------------------------------------------------
2023-01-28 11:09:12.254 [Debug] Connection established to remote [00000000-0000-0000-0000-000000000000/26.82.96.248:5400].

--------------------------------------------------------------------------------
2023-01-28 11:09:12.254 [Info] Connected [00000000-0000-0000-0000-000000000000].

--------------------------------------------------------------------------------
2023-01-28 11:12:10.523 [Warn] 'Me' is null.

--------------------------------------------------------------------------------
2023-01-28 11:12:10.523 [Debug] received epp: 3038623

--------------------------------------------------------------------------------
2023-01-28 11:12:10.529 [Warn] 'GameUi' is null.

--------------------------------------------------------------------------------
2023-01-28 11:12:10.530 [Warn] 'GameUi' is null.

--------------------------------------------------------------------------------
2023-01-28 11:13:32.468 [Debug] received epp: 3120531

--------------------------------------------------------------------------------
2023-01-28 11:13:39.875 [Debug] received epp: 3127953

--------------------------------------------------------------------------------
2023-01-28 11:14:02.654 [Debug] received epp: 3150720

--------------------------------------------------------------------------------
2023-01-28 11:29:22.426 [Debug] StatusChanged: [NetIncomingMessage #0 10 bytes] [Disconnected]

--------------------------------------------------------------------------------
2023-01-28 11:29:22.426 [Debug] Connection terminated to remote [00000000-0000-0000-0000-000000000000/26.82.96.248:5400].

--------------------------------------------------------------------------------
2023-01-28 11:29:22.426 [Info] Disconnected [00000000-0000-0000-0000-000000000000].

--------------------------------------------------------------------------------
2023-01-28 11:29:22.427 [Info] Connecting to 26.82.96.248:5400...

--------------------------------------------------------------------------------
2023-01-28 11:29:22.707 [Info] Connection approved [00000000-0000-0000-0000-000000000000].

--------------------------------------------------------------------------------
2023-01-28 11:29:22.710 [Debug] approval Time=4070805 Offset=63810498091886 Real=63810502162691

--------------------------------------------------------------------------------
2023-01-28 11:29:22.710 [Debug] local Time=4070805 Offset=63810498091902 Real=63810502162707

--------------------------------------------------------------------------------
2023-01-28 11:29:22.710 [Debug] real delta=15

--------------------------------------------------------------------------------
2023-01-28 11:29:22.710 [Debug] this.Statistics.Ping=0 NCPing=0

--------------------------------------------------------------------------------
2023-01-28 11:29:22.710 [Debug] Connection established to remote [00000000-0000-0000-0000-000000000000/26.82.96.248:5400].

--------------------------------------------------------------------------------
2023-01-28 11:29:22.710 [Info] Connected [00000000-0000-0000-0000-000000000000].

--------------------------------------------------------------------------------
2023-01-28 11:43:52.605 [Info] System window closing (due to user interaction most likely).

--------------------------------------------------------------------------------
2023-01-28 11:43:52.607 [Debug] StatusChanged: [NetIncomingMessage #0 10 bytes] [Disconnecting]

--------------------------------------------------------------------------------
2023-01-28 11:43:52.622 [Debug] StatusChanged: [NetIncomingMessage #0 14 bytes] [Disconnected]

--------------------------------------------------------------------------------
2023-01-28 11:43:52.698 [Info] Acquiring context lock... (0ms)

--------------------------------------------------------------------------------
2023-01-28 11:43:52.698 [Info] Acquired. (0ms)

--------------------------------------------------------------------------------
2023-01-28 11:43:52.699 [Info] Beginning context dispose. (0ms)

--------------------------------------------------------------------------------
2023-01-28 11:43:52.700 [Info] GC.SuppressFinalize (0ms)

--------------------------------------------------------------------------------
2023-01-28 11:43:52.700 [Info] InternalDispose() completed. (0ms)

--------------------------------------------------------------------------------
2023-01-28 11:43:52.700 [Info] Clearing instance... (2ms)

--------------------------------------------------------------------------------
2023-01-28 11:43:52.700 [Info] Releasing context lock... (2ms)

--------------------------------------------------------------------------------
2023-01-28 11:43:52.701 [Info] Released. (3ms)

--------------------------------------------------------------------------------
