2023-02-03 16:08:47.767 [Info] Connecting to 26.82.96.248:5400...

--------------------------------------------------------------------------------
2023-02-03 16:08:48.059 [Info] Connection approved [00000000-0000-0000-0000-000000000000].

--------------------------------------------------------------------------------
2023-02-03 16:08:48.102 [Debug] approval Time=20153384 Offset=63811017174663 Real=63811037328048

--------------------------------------------------------------------------------
2023-02-03 16:08:48.103 [Debug] local Time=20153384 Offset=63811017174717 Real=63811037328102

--------------------------------------------------------------------------------
2023-02-03 16:08:48.103 [Debug] real delta=53

--------------------------------------------------------------------------------
2023-02-03 16:08:48.103 [Debug] this.Statistics.Ping=0 NCPing=1

--------------------------------------------------------------------------------
2023-02-03 16:08:48.104 [Debug] Connection established to remote [00000000-0000-0000-0000-000000000000/26.82.96.248:5400].

--------------------------------------------------------------------------------
2023-02-03 16:08:48.104 [Info] Connected [00000000-0000-0000-0000-000000000000].

--------------------------------------------------------------------------------
2023-02-03 16:37:02.390 [Debug] StatusChanged: [NetIncomingMessage #0 10 bytes] [Disconnecting]

--------------------------------------------------------------------------------
2023-02-03 16:37:02.417 [Debug] StatusChanged: [NetIncomingMessage #0 10 bytes] [Disconnected]

--------------------------------------------------------------------------------
2023-02-03 16:37:02.417 [Debug] Connection terminated to remote [00000000-0000-0000-0000-000000000000/26.82.96.248:5400].

--------------------------------------------------------------------------------
2023-02-03 16:37:02.417 [Info] Disconnected [00000000-0000-0000-0000-000000000000].

--------------------------------------------------------------------------------
