2023-01-30 13:35:04.535 [Warn] Directory was specified as a plugin directory but does not exist: 'resources\plugins'

--------------------------------------------------------------------------------
2023-01-30 13:35:04.539 [Info] Discovered 0 plugins:


--------------------------------------------------------------------------------
2023-01-30 13:35:05.113 [Info] Connecting to 26.82.96.248:5400...

--------------------------------------------------------------------------------
2023-01-30 13:35:05.376 [Debug] StatusChanged: [NetIncomingMessage #0 31 bytes] [Disconnected]

--------------------------------------------------------------------------------
2023-01-30 13:35:05.382 [Debug] Unknown client disconnected (00-00-00-00-00-00-00-00).

--------------------------------------------------------------------------------
2023-01-30 13:35:05.382 [Info] Connection denied [].

--------------------------------------------------------------------------------
2023-01-30 13:35:19.147 [Info] System window closing (due to user interaction most likely).

--------------------------------------------------------------------------------
2023-01-30 13:35:19.195 [Info] Acquiring context lock... (0ms)

--------------------------------------------------------------------------------
2023-01-30 13:35:19.195 [Info] Acquired. (0ms)

--------------------------------------------------------------------------------
2023-01-30 13:35:19.195 [Info] Beginning context dispose. (0ms)

--------------------------------------------------------------------------------
2023-01-30 13:35:19.195 [Info] GC.SuppressFinalize (0ms)

--------------------------------------------------------------------------------
2023-01-30 13:35:19.196 [Info] InternalDispose() completed. (0ms)

--------------------------------------------------------------------------------
2023-01-30 13:35:19.196 [Info] Clearing instance... (0ms)

--------------------------------------------------------------------------------
2023-01-30 13:35:19.196 [Info] Releasing context lock... (0ms)

--------------------------------------------------------------------------------
2023-01-30 13:35:19.196 [Info] Released. (0ms)

--------------------------------------------------------------------------------
