2023-02-04 07:58:24.296 [Warn] Directory was specified as a plugin directory but does not exist: 'resources\plugins'

--------------------------------------------------------------------------------
2023-02-04 07:58:24.300 [Info] Discovered 0 plugins:


--------------------------------------------------------------------------------
2023-02-04 07:58:24.997 [Info] Connecting to 26.82.96.248:5400...

--------------------------------------------------------------------------------
2023-02-04 07:58:25.281 [Info] Connection approved [00000000-0000-0000-0000-000000000000].

--------------------------------------------------------------------------------
2023-02-04 07:58:25.328 [Debug] approval Time=9316896 Offset=63811084988360 Real=63811094305257

--------------------------------------------------------------------------------
2023-02-04 07:58:25.328 [Debug] local Time=9316896 Offset=63811084988431 Real=63811094305328

--------------------------------------------------------------------------------
2023-02-04 07:58:25.328 [Debug] real delta=70

--------------------------------------------------------------------------------
2023-02-04 07:58:25.328 [Debug] this.Statistics.Ping=0 NCPing=2

--------------------------------------------------------------------------------
2023-02-04 07:58:25.330 [Debug] Connection established to remote [00000000-0000-0000-0000-000000000000/26.82.96.248:5400].

--------------------------------------------------------------------------------
2023-02-04 07:58:25.330 [Info] Connected [00000000-0000-0000-0000-000000000000].

--------------------------------------------------------------------------------
2023-02-04 07:58:27.533 [Warn] 'Me' is null.

--------------------------------------------------------------------------------
2023-02-04 07:58:27.719 [Debug] received epp: 9319109

--------------------------------------------------------------------------------
2023-02-04 08:01:32.277 [Info] System window closing (due to user interaction most likely).

--------------------------------------------------------------------------------
2023-02-04 08:01:33.686 [Info] System window closing (due to user interaction most likely).

--------------------------------------------------------------------------------
2023-02-04 08:01:33.689 [Debug] StatusChanged: [NetIncomingMessage #539 10 bytes] [Disconnecting]

--------------------------------------------------------------------------------
2023-02-04 08:01:33.691 [Debug] StatusChanged: [NetIncomingMessage #540 14 bytes] [Disconnected]

--------------------------------------------------------------------------------
2023-02-04 08:01:33.698 [Error] Received unhandled exception from Name:Intersect Client.exe
There are no context policies.
.

--------------------------------------------------------------------------------
2023-02-04 08:01:33.699 [Error] NetException: Got ack for message not yet sent?
    Stack:    at Lidgren.Network.NetException.Assert(Boolean isOk, String message) in C:\Users\primero\git\agd\lidgren-network-gen3\Lidgren.Network\NetException.cs:line 62
   at Lidgren.Network.NetReliableSenderChannel.ReceiveAcknowledge(Double now, Int32 seqNr) in C:\Users\primero\git\agd\lidgren-network-gen3\Lidgren.Network\NetReliableSenderChannel.cs:line 246
   at Lidgren.Network.NetConnection.Heartbeat(Double now, UInt32 frameCounter) in C:\Users\primero\git\agd\lidgren-network-gen3\Lidgren.Network\NetConnection.cs:line 255
   at Lidgren.Network.NetPeer.Heartbeat() in C:\Users\primero\git\agd\lidgren-network-gen3\Lidgren.Network\NetPeer.Internal.cs:line 379
   at Lidgren.Network.NetPeer.ExecutePeerShutdown() in C:\Users\primero\git\agd\lidgren-network-gen3\Lidgren.Network\NetPeer.Internal.cs:line 268
   at Lidgren.Network.NetPeer.NetworkLoop() in C:\Users\primero\git\agd\lidgren-network-gen3\Lidgren.Network\NetPeer.Internal.cs:line 236
   at System.Threading.ExecutionContext.RunInternal(ExecutionContext executionContext, ContextCallback callback, Object state, Boolean preserveSyncCtx)
   at System.Threading.ExecutionContext.Run(ExecutionContext executionContext, ContextCallback callback, Object state, Boolean preserveSyncCtx)
   at System.Threading.ExecutionContext.Run(ExecutionContext executionContext, ContextCallback callback, Object state)
   at System.Threading.ThreadHelper.ThreadStart()


--------------------------------------------------------------------------------
2023-02-04 08:01:33.708 [Info] Acquiring context lock... (0ms)

--------------------------------------------------------------------------------
2023-02-04 08:01:33.708 [Info] Acquired. (0ms)

--------------------------------------------------------------------------------
2023-02-04 08:01:33.709 [Info] Beginning context dispose. (0ms)

--------------------------------------------------------------------------------
2023-02-04 08:01:33.710 [Info] GC.SuppressFinalize (0ms)

--------------------------------------------------------------------------------
2023-02-04 08:01:33.710 [Info] InternalDispose() completed. (0ms)

--------------------------------------------------------------------------------
2023-02-04 08:01:33.710 [Info] Clearing instance... (2ms)

--------------------------------------------------------------------------------
2023-02-04 08:01:33.710 [Info] Releasing context lock... (2ms)

--------------------------------------------------------------------------------
2023-02-04 08:01:33.710 [Info] Released. (2ms)

--------------------------------------------------------------------------------
