2022-12-13 08:58:19.994 [Warn] Directory was specified as a plugin directory but does not exist: 'resources\plugins'

--------------------------------------------------------------------------------
2022-12-13 08:58:20.016 [Info] Discovered 0 plugins:


--------------------------------------------------------------------------------
2022-12-13 08:58:20.895 [Info] Connecting to 127.0.0.1:5400...

--------------------------------------------------------------------------------
2022-12-13 08:58:21.253 [Info] Connection approved [00000000-0000-0000-0000-000000000000].

--------------------------------------------------------------------------------
2022-12-13 08:58:21.312 [Debug] approval Time=5032090 Offset=63806513669151 Real=63806518701241

--------------------------------------------------------------------------------
2022-12-13 08:58:21.312 [Debug] local Time=5032090 Offset=63806513669221 Real=63806518701312

--------------------------------------------------------------------------------
2022-12-13 08:58:21.312 [Debug] real delta=70

--------------------------------------------------------------------------------
2022-12-13 08:58:21.312 [Debug] this.Statistics.Ping=0 NCPing=2

--------------------------------------------------------------------------------
2022-12-13 08:58:21.313 [Debug] Connection established to remote [00000000-0000-0000-0000-000000000000/127.0.0.1:5400].

--------------------------------------------------------------------------------
2022-12-13 08:58:21.313 [Info] Connected [00000000-0000-0000-0000-000000000000].

--------------------------------------------------------------------------------
2022-12-13 08:58:26.945 [Warn] 'Me' is null.

--------------------------------------------------------------------------------
2022-12-13 08:58:27.118 [Debug] received epp: 5037732

--------------------------------------------------------------------------------
2022-12-13 08:58:38.191 [Info] System window closing (due to user interaction most likely).

--------------------------------------------------------------------------------
2022-12-13 08:58:38.193 [Debug] StatusChanged: [NetIncomingMessage #12 10 bytes] [Disconnecting]

--------------------------------------------------------------------------------
2022-12-13 08:58:38.195 [Debug] StatusChanged: [NetIncomingMessage #13 10 bytes] [Disconnected]

--------------------------------------------------------------------------------
2022-12-13 08:58:38.195 [Debug] Connection terminated to remote [00000000-0000-0000-0000-000000000000/127.0.0.1:5400].

--------------------------------------------------------------------------------
2022-12-13 08:58:38.195 [Info] Disconnected [00000000-0000-0000-0000-000000000000].

--------------------------------------------------------------------------------
2022-12-13 08:58:38.247 [Info] Acquiring context lock... (0ms)

--------------------------------------------------------------------------------
2022-12-13 08:58:38.247 [Info] Acquired. (0ms)

--------------------------------------------------------------------------------
2022-12-13 08:58:38.248 [Info] Beginning context dispose. (0ms)

--------------------------------------------------------------------------------
2022-12-13 08:58:38.248 [Info] GC.SuppressFinalize (0ms)

--------------------------------------------------------------------------------
2022-12-13 08:58:38.248 [Info] InternalDispose() completed. (0ms)

--------------------------------------------------------------------------------
2022-12-13 08:58:38.248 [Info] Clearing instance... (0ms)

--------------------------------------------------------------------------------
2022-12-13 08:58:38.248 [Info] Releasing context lock... (1ms)

--------------------------------------------------------------------------------
2022-12-13 08:58:38.248 [Info] Released. (1ms)

--------------------------------------------------------------------------------
