2023-02-01 15:10:46.894 [Warn] Directory was specified as a plugin directory but does not exist: 'resources\plugins'

--------------------------------------------------------------------------------
2023-02-01 15:10:46.894 [Info] Discovered 0 plugins:


--------------------------------------------------------------------------------
2023-02-01 15:10:47.964 [Info] Connecting to 26.82.96.248:5400...

--------------------------------------------------------------------------------
2023-02-01 15:10:48.223 [Info] Connection approved [00000000-0000-0000-0000-000000000000].

--------------------------------------------------------------------------------
2023-02-01 15:10:48.267 [Debug] approval Time=41709003 Offset=63810819339199 Real=63810861048202

--------------------------------------------------------------------------------
2023-02-01 15:10:48.268 [Debug] local Time=41709003 Offset=63810819339264 Real=63810861048267

--------------------------------------------------------------------------------
2023-02-01 15:10:48.268 [Debug] real delta=64

--------------------------------------------------------------------------------
2023-02-01 15:10:48.268 [Debug] this.Statistics.Ping=0 NCPing=2

--------------------------------------------------------------------------------
2023-02-01 15:10:48.269 [Debug] Connection established to remote [00000000-0000-0000-0000-000000000000/26.82.96.248:5400].

--------------------------------------------------------------------------------
2023-02-01 15:10:48.269 [Info] Connected [00000000-0000-0000-0000-000000000000].

--------------------------------------------------------------------------------
2023-02-01 15:15:49.357 [Info] System window closing (due to user interaction most likely).

--------------------------------------------------------------------------------
2023-02-01 15:15:49.358 [Debug] StatusChanged: [NetIncomingMessage #0 10 bytes] [Disconnecting]

--------------------------------------------------------------------------------
2023-02-01 15:15:49.364 [Debug] StatusChanged: [NetIncomingMessage #0 14 bytes] [Disconnected]

--------------------------------------------------------------------------------
2023-02-01 15:15:49.409 [Info] Acquiring context lock... (0ms)

--------------------------------------------------------------------------------
2023-02-01 15:15:49.409 [Info] Acquired. (0ms)

--------------------------------------------------------------------------------
2023-02-01 15:15:49.410 [Info] Beginning context dispose. (0ms)

--------------------------------------------------------------------------------
2023-02-01 15:15:49.410 [Info] GC.SuppressFinalize (0ms)

--------------------------------------------------------------------------------
2023-02-01 15:15:49.410 [Info] InternalDispose() completed. (0ms)

--------------------------------------------------------------------------------
2023-02-01 15:15:49.410 [Info] Clearing instance... (1ms)

--------------------------------------------------------------------------------
2023-02-01 15:15:49.410 [Info] Releasing context lock... (1ms)

--------------------------------------------------------------------------------
2023-02-01 15:15:49.410 [Info] Released. (1ms)

--------------------------------------------------------------------------------
