2023-01-30 13:27:36.140 [Warn] Directory was specified as a plugin directory but does not exist: 'resources\plugins'

--------------------------------------------------------------------------------
2023-01-30 13:27:36.156 [Info] Discovered 0 plugins:


--------------------------------------------------------------------------------
2023-01-30 13:27:37.557 [Info] Connecting to 26.82.96.248:5400...

--------------------------------------------------------------------------------
2023-01-30 13:27:53.159 [Debug] StatusChanged: [NetIncomingMessage #0 63 bytes] [Disconnected]

--------------------------------------------------------------------------------
2023-01-30 13:27:53.165 [Debug] Unknown client disconnected (00-00-00-00-00-00-00-00).

--------------------------------------------------------------------------------
2023-01-30 13:27:53.166 [Info] Disconnected [00000000-0000-0000-0000-000000000000].

--------------------------------------------------------------------------------
2023-01-30 13:27:53.171 [Info] Connecting to 26.82.96.248:5400...

--------------------------------------------------------------------------------
2023-01-30 13:28:08.322 [Debug] StatusChanged: [NetIncomingMessage #0 63 bytes] [Disconnected]

--------------------------------------------------------------------------------
2023-01-30 13:28:08.322 [Debug] Unknown client disconnected (00-00-00-00-00-00-00-00).

--------------------------------------------------------------------------------
2023-01-30 13:28:08.322 [Info] Disconnected [00000000-0000-0000-0000-000000000000].

--------------------------------------------------------------------------------
2023-01-30 13:28:08.322 [Info] Connecting to 26.82.96.248:5400...

--------------------------------------------------------------------------------
2023-01-30 13:28:23.484 [Debug] StatusChanged: [NetIncomingMessage #0 63 bytes] [Disconnected]

--------------------------------------------------------------------------------
2023-01-30 13:28:23.484 [Debug] Unknown client disconnected (00-00-00-00-00-00-00-00).

--------------------------------------------------------------------------------
2023-01-30 13:28:23.484 [Info] Disconnected [00000000-0000-0000-0000-000000000000].

--------------------------------------------------------------------------------
2023-01-30 13:28:23.484 [Info] Connecting to 26.82.96.248:5400...

--------------------------------------------------------------------------------
2023-01-30 13:28:38.684 [Debug] StatusChanged: [NetIncomingMessage #0 63 bytes] [Disconnected]

--------------------------------------------------------------------------------
2023-01-30 13:28:38.684 [Debug] Unknown client disconnected (00-00-00-00-00-00-00-00).

--------------------------------------------------------------------------------
2023-01-30 13:28:38.684 [Info] Disconnected [00000000-0000-0000-0000-000000000000].

--------------------------------------------------------------------------------
2023-01-30 13:28:38.684 [Info] Connecting to 26.82.96.248:5400...

--------------------------------------------------------------------------------
2023-01-30 13:28:53.865 [Debug] StatusChanged: [NetIncomingMessage #0 63 bytes] [Disconnected]

--------------------------------------------------------------------------------
2023-01-30 13:28:53.865 [Debug] Unknown client disconnected (00-00-00-00-00-00-00-00).

--------------------------------------------------------------------------------
2023-01-30 13:28:53.865 [Info] Disconnected [00000000-0000-0000-0000-000000000000].

--------------------------------------------------------------------------------
2023-01-30 13:28:53.865 [Info] Connecting to 26.82.96.248:5400...

--------------------------------------------------------------------------------
2023-01-30 13:29:09.014 [Debug] StatusChanged: [NetIncomingMessage #0 63 bytes] [Disconnected]

--------------------------------------------------------------------------------
2023-01-30 13:29:09.014 [Debug] Unknown client disconnected (00-00-00-00-00-00-00-00).

--------------------------------------------------------------------------------
2023-01-30 13:29:09.014 [Info] Disconnected [00000000-0000-0000-0000-000000000000].

--------------------------------------------------------------------------------
2023-01-30 13:29:09.015 [Info] Connecting to 26.82.96.248:5400...

--------------------------------------------------------------------------------
2023-01-30 13:29:24.237 [Debug] StatusChanged: [NetIncomingMessage #0 63 bytes] [Disconnected]

--------------------------------------------------------------------------------
2023-01-30 13:29:24.237 [Debug] Unknown client disconnected (00-00-00-00-00-00-00-00).

--------------------------------------------------------------------------------
2023-01-30 13:29:24.237 [Info] Disconnected [00000000-0000-0000-0000-000000000000].

--------------------------------------------------------------------------------
2023-01-30 13:29:24.237 [Info] Connecting to 26.82.96.248:5400...

--------------------------------------------------------------------------------
2023-01-30 13:29:39.390 [Debug] StatusChanged: [NetIncomingMessage #0 63 bytes] [Disconnected]

--------------------------------------------------------------------------------
2023-01-30 13:29:39.390 [Debug] Unknown client disconnected (00-00-00-00-00-00-00-00).

--------------------------------------------------------------------------------
2023-01-30 13:29:39.390 [Info] Disconnected [00000000-0000-0000-0000-000000000000].

--------------------------------------------------------------------------------
2023-01-30 13:29:39.390 [Info] Connecting to 26.82.96.248:5400...

--------------------------------------------------------------------------------
2023-01-30 13:29:54.616 [Debug] StatusChanged: [NetIncomingMessage #0 63 bytes] [Disconnected]

--------------------------------------------------------------------------------
2023-01-30 13:29:54.616 [Debug] Unknown client disconnected (00-00-00-00-00-00-00-00).

--------------------------------------------------------------------------------
2023-01-30 13:29:54.616 [Info] Disconnected [00000000-0000-0000-0000-000000000000].

--------------------------------------------------------------------------------
2023-01-30 13:29:54.616 [Info] Connecting to 26.82.96.248:5400...

--------------------------------------------------------------------------------
2023-01-30 13:30:01.046 [Info] Connection approved [00000000-0000-0000-0000-000000000000].

--------------------------------------------------------------------------------
2023-01-30 13:30:01.157 [Debug] approval Time=1866 Offset=63810682199444 Real=63810682201310

--------------------------------------------------------------------------------
2023-01-30 13:30:01.158 [Debug] local Time=1866 Offset=63810682199289 Real=63810682201155

--------------------------------------------------------------------------------
2023-01-30 13:30:01.158 [Debug] real delta=-155

--------------------------------------------------------------------------------
2023-01-30 13:30:01.158 [Debug] this.Statistics.Ping=0 NCPing=26

--------------------------------------------------------------------------------
2023-01-30 13:30:01.161 [Debug] Connection established to remote [00000000-0000-0000-0000-000000000000/26.82.96.248:5400].

--------------------------------------------------------------------------------
2023-01-30 13:30:01.162 [Info] Connected [00000000-0000-0000-0000-000000000000].

--------------------------------------------------------------------------------
2023-01-30 13:30:18.125 [Warn] 'Me' is null.

--------------------------------------------------------------------------------
2023-01-30 13:30:18.694 [Debug] received epp: 19050

--------------------------------------------------------------------------------
2023-01-30 13:31:01.884 [Info] System window closing (due to user interaction most likely).

--------------------------------------------------------------------------------
2023-01-30 13:31:01.885 [Debug] StatusChanged: [NetIncomingMessage #460 10 bytes] [Disconnecting]

--------------------------------------------------------------------------------
2023-01-30 13:31:01.892 [Debug] StatusChanged: [NetIncomingMessage #461 14 bytes] [Disconnected]

--------------------------------------------------------------------------------
2023-01-30 13:31:01.963 [Info] Acquiring context lock... (0ms)

--------------------------------------------------------------------------------
2023-01-30 13:31:01.963 [Info] Acquired. (0ms)

--------------------------------------------------------------------------------
2023-01-30 13:31:01.965 [Info] Beginning context dispose. (0ms)

--------------------------------------------------------------------------------
2023-01-30 13:31:01.966 [Info] GC.SuppressFinalize (0ms)

--------------------------------------------------------------------------------
2023-01-30 13:31:01.966 [Info] InternalDispose() completed. (0ms)

--------------------------------------------------------------------------------
2023-01-30 13:31:01.966 [Info] Clearing instance... (2ms)

--------------------------------------------------------------------------------
2023-01-30 13:31:01.966 [Info] Releasing context lock... (3ms)

--------------------------------------------------------------------------------
2023-01-30 13:31:01.966 [Info] Released. (3ms)

--------------------------------------------------------------------------------
