2023-01-30 17:39:23.933 [Info] Connecting to 26.82.96.248:5400...

--------------------------------------------------------------------------------
2023-01-30 17:39:24.402 [Info] Connection approved [00000000-0000-0000-0000-000000000000].

--------------------------------------------------------------------------------
2023-01-30 17:39:24.439 [Debug] approval Time=11988 Offset=63810697152366 Real=63810697164354

--------------------------------------------------------------------------------
2023-01-30 17:39:24.439 [Debug] local Time=11988 Offset=63810697152450 Real=63810697164439

--------------------------------------------------------------------------------
2023-01-30 17:39:24.444 [Debug] real delta=84

--------------------------------------------------------------------------------
2023-01-30 17:39:24.444 [Debug] this.Statistics.Ping=0 NCPing=2

--------------------------------------------------------------------------------
2023-01-30 17:39:24.446 [Debug] Connection established to remote [00000000-0000-0000-0000-000000000000/26.82.96.248:5400].

--------------------------------------------------------------------------------
2023-01-30 17:39:24.446 [Info] Connected [00000000-0000-0000-0000-000000000000].

--------------------------------------------------------------------------------
2023-01-30 17:39:24.482 [Warn] Missing strings, overwriting strings file:
	ItemEditor.rarity[Phổ biến],
	ItemEditor.rarity[Ít phổ biến],
	ItemEditor.rarity[Hiếm],
	ItemEditor.rarity[Cổ],
	ItemEditor.rarity[Huyền thoại],
	ItemEditor.rarity[Huyền bí],
	ItemEditor.rarity[Độc lạ]

--------------------------------------------------------------------------------
2023-01-30 17:41:21.590 [Debug] StatusChanged: [NetIncomingMessage #0 14 bytes] [Disconnected]

--------------------------------------------------------------------------------
2023-01-30 17:41:21.592 [Debug] Connection terminated to remote [00000000-0000-0000-0000-000000000000/26.82.96.248:5400].

--------------------------------------------------------------------------------
2023-01-30 17:41:21.593 [Info] Disconnected [00000000-0000-0000-0000-000000000000].

--------------------------------------------------------------------------------
