2022-12-14 08:27:25.840 [Warn] Directory was specified as a plugin directory but does not exist: 'resources\plugins'

--------------------------------------------------------------------------------
2022-12-14 08:27:25.845 [Info] Discovered 0 plugins:


--------------------------------------------------------------------------------
2022-12-14 08:27:26.528 [Info] Connecting to 127.0.0.1:5400...

--------------------------------------------------------------------------------
2022-12-14 08:27:26.855 [Info] Connection approved [00000000-0000-0000-0000-000000000000].

--------------------------------------------------------------------------------
2022-12-14 08:27:26.906 [Debug] approval Time=421750 Offset=63806602825084 Real=63806603246834

--------------------------------------------------------------------------------
2022-12-14 08:27:26.906 [Debug] local Time=421750 Offset=63806602825155 Real=63806603246906

--------------------------------------------------------------------------------
2022-12-14 08:27:26.906 [Debug] real delta=71

--------------------------------------------------------------------------------
2022-12-14 08:27:26.906 [Debug] this.Statistics.Ping=0 NCPing=2

--------------------------------------------------------------------------------
2022-12-14 08:27:26.907 [Debug] Connection established to remote [00000000-0000-0000-0000-000000000000/127.0.0.1:5400].

--------------------------------------------------------------------------------
2022-12-14 08:27:26.908 [Info] Connected [00000000-0000-0000-0000-000000000000].

--------------------------------------------------------------------------------
2022-12-14 08:27:43.205 [Info] User clicked exit button.

--------------------------------------------------------------------------------
2022-12-14 08:27:43.209 [Info] System window closing (due to user interaction most likely).

--------------------------------------------------------------------------------
2022-12-14 08:27:43.210 [Debug] StatusChanged: [NetIncomingMessage #0 10 bytes] [Disconnecting]

--------------------------------------------------------------------------------
2022-12-14 08:27:43.213 [Debug] StatusChanged: [NetIncomingMessage #0 14 bytes] [Disconnected]

--------------------------------------------------------------------------------
2022-12-14 08:27:43.259 [Info] Acquiring context lock... (0ms)

--------------------------------------------------------------------------------
2022-12-14 08:27:43.259 [Info] Acquired. (0ms)

--------------------------------------------------------------------------------
2022-12-14 08:27:43.260 [Info] Beginning context dispose. (0ms)

--------------------------------------------------------------------------------
2022-12-14 08:27:43.261 [Info] GC.SuppressFinalize (0ms)

--------------------------------------------------------------------------------
2022-12-14 08:27:43.261 [Info] InternalDispose() completed. (0ms)

--------------------------------------------------------------------------------
2022-12-14 08:27:43.261 [Info] Clearing instance... (2ms)

--------------------------------------------------------------------------------
2022-12-14 08:27:43.261 [Info] Releasing context lock... (2ms)

--------------------------------------------------------------------------------
2022-12-14 08:27:43.261 [Info] Released. (2ms)

--------------------------------------------------------------------------------
