2023-02-04 13:57:03.818 [Warn] Directory was specified as a plugin directory but does not exist: 'resources\plugins'

--------------------------------------------------------------------------------
2023-02-04 13:57:03.818 [Info] Discovered 0 plugins:


--------------------------------------------------------------------------------
2023-02-04 13:57:04.471 [Info] Connecting to 26.82.96.248:5400...

--------------------------------------------------------------------------------
2023-02-04 13:57:04.791 [Info] Connection approved [00000000-0000-0000-0000-000000000000].

--------------------------------------------------------------------------------
2023-02-04 13:57:04.835 [Debug] approval Time=1369156 Offset=63811114455612 Real=63811115824768

--------------------------------------------------------------------------------
2023-02-04 13:57:04.835 [Debug] local Time=1369156 Offset=63811114455678 Real=63811115824835

--------------------------------------------------------------------------------
2023-02-04 13:57:04.835 [Debug] real delta=66

--------------------------------------------------------------------------------
2023-02-04 13:57:04.835 [Debug] this.Statistics.Ping=0 NCPing=2

--------------------------------------------------------------------------------
2023-02-04 13:57:04.837 [Debug] Connection established to remote [00000000-0000-0000-0000-000000000000/26.82.96.248:5400].

--------------------------------------------------------------------------------
2023-02-04 13:57:04.837 [Info] Connected [00000000-0000-0000-0000-000000000000].

--------------------------------------------------------------------------------
2023-02-04 13:57:12.229 [Warn] 'Me' is null.

--------------------------------------------------------------------------------
2023-02-04 13:57:12.420 [Debug] received epp: 1376559

--------------------------------------------------------------------------------
2023-02-04 13:57:15.469 [Debug] received epp: 1379827

--------------------------------------------------------------------------------
2023-02-04 13:58:09.917 [Debug] received epp: 1434278

--------------------------------------------------------------------------------
2023-02-04 13:59:03.827 [Debug] received epp: 1488196

--------------------------------------------------------------------------------
2023-02-04 13:59:58.442 [Debug] received epp: 1542812

--------------------------------------------------------------------------------
2023-02-04 14:00:52.706 [Debug] received epp: 1597072

--------------------------------------------------------------------------------
2023-02-04 14:01:46.840 [Debug] received epp: 1651199

--------------------------------------------------------------------------------
2023-02-04 14:02:40.844 [Debug] received epp: 1705193

--------------------------------------------------------------------------------
2023-02-04 14:03:34.353 [Debug] received epp: 1758709

--------------------------------------------------------------------------------
2023-02-04 14:04:28.279 [Debug] received epp: 1812636

--------------------------------------------------------------------------------
2023-02-04 14:05:22.048 [Debug] received epp: 1866410

--------------------------------------------------------------------------------
2023-02-04 14:06:16.126 [Debug] received epp: 1920474

--------------------------------------------------------------------------------
2023-02-04 14:07:10.135 [Debug] received epp: 1974493

--------------------------------------------------------------------------------
2023-02-04 14:08:04.322 [Debug] received epp: 2028681

--------------------------------------------------------------------------------
2023-02-04 14:08:58.199 [Debug] received epp: 2082562

--------------------------------------------------------------------------------
2023-02-04 14:09:23.289 [Info] System window closing (due to user interaction most likely).

--------------------------------------------------------------------------------
2023-02-04 14:09:24.272 [Info] System window closing (due to user interaction most likely).

--------------------------------------------------------------------------------
2023-02-04 14:09:24.274 [Debug] StatusChanged: [NetIncomingMessage #559 10 bytes] [Disconnecting]

--------------------------------------------------------------------------------
2023-02-04 14:09:24.276 [Debug] StatusChanged: [NetIncomingMessage #560 14 bytes] [Disconnected]

--------------------------------------------------------------------------------
2023-02-04 14:09:24.342 [Info] Acquiring context lock... (0ms)

--------------------------------------------------------------------------------
2023-02-04 14:09:24.342 [Info] Acquired. (0ms)

--------------------------------------------------------------------------------
2023-02-04 14:09:24.342 [Info] Beginning context dispose. (0ms)

--------------------------------------------------------------------------------
2023-02-04 14:09:24.342 [Info] GC.SuppressFinalize (0ms)

--------------------------------------------------------------------------------
2023-02-04 14:09:24.342 [Info] InternalDispose() completed. (0ms)

--------------------------------------------------------------------------------
2023-02-04 14:09:24.342 [Info] Clearing instance... (0ms)

--------------------------------------------------------------------------------
2023-02-04 14:09:24.342 [Info] Releasing context lock... (0ms)

--------------------------------------------------------------------------------
2023-02-04 14:09:24.342 [Info] Released. (0ms)

--------------------------------------------------------------------------------
