2023-01-30 14:29:50.682 [Warn] Directory was specified as a plugin directory but does not exist: 'resources\plugins'

--------------------------------------------------------------------------------
2023-01-30 14:29:50.687 [Info] Discovered 0 plugins:


--------------------------------------------------------------------------------
2023-01-30 14:29:51.304 [Info] Connecting to 26.82.96.248:5400...

--------------------------------------------------------------------------------
2023-01-30 14:29:51.570 [Info] Connection approved [00000000-0000-0000-0000-000000000000].

--------------------------------------------------------------------------------
2023-01-30 14:29:51.612 [Debug] approval Time=7555 Offset=63810685784008 Real=63810685791563

--------------------------------------------------------------------------------
2023-01-30 14:29:51.612 [Debug] local Time=7555 Offset=63810685784057 Real=63810685791612

--------------------------------------------------------------------------------
2023-01-30 14:29:51.612 [Debug] real delta=48

--------------------------------------------------------------------------------
2023-01-30 14:29:51.612 [Debug] this.Statistics.Ping=0 NCPing=2

--------------------------------------------------------------------------------
2023-01-30 14:29:51.614 [Debug] Connection established to remote [00000000-0000-0000-0000-000000000000/26.82.96.248:5400].

--------------------------------------------------------------------------------
2023-01-30 14:29:51.614 [Info] Connected [00000000-0000-0000-0000-000000000000].

--------------------------------------------------------------------------------
2023-01-30 14:29:54.225 [Warn] 'Me' is null.

--------------------------------------------------------------------------------
2023-01-30 14:29:54.412 [Debug] received epp: 10293

--------------------------------------------------------------------------------
2023-01-30 14:30:32.647 [Info] System window closing (due to user interaction most likely).

--------------------------------------------------------------------------------
2023-01-30 14:30:32.648 [Debug] StatusChanged: [NetIncomingMessage #403 10 bytes] [Disconnecting]

--------------------------------------------------------------------------------
2023-01-30 14:30:32.653 [Debug] StatusChanged: [NetIncomingMessage #404 14 bytes] [Disconnected]

--------------------------------------------------------------------------------
2023-01-30 14:30:32.674 [Info] Acquiring context lock... (0ms)

--------------------------------------------------------------------------------
2023-01-30 14:30:32.674 [Info] Acquired. (0ms)

--------------------------------------------------------------------------------
2023-01-30 14:30:32.675 [Info] Beginning context dispose. (0ms)

--------------------------------------------------------------------------------
2023-01-30 14:30:32.675 [Info] GC.SuppressFinalize (0ms)

--------------------------------------------------------------------------------
2023-01-30 14:30:32.675 [Info] InternalDispose() completed. (0ms)

--------------------------------------------------------------------------------
2023-01-30 14:30:32.675 [Info] Clearing instance... (0ms)

--------------------------------------------------------------------------------
2023-01-30 14:30:32.675 [Info] Releasing context lock... (1ms)

--------------------------------------------------------------------------------
2023-01-30 14:30:32.675 [Info] Released. (1ms)

--------------------------------------------------------------------------------
