2023-01-30 18:48:27.540 [Warn] Directory was specified as a plugin directory but does not exist: 'resources\plugins'

--------------------------------------------------------------------------------
2023-01-30 18:48:27.545 [Info] Discovered 0 plugins:


--------------------------------------------------------------------------------
2023-01-30 18:48:28.251 [Info] Connecting to 26.82.96.248:5400...

--------------------------------------------------------------------------------
2023-01-30 18:48:32.048 [Info] System window closing (due to user interaction most likely).

--------------------------------------------------------------------------------
2023-01-30 18:48:32.052 [Debug] StatusChanged: [NetIncomingMessage #0 10 bytes] [Disconnecting]

--------------------------------------------------------------------------------
2023-01-30 18:48:32.056 [Debug] StatusChanged: [NetIncomingMessage #0 14 bytes] [Disconnected]

--------------------------------------------------------------------------------
2023-01-30 18:48:32.058 [Debug] Unknown client disconnected (00-00-00-00-00-00-00-00).

--------------------------------------------------------------------------------
2023-01-30 18:48:32.059 [Info] Disconnected [00000000-0000-0000-0000-000000000000].

--------------------------------------------------------------------------------
2023-01-30 18:48:32.074 [Info] Acquiring context lock... (0ms)

--------------------------------------------------------------------------------
2023-01-30 18:48:32.074 [Info] Acquired. (0ms)

--------------------------------------------------------------------------------
2023-01-30 18:48:32.075 [Info] Beginning context dispose. (0ms)

--------------------------------------------------------------------------------
2023-01-30 18:48:32.075 [Info] GC.SuppressFinalize (0ms)

--------------------------------------------------------------------------------
2023-01-30 18:48:32.075 [Info] InternalDispose() completed. (0ms)

--------------------------------------------------------------------------------
2023-01-30 18:48:32.075 [Info] Clearing instance... (1ms)

--------------------------------------------------------------------------------
2023-01-30 18:48:32.075 [Info] Releasing context lock... (1ms)

--------------------------------------------------------------------------------
2023-01-30 18:48:32.075 [Info] Released. (1ms)

--------------------------------------------------------------------------------
