2023-01-28 16:54:51.366 [Warn] Directory was specified as a plugin directory but does not exist: 'resources\plugins'

--------------------------------------------------------------------------------
2023-01-28 16:54:51.383 [Info] Discovered 0 plugins:


--------------------------------------------------------------------------------
2023-01-28 16:54:53.351 [Info] Connecting to 26.82.96.248:5400...

--------------------------------------------------------------------------------
2023-01-28 16:54:54.271 [Info] Connection approved [00000000-0000-0000-0000-000000000000].

--------------------------------------------------------------------------------
2023-01-28 16:54:54.366 [Debug] approval Time=10665449 Offset=63810511030330 Real=63810521695780

--------------------------------------------------------------------------------
2023-01-28 16:54:54.366 [Debug] local Time=10665449 Offset=63810511028916 Real=63810521694366

--------------------------------------------------------------------------------
2023-01-28 16:54:54.366 [Debug] real delta=-1414

--------------------------------------------------------------------------------
2023-01-28 16:54:54.367 [Debug] this.Statistics.Ping=0 NCPing=28

--------------------------------------------------------------------------------
2023-01-28 16:54:54.370 [Debug] Connection established to remote [00000000-0000-0000-0000-000000000000/26.82.96.248:5400].

--------------------------------------------------------------------------------
2023-01-28 16:54:54.370 [Info] Connected [00000000-0000-0000-0000-000000000000].

--------------------------------------------------------------------------------
2023-01-28 16:55:33.050 [Warn] 'Me' is null.

--------------------------------------------------------------------------------
2023-01-28 16:55:33.720 [Debug] received epp: 10704102

--------------------------------------------------------------------------------
2023-01-28 17:06:02.236 [Debug] received epp: 11333363

--------------------------------------------------------------------------------
2023-01-28 17:08:56.614 [Info] System window closing (due to user interaction most likely).

--------------------------------------------------------------------------------
2023-01-28 17:08:56.616 [Debug] StatusChanged: [NetIncomingMessage #75 10 bytes] [Disconnecting]

--------------------------------------------------------------------------------
2023-01-28 17:08:56.626 [Debug] StatusChanged: [NetIncomingMessage #76 14 bytes] [Disconnected]

--------------------------------------------------------------------------------
2023-01-28 17:08:56.701 [Info] Acquiring context lock... (0ms)

--------------------------------------------------------------------------------
2023-01-28 17:08:56.701 [Info] Acquired. (0ms)

--------------------------------------------------------------------------------
2023-01-28 17:08:56.703 [Info] Beginning context dispose. (0ms)

--------------------------------------------------------------------------------
2023-01-28 17:08:56.704 [Info] GC.SuppressFinalize (1ms)

--------------------------------------------------------------------------------
2023-01-28 17:08:56.704 [Info] InternalDispose() completed. (1ms)

--------------------------------------------------------------------------------
2023-01-28 17:08:56.705 [Info] Clearing instance... (4ms)

--------------------------------------------------------------------------------
2023-01-28 17:08:56.705 [Info] Releasing context lock... (4ms)

--------------------------------------------------------------------------------
2023-01-28 17:08:56.705 [Info] Released. (4ms)

--------------------------------------------------------------------------------
