2023-01-28 16:37:47.263 [Info] Connecting to 26.82.96.248:5400...

--------------------------------------------------------------------------------
2023-01-28 16:37:47.601 [Info] Connection approved [00000000-0000-0000-0000-000000000000].

--------------------------------------------------------------------------------
2023-01-28 16:37:47.647 [Debug] approval Time=9637248 Offset=63810511030330 Real=63810520667579

--------------------------------------------------------------------------------
2023-01-28 16:37:47.647 [Debug] local Time=9637248 Offset=63810511030398 Real=63810520667647

--------------------------------------------------------------------------------
2023-01-28 16:37:47.652 [Debug] real delta=73

--------------------------------------------------------------------------------
2023-01-28 16:37:47.652 [Debug] this.Statistics.Ping=0 NCPing=2

--------------------------------------------------------------------------------
2023-01-28 16:37:47.654 [Debug] Connection established to remote [00000000-0000-0000-0000-000000000000/26.82.96.248:5400].

--------------------------------------------------------------------------------
2023-01-28 16:37:47.654 [Info] Connected [00000000-0000-0000-0000-000000000000].

--------------------------------------------------------------------------------
2023-01-28 16:52:14.166 [Debug] StatusChanged: [NetIncomingMessage #127 10 bytes] [Disconnecting]

--------------------------------------------------------------------------------
2023-01-28 16:52:14.252 [Debug] StatusChanged: [NetIncomingMessage #0 10 bytes] [Disconnected]

--------------------------------------------------------------------------------
2023-01-28 16:52:14.252 [Debug] Connection terminated to remote [00000000-0000-0000-0000-000000000000/26.82.96.248:5400].

--------------------------------------------------------------------------------
2023-01-28 16:52:14.252 [Info] Disconnected [00000000-0000-0000-0000-000000000000].

--------------------------------------------------------------------------------
