2023-01-30 17:43:55.925 [Warn] Directory was specified as a plugin directory but does not exist: 'resources\plugins'

--------------------------------------------------------------------------------
2023-01-30 17:43:55.931 [Info] Discovered 0 plugins:


--------------------------------------------------------------------------------
2023-01-30 17:43:56.501 [Info] Connecting to 26.82.96.248:5400...

--------------------------------------------------------------------------------
2023-01-30 17:43:57.002 [Info] Connection approved [00000000-0000-0000-0000-000000000000].

--------------------------------------------------------------------------------
2023-01-30 17:43:57.048 [Debug] approval Time=798 Offset=63810697436149 Real=63810697436948

--------------------------------------------------------------------------------
2023-01-30 17:43:57.048 [Debug] local Time=798 Offset=63810697436249 Real=63810697437048

--------------------------------------------------------------------------------
2023-01-30 17:43:57.048 [Debug] real delta=99

--------------------------------------------------------------------------------
2023-01-30 17:43:57.048 [Debug] this.Statistics.Ping=0 NCPing=3

--------------------------------------------------------------------------------
2023-01-30 17:43:57.050 [Debug] Connection established to remote [00000000-0000-0000-0000-000000000000/26.82.96.248:5400].

--------------------------------------------------------------------------------
2023-01-30 17:43:57.050 [Info] Connected [00000000-0000-0000-0000-000000000000].

--------------------------------------------------------------------------------
2023-01-30 17:43:57.253 [Warn] Missing strings, overwriting strings file:
	ItemDescription.Rarity[C],
	ItemDescription.Rarity[U],
	ItemDescription.Rarity[R],
	ItemDescription.Rarity[E],
	ItemDescription.Rarity[L]

--------------------------------------------------------------------------------
2023-01-30 17:44:04.614 [Warn] 'Me' is null.

--------------------------------------------------------------------------------
2023-01-30 17:44:04.794 [Debug] received epp: 8541

--------------------------------------------------------------------------------
2023-01-30 17:44:12.362 [Info] System window closing (due to user interaction most likely).

--------------------------------------------------------------------------------
2023-01-30 17:44:12.364 [Debug] StatusChanged: [NetIncomingMessage #142 10 bytes] [Disconnecting]

--------------------------------------------------------------------------------
2023-01-30 17:44:12.367 [Debug] StatusChanged: [NetIncomingMessage #143 14 bytes] [Disconnected]

--------------------------------------------------------------------------------
2023-01-30 17:44:12.408 [Info] Acquiring context lock... (0ms)

--------------------------------------------------------------------------------
2023-01-30 17:44:12.408 [Info] Acquired. (0ms)

--------------------------------------------------------------------------------
2023-01-30 17:44:12.408 [Info] Beginning context dispose. (0ms)

--------------------------------------------------------------------------------
2023-01-30 17:44:12.409 [Info] GC.SuppressFinalize (0ms)

--------------------------------------------------------------------------------
2023-01-30 17:44:12.409 [Info] InternalDispose() completed. (0ms)

--------------------------------------------------------------------------------
2023-01-30 17:44:12.409 [Info] Clearing instance... (0ms)

--------------------------------------------------------------------------------
2023-01-30 17:44:12.409 [Info] Releasing context lock... (0ms)

--------------------------------------------------------------------------------
2023-01-30 17:44:12.409 [Info] Released. (1ms)

--------------------------------------------------------------------------------
