2023-02-04 06:57:52.388 [Warn] Directory was specified as a plugin directory but does not exist: 'resources\plugins'

--------------------------------------------------------------------------------
2023-02-04 06:57:52.392 [Info] Discovered 0 plugins:


--------------------------------------------------------------------------------
2023-02-04 06:57:53.029 [Info] Connecting to 26.82.96.248:5400...

--------------------------------------------------------------------------------
2023-02-04 06:57:53.304 [Info] Connection approved [00000000-0000-0000-0000-000000000000].

--------------------------------------------------------------------------------
2023-02-04 06:57:53.350 [Debug] approval Time=5684921 Offset=63811084988360 Real=63811090673281

--------------------------------------------------------------------------------
2023-02-04 06:57:53.350 [Debug] local Time=5684921 Offset=63811084988428 Real=63811090673350

--------------------------------------------------------------------------------
2023-02-04 06:57:53.350 [Debug] real delta=68

--------------------------------------------------------------------------------
2023-02-04 06:57:53.350 [Debug] this.Statistics.Ping=0 NCPing=2

--------------------------------------------------------------------------------
2023-02-04 06:57:53.351 [Debug] Connection established to remote [00000000-0000-0000-0000-000000000000/26.82.96.248:5400].

--------------------------------------------------------------------------------
2023-02-04 06:57:53.351 [Info] Connected [00000000-0000-0000-0000-000000000000].

--------------------------------------------------------------------------------
2023-02-04 06:57:54.863 [Warn] 'Me' is null.

--------------------------------------------------------------------------------
2023-02-04 06:57:55.044 [Debug] received epp: 5686442

--------------------------------------------------------------------------------
2023-02-04 06:59:26.140 [Info] System window closing (due to user interaction most likely).

--------------------------------------------------------------------------------
2023-02-04 06:59:26.142 [Debug] StatusChanged: [NetIncomingMessage #365 10 bytes] [Disconnecting]

--------------------------------------------------------------------------------
2023-02-04 06:59:26.144 [Debug] StatusChanged: [NetIncomingMessage #366 10 bytes] [Disconnected]

--------------------------------------------------------------------------------
2023-02-04 06:59:26.144 [Debug] Connection terminated to remote [00000000-0000-0000-0000-000000000000/26.82.96.248:5400].

--------------------------------------------------------------------------------
2023-02-04 06:59:26.144 [Info] Disconnected [00000000-0000-0000-0000-000000000000].

--------------------------------------------------------------------------------
2023-02-04 06:59:26.145 [Info] Connecting to 26.82.96.248:5400...

--------------------------------------------------------------------------------
2023-02-04 06:59:26.203 [Info] Acquiring context lock... (0ms)

--------------------------------------------------------------------------------
2023-02-04 06:59:26.203 [Info] Acquired. (0ms)

--------------------------------------------------------------------------------
2023-02-04 06:59:26.203 [Info] Beginning context dispose. (0ms)

--------------------------------------------------------------------------------
2023-02-04 06:59:26.204 [Info] GC.SuppressFinalize (0ms)

--------------------------------------------------------------------------------
2023-02-04 06:59:26.204 [Info] InternalDispose() completed. (0ms)

--------------------------------------------------------------------------------
2023-02-04 06:59:26.204 [Info] Clearing instance... (0ms)

--------------------------------------------------------------------------------
2023-02-04 06:59:26.204 [Info] Releasing context lock... (0ms)

--------------------------------------------------------------------------------
2023-02-04 06:59:26.204 [Info] Released. (0ms)

--------------------------------------------------------------------------------
