2023-02-04 05:31:50.384 [Warn] Directory was specified as a plugin directory but does not exist: 'resources\plugins'

--------------------------------------------------------------------------------
2023-02-04 05:31:50.400 [Info] Discovered 0 plugins:


--------------------------------------------------------------------------------
2023-02-04 05:31:51.397 [Info] Connecting to 26.82.96.248:5400...

--------------------------------------------------------------------------------
2023-02-04 05:31:51.656 [Info] Connection approved [00000000-0000-0000-0000-000000000000].

--------------------------------------------------------------------------------
2023-02-04 05:31:51.702 [Debug] approval Time=523282 Offset=63811084988360 Real=63811085511643

--------------------------------------------------------------------------------
2023-02-04 05:31:51.702 [Debug] local Time=523282 Offset=63811084988419 Real=63811085511702

--------------------------------------------------------------------------------
2023-02-04 05:31:51.702 [Debug] real delta=59

--------------------------------------------------------------------------------
2023-02-04 05:31:51.702 [Debug] this.Statistics.Ping=0 NCPing=2

--------------------------------------------------------------------------------
2023-02-04 05:31:51.703 [Debug] Connection established to remote [00000000-0000-0000-0000-000000000000/26.82.96.248:5400].

--------------------------------------------------------------------------------
2023-02-04 05:31:51.703 [Info] Connected [00000000-0000-0000-0000-000000000000].

--------------------------------------------------------------------------------
2023-02-04 05:31:53.728 [Warn] 'Me' is null.

--------------------------------------------------------------------------------
2023-02-04 05:31:53.905 [Debug] received epp: 525326

--------------------------------------------------------------------------------
2023-02-04 05:35:04.182 [Info] System window closing (due to user interaction most likely).

--------------------------------------------------------------------------------
2023-02-04 05:35:04.184 [Debug] StatusChanged: [NetIncomingMessage #0 10 bytes] [Disconnecting]

--------------------------------------------------------------------------------
2023-02-04 05:35:04.186 [Debug] StatusChanged: [NetIncomingMessage #0 10 bytes] [Disconnected]

--------------------------------------------------------------------------------
2023-02-04 05:35:04.186 [Debug] Connection terminated to remote [00000000-0000-0000-0000-000000000000/26.82.96.248:5400].

--------------------------------------------------------------------------------
2023-02-04 05:35:04.187 [Info] Disconnected [00000000-0000-0000-0000-000000000000].

--------------------------------------------------------------------------------
2023-02-04 05:35:04.187 [Info] Connecting to 26.82.96.248:5400...

--------------------------------------------------------------------------------
2023-02-04 05:35:04.250 [Info] Acquiring context lock... (0ms)

--------------------------------------------------------------------------------
2023-02-04 05:35:04.250 [Info] Acquired. (0ms)

--------------------------------------------------------------------------------
2023-02-04 05:35:04.250 [Info] Beginning context dispose. (0ms)

--------------------------------------------------------------------------------
2023-02-04 05:35:04.250 [Info] GC.SuppressFinalize (0ms)

--------------------------------------------------------------------------------
2023-02-04 05:35:04.250 [Info] InternalDispose() completed. (0ms)

--------------------------------------------------------------------------------
2023-02-04 05:35:04.250 [Info] Clearing instance... (1ms)

--------------------------------------------------------------------------------
2023-02-04 05:35:04.250 [Info] Releasing context lock... (1ms)

--------------------------------------------------------------------------------
2023-02-04 05:35:04.250 [Info] Released. (1ms)

--------------------------------------------------------------------------------
