2023-01-28 11:09:08.616 [Warn] Directory was specified as a plugin directory but does not exist: 'resources\plugins'

--------------------------------------------------------------------------------
2023-01-28 11:09:08.621 [Info] Discovered 0 plugins:


--------------------------------------------------------------------------------
2023-01-28 11:09:09.263 [Info] Connecting to 26.82.96.248:5400...

--------------------------------------------------------------------------------
2023-01-28 11:09:09.569 [Info] Connection approved [00000000-0000-0000-0000-000000000000].

--------------------------------------------------------------------------------
2023-01-28 11:09:09.608 [Debug] approval Time=2857674 Offset=63810498091886 Real=63810500949561

--------------------------------------------------------------------------------
2023-01-28 11:09:09.608 [Debug] local Time=2857674 Offset=63810498091933 Real=63810500949608

--------------------------------------------------------------------------------
2023-01-28 11:09:09.608 [Debug] real delta=46

--------------------------------------------------------------------------------
2023-01-28 11:09:09.608 [Debug] this.Statistics.Ping=0 NCPing=4

--------------------------------------------------------------------------------
2023-01-28 11:09:09.609 [Debug] Connection established to remote [00000000-0000-0000-0000-000000000000/26.82.96.248:5400].

--------------------------------------------------------------------------------
2023-01-28 11:09:09.613 [Info] Connected [00000000-0000-0000-0000-000000000000].

--------------------------------------------------------------------------------
2023-01-28 11:09:12.051 [Warn] 'Me' is null.

--------------------------------------------------------------------------------
2023-01-28 11:09:12.243 [Debug] received epp: 2860098

--------------------------------------------------------------------------------
2023-01-28 11:12:10.551 [Debug] StatusChanged: [NetIncomingMessage #0 10 bytes] [Disconnected]

--------------------------------------------------------------------------------
2023-01-28 11:12:10.552 [Debug] Connection terminated to remote [00000000-0000-0000-0000-000000000000/26.82.96.248:5400].

--------------------------------------------------------------------------------
2023-01-28 11:12:10.552 [Info] Disconnected [00000000-0000-0000-0000-000000000000].

--------------------------------------------------------------------------------
2023-01-28 11:12:10.553 [Info] Connecting to 26.82.96.248:5400...

--------------------------------------------------------------------------------
2023-01-28 11:12:10.690 [Info] Connection approved [00000000-0000-0000-0000-000000000000].

--------------------------------------------------------------------------------
2023-01-28 11:12:10.690 [Debug] approval Time=3038802 Offset=63810498091886 Real=63810501130689

--------------------------------------------------------------------------------
2023-01-28 11:12:10.690 [Debug] local Time=3038802 Offset=63810498091887 Real=63810501130690

--------------------------------------------------------------------------------
2023-01-28 11:12:10.690 [Debug] real delta=0

--------------------------------------------------------------------------------
2023-01-28 11:12:10.690 [Debug] this.Statistics.Ping=0 NCPing=0

--------------------------------------------------------------------------------
2023-01-28 11:12:10.690 [Debug] Connection established to remote [00000000-0000-0000-0000-000000000000/26.82.96.248:5400].

--------------------------------------------------------------------------------
2023-01-28 11:12:10.690 [Info] Connected [00000000-0000-0000-0000-000000000000].

--------------------------------------------------------------------------------
2023-01-28 11:29:22.245 [Warn] 'Me' is null.

--------------------------------------------------------------------------------
2023-01-28 11:29:22.246 [Debug] received epp: 4070343

--------------------------------------------------------------------------------
2023-01-28 11:29:22.269 [Warn] 'GameUi' is null.

--------------------------------------------------------------------------------
2023-01-28 11:29:22.271 [Warn] 'GameUi' is null.

--------------------------------------------------------------------------------
2023-01-28 11:43:51.989 [Info] System window closing (due to user interaction most likely).

--------------------------------------------------------------------------------
2023-01-28 11:43:51.990 [Debug] StatusChanged: [NetIncomingMessage #104 10 bytes] [Disconnecting]

--------------------------------------------------------------------------------
2023-01-28 11:43:51.993 [Debug] StatusChanged: [NetIncomingMessage #0 14 bytes] [Disconnected]

--------------------------------------------------------------------------------
2023-01-28 11:43:52.040 [Info] Acquiring context lock... (0ms)

--------------------------------------------------------------------------------
2023-01-28 11:43:52.040 [Info] Acquired. (0ms)

--------------------------------------------------------------------------------
2023-01-28 11:43:52.041 [Info] Beginning context dispose. (0ms)

--------------------------------------------------------------------------------
2023-01-28 11:43:52.041 [Info] GC.SuppressFinalize (0ms)

--------------------------------------------------------------------------------
2023-01-28 11:43:52.041 [Info] InternalDispose() completed. (0ms)

--------------------------------------------------------------------------------
2023-01-28 11:43:52.041 [Info] Clearing instance... (1ms)

--------------------------------------------------------------------------------
2023-01-28 11:43:52.041 [Info] Releasing context lock... (1ms)

--------------------------------------------------------------------------------
2023-01-28 11:43:52.041 [Info] Released. (1ms)

--------------------------------------------------------------------------------
