2023-02-04 07:41:27.788 [Warn] Directory was specified as a plugin directory but does not exist: 'resources\plugins'

--------------------------------------------------------------------------------
2023-02-04 07:41:27.793 [Info] Discovered 0 plugins:


--------------------------------------------------------------------------------
2023-02-04 07:41:28.443 [Info] Connecting to 26.82.96.248:5400...

--------------------------------------------------------------------------------
2023-02-04 07:41:28.737 [Info] Connection approved [00000000-0000-0000-0000-000000000000].

--------------------------------------------------------------------------------
2023-02-04 07:41:28.785 [Debug] approval Time=8300359 Offset=63811084988360 Real=63811093288719

--------------------------------------------------------------------------------
2023-02-04 07:41:28.785 [Debug] local Time=8300359 Offset=63811084988426 Real=63811093288785

--------------------------------------------------------------------------------
2023-02-04 07:41:28.785 [Debug] real delta=66

--------------------------------------------------------------------------------
2023-02-04 07:41:28.785 [Debug] this.Statistics.Ping=0 NCPing=0

--------------------------------------------------------------------------------
2023-02-04 07:41:28.786 [Debug] Connection established to remote [00000000-0000-0000-0000-000000000000/26.82.96.248:5400].

--------------------------------------------------------------------------------
2023-02-04 07:41:28.786 [Info] Connected [00000000-0000-0000-0000-000000000000].

--------------------------------------------------------------------------------
2023-02-04 07:41:30.444 [Warn] 'Me' is null.

--------------------------------------------------------------------------------
2023-02-04 07:41:30.646 [Debug] received epp: 8302020

--------------------------------------------------------------------------------
2023-02-04 07:41:32.978 [Debug] received epp: 8304611

--------------------------------------------------------------------------------
2023-02-04 07:44:46.524 [Debug] StatusChanged: [NetIncomingMessage #938 10 bytes] [Disconnected]

--------------------------------------------------------------------------------
2023-02-04 07:44:46.524 [Debug] Connection terminated to remote [00000000-0000-0000-0000-000000000000/26.82.96.248:5400].

--------------------------------------------------------------------------------
2023-02-04 07:44:46.525 [Info] Disconnected [00000000-0000-0000-0000-000000000000].

--------------------------------------------------------------------------------
2023-02-04 07:44:46.528 [Info] Connecting to 26.82.96.248:5400...

--------------------------------------------------------------------------------
2023-02-04 07:44:46.676 [Info] Connection approved [00000000-0000-0000-0000-000000000000].

--------------------------------------------------------------------------------
2023-02-04 07:44:46.677 [Debug] approval Time=8498300 Offset=63811084988360 Real=63811093486660

--------------------------------------------------------------------------------
2023-02-04 07:44:46.677 [Debug] local Time=8498300 Offset=63811084988377 Real=63811093486677

--------------------------------------------------------------------------------
2023-02-04 07:44:46.677 [Debug] real delta=16

--------------------------------------------------------------------------------
2023-02-04 07:44:46.677 [Debug] this.Statistics.Ping=0 NCPing=0

--------------------------------------------------------------------------------
2023-02-04 07:44:46.677 [Debug] Connection established to remote [00000000-0000-0000-0000-000000000000/26.82.96.248:5400].

--------------------------------------------------------------------------------
2023-02-04 07:44:46.677 [Info] Connected [00000000-0000-0000-0000-000000000000].

--------------------------------------------------------------------------------
2023-02-04 07:45:21.220 [Info] System window closing (due to user interaction most likely).

--------------------------------------------------------------------------------
2023-02-04 07:45:21.222 [Debug] StatusChanged: [NetIncomingMessage #0 10 bytes] [Disconnecting]

--------------------------------------------------------------------------------
2023-02-04 07:45:21.225 [Debug] StatusChanged: [NetIncomingMessage #0 14 bytes] [Disconnected]

--------------------------------------------------------------------------------
2023-02-04 07:45:21.262 [Info] Acquiring context lock... (0ms)

--------------------------------------------------------------------------------
2023-02-04 07:45:21.262 [Info] Acquired. (0ms)

--------------------------------------------------------------------------------
2023-02-04 07:45:21.263 [Info] Beginning context dispose. (0ms)

--------------------------------------------------------------------------------
2023-02-04 07:45:21.263 [Info] GC.SuppressFinalize (0ms)

--------------------------------------------------------------------------------
2023-02-04 07:45:21.263 [Info] InternalDispose() completed. (0ms)

--------------------------------------------------------------------------------
2023-02-04 07:45:21.263 [Info] Clearing instance... (0ms)

--------------------------------------------------------------------------------
2023-02-04 07:45:21.263 [Info] Releasing context lock... (0ms)

--------------------------------------------------------------------------------
2023-02-04 07:45:21.263 [Info] Released. (0ms)

--------------------------------------------------------------------------------
