2023-02-04 06:56:48.829 [Warn] Directory was specified as a plugin directory but does not exist: 'resources\plugins'

--------------------------------------------------------------------------------
2023-02-04 06:56:48.834 [Info] Discovered 0 plugins:


--------------------------------------------------------------------------------
2023-02-04 06:56:49.723 [Info] Connecting to 26.82.96.248:5400...

--------------------------------------------------------------------------------
2023-02-04 06:56:49.972 [Info] Connection approved [00000000-0000-0000-0000-000000000000].

--------------------------------------------------------------------------------
2023-02-04 06:56:50.012 [Debug] approval Time=5621591 Offset=63811084988360 Real=63811090609951

--------------------------------------------------------------------------------
2023-02-04 06:56:50.012 [Debug] local Time=5621591 Offset=63811084988420 Real=63811090610012

--------------------------------------------------------------------------------
2023-02-04 06:56:50.012 [Debug] real delta=60

--------------------------------------------------------------------------------
2023-02-04 06:56:50.012 [Debug] this.Statistics.Ping=0 NCPing=2

--------------------------------------------------------------------------------
2023-02-04 06:56:50.013 [Debug] Connection established to remote [00000000-0000-0000-0000-000000000000/26.82.96.248:5400].

--------------------------------------------------------------------------------
2023-02-04 06:56:50.013 [Info] Connected [00000000-0000-0000-0000-000000000000].

--------------------------------------------------------------------------------
2023-02-04 06:56:51.947 [Warn] 'Me' is null.

--------------------------------------------------------------------------------
2023-02-04 06:56:52.125 [Debug] received epp: 5623520

--------------------------------------------------------------------------------
2023-02-04 06:57:54.772 [Debug] StatusChanged: [NetIncomingMessage #985 10 bytes] [Disconnected]

--------------------------------------------------------------------------------
2023-02-04 06:57:54.772 [Debug] Connection terminated to remote [00000000-0000-0000-0000-000000000000/26.82.96.248:5400].

--------------------------------------------------------------------------------
2023-02-04 06:57:54.772 [Info] Disconnected [00000000-0000-0000-0000-000000000000].

--------------------------------------------------------------------------------
2023-02-04 06:57:54.774 [Info] Connecting to 26.82.96.248:5400...

--------------------------------------------------------------------------------
2023-02-04 06:57:54.916 [Info] Connection approved [00000000-0000-0000-0000-000000000000].

--------------------------------------------------------------------------------
2023-02-04 06:57:54.917 [Debug] approval Time=5686540 Offset=63811084988360 Real=63811090674901

--------------------------------------------------------------------------------
2023-02-04 06:57:54.917 [Debug] local Time=5686540 Offset=63811084988377 Real=63811090674917

--------------------------------------------------------------------------------
2023-02-04 06:57:54.917 [Debug] real delta=16

--------------------------------------------------------------------------------
2023-02-04 06:57:54.917 [Debug] this.Statistics.Ping=0 NCPing=0

--------------------------------------------------------------------------------
2023-02-04 06:57:54.917 [Debug] Connection established to remote [00000000-0000-0000-0000-000000000000/26.82.96.248:5400].

--------------------------------------------------------------------------------
2023-02-04 06:57:54.917 [Info] Connected [00000000-0000-0000-0000-000000000000].

--------------------------------------------------------------------------------
2023-02-04 06:58:15.973 [Info] System window closing (due to user interaction most likely).

--------------------------------------------------------------------------------
2023-02-04 06:58:15.973 [Debug] StatusChanged: [NetIncomingMessage #0 10 bytes] [Disconnecting]

--------------------------------------------------------------------------------
2023-02-04 06:58:15.977 [Debug] StatusChanged: [NetIncomingMessage #0 14 bytes] [Disconnected]

--------------------------------------------------------------------------------
2023-02-04 06:58:16.016 [Info] Acquiring context lock... (0ms)

--------------------------------------------------------------------------------
2023-02-04 06:58:16.016 [Info] Acquired. (0ms)

--------------------------------------------------------------------------------
2023-02-04 06:58:16.016 [Info] Beginning context dispose. (0ms)

--------------------------------------------------------------------------------
2023-02-04 06:58:16.016 [Info] GC.SuppressFinalize (0ms)

--------------------------------------------------------------------------------
2023-02-04 06:58:16.017 [Info] InternalDispose() completed. (0ms)

--------------------------------------------------------------------------------
2023-02-04 06:58:16.017 [Info] Clearing instance... (0ms)

--------------------------------------------------------------------------------
2023-02-04 06:58:16.017 [Info] Releasing context lock... (0ms)

--------------------------------------------------------------------------------
2023-02-04 06:58:16.017 [Info] Released. (0ms)

--------------------------------------------------------------------------------
