2023-01-30 13:58:35.175 [Warn] Directory was specified as a plugin directory but does not exist: 'resources\plugins'

--------------------------------------------------------------------------------
2023-01-30 13:58:35.179 [Info] Discovered 0 plugins:


--------------------------------------------------------------------------------
2023-01-30 13:58:35.797 [Info] Connecting to 26.82.96.248:5400...

--------------------------------------------------------------------------------
2023-01-30 13:58:36.265 [Info] Connection approved [00000000-0000-0000-0000-000000000000].

--------------------------------------------------------------------------------
2023-01-30 13:58:36.312 [Debug] approval Time=3532 Offset=63810683912665 Real=63810683916197

--------------------------------------------------------------------------------
2023-01-30 13:58:36.312 [Debug] local Time=3532 Offset=63810683912778 Real=63810683916310

--------------------------------------------------------------------------------
2023-01-30 13:58:36.312 [Debug] real delta=112

--------------------------------------------------------------------------------
2023-01-30 13:58:36.312 [Debug] this.Statistics.Ping=0 NCPing=2

--------------------------------------------------------------------------------
2023-01-30 13:58:36.313 [Debug] Connection established to remote [00000000-0000-0000-0000-000000000000/26.82.96.248:5400].

--------------------------------------------------------------------------------
2023-01-30 13:58:36.313 [Info] Connected [00000000-0000-0000-0000-000000000000].

--------------------------------------------------------------------------------
2023-01-30 13:58:39.628 [Warn] 'Me' is null.

--------------------------------------------------------------------------------
2023-01-30 13:58:39.811 [Debug] received epp: 7018

--------------------------------------------------------------------------------
2023-01-30 13:58:56.458 [Info] System window closing (due to user interaction most likely).

--------------------------------------------------------------------------------
2023-01-30 13:58:56.460 [Debug] StatusChanged: [NetIncomingMessage #196 10 bytes] [Disconnecting]

--------------------------------------------------------------------------------
2023-01-30 13:58:56.464 [Debug] StatusChanged: [NetIncomingMessage #197 14 bytes] [Disconnected]

--------------------------------------------------------------------------------
2023-01-30 13:58:56.505 [Info] Acquiring context lock... (0ms)

--------------------------------------------------------------------------------
2023-01-30 13:58:56.505 [Info] Acquired. (0ms)

--------------------------------------------------------------------------------
2023-01-30 13:58:56.506 [Info] Beginning context dispose. (0ms)

--------------------------------------------------------------------------------
2023-01-30 13:58:56.506 [Info] GC.SuppressFinalize (0ms)

--------------------------------------------------------------------------------
2023-01-30 13:58:56.506 [Info] InternalDispose() completed. (0ms)

--------------------------------------------------------------------------------
2023-01-30 13:58:56.506 [Info] Clearing instance... (0ms)

--------------------------------------------------------------------------------
2023-01-30 13:58:56.506 [Info] Releasing context lock... (0ms)

--------------------------------------------------------------------------------
2023-01-30 13:58:56.506 [Info] Released. (0ms)

--------------------------------------------------------------------------------
