2023-01-30 17:23:39.674 [Info] Connecting to 26.82.96.248:5400...

--------------------------------------------------------------------------------
2023-01-30 17:23:52.301 [Info] Connection approved [00000000-0000-0000-0000-000000000000].

--------------------------------------------------------------------------------
2023-01-30 17:23:52.337 [Debug] approval Time=2817 Offset=63810696229430 Real=63810696232248

--------------------------------------------------------------------------------
2023-01-30 17:23:52.337 [Debug] local Time=2818 Offset=63810696229519 Real=63810696232337

--------------------------------------------------------------------------------
2023-01-30 17:23:52.342 [Debug] real delta=89

--------------------------------------------------------------------------------
2023-01-30 17:23:52.342 [Debug] this.Statistics.Ping=0 NCPing=1

--------------------------------------------------------------------------------
2023-01-30 17:23:52.344 [Debug] Connection established to remote [00000000-0000-0000-0000-000000000000/26.82.96.248:5400].

--------------------------------------------------------------------------------
2023-01-30 17:23:52.344 [Info] Connected [00000000-0000-0000-0000-000000000000].

--------------------------------------------------------------------------------
2023-01-30 17:27:38.079 [Debug] StatusChanged: [NetIncomingMessage #0 10 bytes] [Disconnecting]

--------------------------------------------------------------------------------
2023-01-30 17:27:38.118 [Debug] StatusChanged: [NetIncomingMessage #0 10 bytes] [Disconnected]

--------------------------------------------------------------------------------
2023-01-30 17:27:38.118 [Debug] Connection terminated to remote [00000000-0000-0000-0000-000000000000/26.82.96.248:5400].

--------------------------------------------------------------------------------
2023-01-30 17:27:38.118 [Info] Disconnected [00000000-0000-0000-0000-000000000000].

--------------------------------------------------------------------------------
