2023-01-24 05:51:41.785 [Info] Connecting to 26.82.96.248:5400...

--------------------------------------------------------------------------------
2023-01-24 05:51:42.138 [Info] Connection approved [00000000-0000-0000-0000-000000000000].

--------------------------------------------------------------------------------
2023-01-24 05:51:42.189 [Debug] approval Time=3753444 Offset=63810132548683 Real=63810136302128

--------------------------------------------------------------------------------
2023-01-24 05:51:42.189 [Debug] local Time=3753444 Offset=63810132548744 Real=63810136302189

--------------------------------------------------------------------------------
2023-01-24 05:51:42.195 [Debug] real delta=61

--------------------------------------------------------------------------------
2023-01-24 05:51:42.195 [Debug] this.Statistics.Ping=0 NCPing=1

--------------------------------------------------------------------------------
2023-01-24 05:51:42.197 [Debug] Connection established to remote [00000000-0000-0000-0000-000000000000/26.82.96.248:5400].

--------------------------------------------------------------------------------
2023-01-24 05:51:42.197 [Info] Connected [00000000-0000-0000-0000-000000000000].

--------------------------------------------------------------------------------
2023-01-24 06:51:50.232 [Debug] StatusChanged: [NetIncomingMessage #0 10 bytes] [Disconnecting]

--------------------------------------------------------------------------------
2023-01-24 06:51:50.299 [Debug] StatusChanged: [NetIncomingMessage #0 10 bytes] [Disconnected]

--------------------------------------------------------------------------------
2023-01-24 06:51:50.299 [Debug] Connection terminated to remote [00000000-0000-0000-0000-000000000000/26.82.96.248:5400].

--------------------------------------------------------------------------------
2023-01-24 06:51:50.300 [Info] Disconnected [00000000-0000-0000-0000-000000000000].

--------------------------------------------------------------------------------
