2023-02-04 07:00:48.822 [Warn] Directory was specified as a plugin directory but does not exist: 'resources\plugins'

--------------------------------------------------------------------------------
2023-02-04 07:00:48.827 [Info] Discovered 0 plugins:


--------------------------------------------------------------------------------
2023-02-04 07:00:49.624 [Info] Connecting to 26.82.96.248:5400...

--------------------------------------------------------------------------------
2023-02-04 07:00:49.883 [Info] Connection approved [00000000-0000-0000-0000-000000000000].

--------------------------------------------------------------------------------
2023-02-04 07:00:49.928 [Debug] approval Time=5861501 Offset=63811084988360 Real=63811090849862

--------------------------------------------------------------------------------
2023-02-04 07:00:49.928 [Debug] local Time=5861501 Offset=63811084988426 Real=63811090849928

--------------------------------------------------------------------------------
2023-02-04 07:00:49.928 [Debug] real delta=65

--------------------------------------------------------------------------------
2023-02-04 07:00:49.928 [Debug] this.Statistics.Ping=0 NCPing=1

--------------------------------------------------------------------------------
2023-02-04 07:00:49.930 [Debug] Connection established to remote [00000000-0000-0000-0000-000000000000/26.82.96.248:5400].

--------------------------------------------------------------------------------
2023-02-04 07:00:49.930 [Info] Connected [00000000-0000-0000-0000-000000000000].

--------------------------------------------------------------------------------
2023-02-04 07:00:59.766 [Warn] 'Me' is null.

--------------------------------------------------------------------------------
2023-02-04 07:00:59.945 [Debug] received epp: 5871349

--------------------------------------------------------------------------------
2023-02-04 07:01:04.697 [Info] System window closing (due to user interaction most likely).

--------------------------------------------------------------------------------
2023-02-04 07:01:04.698 [Debug] StatusChanged: [NetIncomingMessage #92 10 bytes] [Disconnecting]

--------------------------------------------------------------------------------
2023-02-04 07:01:04.705 [Debug] StatusChanged: [NetIncomingMessage #93 14 bytes] [Disconnected]

--------------------------------------------------------------------------------
2023-02-04 07:01:04.755 [Info] Acquiring context lock... (0ms)

--------------------------------------------------------------------------------
2023-02-04 07:01:04.755 [Info] Acquired. (0ms)

--------------------------------------------------------------------------------
2023-02-04 07:01:04.755 [Info] Beginning context dispose. (0ms)

--------------------------------------------------------------------------------
2023-02-04 07:01:04.755 [Info] GC.SuppressFinalize (0ms)

--------------------------------------------------------------------------------
2023-02-04 07:01:04.755 [Info] InternalDispose() completed. (0ms)

--------------------------------------------------------------------------------
2023-02-04 07:01:04.755 [Info] Clearing instance... (0ms)

--------------------------------------------------------------------------------
2023-02-04 07:01:04.755 [Info] Releasing context lock... (0ms)

--------------------------------------------------------------------------------
2023-02-04 07:01:04.755 [Info] Released. (1ms)

--------------------------------------------------------------------------------
