2023-02-04 06:48:05.488 [Warn] Directory was specified as a plugin directory but does not exist: 'resources\plugins'

--------------------------------------------------------------------------------
2023-02-04 06:48:05.488 [Info] Discovered 0 plugins:


--------------------------------------------------------------------------------
2023-02-04 06:48:06.516 [Info] Connecting to 26.82.96.248:5400...

--------------------------------------------------------------------------------
2023-02-04 06:48:06.790 [Info] Connection approved [00000000-0000-0000-0000-000000000000].

--------------------------------------------------------------------------------
2023-02-04 06:48:06.828 [Debug] approval Time=5098408 Offset=63811084988360 Real=63811090086768

--------------------------------------------------------------------------------
2023-02-04 06:48:06.829 [Debug] local Time=5098408 Offset=63811084988420 Real=63811090086828

--------------------------------------------------------------------------------
2023-02-04 06:48:06.829 [Debug] real delta=59

--------------------------------------------------------------------------------
2023-02-04 06:48:06.829 [Debug] this.Statistics.Ping=0 NCPing=2

--------------------------------------------------------------------------------
2023-02-04 06:48:06.830 [Debug] Connection established to remote [00000000-0000-0000-0000-000000000000/26.82.96.248:5400].

--------------------------------------------------------------------------------
2023-02-04 06:48:06.830 [Info] Connected [00000000-0000-0000-0000-000000000000].

--------------------------------------------------------------------------------
2023-02-04 06:48:08.385 [Warn] 'Me' is null.

--------------------------------------------------------------------------------
2023-02-04 06:48:08.560 [Debug] received epp: 5099967

--------------------------------------------------------------------------------
2023-02-04 06:48:19.770 [Info] System window closing (due to user interaction most likely).

--------------------------------------------------------------------------------
2023-02-04 06:48:19.771 [Debug] StatusChanged: [NetIncomingMessage #203 10 bytes] [Disconnecting]

--------------------------------------------------------------------------------
2023-02-04 06:48:19.774 [Debug] StatusChanged: [NetIncomingMessage #204 14 bytes] [Disconnected]

--------------------------------------------------------------------------------
2023-02-04 06:48:19.840 [Info] Acquiring context lock... (0ms)

--------------------------------------------------------------------------------
2023-02-04 06:48:19.840 [Info] Acquired. (0ms)

--------------------------------------------------------------------------------
2023-02-04 06:48:19.841 [Info] Beginning context dispose. (0ms)

--------------------------------------------------------------------------------
2023-02-04 06:48:19.841 [Info] GC.SuppressFinalize (0ms)

--------------------------------------------------------------------------------
2023-02-04 06:48:19.841 [Info] InternalDispose() completed. (0ms)

--------------------------------------------------------------------------------
2023-02-04 06:48:19.841 [Info] Clearing instance... (1ms)

--------------------------------------------------------------------------------
2023-02-04 06:48:19.841 [Info] Releasing context lock... (1ms)

--------------------------------------------------------------------------------
2023-02-04 06:48:19.841 [Info] Released. (1ms)

--------------------------------------------------------------------------------
