2023-01-30 16:57:58.898 [Info] Connecting to 26.82.96.248:5400...

--------------------------------------------------------------------------------
2023-01-30 16:57:59.202 [Info] Connection approved [00000000-0000-0000-0000-000000000000].

--------------------------------------------------------------------------------
2023-01-30 16:57:59.243 [Debug] approval Time=8153837 Offset=63810686525344 Real=63810694679182

--------------------------------------------------------------------------------
2023-01-30 16:57:59.243 [Debug] local Time=8153837 Offset=63810686525406 Real=63810694679243

--------------------------------------------------------------------------------
2023-01-30 16:57:59.249 [Debug] real delta=61

--------------------------------------------------------------------------------
2023-01-30 16:57:59.249 [Debug] this.Statistics.Ping=0 NCPing=0

--------------------------------------------------------------------------------
2023-01-30 16:57:59.250 [Debug] Connection established to remote [00000000-0000-0000-0000-000000000000/26.82.96.248:5400].

--------------------------------------------------------------------------------
2023-01-30 16:57:59.250 [Info] Connected [00000000-0000-0000-0000-000000000000].

--------------------------------------------------------------------------------
2023-01-30 17:17:35.691 [Debug] StatusChanged: [NetIncomingMessage #0 14 bytes] [Disconnected]

--------------------------------------------------------------------------------
2023-01-30 17:17:35.692 [Debug] Connection terminated to remote [00000000-0000-0000-0000-000000000000/26.82.96.248:5400].

--------------------------------------------------------------------------------
2023-01-30 17:17:35.692 [Info] Disconnected [00000000-0000-0000-0000-000000000000].

--------------------------------------------------------------------------------
