2022-12-14 03:34:55.682 [Info] Connecting to 127.0.0.1:5400...

--------------------------------------------------------------------------------
2022-12-14 03:34:56.147 [Info] Connection approved [00000000-0000-0000-0000-000000000000].

--------------------------------------------------------------------------------
2022-12-14 03:34:56.208 [Debug] approval Time=28859 Offset=63806585667269 Real=63806585696128

--------------------------------------------------------------------------------
2022-12-14 03:34:56.208 [Debug] local Time=28859 Offset=63806585667349 Real=63806585696208

--------------------------------------------------------------------------------
2022-12-14 03:34:56.214 [Debug] real delta=79

--------------------------------------------------------------------------------
2022-12-14 03:34:56.214 [Debug] this.Statistics.Ping=0 NCPing=3

--------------------------------------------------------------------------------
2022-12-14 03:34:56.216 [Debug] Connection established to remote [00000000-0000-0000-0000-000000000000/127.0.0.1:5400].

--------------------------------------------------------------------------------
2022-12-14 03:34:56.216 [Info] Connected [00000000-0000-0000-0000-000000000000].

--------------------------------------------------------------------------------
2022-12-14 03:37:25.963 [Debug] StatusChanged: [NetIncomingMessage #0 14 bytes] [Disconnected]

--------------------------------------------------------------------------------
2022-12-14 03:37:25.963 [Debug] Connection terminated to remote [00000000-0000-0000-0000-000000000000/127.0.0.1:5400].

--------------------------------------------------------------------------------
2022-12-14 03:37:25.964 [Info] Disconnected [00000000-0000-0000-0000-000000000000].

--------------------------------------------------------------------------------
