2023-02-01 13:20:46.738 [Warn] Directory was specified as a plugin directory but does not exist: 'resources\plugins'

--------------------------------------------------------------------------------
2023-02-01 13:20:46.742 [Info] Discovered 0 plugins:


--------------------------------------------------------------------------------
2023-02-01 13:20:47.346 [Info] Connecting to 26.82.96.248:5400...

--------------------------------------------------------------------------------
2023-02-01 13:20:47.617 [Info] Connection approved [00000000-0000-0000-0000-000000000000].

--------------------------------------------------------------------------------
2023-02-01 13:20:47.664 [Debug] approval Time=35108396 Offset=63810819339199 Real=63810854447596

--------------------------------------------------------------------------------
2023-02-01 13:20:47.664 [Debug] local Time=35108396 Offset=63810819339267 Real=63810854447664

--------------------------------------------------------------------------------
2023-02-01 13:20:47.664 [Debug] real delta=67

--------------------------------------------------------------------------------
2023-02-01 13:20:47.664 [Debug] this.Statistics.Ping=0 NCPing=2

--------------------------------------------------------------------------------
2023-02-01 13:20:47.666 [Debug] Connection established to remote [00000000-0000-0000-0000-000000000000/26.82.96.248:5400].

--------------------------------------------------------------------------------
2023-02-01 13:20:47.666 [Info] Connected [00000000-0000-0000-0000-000000000000].

--------------------------------------------------------------------------------
2023-02-01 13:21:25.234 [Info] System window closing (due to user interaction most likely).

--------------------------------------------------------------------------------
2023-02-01 13:21:25.236 [Debug] StatusChanged: [NetIncomingMessage #0 10 bytes] [Disconnecting]

--------------------------------------------------------------------------------
2023-02-01 13:21:25.237 [Debug] StatusChanged: [NetIncomingMessage #0 10 bytes] [Disconnected]

--------------------------------------------------------------------------------
2023-02-01 13:21:25.237 [Debug] Connection terminated to remote [00000000-0000-0000-0000-000000000000/26.82.96.248:5400].

--------------------------------------------------------------------------------
2023-02-01 13:21:25.237 [Info] Disconnected [00000000-0000-0000-0000-000000000000].

--------------------------------------------------------------------------------
2023-02-01 13:21:25.238 [Info] Connecting to 26.82.96.248:5400...

--------------------------------------------------------------------------------
2023-02-01 13:21:25.267 [Info] Acquiring context lock... (0ms)

--------------------------------------------------------------------------------
2023-02-01 13:21:25.267 [Info] Acquired. (0ms)

--------------------------------------------------------------------------------
2023-02-01 13:21:25.267 [Info] Beginning context dispose. (0ms)

--------------------------------------------------------------------------------
2023-02-01 13:21:25.268 [Info] GC.SuppressFinalize (0ms)

--------------------------------------------------------------------------------
2023-02-01 13:21:25.268 [Info] InternalDispose() completed. (0ms)

--------------------------------------------------------------------------------
2023-02-01 13:21:25.268 [Info] Clearing instance... (0ms)

--------------------------------------------------------------------------------
2023-02-01 13:21:25.268 [Info] Releasing context lock... (0ms)

--------------------------------------------------------------------------------
2023-02-01 13:21:25.268 [Info] Released. (0ms)

--------------------------------------------------------------------------------
