2022-12-14 09:28:30.820 [Warn] Directory was specified as a plugin directory but does not exist: 'resources\plugins'

--------------------------------------------------------------------------------
2022-12-14 09:28:30.824 [Info] Discovered 0 plugins:


--------------------------------------------------------------------------------
2022-12-14 09:28:31.611 [Info] Connecting to 127.0.0.1:5400...

--------------------------------------------------------------------------------
2022-12-14 09:28:31.876 [Info] Connection approved [00000000-0000-0000-0000-000000000000].

--------------------------------------------------------------------------------
2022-12-14 09:28:31.924 [Debug] approval Time=4086772 Offset=63806602825084 Real=63806606911856

--------------------------------------------------------------------------------
2022-12-14 09:28:31.924 [Debug] local Time=4086772 Offset=63806602825152 Real=63806606911924

--------------------------------------------------------------------------------
2022-12-14 09:28:31.924 [Debug] real delta=68

--------------------------------------------------------------------------------
2022-12-14 09:28:31.924 [Debug] this.Statistics.Ping=0 NCPing=2

--------------------------------------------------------------------------------
2022-12-14 09:28:31.926 [Debug] Connection established to remote [00000000-0000-0000-0000-000000000000/127.0.0.1:5400].

--------------------------------------------------------------------------------
2022-12-14 09:28:31.926 [Info] Connected [00000000-0000-0000-0000-000000000000].

--------------------------------------------------------------------------------
2022-12-14 09:28:34.817 [Warn] 'Me' is null.

--------------------------------------------------------------------------------
2022-12-14 09:28:34.987 [Debug] received epp: 4089681

--------------------------------------------------------------------------------
2022-12-14 09:31:04.405 [Info] System window closing (due to user interaction most likely).

--------------------------------------------------------------------------------
2022-12-14 09:31:04.407 [Debug] StatusChanged: [NetIncomingMessage #33 10 bytes] [Disconnecting]

--------------------------------------------------------------------------------
2022-12-14 09:31:04.411 [Debug] StatusChanged: [NetIncomingMessage #0 14 bytes] [Disconnected]

--------------------------------------------------------------------------------
2022-12-14 09:31:04.468 [Info] Acquiring context lock... (0ms)

--------------------------------------------------------------------------------
2022-12-14 09:31:04.468 [Info] Acquired. (0ms)

--------------------------------------------------------------------------------
2022-12-14 09:31:04.469 [Info] Beginning context dispose. (0ms)

--------------------------------------------------------------------------------
2022-12-14 09:31:04.469 [Info] GC.SuppressFinalize (0ms)

--------------------------------------------------------------------------------
2022-12-14 09:31:04.469 [Info] InternalDispose() completed. (0ms)

--------------------------------------------------------------------------------
2022-12-14 09:31:04.469 [Info] Clearing instance... (0ms)

--------------------------------------------------------------------------------
2022-12-14 09:31:04.469 [Info] Releasing context lock... (0ms)

--------------------------------------------------------------------------------
2022-12-14 09:31:04.469 [Info] Released. (0ms)

--------------------------------------------------------------------------------
