2023-01-28 15:16:07.487 [Warn] Directory was specified as a plugin directory but does not exist: 'resources\plugins'

--------------------------------------------------------------------------------
2023-01-28 15:16:07.583 [Info] Discovered 0 plugins:


--------------------------------------------------------------------------------
2023-01-28 15:16:09.810 [Info] Connecting to 26.82.96.248:5400...

--------------------------------------------------------------------------------
2023-01-28 15:16:10.679 [Info] Connection approved [00000000-0000-0000-0000-000000000000].

--------------------------------------------------------------------------------
2023-01-28 15:16:10.839 [Debug] approval Time=4741651 Offset=63810511030330 Real=63810515771981

--------------------------------------------------------------------------------
2023-01-28 15:16:10.839 [Debug] local Time=4741651 Offset=63810511029188 Real=63810515770839

--------------------------------------------------------------------------------
2023-01-28 15:16:10.839 [Debug] real delta=-1142

--------------------------------------------------------------------------------
2023-01-28 15:16:10.840 [Debug] this.Statistics.Ping=0 NCPing=26

--------------------------------------------------------------------------------
2023-01-28 15:16:10.844 [Debug] Connection established to remote [00000000-0000-0000-0000-000000000000/26.82.96.248:5400].

--------------------------------------------------------------------------------
2023-01-28 15:16:10.844 [Info] Connected [00000000-0000-0000-0000-000000000000].

--------------------------------------------------------------------------------
2023-01-28 15:16:23.989 [Warn] 'Me' is null.

--------------------------------------------------------------------------------
2023-01-28 15:16:24.588 [Debug] received epp: 4754843

--------------------------------------------------------------------------------
2023-01-28 15:17:25.520 [Debug] received epp: 4816478

--------------------------------------------------------------------------------
2023-01-28 15:17:25.602 [Debug] received epp: 4816576

--------------------------------------------------------------------------------
2023-01-28 15:17:27.185 [Debug] received epp: 4818148

--------------------------------------------------------------------------------
2023-01-28 15:17:32.917 [Debug] received epp: 4823884

--------------------------------------------------------------------------------
2023-01-28 15:17:37.148 [Debug] received epp: 4828123

--------------------------------------------------------------------------------
2023-01-28 15:17:45.779 [Debug] received epp: 4836730

--------------------------------------------------------------------------------
2023-01-28 15:17:48.528 [Debug] received epp: 4839494

--------------------------------------------------------------------------------
2023-01-28 15:17:49.694 [Debug] received epp: 4840684

--------------------------------------------------------------------------------
2023-01-28 15:19:23.392 [Info] System window closing (due to user interaction most likely).

--------------------------------------------------------------------------------
2023-01-28 15:19:23.395 [Debug] StatusChanged: [NetIncomingMessage #819 10 bytes] [Disconnecting]

--------------------------------------------------------------------------------
2023-01-28 15:19:23.401 [Debug] StatusChanged: [NetIncomingMessage #820 10 bytes] [Disconnected]

--------------------------------------------------------------------------------
2023-01-28 15:19:23.488 [Info] Acquiring context lock... (0ms)

--------------------------------------------------------------------------------
2023-01-28 15:19:23.489 [Info] Acquired. (0ms)

--------------------------------------------------------------------------------
2023-01-28 15:19:23.492 [Info] Beginning context dispose. (0ms)

--------------------------------------------------------------------------------
2023-01-28 15:19:23.494 [Info] GC.SuppressFinalize (2ms)

--------------------------------------------------------------------------------
2023-01-28 15:19:23.494 [Info] InternalDispose() completed. (2ms)

--------------------------------------------------------------------------------
2023-01-28 15:19:23.494 [Info] Clearing instance... (5ms)

--------------------------------------------------------------------------------
2023-01-28 15:19:23.494 [Info] Releasing context lock... (6ms)

--------------------------------------------------------------------------------
2023-01-28 15:19:23.495 [Info] Released. (6ms)

--------------------------------------------------------------------------------
