2023-01-02 12:27:14.618 [Warn] Directory was specified as a plugin directory but does not exist: 'resources\plugins'

--------------------------------------------------------------------------------
2023-01-02 12:27:14.623 [Info] Discovered 0 plugins:


--------------------------------------------------------------------------------
2023-01-02 12:27:15.432 [Info] Connecting to 26.82.96.248:5400...

--------------------------------------------------------------------------------
2023-01-02 12:27:15.833 [Info] Connection approved [00000000-0000-0000-0000-000000000000].

--------------------------------------------------------------------------------
2023-01-02 12:27:15.876 [Debug] approval Time=2694317 Offset=63808256541493 Real=63808259235810

--------------------------------------------------------------------------------
2023-01-02 12:27:15.876 [Debug] local Time=2694317 Offset=63808256541559 Real=63808259235876

--------------------------------------------------------------------------------
2023-01-02 12:27:15.876 [Debug] real delta=66

--------------------------------------------------------------------------------
2023-01-02 12:27:15.876 [Debug] this.Statistics.Ping=0 NCPing=1

--------------------------------------------------------------------------------
2023-01-02 12:27:15.878 [Debug] Connection established to remote [00000000-0000-0000-0000-000000000000/26.82.96.248:5400].

--------------------------------------------------------------------------------
2023-01-02 12:27:15.878 [Info] Connected [00000000-0000-0000-0000-000000000000].

--------------------------------------------------------------------------------
2023-01-02 12:27:21.029 [Warn] 'Me' is null.

--------------------------------------------------------------------------------
2023-01-02 12:27:21.209 [Debug] received epp: 2699474

--------------------------------------------------------------------------------
2023-01-02 12:29:27.607 [Info] System window closing (due to user interaction most likely).

--------------------------------------------------------------------------------
2023-01-02 12:29:27.608 [Debug] StatusChanged: [NetIncomingMessage #68 10 bytes] [Disconnecting]

--------------------------------------------------------------------------------
2023-01-02 12:29:27.611 [Debug] StatusChanged: [NetIncomingMessage #0 14 bytes] [Disconnected]

--------------------------------------------------------------------------------
2023-01-02 12:29:27.657 [Info] Acquiring context lock... (0ms)

--------------------------------------------------------------------------------
2023-01-02 12:29:27.658 [Info] Acquired. (0ms)

--------------------------------------------------------------------------------
2023-01-02 12:29:27.658 [Info] Beginning context dispose. (0ms)

--------------------------------------------------------------------------------
2023-01-02 12:29:27.658 [Info] GC.SuppressFinalize (0ms)

--------------------------------------------------------------------------------
2023-01-02 12:29:27.658 [Info] InternalDispose() completed. (0ms)

--------------------------------------------------------------------------------
2023-01-02 12:29:27.658 [Info] Clearing instance... (0ms)

--------------------------------------------------------------------------------
2023-01-02 12:29:27.658 [Info] Releasing context lock... (1ms)

--------------------------------------------------------------------------------
2023-01-02 12:29:27.658 [Info] Released. (1ms)

--------------------------------------------------------------------------------
