2023-02-04 07:32:21.877 [Warn] Directory was specified as a plugin directory but does not exist: 'resources\plugins'

--------------------------------------------------------------------------------
2023-02-04 07:32:21.881 [Info] Discovered 0 plugins:


--------------------------------------------------------------------------------
2023-02-04 07:32:22.586 [Info] Connecting to 26.82.96.248:5400...

--------------------------------------------------------------------------------
2023-02-04 07:32:22.914 [Info] Connection approved [00000000-0000-0000-0000-000000000000].

--------------------------------------------------------------------------------
2023-02-04 07:32:22.957 [Debug] approval Time=7754529 Offset=63811084988360 Real=63811092742889

--------------------------------------------------------------------------------
2023-02-04 07:32:22.957 [Debug] local Time=7754529 Offset=63811084988427 Real=63811092742957

--------------------------------------------------------------------------------
2023-02-04 07:32:22.957 [Debug] real delta=67

--------------------------------------------------------------------------------
2023-02-04 07:32:22.957 [Debug] this.Statistics.Ping=0 NCPing=1

--------------------------------------------------------------------------------
2023-02-04 07:32:22.958 [Debug] Connection established to remote [00000000-0000-0000-0000-000000000000/26.82.96.248:5400].

--------------------------------------------------------------------------------
2023-02-04 07:32:22.958 [Info] Connected [00000000-0000-0000-0000-000000000000].

--------------------------------------------------------------------------------
2023-02-04 07:32:35.971 [Warn] 'Me' is null.

--------------------------------------------------------------------------------
2023-02-04 07:32:36.169 [Debug] received epp: 7767544

--------------------------------------------------------------------------------
2023-02-04 07:36:59.981 [Info] System window closing (due to user interaction most likely).

--------------------------------------------------------------------------------
2023-02-04 07:37:09.114 [Debug] StatusChanged: [NetIncomingMessage #54 10 bytes] [Disconnected]

--------------------------------------------------------------------------------
2023-02-04 07:37:09.114 [Debug] Connection terminated to remote [00000000-0000-0000-0000-000000000000/26.82.96.248:5400].

--------------------------------------------------------------------------------
2023-02-04 07:37:09.115 [Info] Disconnected [00000000-0000-0000-0000-000000000000].

--------------------------------------------------------------------------------
2023-02-04 07:37:09.118 [Info] Connecting to 26.82.96.248:5400...

--------------------------------------------------------------------------------
2023-02-04 07:37:09.272 [Info] Connection approved [00000000-0000-0000-0000-000000000000].

--------------------------------------------------------------------------------
2023-02-04 07:37:09.274 [Debug] approval Time=8040895 Offset=63811084988360 Real=63811093029256

--------------------------------------------------------------------------------
2023-02-04 07:37:09.274 [Debug] local Time=8040895 Offset=63811084988378 Real=63811093029274

--------------------------------------------------------------------------------
2023-02-04 07:37:09.274 [Debug] real delta=17

--------------------------------------------------------------------------------
2023-02-04 07:37:09.274 [Debug] this.Statistics.Ping=0 NCPing=0

--------------------------------------------------------------------------------
2023-02-04 07:37:09.274 [Debug] Connection established to remote [00000000-0000-0000-0000-000000000000/26.82.96.248:5400].

--------------------------------------------------------------------------------
2023-02-04 07:37:09.274 [Info] Connected [00000000-0000-0000-0000-000000000000].

--------------------------------------------------------------------------------
2023-02-04 07:37:36.158 [Warn] 'Me' is null.

--------------------------------------------------------------------------------
2023-02-04 07:37:36.160 [Debug] received epp: 8067779

--------------------------------------------------------------------------------
2023-02-04 07:37:36.180 [Warn] 'GameUi' is null.

--------------------------------------------------------------------------------
2023-02-04 07:37:36.181 [Warn] 'GameUi' is null.

--------------------------------------------------------------------------------
2023-02-04 07:39:05.030 [Debug] received epp: 8156624

--------------------------------------------------------------------------------
2023-02-04 07:41:24.266 [Info] System window closing (due to user interaction most likely).

--------------------------------------------------------------------------------
2023-02-04 07:41:25.237 [Info] System window closing (due to user interaction most likely).

--------------------------------------------------------------------------------
2023-02-04 07:41:25.238 [Debug] StatusChanged: [NetIncomingMessage #463 10 bytes] [Disconnecting]

--------------------------------------------------------------------------------
2023-02-04 07:41:25.241 [Debug] StatusChanged: [NetIncomingMessage #464 14 bytes] [Disconnected]

--------------------------------------------------------------------------------
2023-02-04 07:41:25.281 [Info] Acquiring context lock... (0ms)

--------------------------------------------------------------------------------
2023-02-04 07:41:25.281 [Info] Acquired. (0ms)

--------------------------------------------------------------------------------
2023-02-04 07:41:25.282 [Info] Beginning context dispose. (0ms)

--------------------------------------------------------------------------------
2023-02-04 07:41:25.283 [Info] GC.SuppressFinalize (0ms)

--------------------------------------------------------------------------------
2023-02-04 07:41:25.283 [Info] InternalDispose() completed. (0ms)

--------------------------------------------------------------------------------
2023-02-04 07:41:25.283 [Info] Clearing instance... (1ms)

--------------------------------------------------------------------------------
2023-02-04 07:41:25.283 [Info] Releasing context lock... (1ms)

--------------------------------------------------------------------------------
2023-02-04 07:41:25.283 [Info] Released. (1ms)

--------------------------------------------------------------------------------
