2023-01-30 19:35:27.476 [Warn] Directory was specified as a plugin directory but does not exist: 'resources\plugins'

--------------------------------------------------------------------------------
2023-01-30 19:35:27.481 [Info] Discovered 0 plugins:


--------------------------------------------------------------------------------
2023-01-30 19:35:28.040 [Info] Connecting to 26.82.96.248:5400...

--------------------------------------------------------------------------------
2023-01-30 19:35:28.361 [Info] Connection approved [00000000-0000-0000-0000-000000000000].

--------------------------------------------------------------------------------
2023-01-30 19:35:28.406 [Debug] approval Time=835693 Offset=63810703292649 Real=63810704128342

--------------------------------------------------------------------------------
2023-01-30 19:35:28.406 [Debug] local Time=835693 Offset=63810703292713 Real=63810704128406

--------------------------------------------------------------------------------
2023-01-30 19:35:28.406 [Debug] real delta=64

--------------------------------------------------------------------------------
2023-01-30 19:35:28.406 [Debug] this.Statistics.Ping=0 NCPing=1

--------------------------------------------------------------------------------
2023-01-30 19:35:28.408 [Debug] Connection established to remote [00000000-0000-0000-0000-000000000000/26.82.96.248:5400].

--------------------------------------------------------------------------------
2023-01-30 19:35:28.408 [Info] Connected [00000000-0000-0000-0000-000000000000].

--------------------------------------------------------------------------------
2023-01-30 19:35:30.845 [Warn] 'Me' is null.

--------------------------------------------------------------------------------
2023-01-30 19:35:31.026 [Debug] received epp: 838144

--------------------------------------------------------------------------------
2023-01-30 19:38:25.693 [Info] System window closing (due to user interaction most likely).

--------------------------------------------------------------------------------
2023-01-30 19:38:25.694 [Debug] StatusChanged: [NetIncomingMessage #591 10 bytes] [Disconnecting]

--------------------------------------------------------------------------------
2023-01-30 19:38:25.700 [Debug] StatusChanged: [NetIncomingMessage #592 14 bytes] [Disconnected]

--------------------------------------------------------------------------------
2023-01-30 19:38:25.740 [Info] Acquiring context lock... (0ms)

--------------------------------------------------------------------------------
2023-01-30 19:38:25.740 [Info] Acquired. (0ms)

--------------------------------------------------------------------------------
2023-01-30 19:38:25.741 [Info] Beginning context dispose. (0ms)

--------------------------------------------------------------------------------
2023-01-30 19:38:25.741 [Info] GC.SuppressFinalize (0ms)

--------------------------------------------------------------------------------
2023-01-30 19:38:25.741 [Info] InternalDispose() completed. (0ms)

--------------------------------------------------------------------------------
2023-01-30 19:38:25.741 [Info] Clearing instance... (0ms)

--------------------------------------------------------------------------------
2023-01-30 19:38:25.741 [Info] Releasing context lock... (0ms)

--------------------------------------------------------------------------------
2023-01-30 19:38:25.741 [Info] Released. (1ms)

--------------------------------------------------------------------------------
