2022-12-14 01:09:44.925 [Warn] Directory was specified as a plugin directory but does not exist: 'resources\plugins'

--------------------------------------------------------------------------------
2022-12-14 01:09:44.936 [Info] Discovered 0 plugins:


--------------------------------------------------------------------------------
2022-12-14 01:09:45.843 [Info] Connecting to 127.0.0.1:5400...

--------------------------------------------------------------------------------
2022-12-14 01:09:58.669 [Info] Connection approved [00000000-0000-0000-0000-000000000000].

--------------------------------------------------------------------------------
2022-12-14 01:09:58.719 [Debug] approval Time=1906 Offset=63806576996690 Real=63806576998597

--------------------------------------------------------------------------------
2022-12-14 01:09:58.719 [Debug] local Time=1906 Offset=63806576996813 Real=63806576998719

--------------------------------------------------------------------------------
2022-12-14 01:09:58.719 [Debug] real delta=122

--------------------------------------------------------------------------------
2022-12-14 01:09:58.719 [Debug] this.Statistics.Ping=0 NCPing=2

--------------------------------------------------------------------------------
2022-12-14 01:09:58.721 [Debug] Connection established to remote [00000000-0000-0000-0000-000000000000/127.0.0.1:5400].

--------------------------------------------------------------------------------
2022-12-14 01:09:58.721 [Info] Connected [00000000-0000-0000-0000-000000000000].

--------------------------------------------------------------------------------
2022-12-14 01:13:02.501 [Debug] StatusChanged: [NetIncomingMessage #0 22 bytes] [Disconnected]

--------------------------------------------------------------------------------
2022-12-14 01:13:02.502 [Debug] Connection terminated to remote [00000000-0000-0000-0000-000000000000/127.0.0.1:5400].

--------------------------------------------------------------------------------
2022-12-14 01:13:02.502 [Info] Disconnected [00000000-0000-0000-0000-000000000000].

--------------------------------------------------------------------------------
2022-12-14 01:13:02.503 [Info] Connecting to 127.0.0.1:5400...

--------------------------------------------------------------------------------
2022-12-14 01:13:02.625 [Info] Connection approved [00000000-0000-0000-0000-000000000000].

--------------------------------------------------------------------------------
2022-12-14 01:13:02.626 [Debug] approval Time=185932 Offset=63806576996690 Real=63806577182623

--------------------------------------------------------------------------------
2022-12-14 01:13:02.626 [Debug] local Time=185932 Offset=63806576996693 Real=63806577182626

--------------------------------------------------------------------------------
2022-12-14 01:13:02.626 [Debug] real delta=2

--------------------------------------------------------------------------------
2022-12-14 01:13:02.626 [Debug] this.Statistics.Ping=0 NCPing=0

--------------------------------------------------------------------------------
2022-12-14 01:13:02.626 [Debug] Connection established to remote [00000000-0000-0000-0000-000000000000/127.0.0.1:5400].

--------------------------------------------------------------------------------
2022-12-14 01:13:02.626 [Info] Connected [00000000-0000-0000-0000-000000000000].

--------------------------------------------------------------------------------
2022-12-14 01:16:46.026 [Info] System window closing (due to user interaction most likely).

--------------------------------------------------------------------------------
2022-12-14 01:16:46.026 [Debug] StatusChanged: [NetIncomingMessage #0 10 bytes] [Disconnecting]

--------------------------------------------------------------------------------
2022-12-14 01:16:46.029 [Debug] StatusChanged: [NetIncomingMessage #0 14 bytes] [Disconnected]

--------------------------------------------------------------------------------
2022-12-14 01:16:46.071 [Info] Acquiring context lock... (0ms)

--------------------------------------------------------------------------------
2022-12-14 01:16:46.071 [Info] Acquired. (0ms)

--------------------------------------------------------------------------------
2022-12-14 01:16:46.071 [Info] Beginning context dispose. (0ms)

--------------------------------------------------------------------------------
2022-12-14 01:16:46.072 [Info] GC.SuppressFinalize (0ms)

--------------------------------------------------------------------------------
2022-12-14 01:16:46.072 [Info] InternalDispose() completed. (0ms)

--------------------------------------------------------------------------------
2022-12-14 01:16:46.072 [Info] Clearing instance... (0ms)

--------------------------------------------------------------------------------
2022-12-14 01:16:46.072 [Info] Releasing context lock... (1ms)

--------------------------------------------------------------------------------
2022-12-14 01:16:46.072 [Info] Released. (1ms)

--------------------------------------------------------------------------------
