2023-01-02 05:54:08.080 [Info] Connecting to 26.82.96.248:5400...

--------------------------------------------------------------------------------
2023-01-02 05:54:08.476 [Info] Connection approved [00000000-0000-0000-0000-000000000000].

--------------------------------------------------------------------------------
2023-01-02 05:54:08.515 [Debug] approval Time=3282748 Offset=63808232365715 Real=63808235648463

--------------------------------------------------------------------------------
2023-01-02 05:54:08.515 [Debug] local Time=3282748 Offset=63808232365766 Real=63808235648515

--------------------------------------------------------------------------------
2023-01-02 05:54:08.516 [Debug] real delta=51

--------------------------------------------------------------------------------
2023-01-02 05:54:08.516 [Debug] this.Statistics.Ping=0 NCPing=2

--------------------------------------------------------------------------------
2023-01-02 05:54:08.517 [Debug] Connection established to remote [00000000-0000-0000-0000-000000000000/26.82.96.248:5400].

--------------------------------------------------------------------------------
2023-01-02 05:54:08.518 [Info] Connected [00000000-0000-0000-0000-000000000000].

--------------------------------------------------------------------------------
2023-01-02 05:54:22.703 [Debug] StatusChanged: [NetIncomingMessage #0 10 bytes] [Disconnecting]

--------------------------------------------------------------------------------
2023-01-02 05:54:22.749 [Debug] StatusChanged: [NetIncomingMessage #0 10 bytes] [Disconnected]

--------------------------------------------------------------------------------
2023-01-02 05:54:22.749 [Debug] Connection terminated to remote [00000000-0000-0000-0000-000000000000/26.82.96.248:5400].

--------------------------------------------------------------------------------
2023-01-02 05:54:22.750 [Info] Disconnected [00000000-0000-0000-0000-000000000000].

--------------------------------------------------------------------------------
