2023-01-02 12:17:42.037 [Warn] Directory was specified as a plugin directory but does not exist: 'resources\plugins'

--------------------------------------------------------------------------------
2023-01-02 12:17:42.042 [Info] Discovered 0 plugins:


--------------------------------------------------------------------------------
2023-01-02 12:17:42.829 [Info] Connecting to 26.82.96.248:5400...

--------------------------------------------------------------------------------
2023-01-02 12:17:43.190 [Info] Connection approved [00000000-0000-0000-0000-000000000000].

--------------------------------------------------------------------------------
2023-01-02 12:17:43.252 [Debug] approval Time=2121676 Offset=63808256541493 Real=63808258663169

--------------------------------------------------------------------------------
2023-01-02 12:17:43.252 [Debug] local Time=2121676 Offset=63808256541575 Real=63808258663252

--------------------------------------------------------------------------------
2023-01-02 12:17:43.252 [Debug] real delta=82

--------------------------------------------------------------------------------
2023-01-02 12:17:43.252 [Debug] this.Statistics.Ping=0 NCPing=2

--------------------------------------------------------------------------------
2023-01-02 12:17:43.253 [Debug] Connection established to remote [00000000-0000-0000-0000-000000000000/26.82.96.248:5400].

--------------------------------------------------------------------------------
2023-01-02 12:17:43.254 [Info] Connected [00000000-0000-0000-0000-000000000000].

--------------------------------------------------------------------------------
2023-01-02 12:17:45.816 [Warn] 'Me' is null.

--------------------------------------------------------------------------------
2023-01-02 12:17:45.996 [Debug] received epp: 2124252

--------------------------------------------------------------------------------
2023-01-02 12:18:43.755 [Info] System window closing (due to user interaction most likely).

--------------------------------------------------------------------------------
2023-01-02 12:18:43.756 [Debug] StatusChanged: [NetIncomingMessage #27 10 bytes] [Disconnecting]

--------------------------------------------------------------------------------
2023-01-02 12:18:43.761 [Debug] StatusChanged: [NetIncomingMessage #28 14 bytes] [Disconnected]

--------------------------------------------------------------------------------
2023-01-02 12:18:43.807 [Info] Acquiring context lock... (0ms)

--------------------------------------------------------------------------------
2023-01-02 12:18:43.807 [Info] Acquired. (0ms)

--------------------------------------------------------------------------------
2023-01-02 12:18:43.808 [Info] Beginning context dispose. (0ms)

--------------------------------------------------------------------------------
2023-01-02 12:18:43.809 [Info] GC.SuppressFinalize (0ms)

--------------------------------------------------------------------------------
2023-01-02 12:18:43.809 [Info] InternalDispose() completed. (0ms)

--------------------------------------------------------------------------------
2023-01-02 12:18:43.809 [Info] Clearing instance... (1ms)

--------------------------------------------------------------------------------
2023-01-02 12:18:43.809 [Info] Releasing context lock... (1ms)

--------------------------------------------------------------------------------
2023-01-02 12:18:43.809 [Info] Released. (1ms)

--------------------------------------------------------------------------------
