2022-12-14 12:12:19.598 [Warn] Directory was specified as a plugin directory but does not exist: 'resources\plugins'

--------------------------------------------------------------------------------
2022-12-14 12:12:19.598 [Info] Discovered 0 plugins:


--------------------------------------------------------------------------------
2022-12-14 12:12:20.329 [Info] Connecting to 127.0.0.1:5400...

--------------------------------------------------------------------------------
2022-12-14 12:12:20.623 [Info] Connection approved [00000000-0000-0000-0000-000000000000].

--------------------------------------------------------------------------------
2022-12-14 12:12:20.664 [Debug] approval Time=13915531 Offset=63806602825084 Real=63806616740615

--------------------------------------------------------------------------------
2022-12-14 12:12:20.664 [Debug] local Time=13915531 Offset=63806602825132 Real=63806616740664

--------------------------------------------------------------------------------
2022-12-14 12:12:20.664 [Debug] real delta=48

--------------------------------------------------------------------------------
2022-12-14 12:12:20.664 [Debug] this.Statistics.Ping=0 NCPing=2

--------------------------------------------------------------------------------
2022-12-14 12:12:20.668 [Debug] Connection established to remote [00000000-0000-0000-0000-000000000000/127.0.0.1:5400].

--------------------------------------------------------------------------------
2022-12-14 12:12:20.668 [Info] Connected [00000000-0000-0000-0000-000000000000].

--------------------------------------------------------------------------------
2022-12-14 12:12:23.205 [Info] System window closing (due to user interaction most likely).

--------------------------------------------------------------------------------
2022-12-14 12:12:23.207 [Debug] StatusChanged: [NetIncomingMessage #0 10 bytes] [Disconnecting]

--------------------------------------------------------------------------------
2022-12-14 12:12:23.213 [Debug] StatusChanged: [NetIncomingMessage #0 14 bytes] [Disconnected]

--------------------------------------------------------------------------------
2022-12-14 12:12:23.276 [Info] Acquiring context lock... (0ms)

--------------------------------------------------------------------------------
2022-12-14 12:12:23.276 [Info] Acquired. (0ms)

--------------------------------------------------------------------------------
2022-12-14 12:12:23.277 [Info] Beginning context dispose. (0ms)

--------------------------------------------------------------------------------
2022-12-14 12:12:23.277 [Info] GC.SuppressFinalize (0ms)

--------------------------------------------------------------------------------
2022-12-14 12:12:23.277 [Info] InternalDispose() completed. (0ms)

--------------------------------------------------------------------------------
2022-12-14 12:12:23.277 [Info] Clearing instance... (1ms)

--------------------------------------------------------------------------------
2022-12-14 12:12:23.277 [Info] Releasing context lock... (1ms)

--------------------------------------------------------------------------------
2022-12-14 12:12:23.277 [Info] Released. (1ms)

--------------------------------------------------------------------------------
