2023-01-31 13:55:43.910 [Warn] Directory was specified as a plugin directory but does not exist: 'resources\plugins'

--------------------------------------------------------------------------------
2023-01-31 13:55:43.914 [Info] Discovered 0 plugins:


--------------------------------------------------------------------------------
2023-01-31 13:55:44.537 [Info] Connecting to 26.82.96.248:5400...

--------------------------------------------------------------------------------
2023-01-31 13:55:44.840 [Info] Connection approved [00000000-0000-0000-0000-000000000000].

--------------------------------------------------------------------------------
2023-01-31 13:55:44.888 [Debug] approval Time=1947398 Offset=63810768197427 Real=63810770144825

--------------------------------------------------------------------------------
2023-01-31 13:55:44.888 [Debug] local Time=1947398 Offset=63810768197489 Real=63810770144888

--------------------------------------------------------------------------------
2023-01-31 13:55:44.888 [Debug] real delta=62

--------------------------------------------------------------------------------
2023-01-31 13:55:44.888 [Debug] this.Statistics.Ping=0 NCPing=2

--------------------------------------------------------------------------------
2023-01-31 13:55:44.890 [Debug] Connection established to remote [00000000-0000-0000-0000-000000000000/26.82.96.248:5400].

--------------------------------------------------------------------------------
2023-01-31 13:55:44.891 [Info] Connected [00000000-0000-0000-0000-000000000000].

--------------------------------------------------------------------------------
2023-01-31 13:55:54.667 [Warn] 'Me' is null.

--------------------------------------------------------------------------------
2023-01-31 13:55:54.866 [Debug] received epp: 1957192

--------------------------------------------------------------------------------
2023-01-31 14:03:52.945 [Info] System window closing (due to user interaction most likely).

--------------------------------------------------------------------------------
2023-01-31 14:03:52.946 [Debug] StatusChanged: [NetIncomingMessage #6 10 bytes] [Disconnecting]

--------------------------------------------------------------------------------
2023-01-31 14:03:52.949 [Debug] StatusChanged: [NetIncomingMessage #7 14 bytes] [Disconnected]

--------------------------------------------------------------------------------
2023-01-31 14:03:52.988 [Info] Acquiring context lock... (0ms)

--------------------------------------------------------------------------------
2023-01-31 14:03:52.988 [Info] Acquired. (0ms)

--------------------------------------------------------------------------------
2023-01-31 14:03:52.989 [Info] Beginning context dispose. (0ms)

--------------------------------------------------------------------------------
2023-01-31 14:03:52.989 [Info] GC.SuppressFinalize (0ms)

--------------------------------------------------------------------------------
2023-01-31 14:03:52.989 [Info] InternalDispose() completed. (0ms)

--------------------------------------------------------------------------------
2023-01-31 14:03:52.989 [Info] Clearing instance... (0ms)

--------------------------------------------------------------------------------
2023-01-31 14:03:52.989 [Info] Releasing context lock... (0ms)

--------------------------------------------------------------------------------
2023-01-31 14:03:52.989 [Info] Released. (0ms)

--------------------------------------------------------------------------------
