2023-02-04 06:18:56.292 [Warn] Directory was specified as a plugin directory but does not exist: 'resources\plugins'

--------------------------------------------------------------------------------
2023-02-04 06:18:56.297 [Info] Discovered 0 plugins:


--------------------------------------------------------------------------------
2023-02-04 06:18:56.941 [Info] Connecting to 26.82.96.248:5400...

--------------------------------------------------------------------------------
2023-02-04 06:18:57.207 [Info] Connection approved [00000000-0000-0000-0000-000000000000].

--------------------------------------------------------------------------------
2023-02-04 06:18:57.252 [Debug] approval Time=3348825 Offset=63811084988360 Real=63811088337186

--------------------------------------------------------------------------------
2023-02-04 06:18:57.252 [Debug] local Time=3348825 Offset=63811084988426 Real=63811088337252

--------------------------------------------------------------------------------
2023-02-04 06:18:57.252 [Debug] real delta=65

--------------------------------------------------------------------------------
2023-02-04 06:18:57.252 [Debug] this.Statistics.Ping=0 NCPing=1

--------------------------------------------------------------------------------
2023-02-04 06:18:57.254 [Debug] Connection established to remote [00000000-0000-0000-0000-000000000000/26.82.96.248:5400].

--------------------------------------------------------------------------------
2023-02-04 06:18:57.255 [Info] Connected [00000000-0000-0000-0000-000000000000].

--------------------------------------------------------------------------------
2023-02-04 06:18:59.642 [Warn] 'Me' is null.

--------------------------------------------------------------------------------
2023-02-04 06:18:59.812 [Debug] received epp: 3351233

--------------------------------------------------------------------------------
2023-02-04 06:29:27.928 [Info] System window closing (due to user interaction most likely).

--------------------------------------------------------------------------------
2023-02-04 06:29:27.930 [Debug] StatusChanged: [NetIncomingMessage #273 10 bytes] [Disconnecting]

--------------------------------------------------------------------------------
2023-02-04 06:29:27.935 [Debug] StatusChanged: [NetIncomingMessage #274 14 bytes] [Disconnected]

--------------------------------------------------------------------------------
2023-02-04 06:29:27.986 [Info] Acquiring context lock... (0ms)

--------------------------------------------------------------------------------
2023-02-04 06:29:27.986 [Info] Acquired. (0ms)

--------------------------------------------------------------------------------
2023-02-04 06:29:27.987 [Info] Beginning context dispose. (0ms)

--------------------------------------------------------------------------------
2023-02-04 06:29:27.987 [Info] GC.SuppressFinalize (0ms)

--------------------------------------------------------------------------------
2023-02-04 06:29:27.987 [Info] InternalDispose() completed. (0ms)

--------------------------------------------------------------------------------
2023-02-04 06:29:27.987 [Info] Clearing instance... (0ms)

--------------------------------------------------------------------------------
2023-02-04 06:29:27.987 [Info] Releasing context lock... (1ms)

--------------------------------------------------------------------------------
2023-02-04 06:29:27.987 [Info] Released. (1ms)

--------------------------------------------------------------------------------
