2023-01-02 12:53:33.265 [Warn] Directory was specified as a plugin directory but does not exist: 'resources\plugins'

--------------------------------------------------------------------------------
2023-01-02 12:53:33.287 [Info] Discovered 0 plugins:


--------------------------------------------------------------------------------
2023-01-02 12:53:34.098 [Info] Connecting to 26.82.96.248:5400...

--------------------------------------------------------------------------------
2023-01-02 12:53:34.466 [Info] Connection approved [00000000-0000-0000-0000-000000000000].

--------------------------------------------------------------------------------
2023-01-02 12:53:34.510 [Debug] approval Time=55033 Offset=63808260759413 Real=63808260814447

--------------------------------------------------------------------------------
2023-01-02 12:53:34.510 [Debug] local Time=55033 Offset=63808260759476 Real=63808260814510

--------------------------------------------------------------------------------
2023-01-02 12:53:34.510 [Debug] real delta=62

--------------------------------------------------------------------------------
2023-01-02 12:53:34.510 [Debug] this.Statistics.Ping=0 NCPing=4

--------------------------------------------------------------------------------
2023-01-02 12:53:34.511 [Debug] Connection established to remote [00000000-0000-0000-0000-000000000000/26.82.96.248:5400].

--------------------------------------------------------------------------------
2023-01-02 12:53:34.512 [Info] Connected [00000000-0000-0000-0000-000000000000].

--------------------------------------------------------------------------------
2023-01-02 12:53:38.632 [Warn] 'Me' is null.

--------------------------------------------------------------------------------
2023-01-02 12:53:38.934 [Debug] received epp: 59386

--------------------------------------------------------------------------------
2023-01-02 12:57:40.043 [Info] System window closing (due to user interaction most likely).

--------------------------------------------------------------------------------
2023-01-02 12:57:40.045 [Debug] StatusChanged: [NetIncomingMessage #0 10 bytes] [Disconnecting]

--------------------------------------------------------------------------------
2023-01-02 12:57:40.048 [Debug] StatusChanged: [NetIncomingMessage #0 14 bytes] [Disconnected]

--------------------------------------------------------------------------------
2023-01-02 12:57:40.098 [Info] Acquiring context lock... (0ms)

--------------------------------------------------------------------------------
2023-01-02 12:57:40.098 [Info] Acquired. (0ms)

--------------------------------------------------------------------------------
2023-01-02 12:57:40.099 [Info] Beginning context dispose. (0ms)

--------------------------------------------------------------------------------
2023-01-02 12:57:40.099 [Info] GC.SuppressFinalize (0ms)

--------------------------------------------------------------------------------
2023-01-02 12:57:40.099 [Info] InternalDispose() completed. (0ms)

--------------------------------------------------------------------------------
2023-01-02 12:57:40.099 [Info] Clearing instance... (1ms)

--------------------------------------------------------------------------------
2023-01-02 12:57:40.099 [Info] Releasing context lock... (1ms)

--------------------------------------------------------------------------------
2023-01-02 12:57:40.099 [Info] Released. (1ms)

--------------------------------------------------------------------------------
