2022-12-11 07:13:05.800 [Warn] Directory was specified as a plugin directory but does not exist: 'resources\plugins'

--------------------------------------------------------------------------------
2022-12-11 07:13:05.804 [Info] Discovered 0 plugins:


--------------------------------------------------------------------------------
2022-12-11 07:13:06.449 [Info] Connecting to 127.0.0.1:5400...

--------------------------------------------------------------------------------
2022-12-11 07:13:06.722 [Info] Connection approved [00000000-0000-0000-0000-000000000000].

--------------------------------------------------------------------------------
2022-12-11 07:13:06.764 [Debug] approval Time=57283 Offset=63806339529419 Real=63806339586702

--------------------------------------------------------------------------------
2022-12-11 07:13:06.764 [Debug] local Time=57283 Offset=63806339529481 Real=63806339586764

--------------------------------------------------------------------------------
2022-12-11 07:13:06.764 [Debug] real delta=62

--------------------------------------------------------------------------------
2022-12-11 07:13:06.764 [Debug] this.Statistics.Ping=0 NCPing=2

--------------------------------------------------------------------------------
2022-12-11 07:13:06.766 [Debug] Connection established to remote [00000000-0000-0000-0000-000000000000/127.0.0.1:5400].

--------------------------------------------------------------------------------
2022-12-11 07:13:06.767 [Info] Connected [00000000-0000-0000-0000-000000000000].

--------------------------------------------------------------------------------
2022-12-11 07:13:13.817 [Warn] 'Me' is null.

--------------------------------------------------------------------------------
2022-12-11 07:13:13.978 [Debug] received epp: 64345

--------------------------------------------------------------------------------
2022-12-11 07:13:52.840 [Debug] received epp: 103392

--------------------------------------------------------------------------------
2022-12-11 07:13:54.479 [Debug] received epp: 105038

--------------------------------------------------------------------------------
2022-12-11 07:23:50.721 [Debug] StatusChanged: [NetIncomingMessage #108 10 bytes] [Disconnected]

--------------------------------------------------------------------------------
2022-12-11 07:23:50.722 [Debug] Connection terminated to remote [00000000-0000-0000-0000-000000000000/127.0.0.1:5400].

--------------------------------------------------------------------------------
2022-12-11 07:23:50.722 [Info] Disconnected [00000000-0000-0000-0000-000000000000].

--------------------------------------------------------------------------------
2022-12-11 07:23:50.723 [Info] Connecting to 127.0.0.1:5400...

--------------------------------------------------------------------------------
2022-12-11 07:23:50.833 [Info] Connection approved [00000000-0000-0000-0000-000000000000].

--------------------------------------------------------------------------------
2022-12-11 07:23:50.833 [Debug] approval Time=701411 Offset=63806339529419 Real=63806340230830

--------------------------------------------------------------------------------
2022-12-11 07:23:50.833 [Debug] local Time=701411 Offset=63806339529422 Real=63806340230833

--------------------------------------------------------------------------------
2022-12-11 07:23:50.833 [Debug] real delta=3

--------------------------------------------------------------------------------
2022-12-11 07:23:50.833 [Debug] this.Statistics.Ping=0 NCPing=0

--------------------------------------------------------------------------------
2022-12-11 07:23:50.833 [Debug] Connection established to remote [00000000-0000-0000-0000-000000000000/127.0.0.1:5400].

--------------------------------------------------------------------------------
2022-12-11 07:23:50.833 [Info] Connected [00000000-0000-0000-0000-000000000000].

--------------------------------------------------------------------------------
2022-12-11 07:25:01.454 [Warn] 'Me' is null.

--------------------------------------------------------------------------------
2022-12-11 07:25:01.454 [Debug] received epp: 772020

--------------------------------------------------------------------------------
2022-12-11 07:25:01.456 [Warn] 'GameUi' is null.

--------------------------------------------------------------------------------
2022-12-11 07:25:01.456 [Warn] 'GameUi' is null.

--------------------------------------------------------------------------------
2022-12-11 07:30:06.711 [Debug] StatusChanged: [NetIncomingMessage #0 22 bytes] [Disconnected]

--------------------------------------------------------------------------------
2022-12-11 07:30:06.711 [Debug] Connection terminated to remote [00000000-0000-0000-0000-000000000000/127.0.0.1:5400].

--------------------------------------------------------------------------------
2022-12-11 07:30:06.711 [Info] Disconnected [00000000-0000-0000-0000-000000000000].

--------------------------------------------------------------------------------
2022-12-11 07:30:06.711 [Info] Connecting to 127.0.0.1:5400...

--------------------------------------------------------------------------------
2022-12-11 07:30:21.813 [Debug] StatusChanged: [NetIncomingMessage #0 63 bytes] [Disconnected]

--------------------------------------------------------------------------------
2022-12-11 07:30:21.813 [Debug] Unknown client disconnected (00-00-00-00-00-00-00-00).

--------------------------------------------------------------------------------
2022-12-11 07:30:21.813 [Info] Disconnected [00000000-0000-0000-0000-000000000000].

--------------------------------------------------------------------------------
2022-12-11 07:30:21.814 [Info] Connecting to 127.0.0.1:5400...

--------------------------------------------------------------------------------
2022-12-11 07:30:36.949 [Debug] StatusChanged: [NetIncomingMessage #0 63 bytes] [Disconnected]

--------------------------------------------------------------------------------
2022-12-11 07:30:36.949 [Debug] Unknown client disconnected (00-00-00-00-00-00-00-00).

--------------------------------------------------------------------------------
2022-12-11 07:30:36.949 [Info] Disconnected [00000000-0000-0000-0000-000000000000].

--------------------------------------------------------------------------------
2022-12-11 07:30:36.950 [Info] Connecting to 127.0.0.1:5400...

--------------------------------------------------------------------------------
2022-12-11 07:30:52.075 [Debug] StatusChanged: [NetIncomingMessage #0 63 bytes] [Disconnected]

--------------------------------------------------------------------------------
2022-12-11 07:30:52.075 [Debug] Unknown client disconnected (00-00-00-00-00-00-00-00).

--------------------------------------------------------------------------------
2022-12-11 07:30:52.075 [Info] Disconnected [00000000-0000-0000-0000-000000000000].

--------------------------------------------------------------------------------
2022-12-11 07:30:52.075 [Info] Connecting to 127.0.0.1:5400...

--------------------------------------------------------------------------------
2022-12-11 07:31:07.199 [Debug] StatusChanged: [NetIncomingMessage #0 63 bytes] [Disconnected]

--------------------------------------------------------------------------------
2022-12-11 07:31:07.199 [Debug] Unknown client disconnected (00-00-00-00-00-00-00-00).

--------------------------------------------------------------------------------
2022-12-11 07:31:07.199 [Info] Disconnected [00000000-0000-0000-0000-000000000000].

--------------------------------------------------------------------------------
2022-12-11 07:31:07.200 [Info] Connecting to 127.0.0.1:5400...

--------------------------------------------------------------------------------
2022-12-11 07:31:14.138 [Info] System window closing (due to user interaction most likely).

--------------------------------------------------------------------------------
2022-12-11 07:31:14.138 [Debug] StatusChanged: [NetIncomingMessage #0 10 bytes] [Disconnecting]

--------------------------------------------------------------------------------
2022-12-11 07:31:14.142 [Debug] StatusChanged: [NetIncomingMessage #0 14 bytes] [Disconnected]

--------------------------------------------------------------------------------
2022-12-11 07:31:14.142 [Debug] Unknown client disconnected (00-00-00-00-00-00-00-00).

--------------------------------------------------------------------------------
2022-12-11 07:31:14.142 [Info] Disconnected [00000000-0000-0000-0000-000000000000].

--------------------------------------------------------------------------------
2022-12-11 07:31:14.176 [Info] Acquiring context lock... (0ms)

--------------------------------------------------------------------------------
2022-12-11 07:31:14.176 [Info] Acquired. (0ms)

--------------------------------------------------------------------------------
2022-12-11 07:31:14.176 [Info] Beginning context dispose. (0ms)

--------------------------------------------------------------------------------
2022-12-11 07:31:14.177 [Info] GC.SuppressFinalize (0ms)

--------------------------------------------------------------------------------
2022-12-11 07:31:14.177 [Info] InternalDispose() completed. (0ms)

--------------------------------------------------------------------------------
2022-12-11 07:31:14.177 [Info] Clearing instance... (0ms)

--------------------------------------------------------------------------------
2022-12-11 07:31:14.177 [Info] Releasing context lock... (0ms)

--------------------------------------------------------------------------------
2022-12-11 07:31:14.177 [Info] Released. (0ms)

--------------------------------------------------------------------------------
