2022-12-14 03:34:15.239 [Warn] Directory was specified as a plugin directory but does not exist: 'resources\plugins'

--------------------------------------------------------------------------------
2022-12-14 03:34:15.265 [Info] Discovered 0 plugins:


--------------------------------------------------------------------------------
2022-12-14 03:34:16.083 [Info] Connecting to 127.0.0.1:5400...

--------------------------------------------------------------------------------
2022-12-14 03:34:29.352 [Info] Connection approved [00000000-0000-0000-0000-000000000000].

--------------------------------------------------------------------------------
2022-12-14 03:34:29.419 [Debug] approval Time=1958 Offset=63806585667269 Real=63806585669227

--------------------------------------------------------------------------------
2022-12-14 03:34:29.419 [Debug] local Time=1958 Offset=63806585667451 Real=63806585669409

--------------------------------------------------------------------------------
2022-12-14 03:34:29.419 [Debug] real delta=181

--------------------------------------------------------------------------------
2022-12-14 03:34:29.419 [Debug] this.Statistics.Ping=0 NCPing=3

--------------------------------------------------------------------------------
2022-12-14 03:34:29.421 [Debug] Connection established to remote [00000000-0000-0000-0000-000000000000/127.0.0.1:5400].

--------------------------------------------------------------------------------
2022-12-14 03:34:29.422 [Info] Connected [00000000-0000-0000-0000-000000000000].

--------------------------------------------------------------------------------
2022-12-14 03:34:40.684 [Warn] 'Me' is null.

--------------------------------------------------------------------------------
2022-12-14 03:34:41.081 [Debug] received epp: 13672

--------------------------------------------------------------------------------
2022-12-14 03:34:44.176 [Debug] received epp: 16891

--------------------------------------------------------------------------------
2022-12-14 03:37:16.601 [Debug] received epp: 169304

--------------------------------------------------------------------------------
2022-12-14 03:37:25.954 [Debug] StatusChanged: [NetIncomingMessage #18 14 bytes] [Disconnected]

--------------------------------------------------------------------------------
2022-12-14 03:37:25.955 [Debug] Connection terminated to remote [00000000-0000-0000-0000-000000000000/127.0.0.1:5400].

--------------------------------------------------------------------------------
2022-12-14 03:37:25.955 [Info] Disconnected [00000000-0000-0000-0000-000000000000].

--------------------------------------------------------------------------------
2022-12-14 03:37:25.957 [Info] Connecting to 127.0.0.1:5400...

--------------------------------------------------------------------------------
2022-12-14 03:37:41.061 [Debug] StatusChanged: [NetIncomingMessage #0 63 bytes] [Disconnected]

--------------------------------------------------------------------------------
2022-12-14 03:37:41.061 [Debug] Unknown client disconnected (00-00-00-00-00-00-00-00).

--------------------------------------------------------------------------------
2022-12-14 03:37:41.061 [Info] Disconnected [00000000-0000-0000-0000-000000000000].

--------------------------------------------------------------------------------
2022-12-14 03:37:41.061 [Info] Connecting to 127.0.0.1:5400...

--------------------------------------------------------------------------------
2022-12-14 03:37:50.796 [Info] Connection approved [00000000-0000-0000-0000-000000000000].

--------------------------------------------------------------------------------
2022-12-14 03:37:50.796 [Debug] approval Time=3075 Offset=63806585867622 Real=63806585870697

--------------------------------------------------------------------------------
2022-12-14 03:37:50.796 [Debug] local Time=3075 Offset=63806585867709 Real=63806585870784

--------------------------------------------------------------------------------
2022-12-14 03:37:50.796 [Debug] real delta=86

--------------------------------------------------------------------------------
2022-12-14 03:37:50.796 [Debug] this.Statistics.Ping=0 NCPing=-1000

--------------------------------------------------------------------------------
2022-12-14 03:37:50.796 [Debug] Connection established to remote [00000000-0000-0000-0000-000000000000/127.0.0.1:5400].

--------------------------------------------------------------------------------
2022-12-14 03:37:50.796 [Info] Connected [00000000-0000-0000-0000-000000000000].

--------------------------------------------------------------------------------
2022-12-14 03:37:54.070 [Warn] 'Me' is null.

--------------------------------------------------------------------------------
2022-12-14 03:37:54.382 [Debug] received epp: 6742

--------------------------------------------------------------------------------
2022-12-14 03:37:55.770 [Debug] StatusChanged: [NetIncomingMessage #7 14 bytes] [Disconnected]

--------------------------------------------------------------------------------
2022-12-14 03:37:55.770 [Debug] Connection terminated to remote [00000000-0000-0000-0000-000000000000/127.0.0.1:5400].

--------------------------------------------------------------------------------
2022-12-14 03:37:55.770 [Info] Disconnected [00000000-0000-0000-0000-000000000000].

--------------------------------------------------------------------------------
2022-12-14 03:37:55.770 [Info] Connecting to 127.0.0.1:5400...

--------------------------------------------------------------------------------
2022-12-14 03:38:10.890 [Debug] StatusChanged: [NetIncomingMessage #0 63 bytes] [Disconnected]

--------------------------------------------------------------------------------
2022-12-14 03:38:10.890 [Debug] Unknown client disconnected (00-00-00-00-00-00-00-00).

--------------------------------------------------------------------------------
2022-12-14 03:38:10.890 [Info] Disconnected [00000000-0000-0000-0000-000000000000].

--------------------------------------------------------------------------------
2022-12-14 03:38:10.891 [Info] Connecting to 127.0.0.1:5400...

--------------------------------------------------------------------------------
2022-12-14 03:38:25.999 [Debug] StatusChanged: [NetIncomingMessage #0 63 bytes] [Disconnected]

--------------------------------------------------------------------------------
2022-12-14 03:38:25.999 [Debug] Unknown client disconnected (00-00-00-00-00-00-00-00).

--------------------------------------------------------------------------------
2022-12-14 03:38:25.999 [Info] Disconnected [00000000-0000-0000-0000-000000000000].

--------------------------------------------------------------------------------
2022-12-14 03:38:25.999 [Info] Connecting to 127.0.0.1:5400...

--------------------------------------------------------------------------------
2022-12-14 03:38:41.154 [Debug] StatusChanged: [NetIncomingMessage #0 63 bytes] [Disconnected]

--------------------------------------------------------------------------------
2022-12-14 03:38:41.154 [Debug] Unknown client disconnected (00-00-00-00-00-00-00-00).

--------------------------------------------------------------------------------
2022-12-14 03:38:41.154 [Info] Disconnected [00000000-0000-0000-0000-000000000000].

--------------------------------------------------------------------------------
2022-12-14 03:38:41.154 [Info] Connecting to 127.0.0.1:5400...

--------------------------------------------------------------------------------
2022-12-14 03:38:44.927 [Info] Connection approved [00000000-0000-0000-0000-000000000000].

--------------------------------------------------------------------------------
2022-12-14 03:38:44.927 [Debug] approval Time=2259 Offset=63806585922571 Real=63806585924831

--------------------------------------------------------------------------------
2022-12-14 03:38:44.927 [Debug] local Time=2259 Offset=63806585922666 Real=63806585924925

--------------------------------------------------------------------------------
2022-12-14 03:38:44.928 [Debug] real delta=94

--------------------------------------------------------------------------------
2022-12-14 03:38:44.928 [Debug] this.Statistics.Ping=0 NCPing=-1000

--------------------------------------------------------------------------------
2022-12-14 03:38:44.928 [Debug] Connection established to remote [00000000-0000-0000-0000-000000000000/127.0.0.1:5400].

--------------------------------------------------------------------------------
2022-12-14 03:38:44.928 [Info] Connected [00000000-0000-0000-0000-000000000000].

--------------------------------------------------------------------------------
2022-12-14 03:38:50.255 [Warn] 'Me' is null.

--------------------------------------------------------------------------------
2022-12-14 03:38:50.519 [Debug] received epp: 7915

--------------------------------------------------------------------------------
2022-12-14 03:38:51.565 [Debug] StatusChanged: [NetIncomingMessage #7 14 bytes] [Disconnected]

--------------------------------------------------------------------------------
2022-12-14 03:38:51.565 [Debug] Connection terminated to remote [00000000-0000-0000-0000-000000000000/127.0.0.1:5400].

--------------------------------------------------------------------------------
2022-12-14 03:38:51.565 [Info] Disconnected [00000000-0000-0000-0000-000000000000].

--------------------------------------------------------------------------------
2022-12-14 03:38:51.565 [Info] Connecting to 127.0.0.1:5400...

--------------------------------------------------------------------------------
2022-12-14 03:39:06.679 [Debug] StatusChanged: [NetIncomingMessage #0 63 bytes] [Disconnected]

--------------------------------------------------------------------------------
2022-12-14 03:39:06.679 [Debug] Unknown client disconnected (00-00-00-00-00-00-00-00).

--------------------------------------------------------------------------------
2022-12-14 03:39:06.679 [Info] Disconnected [00000000-0000-0000-0000-000000000000].

--------------------------------------------------------------------------------
2022-12-14 03:39:06.680 [Info] Connecting to 127.0.0.1:5400...

--------------------------------------------------------------------------------
2022-12-14 03:39:21.785 [Debug] StatusChanged: [NetIncomingMessage #0 63 bytes] [Disconnected]

--------------------------------------------------------------------------------
2022-12-14 03:39:21.786 [Debug] Unknown client disconnected (00-00-00-00-00-00-00-00).

--------------------------------------------------------------------------------
2022-12-14 03:39:21.786 [Info] Disconnected [00000000-0000-0000-0000-000000000000].

--------------------------------------------------------------------------------
2022-12-14 03:39:21.786 [Info] Connecting to 127.0.0.1:5400...

--------------------------------------------------------------------------------
2022-12-14 03:39:36.920 [Debug] StatusChanged: [NetIncomingMessage #0 63 bytes] [Disconnected]

--------------------------------------------------------------------------------
2022-12-14 03:39:36.920 [Debug] Unknown client disconnected (00-00-00-00-00-00-00-00).

--------------------------------------------------------------------------------
2022-12-14 03:39:36.920 [Info] Disconnected [00000000-0000-0000-0000-000000000000].

--------------------------------------------------------------------------------
2022-12-14 03:39:36.920 [Info] Connecting to 127.0.0.1:5400...

--------------------------------------------------------------------------------
2022-12-14 03:39:40.637 [Info] Connection approved [00000000-0000-0000-0000-000000000000].

--------------------------------------------------------------------------------
2022-12-14 03:39:40.637 [Debug] approval Time=2512 Offset=63806585978054 Real=63806585980566

--------------------------------------------------------------------------------
2022-12-14 03:39:40.638 [Debug] local Time=2512 Offset=63806585978125 Real=63806585980637

--------------------------------------------------------------------------------
2022-12-14 03:39:40.638 [Debug] real delta=70

--------------------------------------------------------------------------------
2022-12-14 03:39:40.638 [Debug] this.Statistics.Ping=0 NCPing=-1000

--------------------------------------------------------------------------------
2022-12-14 03:39:40.638 [Debug] Connection established to remote [00000000-0000-0000-0000-000000000000/127.0.0.1:5400].

--------------------------------------------------------------------------------
2022-12-14 03:39:40.638 [Info] Connected [00000000-0000-0000-0000-000000000000].

--------------------------------------------------------------------------------
2022-12-14 03:42:49.257 [Warn] 'Me' is null.

--------------------------------------------------------------------------------
2022-12-14 03:42:49.474 [Debug] received epp: 191401

--------------------------------------------------------------------------------
2022-12-14 03:55:02.467 [Debug] received epp: 924406

--------------------------------------------------------------------------------
2022-12-14 03:55:33.594 [Info] System window closing (due to user interaction most likely).

--------------------------------------------------------------------------------
2022-12-14 03:55:33.595 [Debug] StatusChanged: [NetIncomingMessage #0 10 bytes] [Disconnecting]

--------------------------------------------------------------------------------
2022-12-14 03:55:33.597 [Debug] StatusChanged: [NetIncomingMessage #0 14 bytes] [Disconnected]

--------------------------------------------------------------------------------
2022-12-14 03:55:33.638 [Info] Acquiring context lock... (0ms)

--------------------------------------------------------------------------------
2022-12-14 03:55:33.641 [Info] Acquired. (3ms)

--------------------------------------------------------------------------------
2022-12-14 03:55:33.642 [Info] Beginning context dispose. (0ms)

--------------------------------------------------------------------------------
2022-12-14 03:55:33.642 [Info] GC.SuppressFinalize (0ms)

--------------------------------------------------------------------------------
2022-12-14 03:55:33.642 [Info] InternalDispose() completed. (0ms)

--------------------------------------------------------------------------------
2022-12-14 03:55:33.642 [Info] Clearing instance... (4ms)

--------------------------------------------------------------------------------
2022-12-14 03:55:33.642 [Info] Releasing context lock... (4ms)

--------------------------------------------------------------------------------
2022-12-14 03:55:33.642 [Info] Released. (4ms)

--------------------------------------------------------------------------------
