2023-02-04 06:05:57.274 [Warn] Directory was specified as a plugin directory but does not exist: 'resources\plugins'

--------------------------------------------------------------------------------
2023-02-04 06:05:57.289 [Info] Discovered 0 plugins:


--------------------------------------------------------------------------------
2023-02-04 06:05:57.931 [Info] Connecting to 26.82.96.248:5400...

--------------------------------------------------------------------------------
2023-02-04 06:05:58.207 [Info] Connection approved [00000000-0000-0000-0000-000000000000].

--------------------------------------------------------------------------------
2023-02-04 06:05:58.245 [Debug] approval Time=2569826 Offset=63811084988360 Real=63811087558187

--------------------------------------------------------------------------------
2023-02-04 06:05:58.245 [Debug] local Time=2569826 Offset=63811084988418 Real=63811087558245

--------------------------------------------------------------------------------
2023-02-04 06:05:58.245 [Debug] real delta=57

--------------------------------------------------------------------------------
2023-02-04 06:05:58.245 [Debug] this.Statistics.Ping=0 NCPing=2

--------------------------------------------------------------------------------
2023-02-04 06:05:58.246 [Debug] Connection established to remote [00000000-0000-0000-0000-000000000000/26.82.96.248:5400].

--------------------------------------------------------------------------------
2023-02-04 06:05:58.246 [Info] Connected [00000000-0000-0000-0000-000000000000].

--------------------------------------------------------------------------------
2023-02-04 06:05:59.696 [Warn] 'Me' is null.

--------------------------------------------------------------------------------
2023-02-04 06:05:59.870 [Debug] received epp: 2571286

--------------------------------------------------------------------------------
2023-02-04 06:06:27.599 [Info] System window closing (due to user interaction most likely).

--------------------------------------------------------------------------------
2023-02-04 06:06:27.601 [Debug] StatusChanged: [NetIncomingMessage #422 10 bytes] [Disconnecting]

--------------------------------------------------------------------------------
2023-02-04 06:06:27.603 [Debug] StatusChanged: [NetIncomingMessage #423 9 bytes] [Disconnected]

--------------------------------------------------------------------------------
2023-02-04 06:06:27.668 [Info] Acquiring context lock... (0ms)

--------------------------------------------------------------------------------
2023-02-04 06:06:27.668 [Info] Acquired. (0ms)

--------------------------------------------------------------------------------
2023-02-04 06:06:27.668 [Info] Beginning context dispose. (0ms)

--------------------------------------------------------------------------------
2023-02-04 06:06:27.668 [Info] GC.SuppressFinalize (0ms)

--------------------------------------------------------------------------------
2023-02-04 06:06:27.668 [Info] InternalDispose() completed. (0ms)

--------------------------------------------------------------------------------
2023-02-04 06:06:27.668 [Info] Clearing instance... (0ms)

--------------------------------------------------------------------------------
2023-02-04 06:06:27.668 [Info] Releasing context lock... (0ms)

--------------------------------------------------------------------------------
2023-02-04 06:06:27.668 [Info] Released. (0ms)

--------------------------------------------------------------------------------
