2023-01-28 13:45:04.217 [Warn] Directory was specified as a plugin directory but does not exist: 'resources\plugins'

--------------------------------------------------------------------------------
2023-01-28 13:45:04.229 [Info] Discovered 0 plugins:


--------------------------------------------------------------------------------
2023-01-28 13:45:06.433 [Info] Connecting to 26.82.96.248:5400...

--------------------------------------------------------------------------------
2023-01-28 13:45:07.260 [Info] Connection approved [00000000-0000-0000-0000-000000000000].

--------------------------------------------------------------------------------
2023-01-28 13:45:07.385 [Debug] approval Time=914186 Offset=63810509394174 Real=63810510308361

--------------------------------------------------------------------------------
2023-01-28 13:45:07.385 [Debug] local Time=914186 Offset=63810509393199 Real=63810510307385

--------------------------------------------------------------------------------
2023-01-28 13:45:07.386 [Debug] real delta=-975

--------------------------------------------------------------------------------
2023-01-28 13:45:07.386 [Debug] this.Statistics.Ping=0 NCPing=41

--------------------------------------------------------------------------------
2023-01-28 13:45:07.390 [Debug] Connection established to remote [00000000-0000-0000-0000-000000000000/26.82.96.248:5400].

--------------------------------------------------------------------------------
2023-01-28 13:45:07.390 [Info] Connected [00000000-0000-0000-0000-000000000000].

--------------------------------------------------------------------------------
2023-01-28 13:45:18.281 [Warn] 'Me' is null.

--------------------------------------------------------------------------------
2023-01-28 13:45:19.026 [Debug] received epp: 925386

--------------------------------------------------------------------------------
2023-01-28 13:50:28.718 [Info] System window closing (due to user interaction most likely).

--------------------------------------------------------------------------------
2023-01-28 13:50:28.720 [Debug] StatusChanged: [NetIncomingMessage #234 10 bytes] [Disconnecting]

--------------------------------------------------------------------------------
2023-01-28 13:50:28.723 [Debug] StatusChanged: [NetIncomingMessage #235 10 bytes] [Disconnected]

--------------------------------------------------------------------------------
2023-01-28 13:50:28.723 [Debug] Connection terminated to remote [00000000-0000-0000-0000-000000000000/26.82.96.248:5400].

--------------------------------------------------------------------------------
2023-01-28 13:50:28.724 [Info] Disconnected [00000000-0000-0000-0000-000000000000].

--------------------------------------------------------------------------------
2023-01-28 13:50:28.725 [Info] Connecting to 26.82.96.248:5400...

--------------------------------------------------------------------------------
2023-01-28 13:50:28.780 [Info] Acquiring context lock... (0ms)

--------------------------------------------------------------------------------
2023-01-28 13:50:28.780 [Info] Acquired. (0ms)

--------------------------------------------------------------------------------
2023-01-28 13:50:28.782 [Info] Beginning context dispose. (0ms)

--------------------------------------------------------------------------------
2023-01-28 13:50:28.782 [Info] GC.SuppressFinalize (0ms)

--------------------------------------------------------------------------------
2023-01-28 13:50:28.782 [Info] InternalDispose() completed. (0ms)

--------------------------------------------------------------------------------
2023-01-28 13:50:28.782 [Info] Clearing instance... (2ms)

--------------------------------------------------------------------------------
2023-01-28 13:50:28.782 [Info] Releasing context lock... (2ms)

--------------------------------------------------------------------------------
2023-01-28 13:50:28.782 [Info] Released. (2ms)

--------------------------------------------------------------------------------
