2023-02-04 06:06:30.195 [Warn] Directory was specified as a plugin directory but does not exist: 'resources\plugins'

--------------------------------------------------------------------------------
2023-02-04 06:06:30.211 [Info] Discovered 0 plugins:


--------------------------------------------------------------------------------
2023-02-04 06:06:30.855 [Info] Connecting to 26.82.96.248:5400...

--------------------------------------------------------------------------------
2023-02-04 06:06:31.143 [Info] Connection approved [00000000-0000-0000-0000-000000000000].

--------------------------------------------------------------------------------
2023-02-04 06:06:31.185 [Debug] approval Time=2602759 Offset=63811084988360 Real=63811087591119

--------------------------------------------------------------------------------
2023-02-04 06:06:31.185 [Debug] local Time=2602759 Offset=63811084988426 Real=63811087591185

--------------------------------------------------------------------------------
2023-02-04 06:06:31.185 [Debug] real delta=66

--------------------------------------------------------------------------------
2023-02-04 06:06:31.185 [Debug] this.Statistics.Ping=0 NCPing=2

--------------------------------------------------------------------------------
2023-02-04 06:06:31.186 [Debug] Connection established to remote [00000000-0000-0000-0000-000000000000/26.82.96.248:5400].

--------------------------------------------------------------------------------
2023-02-04 06:06:31.187 [Info] Connected [00000000-0000-0000-0000-000000000000].

--------------------------------------------------------------------------------
2023-02-04 06:06:34.548 [Warn] 'Me' is null.

--------------------------------------------------------------------------------
2023-02-04 06:06:34.723 [Debug] received epp: 2606138

--------------------------------------------------------------------------------
2023-02-04 06:11:14.077 [Info] System window closing (due to user interaction most likely).

--------------------------------------------------------------------------------
2023-02-04 06:11:14.079 [Debug] StatusChanged: [NetIncomingMessage #76 10 bytes] [Disconnecting]

--------------------------------------------------------------------------------
2023-02-04 06:11:14.084 [Debug] StatusChanged: [NetIncomingMessage #77 14 bytes] [Disconnected]

--------------------------------------------------------------------------------
2023-02-04 06:11:14.143 [Info] Acquiring context lock... (0ms)

--------------------------------------------------------------------------------
2023-02-04 06:11:14.143 [Info] Acquired. (0ms)

--------------------------------------------------------------------------------
2023-02-04 06:11:14.143 [Info] Beginning context dispose. (0ms)

--------------------------------------------------------------------------------
2023-02-04 06:11:14.143 [Info] GC.SuppressFinalize (0ms)

--------------------------------------------------------------------------------
2023-02-04 06:11:14.143 [Info] InternalDispose() completed. (0ms)

--------------------------------------------------------------------------------
2023-02-04 06:11:14.143 [Info] Clearing instance... (0ms)

--------------------------------------------------------------------------------
2023-02-04 06:11:14.143 [Info] Releasing context lock... (0ms)

--------------------------------------------------------------------------------
2023-02-04 06:11:14.143 [Info] Released. (0ms)

--------------------------------------------------------------------------------
