2023-01-30 14:57:50.331 [Warn] Directory was specified as a plugin directory but does not exist: 'resources\plugins'

--------------------------------------------------------------------------------
2023-01-30 14:57:50.335 [Info] Discovered 0 plugins:


--------------------------------------------------------------------------------
2023-01-30 14:57:50.905 [Info] Connecting to 26.82.96.248:5400...

--------------------------------------------------------------------------------
2023-01-30 14:57:51.191 [Info] Connection approved [00000000-0000-0000-0000-000000000000].

--------------------------------------------------------------------------------
2023-01-30 14:57:51.230 [Debug] approval Time=945824 Offset=63810686525344 Real=63810687471169

--------------------------------------------------------------------------------
2023-01-30 14:57:51.231 [Debug] local Time=945824 Offset=63810686525406 Real=63810687471230

--------------------------------------------------------------------------------
2023-01-30 14:57:51.231 [Debug] real delta=61

--------------------------------------------------------------------------------
2023-01-30 14:57:51.231 [Debug] this.Statistics.Ping=0 NCPing=2

--------------------------------------------------------------------------------
2023-01-30 14:57:51.233 [Debug] Connection established to remote [00000000-0000-0000-0000-000000000000/26.82.96.248:5400].

--------------------------------------------------------------------------------
2023-01-30 14:57:51.233 [Info] Connected [00000000-0000-0000-0000-000000000000].

--------------------------------------------------------------------------------
2023-01-30 15:04:04.004 [Info] System window closing (due to user interaction most likely).

--------------------------------------------------------------------------------
2023-01-30 15:04:04.006 [Debug] StatusChanged: [NetIncomingMessage #0 10 bytes] [Disconnecting]

--------------------------------------------------------------------------------
2023-01-30 15:04:04.010 [Debug] StatusChanged: [NetIncomingMessage #0 14 bytes] [Disconnected]

--------------------------------------------------------------------------------
2023-01-30 15:04:04.063 [Info] Acquiring context lock... (0ms)

--------------------------------------------------------------------------------
2023-01-30 15:04:04.063 [Info] Acquired. (0ms)

--------------------------------------------------------------------------------
2023-01-30 15:04:04.063 [Info] Beginning context dispose. (0ms)

--------------------------------------------------------------------------------
2023-01-30 15:04:04.063 [Info] GC.SuppressFinalize (0ms)

--------------------------------------------------------------------------------
2023-01-30 15:04:04.063 [Info] InternalDispose() completed. (0ms)

--------------------------------------------------------------------------------
2023-01-30 15:04:04.063 [Info] Clearing instance... (0ms)

--------------------------------------------------------------------------------
2023-01-30 15:04:04.063 [Info] Releasing context lock... (0ms)

--------------------------------------------------------------------------------
2023-01-30 15:04:04.063 [Info] Released. (0ms)

--------------------------------------------------------------------------------
