2023-02-04 05:22:58.739 [Warn] Directory was specified as a plugin directory but does not exist: 'resources\plugins'

--------------------------------------------------------------------------------
2023-02-04 05:22:58.743 [Info] Discovered 0 plugins:


--------------------------------------------------------------------------------
2023-02-04 05:22:58.969 [Warn] Missing strings, overwriting strings file:
	ItemDescription.Rarity[Common],
	ItemDescription.Rarity[Uncommon],
	ItemDescription.Rarity[Rare],
	ItemDescription.Rarity[Epic],
	ItemDescription.Rarity[Legendary]

--------------------------------------------------------------------------------
2023-02-04 05:22:59.716 [Info] Connecting to 26.82.96.248:5400...

--------------------------------------------------------------------------------
2023-02-04 05:23:09.259 [Info] Connection approved [00000000-0000-0000-0000-000000000000].

--------------------------------------------------------------------------------
2023-02-04 05:23:09.309 [Debug] approval Time=843 Offset=63811084988360 Real=63811084989204

--------------------------------------------------------------------------------
2023-02-04 05:23:09.310 [Debug] local Time=843 Offset=63811084988452 Real=63811084989296

--------------------------------------------------------------------------------
2023-02-04 05:23:09.310 [Debug] real delta=91

--------------------------------------------------------------------------------
2023-02-04 05:23:09.310 [Debug] this.Statistics.Ping=0 NCPing=3

--------------------------------------------------------------------------------
2023-02-04 05:23:09.311 [Debug] Connection established to remote [00000000-0000-0000-0000-000000000000/26.82.96.248:5400].

--------------------------------------------------------------------------------
2023-02-04 05:23:09.312 [Info] Connected [00000000-0000-0000-0000-000000000000].

--------------------------------------------------------------------------------
2023-02-04 05:23:11.944 [Warn] 'Me' is null.

--------------------------------------------------------------------------------
2023-02-04 05:23:12.160 [Debug] received epp: 3712

--------------------------------------------------------------------------------
2023-02-04 05:23:26.725 [Info] System window closing (due to user interaction most likely).

--------------------------------------------------------------------------------
2023-02-04 05:23:26.727 [Debug] StatusChanged: [NetIncomingMessage #272 10 bytes] [Disconnecting]

--------------------------------------------------------------------------------
2023-02-04 05:23:26.732 [Debug] StatusChanged: [NetIncomingMessage #273 14 bytes] [Disconnected]

--------------------------------------------------------------------------------
2023-02-04 05:23:26.800 [Info] Acquiring context lock... (0ms)

--------------------------------------------------------------------------------
2023-02-04 05:23:26.801 [Info] Acquired. (0ms)

--------------------------------------------------------------------------------
2023-02-04 05:23:26.802 [Info] Beginning context dispose. (0ms)

--------------------------------------------------------------------------------
2023-02-04 05:23:26.803 [Info] GC.SuppressFinalize (1ms)

--------------------------------------------------------------------------------
2023-02-04 05:23:26.803 [Info] InternalDispose() completed. (1ms)

--------------------------------------------------------------------------------
2023-02-04 05:23:26.803 [Info] Clearing instance... (3ms)

--------------------------------------------------------------------------------
2023-02-04 05:23:26.804 [Info] Releasing context lock... (3ms)

--------------------------------------------------------------------------------
2023-02-04 05:23:26.804 [Info] Released. (3ms)

--------------------------------------------------------------------------------
