2023-01-30 13:35:29.392 [Warn] Directory was specified as a plugin directory but does not exist: 'resources\plugins'

--------------------------------------------------------------------------------
2023-01-30 13:35:29.396 [Info] Discovered 0 plugins:


--------------------------------------------------------------------------------
2023-01-30 13:35:29.959 [Info] Connecting to 26.82.96.248:5400...

--------------------------------------------------------------------------------
2023-01-30 13:35:30.210 [Debug] StatusChanged: [NetIncomingMessage #0 31 bytes] [Disconnected]

--------------------------------------------------------------------------------
2023-01-30 13:35:30.217 [Debug] Unknown client disconnected (00-00-00-00-00-00-00-00).

--------------------------------------------------------------------------------
2023-01-30 13:35:30.218 [Info] Connection denied [].

--------------------------------------------------------------------------------
2023-01-30 13:36:08.090 [Info] System window closing (due to user interaction most likely).

--------------------------------------------------------------------------------
2023-01-30 13:36:08.136 [Info] Acquiring context lock... (0ms)

--------------------------------------------------------------------------------
2023-01-30 13:36:08.136 [Info] Acquired. (0ms)

--------------------------------------------------------------------------------
2023-01-30 13:36:08.136 [Info] Beginning context dispose. (0ms)

--------------------------------------------------------------------------------
2023-01-30 13:36:08.136 [Info] GC.SuppressFinalize (0ms)

--------------------------------------------------------------------------------
2023-01-30 13:36:08.137 [Info] InternalDispose() completed. (0ms)

--------------------------------------------------------------------------------
2023-01-30 13:36:08.137 [Info] Clearing instance... (0ms)

--------------------------------------------------------------------------------
2023-01-30 13:36:08.137 [Info] Releasing context lock... (0ms)

--------------------------------------------------------------------------------
2023-01-30 13:36:08.137 [Info] Released. (0ms)

--------------------------------------------------------------------------------
