2022-12-14 09:19:52.001 [Warn] Directory was specified as a plugin directory but does not exist: 'resources\plugins'

--------------------------------------------------------------------------------
2022-12-14 09:19:52.006 [Info] Discovered 0 plugins:


--------------------------------------------------------------------------------
2022-12-14 09:19:52.648 [Info] Connecting to 127.0.0.1:5400...

--------------------------------------------------------------------------------
2022-12-14 09:19:52.914 [Info] Connection approved [00000000-0000-0000-0000-000000000000].

--------------------------------------------------------------------------------
2022-12-14 09:19:52.963 [Debug] approval Time=3567810 Offset=63806602825084 Real=63806606392894

--------------------------------------------------------------------------------
2022-12-14 09:19:52.963 [Debug] local Time=3567810 Offset=63806602825152 Real=63806606392962

--------------------------------------------------------------------------------
2022-12-14 09:19:52.963 [Debug] real delta=67

--------------------------------------------------------------------------------
2022-12-14 09:19:52.963 [Debug] this.Statistics.Ping=0 NCPing=1

--------------------------------------------------------------------------------
2022-12-14 09:19:52.964 [Debug] Connection established to remote [00000000-0000-0000-0000-000000000000/127.0.0.1:5400].

--------------------------------------------------------------------------------
2022-12-14 09:19:52.965 [Info] Connected [00000000-0000-0000-0000-000000000000].

--------------------------------------------------------------------------------
2022-12-14 09:20:00.925 [Warn] 'Me' is null.

--------------------------------------------------------------------------------
2022-12-14 09:20:01.089 [Debug] received epp: 3575775

--------------------------------------------------------------------------------
2022-12-14 09:20:08.806 [Debug] received epp: 3583713

--------------------------------------------------------------------------------
2022-12-14 09:21:27.084 [Info] System window closing (due to user interaction most likely).

--------------------------------------------------------------------------------
2022-12-14 09:21:27.086 [Debug] StatusChanged: [NetIncomingMessage #0 10 bytes] [Disconnecting]

--------------------------------------------------------------------------------
2022-12-14 09:21:27.092 [Debug] StatusChanged: [NetIncomingMessage #0 14 bytes] [Disconnected]

--------------------------------------------------------------------------------
2022-12-14 09:21:27.143 [Info] Acquiring context lock... (0ms)

--------------------------------------------------------------------------------
2022-12-14 09:21:27.143 [Info] Acquired. (0ms)

--------------------------------------------------------------------------------
2022-12-14 09:21:27.144 [Info] Beginning context dispose. (0ms)

--------------------------------------------------------------------------------
2022-12-14 09:21:27.144 [Info] GC.SuppressFinalize (0ms)

--------------------------------------------------------------------------------
2022-12-14 09:21:27.144 [Info] InternalDispose() completed. (0ms)

--------------------------------------------------------------------------------
2022-12-14 09:21:27.144 [Info] Clearing instance... (0ms)

--------------------------------------------------------------------------------
2022-12-14 09:21:27.144 [Info] Releasing context lock... (0ms)

--------------------------------------------------------------------------------
2022-12-14 09:21:27.144 [Info] Released. (0ms)

--------------------------------------------------------------------------------
