2023-01-30 04:38:07.608 [Warn] Directory was specified as a plugin directory but does not exist: 'resources\plugins'

--------------------------------------------------------------------------------
2023-01-30 04:38:07.608 [Info] Discovered 0 plugins:


--------------------------------------------------------------------------------
2023-01-30 04:38:08.211 [Info] Connecting to 26.82.96.248:5400...

--------------------------------------------------------------------------------
2023-01-30 04:38:20.690 [Info] Connection approved [00000000-0000-0000-0000-000000000000].

--------------------------------------------------------------------------------
2023-01-30 04:38:20.726 [Debug] approval Time=2150 Offset=63810650298495 Real=63810650300646

--------------------------------------------------------------------------------
2023-01-30 04:38:20.726 [Debug] local Time=2150 Offset=63810650298576 Real=63810650300726

--------------------------------------------------------------------------------
2023-01-30 04:38:20.726 [Debug] real delta=80

--------------------------------------------------------------------------------
2023-01-30 04:38:20.726 [Debug] this.Statistics.Ping=0 NCPing=1

--------------------------------------------------------------------------------
2023-01-30 04:38:20.727 [Debug] Connection established to remote [00000000-0000-0000-0000-000000000000/26.82.96.248:5400].

--------------------------------------------------------------------------------
2023-01-30 04:38:20.727 [Info] Connected [00000000-0000-0000-0000-000000000000].

--------------------------------------------------------------------------------
2023-01-30 05:31:02.436 [Warn] 'Me' is null.

--------------------------------------------------------------------------------
2023-01-30 05:31:02.698 [Debug] received epp: 3164096

--------------------------------------------------------------------------------
2023-01-30 06:03:17.505 [Debug] StatusChanged: [NetIncomingMessage #0 22 bytes] [Disconnected]

--------------------------------------------------------------------------------
2023-01-30 06:03:17.506 [Debug] Connection terminated to remote [00000000-0000-0000-0000-000000000000/26.82.96.248:5400].

--------------------------------------------------------------------------------
2023-01-30 06:03:17.506 [Info] Disconnected [00000000-0000-0000-0000-000000000000].

--------------------------------------------------------------------------------
2023-01-30 06:03:17.508 [Info] Connecting to 26.82.96.248:5400...

--------------------------------------------------------------------------------
2023-01-30 06:03:23.651 [Info] Connection approved [00000000-0000-0000-0000-000000000000].

--------------------------------------------------------------------------------
2023-01-30 06:03:23.651 [Debug] approval Time=5105139 Offset=63810650298495 Real=63810655403635

--------------------------------------------------------------------------------
2023-01-30 06:03:23.651 [Debug] local Time=5105139 Offset=63810650298512 Real=63810655403651

--------------------------------------------------------------------------------
2023-01-30 06:03:23.651 [Debug] real delta=16

--------------------------------------------------------------------------------
2023-01-30 06:03:23.651 [Debug] this.Statistics.Ping=0 NCPing=0

--------------------------------------------------------------------------------
2023-01-30 06:03:23.651 [Debug] Connection established to remote [00000000-0000-0000-0000-000000000000/26.82.96.248:5400].

--------------------------------------------------------------------------------
2023-01-30 06:03:23.651 [Info] Connected [00000000-0000-0000-0000-000000000000].

--------------------------------------------------------------------------------
2023-01-30 06:28:11.511 [Debug] StatusChanged: [NetIncomingMessage #0 22 bytes] [Disconnected]

--------------------------------------------------------------------------------
2023-01-30 06:28:11.511 [Debug] Connection terminated to remote [00000000-0000-0000-0000-000000000000/26.82.96.248:5400].

--------------------------------------------------------------------------------
2023-01-30 06:28:11.511 [Info] Disconnected [00000000-0000-0000-0000-000000000000].

--------------------------------------------------------------------------------
2023-01-30 06:28:11.512 [Info] Connecting to 26.82.96.248:5400...

--------------------------------------------------------------------------------
2023-01-30 06:28:20.654 [Info] Connection approved [00000000-0000-0000-0000-000000000000].

--------------------------------------------------------------------------------
2023-01-30 06:28:20.654 [Debug] approval Time=6602142 Offset=63810650298495 Real=63810656900638

--------------------------------------------------------------------------------
2023-01-30 06:28:20.654 [Debug] local Time=6602142 Offset=63810650298507 Real=63810656900650

--------------------------------------------------------------------------------
2023-01-30 06:28:20.654 [Debug] real delta=11

--------------------------------------------------------------------------------
2023-01-30 06:28:20.654 [Debug] this.Statistics.Ping=0 NCPing=0

--------------------------------------------------------------------------------
2023-01-30 06:28:20.654 [Debug] Connection established to remote [00000000-0000-0000-0000-000000000000/26.82.96.248:5400].

--------------------------------------------------------------------------------
2023-01-30 06:28:20.654 [Info] Connected [00000000-0000-0000-0000-000000000000].

--------------------------------------------------------------------------------
2023-01-30 06:30:09.292 [Debug] StatusChanged: [NetIncomingMessage #0 14 bytes] [Disconnected]

--------------------------------------------------------------------------------
2023-01-30 06:30:09.292 [Debug] Connection terminated to remote [00000000-0000-0000-0000-000000000000/26.82.96.248:5400].

--------------------------------------------------------------------------------
2023-01-30 06:30:09.292 [Info] Disconnected [00000000-0000-0000-0000-000000000000].

--------------------------------------------------------------------------------
2023-01-30 06:30:09.292 [Info] Connecting to 26.82.96.248:5400...

--------------------------------------------------------------------------------
2023-01-30 06:30:10.969 [Info] System window closing (due to user interaction most likely).

--------------------------------------------------------------------------------
2023-01-30 06:30:10.970 [Debug] StatusChanged: [NetIncomingMessage #0 10 bytes] [Disconnecting]

--------------------------------------------------------------------------------
2023-01-30 06:30:10.973 [Debug] StatusChanged: [NetIncomingMessage #0 14 bytes] [Disconnected]

--------------------------------------------------------------------------------
2023-01-30 06:30:10.973 [Debug] Unknown client disconnected (00-00-00-00-00-00-00-00).

--------------------------------------------------------------------------------
2023-01-30 06:30:10.973 [Info] Disconnected [00000000-0000-0000-0000-000000000000].

--------------------------------------------------------------------------------
2023-01-30 06:30:11.007 [Info] Acquiring context lock... (0ms)

--------------------------------------------------------------------------------
2023-01-30 06:30:11.007 [Info] Acquired. (0ms)

--------------------------------------------------------------------------------
2023-01-30 06:30:11.007 [Info] Beginning context dispose. (0ms)

--------------------------------------------------------------------------------
2023-01-30 06:30:11.007 [Info] GC.SuppressFinalize (0ms)

--------------------------------------------------------------------------------
2023-01-30 06:30:11.007 [Info] InternalDispose() completed. (0ms)

--------------------------------------------------------------------------------
2023-01-30 06:30:11.007 [Info] Clearing instance... (0ms)

--------------------------------------------------------------------------------
2023-01-30 06:30:11.008 [Info] Releasing context lock... (0ms)

--------------------------------------------------------------------------------
2023-01-30 06:30:11.008 [Info] Released. (0ms)

--------------------------------------------------------------------------------
