2023-01-02 12:29:30.947 [Warn] Directory was specified as a plugin directory but does not exist: 'resources\plugins'

--------------------------------------------------------------------------------
2023-01-02 12:29:30.969 [Info] Discovered 0 plugins:


--------------------------------------------------------------------------------
2023-01-02 12:29:31.662 [Info] Connecting to 26.82.96.248:5400...

--------------------------------------------------------------------------------
2023-01-02 12:29:32.037 [Info] Connection approved [00000000-0000-0000-0000-000000000000].

--------------------------------------------------------------------------------
2023-01-02 12:29:32.096 [Debug] approval Time=2830523 Offset=63808256541493 Real=63808259372016

--------------------------------------------------------------------------------
2023-01-02 12:29:32.096 [Debug] local Time=2830523 Offset=63808256541573 Real=63808259372096

--------------------------------------------------------------------------------
2023-01-02 12:29:32.096 [Debug] real delta=80

--------------------------------------------------------------------------------
2023-01-02 12:29:32.096 [Debug] this.Statistics.Ping=0 NCPing=2

--------------------------------------------------------------------------------
2023-01-02 12:29:32.097 [Debug] Connection established to remote [00000000-0000-0000-0000-000000000000/26.82.96.248:5400].

--------------------------------------------------------------------------------
2023-01-02 12:29:32.098 [Info] Connected [00000000-0000-0000-0000-000000000000].

--------------------------------------------------------------------------------
2023-01-02 12:29:38.451 [Warn] 'Me' is null.

--------------------------------------------------------------------------------
2023-01-02 12:29:38.631 [Debug] received epp: 2836894

--------------------------------------------------------------------------------
2023-01-02 12:30:00.792 [Debug] received epp: 2859278

--------------------------------------------------------------------------------
2023-01-02 12:39:36.397 [Debug] StatusChanged: [NetIncomingMessage #0 14 bytes] [Disconnected]

--------------------------------------------------------------------------------
2023-01-02 12:39:36.397 [Debug] Connection terminated to remote [00000000-0000-0000-0000-000000000000/26.82.96.248:5400].

--------------------------------------------------------------------------------
2023-01-02 12:39:36.398 [Info] Disconnected [00000000-0000-0000-0000-000000000000].

--------------------------------------------------------------------------------
2023-01-02 12:39:36.401 [Info] Connecting to 26.82.96.248:5400...

--------------------------------------------------------------------------------
2023-01-02 12:39:51.420 [Info] System window closing (due to user interaction most likely).

--------------------------------------------------------------------------------
2023-01-02 12:39:51.420 [Debug] StatusChanged: [NetIncomingMessage #0 10 bytes] [Disconnecting]

--------------------------------------------------------------------------------
2023-01-02 12:39:51.423 [Debug] StatusChanged: [NetIncomingMessage #0 14 bytes] [Disconnected]

--------------------------------------------------------------------------------
2023-01-02 12:39:51.423 [Debug] Unknown client disconnected (00-00-00-00-00-00-00-00).

--------------------------------------------------------------------------------
2023-01-02 12:39:51.423 [Info] Disconnected [00000000-0000-0000-0000-000000000000].

--------------------------------------------------------------------------------
2023-01-02 12:39:51.469 [Info] Acquiring context lock... (0ms)

--------------------------------------------------------------------------------
2023-01-02 12:39:51.469 [Info] Acquired. (0ms)

--------------------------------------------------------------------------------
2023-01-02 12:39:51.470 [Info] Beginning context dispose. (0ms)

--------------------------------------------------------------------------------
2023-01-02 12:39:51.470 [Info] GC.SuppressFinalize (0ms)

--------------------------------------------------------------------------------
2023-01-02 12:39:51.470 [Info] InternalDispose() completed. (0ms)

--------------------------------------------------------------------------------
2023-01-02 12:39:51.470 [Info] Clearing instance... (1ms)

--------------------------------------------------------------------------------
2023-01-02 12:39:51.470 [Info] Releasing context lock... (1ms)

--------------------------------------------------------------------------------
2023-01-02 12:39:51.470 [Info] Released. (1ms)

--------------------------------------------------------------------------------
