2022-12-14 02:34:49.718 [Warn] Directory was specified as a plugin directory but does not exist: 'resources\plugins'

--------------------------------------------------------------------------------
2022-12-14 02:34:49.742 [Info] Discovered 0 plugins:


--------------------------------------------------------------------------------
2022-12-14 02:34:50.517 [Info] Connecting to 127.0.0.1:5400...

--------------------------------------------------------------------------------
2022-12-14 02:34:50.905 [Info] Connection approved [00000000-0000-0000-0000-000000000000].

--------------------------------------------------------------------------------
2022-12-14 02:34:50.972 [Debug] approval Time=3023272 Offset=63806579067612 Real=63806582090885

--------------------------------------------------------------------------------
2022-12-14 02:34:50.972 [Debug] local Time=3023272 Offset=63806579067699 Real=63806582090972

--------------------------------------------------------------------------------
2022-12-14 02:34:50.972 [Debug] real delta=87

--------------------------------------------------------------------------------
2022-12-14 02:34:50.972 [Debug] this.Statistics.Ping=0 NCPing=1

--------------------------------------------------------------------------------
2022-12-14 02:34:50.974 [Debug] Connection established to remote [00000000-0000-0000-0000-000000000000/127.0.0.1:5400].

--------------------------------------------------------------------------------
2022-12-14 02:34:50.974 [Info] Connected [00000000-0000-0000-0000-000000000000].

--------------------------------------------------------------------------------
2022-12-14 02:37:18.059 [Info] System window closing (due to user interaction most likely).

--------------------------------------------------------------------------------
2022-12-14 02:37:18.060 [Debug] StatusChanged: [NetIncomingMessage #0 10 bytes] [Disconnecting]

--------------------------------------------------------------------------------
2022-12-14 02:37:18.064 [Debug] StatusChanged: [NetIncomingMessage #0 14 bytes] [Disconnected]

--------------------------------------------------------------------------------
2022-12-14 02:37:18.106 [Info] Acquiring context lock... (0ms)

--------------------------------------------------------------------------------
2022-12-14 02:37:18.106 [Info] Acquired. (0ms)

--------------------------------------------------------------------------------
2022-12-14 02:37:18.106 [Info] Beginning context dispose. (0ms)

--------------------------------------------------------------------------------
2022-12-14 02:37:18.107 [Info] GC.SuppressFinalize (0ms)

--------------------------------------------------------------------------------
2022-12-14 02:37:18.107 [Info] InternalDispose() completed. (0ms)

--------------------------------------------------------------------------------
2022-12-14 02:37:18.107 [Info] Clearing instance... (1ms)

--------------------------------------------------------------------------------
2022-12-14 02:37:18.107 [Info] Releasing context lock... (1ms)

--------------------------------------------------------------------------------
2022-12-14 02:37:18.107 [Info] Released. (1ms)

--------------------------------------------------------------------------------
