2023-02-04 07:08:26.786 [Warn] Directory was specified as a plugin directory but does not exist: 'resources\plugins'

--------------------------------------------------------------------------------
2023-02-04 07:08:26.786 [Info] Discovered 0 plugins:


--------------------------------------------------------------------------------
2023-02-04 07:08:27.395 [Info] Connecting to 26.82.96.248:5400...

--------------------------------------------------------------------------------
2023-02-04 07:08:27.666 [Info] Connection approved [00000000-0000-0000-0000-000000000000].

--------------------------------------------------------------------------------
2023-02-04 07:08:27.711 [Debug] approval Time=6319297 Offset=63811084988360 Real=63811091307658

--------------------------------------------------------------------------------
2023-02-04 07:08:27.711 [Debug] local Time=6319297 Offset=63811084988413 Real=63811091307711

--------------------------------------------------------------------------------
2023-02-04 07:08:27.711 [Debug] real delta=53

--------------------------------------------------------------------------------
2023-02-04 07:08:27.711 [Debug] this.Statistics.Ping=0 NCPing=2

--------------------------------------------------------------------------------
2023-02-04 07:08:27.713 [Debug] Connection established to remote [00000000-0000-0000-0000-000000000000/26.82.96.248:5400].

--------------------------------------------------------------------------------
2023-02-04 07:08:27.713 [Info] Connected [00000000-0000-0000-0000-000000000000].

--------------------------------------------------------------------------------
2023-02-04 07:08:29.333 [Warn] 'Me' is null.

--------------------------------------------------------------------------------
2023-02-04 07:08:29.512 [Debug] received epp: 6320924

--------------------------------------------------------------------------------
2023-02-04 07:08:40.072 [Debug] received epp: 6331703

--------------------------------------------------------------------------------
2023-02-04 07:10:35.251 [Debug] received epp: 6446874

--------------------------------------------------------------------------------
2023-02-04 07:12:35.462 [Debug] received epp: 6567078

--------------------------------------------------------------------------------
2023-02-04 07:13:30.246 [Debug] received epp: 6621862

--------------------------------------------------------------------------------
2023-02-04 07:13:36.720 [Debug] received epp: 6628337

--------------------------------------------------------------------------------
2023-02-04 07:20:50.442 [Debug] received epp: 7062063

--------------------------------------------------------------------------------
2023-02-04 07:29:56.619 [Debug] received epp: 7608235

--------------------------------------------------------------------------------
2023-02-04 07:32:17.083 [Info] System window closing (due to user interaction most likely).

--------------------------------------------------------------------------------
2023-02-04 07:32:17.996 [Info] System window closing (due to user interaction most likely).

--------------------------------------------------------------------------------
2023-02-04 07:32:17.998 [Debug] StatusChanged: [NetIncomingMessage #604 10 bytes] [Disconnecting]

--------------------------------------------------------------------------------
2023-02-04 07:32:18.002 [Debug] StatusChanged: [NetIncomingMessage #605 14 bytes] [Disconnected]

--------------------------------------------------------------------------------
2023-02-04 07:32:18.084 [Info] Acquiring context lock... (0ms)

--------------------------------------------------------------------------------
2023-02-04 07:32:18.119 [Info] Acquired. (35ms)

--------------------------------------------------------------------------------
2023-02-04 07:32:18.119 [Info] Beginning context dispose. (0ms)

--------------------------------------------------------------------------------
2023-02-04 07:32:18.120 [Info] GC.SuppressFinalize (0ms)

--------------------------------------------------------------------------------
2023-02-04 07:32:18.120 [Info] InternalDispose() completed. (0ms)

--------------------------------------------------------------------------------
2023-02-04 07:32:18.120 [Info] Clearing instance... (36ms)

--------------------------------------------------------------------------------
2023-02-04 07:32:18.120 [Info] Releasing context lock... (36ms)

--------------------------------------------------------------------------------
2023-02-04 07:32:18.120 [Info] Released. (36ms)

--------------------------------------------------------------------------------
