2023-02-03 10:47:26.866 [Warn] Directory was specified as a plugin directory but does not exist: 'resources\plugins'

--------------------------------------------------------------------------------
2023-02-03 10:47:26.870 [Info] Discovered 0 plugins:


--------------------------------------------------------------------------------
2023-02-03 10:47:27.703 [Info] Connecting to 26.82.96.248:5400...

--------------------------------------------------------------------------------
2023-02-03 10:47:27.982 [Info] Connection approved [00000000-0000-0000-0000-000000000000].

--------------------------------------------------------------------------------
2023-02-03 10:47:28.022 [Debug] approval Time=873307 Offset=63811017174663 Real=63811018047971

--------------------------------------------------------------------------------
2023-02-03 10:47:28.022 [Debug] local Time=873307 Offset=63811017174715 Real=63811018048022

--------------------------------------------------------------------------------
2023-02-03 10:47:28.022 [Debug] real delta=51

--------------------------------------------------------------------------------
2023-02-03 10:47:28.022 [Debug] this.Statistics.Ping=0 NCPing=1

--------------------------------------------------------------------------------
2023-02-03 10:47:28.024 [Debug] Connection established to remote [00000000-0000-0000-0000-000000000000/26.82.96.248:5400].

--------------------------------------------------------------------------------
2023-02-03 10:47:28.024 [Info] Connected [00000000-0000-0000-0000-000000000000].

--------------------------------------------------------------------------------
2023-02-03 10:47:30.559 [Warn] 'Me' is null.

--------------------------------------------------------------------------------
2023-02-03 10:47:30.754 [Debug] received epp: 875851

--------------------------------------------------------------------------------
2023-02-03 10:47:52.405 [Warn] 'Me' is null.

--------------------------------------------------------------------------------
2023-02-03 10:47:52.406 [Debug] received epp: 897725

--------------------------------------------------------------------------------
2023-02-03 10:47:52.425 [Warn] 'GameUi' is null.

--------------------------------------------------------------------------------
2023-02-03 10:47:52.425 [Warn] 'GameUi' is null.

--------------------------------------------------------------------------------
2023-02-03 10:49:57.734 [Debug] received epp: 1023039

--------------------------------------------------------------------------------
2023-02-03 13:39:34.502 [Debug] StatusChanged: [NetIncomingMessage #903 22 bytes] [Disconnected]

--------------------------------------------------------------------------------
2023-02-03 13:39:34.903 [Debug] Connection terminated to remote [00000000-0000-0000-0000-000000000000/26.82.96.248:5400].

--------------------------------------------------------------------------------
2023-02-03 13:39:34.903 [Info] Disconnected [00000000-0000-0000-0000-000000000000].

--------------------------------------------------------------------------------
2023-02-03 13:39:34.906 [Info] Connecting to 26.82.96.248:5400...

--------------------------------------------------------------------------------
2023-02-03 13:39:41.070 [Info] Connection approved [00000000-0000-0000-0000-000000000000].

--------------------------------------------------------------------------------
2023-02-03 13:39:41.071 [Debug] approval Time=11206403 Offset=63811017174663 Real=63811028381067

--------------------------------------------------------------------------------
2023-02-03 13:39:41.071 [Debug] local Time=11206403 Offset=63811017174668 Real=63811028381071

--------------------------------------------------------------------------------
2023-02-03 13:39:41.071 [Debug] real delta=4

--------------------------------------------------------------------------------
2023-02-03 13:39:41.071 [Debug] this.Statistics.Ping=0 NCPing=0

--------------------------------------------------------------------------------
2023-02-03 13:39:41.071 [Debug] Connection established to remote [00000000-0000-0000-0000-000000000000/26.82.96.248:5400].

--------------------------------------------------------------------------------
2023-02-03 13:39:41.071 [Info] Connected [00000000-0000-0000-0000-000000000000].

--------------------------------------------------------------------------------
2023-02-03 13:43:58.090 [Warn] 'Me' is null.

--------------------------------------------------------------------------------
2023-02-03 13:43:58.092 [Debug] received epp: 11463419

--------------------------------------------------------------------------------
2023-02-03 13:43:58.111 [Warn] 'GameUi' is null.

--------------------------------------------------------------------------------
2023-02-03 13:43:58.111 [Warn] 'GameUi' is null.

--------------------------------------------------------------------------------
2023-02-03 13:46:03.952 [Debug] received epp: 11589251

--------------------------------------------------------------------------------
2023-02-03 14:03:06.280 [Info] System window closing (due to user interaction most likely).

--------------------------------------------------------------------------------
2023-02-03 14:03:06.281 [Debug] StatusChanged: [NetIncomingMessage #934 10 bytes] [Disconnecting]

--------------------------------------------------------------------------------
2023-02-03 14:03:06.283 [Debug] StatusChanged: [NetIncomingMessage #935 14 bytes] [Disconnected]

--------------------------------------------------------------------------------
2023-02-03 14:03:06.334 [Info] Acquiring context lock... (0ms)

--------------------------------------------------------------------------------
2023-02-03 14:03:06.334 [Info] Acquired. (0ms)

--------------------------------------------------------------------------------
2023-02-03 14:03:06.334 [Info] Beginning context dispose. (0ms)

--------------------------------------------------------------------------------
2023-02-03 14:03:06.334 [Info] GC.SuppressFinalize (0ms)

--------------------------------------------------------------------------------
2023-02-03 14:03:06.334 [Info] InternalDispose() completed. (0ms)

--------------------------------------------------------------------------------
2023-02-03 14:03:06.334 [Info] Clearing instance... (0ms)

--------------------------------------------------------------------------------
2023-02-03 14:03:06.334 [Info] Releasing context lock... (0ms)

--------------------------------------------------------------------------------
2023-02-03 14:03:06.334 [Info] Released. (0ms)

--------------------------------------------------------------------------------
