2023-02-03 15:01:31.075 [Warn] Directory was specified as a plugin directory but does not exist: 'resources\plugins'

--------------------------------------------------------------------------------
2023-02-03 15:01:31.075 [Info] Discovered 0 plugins:


--------------------------------------------------------------------------------
2023-02-03 15:01:31.795 [Info] Connecting to 26.82.96.248:5400...

--------------------------------------------------------------------------------
2023-02-03 15:01:32.067 [Info] Connection approved [00000000-0000-0000-0000-000000000000].

--------------------------------------------------------------------------------
2023-02-03 15:01:32.110 [Debug] approval Time=16117383 Offset=63811017174663 Real=63811033292047

--------------------------------------------------------------------------------
2023-02-03 15:01:32.110 [Debug] local Time=16117383 Offset=63811017174726 Real=63811033292110

--------------------------------------------------------------------------------
2023-02-03 15:01:32.110 [Debug] real delta=63

--------------------------------------------------------------------------------
2023-02-03 15:01:32.110 [Debug] this.Statistics.Ping=0 NCPing=2

--------------------------------------------------------------------------------
2023-02-03 15:01:32.111 [Debug] Connection established to remote [00000000-0000-0000-0000-000000000000/26.82.96.248:5400].

--------------------------------------------------------------------------------
2023-02-03 15:01:32.111 [Info] Connected [00000000-0000-0000-0000-000000000000].

--------------------------------------------------------------------------------
2023-02-03 15:01:34.253 [Warn] 'Me' is null.

--------------------------------------------------------------------------------
2023-02-03 15:01:34.423 [Debug] received epp: 16119538

--------------------------------------------------------------------------------
2023-02-03 15:01:54.369 [Info] System window closing (due to user interaction most likely).

--------------------------------------------------------------------------------
2023-02-03 15:01:54.370 [Debug] StatusChanged: [NetIncomingMessage #14 10 bytes] [Disconnecting]

--------------------------------------------------------------------------------
2023-02-03 15:01:54.377 [Debug] StatusChanged: [NetIncomingMessage #15 14 bytes] [Disconnected]

--------------------------------------------------------------------------------
2023-02-03 15:01:54.436 [Info] Acquiring context lock... (0ms)

--------------------------------------------------------------------------------
2023-02-03 15:01:54.436 [Info] Acquired. (0ms)

--------------------------------------------------------------------------------
2023-02-03 15:01:54.436 [Info] Beginning context dispose. (0ms)

--------------------------------------------------------------------------------
2023-02-03 15:01:54.440 [Info] GC.SuppressFinalize (0ms)

--------------------------------------------------------------------------------
2023-02-03 15:01:54.440 [Info] InternalDispose() completed. (0ms)

--------------------------------------------------------------------------------
2023-02-03 15:01:54.440 [Info] Clearing instance... (2ms)

--------------------------------------------------------------------------------
2023-02-03 15:01:54.440 [Info] Releasing context lock... (2ms)

--------------------------------------------------------------------------------
2023-02-03 15:01:54.440 [Info] Released. (2ms)

--------------------------------------------------------------------------------
