2022-12-14 11:32:02.592 [Warn] Directory was specified as a plugin directory but does not exist: 'resources\plugins'

--------------------------------------------------------------------------------
2022-12-14 11:32:02.596 [Info] Discovered 0 plugins:


--------------------------------------------------------------------------------
2022-12-14 11:32:03.309 [Info] Connecting to 127.0.0.1:5400...

--------------------------------------------------------------------------------
2022-12-14 11:32:03.602 [Info] Connection approved [00000000-0000-0000-0000-000000000000].

--------------------------------------------------------------------------------
2022-12-14 11:32:03.648 [Debug] approval Time=11498494 Offset=63806602825084 Real=63806614323578

--------------------------------------------------------------------------------
2022-12-14 11:32:03.648 [Debug] local Time=11498494 Offset=63806602825154 Real=63806614323648

--------------------------------------------------------------------------------
2022-12-14 11:32:03.648 [Debug] real delta=70

--------------------------------------------------------------------------------
2022-12-14 11:32:03.648 [Debug] this.Statistics.Ping=0 NCPing=3

--------------------------------------------------------------------------------
2022-12-14 11:32:03.649 [Debug] Connection established to remote [00000000-0000-0000-0000-000000000000/127.0.0.1:5400].

--------------------------------------------------------------------------------
2022-12-14 11:32:03.649 [Info] Connected [00000000-0000-0000-0000-000000000000].

--------------------------------------------------------------------------------
2022-12-14 11:32:08.018 [Warn] 'Me' is null.

--------------------------------------------------------------------------------
2022-12-14 11:32:08.191 [Debug] received epp: 11502871

--------------------------------------------------------------------------------
2022-12-14 11:32:40.267 [Debug] received epp: 11535153

--------------------------------------------------------------------------------
2022-12-14 11:33:48.559 [Info] System window closing (due to user interaction most likely).

--------------------------------------------------------------------------------
2022-12-14 11:33:48.560 [Debug] StatusChanged: [NetIncomingMessage #373 10 bytes] [Disconnecting]

--------------------------------------------------------------------------------
2022-12-14 11:33:48.564 [Debug] StatusChanged: [NetIncomingMessage #435 14 bytes] [Disconnected]

--------------------------------------------------------------------------------
2022-12-14 11:33:48.605 [Info] Acquiring context lock... (0ms)

--------------------------------------------------------------------------------
2022-12-14 11:33:48.605 [Info] Acquired. (0ms)

--------------------------------------------------------------------------------
2022-12-14 11:33:48.605 [Info] Beginning context dispose. (0ms)

--------------------------------------------------------------------------------
2022-12-14 11:33:48.605 [Info] GC.SuppressFinalize (0ms)

--------------------------------------------------------------------------------
2022-12-14 11:33:48.605 [Info] InternalDispose() completed. (0ms)

--------------------------------------------------------------------------------
2022-12-14 11:33:48.605 [Info] Clearing instance... (0ms)

--------------------------------------------------------------------------------
2022-12-14 11:33:48.605 [Info] Releasing context lock... (0ms)

--------------------------------------------------------------------------------
2022-12-14 11:33:48.605 [Info] Released. (0ms)

--------------------------------------------------------------------------------
