2023-02-03 10:36:36.668 [Warn] Directory was specified as a plugin directory but does not exist: 'resources\plugins'

--------------------------------------------------------------------------------
2023-02-03 10:36:36.668 [Info] Discovered 0 plugins:


--------------------------------------------------------------------------------
2023-02-03 10:36:37.509 [Info] Connecting to 26.82.96.248:5400...

--------------------------------------------------------------------------------
2023-02-03 10:36:37.785 [Info] Connection approved [00000000-0000-0000-0000-000000000000].

--------------------------------------------------------------------------------
2023-02-03 10:36:37.835 [Debug] approval Time=223110 Offset=63811017174663 Real=63811017397773

--------------------------------------------------------------------------------
2023-02-03 10:36:37.835 [Debug] local Time=223110 Offset=63811017174724 Real=63811017397835

--------------------------------------------------------------------------------
2023-02-03 10:36:37.835 [Debug] real delta=61

--------------------------------------------------------------------------------
2023-02-03 10:36:37.835 [Debug] this.Statistics.Ping=0 NCPing=2

--------------------------------------------------------------------------------
2023-02-03 10:36:37.838 [Debug] Connection established to remote [00000000-0000-0000-0000-000000000000/26.82.96.248:5400].

--------------------------------------------------------------------------------
2023-02-03 10:36:37.838 [Info] Connected [00000000-0000-0000-0000-000000000000].

--------------------------------------------------------------------------------
2023-02-03 10:36:39.827 [Warn] 'Me' is null.

--------------------------------------------------------------------------------
2023-02-03 10:36:40.012 [Debug] received epp: 225107

--------------------------------------------------------------------------------
2023-02-03 10:37:10.496 [Info] System window closing (due to user interaction most likely).

--------------------------------------------------------------------------------
2023-02-03 10:37:10.498 [Debug] StatusChanged: [NetIncomingMessage #561 10 bytes] [Disconnecting]

--------------------------------------------------------------------------------
2023-02-03 10:37:10.503 [Debug] StatusChanged: [NetIncomingMessage #562 14 bytes] [Disconnected]

--------------------------------------------------------------------------------
2023-02-03 10:37:10.561 [Info] Acquiring context lock... (0ms)

--------------------------------------------------------------------------------
2023-02-03 10:37:10.561 [Info] Acquired. (0ms)

--------------------------------------------------------------------------------
2023-02-03 10:37:10.561 [Info] Beginning context dispose. (0ms)

--------------------------------------------------------------------------------
2023-02-03 10:37:10.561 [Info] GC.SuppressFinalize (0ms)

--------------------------------------------------------------------------------
2023-02-03 10:37:10.561 [Info] InternalDispose() completed. (0ms)

--------------------------------------------------------------------------------
2023-02-03 10:37:10.561 [Info] Clearing instance... (0ms)

--------------------------------------------------------------------------------
2023-02-03 10:37:10.561 [Info] Releasing context lock... (0ms)

--------------------------------------------------------------------------------
2023-02-03 10:37:10.561 [Info] Released. (0ms)

--------------------------------------------------------------------------------
