2023-01-24 05:51:34.894 [Warn] Directory was specified as a plugin directory but does not exist: 'resources\plugins'

--------------------------------------------------------------------------------
2023-01-24 05:51:34.899 [Info] Discovered 0 plugins:


--------------------------------------------------------------------------------
2023-01-24 05:51:35.486 [Info] Connecting to 26.82.96.248:5400...

--------------------------------------------------------------------------------
2023-01-24 05:51:35.773 [Info] Connection approved [00000000-0000-0000-0000-000000000000].

--------------------------------------------------------------------------------
2023-01-24 05:51:35.819 [Debug] approval Time=3747068 Offset=63810132548683 Real=63810136295751

--------------------------------------------------------------------------------
2023-01-24 05:51:35.819 [Debug] local Time=3747068 Offset=63810132548751 Real=63810136295819

--------------------------------------------------------------------------------
2023-01-24 05:51:35.819 [Debug] real delta=67

--------------------------------------------------------------------------------
2023-01-24 05:51:35.819 [Debug] this.Statistics.Ping=0 NCPing=1

--------------------------------------------------------------------------------
2023-01-24 05:51:35.820 [Debug] Connection established to remote [00000000-0000-0000-0000-000000000000/26.82.96.248:5400].

--------------------------------------------------------------------------------
2023-01-24 05:51:35.821 [Info] Connected [00000000-0000-0000-0000-000000000000].

--------------------------------------------------------------------------------
2023-01-24 05:51:38.152 [Warn] 'Me' is null.

--------------------------------------------------------------------------------
2023-01-24 05:51:38.356 [Debug] received epp: 3749391

--------------------------------------------------------------------------------
2023-01-24 05:55:39.028 [Debug] received epp: 3990314

--------------------------------------------------------------------------------
2023-01-24 05:58:39.816 [Debug] received epp: 4171110

--------------------------------------------------------------------------------
2023-01-24 05:58:45.621 [Debug] received epp: 4176922

--------------------------------------------------------------------------------
2023-01-24 05:58:46.225 [Debug] received epp: 4177523

--------------------------------------------------------------------------------
2023-01-24 05:59:15.284 [Debug] received epp: 4206582

--------------------------------------------------------------------------------
2023-01-24 06:01:12.353 [Debug] received epp: 4323657

--------------------------------------------------------------------------------
2023-01-24 06:01:28.952 [Debug] received epp: 4340261

--------------------------------------------------------------------------------
2023-01-24 06:01:43.160 [Debug] received epp: 4354456

--------------------------------------------------------------------------------
2023-01-24 06:05:49.700 [Debug] received epp: 4601002

--------------------------------------------------------------------------------
2023-01-24 06:05:49.950 [Debug] received epp: 4601250

--------------------------------------------------------------------------------
2023-01-24 06:08:22.298 [Debug] received epp: 4753596

--------------------------------------------------------------------------------
2023-01-24 06:11:25.763 [Debug] received epp: 4937066

--------------------------------------------------------------------------------
2023-01-24 06:12:35.331 [Debug] received epp: 5006638

--------------------------------------------------------------------------------
2023-01-24 06:14:35.851 [Info] System window closing (due to user interaction most likely).

--------------------------------------------------------------------------------
2023-01-24 06:14:37.083 [Info] System window closing (due to user interaction most likely).

--------------------------------------------------------------------------------
2023-01-24 06:14:37.087 [Debug] StatusChanged: [NetIncomingMessage #833 10 bytes] [Disconnecting]

--------------------------------------------------------------------------------
2023-01-24 06:14:37.088 [Debug] StatusChanged: [NetIncomingMessage #0 14 bytes] [Disconnected]

--------------------------------------------------------------------------------
2023-01-24 06:14:37.129 [Info] Acquiring context lock... (0ms)

--------------------------------------------------------------------------------
2023-01-24 06:14:37.129 [Info] Acquired. (0ms)

--------------------------------------------------------------------------------
2023-01-24 06:14:37.131 [Info] Beginning context dispose. (0ms)

--------------------------------------------------------------------------------
2023-01-24 06:14:37.133 [Info] GC.SuppressFinalize (1ms)

--------------------------------------------------------------------------------
2023-01-24 06:14:37.133 [Info] InternalDispose() completed. (1ms)

--------------------------------------------------------------------------------
2023-01-24 06:14:37.133 [Info] Clearing instance... (3ms)

--------------------------------------------------------------------------------
2023-01-24 06:14:37.133 [Info] Releasing context lock... (3ms)

--------------------------------------------------------------------------------
2023-01-24 06:14:37.133 [Info] Released. (4ms)

--------------------------------------------------------------------------------
