2023-01-28 15:35:14.524 [Info] Connecting to 26.82.96.248:5400...

--------------------------------------------------------------------------------
2023-01-28 15:35:15.394 [Info] Connection approved [00000000-0000-0000-0000-000000000000].

--------------------------------------------------------------------------------
2023-01-28 15:35:15.582 [Debug] approval Time=5886398 Offset=63810511030330 Real=63810516916729

--------------------------------------------------------------------------------
2023-01-28 15:35:15.583 [Debug] local Time=5886398 Offset=63810511029183 Real=63810516915582

--------------------------------------------------------------------------------
2023-01-28 15:35:15.584 [Debug] real delta=-1146

--------------------------------------------------------------------------------
2023-01-28 15:35:15.584 [Debug] this.Statistics.Ping=0 NCPing=31

--------------------------------------------------------------------------------
2023-01-28 15:35:15.589 [Debug] Connection established to remote [00000000-0000-0000-0000-000000000000/26.82.96.248:5400].

--------------------------------------------------------------------------------
2023-01-28 15:35:15.590 [Info] Connected [00000000-0000-0000-0000-000000000000].

--------------------------------------------------------------------------------
2023-01-28 15:40:10.475 [Debug] StatusChanged: [NetIncomingMessage #0 22 bytes] [Disconnected]

--------------------------------------------------------------------------------
2023-01-28 15:40:10.476 [Debug] Connection terminated to remote [00000000-0000-0000-0000-000000000000/26.82.96.248:5400].

--------------------------------------------------------------------------------
2023-01-28 15:40:10.476 [Info] Disconnected [00000000-0000-0000-0000-000000000000].

--------------------------------------------------------------------------------
