2023-01-30 19:38:27.652 [Warn] Directory was specified as a plugin directory but does not exist: 'resources\plugins'

--------------------------------------------------------------------------------
2023-01-30 19:38:27.655 [Info] Discovered 0 plugins:


--------------------------------------------------------------------------------
2023-01-30 19:38:28.299 [Info] Connecting to 26.82.96.248:5400...

--------------------------------------------------------------------------------
2023-01-30 19:38:28.595 [Info] Connection approved [00000000-0000-0000-0000-000000000000].

--------------------------------------------------------------------------------
2023-01-30 19:38:28.637 [Debug] approval Time=1015934 Offset=63810703292649 Real=63810704308584

--------------------------------------------------------------------------------
2023-01-30 19:38:28.637 [Debug] local Time=1015934 Offset=63810703292702 Real=63810704308637

--------------------------------------------------------------------------------
2023-01-30 19:38:28.637 [Debug] real delta=53

--------------------------------------------------------------------------------
2023-01-30 19:38:28.638 [Debug] this.Statistics.Ping=0 NCPing=1

--------------------------------------------------------------------------------
2023-01-30 19:38:28.639 [Debug] Connection established to remote [00000000-0000-0000-0000-000000000000/26.82.96.248:5400].

--------------------------------------------------------------------------------
2023-01-30 19:38:28.639 [Info] Connected [00000000-0000-0000-0000-000000000000].

--------------------------------------------------------------------------------
2023-01-30 19:38:31.466 [Warn] 'Me' is null.

--------------------------------------------------------------------------------
2023-01-30 19:38:31.645 [Debug] received epp: 1018770

--------------------------------------------------------------------------------
2023-01-30 19:39:43.255 [Info] System window closing (due to user interaction most likely).

--------------------------------------------------------------------------------
2023-01-30 19:39:43.256 [Debug] StatusChanged: [NetIncomingMessage #141 10 bytes] [Disconnecting]

--------------------------------------------------------------------------------
2023-01-30 19:39:43.260 [Debug] StatusChanged: [NetIncomingMessage #142 14 bytes] [Disconnected]

--------------------------------------------------------------------------------
2023-01-30 19:39:43.302 [Info] Acquiring context lock... (0ms)

--------------------------------------------------------------------------------
2023-01-30 19:39:43.302 [Info] Acquired. (0ms)

--------------------------------------------------------------------------------
2023-01-30 19:39:43.302 [Info] Beginning context dispose. (0ms)

--------------------------------------------------------------------------------
2023-01-30 19:39:43.303 [Info] GC.SuppressFinalize (0ms)

--------------------------------------------------------------------------------
2023-01-30 19:39:43.303 [Info] InternalDispose() completed. (0ms)

--------------------------------------------------------------------------------
2023-01-30 19:39:43.303 [Info] Clearing instance... (1ms)

--------------------------------------------------------------------------------
2023-01-30 19:39:43.303 [Info] Releasing context lock... (1ms)

--------------------------------------------------------------------------------
2023-01-30 19:39:43.303 [Info] Released. (1ms)

--------------------------------------------------------------------------------
