2023-02-04 08:01:36.213 [Warn] Directory was specified as a plugin directory but does not exist: 'resources\plugins'

--------------------------------------------------------------------------------
2023-02-04 08:01:36.217 [Info] Discovered 0 plugins:


--------------------------------------------------------------------------------
2023-02-04 08:01:36.891 [Info] Connecting to 26.82.96.248:5400...

--------------------------------------------------------------------------------
2023-02-04 08:01:37.150 [Info] Connection approved [00000000-0000-0000-0000-000000000000].

--------------------------------------------------------------------------------
2023-02-04 08:01:37.198 [Debug] approval Time=9508780 Offset=63811084988360 Real=63811094497141

--------------------------------------------------------------------------------
2023-02-04 08:01:37.198 [Debug] local Time=9508780 Offset=63811084988417 Real=63811094497198

--------------------------------------------------------------------------------
2023-02-04 08:01:37.198 [Debug] real delta=57

--------------------------------------------------------------------------------
2023-02-04 08:01:37.198 [Debug] this.Statistics.Ping=0 NCPing=1

--------------------------------------------------------------------------------
2023-02-04 08:01:37.200 [Debug] Connection established to remote [00000000-0000-0000-0000-000000000000/26.82.96.248:5400].

--------------------------------------------------------------------------------
2023-02-04 08:01:37.200 [Info] Connected [00000000-0000-0000-0000-000000000000].

--------------------------------------------------------------------------------
2023-02-04 08:01:39.961 [Warn] 'Me' is null.

--------------------------------------------------------------------------------
2023-02-04 08:01:40.144 [Debug] received epp: 9511533

--------------------------------------------------------------------------------
2023-02-04 08:01:46.972 [Debug] received epp: 9518583

--------------------------------------------------------------------------------
