2023-02-02 15:49:36.871 [Warn] Directory was specified as a plugin directory but does not exist: 'resources\plugins'

--------------------------------------------------------------------------------
2023-02-02 15:49:36.887 [Info] Discovered 0 plugins:


--------------------------------------------------------------------------------
2023-02-02 15:49:37.584 [Info] Connecting to 26.82.96.248:5400...

--------------------------------------------------------------------------------
2023-02-02 15:49:39.886 [Info] System window closing (due to user interaction most likely).

--------------------------------------------------------------------------------
2023-02-02 15:49:39.894 [Debug] StatusChanged: [NetIncomingMessage #0 10 bytes] [Disconnecting]

--------------------------------------------------------------------------------
2023-02-02 15:49:39.899 [Debug] StatusChanged: [NetIncomingMessage #0 14 bytes] [Disconnected]

--------------------------------------------------------------------------------
2023-02-02 15:49:39.902 [Debug] Unknown client disconnected (00-00-00-00-00-00-00-00).

--------------------------------------------------------------------------------
2023-02-02 15:49:39.903 [Info] Disconnected [00000000-0000-0000-0000-000000000000].

--------------------------------------------------------------------------------
2023-02-02 15:49:39.935 [Info] Acquiring context lock... (0ms)

--------------------------------------------------------------------------------
2023-02-02 15:49:39.935 [Info] Acquired. (0ms)

--------------------------------------------------------------------------------
2023-02-02 15:49:39.935 [Info] Beginning context dispose. (0ms)

--------------------------------------------------------------------------------
2023-02-02 15:49:39.935 [Info] GC.SuppressFinalize (0ms)

--------------------------------------------------------------------------------
2023-02-02 15:49:39.935 [Info] InternalDispose() completed. (0ms)

--------------------------------------------------------------------------------
2023-02-02 15:49:39.935 [Info] Clearing instance... (0ms)

--------------------------------------------------------------------------------
2023-02-02 15:49:39.935 [Info] Releasing context lock... (0ms)

--------------------------------------------------------------------------------
2023-02-02 15:49:39.935 [Info] Released. (0ms)

--------------------------------------------------------------------------------
