2023-02-04 13:34:06.554 [Warn] Directory was specified as a plugin directory but does not exist: 'resources\plugins'

--------------------------------------------------------------------------------
2023-02-04 13:34:06.558 [Info] Discovered 0 plugins:


--------------------------------------------------------------------------------
2023-02-04 13:34:07.273 [Info] Connecting to 26.82.96.248:5400...

--------------------------------------------------------------------------------
2023-02-04 13:34:16.774 [Info] Connection approved [00000000-0000-0000-0000-000000000000].

--------------------------------------------------------------------------------
2023-02-04 13:34:16.814 [Debug] approval Time=1108 Offset=63811114455612 Real=63811114456721

--------------------------------------------------------------------------------
2023-02-04 13:34:16.814 [Debug] local Time=1108 Offset=63811114455702 Real=63811114456811

--------------------------------------------------------------------------------
2023-02-04 13:34:16.814 [Debug] real delta=90

--------------------------------------------------------------------------------
2023-02-04 13:34:16.814 [Debug] this.Statistics.Ping=0 NCPing=2

--------------------------------------------------------------------------------
2023-02-04 13:34:16.816 [Debug] Connection established to remote [00000000-0000-0000-0000-000000000000/26.82.96.248:5400].

--------------------------------------------------------------------------------
2023-02-04 13:34:16.816 [Info] Connected [00000000-0000-0000-0000-000000000000].

--------------------------------------------------------------------------------
2023-02-04 13:34:20.031 [Warn] 'Me' is null.

--------------------------------------------------------------------------------
2023-02-04 13:34:20.233 [Debug] received epp: 4537

--------------------------------------------------------------------------------
2023-02-04 13:35:20.677 [Info] System window closing (due to user interaction most likely).

--------------------------------------------------------------------------------
2023-02-04 13:36:09.613 [Debug] received epp: 113964

--------------------------------------------------------------------------------
2023-02-04 13:36:26.479 [Info] System window closing (due to user interaction most likely).

--------------------------------------------------------------------------------
2023-02-04 13:36:26.481 [Debug] StatusChanged: [NetIncomingMessage #305 10 bytes] [Disconnecting]

--------------------------------------------------------------------------------
2023-02-04 13:36:26.482 [Debug] StatusChanged: [NetIncomingMessage #306 14 bytes] [Disconnected]

--------------------------------------------------------------------------------
2023-02-04 13:36:26.485 [Error] Received unhandled exception from Name:Intersect Client.exe
There are no context policies.
.

--------------------------------------------------------------------------------
2023-02-04 13:36:26.485 [Error] NetException: Got ack for message not yet sent?
    Stack:    at Lidgren.Network.NetException.Assert(Boolean isOk, String message) in C:\Users\primero\git\agd\lidgren-network-gen3\Lidgren.Network\NetException.cs:line 62
   at Lidgren.Network.NetReliableSenderChannel.ReceiveAcknowledge(Double now, Int32 seqNr) in C:\Users\primero\git\agd\lidgren-network-gen3\Lidgren.Network\NetReliableSenderChannel.cs:line 246
   at Lidgren.Network.NetConnection.Heartbeat(Double now, UInt32 frameCounter) in C:\Users\primero\git\agd\lidgren-network-gen3\Lidgren.Network\NetConnection.cs:line 255
   at Lidgren.Network.NetPeer.Heartbeat() in C:\Users\primero\git\agd\lidgren-network-gen3\Lidgren.Network\NetPeer.Internal.cs:line 379
   at Lidgren.Network.NetPeer.ExecutePeerShutdown() in C:\Users\primero\git\agd\lidgren-network-gen3\Lidgren.Network\NetPeer.Internal.cs:line 268
   at Lidgren.Network.NetPeer.NetworkLoop() in C:\Users\primero\git\agd\lidgren-network-gen3\Lidgren.Network\NetPeer.Internal.cs:line 236
   at System.Threading.ExecutionContext.RunInternal(ExecutionContext executionContext, ContextCallback callback, Object state, Boolean preserveSyncCtx)
   at System.Threading.ExecutionContext.Run(ExecutionContext executionContext, ContextCallback callback, Object state, Boolean preserveSyncCtx)
   at System.Threading.ExecutionContext.Run(ExecutionContext executionContext, ContextCallback callback, Object state)
   at System.Threading.ThreadHelper.ThreadStart()


--------------------------------------------------------------------------------
2023-02-04 13:36:26.493 [Info] Acquiring context lock... (0ms)

--------------------------------------------------------------------------------
2023-02-04 13:36:26.494 [Info] Acquired. (0ms)

--------------------------------------------------------------------------------
2023-02-04 13:36:26.494 [Info] Beginning context dispose. (0ms)

--------------------------------------------------------------------------------
2023-02-04 13:36:26.494 [Info] GC.SuppressFinalize (0ms)

--------------------------------------------------------------------------------
2023-02-04 13:36:26.494 [Info] InternalDispose() completed. (0ms)

--------------------------------------------------------------------------------
2023-02-04 13:36:26.494 [Info] Clearing instance... (1ms)

--------------------------------------------------------------------------------
2023-02-04 13:36:26.494 [Info] Releasing context lock... (1ms)

--------------------------------------------------------------------------------
2023-02-04 13:36:26.495 [Info] Released. (1ms)

--------------------------------------------------------------------------------
