2023-02-03 16:23:45.555 [Warn] Directory was specified as a plugin directory but does not exist: 'resources\plugins'

--------------------------------------------------------------------------------
2023-02-03 16:23:45.555 [Info] Discovered 0 plugins:


--------------------------------------------------------------------------------
2023-02-03 16:23:46.171 [Info] Connecting to 26.82.96.248:5400...

--------------------------------------------------------------------------------
2023-02-03 16:23:46.442 [Info] Connection approved [00000000-0000-0000-0000-000000000000].

--------------------------------------------------------------------------------
2023-02-03 16:23:46.487 [Debug] approval Time=21051765 Offset=63811017174663 Real=63811038226428

--------------------------------------------------------------------------------
2023-02-03 16:23:46.487 [Debug] local Time=21051765 Offset=63811017174722 Real=63811038226487

--------------------------------------------------------------------------------
2023-02-03 16:23:46.487 [Debug] real delta=59

--------------------------------------------------------------------------------
2023-02-03 16:23:46.487 [Debug] this.Statistics.Ping=0 NCPing=1

--------------------------------------------------------------------------------
2023-02-03 16:23:46.489 [Debug] Connection established to remote [00000000-0000-0000-0000-000000000000/26.82.96.248:5400].

--------------------------------------------------------------------------------
2023-02-03 16:23:46.489 [Info] Connected [00000000-0000-0000-0000-000000000000].

--------------------------------------------------------------------------------
2023-02-03 16:23:48.610 [Warn] 'Me' is null.

--------------------------------------------------------------------------------
2023-02-03 16:23:48.792 [Debug] received epp: 21053899

--------------------------------------------------------------------------------
2023-02-03 16:26:02.216 [Info] System window closing (due to user interaction most likely).

--------------------------------------------------------------------------------
2023-02-03 16:26:02.217 [Debug] StatusChanged: [NetIncomingMessage #1010 10 bytes] [Disconnecting]

--------------------------------------------------------------------------------
2023-02-03 16:26:02.220 [Debug] StatusChanged: [NetIncomingMessage #1011 14 bytes] [Disconnected]

--------------------------------------------------------------------------------
2023-02-03 16:26:02.287 [Info] Acquiring context lock... (0ms)

--------------------------------------------------------------------------------
2023-02-03 16:26:02.287 [Info] Acquired. (0ms)

--------------------------------------------------------------------------------
2023-02-03 16:26:02.288 [Info] Beginning context dispose. (0ms)

--------------------------------------------------------------------------------
2023-02-03 16:26:02.288 [Info] GC.SuppressFinalize (0ms)

--------------------------------------------------------------------------------
2023-02-03 16:26:02.288 [Info] InternalDispose() completed. (0ms)

--------------------------------------------------------------------------------
2023-02-03 16:26:02.288 [Info] Clearing instance... (1ms)

--------------------------------------------------------------------------------
2023-02-03 16:26:02.289 [Info] Releasing context lock... (1ms)

--------------------------------------------------------------------------------
2023-02-03 16:26:02.289 [Info] Released. (1ms)

--------------------------------------------------------------------------------
