2023-01-27 13:58:46.922 [Warn] Directory was specified as a plugin directory but does not exist: 'resources\plugins'

--------------------------------------------------------------------------------
2023-01-27 13:58:46.927 [Info] Discovered 0 plugins:


--------------------------------------------------------------------------------
2023-01-27 13:58:47.651 [Info] Connecting to 26.82.96.248:5400...

--------------------------------------------------------------------------------
2023-01-27 13:58:48.169 [Info] Connection approved [00000000-0000-0000-0000-000000000000].

--------------------------------------------------------------------------------
2023-01-27 13:58:48.214 [Debug] approval Time=17084 Offset=63810424711007 Real=63810424728092

--------------------------------------------------------------------------------
2023-01-27 13:58:48.214 [Debug] local Time=17084 Offset=63810424711130 Real=63810424728214

--------------------------------------------------------------------------------
2023-01-27 13:58:48.214 [Debug] real delta=122

--------------------------------------------------------------------------------
2023-01-27 13:58:48.214 [Debug] this.Statistics.Ping=0 NCPing=2

--------------------------------------------------------------------------------
2023-01-27 13:58:48.215 [Debug] Connection established to remote [00000000-0000-0000-0000-000000000000/26.82.96.248:5400].

--------------------------------------------------------------------------------
2023-01-27 13:58:48.215 [Info] Connected [00000000-0000-0000-0000-000000000000].

--------------------------------------------------------------------------------
