2023-02-04 07:45:40.342 [Warn] Directory was specified as a plugin directory but does not exist: 'resources\plugins'

--------------------------------------------------------------------------------
2023-02-04 07:45:40.348 [Info] Discovered 0 plugins:


--------------------------------------------------------------------------------
2023-02-04 07:45:41.008 [Info] Connecting to 26.82.96.248:5400...

--------------------------------------------------------------------------------
2023-02-04 07:45:41.293 [Info] Connection approved [00000000-0000-0000-0000-000000000000].

--------------------------------------------------------------------------------
2023-02-04 07:45:41.343 [Debug] approval Time=8552922 Offset=63811084988360 Real=63811093541282

--------------------------------------------------------------------------------
2023-02-04 07:45:41.343 [Debug] local Time=8552922 Offset=63811084988420 Real=63811093541343

--------------------------------------------------------------------------------
2023-02-04 07:45:41.343 [Debug] real delta=60

--------------------------------------------------------------------------------
2023-02-04 07:45:41.344 [Debug] this.Statistics.Ping=0 NCPing=2

--------------------------------------------------------------------------------
2023-02-04 07:45:41.345 [Debug] Connection established to remote [00000000-0000-0000-0000-000000000000/26.82.96.248:5400].

--------------------------------------------------------------------------------
2023-02-04 07:45:41.345 [Info] Connected [00000000-0000-0000-0000-000000000000].

--------------------------------------------------------------------------------
2023-02-04 07:45:52.561 [Warn] 'Me' is null.

--------------------------------------------------------------------------------
2023-02-04 07:45:52.756 [Debug] received epp: 8564129

--------------------------------------------------------------------------------
2023-02-04 07:47:28.375 [Info] System window closing (due to user interaction most likely).

--------------------------------------------------------------------------------
2023-02-04 07:47:29.238 [Info] System window closing (due to user interaction most likely).

--------------------------------------------------------------------------------
2023-02-04 07:47:29.241 [Debug] StatusChanged: [NetIncomingMessage #860 10 bytes] [Disconnecting]

--------------------------------------------------------------------------------
2023-02-04 07:47:29.242 [Debug] StatusChanged: [NetIncomingMessage #861 14 bytes] [Disconnected]

--------------------------------------------------------------------------------
2023-02-04 07:47:29.303 [Info] Acquiring context lock... (0ms)

--------------------------------------------------------------------------------
2023-02-04 07:47:29.303 [Info] Acquired. (0ms)

--------------------------------------------------------------------------------
2023-02-04 07:47:29.304 [Info] Beginning context dispose. (0ms)

--------------------------------------------------------------------------------
2023-02-04 07:47:29.304 [Info] GC.SuppressFinalize (0ms)

--------------------------------------------------------------------------------
2023-02-04 07:47:29.304 [Info] InternalDispose() completed. (0ms)

--------------------------------------------------------------------------------
2023-02-04 07:47:29.304 [Info] Clearing instance... (0ms)

--------------------------------------------------------------------------------
2023-02-04 07:47:29.304 [Info] Releasing context lock... (0ms)

--------------------------------------------------------------------------------
2023-02-04 07:47:29.304 [Info] Released. (0ms)

--------------------------------------------------------------------------------
