2023-01-24 06:56:15.225 [Info] Connecting to 26.82.96.248:5400...

--------------------------------------------------------------------------------
2023-01-24 06:56:15.538 [Info] Connection approved [00000000-0000-0000-0000-000000000000].

--------------------------------------------------------------------------------
2023-01-24 06:56:15.577 [Debug] approval Time=7626849 Offset=63810132548683 Real=63810140175532

--------------------------------------------------------------------------------
2023-01-24 06:56:15.577 [Debug] local Time=7626849 Offset=63810132548727 Real=63810140175576

--------------------------------------------------------------------------------
2023-01-24 06:56:15.578 [Debug] real delta=44

--------------------------------------------------------------------------------
2023-01-24 06:56:15.578 [Debug] this.Statistics.Ping=0 NCPing=0

--------------------------------------------------------------------------------
2023-01-24 06:56:15.579 [Debug] Connection established to remote [00000000-0000-0000-0000-000000000000/26.82.96.248:5400].

--------------------------------------------------------------------------------
2023-01-24 06:56:15.580 [Info] Connected [00000000-0000-0000-0000-000000000000].

--------------------------------------------------------------------------------
2023-01-24 07:00:38.577 [Debug] StatusChanged: [NetIncomingMessage #0 10 bytes] [Disconnecting]

--------------------------------------------------------------------------------
2023-01-24 07:00:38.656 [Debug] StatusChanged: [NetIncomingMessage #0 10 bytes] [Disconnected]

--------------------------------------------------------------------------------
2023-01-24 07:00:38.656 [Debug] Connection terminated to remote [00000000-0000-0000-0000-000000000000/26.82.96.248:5400].

--------------------------------------------------------------------------------
2023-01-24 07:00:38.657 [Info] Disconnected [00000000-0000-0000-0000-000000000000].

--------------------------------------------------------------------------------
