2022-12-14 02:13:44.608 [Warn] Directory was specified as a plugin directory but does not exist: 'resources\plugins'

--------------------------------------------------------------------------------
2022-12-14 02:13:44.629 [Info] Discovered 0 plugins:


--------------------------------------------------------------------------------
2022-12-14 02:13:45.372 [Info] Connecting to 127.0.0.1:5400...

--------------------------------------------------------------------------------
2022-12-14 02:13:45.747 [Info] Connection approved [00000000-0000-0000-0000-000000000000].

--------------------------------------------------------------------------------
2022-12-14 02:13:45.808 [Debug] approval Time=1758113 Offset=63806579067612 Real=63806580825725

--------------------------------------------------------------------------------
2022-12-14 02:13:45.808 [Debug] local Time=1758113 Offset=63806579067695 Real=63806580825808

--------------------------------------------------------------------------------
2022-12-14 02:13:45.808 [Debug] real delta=82

--------------------------------------------------------------------------------
2022-12-14 02:13:45.808 [Debug] this.Statistics.Ping=0 NCPing=2

--------------------------------------------------------------------------------
2022-12-14 02:13:45.810 [Debug] Connection established to remote [00000000-0000-0000-0000-000000000000/127.0.0.1:5400].

--------------------------------------------------------------------------------
2022-12-14 02:13:45.810 [Info] Connected [00000000-0000-0000-0000-000000000000].

--------------------------------------------------------------------------------
2022-12-14 02:14:26.905 [Info] User clicked exit button.

--------------------------------------------------------------------------------
2022-12-14 02:14:26.908 [Info] System window closing (due to user interaction most likely).

--------------------------------------------------------------------------------
2022-12-14 02:14:26.908 [Debug] StatusChanged: [NetIncomingMessage #0 10 bytes] [Disconnecting]

--------------------------------------------------------------------------------
2022-12-14 02:14:26.911 [Debug] StatusChanged: [NetIncomingMessage #0 14 bytes] [Disconnected]

--------------------------------------------------------------------------------
2022-12-14 02:14:26.949 [Info] Acquiring context lock... (0ms)

--------------------------------------------------------------------------------
2022-12-14 02:14:26.949 [Info] Acquired. (0ms)

--------------------------------------------------------------------------------
2022-12-14 02:14:26.950 [Info] Beginning context dispose. (0ms)

--------------------------------------------------------------------------------
2022-12-14 02:14:26.950 [Info] GC.SuppressFinalize (0ms)

--------------------------------------------------------------------------------
2022-12-14 02:14:26.950 [Info] InternalDispose() completed. (0ms)

--------------------------------------------------------------------------------
2022-12-14 02:14:26.950 [Info] Clearing instance... (0ms)

--------------------------------------------------------------------------------
2022-12-14 02:14:26.950 [Info] Releasing context lock... (0ms)

--------------------------------------------------------------------------------
2022-12-14 02:14:26.950 [Info] Released. (1ms)

--------------------------------------------------------------------------------
