2023-02-03 15:18:31.701 [Warn] Directory was specified as a plugin directory but does not exist: 'resources\plugins'

--------------------------------------------------------------------------------
2023-02-03 15:18:31.717 [Info] Discovered 0 plugins:


--------------------------------------------------------------------------------
2023-02-03 15:18:32.750 [Info] Connecting to 26.82.96.248:5400...

--------------------------------------------------------------------------------
2023-02-03 15:18:33.035 [Info] Connection approved [00000000-0000-0000-0000-000000000000].

--------------------------------------------------------------------------------
2023-02-03 15:18:33.081 [Debug] approval Time=17138358 Offset=63811017174663 Real=63811034313022

--------------------------------------------------------------------------------
2023-02-03 15:18:33.081 [Debug] local Time=17138358 Offset=63811017174722 Real=63811034313081

--------------------------------------------------------------------------------
2023-02-03 15:18:33.081 [Debug] real delta=59

--------------------------------------------------------------------------------
2023-02-03 15:18:33.081 [Debug] this.Statistics.Ping=0 NCPing=1

--------------------------------------------------------------------------------
2023-02-03 15:18:33.083 [Debug] Connection established to remote [00000000-0000-0000-0000-000000000000/26.82.96.248:5400].

--------------------------------------------------------------------------------
2023-02-03 15:18:33.083 [Info] Connected [00000000-0000-0000-0000-000000000000].

--------------------------------------------------------------------------------
2023-02-03 15:18:35.407 [Warn] 'Me' is null.

--------------------------------------------------------------------------------
2023-02-03 15:18:35.584 [Debug] received epp: 17140697

--------------------------------------------------------------------------------
2023-02-03 15:20:40.664 [Debug] received epp: 17265965

--------------------------------------------------------------------------------
2023-02-03 15:34:49.004 [Info] System window closing (due to user interaction most likely).

--------------------------------------------------------------------------------
2023-02-03 15:34:49.006 [Debug] StatusChanged: [NetIncomingMessage #719 10 bytes] [Disconnecting]

--------------------------------------------------------------------------------
2023-02-03 15:34:49.010 [Debug] StatusChanged: [NetIncomingMessage #720 14 bytes] [Disconnected]

--------------------------------------------------------------------------------
2023-02-03 15:34:49.060 [Info] Acquiring context lock... (0ms)

--------------------------------------------------------------------------------
2023-02-03 15:34:49.061 [Info] Acquired. (0ms)

--------------------------------------------------------------------------------
2023-02-03 15:34:49.061 [Info] Beginning context dispose. (0ms)

--------------------------------------------------------------------------------
2023-02-03 15:34:49.061 [Info] GC.SuppressFinalize (0ms)

--------------------------------------------------------------------------------
2023-02-03 15:34:49.061 [Info] InternalDispose() completed. (0ms)

--------------------------------------------------------------------------------
2023-02-03 15:34:49.061 [Info] Clearing instance... (0ms)

--------------------------------------------------------------------------------
2023-02-03 15:34:49.061 [Info] Releasing context lock... (0ms)

--------------------------------------------------------------------------------
2023-02-03 15:34:49.061 [Info] Released. (0ms)

--------------------------------------------------------------------------------
