2023-01-03 14:44:22.291 [Info] Connecting to 26.82.96.248:5400...

--------------------------------------------------------------------------------
2023-01-03 14:44:22.692 [Info] Connection approved [00000000-0000-0000-0000-000000000000].

--------------------------------------------------------------------------------
2023-01-03 14:44:22.732 [Debug] approval Time=1768270 Offset=63808352094401 Real=63808353862671

--------------------------------------------------------------------------------
2023-01-03 14:44:22.732 [Debug] local Time=1768270 Offset=63808352094462 Real=63808353862732

--------------------------------------------------------------------------------
2023-01-03 14:44:22.732 [Debug] real delta=60

--------------------------------------------------------------------------------
2023-01-03 14:44:22.732 [Debug] this.Statistics.Ping=0 NCPing=2

--------------------------------------------------------------------------------
2023-01-03 14:44:22.734 [Debug] Connection established to remote [00000000-0000-0000-0000-000000000000/26.82.96.248:5400].

--------------------------------------------------------------------------------
2023-01-03 14:44:22.734 [Info] Connected [00000000-0000-0000-0000-000000000000].

--------------------------------------------------------------------------------
2023-01-03 15:29:58.737 [Debug] StatusChanged: [NetIncomingMessage #0 10 bytes] [Disconnecting]

--------------------------------------------------------------------------------
2023-01-03 15:29:58.850 [Debug] StatusChanged: [NetIncomingMessage #0 10 bytes] [Disconnected]

--------------------------------------------------------------------------------
2023-01-03 15:29:58.851 [Debug] Connection terminated to remote [00000000-0000-0000-0000-000000000000/26.82.96.248:5400].

--------------------------------------------------------------------------------
2023-01-03 15:29:58.851 [Info] Disconnected [00000000-0000-0000-0000-000000000000].

--------------------------------------------------------------------------------
