2023-02-04 13:50:23.704 [Warn] Directory was specified as a plugin directory but does not exist: 'resources\plugins'

--------------------------------------------------------------------------------
2023-02-04 13:50:23.704 [Info] Discovered 0 plugins:


--------------------------------------------------------------------------------
2023-02-04 13:50:24.355 [Info] Connecting to 26.82.96.248:5400...

--------------------------------------------------------------------------------
2023-02-04 13:50:24.629 [Info] Connection approved [00000000-0000-0000-0000-000000000000].

--------------------------------------------------------------------------------
2023-02-04 13:50:24.673 [Debug] approval Time=968996 Offset=63811114455612 Real=63811115424608

--------------------------------------------------------------------------------
2023-02-04 13:50:24.673 [Debug] local Time=968996 Offset=63811114455677 Real=63811115424673

--------------------------------------------------------------------------------
2023-02-04 13:50:24.673 [Debug] real delta=64

--------------------------------------------------------------------------------
2023-02-04 13:50:24.673 [Debug] this.Statistics.Ping=0 NCPing=1

--------------------------------------------------------------------------------
2023-02-04 13:50:24.677 [Debug] Connection established to remote [00000000-0000-0000-0000-000000000000/26.82.96.248:5400].

--------------------------------------------------------------------------------
2023-02-04 13:50:24.678 [Info] Connected [00000000-0000-0000-0000-000000000000].

--------------------------------------------------------------------------------
2023-02-04 13:50:26.155 [Warn] 'Me' is null.

--------------------------------------------------------------------------------
2023-02-04 13:50:26.352 [Debug] received epp: 970483

--------------------------------------------------------------------------------
2023-02-04 13:50:56.910 [Debug] received epp: 1001265

--------------------------------------------------------------------------------
2023-02-04 13:51:50.926 [Debug] received epp: 1055282

--------------------------------------------------------------------------------
2023-02-04 13:52:44.716 [Debug] received epp: 1109075

--------------------------------------------------------------------------------
2023-02-04 13:53:39.223 [Debug] received epp: 1163580

--------------------------------------------------------------------------------
2023-02-04 13:54:33.057 [Debug] received epp: 1217409

--------------------------------------------------------------------------------
2023-02-04 13:54:41.172 [Info] System window closing (due to user interaction most likely).

--------------------------------------------------------------------------------
2023-02-04 13:54:41.995 [Info] System window closing (due to user interaction most likely).

--------------------------------------------------------------------------------
2023-02-04 13:54:41.997 [Debug] StatusChanged: [NetIncomingMessage #828 10 bytes] [Disconnecting]

--------------------------------------------------------------------------------
2023-02-04 13:54:41.998 [Debug] StatusChanged: [NetIncomingMessage #829 14 bytes] [Disconnected]

--------------------------------------------------------------------------------
2023-02-04 13:54:42.050 [Info] Acquiring context lock... (0ms)

--------------------------------------------------------------------------------
2023-02-04 13:54:42.050 [Info] Acquired. (0ms)

--------------------------------------------------------------------------------
2023-02-04 13:54:42.050 [Info] Beginning context dispose. (0ms)

--------------------------------------------------------------------------------
2023-02-04 13:54:42.050 [Info] GC.SuppressFinalize (0ms)

--------------------------------------------------------------------------------
2023-02-04 13:54:42.050 [Info] InternalDispose() completed. (0ms)

--------------------------------------------------------------------------------
2023-02-04 13:54:42.050 [Info] Clearing instance... (0ms)

--------------------------------------------------------------------------------
2023-02-04 13:54:42.050 [Info] Releasing context lock... (0ms)

--------------------------------------------------------------------------------
2023-02-04 13:54:42.050 [Info] Released. (0ms)

--------------------------------------------------------------------------------
