2023-01-30 15:16:56.731 [Warn] Directory was specified as a plugin directory but does not exist: 'resources\plugins'

--------------------------------------------------------------------------------
2023-01-30 15:16:56.731 [Info] Discovered 0 plugins:


--------------------------------------------------------------------------------
2023-01-30 15:16:57.352 [Info] Connecting to 26.82.96.248:5400...

--------------------------------------------------------------------------------
2023-01-30 15:16:57.618 [Info] Connection approved [00000000-0000-0000-0000-000000000000].

--------------------------------------------------------------------------------
2023-01-30 15:16:57.661 [Debug] approval Time=2092265 Offset=63810686525344 Real=63810688617610

--------------------------------------------------------------------------------
2023-01-30 15:16:57.661 [Debug] local Time=2092265 Offset=63810686525395 Real=63810688617661

--------------------------------------------------------------------------------
2023-01-30 15:16:57.661 [Debug] real delta=50

--------------------------------------------------------------------------------
2023-01-30 15:16:57.661 [Debug] this.Statistics.Ping=0 NCPing=2

--------------------------------------------------------------------------------
2023-01-30 15:16:57.663 [Debug] Connection established to remote [00000000-0000-0000-0000-000000000000/26.82.96.248:5400].

--------------------------------------------------------------------------------
2023-01-30 15:16:57.663 [Info] Connected [00000000-0000-0000-0000-000000000000].

--------------------------------------------------------------------------------
2023-01-30 15:24:41.237 [Info] System window closing (due to user interaction most likely).

--------------------------------------------------------------------------------
2023-01-30 15:24:41.238 [Debug] StatusChanged: [NetIncomingMessage #0 10 bytes] [Disconnecting]

--------------------------------------------------------------------------------
2023-01-30 15:24:41.243 [Debug] StatusChanged: [NetIncomingMessage #0 14 bytes] [Disconnected]

--------------------------------------------------------------------------------
2023-01-30 15:24:41.297 [Info] Acquiring context lock... (0ms)

--------------------------------------------------------------------------------
2023-01-30 15:24:41.298 [Info] Acquired. (0ms)

--------------------------------------------------------------------------------
2023-01-30 15:24:41.298 [Info] Beginning context dispose. (0ms)

--------------------------------------------------------------------------------
2023-01-30 15:24:41.298 [Info] GC.SuppressFinalize (0ms)

--------------------------------------------------------------------------------
2023-01-30 15:24:41.298 [Info] InternalDispose() completed. (0ms)

--------------------------------------------------------------------------------
2023-01-30 15:24:41.298 [Info] Clearing instance... (1ms)

--------------------------------------------------------------------------------
2023-01-30 15:24:41.299 [Info] Releasing context lock... (1ms)

--------------------------------------------------------------------------------
2023-01-30 15:24:41.299 [Info] Released. (1ms)

--------------------------------------------------------------------------------
