2023-01-31 14:56:53.478 [Warn] Directory was specified as a plugin directory but does not exist: 'resources\plugins'

--------------------------------------------------------------------------------
2023-01-31 14:56:53.482 [Info] Discovered 0 plugins:


--------------------------------------------------------------------------------
2023-01-31 14:56:54.025 [Info] Connecting to 26.82.96.248:5400...

--------------------------------------------------------------------------------
2023-01-31 14:56:54.310 [Info] Connection approved [00000000-0000-0000-0000-000000000000].

--------------------------------------------------------------------------------
2023-01-31 14:56:54.356 [Debug] approval Time=5616864 Offset=63810768197427 Real=63810773814291

--------------------------------------------------------------------------------
2023-01-31 14:56:54.356 [Debug] local Time=5616864 Offset=63810768197492 Real=63810773814356

--------------------------------------------------------------------------------
2023-01-31 14:56:54.356 [Debug] real delta=64

--------------------------------------------------------------------------------
2023-01-31 14:56:54.356 [Debug] this.Statistics.Ping=0 NCPing=1

--------------------------------------------------------------------------------
2023-01-31 14:56:54.357 [Debug] Connection established to remote [00000000-0000-0000-0000-000000000000/26.82.96.248:5400].

--------------------------------------------------------------------------------
2023-01-31 14:56:54.357 [Info] Connected [00000000-0000-0000-0000-000000000000].

--------------------------------------------------------------------------------
2023-01-31 14:57:05.481 [Info] System window closing (due to user interaction most likely).

--------------------------------------------------------------------------------
2023-01-31 14:57:05.481 [Debug] StatusChanged: [NetIncomingMessage #0 10 bytes] [Disconnecting]

--------------------------------------------------------------------------------
2023-01-31 14:57:05.485 [Debug] StatusChanged: [NetIncomingMessage #0 14 bytes] [Disconnected]

--------------------------------------------------------------------------------
2023-01-31 14:57:05.546 [Info] Acquiring context lock... (0ms)

--------------------------------------------------------------------------------
2023-01-31 14:57:05.546 [Info] Acquired. (0ms)

--------------------------------------------------------------------------------
2023-01-31 14:57:05.547 [Info] Beginning context dispose. (0ms)

--------------------------------------------------------------------------------
2023-01-31 14:57:05.547 [Info] GC.SuppressFinalize (0ms)

--------------------------------------------------------------------------------
2023-01-31 14:57:05.547 [Info] InternalDispose() completed. (0ms)

--------------------------------------------------------------------------------
2023-01-31 14:57:05.547 [Info] Clearing instance... (0ms)

--------------------------------------------------------------------------------
2023-01-31 14:57:05.547 [Info] Releasing context lock... (0ms)

--------------------------------------------------------------------------------
2023-01-31 14:57:05.547 [Info] Released. (0ms)

--------------------------------------------------------------------------------
