2023-01-30 15:09:08.783 [Warn] Directory was specified as a plugin directory but does not exist: 'resources\plugins'

--------------------------------------------------------------------------------
2023-01-30 15:09:08.783 [Info] Discovered 0 plugins:


--------------------------------------------------------------------------------
2023-01-30 15:09:09.334 [Info] Connecting to 26.82.96.248:5400...

--------------------------------------------------------------------------------
2023-01-30 15:09:09.618 [Info] Connection approved [00000000-0000-0000-0000-000000000000].

--------------------------------------------------------------------------------
2023-01-30 15:09:09.661 [Debug] approval Time=1624259 Offset=63810686525344 Real=63810688149604

--------------------------------------------------------------------------------
2023-01-30 15:09:09.661 [Debug] local Time=1624259 Offset=63810686525402 Real=63810688149661

--------------------------------------------------------------------------------
2023-01-30 15:09:09.661 [Debug] real delta=57

--------------------------------------------------------------------------------
2023-01-30 15:09:09.661 [Debug] this.Statistics.Ping=0 NCPing=1

--------------------------------------------------------------------------------
2023-01-30 15:09:09.662 [Debug] Connection established to remote [00000000-0000-0000-0000-000000000000/26.82.96.248:5400].

--------------------------------------------------------------------------------
2023-01-30 15:09:09.662 [Info] Connected [00000000-0000-0000-0000-000000000000].

--------------------------------------------------------------------------------
2023-01-30 15:09:14.830 [Info] System window closing (due to user interaction most likely).

--------------------------------------------------------------------------------
2023-01-30 15:09:14.831 [Debug] StatusChanged: [NetIncomingMessage #0 10 bytes] [Disconnecting]

--------------------------------------------------------------------------------
2023-01-30 15:09:14.835 [Debug] StatusChanged: [NetIncomingMessage #0 14 bytes] [Disconnected]

--------------------------------------------------------------------------------
2023-01-30 15:09:14.867 [Info] Acquiring context lock... (0ms)

--------------------------------------------------------------------------------
2023-01-30 15:09:14.867 [Info] Acquired. (0ms)

--------------------------------------------------------------------------------
2023-01-30 15:09:14.868 [Info] Beginning context dispose. (0ms)

--------------------------------------------------------------------------------
2023-01-30 15:09:14.868 [Info] GC.SuppressFinalize (0ms)

--------------------------------------------------------------------------------
2023-01-30 15:09:14.868 [Info] InternalDispose() completed. (0ms)

--------------------------------------------------------------------------------
2023-01-30 15:09:14.868 [Info] Clearing instance... (0ms)

--------------------------------------------------------------------------------
2023-01-30 15:09:14.868 [Info] Releasing context lock... (0ms)

--------------------------------------------------------------------------------
2023-01-30 15:09:14.868 [Info] Released. (0ms)

--------------------------------------------------------------------------------
