2023-01-02 12:10:55.015 [Warn] Directory was specified as a plugin directory but does not exist: 'resources\plugins'

--------------------------------------------------------------------------------
2023-01-02 12:10:55.020 [Info] Discovered 0 plugins:


--------------------------------------------------------------------------------
2023-01-02 12:10:55.794 [Info] Connecting to 26.82.96.248:5400...

--------------------------------------------------------------------------------
2023-01-02 12:10:56.209 [Info] Connection approved [00000000-0000-0000-0000-000000000000].

--------------------------------------------------------------------------------
2023-01-02 12:10:56.267 [Debug] approval Time=1714694 Offset=63808256541493 Real=63808258256187

--------------------------------------------------------------------------------
2023-01-02 12:10:56.267 [Debug] local Time=1714694 Offset=63808256541573 Real=63808258256267

--------------------------------------------------------------------------------
2023-01-02 12:10:56.267 [Debug] real delta=80

--------------------------------------------------------------------------------
2023-01-02 12:10:56.268 [Debug] this.Statistics.Ping=0 NCPing=1

--------------------------------------------------------------------------------
2023-01-02 12:10:56.269 [Debug] Connection established to remote [00000000-0000-0000-0000-000000000000/26.82.96.248:5400].

--------------------------------------------------------------------------------
2023-01-02 12:10:56.269 [Info] Connected [00000000-0000-0000-0000-000000000000].

--------------------------------------------------------------------------------
2023-01-02 12:10:59.471 [Warn] 'Me' is null.

--------------------------------------------------------------------------------
2023-01-02 12:10:59.766 [Debug] received epp: 1718079

--------------------------------------------------------------------------------
2023-01-02 12:17:35.064 [Info] System window closing (due to user interaction most likely).

--------------------------------------------------------------------------------
2023-01-02 12:17:35.065 [Debug] StatusChanged: [NetIncomingMessage #0 10 bytes] [Disconnecting]

--------------------------------------------------------------------------------
2023-01-02 12:17:35.077 [Debug] StatusChanged: [NetIncomingMessage #0 14 bytes] [Disconnected]

--------------------------------------------------------------------------------
2023-01-02 12:17:35.119 [Info] Acquiring context lock... (0ms)

--------------------------------------------------------------------------------
2023-01-02 12:17:35.119 [Info] Acquired. (0ms)

--------------------------------------------------------------------------------
2023-01-02 12:17:35.119 [Info] Beginning context dispose. (0ms)

--------------------------------------------------------------------------------
2023-01-02 12:17:35.120 [Info] GC.SuppressFinalize (0ms)

--------------------------------------------------------------------------------
2023-01-02 12:17:35.120 [Info] InternalDispose() completed. (0ms)

--------------------------------------------------------------------------------
2023-01-02 12:17:35.120 [Info] Clearing instance... (1ms)

--------------------------------------------------------------------------------
2023-01-02 12:17:35.120 [Info] Releasing context lock... (1ms)

--------------------------------------------------------------------------------
2023-01-02 12:17:35.120 [Info] Released. (1ms)

--------------------------------------------------------------------------------
