2023-01-02 03:24:32.707 [Warn] Directory was specified as a plugin directory but does not exist: 'resources\plugins'

--------------------------------------------------------------------------------
2023-01-02 03:24:32.712 [Info] Discovered 0 plugins:


--------------------------------------------------------------------------------
2023-01-02 03:24:33.469 [Info] Connecting to 127.0.0.1:5400...

--------------------------------------------------------------------------------
2023-01-02 03:24:33.856 [Info] Connection approved [00000000-0000-0000-0000-000000000000].

--------------------------------------------------------------------------------
2023-01-02 03:24:33.919 [Debug] approval Time=84350 Offset=63808226589495 Real=63808226673845

--------------------------------------------------------------------------------
2023-01-02 03:24:33.919 [Debug] local Time=84350 Offset=63808226589569 Real=63808226673919

--------------------------------------------------------------------------------
2023-01-02 03:24:33.919 [Debug] real delta=73

--------------------------------------------------------------------------------
2023-01-02 03:24:33.919 [Debug] this.Statistics.Ping=0 NCPing=1

--------------------------------------------------------------------------------
2023-01-02 03:24:33.921 [Debug] Connection established to remote [00000000-0000-0000-0000-000000000000/127.0.0.1:5400].

--------------------------------------------------------------------------------
2023-01-02 03:24:33.921 [Info] Connected [00000000-0000-0000-0000-000000000000].

--------------------------------------------------------------------------------
2023-01-02 03:35:27.281 [Debug] StatusChanged: [NetIncomingMessage #0 14 bytes] [Disconnected]

--------------------------------------------------------------------------------
2023-01-02 03:35:27.282 [Debug] Connection terminated to remote [00000000-0000-0000-0000-000000000000/127.0.0.1:5400].

--------------------------------------------------------------------------------
2023-01-02 03:35:27.282 [Info] Disconnected [00000000-0000-0000-0000-000000000000].

--------------------------------------------------------------------------------
2023-01-02 03:35:27.284 [Info] Connecting to 127.0.0.1:5400...

--------------------------------------------------------------------------------
2023-01-02 03:35:36.657 [Info] Connection approved [00000000-0000-0000-0000-000000000000].

--------------------------------------------------------------------------------
2023-01-02 03:35:36.657 [Debug] approval Time=3201 Offset=63808227333407 Real=63808227336608

--------------------------------------------------------------------------------
2023-01-02 03:35:36.657 [Debug] local Time=3201 Offset=63808227333456 Real=63808227336657

--------------------------------------------------------------------------------
2023-01-02 03:35:36.657 [Debug] real delta=48

--------------------------------------------------------------------------------
2023-01-02 03:35:36.658 [Debug] this.Statistics.Ping=0 NCPing=-1000

--------------------------------------------------------------------------------
2023-01-02 03:35:36.658 [Debug] Connection established to remote [00000000-0000-0000-0000-000000000000/127.0.0.1:5400].

--------------------------------------------------------------------------------
2023-01-02 03:35:36.658 [Info] Connected [00000000-0000-0000-0000-000000000000].

--------------------------------------------------------------------------------
2023-01-02 03:42:11.683 [Debug] StatusChanged: [NetIncomingMessage #0 14 bytes] [Disconnected]

--------------------------------------------------------------------------------
2023-01-02 03:42:11.683 [Debug] Connection terminated to remote [00000000-0000-0000-0000-000000000000/127.0.0.1:5400].

--------------------------------------------------------------------------------
2023-01-02 03:42:11.683 [Info] Disconnected [00000000-0000-0000-0000-000000000000].

--------------------------------------------------------------------------------
2023-01-02 03:42:11.684 [Info] Connecting to 127.0.0.1:5400...

--------------------------------------------------------------------------------
2023-01-02 03:42:21.083 [Info] Connection approved [00000000-0000-0000-0000-000000000000].

--------------------------------------------------------------------------------
2023-01-02 03:42:21.083 [Debug] approval Time=2943 Offset=63808227738089 Real=63808227741032

--------------------------------------------------------------------------------
2023-01-02 03:42:21.084 [Debug] local Time=2943 Offset=63808227738138 Real=63808227741081

--------------------------------------------------------------------------------
2023-01-02 03:42:21.084 [Debug] real delta=49

--------------------------------------------------------------------------------
2023-01-02 03:42:21.084 [Debug] this.Statistics.Ping=0 NCPing=-1000

--------------------------------------------------------------------------------
2023-01-02 03:42:21.084 [Debug] Connection established to remote [00000000-0000-0000-0000-000000000000/127.0.0.1:5400].

--------------------------------------------------------------------------------
2023-01-02 03:42:21.084 [Info] Connected [00000000-0000-0000-0000-000000000000].

--------------------------------------------------------------------------------
2023-01-02 03:42:24.677 [Debug] StatusChanged: [NetIncomingMessage #0 14 bytes] [Disconnected]

--------------------------------------------------------------------------------
2023-01-02 03:42:24.678 [Debug] Connection terminated to remote [00000000-0000-0000-0000-000000000000/127.0.0.1:5400].

--------------------------------------------------------------------------------
2023-01-02 03:42:24.678 [Info] Disconnected [00000000-0000-0000-0000-000000000000].

--------------------------------------------------------------------------------
2023-01-02 03:42:24.679 [Info] Connecting to 127.0.0.1:5400...

--------------------------------------------------------------------------------
2023-01-02 03:42:34.103 [Info] Connection approved [00000000-0000-0000-0000-000000000000].

--------------------------------------------------------------------------------
2023-01-02 03:42:34.103 [Debug] approval Time=440 Offset=63808227753620 Real=63808227754060

--------------------------------------------------------------------------------
2023-01-02 03:42:34.103 [Debug] local Time=440 Offset=63808227753648 Real=63808227754088

--------------------------------------------------------------------------------
2023-01-02 03:42:34.103 [Debug] real delta=28

--------------------------------------------------------------------------------
2023-01-02 03:42:34.103 [Debug] this.Statistics.Ping=0 NCPing=-1000

--------------------------------------------------------------------------------
2023-01-02 03:42:34.103 [Debug] Connection established to remote [00000000-0000-0000-0000-000000000000/127.0.0.1:5400].

--------------------------------------------------------------------------------
2023-01-02 03:42:34.103 [Info] Connected [00000000-0000-0000-0000-000000000000].

--------------------------------------------------------------------------------
2023-01-02 04:16:53.019 [Warn] 'Me' is null.

--------------------------------------------------------------------------------
2023-01-02 04:16:53.260 [Debug] received epp: 2059613

--------------------------------------------------------------------------------
2023-01-02 04:28:07.335 [Debug] received epp: 2733689

--------------------------------------------------------------------------------
2023-01-02 04:28:32.461 [Debug] received epp: 2758810

--------------------------------------------------------------------------------
2023-01-02 04:30:49.413 [Debug] received epp: 2895775

--------------------------------------------------------------------------------
2023-01-02 04:34:05.026 [Debug] received epp: 3091392

--------------------------------------------------------------------------------
2023-01-02 04:34:27.809 [Debug] received epp: 3114186

--------------------------------------------------------------------------------
2023-01-02 04:39:09.605 [Debug] received epp: 3395938

--------------------------------------------------------------------------------
2023-01-02 04:43:51.501 [Debug] received epp: 3677850

--------------------------------------------------------------------------------
2023-01-02 04:53:01.709 [Info] System window closing (due to user interaction most likely).

--------------------------------------------------------------------------------
2023-01-02 04:53:01.710 [Debug] StatusChanged: [NetIncomingMessage #0 10 bytes] [Disconnecting]

--------------------------------------------------------------------------------
2023-01-02 04:53:01.712 [Debug] StatusChanged: [NetIncomingMessage #0 14 bytes] [Disconnected]

--------------------------------------------------------------------------------
2023-01-02 04:53:01.748 [Info] Acquiring context lock... (0ms)

--------------------------------------------------------------------------------
2023-01-02 04:53:01.748 [Info] Acquired. (0ms)

--------------------------------------------------------------------------------
2023-01-02 04:53:01.749 [Info] Beginning context dispose. (0ms)

--------------------------------------------------------------------------------
2023-01-02 04:53:01.749 [Info] GC.SuppressFinalize (0ms)

--------------------------------------------------------------------------------
2023-01-02 04:53:01.749 [Info] InternalDispose() completed. (0ms)

--------------------------------------------------------------------------------
2023-01-02 04:53:01.749 [Info] Clearing instance... (1ms)

--------------------------------------------------------------------------------
2023-01-02 04:53:01.749 [Info] Releasing context lock... (1ms)

--------------------------------------------------------------------------------
2023-01-02 04:53:01.749 [Info] Released. (1ms)

--------------------------------------------------------------------------------
