2022-12-13 13:31:04.123 [Warn] Directory was specified as a plugin directory but does not exist: 'resources\plugins'

--------------------------------------------------------------------------------
2022-12-13 13:31:04.129 [Info] Discovered 0 plugins:


--------------------------------------------------------------------------------
2022-12-13 13:31:04.876 [Info] Connecting to 127.0.0.1:5400...

--------------------------------------------------------------------------------
2022-12-13 13:31:08.728 [Info] System window closing (due to user interaction most likely).

--------------------------------------------------------------------------------
2022-12-13 13:31:08.735 [Debug] StatusChanged: [NetIncomingMessage #0 10 bytes] [Disconnecting]

--------------------------------------------------------------------------------
2022-12-13 13:31:08.737 [Debug] StatusChanged: [NetIncomingMessage #0 14 bytes] [Disconnected]

--------------------------------------------------------------------------------
2022-12-13 13:31:08.738 [Debug] Unknown client disconnected (00-00-00-00-00-00-00-00).

--------------------------------------------------------------------------------
2022-12-13 13:31:08.738 [Info] Disconnected [00000000-0000-0000-0000-000000000000].

--------------------------------------------------------------------------------
2022-12-13 13:31:08.779 [Info] Acquiring context lock... (0ms)

--------------------------------------------------------------------------------
2022-12-13 13:31:08.780 [Info] Acquired. (0ms)

--------------------------------------------------------------------------------
2022-12-13 13:31:08.780 [Info] Beginning context dispose. (0ms)

--------------------------------------------------------------------------------
2022-12-13 13:31:08.781 [Info] GC.SuppressFinalize (0ms)

--------------------------------------------------------------------------------
2022-12-13 13:31:08.781 [Info] InternalDispose() completed. (0ms)

--------------------------------------------------------------------------------
2022-12-13 13:31:08.781 [Info] Clearing instance... (1ms)

--------------------------------------------------------------------------------
2022-12-13 13:31:08.781 [Info] Releasing context lock... (1ms)

--------------------------------------------------------------------------------
2022-12-13 13:31:08.781 [Info] Released. (1ms)

--------------------------------------------------------------------------------
