2023-02-04 05:40:51.896 [Warn] Directory was specified as a plugin directory but does not exist: 'resources\plugins'

--------------------------------------------------------------------------------
2023-02-04 05:40:51.901 [Info] Discovered 0 plugins:


--------------------------------------------------------------------------------
2023-02-04 05:40:52.602 [Info] Connecting to 26.82.96.248:5400...

--------------------------------------------------------------------------------
2023-02-04 05:40:52.878 [Info] Connection approved [00000000-0000-0000-0000-000000000000].

--------------------------------------------------------------------------------
2023-02-04 05:40:52.923 [Debug] approval Time=1064498 Offset=63811084988360 Real=63811086052858

--------------------------------------------------------------------------------
2023-02-04 05:40:52.923 [Debug] local Time=1064498 Offset=63811084988424 Real=63811086052923

--------------------------------------------------------------------------------
2023-02-04 05:40:52.923 [Debug] real delta=64

--------------------------------------------------------------------------------
2023-02-04 05:40:52.923 [Debug] this.Statistics.Ping=0 NCPing=2

--------------------------------------------------------------------------------
2023-02-04 05:40:52.924 [Debug] Connection established to remote [00000000-0000-0000-0000-000000000000/26.82.96.248:5400].

--------------------------------------------------------------------------------
2023-02-04 05:40:52.924 [Info] Connected [00000000-0000-0000-0000-000000000000].

--------------------------------------------------------------------------------
2023-02-04 05:40:55.701 [Warn] 'Me' is null.

--------------------------------------------------------------------------------
2023-02-04 05:40:55.877 [Debug] received epp: 1067285

--------------------------------------------------------------------------------
2023-02-04 05:41:26.601 [Info] System window closing (due to user interaction most likely).

--------------------------------------------------------------------------------
2023-02-04 05:41:26.603 [Debug] StatusChanged: [NetIncomingMessage #530 10 bytes] [Disconnecting]

--------------------------------------------------------------------------------
2023-02-04 05:41:26.608 [Debug] StatusChanged: [NetIncomingMessage #531 14 bytes] [Disconnected]

--------------------------------------------------------------------------------
2023-02-04 05:41:26.662 [Info] Acquiring context lock... (0ms)

--------------------------------------------------------------------------------
2023-02-04 05:41:26.662 [Info] Acquired. (0ms)

--------------------------------------------------------------------------------
2023-02-04 05:41:26.662 [Info] Beginning context dispose. (0ms)

--------------------------------------------------------------------------------
2023-02-04 05:41:26.662 [Info] GC.SuppressFinalize (0ms)

--------------------------------------------------------------------------------
2023-02-04 05:41:26.662 [Info] InternalDispose() completed. (0ms)

--------------------------------------------------------------------------------
2023-02-04 05:41:26.662 [Info] Clearing instance... (0ms)

--------------------------------------------------------------------------------
2023-02-04 05:41:26.662 [Info] Releasing context lock... (0ms)

--------------------------------------------------------------------------------
2023-02-04 05:41:26.662 [Info] Released. (0ms)

--------------------------------------------------------------------------------
