2022-12-18 10:03:55.070 [Warn] Directory was specified as a plugin directory but does not exist: 'resources\plugins'

--------------------------------------------------------------------------------
2022-12-18 10:03:55.074 [Info] Discovered 0 plugins:


--------------------------------------------------------------------------------
2022-12-18 10:03:55.712 [Info] Connecting to 127.0.0.1:5400...

--------------------------------------------------------------------------------
2022-12-18 10:03:55.991 [Info] Connection approved [00000000-0000-0000-0000-000000000000].

--------------------------------------------------------------------------------
2022-12-18 10:03:56.044 [Debug] approval Time=111785 Offset=63806954524183 Real=63806954635969

--------------------------------------------------------------------------------
2022-12-18 10:03:56.044 [Debug] local Time=111785 Offset=63806954524258 Real=63806954636044

--------------------------------------------------------------------------------
2022-12-18 10:03:56.044 [Debug] real delta=74

--------------------------------------------------------------------------------
2022-12-18 10:03:56.044 [Debug] this.Statistics.Ping=0 NCPing=3

--------------------------------------------------------------------------------
2022-12-18 10:03:56.045 [Debug] Connection established to remote [00000000-0000-0000-0000-000000000000/127.0.0.1:5400].

--------------------------------------------------------------------------------
2022-12-18 10:03:56.045 [Info] Connected [00000000-0000-0000-0000-000000000000].

--------------------------------------------------------------------------------
2022-12-18 10:03:58.815 [Warn] 'Me' is null.

--------------------------------------------------------------------------------
2022-12-18 10:03:58.991 [Debug] received epp: 114565

--------------------------------------------------------------------------------
2022-12-18 10:33:23.264 [Info] System window closing (due to user interaction most likely).

--------------------------------------------------------------------------------
2022-12-18 10:33:23.266 [Debug] StatusChanged: [NetIncomingMessage #472 10 bytes] [Disconnecting]

--------------------------------------------------------------------------------
2022-12-18 10:33:23.270 [Debug] StatusChanged: [NetIncomingMessage #0 14 bytes] [Disconnected]

--------------------------------------------------------------------------------
2022-12-18 10:33:23.325 [Info] Acquiring context lock... (0ms)

--------------------------------------------------------------------------------
2022-12-18 10:33:23.325 [Info] Acquired. (0ms)

--------------------------------------------------------------------------------
2022-12-18 10:33:23.326 [Info] Beginning context dispose. (0ms)

--------------------------------------------------------------------------------
2022-12-18 10:33:23.326 [Info] GC.SuppressFinalize (0ms)

--------------------------------------------------------------------------------
2022-12-18 10:33:23.326 [Info] InternalDispose() completed. (0ms)

--------------------------------------------------------------------------------
2022-12-18 10:33:23.326 [Info] Clearing instance... (0ms)

--------------------------------------------------------------------------------
2022-12-18 10:33:23.326 [Info] Releasing context lock... (0ms)

--------------------------------------------------------------------------------
2022-12-18 10:33:23.326 [Info] Released. (0ms)

--------------------------------------------------------------------------------
