2023-01-30 15:04:46.173 [Warn] Directory was specified as a plugin directory but does not exist: 'resources\plugins'

--------------------------------------------------------------------------------
2023-01-30 15:04:46.173 [Info] Discovered 0 plugins:


--------------------------------------------------------------------------------
2023-01-30 15:04:46.740 [Info] Connecting to 26.82.96.248:5400...

--------------------------------------------------------------------------------
2023-01-30 15:04:47.011 [Info] Connection approved [00000000-0000-0000-0000-000000000000].

--------------------------------------------------------------------------------
2023-01-30 15:04:47.054 [Debug] approval Time=1361645 Offset=63810686525344 Real=63810687886990

--------------------------------------------------------------------------------
2023-01-30 15:04:47.054 [Debug] local Time=1361645 Offset=63810686525409 Real=63810687887054

--------------------------------------------------------------------------------
2023-01-30 15:04:47.054 [Debug] real delta=64

--------------------------------------------------------------------------------
2023-01-30 15:04:47.054 [Debug] this.Statistics.Ping=0 NCPing=1

--------------------------------------------------------------------------------
2023-01-30 15:04:47.057 [Debug] Connection established to remote [00000000-0000-0000-0000-000000000000/26.82.96.248:5400].

--------------------------------------------------------------------------------
2023-01-30 15:04:47.057 [Info] Connected [00000000-0000-0000-0000-000000000000].

--------------------------------------------------------------------------------
2023-01-30 15:05:47.067 [Info] System window closing (due to user interaction most likely).

--------------------------------------------------------------------------------
2023-01-30 15:05:47.069 [Debug] StatusChanged: [NetIncomingMessage #0 10 bytes] [Disconnecting]

--------------------------------------------------------------------------------
2023-01-30 15:05:47.075 [Debug] StatusChanged: [NetIncomingMessage #0 14 bytes] [Disconnected]

--------------------------------------------------------------------------------
2023-01-30 15:05:47.116 [Info] Acquiring context lock... (0ms)

--------------------------------------------------------------------------------
2023-01-30 15:05:47.116 [Info] Acquired. (0ms)

--------------------------------------------------------------------------------
2023-01-30 15:05:47.116 [Info] Beginning context dispose. (0ms)

--------------------------------------------------------------------------------
2023-01-30 15:05:47.116 [Info] GC.SuppressFinalize (0ms)

--------------------------------------------------------------------------------
2023-01-30 15:05:47.116 [Info] InternalDispose() completed. (0ms)

--------------------------------------------------------------------------------
2023-01-30 15:05:47.116 [Info] Clearing instance... (0ms)

--------------------------------------------------------------------------------
2023-01-30 15:05:47.116 [Info] Releasing context lock... (0ms)

--------------------------------------------------------------------------------
2023-01-30 15:05:47.116 [Info] Released. (0ms)

--------------------------------------------------------------------------------
