2023-02-04 07:09:34.028 [Info] Connecting to 26.82.96.248:5400...

--------------------------------------------------------------------------------
2023-02-04 07:09:34.334 [Info] Connection approved [00000000-0000-0000-0000-000000000000].

--------------------------------------------------------------------------------
2023-02-04 07:09:34.378 [Debug] approval Time=6385953 Offset=63811084988360 Real=63811091374313

--------------------------------------------------------------------------------
2023-02-04 07:09:34.378 [Debug] local Time=6385953 Offset=63811084988424 Real=63811091374378

--------------------------------------------------------------------------------
2023-02-04 07:09:34.378 [Debug] real delta=64

--------------------------------------------------------------------------------
2023-02-04 07:09:34.378 [Debug] this.Statistics.Ping=0 NCPing=1

--------------------------------------------------------------------------------
2023-02-04 07:09:34.379 [Debug] Connection established to remote [00000000-0000-0000-0000-000000000000/26.82.96.248:5400].

--------------------------------------------------------------------------------
2023-02-04 07:09:34.380 [Info] Connected [00000000-0000-0000-0000-000000000000].

--------------------------------------------------------------------------------
2023-02-04 08:41:57.972 [Debug] StatusChanged: [NetIncomingMessage #0 10 bytes] [Disconnecting]

--------------------------------------------------------------------------------
2023-02-04 08:41:58.030 [Debug] StatusChanged: [NetIncomingMessage #0 10 bytes] [Disconnected]

--------------------------------------------------------------------------------
2023-02-04 08:41:58.030 [Debug] Connection terminated to remote [00000000-0000-0000-0000-000000000000/26.82.96.248:5400].

--------------------------------------------------------------------------------
2023-02-04 08:41:58.031 [Info] Disconnected [00000000-0000-0000-0000-000000000000].

--------------------------------------------------------------------------------
