2023-01-02 03:15:05.835 [Info] Connecting to 127.0.0.1:5400...

--------------------------------------------------------------------------------
2023-01-02 03:15:06.578 [Info] Connection approved [00000000-0000-0000-0000-000000000000].

--------------------------------------------------------------------------------
2023-01-02 03:15:06.627 [Debug] approval Time=5038 Offset=63808226101488 Real=63808226106526

--------------------------------------------------------------------------------
2023-01-02 03:15:06.627 [Debug] local Time=5038 Offset=63808226101589 Real=63808226106627

--------------------------------------------------------------------------------
2023-01-02 03:15:06.627 [Debug] real delta=100

--------------------------------------------------------------------------------
2023-01-02 03:15:06.627 [Debug] this.Statistics.Ping=0 NCPing=2

--------------------------------------------------------------------------------
2023-01-02 03:15:06.629 [Debug] Connection established to remote [00000000-0000-0000-0000-000000000000/127.0.0.1:5400].

--------------------------------------------------------------------------------
2023-01-02 03:15:06.629 [Info] Connected [00000000-0000-0000-0000-000000000000].

--------------------------------------------------------------------------------
2023-01-02 03:15:20.480 [Debug] StatusChanged: [NetIncomingMessage #0 10 bytes] [Disconnecting]

--------------------------------------------------------------------------------
2023-01-02 03:15:20.503 [Debug] StatusChanged: [NetIncomingMessage #0 10 bytes] [Disconnected]

--------------------------------------------------------------------------------
2023-01-02 03:15:20.503 [Debug] Connection terminated to remote [00000000-0000-0000-0000-000000000000/127.0.0.1:5400].

--------------------------------------------------------------------------------
2023-01-02 03:15:20.503 [Info] Disconnected [00000000-0000-0000-0000-000000000000].

--------------------------------------------------------------------------------
