2022-12-14 12:09:28.167 [Warn] Directory was specified as a plugin directory but does not exist: 'resources\plugins'

--------------------------------------------------------------------------------
2022-12-14 12:09:28.183 [Info] Discovered 0 plugins:


--------------------------------------------------------------------------------
2022-12-14 12:09:28.958 [Info] Connecting to 127.0.0.1:5400...

--------------------------------------------------------------------------------
2022-12-14 12:09:29.252 [Info] Connection approved [00000000-0000-0000-0000-000000000000].

--------------------------------------------------------------------------------
2022-12-14 12:09:29.298 [Debug] approval Time=13744151 Offset=63806602825084 Real=63806616569235

--------------------------------------------------------------------------------
2022-12-14 12:09:29.299 [Debug] local Time=13744151 Offset=63806602825146 Real=63806616569298

--------------------------------------------------------------------------------
2022-12-14 12:09:29.299 [Debug] real delta=62

--------------------------------------------------------------------------------
2022-12-14 12:09:29.299 [Debug] this.Statistics.Ping=0 NCPing=2

--------------------------------------------------------------------------------
2022-12-14 12:09:29.299 [Debug] Connection established to remote [00000000-0000-0000-0000-000000000000/127.0.0.1:5400].

--------------------------------------------------------------------------------
2022-12-14 12:09:29.300 [Info] Connected [00000000-0000-0000-0000-000000000000].

--------------------------------------------------------------------------------
2022-12-14 12:09:31.804 [Warn] 'Me' is null.

--------------------------------------------------------------------------------
2022-12-14 12:09:31.975 [Debug] received epp: 13746666

--------------------------------------------------------------------------------
2022-12-14 12:10:16.439 [Info] System window closing (due to user interaction most likely).

--------------------------------------------------------------------------------
2022-12-14 12:10:16.441 [Debug] StatusChanged: [NetIncomingMessage #14 10 bytes] [Disconnecting]

--------------------------------------------------------------------------------
2022-12-14 12:10:16.445 [Debug] StatusChanged: [NetIncomingMessage #15 14 bytes] [Disconnected]

--------------------------------------------------------------------------------
2022-12-14 12:10:16.507 [Info] Acquiring context lock... (0ms)

--------------------------------------------------------------------------------
2022-12-14 12:10:16.508 [Info] Acquired. (0ms)

--------------------------------------------------------------------------------
2022-12-14 12:10:16.508 [Info] Beginning context dispose. (0ms)

--------------------------------------------------------------------------------
2022-12-14 12:10:16.509 [Info] GC.SuppressFinalize (0ms)

--------------------------------------------------------------------------------
2022-12-14 12:10:16.509 [Info] InternalDispose() completed. (0ms)

--------------------------------------------------------------------------------
2022-12-14 12:10:16.509 [Info] Clearing instance... (1ms)

--------------------------------------------------------------------------------
2022-12-14 12:10:16.509 [Info] Releasing context lock... (1ms)

--------------------------------------------------------------------------------
2022-12-14 12:10:16.509 [Info] Released. (1ms)

--------------------------------------------------------------------------------
