2023-02-04 14:13:58.453 [Warn] Directory was specified as a plugin directory but does not exist: 'resources\plugins'

--------------------------------------------------------------------------------
2023-02-04 14:13:58.453 [Info] Discovered 0 plugins:


--------------------------------------------------------------------------------
2023-02-04 14:13:59.550 [Info] Connecting to 26.82.96.248:5400...

--------------------------------------------------------------------------------
2023-02-04 14:13:59.816 [Info] Connection approved [00000000-0000-0000-0000-000000000000].

--------------------------------------------------------------------------------
2023-02-04 14:13:59.856 [Debug] approval Time=2384190 Offset=63811114455612 Real=63811116839803

--------------------------------------------------------------------------------
2023-02-04 14:13:59.856 [Debug] local Time=2384190 Offset=63811114455665 Real=63811116839856

--------------------------------------------------------------------------------
2023-02-04 14:13:59.856 [Debug] real delta=52

--------------------------------------------------------------------------------
2023-02-04 14:13:59.856 [Debug] this.Statistics.Ping=0 NCPing=2

--------------------------------------------------------------------------------
2023-02-04 14:13:59.858 [Debug] Connection established to remote [00000000-0000-0000-0000-000000000000/26.82.96.248:5400].

--------------------------------------------------------------------------------
2023-02-04 14:13:59.858 [Info] Connected [00000000-0000-0000-0000-000000000000].

--------------------------------------------------------------------------------
2023-02-04 14:14:01.324 [Warn] 'Me' is null.

--------------------------------------------------------------------------------
2023-02-04 14:14:01.517 [Debug] received epp: 2385651

--------------------------------------------------------------------------------
2023-02-04 14:14:21.493 [Debug] received epp: 2405854

--------------------------------------------------------------------------------
2023-02-04 14:14:34.046 [Info] System window closing (due to user interaction most likely).

--------------------------------------------------------------------------------
2023-02-04 14:14:35.317 [Info] System window closing (due to user interaction most likely).

--------------------------------------------------------------------------------
2023-02-04 14:14:35.319 [Debug] StatusChanged: [NetIncomingMessage #728 10 bytes] [Disconnecting]

--------------------------------------------------------------------------------
2023-02-04 14:14:35.319 [Debug] StatusChanged: [NetIncomingMessage #729 10 bytes] [Disconnected]

--------------------------------------------------------------------------------
2023-02-04 14:14:35.320 [Debug] Connection terminated to remote [00000000-0000-0000-0000-000000000000/26.82.96.248:5400].

--------------------------------------------------------------------------------
2023-02-04 14:14:35.320 [Info] Disconnected [00000000-0000-0000-0000-000000000000].

--------------------------------------------------------------------------------
2023-02-04 14:14:35.320 [Info] Connecting to 26.82.96.248:5400...

--------------------------------------------------------------------------------
2023-02-04 14:14:35.375 [Info] Acquiring context lock... (0ms)

--------------------------------------------------------------------------------
2023-02-04 14:14:35.375 [Info] Acquired. (0ms)

--------------------------------------------------------------------------------
2023-02-04 14:14:35.375 [Info] Beginning context dispose. (0ms)

--------------------------------------------------------------------------------
2023-02-04 14:14:35.375 [Info] GC.SuppressFinalize (0ms)

--------------------------------------------------------------------------------
2023-02-04 14:14:35.375 [Info] InternalDispose() completed. (0ms)

--------------------------------------------------------------------------------
2023-02-04 14:14:35.375 [Info] Clearing instance... (2ms)

--------------------------------------------------------------------------------
2023-02-04 14:14:35.375 [Info] Releasing context lock... (2ms)

--------------------------------------------------------------------------------
2023-02-04 14:14:35.375 [Info] Released. (2ms)

--------------------------------------------------------------------------------
