2023-01-31 14:03:54.717 [Warn] Directory was specified as a plugin directory but does not exist: 'resources\plugins'

--------------------------------------------------------------------------------
2023-01-31 14:03:54.721 [Info] Discovered 0 plugins:


--------------------------------------------------------------------------------
2023-01-31 14:03:55.313 [Info] Connecting to 26.82.96.248:5400...

--------------------------------------------------------------------------------
2023-01-31 14:03:55.614 [Info] Connection approved [00000000-0000-0000-0000-000000000000].

--------------------------------------------------------------------------------
2023-01-31 14:03:55.657 [Debug] approval Time=2438164 Offset=63810768197427 Real=63810770635591

--------------------------------------------------------------------------------
2023-01-31 14:03:55.657 [Debug] local Time=2438164 Offset=63810768197492 Real=63810770635657

--------------------------------------------------------------------------------
2023-01-31 14:03:55.657 [Debug] real delta=65

--------------------------------------------------------------------------------
2023-01-31 14:03:55.657 [Debug] this.Statistics.Ping=0 NCPing=2

--------------------------------------------------------------------------------
2023-01-31 14:03:55.658 [Debug] Connection established to remote [00000000-0000-0000-0000-000000000000/26.82.96.248:5400].

--------------------------------------------------------------------------------
2023-01-31 14:03:55.659 [Info] Connected [00000000-0000-0000-0000-000000000000].

--------------------------------------------------------------------------------
2023-01-31 14:03:57.931 [Warn] 'Me' is null.

--------------------------------------------------------------------------------
2023-01-31 14:03:58.112 [Debug] received epp: 2440444

--------------------------------------------------------------------------------
2023-01-31 14:05:06.910 [Info] System window closing (due to user interaction most likely).

--------------------------------------------------------------------------------
2023-01-31 14:05:06.911 [Debug] StatusChanged: [NetIncomingMessage #149 10 bytes] [Disconnecting]

--------------------------------------------------------------------------------
2023-01-31 14:05:06.915 [Debug] StatusChanged: [NetIncomingMessage #150 14 bytes] [Disconnected]

--------------------------------------------------------------------------------
2023-01-31 14:05:06.948 [Info] Acquiring context lock... (0ms)

--------------------------------------------------------------------------------
2023-01-31 14:05:06.948 [Info] Acquired. (0ms)

--------------------------------------------------------------------------------
2023-01-31 14:05:06.948 [Info] Beginning context dispose. (0ms)

--------------------------------------------------------------------------------
2023-01-31 14:05:06.949 [Info] GC.SuppressFinalize (0ms)

--------------------------------------------------------------------------------
2023-01-31 14:05:06.949 [Info] InternalDispose() completed. (0ms)

--------------------------------------------------------------------------------
2023-01-31 14:05:06.949 [Info] Clearing instance... (1ms)

--------------------------------------------------------------------------------
2023-01-31 14:05:06.949 [Info] Releasing context lock... (1ms)

--------------------------------------------------------------------------------
2023-01-31 14:05:06.949 [Info] Released. (1ms)

--------------------------------------------------------------------------------
