2023-01-28 13:54:47.931 [Warn] Directory was specified as a plugin directory but does not exist: 'resources\plugins'

--------------------------------------------------------------------------------
2023-01-28 13:54:47.936 [Info] Discovered 0 plugins:


--------------------------------------------------------------------------------
2023-01-28 13:54:48.894 [Info] Connecting to 26.82.96.248:5400...

--------------------------------------------------------------------------------
2023-01-28 13:54:49.173 [Info] Connection approved [00000000-0000-0000-0000-000000000000].

--------------------------------------------------------------------------------
2023-01-28 13:54:49.212 [Debug] approval Time=1494976 Offset=63810509394174 Real=63810510889151

--------------------------------------------------------------------------------
2023-01-28 13:54:49.212 [Debug] local Time=1494976 Offset=63810509394235 Real=63810510889212

--------------------------------------------------------------------------------
2023-01-28 13:54:49.212 [Debug] real delta=60

--------------------------------------------------------------------------------
2023-01-28 13:54:49.212 [Debug] this.Statistics.Ping=0 NCPing=3

--------------------------------------------------------------------------------
2023-01-28 13:54:49.213 [Debug] Connection established to remote [00000000-0000-0000-0000-000000000000/26.82.96.248:5400].

--------------------------------------------------------------------------------
2023-01-28 13:54:49.213 [Info] Connected [00000000-0000-0000-0000-000000000000].

--------------------------------------------------------------------------------
2023-01-28 13:54:51.787 [Warn] 'Me' is null.

--------------------------------------------------------------------------------
2023-01-28 13:54:51.968 [Debug] received epp: 1497514

--------------------------------------------------------------------------------
2023-01-28 13:56:10.080 [Info] User clicked exit button.

--------------------------------------------------------------------------------
2023-01-28 13:56:10.086 [Info] System window closing (due to user interaction most likely).

--------------------------------------------------------------------------------
2023-01-28 13:56:10.088 [Debug] StatusChanged: [NetIncomingMessage #605 10 bytes] [Disconnecting]

--------------------------------------------------------------------------------
2023-01-28 13:56:10.092 [Debug] StatusChanged: [NetIncomingMessage #606 14 bytes] [Disconnected]

--------------------------------------------------------------------------------
2023-01-28 13:56:10.132 [Info] Acquiring context lock... (0ms)

--------------------------------------------------------------------------------
2023-01-28 13:56:10.132 [Info] Acquired. (0ms)

--------------------------------------------------------------------------------
2023-01-28 13:56:10.132 [Info] Beginning context dispose. (0ms)

--------------------------------------------------------------------------------
2023-01-28 13:56:10.132 [Info] GC.SuppressFinalize (0ms)

--------------------------------------------------------------------------------
2023-01-28 13:56:10.132 [Info] InternalDispose() completed. (0ms)

--------------------------------------------------------------------------------
2023-01-28 13:56:10.132 [Info] Clearing instance... (0ms)

--------------------------------------------------------------------------------
2023-01-28 13:56:10.132 [Info] Releasing context lock... (0ms)

--------------------------------------------------------------------------------
2023-01-28 13:56:10.132 [Info] Released. (0ms)

--------------------------------------------------------------------------------
