2022-12-11 04:28:46.941 [Warn] Directory was specified as a plugin directory but does not exist: 'resources\plugins'

--------------------------------------------------------------------------------
2022-12-11 04:28:46.952 [Info] Discovered 0 plugins:


--------------------------------------------------------------------------------
2022-12-11 04:28:47.904 [Info] Connecting to 127.0.0.1:5400...

--------------------------------------------------------------------------------
2022-12-11 04:28:48.624 [Info] Connection approved [00000000-0000-0000-0000-000000000000].

--------------------------------------------------------------------------------
2022-12-11 04:28:48.688 [Debug] approval Time=39375 Offset=63806329689187 Real=63806329728563

--------------------------------------------------------------------------------
2022-12-11 04:28:48.688 [Debug] local Time=39375 Offset=63806329689313 Real=63806329728688

--------------------------------------------------------------------------------
2022-12-11 04:28:48.688 [Debug] real delta=125

--------------------------------------------------------------------------------
2022-12-11 04:28:48.688 [Debug] this.Statistics.Ping=0 NCPing=2

--------------------------------------------------------------------------------
2022-12-11 04:28:48.690 [Debug] Connection established to remote [00000000-0000-0000-0000-000000000000/127.0.0.1:5400].

--------------------------------------------------------------------------------
2022-12-11 04:28:48.690 [Info] Connected [00000000-0000-0000-0000-000000000000].

--------------------------------------------------------------------------------
2022-12-11 04:29:48.209 [Info] System window closing (due to user interaction most likely).

--------------------------------------------------------------------------------
2022-12-11 04:29:48.210 [Debug] StatusChanged: [NetIncomingMessage #0 10 bytes] [Disconnecting]

--------------------------------------------------------------------------------
2022-12-11 04:29:48.214 [Debug] StatusChanged: [NetIncomingMessage #0 14 bytes] [Disconnected]

--------------------------------------------------------------------------------
2022-12-11 04:29:48.258 [Info] Acquiring context lock... (0ms)

--------------------------------------------------------------------------------
2022-12-11 04:29:48.258 [Info] Acquired. (0ms)

--------------------------------------------------------------------------------
2022-12-11 04:29:48.259 [Info] Beginning context dispose. (0ms)

--------------------------------------------------------------------------------
2022-12-11 04:29:48.259 [Info] GC.SuppressFinalize (0ms)

--------------------------------------------------------------------------------
2022-12-11 04:29:48.259 [Info] InternalDispose() completed. (0ms)

--------------------------------------------------------------------------------
2022-12-11 04:29:48.259 [Info] Clearing instance... (0ms)

--------------------------------------------------------------------------------
2022-12-11 04:29:48.259 [Info] Releasing context lock... (0ms)

--------------------------------------------------------------------------------
2022-12-11 04:29:48.259 [Info] Released. (0ms)

--------------------------------------------------------------------------------
