2023-01-02 12:01:25.618 [Info] Connecting to 26.82.96.248:5400...

--------------------------------------------------------------------------------
2023-01-02 12:01:25.987 [Info] Connection approved [00000000-0000-0000-0000-000000000000].

--------------------------------------------------------------------------------
2023-01-02 12:01:26.041 [Debug] approval Time=1144473 Offset=63808256541493 Real=63808257685966

--------------------------------------------------------------------------------
2023-01-02 12:01:26.042 [Debug] local Time=1144473 Offset=63808256541568 Real=63808257686041

--------------------------------------------------------------------------------
2023-01-02 12:01:26.042 [Debug] real delta=75

--------------------------------------------------------------------------------
2023-01-02 12:01:26.042 [Debug] this.Statistics.Ping=0 NCPing=1

--------------------------------------------------------------------------------
2023-01-02 12:01:26.043 [Debug] Connection established to remote [00000000-0000-0000-0000-000000000000/26.82.96.248:5400].

--------------------------------------------------------------------------------
2023-01-02 12:01:26.043 [Info] Connected [00000000-0000-0000-0000-000000000000].

--------------------------------------------------------------------------------
2023-01-02 12:39:36.499 [Debug] StatusChanged: [NetIncomingMessage #0 14 bytes] [Disconnected]

--------------------------------------------------------------------------------
2023-01-02 12:39:36.500 [Debug] Connection terminated to remote [00000000-0000-0000-0000-000000000000/26.82.96.248:5400].

--------------------------------------------------------------------------------
2023-01-02 12:39:36.500 [Info] Disconnected [00000000-0000-0000-0000-000000000000].

--------------------------------------------------------------------------------
