2023-01-24 04:49:44.460 [Info] Connecting to 26.82.96.248:5400...

--------------------------------------------------------------------------------
2023-01-24 04:49:45.208 [Info] Connection approved [00000000-0000-0000-0000-000000000000].

--------------------------------------------------------------------------------
2023-01-24 04:49:45.245 [Debug] approval Time=36409 Offset=63810132548683 Real=63810132585092

--------------------------------------------------------------------------------
2023-01-24 04:49:45.246 [Debug] local Time=36410 Offset=63810132548836 Real=63810132585246

--------------------------------------------------------------------------------
2023-01-24 04:49:45.246 [Debug] real delta=154

--------------------------------------------------------------------------------
2023-01-24 04:49:45.246 [Debug] this.Statistics.Ping=0 NCPing=4

--------------------------------------------------------------------------------
2023-01-24 04:49:45.248 [Debug] Connection established to remote [00000000-0000-0000-0000-000000000000/26.82.96.248:5400].

--------------------------------------------------------------------------------
2023-01-24 04:49:45.248 [Info] Connected [00000000-0000-0000-0000-000000000000].

--------------------------------------------------------------------------------
2023-01-24 05:50:45.702 [Debug] StatusChanged: [NetIncomingMessage #0 10 bytes] [Disconnecting]

--------------------------------------------------------------------------------
2023-01-24 05:50:45.736 [Debug] StatusChanged: [NetIncomingMessage #0 10 bytes] [Disconnected]

--------------------------------------------------------------------------------
2023-01-24 05:50:45.736 [Debug] Connection terminated to remote [00000000-0000-0000-0000-000000000000/26.82.96.248:5400].

--------------------------------------------------------------------------------
2023-01-24 05:50:45.736 [Info] Disconnected [00000000-0000-0000-0000-000000000000].

--------------------------------------------------------------------------------
