2022-12-11 07:11:48.647 [Warn] Directory was specified as a plugin directory but does not exist: 'resources\plugins'

--------------------------------------------------------------------------------
2022-12-11 07:11:48.657 [Info] Discovered 0 plugins:


--------------------------------------------------------------------------------
2022-12-11 07:11:49.354 [Info] Connecting to 127.0.0.1:5400...

--------------------------------------------------------------------------------
2022-12-11 07:12:04.613 [Debug] StatusChanged: [NetIncomingMessage #0 63 bytes] [Disconnected]

--------------------------------------------------------------------------------
2022-12-11 07:12:04.621 [Debug] Unknown client disconnected (00-00-00-00-00-00-00-00).

--------------------------------------------------------------------------------
2022-12-11 07:12:04.621 [Info] Disconnected [00000000-0000-0000-0000-000000000000].

--------------------------------------------------------------------------------
2022-12-11 07:12:04.624 [Info] Connecting to 127.0.0.1:5400...

--------------------------------------------------------------------------------
2022-12-11 07:12:10.930 [Info] Connection approved [00000000-0000-0000-0000-000000000000].

--------------------------------------------------------------------------------
2022-12-11 07:12:10.965 [Debug] approval Time=1472 Offset=63806339529419 Real=63806339530892

--------------------------------------------------------------------------------
2022-12-11 07:12:10.965 [Debug] local Time=1472 Offset=63806339529483 Real=63806339530956

--------------------------------------------------------------------------------
2022-12-11 07:12:10.965 [Debug] real delta=64

--------------------------------------------------------------------------------
2022-12-11 07:12:10.965 [Debug] this.Statistics.Ping=0 NCPing=2

--------------------------------------------------------------------------------
2022-12-11 07:12:10.966 [Debug] Connection established to remote [00000000-0000-0000-0000-000000000000/127.0.0.1:5400].

--------------------------------------------------------------------------------
2022-12-11 07:12:10.967 [Info] Connected [00000000-0000-0000-0000-000000000000].

--------------------------------------------------------------------------------
2022-12-11 07:12:48.116 [Warn] 'Me' is null.

--------------------------------------------------------------------------------
2022-12-11 07:12:48.279 [Debug] received epp: 38719

--------------------------------------------------------------------------------
2022-12-11 07:13:50.055 [Debug] received epp: 100399

--------------------------------------------------------------------------------
2022-12-11 07:13:51.540 [Debug] received epp: 102103

--------------------------------------------------------------------------------
2022-12-11 07:14:00.897 [Debug] received epp: 111455

--------------------------------------------------------------------------------
2022-12-11 07:14:32.628 [Debug] StatusChanged: [NetIncomingMessage #127 10 bytes] [Disconnected]

--------------------------------------------------------------------------------
2022-12-11 07:14:32.628 [Debug] Connection terminated to remote [00000000-0000-0000-0000-000000000000/127.0.0.1:5400].

--------------------------------------------------------------------------------
2022-12-11 07:14:32.628 [Info] Disconnected [00000000-0000-0000-0000-000000000000].

--------------------------------------------------------------------------------
2022-12-11 07:14:32.628 [Info] Connecting to 127.0.0.1:5400...

--------------------------------------------------------------------------------
2022-12-11 07:14:32.787 [Info] Connection approved [00000000-0000-0000-0000-000000000000].

--------------------------------------------------------------------------------
2022-12-11 07:14:32.787 [Debug] approval Time=143352 Offset=63806339529419 Real=63806339672772

--------------------------------------------------------------------------------
2022-12-11 07:14:32.787 [Debug] local Time=143352 Offset=63806339529434 Real=63806339672787

--------------------------------------------------------------------------------
2022-12-11 07:14:32.787 [Debug] real delta=15

--------------------------------------------------------------------------------
2022-12-11 07:14:32.787 [Debug] this.Statistics.Ping=0 NCPing=1

--------------------------------------------------------------------------------
2022-12-11 07:14:32.787 [Debug] Connection established to remote [00000000-0000-0000-0000-000000000000/127.0.0.1:5400].

--------------------------------------------------------------------------------
2022-12-11 07:14:32.787 [Info] Connected [00000000-0000-0000-0000-000000000000].

--------------------------------------------------------------------------------
2022-12-11 07:15:50.182 [Info] System window closing (due to user interaction most likely).

--------------------------------------------------------------------------------
2022-12-11 07:15:50.183 [Debug] StatusChanged: [NetIncomingMessage #0 10 bytes] [Disconnecting]

--------------------------------------------------------------------------------
2022-12-11 07:15:50.186 [Debug] StatusChanged: [NetIncomingMessage #0 14 bytes] [Disconnected]

--------------------------------------------------------------------------------
2022-12-11 07:15:50.219 [Info] Acquiring context lock... (0ms)

--------------------------------------------------------------------------------
2022-12-11 07:15:50.220 [Info] Acquired. (0ms)

--------------------------------------------------------------------------------
2022-12-11 07:15:50.220 [Info] Beginning context dispose. (0ms)

--------------------------------------------------------------------------------
2022-12-11 07:15:50.220 [Info] GC.SuppressFinalize (0ms)

--------------------------------------------------------------------------------
2022-12-11 07:15:50.220 [Info] InternalDispose() completed. (0ms)

--------------------------------------------------------------------------------
2022-12-11 07:15:50.220 [Info] Clearing instance... (0ms)

--------------------------------------------------------------------------------
2022-12-11 07:15:50.220 [Info] Releasing context lock... (0ms)

--------------------------------------------------------------------------------
2022-12-11 07:15:50.220 [Info] Released. (0ms)

--------------------------------------------------------------------------------
