2023-02-04 06:31:44.416 [Warn] Directory was specified as a plugin directory but does not exist: 'resources\plugins'

--------------------------------------------------------------------------------
2023-02-04 06:31:44.432 [Info] Discovered 0 plugins:


--------------------------------------------------------------------------------
2023-02-04 06:31:45.043 [Info] Connecting to 26.82.96.248:5400...

--------------------------------------------------------------------------------
2023-02-04 06:31:45.331 [Info] Connection approved [00000000-0000-0000-0000-000000000000].

--------------------------------------------------------------------------------
2023-02-04 06:31:45.369 [Debug] approval Time=4116953 Offset=63811084988360 Real=63811089105314

--------------------------------------------------------------------------------
2023-02-04 06:31:45.369 [Debug] local Time=4116953 Offset=63811084988415 Real=63811089105369

--------------------------------------------------------------------------------
2023-02-04 06:31:45.369 [Debug] real delta=55

--------------------------------------------------------------------------------
2023-02-04 06:31:45.369 [Debug] this.Statistics.Ping=0 NCPing=2

--------------------------------------------------------------------------------
2023-02-04 06:31:45.370 [Debug] Connection established to remote [00000000-0000-0000-0000-000000000000/26.82.96.248:5400].

--------------------------------------------------------------------------------
2023-02-04 06:31:45.370 [Info] Connected [00000000-0000-0000-0000-000000000000].

--------------------------------------------------------------------------------
2023-02-04 06:31:47.743 [Warn] 'Me' is null.

--------------------------------------------------------------------------------
2023-02-04 06:31:47.914 [Debug] received epp: 4119331

--------------------------------------------------------------------------------
2023-02-04 06:34:54.107 [Info] System window closing (due to user interaction most likely).

--------------------------------------------------------------------------------
2023-02-04 06:34:54.109 [Debug] StatusChanged: [NetIncomingMessage #792 10 bytes] [Disconnecting]

--------------------------------------------------------------------------------
2023-02-04 06:34:54.113 [Debug] StatusChanged: [NetIncomingMessage #793 14 bytes] [Disconnected]

--------------------------------------------------------------------------------
2023-02-04 06:34:54.159 [Info] Acquiring context lock... (0ms)

--------------------------------------------------------------------------------
2023-02-04 06:34:54.159 [Info] Acquired. (0ms)

--------------------------------------------------------------------------------
2023-02-04 06:34:54.159 [Info] Beginning context dispose. (0ms)

--------------------------------------------------------------------------------
2023-02-04 06:34:54.159 [Info] GC.SuppressFinalize (0ms)

--------------------------------------------------------------------------------
2023-02-04 06:34:54.159 [Info] InternalDispose() completed. (0ms)

--------------------------------------------------------------------------------
2023-02-04 06:34:54.159 [Info] Clearing instance... (1ms)

--------------------------------------------------------------------------------
2023-02-04 06:34:54.159 [Info] Releasing context lock... (1ms)

--------------------------------------------------------------------------------
2023-02-04 06:34:54.159 [Info] Released. (1ms)

--------------------------------------------------------------------------------
