2023-02-01 03:39:40.384 [Info] Connecting to 26.82.96.248:5400...

--------------------------------------------------------------------------------
2023-02-01 03:39:40.705 [Info] Connection approved [00000000-0000-0000-0000-000000000000].

--------------------------------------------------------------------------------
2023-02-01 03:39:40.746 [Debug] approval Time=241482 Offset=63810819339199 Real=63810819580681

--------------------------------------------------------------------------------
2023-02-01 03:39:40.751 [Debug] local Time=241482 Offset=63810819339264 Real=63810819580746

--------------------------------------------------------------------------------
2023-02-01 03:39:40.751 [Debug] real delta=65

--------------------------------------------------------------------------------
2023-02-01 03:39:40.751 [Debug] this.Statistics.Ping=0 NCPing=0

--------------------------------------------------------------------------------
2023-02-01 03:39:40.751 [Debug] Connection established to remote [00000000-0000-0000-0000-000000000000/26.82.96.248:5400].

--------------------------------------------------------------------------------
2023-02-01 03:39:40.753 [Info] Connected [00000000-0000-0000-0000-000000000000].

--------------------------------------------------------------------------------
2023-02-01 03:50:12.536 [Debug] StatusChanged: [NetIncomingMessage #0 10 bytes] [Disconnecting]

--------------------------------------------------------------------------------
2023-02-01 03:50:12.552 [Debug] StatusChanged: [NetIncomingMessage #0 10 bytes] [Disconnected]

--------------------------------------------------------------------------------
2023-02-01 03:50:12.552 [Debug] Connection terminated to remote [00000000-0000-0000-0000-000000000000/26.82.96.248:5400].

--------------------------------------------------------------------------------
2023-02-01 03:50:12.553 [Info] Disconnected [00000000-0000-0000-0000-000000000000].

--------------------------------------------------------------------------------
