2022-12-14 08:32:44.049 [Warn] Directory was specified as a plugin directory but does not exist: 'resources\plugins'

--------------------------------------------------------------------------------
2022-12-14 08:32:44.052 [Info] Discovered 0 plugins:


--------------------------------------------------------------------------------
2022-12-14 08:32:44.912 [Info] Connecting to 127.0.0.1:5400...

--------------------------------------------------------------------------------
2022-12-14 08:32:45.190 [Info] Connection approved [00000000-0000-0000-0000-000000000000].

--------------------------------------------------------------------------------
2022-12-14 08:32:45.229 [Debug] approval Time=740093 Offset=63806602825084 Real=63806603565177

--------------------------------------------------------------------------------
2022-12-14 08:32:45.229 [Debug] local Time=740093 Offset=63806602825135 Real=63806603565229

--------------------------------------------------------------------------------
2022-12-14 08:32:45.229 [Debug] real delta=51

--------------------------------------------------------------------------------
2022-12-14 08:32:45.229 [Debug] this.Statistics.Ping=0 NCPing=2

--------------------------------------------------------------------------------
2022-12-14 08:32:45.231 [Debug] Connection established to remote [00000000-0000-0000-0000-000000000000/127.0.0.1:5400].

--------------------------------------------------------------------------------
2022-12-14 08:32:45.231 [Info] Connected [00000000-0000-0000-0000-000000000000].

--------------------------------------------------------------------------------
2022-12-14 08:39:45.105 [Info] System window closing (due to user interaction most likely).

--------------------------------------------------------------------------------
2022-12-14 08:39:45.107 [Debug] StatusChanged: [NetIncomingMessage #0 10 bytes] [Disconnecting]

--------------------------------------------------------------------------------
2022-12-14 08:39:45.111 [Debug] StatusChanged: [NetIncomingMessage #0 14 bytes] [Disconnected]

--------------------------------------------------------------------------------
2022-12-14 08:39:45.154 [Info] Acquiring context lock... (0ms)

--------------------------------------------------------------------------------
2022-12-14 08:39:45.154 [Info] Acquired. (0ms)

--------------------------------------------------------------------------------
2022-12-14 08:39:45.155 [Info] Beginning context dispose. (0ms)

--------------------------------------------------------------------------------
2022-12-14 08:39:45.155 [Info] GC.SuppressFinalize (0ms)

--------------------------------------------------------------------------------
2022-12-14 08:39:45.155 [Info] InternalDispose() completed. (0ms)

--------------------------------------------------------------------------------
2022-12-14 08:39:45.155 [Info] Clearing instance... (0ms)

--------------------------------------------------------------------------------
2022-12-14 08:39:45.155 [Info] Releasing context lock... (0ms)

--------------------------------------------------------------------------------
2022-12-14 08:39:45.155 [Info] Released. (0ms)

--------------------------------------------------------------------------------
