2022-12-14 12:10:43.941 [Warn] Directory was specified as a plugin directory but does not exist: 'resources\plugins'

--------------------------------------------------------------------------------
2022-12-14 12:10:43.941 [Info] Discovered 0 plugins:


--------------------------------------------------------------------------------
2022-12-14 12:10:44.734 [Info] Connecting to 127.0.0.1:5400...

--------------------------------------------------------------------------------
2022-12-14 12:10:45.013 [Info] Connection approved [00000000-0000-0000-0000-000000000000].

--------------------------------------------------------------------------------
2022-12-14 12:10:45.058 [Debug] approval Time=13819919 Offset=63806602825084 Real=63806616645003

--------------------------------------------------------------------------------
2022-12-14 12:10:45.058 [Debug] local Time=13819919 Offset=63806602825139 Real=63806616645058

--------------------------------------------------------------------------------
2022-12-14 12:10:45.058 [Debug] real delta=55

--------------------------------------------------------------------------------
2022-12-14 12:10:45.058 [Debug] this.Statistics.Ping=0 NCPing=1

--------------------------------------------------------------------------------
2022-12-14 12:10:45.059 [Debug] Connection established to remote [00000000-0000-0000-0000-000000000000/127.0.0.1:5400].

--------------------------------------------------------------------------------
2022-12-14 12:10:45.059 [Info] Connected [00000000-0000-0000-0000-000000000000].

--------------------------------------------------------------------------------
2022-12-14 12:10:50.274 [Warn] 'Me' is null.

--------------------------------------------------------------------------------
2022-12-14 12:10:50.445 [Debug] received epp: 13825134

--------------------------------------------------------------------------------
2022-12-14 12:11:03.598 [Info] System window closing (due to user interaction most likely).

--------------------------------------------------------------------------------
2022-12-14 12:11:03.600 [Debug] StatusChanged: [NetIncomingMessage #14 10 bytes] [Disconnecting]

--------------------------------------------------------------------------------
2022-12-14 12:11:03.602 [Debug] StatusChanged: [NetIncomingMessage #15 9 bytes] [Disconnected]

--------------------------------------------------------------------------------
2022-12-14 12:11:03.651 [Info] Acquiring context lock... (0ms)

--------------------------------------------------------------------------------
2022-12-14 12:11:03.651 [Info] Acquired. (0ms)

--------------------------------------------------------------------------------
2022-12-14 12:11:03.652 [Info] Beginning context dispose. (0ms)

--------------------------------------------------------------------------------
2022-12-14 12:11:03.652 [Info] GC.SuppressFinalize (0ms)

--------------------------------------------------------------------------------
2022-12-14 12:11:03.652 [Info] InternalDispose() completed. (0ms)

--------------------------------------------------------------------------------
2022-12-14 12:11:03.652 [Info] Clearing instance... (1ms)

--------------------------------------------------------------------------------
2022-12-14 12:11:03.652 [Info] Releasing context lock... (1ms)

--------------------------------------------------------------------------------
2022-12-14 12:11:03.652 [Info] Released. (1ms)

--------------------------------------------------------------------------------
