2023-01-28 13:59:04.204 [Warn] Directory was specified as a plugin directory but does not exist: 'resources\plugins'

--------------------------------------------------------------------------------
2023-01-28 13:59:04.208 [Info] Discovered 0 plugins:


--------------------------------------------------------------------------------
2023-01-28 13:59:05.080 [Info] Connecting to 26.82.96.248:5400...

--------------------------------------------------------------------------------
2023-01-28 13:59:05.358 [Info] Connection approved [00000000-0000-0000-0000-000000000000].

--------------------------------------------------------------------------------
2023-01-28 13:59:05.404 [Debug] approval Time=115007 Offset=63810511030330 Real=63810511145338

--------------------------------------------------------------------------------
2023-01-28 13:59:05.404 [Debug] local Time=115007 Offset=63810511030396 Real=63810511145404

--------------------------------------------------------------------------------
2023-01-28 13:59:05.404 [Debug] real delta=65

--------------------------------------------------------------------------------
2023-01-28 13:59:05.404 [Debug] this.Statistics.Ping=0 NCPing=2

--------------------------------------------------------------------------------
2023-01-28 13:59:05.406 [Debug] Connection established to remote [00000000-0000-0000-0000-000000000000/26.82.96.248:5400].

--------------------------------------------------------------------------------
2023-01-28 13:59:05.406 [Info] Connected [00000000-0000-0000-0000-000000000000].

--------------------------------------------------------------------------------
2023-01-28 14:00:54.109 [Warn] 'Me' is null.

--------------------------------------------------------------------------------
2023-01-28 14:00:54.312 [Debug] received epp: 223821

--------------------------------------------------------------------------------
2023-01-28 14:01:20.432 [Debug] received epp: 250092

--------------------------------------------------------------------------------
2023-01-28 14:01:21.008 [Debug] received epp: 250658

--------------------------------------------------------------------------------
2023-01-28 14:01:21.522 [Debug] received epp: 251172

--------------------------------------------------------------------------------
2023-01-28 14:01:21.932 [Debug] received epp: 251580

--------------------------------------------------------------------------------
2023-01-28 14:06:19.716 [Debug] received epp: 549367

--------------------------------------------------------------------------------
2023-01-28 14:06:19.847 [Debug] received epp: 549499

--------------------------------------------------------------------------------
2023-01-28 14:06:19.909 [Debug] received epp: 549560

--------------------------------------------------------------------------------
2023-01-28 14:06:21.549 [Debug] received epp: 551200

--------------------------------------------------------------------------------
2023-01-28 14:06:22.319 [Debug] received epp: 551976

--------------------------------------------------------------------------------
2023-01-28 14:08:20.336 [Debug] received epp: 669985

--------------------------------------------------------------------------------
2023-01-28 14:08:20.740 [Debug] received epp: 670388

--------------------------------------------------------------------------------
2023-01-28 14:09:32.134 [Debug] received epp: 741790

--------------------------------------------------------------------------------
2023-01-28 14:09:32.473 [Debug] received epp: 742127

--------------------------------------------------------------------------------
2023-01-28 14:09:32.834 [Debug] received epp: 742483

--------------------------------------------------------------------------------
2023-01-28 14:09:33.224 [Debug] received epp: 742873

--------------------------------------------------------------------------------
2023-01-28 14:09:33.598 [Debug] received epp: 743246

--------------------------------------------------------------------------------
2023-01-28 14:09:33.988 [Debug] received epp: 743636

--------------------------------------------------------------------------------
2023-01-28 14:09:35.759 [Debug] received epp: 745422

--------------------------------------------------------------------------------
2023-01-28 14:09:36.286 [Debug] received epp: 745945

--------------------------------------------------------------------------------
2023-01-28 14:18:59.545 [Info] System window closing (due to user interaction most likely).

--------------------------------------------------------------------------------
2023-01-28 14:18:59.546 [Debug] StatusChanged: [NetIncomingMessage #30 10 bytes] [Disconnecting]

--------------------------------------------------------------------------------
2023-01-28 14:18:59.549 [Debug] StatusChanged: [NetIncomingMessage #31 14 bytes] [Disconnected]

--------------------------------------------------------------------------------
2023-01-28 14:18:59.594 [Info] Acquiring context lock... (0ms)

--------------------------------------------------------------------------------
2023-01-28 14:18:59.594 [Info] Acquired. (0ms)

--------------------------------------------------------------------------------
2023-01-28 14:18:59.595 [Info] Beginning context dispose. (0ms)

--------------------------------------------------------------------------------
2023-01-28 14:18:59.596 [Info] GC.SuppressFinalize (0ms)

--------------------------------------------------------------------------------
2023-01-28 14:18:59.596 [Info] InternalDispose() completed. (0ms)

--------------------------------------------------------------------------------
2023-01-28 14:18:59.596 [Info] Clearing instance... (1ms)

--------------------------------------------------------------------------------
2023-01-28 14:18:59.596 [Info] Releasing context lock... (1ms)

--------------------------------------------------------------------------------
2023-01-28 14:18:59.596 [Info] Released. (1ms)

--------------------------------------------------------------------------------
