2023-01-28 13:44:46.604 [Warn] Directory was specified as a plugin directory but does not exist: 'resources\plugins'

--------------------------------------------------------------------------------
2023-01-28 13:44:46.618 [Info] Discovered 0 plugins:


--------------------------------------------------------------------------------
2023-01-28 13:44:48.920 [Info] Connecting to 26.82.96.248:5400...

--------------------------------------------------------------------------------
2023-01-28 13:44:49.861 [Info] Connection approved [00000000-0000-0000-0000-000000000000].

--------------------------------------------------------------------------------
2023-01-28 13:44:50.028 [Debug] approval Time=896774 Offset=63810509394174 Real=63810510290949

--------------------------------------------------------------------------------
2023-01-28 13:44:50.028 [Debug] local Time=896774 Offset=63810509393254 Real=63810510290028

--------------------------------------------------------------------------------
2023-01-28 13:44:50.028 [Debug] real delta=-920

--------------------------------------------------------------------------------
2023-01-28 13:44:50.029 [Debug] this.Statistics.Ping=0 NCPing=36

--------------------------------------------------------------------------------
2023-01-28 13:44:50.033 [Debug] Connection established to remote [00000000-0000-0000-0000-000000000000/26.82.96.248:5400].

--------------------------------------------------------------------------------
2023-01-28 13:44:50.033 [Info] Connected [00000000-0000-0000-0000-000000000000].

--------------------------------------------------------------------------------
2023-01-28 13:44:53.594 [Info] User clicked exit button.

--------------------------------------------------------------------------------
2023-01-28 13:44:53.614 [Info] System window closing (due to user interaction most likely).

--------------------------------------------------------------------------------
2023-01-28 13:44:53.617 [Debug] StatusChanged: [NetIncomingMessage #1 10 bytes] [Disconnecting]

--------------------------------------------------------------------------------
2023-01-28 13:44:53.626 [Debug] StatusChanged: [NetIncomingMessage #0 14 bytes] [Disconnected]

--------------------------------------------------------------------------------
2023-01-28 13:44:53.848 [Info] Acquiring context lock... (0ms)

--------------------------------------------------------------------------------
2023-01-28 13:44:53.849 [Info] Acquired. (0ms)

--------------------------------------------------------------------------------
2023-01-28 13:44:53.850 [Info] Beginning context dispose. (0ms)

--------------------------------------------------------------------------------
2023-01-28 13:44:53.851 [Info] GC.SuppressFinalize (0ms)

--------------------------------------------------------------------------------
2023-01-28 13:44:53.851 [Info] InternalDispose() completed. (0ms)

--------------------------------------------------------------------------------
2023-01-28 13:44:53.851 [Info] Clearing instance... (3ms)

--------------------------------------------------------------------------------
2023-01-28 13:44:53.852 [Info] Releasing context lock... (3ms)

--------------------------------------------------------------------------------
2023-01-28 13:44:53.852 [Info] Released. (3ms)

--------------------------------------------------------------------------------
