2023-02-04 06:59:28.287 [Warn] Directory was specified as a plugin directory but does not exist: 'resources\plugins'

--------------------------------------------------------------------------------
2023-02-04 06:59:28.287 [Info] Discovered 0 plugins:


--------------------------------------------------------------------------------
2023-02-04 06:59:28.908 [Info] Connecting to 26.82.96.248:5400...

--------------------------------------------------------------------------------
2023-02-04 06:59:29.171 [Info] Connection approved [00000000-0000-0000-0000-000000000000].

--------------------------------------------------------------------------------
2023-02-04 06:59:29.217 [Debug] approval Time=5780802 Offset=63811084988360 Real=63811090769162

--------------------------------------------------------------------------------
2023-02-04 06:59:29.217 [Debug] local Time=5780802 Offset=63811084988415 Real=63811090769217

--------------------------------------------------------------------------------
2023-02-04 06:59:29.217 [Debug] real delta=55

--------------------------------------------------------------------------------
2023-02-04 06:59:29.217 [Debug] this.Statistics.Ping=0 NCPing=1

--------------------------------------------------------------------------------
2023-02-04 06:59:29.219 [Debug] Connection established to remote [00000000-0000-0000-0000-000000000000/26.82.96.248:5400].

--------------------------------------------------------------------------------
2023-02-04 06:59:29.219 [Info] Connected [00000000-0000-0000-0000-000000000000].

--------------------------------------------------------------------------------
2023-02-04 06:59:31.398 [Warn] 'Me' is null.

--------------------------------------------------------------------------------
2023-02-04 06:59:31.577 [Debug] received epp: 5782982

--------------------------------------------------------------------------------
2023-02-04 07:00:22.729 [Info] System window closing (due to user interaction most likely).

--------------------------------------------------------------------------------
2023-02-04 07:00:22.730 [Debug] StatusChanged: [NetIncomingMessage #798 10 bytes] [Disconnecting]

--------------------------------------------------------------------------------
2023-02-04 07:00:22.735 [Debug] StatusChanged: [NetIncomingMessage #799 14 bytes] [Disconnected]

--------------------------------------------------------------------------------
2023-02-04 07:00:22.793 [Info] Acquiring context lock... (0ms)

--------------------------------------------------------------------------------
2023-02-04 07:00:22.793 [Info] Acquired. (0ms)

--------------------------------------------------------------------------------
2023-02-04 07:00:22.794 [Info] Beginning context dispose. (0ms)

--------------------------------------------------------------------------------
2023-02-04 07:00:22.794 [Info] GC.SuppressFinalize (0ms)

--------------------------------------------------------------------------------
2023-02-04 07:00:22.794 [Info] InternalDispose() completed. (0ms)

--------------------------------------------------------------------------------
2023-02-04 07:00:22.795 [Info] Clearing instance... (1ms)

--------------------------------------------------------------------------------
2023-02-04 07:00:22.795 [Info] Releasing context lock... (1ms)

--------------------------------------------------------------------------------
2023-02-04 07:00:22.795 [Info] Released. (1ms)

--------------------------------------------------------------------------------
