2023-01-30 15:58:05.418 [Warn] Directory was specified as a plugin directory but does not exist: 'resources\plugins'

--------------------------------------------------------------------------------
2023-01-30 15:58:05.423 [Info] Discovered 0 plugins:


--------------------------------------------------------------------------------
2023-01-30 15:58:06.076 [Info] Connecting to 26.82.96.248:5400...

--------------------------------------------------------------------------------
2023-01-30 15:58:06.380 [Info] Connection approved [00000000-0000-0000-0000-000000000000].

--------------------------------------------------------------------------------
2023-01-30 15:58:06.429 [Debug] approval Time=4561025 Offset=63810686525344 Real=63810691086370

--------------------------------------------------------------------------------
2023-01-30 15:58:06.429 [Debug] local Time=4561025 Offset=63810686525403 Real=63810691086429

--------------------------------------------------------------------------------
2023-01-30 15:58:06.429 [Debug] real delta=58

--------------------------------------------------------------------------------
2023-01-30 15:58:06.429 [Debug] this.Statistics.Ping=0 NCPing=0

--------------------------------------------------------------------------------
2023-01-30 15:58:06.432 [Debug] Connection established to remote [00000000-0000-0000-0000-000000000000/26.82.96.248:5400].

--------------------------------------------------------------------------------
2023-01-30 15:58:06.432 [Info] Connected [00000000-0000-0000-0000-000000000000].

--------------------------------------------------------------------------------
2023-01-30 15:58:19.147 [Warn] 'Me' is null.

--------------------------------------------------------------------------------
2023-01-30 15:58:19.384 [Debug] received epp: 4573926

--------------------------------------------------------------------------------
2023-01-30 16:15:05.912 [Debug] received epp: 5580527

--------------------------------------------------------------------------------
2023-01-30 16:41:09.168 [Info] System window closing (due to user interaction most likely).

--------------------------------------------------------------------------------
2023-01-30 16:41:09.170 [Debug] StatusChanged: [NetIncomingMessage #796 10 bytes] [Disconnecting]

--------------------------------------------------------------------------------
2023-01-30 16:41:09.177 [Debug] StatusChanged: [NetIncomingMessage #797 14 bytes] [Disconnected]

--------------------------------------------------------------------------------
2023-01-30 16:41:09.236 [Info] Acquiring context lock... (0ms)

--------------------------------------------------------------------------------
2023-01-30 16:41:09.236 [Info] Acquired. (0ms)

--------------------------------------------------------------------------------
2023-01-30 16:41:09.236 [Info] Beginning context dispose. (0ms)

--------------------------------------------------------------------------------
2023-01-30 16:41:09.237 [Info] GC.SuppressFinalize (0ms)

--------------------------------------------------------------------------------
2023-01-30 16:41:09.237 [Info] InternalDispose() completed. (0ms)

--------------------------------------------------------------------------------
2023-01-30 16:41:09.237 [Info] Clearing instance... (1ms)

--------------------------------------------------------------------------------
2023-01-30 16:41:09.237 [Info] Releasing context lock... (1ms)

--------------------------------------------------------------------------------
2023-01-30 16:41:09.237 [Info] Released. (1ms)

--------------------------------------------------------------------------------
