2022-12-14 12:13:00.483 [Warn] Directory was specified as a plugin directory but does not exist: 'resources\plugins'

--------------------------------------------------------------------------------
2022-12-14 12:13:00.486 [Info] Discovered 0 plugins:


--------------------------------------------------------------------------------
2022-12-14 12:13:01.222 [Info] Connecting to 127.0.0.1:5400...

--------------------------------------------------------------------------------
2022-12-14 12:13:01.511 [Info] Connection approved [00000000-0000-0000-0000-000000000000].

--------------------------------------------------------------------------------
2022-12-14 12:13:01.554 [Debug] approval Time=13956418 Offset=63806602825084 Real=63806616781503

--------------------------------------------------------------------------------
2022-12-14 12:13:01.555 [Debug] local Time=13956418 Offset=63806602825136 Real=63806616781554

--------------------------------------------------------------------------------
2022-12-14 12:13:01.555 [Debug] real delta=51

--------------------------------------------------------------------------------
2022-12-14 12:13:01.555 [Debug] this.Statistics.Ping=0 NCPing=3

--------------------------------------------------------------------------------
2022-12-14 12:13:01.557 [Debug] Connection established to remote [00000000-0000-0000-0000-000000000000/127.0.0.1:5400].

--------------------------------------------------------------------------------
2022-12-14 12:13:01.557 [Info] Connected [00000000-0000-0000-0000-000000000000].

--------------------------------------------------------------------------------
2022-12-14 12:13:38.678 [Warn] 'Me' is null.

--------------------------------------------------------------------------------
2022-12-14 12:13:38.850 [Debug] received epp: 13993542

--------------------------------------------------------------------------------
2022-12-14 12:42:06.575 [Info] System window closing (due to user interaction most likely).

--------------------------------------------------------------------------------
2022-12-14 12:42:06.577 [Debug] StatusChanged: [NetIncomingMessage #0 10 bytes] [Disconnecting]

--------------------------------------------------------------------------------
2022-12-14 12:42:06.583 [Debug] StatusChanged: [NetIncomingMessage #0 14 bytes] [Disconnected]

--------------------------------------------------------------------------------
2022-12-14 12:42:06.652 [Info] Acquiring context lock... (0ms)

--------------------------------------------------------------------------------
2022-12-14 12:42:06.652 [Info] Acquired. (0ms)

--------------------------------------------------------------------------------
2022-12-14 12:42:06.653 [Info] Beginning context dispose. (0ms)

--------------------------------------------------------------------------------
2022-12-14 12:42:06.653 [Info] GC.SuppressFinalize (0ms)

--------------------------------------------------------------------------------
2022-12-14 12:42:06.653 [Info] InternalDispose() completed. (0ms)

--------------------------------------------------------------------------------
2022-12-14 12:42:06.653 [Info] Clearing instance... (0ms)

--------------------------------------------------------------------------------
2022-12-14 12:42:06.653 [Info] Releasing context lock... (1ms)

--------------------------------------------------------------------------------
2022-12-14 12:42:06.653 [Info] Released. (1ms)

--------------------------------------------------------------------------------
