2023-01-31 13:51:56.177 [Warn] Directory was specified as a plugin directory but does not exist: 'resources\plugins'

--------------------------------------------------------------------------------
2023-01-31 13:51:56.182 [Info] Discovered 0 plugins:


--------------------------------------------------------------------------------
2023-01-31 13:51:56.887 [Info] Connecting to 26.82.96.248:5400...

--------------------------------------------------------------------------------
2023-01-31 13:51:57.178 [Info] Connection approved [00000000-0000-0000-0000-000000000000].

--------------------------------------------------------------------------------
2023-01-31 13:51:57.233 [Debug] approval Time=1719725 Offset=63810768197427 Real=63810769917152

--------------------------------------------------------------------------------
2023-01-31 13:51:57.233 [Debug] local Time=1719725 Offset=63810768197508 Real=63810769917233

--------------------------------------------------------------------------------
2023-01-31 13:51:57.233 [Debug] real delta=81

--------------------------------------------------------------------------------
2023-01-31 13:51:57.233 [Debug] this.Statistics.Ping=0 NCPing=3

--------------------------------------------------------------------------------
2023-01-31 13:51:57.236 [Debug] Connection established to remote [00000000-0000-0000-0000-000000000000/26.82.96.248:5400].

--------------------------------------------------------------------------------
2023-01-31 13:51:57.236 [Info] Connected [00000000-0000-0000-0000-000000000000].

--------------------------------------------------------------------------------
2023-01-31 13:52:17.123 [Warn] 'Me' is null.

--------------------------------------------------------------------------------
2023-01-31 13:52:17.326 [Debug] received epp: 1739636

--------------------------------------------------------------------------------
2023-01-31 13:55:39.472 [Info] System window closing (due to user interaction most likely).

--------------------------------------------------------------------------------
2023-01-31 13:55:39.473 [Debug] StatusChanged: [NetIncomingMessage #1004 10 bytes] [Disconnecting]

--------------------------------------------------------------------------------
2023-01-31 13:55:39.478 [Debug] StatusChanged: [NetIncomingMessage #1005 14 bytes] [Disconnected]

--------------------------------------------------------------------------------
2023-01-31 13:55:39.518 [Info] Acquiring context lock... (0ms)

--------------------------------------------------------------------------------
2023-01-31 13:55:39.518 [Info] Acquired. (0ms)

--------------------------------------------------------------------------------
2023-01-31 13:55:39.518 [Info] Beginning context dispose. (0ms)

--------------------------------------------------------------------------------
2023-01-31 13:55:39.519 [Info] GC.SuppressFinalize (0ms)

--------------------------------------------------------------------------------
2023-01-31 13:55:39.519 [Info] InternalDispose() completed. (0ms)

--------------------------------------------------------------------------------
2023-01-31 13:55:39.519 [Info] Clearing instance... (0ms)

--------------------------------------------------------------------------------
2023-01-31 13:55:39.519 [Info] Releasing context lock... (0ms)

--------------------------------------------------------------------------------
2023-01-31 13:55:39.519 [Info] Released. (0ms)

--------------------------------------------------------------------------------
