2023-01-24 05:02:40.001 [Warn] Directory was specified as a plugin directory but does not exist: 'resources\plugins'

--------------------------------------------------------------------------------
2023-01-24 05:02:40.005 [Info] Discovered 0 plugins:


--------------------------------------------------------------------------------
2023-01-24 05:02:40.608 [Info] Connecting to 26.82.96.248:5400...

--------------------------------------------------------------------------------
2023-01-24 05:02:40.879 [Info] Connection approved [00000000-0000-0000-0000-000000000000].

--------------------------------------------------------------------------------
2023-01-24 05:02:40.925 [Debug] approval Time=812172 Offset=63810132548683 Real=63810133360856

--------------------------------------------------------------------------------
2023-01-24 05:02:40.925 [Debug] local Time=812172 Offset=63810132548751 Real=63810133360924

--------------------------------------------------------------------------------
2023-01-24 05:02:40.925 [Debug] real delta=68

--------------------------------------------------------------------------------
2023-01-24 05:02:40.925 [Debug] this.Statistics.Ping=0 NCPing=2

--------------------------------------------------------------------------------
2023-01-24 05:02:40.927 [Debug] Connection established to remote [00000000-0000-0000-0000-000000000000/26.82.96.248:5400].

--------------------------------------------------------------------------------
2023-01-24 05:02:40.927 [Info] Connected [00000000-0000-0000-0000-000000000000].

--------------------------------------------------------------------------------
2023-01-24 05:02:59.264 [Warn] 'Me' is null.

--------------------------------------------------------------------------------
2023-01-24 05:02:59.439 [Debug] received epp: 830520

--------------------------------------------------------------------------------
2023-01-24 05:03:00.933 [Debug] received epp: 832230

--------------------------------------------------------------------------------
2023-01-24 05:07:06.038 [Debug] received epp: 1077333

--------------------------------------------------------------------------------
2023-01-24 05:07:06.065 [Debug] received epp: 1077363

--------------------------------------------------------------------------------
2023-01-24 05:07:06.142 [Debug] received epp: 1077454

--------------------------------------------------------------------------------
2023-01-24 05:07:09.766 [Debug] received epp: 1081065

--------------------------------------------------------------------------------
2023-01-24 05:07:09.926 [Debug] received epp: 1081221

--------------------------------------------------------------------------------
2023-01-24 05:07:10.203 [Debug] received epp: 1081500

--------------------------------------------------------------------------------
2023-01-24 05:07:14.350 [Debug] received epp: 1085645

--------------------------------------------------------------------------------
2023-01-24 05:07:14.655 [Debug] received epp: 1085956

--------------------------------------------------------------------------------
2023-01-24 05:07:14.718 [Debug] received epp: 1086018

--------------------------------------------------------------------------------
2023-01-24 05:07:18.804 [Debug] received epp: 1090097

--------------------------------------------------------------------------------
2023-01-24 05:10:11.310 [Debug] received epp: 1262616

--------------------------------------------------------------------------------
2023-01-24 05:10:11.880 [Debug] received epp: 1263181

--------------------------------------------------------------------------------
2023-01-24 05:10:12.268 [Debug] received epp: 1263569

--------------------------------------------------------------------------------
2023-01-24 05:10:12.615 [Debug] received epp: 1263910

--------------------------------------------------------------------------------
2023-01-24 05:10:12.893 [Debug] received epp: 1264204

--------------------------------------------------------------------------------
2023-01-24 05:10:13.400 [Debug] received epp: 1264712

--------------------------------------------------------------------------------
2023-01-24 05:12:45.639 [Debug] received epp: 1416917

--------------------------------------------------------------------------------
2023-01-24 05:14:37.672 [Debug] received epp: 1528981

--------------------------------------------------------------------------------
2023-01-24 05:19:14.335 [Debug] received epp: 1805613

--------------------------------------------------------------------------------
2023-01-24 05:20:35.092 [Debug] received epp: 1886393

--------------------------------------------------------------------------------
2023-01-24 05:21:24.126 [Debug] received epp: 1935423

--------------------------------------------------------------------------------
2023-01-24 05:21:24.389 [Debug] received epp: 1935686

--------------------------------------------------------------------------------
2023-01-24 05:21:24.563 [Debug] received epp: 1935861

--------------------------------------------------------------------------------
2023-01-24 05:21:24.625 [Debug] received epp: 1935936

--------------------------------------------------------------------------------
2023-01-24 05:21:24.994 [Debug] received epp: 1936304

--------------------------------------------------------------------------------
2023-01-24 05:21:25.104 [Debug] received epp: 1936409

--------------------------------------------------------------------------------
2023-01-24 05:21:25.181 [Debug] received epp: 1936485

--------------------------------------------------------------------------------
2023-01-24 05:22:38.904 [Debug] received epp: 2010187

--------------------------------------------------------------------------------
2023-01-24 05:28:20.476 [Debug] received epp: 2351782

--------------------------------------------------------------------------------
2023-01-24 05:28:21.031 [Debug] received epp: 2352329

--------------------------------------------------------------------------------
2023-01-24 05:28:33.385 [Debug] received epp: 2364672

--------------------------------------------------------------------------------
2023-01-24 05:29:27.688 [Debug] received epp: 2418987

--------------------------------------------------------------------------------
2023-01-24 05:29:58.091 [Debug] received epp: 2449393

--------------------------------------------------------------------------------
2023-01-24 05:33:17.286 [Debug] received epp: 2648582

--------------------------------------------------------------------------------
2023-01-24 05:33:26.099 [Debug] received epp: 2657398

--------------------------------------------------------------------------------
2023-01-24 05:33:26.495 [Debug] received epp: 2657799

--------------------------------------------------------------------------------
2023-01-24 05:34:23.932 [Debug] received epp: 2715219

--------------------------------------------------------------------------------
2023-01-24 05:36:12.234 [Debug] received epp: 2823531

--------------------------------------------------------------------------------
2023-01-24 05:36:34.609 [Debug] received epp: 2845908

--------------------------------------------------------------------------------
2023-01-24 05:36:40.635 [Debug] received epp: 2851940

--------------------------------------------------------------------------------
2023-01-24 05:37:01.220 [Debug] received epp: 2872514

--------------------------------------------------------------------------------
2023-01-24 05:37:50.071 [Debug] received epp: 2921370

--------------------------------------------------------------------------------
2023-01-24 05:37:50.349 [Debug] received epp: 2921650

--------------------------------------------------------------------------------
2023-01-24 05:37:53.775 [Debug] received epp: 2925057

--------------------------------------------------------------------------------
2023-01-24 05:38:05.252 [Debug] received epp: 2936552

--------------------------------------------------------------------------------
2023-01-24 05:38:18.307 [Debug] received epp: 2949615

--------------------------------------------------------------------------------
2023-01-24 05:38:18.312 [Debug] received epp: 2949615

--------------------------------------------------------------------------------
2023-01-24 05:42:12.711 [Debug] received epp: 3184007

--------------------------------------------------------------------------------
2023-01-24 05:42:35.313 [Debug] received epp: 3206610

--------------------------------------------------------------------------------
2023-01-24 05:42:52.504 [Info] System window closing (due to user interaction most likely).

--------------------------------------------------------------------------------
2023-01-24 05:42:53.576 [Info] System window closing (due to user interaction most likely).

--------------------------------------------------------------------------------
2023-01-24 05:42:53.576 [Debug] StatusChanged: [NetIncomingMessage #942 10 bytes] [Disconnecting]

--------------------------------------------------------------------------------
2023-01-24 05:42:53.580 [Debug] StatusChanged: [NetIncomingMessage #943 14 bytes] [Disconnected]

--------------------------------------------------------------------------------
2023-01-24 05:42:53.622 [Info] Acquiring context lock... (0ms)

--------------------------------------------------------------------------------
2023-01-24 05:42:53.622 [Info] Acquired. (0ms)

--------------------------------------------------------------------------------
2023-01-24 05:42:53.623 [Info] Beginning context dispose. (0ms)

--------------------------------------------------------------------------------
2023-01-24 05:42:53.623 [Info] GC.SuppressFinalize (0ms)

--------------------------------------------------------------------------------
2023-01-24 05:42:53.623 [Info] InternalDispose() completed. (0ms)

--------------------------------------------------------------------------------
2023-01-24 05:42:53.623 [Info] Clearing instance... (0ms)

--------------------------------------------------------------------------------
2023-01-24 05:42:53.623 [Info] Releasing context lock... (0ms)

--------------------------------------------------------------------------------
2023-01-24 05:42:53.623 [Info] Released. (0ms)

--------------------------------------------------------------------------------
