2022-12-25 10:23:02.143 [Warn] Directory was specified as a plugin directory but does not exist: 'resources\plugins'

--------------------------------------------------------------------------------
2022-12-25 10:23:02.149 [Info] Discovered 0 plugins:


--------------------------------------------------------------------------------
2022-12-25 10:23:02.784 [Info] Connecting to 127.0.0.1:5400...

--------------------------------------------------------------------------------
2022-12-25 10:23:03.058 [Info] Connection approved [00000000-0000-0000-0000-000000000000].

--------------------------------------------------------------------------------
2022-12-25 10:23:03.103 [Debug] approval Time=431543 Offset=63807560151500 Real=63807560583044

--------------------------------------------------------------------------------
2022-12-25 10:23:03.103 [Debug] local Time=431543 Offset=63807560151560 Real=63807560583103

--------------------------------------------------------------------------------
2022-12-25 10:23:03.103 [Debug] real delta=59

--------------------------------------------------------------------------------
2022-12-25 10:23:03.103 [Debug] this.Statistics.Ping=0 NCPing=1

--------------------------------------------------------------------------------
2022-12-25 10:23:03.104 [Debug] Connection established to remote [00000000-0000-0000-0000-000000000000/127.0.0.1:5400].

--------------------------------------------------------------------------------
2022-12-25 10:23:03.105 [Info] Connected [00000000-0000-0000-0000-000000000000].

--------------------------------------------------------------------------------
2022-12-25 10:23:09.038 [Warn] 'Me' is null.

--------------------------------------------------------------------------------
2022-12-25 10:23:09.214 [Debug] received epp: 437474

--------------------------------------------------------------------------------
2022-12-25 10:23:13.818 [Debug] received epp: 442308

--------------------------------------------------------------------------------
2022-12-25 10:51:36.567 [Info] System window closing (due to user interaction most likely).

--------------------------------------------------------------------------------
2022-12-25 10:51:36.569 [Debug] StatusChanged: [NetIncomingMessage #0 10 bytes] [Disconnecting]

--------------------------------------------------------------------------------
2022-12-25 10:51:36.587 [Debug] StatusChanged: [NetIncomingMessage #0 14 bytes] [Disconnected]

--------------------------------------------------------------------------------
2022-12-25 10:51:36.613 [Info] Acquiring context lock... (0ms)

--------------------------------------------------------------------------------
2022-12-25 10:51:36.613 [Info] Acquired. (0ms)

--------------------------------------------------------------------------------
2022-12-25 10:51:36.615 [Info] Beginning context dispose. (0ms)

--------------------------------------------------------------------------------
2022-12-25 10:51:36.616 [Info] GC.SuppressFinalize (0ms)

--------------------------------------------------------------------------------
2022-12-25 10:51:36.616 [Info] InternalDispose() completed. (0ms)

--------------------------------------------------------------------------------
2022-12-25 10:51:36.616 [Info] Clearing instance... (3ms)

--------------------------------------------------------------------------------
2022-12-25 10:51:36.616 [Info] Releasing context lock... (3ms)

--------------------------------------------------------------------------------
2022-12-25 10:51:36.616 [Info] Released. (3ms)

--------------------------------------------------------------------------------
