2023-02-04 05:16:49.050 [Warn] Directory was specified as a plugin directory but does not exist: 'resources\plugins'

--------------------------------------------------------------------------------
2023-02-04 05:16:49.055 [Info] Discovered 0 plugins:


--------------------------------------------------------------------------------
2023-02-04 05:16:49.783 [Info] Connecting to 26.82.96.248:5400...

--------------------------------------------------------------------------------
2023-02-04 05:16:50.334 [Info] Connection approved [00000000-0000-0000-0000-000000000000].

--------------------------------------------------------------------------------
2023-02-04 05:16:50.378 [Debug] approval Time=9368 Offset=63811084600898 Real=63811084610266

--------------------------------------------------------------------------------
2023-02-04 05:16:50.378 [Debug] local Time=9368 Offset=63811084601010 Real=63811084610378

--------------------------------------------------------------------------------
2023-02-04 05:16:50.378 [Debug] real delta=112

--------------------------------------------------------------------------------
2023-02-04 05:16:50.378 [Debug] this.Statistics.Ping=0 NCPing=3

--------------------------------------------------------------------------------
2023-02-04 05:16:50.380 [Debug] Connection established to remote [00000000-0000-0000-0000-000000000000/26.82.96.248:5400].

--------------------------------------------------------------------------------
2023-02-04 05:16:50.380 [Info] Connected [00000000-0000-0000-0000-000000000000].

--------------------------------------------------------------------------------
2023-02-04 05:16:53.396 [Warn] 'Me' is null.

--------------------------------------------------------------------------------
2023-02-04 05:16:53.608 [Debug] received epp: 12638

--------------------------------------------------------------------------------
2023-02-04 05:17:17.608 [Info] System window closing (due to user interaction most likely).

--------------------------------------------------------------------------------
2023-02-04 05:17:17.611 [Debug] StatusChanged: [NetIncomingMessage #449 10 bytes] [Disconnecting]

--------------------------------------------------------------------------------
2023-02-04 05:17:17.616 [Debug] StatusChanged: [NetIncomingMessage #450 14 bytes] [Disconnected]

--------------------------------------------------------------------------------
2023-02-04 05:17:17.663 [Info] Acquiring context lock... (0ms)

--------------------------------------------------------------------------------
2023-02-04 05:17:17.663 [Info] Acquired. (0ms)

--------------------------------------------------------------------------------
2023-02-04 05:17:17.663 [Info] Beginning context dispose. (0ms)

--------------------------------------------------------------------------------
2023-02-04 05:17:17.664 [Info] GC.SuppressFinalize (0ms)

--------------------------------------------------------------------------------
2023-02-04 05:17:17.664 [Info] InternalDispose() completed. (0ms)

--------------------------------------------------------------------------------
2023-02-04 05:17:17.664 [Info] Clearing instance... (0ms)

--------------------------------------------------------------------------------
2023-02-04 05:17:17.664 [Info] Releasing context lock... (1ms)

--------------------------------------------------------------------------------
2023-02-04 05:17:17.664 [Info] Released. (1ms)

--------------------------------------------------------------------------------
