2023-01-27 17:06:49.414 [Warn] Directory was specified as a plugin directory but does not exist: 'resources\plugins'

--------------------------------------------------------------------------------
2023-01-27 17:06:49.418 [Info] Discovered 0 plugins:


--------------------------------------------------------------------------------
2023-01-27 17:06:50.060 [Info] Connecting to 26.82.96.248:5400...

--------------------------------------------------------------------------------
2023-01-27 17:06:50.335 [Info] Connection approved [00000000-0000-0000-0000-000000000000].

--------------------------------------------------------------------------------
2023-01-27 17:06:50.378 [Debug] approval Time=11299307 Offset=63810424711007 Real=63810436010314

--------------------------------------------------------------------------------
2023-01-27 17:06:50.379 [Debug] local Time=11299307 Offset=63810424711070 Real=63810436010378

--------------------------------------------------------------------------------
2023-01-27 17:06:50.379 [Debug] real delta=63

--------------------------------------------------------------------------------
2023-01-27 17:06:50.379 [Debug] this.Statistics.Ping=0 NCPing=3

--------------------------------------------------------------------------------
2023-01-27 17:06:50.380 [Debug] Connection established to remote [00000000-0000-0000-0000-000000000000/26.82.96.248:5400].

--------------------------------------------------------------------------------
2023-01-27 17:06:50.380 [Info] Connected [00000000-0000-0000-0000-000000000000].

--------------------------------------------------------------------------------
2023-01-27 17:06:52.554 [Warn] 'Me' is null.

--------------------------------------------------------------------------------
2023-01-27 17:06:52.743 [Debug] received epp: 11301486

--------------------------------------------------------------------------------
2023-01-27 17:06:59.531 [Info] System window closing (due to user interaction most likely).

--------------------------------------------------------------------------------
2023-01-27 17:07:01.102 [Info] System window closing (due to user interaction most likely).

--------------------------------------------------------------------------------
2023-01-27 17:07:01.102 [Debug] StatusChanged: [NetIncomingMessage #6 10 bytes] [Disconnecting]

--------------------------------------------------------------------------------
2023-01-27 17:07:01.107 [Debug] StatusChanged: [NetIncomingMessage #7 14 bytes] [Disconnected]

--------------------------------------------------------------------------------
2023-01-27 17:07:01.136 [Info] Acquiring context lock... (0ms)

--------------------------------------------------------------------------------
2023-01-27 17:07:01.136 [Info] Acquired. (0ms)

--------------------------------------------------------------------------------
2023-01-27 17:07:01.137 [Info] Beginning context dispose. (0ms)

--------------------------------------------------------------------------------
2023-01-27 17:07:01.137 [Info] GC.SuppressFinalize (0ms)

--------------------------------------------------------------------------------
2023-01-27 17:07:01.137 [Info] InternalDispose() completed. (0ms)

--------------------------------------------------------------------------------
2023-01-27 17:07:01.137 [Info] Clearing instance... (0ms)

--------------------------------------------------------------------------------
2023-01-27 17:07:01.137 [Info] Releasing context lock... (0ms)

--------------------------------------------------------------------------------
2023-01-27 17:07:01.137 [Info] Released. (0ms)

--------------------------------------------------------------------------------
