2023-01-30 19:14:05.881 [Warn] Directory was specified as a plugin directory but does not exist: 'resources\plugins'

--------------------------------------------------------------------------------
2023-01-30 19:14:05.886 [Info] Discovered 0 plugins:


--------------------------------------------------------------------------------
2023-01-30 19:14:06.611 [Info] Connecting to 26.82.96.248:5400...

--------------------------------------------------------------------------------
2023-01-30 19:14:07.171 [Info] Connection approved [00000000-0000-0000-0000-000000000000].

--------------------------------------------------------------------------------
2023-01-30 19:14:07.221 [Debug] approval Time=97312 Offset=63810702749779 Real=63810702847092

--------------------------------------------------------------------------------
2023-01-30 19:14:07.221 [Debug] local Time=97312 Offset=63810702749908 Real=63810702847221

--------------------------------------------------------------------------------
2023-01-30 19:14:07.221 [Debug] real delta=128

--------------------------------------------------------------------------------
2023-01-30 19:14:07.221 [Debug] this.Statistics.Ping=0 NCPing=4

--------------------------------------------------------------------------------
2023-01-30 19:14:07.222 [Debug] Connection established to remote [00000000-0000-0000-0000-000000000000/26.82.96.248:5400].

--------------------------------------------------------------------------------
2023-01-30 19:14:07.222 [Info] Connected [00000000-0000-0000-0000-000000000000].

--------------------------------------------------------------------------------
2023-01-30 19:14:11.214 [Warn] 'Me' is null.

--------------------------------------------------------------------------------
2023-01-30 19:14:11.431 [Debug] received epp: 101565

--------------------------------------------------------------------------------
2023-01-30 19:18:26.509 [Debug] received epp: 356714

--------------------------------------------------------------------------------
2023-01-30 19:19:20.765 [Debug] received epp: 410955

--------------------------------------------------------------------------------
2023-01-30 19:19:20.820 [Debug] received epp: 411036

--------------------------------------------------------------------------------
2023-01-30 19:19:20.931 [Debug] received epp: 411132

--------------------------------------------------------------------------------
2023-01-30 19:19:21.299 [Debug] received epp: 411515

--------------------------------------------------------------------------------
2023-01-30 19:19:21.828 [Debug] received epp: 412031

--------------------------------------------------------------------------------
2023-01-30 19:19:22.265 [Debug] received epp: 412467

--------------------------------------------------------------------------------
2023-01-30 19:19:22.696 [Debug] received epp: 412903

--------------------------------------------------------------------------------
2023-01-30 19:19:29.587 [Debug] received epp: 419792

--------------------------------------------------------------------------------
2023-01-30 19:19:35.668 [Debug] received epp: 425870

--------------------------------------------------------------------------------
2023-01-30 19:19:35.750 [Debug] received epp: 425964

--------------------------------------------------------------------------------
2023-01-30 19:19:35.841 [Debug] received epp: 426048

--------------------------------------------------------------------------------
2023-01-30 19:20:00.716 [Debug] StatusChanged: [NetIncomingMessage #542 14 bytes] [Disconnected]

--------------------------------------------------------------------------------
2023-01-30 19:20:00.717 [Debug] Connection terminated to remote [00000000-0000-0000-0000-000000000000/26.82.96.248:5400].

--------------------------------------------------------------------------------
2023-01-30 19:20:00.717 [Info] Disconnected [00000000-0000-0000-0000-000000000000].

--------------------------------------------------------------------------------
2023-01-30 19:20:00.718 [Info] Connecting to 26.82.96.248:5400...

--------------------------------------------------------------------------------
2023-01-30 19:20:13.061 [Info] Connection approved [00000000-0000-0000-0000-000000000000].

--------------------------------------------------------------------------------
2023-01-30 19:20:13.062 [Debug] approval Time=2001 Offset=63810703211008 Real=63810703213010

--------------------------------------------------------------------------------
2023-01-30 19:20:13.062 [Debug] local Time=2001 Offset=63810703211060 Real=63810703213062

--------------------------------------------------------------------------------
2023-01-30 19:20:13.062 [Debug] real delta=51

--------------------------------------------------------------------------------
2023-01-30 19:20:13.062 [Debug] this.Statistics.Ping=0 NCPing=-1000

--------------------------------------------------------------------------------
2023-01-30 19:20:13.062 [Debug] Connection established to remote [00000000-0000-0000-0000-000000000000/26.82.96.248:5400].

--------------------------------------------------------------------------------
2023-01-30 19:20:13.062 [Info] Connected [00000000-0000-0000-0000-000000000000].

--------------------------------------------------------------------------------
2023-01-30 19:20:40.173 [Warn] 'Me' is null.

--------------------------------------------------------------------------------
2023-01-30 19:20:40.259 [Debug] received epp: 29193

--------------------------------------------------------------------------------
2023-01-30 19:20:45.498 [Info] System window closing (due to user interaction most likely).

--------------------------------------------------------------------------------
2023-01-30 19:20:45.498 [Debug] StatusChanged: [NetIncomingMessage #117 10 bytes] [Disconnecting]

--------------------------------------------------------------------------------
2023-01-30 19:20:45.499 [Debug] StatusChanged: [NetIncomingMessage #118 10 bytes] [Disconnected]

--------------------------------------------------------------------------------
2023-01-30 19:20:45.531 [Info] Acquiring context lock... (0ms)

--------------------------------------------------------------------------------
2023-01-30 19:20:45.531 [Info] Acquired. (0ms)

--------------------------------------------------------------------------------
2023-01-30 19:20:45.531 [Info] Beginning context dispose. (0ms)

--------------------------------------------------------------------------------
2023-01-30 19:20:45.531 [Info] GC.SuppressFinalize (0ms)

--------------------------------------------------------------------------------
2023-01-30 19:20:45.531 [Info] InternalDispose() completed. (0ms)

--------------------------------------------------------------------------------
2023-01-30 19:20:45.531 [Info] Clearing instance... (0ms)

--------------------------------------------------------------------------------
2023-01-30 19:20:45.532 [Info] Releasing context lock... (0ms)

--------------------------------------------------------------------------------
2023-01-30 19:20:45.532 [Info] Released. (0ms)

--------------------------------------------------------------------------------
