2023-01-02 12:18:47.138 [Warn] Directory was specified as a plugin directory but does not exist: 'resources\plugins'

--------------------------------------------------------------------------------
2023-01-02 12:18:47.143 [Info] Discovered 0 plugins:


--------------------------------------------------------------------------------
2023-01-02 12:18:47.842 [Info] Connecting to 26.82.96.248:5400...

--------------------------------------------------------------------------------
2023-01-02 12:18:48.200 [Info] Connection approved [00000000-0000-0000-0000-000000000000].

--------------------------------------------------------------------------------
2023-01-02 12:18:48.249 [Debug] approval Time=2186699 Offset=63808256541493 Real=63808258728192

--------------------------------------------------------------------------------
2023-01-02 12:18:48.249 [Debug] local Time=2186699 Offset=63808256541550 Real=63808258728249

--------------------------------------------------------------------------------
2023-01-02 12:18:48.249 [Debug] real delta=56

--------------------------------------------------------------------------------
2023-01-02 12:18:48.249 [Debug] this.Statistics.Ping=0 NCPing=1

--------------------------------------------------------------------------------
2023-01-02 12:18:48.251 [Debug] Connection established to remote [00000000-0000-0000-0000-000000000000/26.82.96.248:5400].

--------------------------------------------------------------------------------
2023-01-02 12:18:48.251 [Info] Connected [00000000-0000-0000-0000-000000000000].

--------------------------------------------------------------------------------
2023-01-02 12:18:50.869 [Warn] 'Me' is null.

--------------------------------------------------------------------------------
2023-01-02 12:18:51.059 [Debug] received epp: 2189309

--------------------------------------------------------------------------------
2023-01-02 12:19:52.334 [Info] System window closing (due to user interaction most likely).

--------------------------------------------------------------------------------
2023-01-02 12:19:52.335 [Debug] StatusChanged: [NetIncomingMessage #49 10 bytes] [Disconnecting]

--------------------------------------------------------------------------------
2023-01-02 12:19:52.338 [Debug] StatusChanged: [NetIncomingMessage #50 14 bytes] [Disconnected]

--------------------------------------------------------------------------------
2023-01-02 12:19:52.378 [Info] Acquiring context lock... (0ms)

--------------------------------------------------------------------------------
2023-01-02 12:19:52.378 [Info] Acquired. (0ms)

--------------------------------------------------------------------------------
2023-01-02 12:19:52.379 [Info] Beginning context dispose. (0ms)

--------------------------------------------------------------------------------
2023-01-02 12:19:52.379 [Info] GC.SuppressFinalize (0ms)

--------------------------------------------------------------------------------
2023-01-02 12:19:52.379 [Info] InternalDispose() completed. (0ms)

--------------------------------------------------------------------------------
2023-01-02 12:19:52.379 [Info] Clearing instance... (1ms)

--------------------------------------------------------------------------------
2023-01-02 12:19:52.379 [Info] Releasing context lock... (1ms)

--------------------------------------------------------------------------------
2023-01-02 12:19:52.380 [Info] Released. (1ms)

--------------------------------------------------------------------------------
