2022-12-14 08:21:24.471 [Warn] Directory was specified as a plugin directory but does not exist: 'resources\plugins'

--------------------------------------------------------------------------------
2022-12-14 08:21:24.487 [Info] Discovered 0 plugins:


--------------------------------------------------------------------------------
2022-12-14 08:21:25.631 [Info] Connecting to 127.0.0.1:5400...

--------------------------------------------------------------------------------
2022-12-14 08:21:26.539 [Info] Connection approved [00000000-0000-0000-0000-000000000000].

--------------------------------------------------------------------------------
2022-12-14 08:21:26.578 [Debug] approval Time=61307 Offset=63806602825084 Real=63806602886391

--------------------------------------------------------------------------------
2022-12-14 08:21:26.578 [Debug] local Time=61307 Offset=63806602825271 Real=63806602886578

--------------------------------------------------------------------------------
2022-12-14 08:21:26.578 [Debug] real delta=187

--------------------------------------------------------------------------------
2022-12-14 08:21:26.578 [Debug] this.Statistics.Ping=0 NCPing=2

--------------------------------------------------------------------------------
2022-12-14 08:21:26.580 [Debug] Connection established to remote [00000000-0000-0000-0000-000000000000/127.0.0.1:5400].

--------------------------------------------------------------------------------
2022-12-14 08:21:26.580 [Info] Connected [00000000-0000-0000-0000-000000000000].

--------------------------------------------------------------------------------
2022-12-14 08:25:48.345 [Info] System window closing (due to user interaction most likely).

--------------------------------------------------------------------------------
2022-12-14 08:25:48.346 [Debug] StatusChanged: [NetIncomingMessage #0 10 bytes] [Disconnecting]

--------------------------------------------------------------------------------
2022-12-14 08:25:48.351 [Debug] StatusChanged: [NetIncomingMessage #0 14 bytes] [Disconnected]

--------------------------------------------------------------------------------
2022-12-14 08:25:48.409 [Info] Acquiring context lock... (0ms)

--------------------------------------------------------------------------------
2022-12-14 08:25:48.409 [Info] Acquired. (0ms)

--------------------------------------------------------------------------------
2022-12-14 08:25:48.410 [Info] Beginning context dispose. (0ms)

--------------------------------------------------------------------------------
2022-12-14 08:25:48.410 [Info] GC.SuppressFinalize (0ms)

--------------------------------------------------------------------------------
2022-12-14 08:25:48.410 [Info] InternalDispose() completed. (0ms)

--------------------------------------------------------------------------------
2022-12-14 08:25:48.410 [Info] Clearing instance... (0ms)

--------------------------------------------------------------------------------
2022-12-14 08:25:48.410 [Info] Releasing context lock... (1ms)

--------------------------------------------------------------------------------
2022-12-14 08:25:48.410 [Info] Released. (1ms)

--------------------------------------------------------------------------------
