2023-01-30 17:25:42.071 [Warn] Directory was specified as a plugin directory but does not exist: 'resources\plugins'

--------------------------------------------------------------------------------
2023-01-30 17:25:42.075 [Info] Discovered 0 plugins:


--------------------------------------------------------------------------------
2023-01-30 17:25:42.678 [Info] Connecting to 26.82.96.248:5400...

--------------------------------------------------------------------------------
2023-01-30 17:25:42.977 [Info] Connection approved [00000000-0000-0000-0000-000000000000].

--------------------------------------------------------------------------------
2023-01-30 17:25:43.027 [Debug] approval Time=113526 Offset=63810696229430 Real=63810696342957

--------------------------------------------------------------------------------
2023-01-30 17:25:43.027 [Debug] local Time=113526 Offset=63810696229500 Real=63810696343027

--------------------------------------------------------------------------------
2023-01-30 17:25:43.027 [Debug] real delta=70

--------------------------------------------------------------------------------
2023-01-30 17:25:43.027 [Debug] this.Statistics.Ping=0 NCPing=2

--------------------------------------------------------------------------------
2023-01-30 17:25:43.029 [Debug] Connection established to remote [00000000-0000-0000-0000-000000000000/26.82.96.248:5400].

--------------------------------------------------------------------------------
2023-01-30 17:25:43.029 [Info] Connected [00000000-0000-0000-0000-000000000000].

--------------------------------------------------------------------------------
2023-01-30 17:25:50.476 [Warn] 'Me' is null.

--------------------------------------------------------------------------------
2023-01-30 17:25:50.660 [Debug] received epp: 121142

--------------------------------------------------------------------------------
2023-01-30 17:27:43.802 [Info] System window closing (due to user interaction most likely).

--------------------------------------------------------------------------------
2023-01-30 17:27:43.802 [Debug] StatusChanged: [NetIncomingMessage #761 10 bytes] [Disconnecting]

--------------------------------------------------------------------------------
2023-01-30 17:27:43.806 [Debug] StatusChanged: [NetIncomingMessage #762 14 bytes] [Disconnected]

--------------------------------------------------------------------------------
2023-01-30 17:27:43.859 [Info] Acquiring context lock... (0ms)

--------------------------------------------------------------------------------
2023-01-30 17:27:43.859 [Info] Acquired. (0ms)

--------------------------------------------------------------------------------
2023-01-30 17:27:43.860 [Info] Beginning context dispose. (0ms)

--------------------------------------------------------------------------------
2023-01-30 17:27:43.860 [Info] GC.SuppressFinalize (0ms)

--------------------------------------------------------------------------------
2023-01-30 17:27:43.860 [Info] InternalDispose() completed. (0ms)

--------------------------------------------------------------------------------
2023-01-30 17:27:43.860 [Info] Clearing instance... (1ms)

--------------------------------------------------------------------------------
2023-01-30 17:27:43.860 [Info] Releasing context lock... (1ms)

--------------------------------------------------------------------------------
2023-01-30 17:27:43.860 [Info] Released. (1ms)

--------------------------------------------------------------------------------
