2023-02-03 16:26:11.675 [Warn] Directory was specified as a plugin directory but does not exist: 'resources\plugins'

--------------------------------------------------------------------------------
2023-02-03 16:26:11.675 [Info] Discovered 0 plugins:


--------------------------------------------------------------------------------
2023-02-03 16:26:12.294 [Info] Connecting to 26.82.96.248:5400...

--------------------------------------------------------------------------------
2023-02-03 16:26:12.559 [Info] Connection approved [00000000-0000-0000-0000-000000000000].

--------------------------------------------------------------------------------
2023-02-03 16:26:12.605 [Debug] approval Time=21197886 Offset=63811017174663 Real=63811038372550

--------------------------------------------------------------------------------
2023-02-03 16:26:12.605 [Debug] local Time=21197886 Offset=63811017174718 Real=63811038372605

--------------------------------------------------------------------------------
2023-02-03 16:26:12.605 [Debug] real delta=55

--------------------------------------------------------------------------------
2023-02-03 16:26:12.605 [Debug] this.Statistics.Ping=0 NCPing=2

--------------------------------------------------------------------------------
2023-02-03 16:26:12.607 [Debug] Connection established to remote [00000000-0000-0000-0000-000000000000/26.82.96.248:5400].

--------------------------------------------------------------------------------
2023-02-03 16:26:12.607 [Info] Connected [00000000-0000-0000-0000-000000000000].

--------------------------------------------------------------------------------
2023-02-03 16:26:14.759 [Warn] 'Me' is null.

--------------------------------------------------------------------------------
2023-02-03 16:26:14.950 [Debug] received epp: 21200039

--------------------------------------------------------------------------------
2023-02-03 16:26:50.052 [Info] System window closing (due to user interaction most likely).

--------------------------------------------------------------------------------
2023-02-03 16:26:50.053 [Debug] StatusChanged: [NetIncomingMessage #688 10 bytes] [Disconnecting]

--------------------------------------------------------------------------------
2023-02-03 16:26:50.056 [Debug] StatusChanged: [NetIncomingMessage #689 14 bytes] [Disconnected]

--------------------------------------------------------------------------------
2023-02-03 16:26:50.126 [Info] Acquiring context lock... (0ms)

--------------------------------------------------------------------------------
2023-02-03 16:26:50.127 [Info] Acquired. (0ms)

--------------------------------------------------------------------------------
2023-02-03 16:26:50.128 [Info] Beginning context dispose. (0ms)

--------------------------------------------------------------------------------
2023-02-03 16:26:50.128 [Info] GC.SuppressFinalize (0ms)

--------------------------------------------------------------------------------
2023-02-03 16:26:50.128 [Info] InternalDispose() completed. (0ms)

--------------------------------------------------------------------------------
2023-02-03 16:26:50.128 [Info] Clearing instance... (2ms)

--------------------------------------------------------------------------------
2023-02-03 16:26:50.128 [Info] Releasing context lock... (2ms)

--------------------------------------------------------------------------------
2023-02-03 16:26:50.128 [Info] Released. (2ms)

--------------------------------------------------------------------------------
