2023-02-04 06:30:18.702 [Warn] Directory was specified as a plugin directory but does not exist: 'resources\plugins'

--------------------------------------------------------------------------------
2023-02-04 06:30:18.707 [Info] Discovered 0 plugins:


--------------------------------------------------------------------------------
2023-02-04 06:30:19.355 [Info] Connecting to 26.82.96.248:5400...

--------------------------------------------------------------------------------
2023-02-04 06:30:19.622 [Info] Connection approved [00000000-0000-0000-0000-000000000000].

--------------------------------------------------------------------------------
2023-02-04 06:30:19.667 [Debug] approval Time=4031247 Offset=63811084988360 Real=63811089019608

--------------------------------------------------------------------------------
2023-02-04 06:30:19.667 [Debug] local Time=4031247 Offset=63811084988420 Real=63811089019667

--------------------------------------------------------------------------------
2023-02-04 06:30:19.667 [Debug] real delta=59

--------------------------------------------------------------------------------
2023-02-04 06:30:19.667 [Debug] this.Statistics.Ping=0 NCPing=1

--------------------------------------------------------------------------------
2023-02-04 06:30:19.669 [Debug] Connection established to remote [00000000-0000-0000-0000-000000000000/26.82.96.248:5400].

--------------------------------------------------------------------------------
2023-02-04 06:30:19.669 [Info] Connected [00000000-0000-0000-0000-000000000000].

--------------------------------------------------------------------------------
2023-02-04 06:30:21.759 [Warn] 'Me' is null.

--------------------------------------------------------------------------------
2023-02-04 06:30:21.945 [Debug] received epp: 4033341

--------------------------------------------------------------------------------
2023-02-04 06:31:37.875 [Info] System window closing (due to user interaction most likely).

--------------------------------------------------------------------------------
2023-02-04 06:31:37.876 [Debug] StatusChanged: [NetIncomingMessage #151 10 bytes] [Disconnecting]

--------------------------------------------------------------------------------
2023-02-04 06:31:37.882 [Debug] StatusChanged: [NetIncomingMessage #152 14 bytes] [Disconnected]

--------------------------------------------------------------------------------
2023-02-04 06:31:37.927 [Info] Acquiring context lock... (0ms)

--------------------------------------------------------------------------------
2023-02-04 06:31:37.927 [Info] Acquired. (0ms)

--------------------------------------------------------------------------------
2023-02-04 06:31:37.928 [Info] Beginning context dispose. (0ms)

--------------------------------------------------------------------------------
2023-02-04 06:31:37.928 [Info] GC.SuppressFinalize (0ms)

--------------------------------------------------------------------------------
2023-02-04 06:31:37.928 [Info] InternalDispose() completed. (0ms)

--------------------------------------------------------------------------------
2023-02-04 06:31:37.928 [Info] Clearing instance... (0ms)

--------------------------------------------------------------------------------
2023-02-04 06:31:37.928 [Info] Releasing context lock... (1ms)

--------------------------------------------------------------------------------
2023-02-04 06:31:37.928 [Info] Released. (1ms)

--------------------------------------------------------------------------------
