2023-01-30 14:55:13.347 [Warn] Directory was specified as a plugin directory but does not exist: 'resources\plugins'

--------------------------------------------------------------------------------
2023-01-30 14:55:13.351 [Info] Discovered 0 plugins:


--------------------------------------------------------------------------------
2023-01-30 14:55:14.034 [Info] Connecting to 26.82.96.248:5400...

--------------------------------------------------------------------------------
2023-01-30 14:55:14.309 [Info] Connection approved [00000000-0000-0000-0000-000000000000].

--------------------------------------------------------------------------------
2023-01-30 14:55:14.357 [Debug] approval Time=788956 Offset=63810686525344 Real=63810687314300

--------------------------------------------------------------------------------
2023-01-30 14:55:14.358 [Debug] local Time=788956 Offset=63810686525401 Real=63810687314357

--------------------------------------------------------------------------------
2023-01-30 14:55:14.358 [Debug] real delta=56

--------------------------------------------------------------------------------
2023-01-30 14:55:14.358 [Debug] this.Statistics.Ping=0 NCPing=2

--------------------------------------------------------------------------------
2023-01-30 14:55:14.359 [Debug] Connection established to remote [00000000-0000-0000-0000-000000000000/26.82.96.248:5400].

--------------------------------------------------------------------------------
2023-01-30 14:55:14.360 [Info] Connected [00000000-0000-0000-0000-000000000000].

--------------------------------------------------------------------------------
2023-01-30 14:57:48.589 [Info] System window closing (due to user interaction most likely).

--------------------------------------------------------------------------------
2023-01-30 14:57:48.590 [Debug] StatusChanged: [NetIncomingMessage #0 10 bytes] [Disconnecting]

--------------------------------------------------------------------------------
2023-01-30 14:57:48.595 [Debug] StatusChanged: [NetIncomingMessage #0 14 bytes] [Disconnected]

--------------------------------------------------------------------------------
2023-01-30 14:57:48.637 [Info] Acquiring context lock... (0ms)

--------------------------------------------------------------------------------
2023-01-30 14:57:48.637 [Info] Acquired. (0ms)

--------------------------------------------------------------------------------
2023-01-30 14:57:48.637 [Info] Beginning context dispose. (0ms)

--------------------------------------------------------------------------------
2023-01-30 14:57:48.637 [Info] GC.SuppressFinalize (0ms)

--------------------------------------------------------------------------------
2023-01-30 14:57:48.637 [Info] InternalDispose() completed. (0ms)

--------------------------------------------------------------------------------
2023-01-30 14:57:48.637 [Info] Clearing instance... (0ms)

--------------------------------------------------------------------------------
2023-01-30 14:57:48.637 [Info] Releasing context lock... (0ms)

--------------------------------------------------------------------------------
2023-01-30 14:57:48.637 [Info] Released. (0ms)

--------------------------------------------------------------------------------
