2023-02-04 07:00:26.027 [Warn] Directory was specified as a plugin directory but does not exist: 'resources\plugins'

--------------------------------------------------------------------------------
2023-02-04 07:00:26.027 [Info] Discovered 0 plugins:


--------------------------------------------------------------------------------
2023-02-04 07:00:26.646 [Info] Connecting to 26.82.96.248:5400...

--------------------------------------------------------------------------------
2023-02-04 07:00:26.928 [Info] Connection approved [00000000-0000-0000-0000-000000000000].

--------------------------------------------------------------------------------
2023-02-04 07:00:26.967 [Debug] approval Time=5838546 Offset=63811084988360 Real=63811090826906

--------------------------------------------------------------------------------
2023-02-04 07:00:26.967 [Debug] local Time=5838547 Offset=63811084988420 Real=63811090826967

--------------------------------------------------------------------------------
2023-02-04 07:00:26.967 [Debug] real delta=61

--------------------------------------------------------------------------------
2023-02-04 07:00:26.967 [Debug] this.Statistics.Ping=0 NCPing=1

--------------------------------------------------------------------------------
2023-02-04 07:00:26.968 [Debug] Connection established to remote [00000000-0000-0000-0000-000000000000/26.82.96.248:5400].

--------------------------------------------------------------------------------
2023-02-04 07:00:26.968 [Info] Connected [00000000-0000-0000-0000-000000000000].

--------------------------------------------------------------------------------
2023-02-04 07:00:28.686 [Warn] 'Me' is null.

--------------------------------------------------------------------------------
2023-02-04 07:00:28.856 [Debug] received epp: 5840269

--------------------------------------------------------------------------------
2023-02-04 07:00:37.159 [Info] System window closing (due to user interaction most likely).

--------------------------------------------------------------------------------
2023-02-04 07:00:37.161 [Debug] StatusChanged: [NetIncomingMessage #154 10 bytes] [Disconnecting]

--------------------------------------------------------------------------------
2023-02-04 07:00:37.163 [Debug] StatusChanged: [NetIncomingMessage #155 14 bytes] [Disconnected]

--------------------------------------------------------------------------------
2023-02-04 07:00:37.222 [Info] Acquiring context lock... (0ms)

--------------------------------------------------------------------------------
2023-02-04 07:00:37.222 [Info] Acquired. (0ms)

--------------------------------------------------------------------------------
2023-02-04 07:00:37.222 [Info] Beginning context dispose. (0ms)

--------------------------------------------------------------------------------
2023-02-04 07:00:37.222 [Info] GC.SuppressFinalize (0ms)

--------------------------------------------------------------------------------
2023-02-04 07:00:37.222 [Info] InternalDispose() completed. (0ms)

--------------------------------------------------------------------------------
2023-02-04 07:00:37.222 [Info] Clearing instance... (0ms)

--------------------------------------------------------------------------------
2023-02-04 07:00:37.222 [Info] Releasing context lock... (0ms)

--------------------------------------------------------------------------------
2023-02-04 07:00:37.222 [Info] Released. (0ms)

--------------------------------------------------------------------------------
