2023-01-02 13:00:31.504 [Warn] Directory was specified as a plugin directory but does not exist: 'resources\plugins'

--------------------------------------------------------------------------------
2023-01-02 13:00:31.526 [Info] Discovered 0 plugins:


--------------------------------------------------------------------------------
2023-01-02 13:00:32.268 [Info] Connecting to 26.82.96.248:5400...

--------------------------------------------------------------------------------
2023-01-02 13:00:32.682 [Info] Connection approved [00000000-0000-0000-0000-000000000000].

--------------------------------------------------------------------------------
2023-01-02 13:00:32.728 [Debug] approval Time=473242 Offset=63808260759413 Real=63808261232656

--------------------------------------------------------------------------------
2023-01-02 13:00:32.728 [Debug] local Time=473242 Offset=63808260759486 Real=63808261232728

--------------------------------------------------------------------------------
2023-01-02 13:00:32.728 [Debug] real delta=72

--------------------------------------------------------------------------------
2023-01-02 13:00:32.728 [Debug] this.Statistics.Ping=0 NCPing=3

--------------------------------------------------------------------------------
2023-01-02 13:00:32.730 [Debug] Connection established to remote [00000000-0000-0000-0000-000000000000/26.82.96.248:5400].

--------------------------------------------------------------------------------
2023-01-02 13:00:32.730 [Info] Connected [00000000-0000-0000-0000-000000000000].

--------------------------------------------------------------------------------
2023-01-02 13:00:43.621 [Warn] 'Me' is null.

--------------------------------------------------------------------------------
2023-01-02 13:00:43.798 [Debug] received epp: 484143

--------------------------------------------------------------------------------
2023-01-02 14:42:33.462 [Info] System window closing (due to user interaction most likely).

--------------------------------------------------------------------------------
2023-01-02 14:42:33.465 [Debug] StatusChanged: [NetIncomingMessage #0 10 bytes] [Disconnecting]

--------------------------------------------------------------------------------
2023-01-02 14:42:33.471 [Debug] StatusChanged: [NetIncomingMessage #0 14 bytes] [Disconnected]

--------------------------------------------------------------------------------
2023-01-02 14:42:33.523 [Info] Acquiring context lock... (0ms)

--------------------------------------------------------------------------------
2023-01-02 14:42:33.523 [Info] Acquired. (0ms)

--------------------------------------------------------------------------------
2023-01-02 14:42:33.525 [Info] Beginning context dispose. (0ms)

--------------------------------------------------------------------------------
2023-01-02 14:42:33.526 [Info] GC.SuppressFinalize (1ms)

--------------------------------------------------------------------------------
2023-01-02 14:42:33.526 [Info] InternalDispose() completed. (1ms)

--------------------------------------------------------------------------------
2023-01-02 14:42:33.526 [Info] Clearing instance... (3ms)

--------------------------------------------------------------------------------
2023-01-02 14:42:33.527 [Info] Releasing context lock... (3ms)

--------------------------------------------------------------------------------
2023-01-02 14:42:33.527 [Info] Released. (4ms)

--------------------------------------------------------------------------------
