2023-01-02 12:50:42.919 [Warn] Directory was specified as a plugin directory but does not exist: 'resources\plugins'

--------------------------------------------------------------------------------
2023-01-02 12:50:42.940 [Info] Discovered 0 plugins:


--------------------------------------------------------------------------------
2023-01-02 12:50:43.165 [Warn] Settings.ShowFriendOverheadHpBar is null.

--------------------------------------------------------------------------------
2023-01-02 12:50:43.165 [Warn] Settings.ShowGuildOverheadHpBar is null.

--------------------------------------------------------------------------------
2023-01-02 12:50:43.167 [Warn] Settings.ShowNpcOverheadHpBar is null.

--------------------------------------------------------------------------------
2023-01-02 12:50:43.167 [Warn] Settings.ShowMyOverheadHpBar is null.

--------------------------------------------------------------------------------
2023-01-02 12:50:43.167 [Warn] Settings.ShowPartyOverheadHpBar is null.

--------------------------------------------------------------------------------
2023-01-02 12:50:43.167 [Warn] Settings.ShowPlayerOverheadHpBar is null.

--------------------------------------------------------------------------------
2023-01-02 12:50:43.169 [Warn] Missing strings, overwriting strings file:
	Settings.ShowFriendOverheadHpBar (string),
	Settings.ShowGuildOverheadHpBar (string),
	Settings.ShowNpcOverheadHpBar (string),
	Settings.ShowMyOverheadHpBar (string),
	Settings.ShowPartyOverheadHpBar (string),
	Settings.ShowPlayerOverheadHpBar (string)

--------------------------------------------------------------------------------
2023-01-02 12:50:43.758 [Info] Connecting to 26.82.96.248:5400...

--------------------------------------------------------------------------------
2023-01-02 12:50:44.530 [Info] Connection approved [00000000-0000-0000-0000-000000000000].

--------------------------------------------------------------------------------
2023-01-02 12:50:44.595 [Debug] approval Time=10759 Offset=63808260633697 Real=63808260644456

--------------------------------------------------------------------------------
2023-01-02 12:50:44.595 [Debug] local Time=10759 Offset=63808260633835 Real=63808260644595

--------------------------------------------------------------------------------
2023-01-02 12:50:44.595 [Debug] real delta=138

--------------------------------------------------------------------------------
2023-01-02 12:50:44.595 [Debug] this.Statistics.Ping=0 NCPing=3

--------------------------------------------------------------------------------
2023-01-02 12:50:44.597 [Debug] Connection established to remote [00000000-0000-0000-0000-000000000000/26.82.96.248:5400].

--------------------------------------------------------------------------------
2023-01-02 12:50:44.597 [Info] Connected [00000000-0000-0000-0000-000000000000].

--------------------------------------------------------------------------------
2023-01-02 12:52:04.914 [Info] System window closing (due to user interaction most likely).

--------------------------------------------------------------------------------
2023-01-02 12:52:04.916 [Debug] StatusChanged: [NetIncomingMessage #0 10 bytes] [Disconnecting]

--------------------------------------------------------------------------------
2023-01-02 12:52:04.918 [Debug] StatusChanged: [NetIncomingMessage #0 14 bytes] [Disconnected]

--------------------------------------------------------------------------------
2023-01-02 12:52:04.967 [Info] Acquiring context lock... (0ms)

--------------------------------------------------------------------------------
2023-01-02 12:52:04.968 [Info] Acquired. (0ms)

--------------------------------------------------------------------------------
2023-01-02 12:52:04.968 [Info] Beginning context dispose. (0ms)

--------------------------------------------------------------------------------
2023-01-02 12:52:04.969 [Info] GC.SuppressFinalize (0ms)

--------------------------------------------------------------------------------
2023-01-02 12:52:04.969 [Info] InternalDispose() completed. (0ms)

--------------------------------------------------------------------------------
2023-01-02 12:52:04.969 [Info] Clearing instance... (1ms)

--------------------------------------------------------------------------------
2023-01-02 12:52:04.969 [Info] Releasing context lock... (1ms)

--------------------------------------------------------------------------------
2023-01-02 12:52:04.969 [Info] Released. (1ms)

--------------------------------------------------------------------------------
