2023-01-28 16:57:03.332 [Info] Connecting to 26.82.96.248:5400...

--------------------------------------------------------------------------------
2023-01-28 16:57:04.257 [Info] Connection approved [00000000-0000-0000-0000-000000000000].

--------------------------------------------------------------------------------
2023-01-28 16:57:04.402 [Debug] approval Time=10795430 Offset=63810511030330 Real=63810521825761

--------------------------------------------------------------------------------
2023-01-28 16:57:04.402 [Debug] local Time=10795430 Offset=63810511028971 Real=63810521824402

--------------------------------------------------------------------------------
2023-01-28 16:57:04.406 [Debug] real delta=-1358

--------------------------------------------------------------------------------
2023-01-28 16:57:04.406 [Debug] this.Statistics.Ping=0 NCPing=28

--------------------------------------------------------------------------------
2023-01-28 16:57:04.409 [Debug] Connection established to remote [00000000-0000-0000-0000-000000000000/26.82.96.248:5400].

--------------------------------------------------------------------------------
2023-01-28 16:57:04.410 [Info] Connected [00000000-0000-0000-0000-000000000000].

--------------------------------------------------------------------------------
2023-01-28 16:57:44.750 [Debug] StatusChanged: [NetIncomingMessage #76 10 bytes] [Disconnecting]

--------------------------------------------------------------------------------
2023-01-28 16:57:44.809 [Debug] StatusChanged: [NetIncomingMessage #90 10 bytes] [Disconnected]

--------------------------------------------------------------------------------
2023-01-28 16:57:44.810 [Debug] Connection terminated to remote [00000000-0000-0000-0000-000000000000/26.82.96.248:5400].

--------------------------------------------------------------------------------
2023-01-28 16:57:44.810 [Info] Disconnected [00000000-0000-0000-0000-000000000000].

--------------------------------------------------------------------------------
