2022-12-14 01:54:53.287 [Warn] Directory was specified as a plugin directory but does not exist: 'resources\plugins'

--------------------------------------------------------------------------------
2022-12-14 01:54:53.318 [Info] Discovered 0 plugins:


--------------------------------------------------------------------------------
2022-12-14 01:54:54.102 [Info] Connecting to 127.0.0.1:5400...

--------------------------------------------------------------------------------
2022-12-14 01:54:54.463 [Info] Connection approved [00000000-0000-0000-0000-000000000000].

--------------------------------------------------------------------------------
2022-12-14 01:54:54.521 [Debug] approval Time=626829 Offset=63806579067612 Real=63806579694441

--------------------------------------------------------------------------------
2022-12-14 01:54:54.521 [Debug] local Time=626829 Offset=63806579067691 Real=63806579694521

--------------------------------------------------------------------------------
2022-12-14 01:54:54.521 [Debug] real delta=79

--------------------------------------------------------------------------------
2022-12-14 01:54:54.521 [Debug] this.Statistics.Ping=0 NCPing=1

--------------------------------------------------------------------------------
2022-12-14 01:54:54.523 [Debug] Connection established to remote [00000000-0000-0000-0000-000000000000/127.0.0.1:5400].

--------------------------------------------------------------------------------
2022-12-14 01:54:54.523 [Info] Connected [00000000-0000-0000-0000-000000000000].

--------------------------------------------------------------------------------
2022-12-14 01:55:42.225 [Info] System window closing (due to user interaction most likely).

--------------------------------------------------------------------------------
2022-12-14 01:55:42.227 [Debug] StatusChanged: [NetIncomingMessage #0 10 bytes] [Disconnecting]

--------------------------------------------------------------------------------
2022-12-14 01:55:42.230 [Debug] StatusChanged: [NetIncomingMessage #0 14 bytes] [Disconnected]

--------------------------------------------------------------------------------
2022-12-14 01:55:42.268 [Info] Acquiring context lock... (0ms)

--------------------------------------------------------------------------------
2022-12-14 01:55:42.268 [Info] Acquired. (0ms)

--------------------------------------------------------------------------------
2022-12-14 01:55:42.270 [Info] Beginning context dispose. (0ms)

--------------------------------------------------------------------------------
2022-12-14 01:55:42.270 [Info] GC.SuppressFinalize (0ms)

--------------------------------------------------------------------------------
2022-12-14 01:55:42.270 [Info] InternalDispose() completed. (0ms)

--------------------------------------------------------------------------------
2022-12-14 01:55:42.270 [Info] Clearing instance... (2ms)

--------------------------------------------------------------------------------
2022-12-14 01:55:42.270 [Info] Releasing context lock... (2ms)

--------------------------------------------------------------------------------
2022-12-14 01:55:42.270 [Info] Released. (2ms)

--------------------------------------------------------------------------------
