2023-01-30 19:17:18.816 [Warn] Directory was specified as a plugin directory but does not exist: 'resources\plugins'

--------------------------------------------------------------------------------
2023-01-30 19:17:18.822 [Info] Discovered 0 plugins:


--------------------------------------------------------------------------------
2023-01-30 19:17:19.519 [Info] Connecting to 26.82.96.248:5400...

--------------------------------------------------------------------------------
2023-01-30 19:17:19.836 [Info] Connection approved [00000000-0000-0000-0000-000000000000].

--------------------------------------------------------------------------------
2023-01-30 19:17:19.889 [Debug] approval Time=290035 Offset=63810702749779 Real=63810703039815

--------------------------------------------------------------------------------
2023-01-30 19:17:19.889 [Debug] local Time=290035 Offset=63810702749852 Real=63810703039888

--------------------------------------------------------------------------------
2023-01-30 19:17:19.889 [Debug] real delta=73

--------------------------------------------------------------------------------
2023-01-30 19:17:19.889 [Debug] this.Statistics.Ping=0 NCPing=1

--------------------------------------------------------------------------------
2023-01-30 19:17:19.890 [Debug] Connection established to remote [00000000-0000-0000-0000-000000000000/26.82.96.248:5400].

--------------------------------------------------------------------------------
2023-01-30 19:17:19.890 [Info] Connected [00000000-0000-0000-0000-000000000000].

--------------------------------------------------------------------------------
2023-01-30 19:17:25.383 [Warn] 'Me' is null.

--------------------------------------------------------------------------------
2023-01-30 19:17:25.579 [Debug] received epp: 295549

--------------------------------------------------------------------------------
2023-01-30 19:18:22.147 [Debug] received epp: 352340

--------------------------------------------------------------------------------
2023-01-30 19:18:28.145 [Debug] received epp: 358325

--------------------------------------------------------------------------------
2023-01-30 19:18:28.851 [Debug] received epp: 359044

--------------------------------------------------------------------------------
2023-01-30 19:18:29.291 [Debug] received epp: 359503

--------------------------------------------------------------------------------
2023-01-30 19:18:29.693 [Debug] received epp: 359890

--------------------------------------------------------------------------------
2023-01-30 19:18:30.433 [Debug] received epp: 360608

--------------------------------------------------------------------------------
2023-01-30 19:18:32.232 [Debug] received epp: 362422

--------------------------------------------------------------------------------
2023-01-30 19:19:38.968 [Debug] received epp: 429167

--------------------------------------------------------------------------------
2023-01-30 19:19:59.708 [Debug] received epp: 449892

--------------------------------------------------------------------------------
2023-01-30 19:20:00.709 [Debug] StatusChanged: [NetIncomingMessage #572 14 bytes] [Disconnected]

--------------------------------------------------------------------------------
2023-01-30 19:20:00.710 [Debug] Connection terminated to remote [00000000-0000-0000-0000-000000000000/26.82.96.248:5400].

--------------------------------------------------------------------------------
2023-01-30 19:20:00.710 [Info] Disconnected [00000000-0000-0000-0000-000000000000].

--------------------------------------------------------------------------------
2023-01-30 19:20:00.711 [Info] Connecting to 26.82.96.248:5400...

--------------------------------------------------------------------------------
2023-01-30 19:20:13.061 [Info] Connection approved [00000000-0000-0000-0000-000000000000].

--------------------------------------------------------------------------------
2023-01-30 19:20:13.062 [Debug] approval Time=2042 Offset=63810703211008 Real=63810703213051

--------------------------------------------------------------------------------
2023-01-30 19:20:13.062 [Debug] local Time=2042 Offset=63810703211020 Real=63810703213062

--------------------------------------------------------------------------------
2023-01-30 19:20:13.062 [Debug] real delta=11

--------------------------------------------------------------------------------
2023-01-30 19:20:13.062 [Debug] this.Statistics.Ping=0 NCPing=-1000

--------------------------------------------------------------------------------
2023-01-30 19:20:13.062 [Debug] Connection established to remote [00000000-0000-0000-0000-000000000000/26.82.96.248:5400].

--------------------------------------------------------------------------------
2023-01-30 19:20:13.062 [Info] Connected [00000000-0000-0000-0000-000000000000].

--------------------------------------------------------------------------------
2023-01-30 19:20:21.382 [Warn] 'Me' is null.

--------------------------------------------------------------------------------
2023-01-30 19:20:21.548 [Debug] received epp: 10522

--------------------------------------------------------------------------------
2023-01-30 19:20:46.649 [Info] System window closing (due to user interaction most likely).

--------------------------------------------------------------------------------
2023-01-30 19:20:46.650 [Debug] StatusChanged: [NetIncomingMessage #402 10 bytes] [Disconnecting]

--------------------------------------------------------------------------------
2023-01-30 19:20:46.653 [Debug] StatusChanged: [NetIncomingMessage #403 14 bytes] [Disconnected]

--------------------------------------------------------------------------------
2023-01-30 19:20:46.690 [Info] Acquiring context lock... (0ms)

--------------------------------------------------------------------------------
2023-01-30 19:20:46.691 [Info] Acquired. (0ms)

--------------------------------------------------------------------------------
2023-01-30 19:20:46.691 [Info] Beginning context dispose. (0ms)

--------------------------------------------------------------------------------
2023-01-30 19:20:46.691 [Info] GC.SuppressFinalize (0ms)

--------------------------------------------------------------------------------
2023-01-30 19:20:46.691 [Info] InternalDispose() completed. (0ms)

--------------------------------------------------------------------------------
2023-01-30 19:20:46.691 [Info] Clearing instance... (0ms)

--------------------------------------------------------------------------------
2023-01-30 19:20:46.691 [Info] Releasing context lock... (0ms)

--------------------------------------------------------------------------------
2023-01-30 19:20:46.691 [Info] Released. (1ms)

--------------------------------------------------------------------------------
