2023-01-28 16:28:27.306 [Warn] Directory was specified as a plugin directory but does not exist: 'resources\plugins'

--------------------------------------------------------------------------------
2023-01-28 16:28:27.319 [Info] Discovered 0 plugins:


--------------------------------------------------------------------------------
2023-01-28 16:28:29.323 [Info] Connecting to 26.82.96.248:5400...

--------------------------------------------------------------------------------
2023-01-28 16:28:30.248 [Info] Connection approved [00000000-0000-0000-0000-000000000000].

--------------------------------------------------------------------------------
2023-01-28 16:28:30.413 [Debug] approval Time=9081368 Offset=63810511030330 Real=63810520111699

--------------------------------------------------------------------------------
2023-01-28 16:28:30.413 [Debug] local Time=9081368 Offset=63810511029044 Real=63810520110413

--------------------------------------------------------------------------------
2023-01-28 16:28:30.413 [Debug] real delta=-1285

--------------------------------------------------------------------------------
2023-01-28 16:28:30.414 [Debug] this.Statistics.Ping=0 NCPing=39

--------------------------------------------------------------------------------
2023-01-28 16:28:30.418 [Debug] Connection established to remote [00000000-0000-0000-0000-000000000000/26.82.96.248:5400].

--------------------------------------------------------------------------------
2023-01-28 16:28:30.418 [Info] Connected [00000000-0000-0000-0000-000000000000].

--------------------------------------------------------------------------------
2023-01-28 16:28:35.573 [Warn] 'Me' is null.

--------------------------------------------------------------------------------
2023-01-28 16:28:36.241 [Debug] received epp: 9086570

--------------------------------------------------------------------------------
2023-01-28 16:33:12.650 [Debug] received epp: 9363780

--------------------------------------------------------------------------------
2023-01-28 16:40:47.745 [Debug] received epp: 9818835

--------------------------------------------------------------------------------
2023-01-28 16:40:59.938 [Debug] received epp: 9831092

--------------------------------------------------------------------------------
2023-01-28 16:53:03.104 [Info] System window closing (due to user interaction most likely).

--------------------------------------------------------------------------------
2023-01-28 16:53:03.107 [Debug] StatusChanged: [NetIncomingMessage #837 10 bytes] [Disconnecting]

--------------------------------------------------------------------------------
2023-01-28 16:53:03.113 [Debug] StatusChanged: [NetIncomingMessage #838 10 bytes] [Disconnected]

--------------------------------------------------------------------------------
2023-01-28 16:53:03.185 [Info] Acquiring context lock... (0ms)

--------------------------------------------------------------------------------
2023-01-28 16:53:03.185 [Info] Acquired. (0ms)

--------------------------------------------------------------------------------
2023-01-28 16:53:03.187 [Info] Beginning context dispose. (0ms)

--------------------------------------------------------------------------------
2023-01-28 16:53:03.188 [Info] GC.SuppressFinalize (0ms)

--------------------------------------------------------------------------------
2023-01-28 16:53:03.188 [Info] InternalDispose() completed. (1ms)

--------------------------------------------------------------------------------
2023-01-28 16:53:03.189 [Info] Clearing instance... (3ms)

--------------------------------------------------------------------------------
2023-01-28 16:53:03.189 [Info] Releasing context lock... (3ms)

--------------------------------------------------------------------------------
2023-01-28 16:53:03.189 [Info] Released. (3ms)

--------------------------------------------------------------------------------
