2023-02-04 05:04:53.118 [Warn] Directory was specified as a plugin directory but does not exist: 'resources\plugins'

--------------------------------------------------------------------------------
2023-02-04 05:04:53.118 [Info] Discovered 0 plugins:


--------------------------------------------------------------------------------
2023-02-04 05:04:54.185 [Info] Connecting to 26.82.96.248:5400...

--------------------------------------------------------------------------------
2023-02-04 05:05:09.442 [Debug] StatusChanged: [NetIncomingMessage #0 63 bytes] [Disconnected]

--------------------------------------------------------------------------------
2023-02-04 05:05:09.449 [Debug] Unknown client disconnected (00-00-00-00-00-00-00-00).

--------------------------------------------------------------------------------
2023-02-04 05:05:09.450 [Info] Disconnected [00000000-0000-0000-0000-000000000000].

--------------------------------------------------------------------------------
2023-02-04 05:05:09.451 [Info] Connecting to 26.82.96.248:5400...

--------------------------------------------------------------------------------
2023-02-04 05:05:09.774 [Info] Connection approved [00000000-0000-0000-0000-000000000000].

--------------------------------------------------------------------------------
2023-02-04 05:05:09.812 [Debug] approval Time=2997 Offset=63811083906736 Real=63811083909733

--------------------------------------------------------------------------------
2023-02-04 05:05:09.812 [Debug] local Time=2997 Offset=63811083906814 Real=63811083909812

--------------------------------------------------------------------------------
2023-02-04 05:05:09.812 [Debug] real delta=78

--------------------------------------------------------------------------------
2023-02-04 05:05:09.812 [Debug] this.Statistics.Ping=0 NCPing=3

--------------------------------------------------------------------------------
2023-02-04 05:05:09.813 [Debug] Connection established to remote [00000000-0000-0000-0000-000000000000/26.82.96.248:5400].

--------------------------------------------------------------------------------
2023-02-04 05:05:09.813 [Info] Connected [00000000-0000-0000-0000-000000000000].

--------------------------------------------------------------------------------
2023-02-04 05:06:03.184 [Warn] 'Me' is null.

--------------------------------------------------------------------------------
2023-02-04 05:06:03.386 [Debug] received epp: 56560

--------------------------------------------------------------------------------
2023-02-04 05:06:44.639 [Warn] 'Me' is null.

--------------------------------------------------------------------------------
2023-02-04 05:06:44.642 [Debug] received epp: 97887

--------------------------------------------------------------------------------
2023-02-04 05:06:44.661 [Warn] 'GameUi' is null.

--------------------------------------------------------------------------------
2023-02-04 05:06:44.662 [Warn] 'GameUi' is null.

--------------------------------------------------------------------------------
2023-02-04 05:07:54.527 [Info] System window closing (due to user interaction most likely).

--------------------------------------------------------------------------------
2023-02-04 05:07:54.528 [Debug] StatusChanged: [NetIncomingMessage #976 10 bytes] [Disconnecting]

--------------------------------------------------------------------------------
2023-02-04 05:07:54.531 [Debug] StatusChanged: [NetIncomingMessage #977 14 bytes] [Disconnected]

--------------------------------------------------------------------------------
2023-02-04 05:07:54.591 [Info] Acquiring context lock... (0ms)

--------------------------------------------------------------------------------
2023-02-04 05:07:54.591 [Info] Acquired. (0ms)

--------------------------------------------------------------------------------
2023-02-04 05:07:54.592 [Info] Beginning context dispose. (0ms)

--------------------------------------------------------------------------------
2023-02-04 05:07:54.592 [Info] GC.SuppressFinalize (0ms)

--------------------------------------------------------------------------------
2023-02-04 05:07:54.592 [Info] InternalDispose() completed. (0ms)

--------------------------------------------------------------------------------
2023-02-04 05:07:54.592 [Info] Clearing instance... (1ms)

--------------------------------------------------------------------------------
2023-02-04 05:07:54.592 [Info] Releasing context lock... (1ms)

--------------------------------------------------------------------------------
2023-02-04 05:07:54.592 [Info] Released. (1ms)

--------------------------------------------------------------------------------
