2022-12-14 11:21:23.105 [Warn] Directory was specified as a plugin directory but does not exist: 'resources\plugins'

--------------------------------------------------------------------------------
2022-12-14 11:21:23.109 [Info] Discovered 0 plugins:


--------------------------------------------------------------------------------
2022-12-14 11:21:23.856 [Info] Connecting to 127.0.0.1:5400...

--------------------------------------------------------------------------------
2022-12-14 11:21:24.144 [Info] Connection approved [00000000-0000-0000-0000-000000000000].

--------------------------------------------------------------------------------
2022-12-14 11:21:24.192 [Debug] approval Time=10859040 Offset=63806602825084 Real=63806613684124

--------------------------------------------------------------------------------
2022-12-14 11:21:24.192 [Debug] local Time=10859040 Offset=63806602825151 Real=63806613684192

--------------------------------------------------------------------------------
2022-12-14 11:21:24.192 [Debug] real delta=67

--------------------------------------------------------------------------------
2022-12-14 11:21:24.192 [Debug] this.Statistics.Ping=0 NCPing=0

--------------------------------------------------------------------------------
2022-12-14 11:21:24.193 [Debug] Connection established to remote [00000000-0000-0000-0000-000000000000/127.0.0.1:5400].

--------------------------------------------------------------------------------
2022-12-14 11:21:24.194 [Info] Connected [00000000-0000-0000-0000-000000000000].

--------------------------------------------------------------------------------
2022-12-14 11:24:46.687 [Warn] 'Me' is null.

--------------------------------------------------------------------------------
2022-12-14 11:24:46.860 [Debug] received epp: 11061539

--------------------------------------------------------------------------------
2022-12-14 11:25:48.946 [Info] System window closing (due to user interaction most likely).

--------------------------------------------------------------------------------
2022-12-14 11:25:48.948 [Debug] StatusChanged: [NetIncomingMessage #134 10 bytes] [Disconnecting]

--------------------------------------------------------------------------------
2022-12-14 11:25:48.952 [Debug] StatusChanged: [NetIncomingMessage #0 14 bytes] [Disconnected]

--------------------------------------------------------------------------------
2022-12-14 11:25:49.000 [Info] Acquiring context lock... (0ms)

--------------------------------------------------------------------------------
2022-12-14 11:25:49.000 [Info] Acquired. (0ms)

--------------------------------------------------------------------------------
2022-12-14 11:25:49.001 [Info] Beginning context dispose. (0ms)

--------------------------------------------------------------------------------
2022-12-14 11:25:49.001 [Info] GC.SuppressFinalize (0ms)

--------------------------------------------------------------------------------
2022-12-14 11:25:49.001 [Info] InternalDispose() completed. (0ms)

--------------------------------------------------------------------------------
2022-12-14 11:25:49.001 [Info] Clearing instance... (0ms)

--------------------------------------------------------------------------------
2022-12-14 11:25:49.001 [Info] Releasing context lock... (0ms)

--------------------------------------------------------------------------------
2022-12-14 11:25:49.001 [Info] Released. (0ms)

--------------------------------------------------------------------------------
