2023-02-04 05:55:40.476 [Warn] Directory was specified as a plugin directory but does not exist: 'resources\plugins'

--------------------------------------------------------------------------------
2023-02-04 05:55:40.480 [Info] Discovered 0 plugins:


--------------------------------------------------------------------------------
2023-02-04 05:55:41.111 [Info] Connecting to 26.82.96.248:5400...

--------------------------------------------------------------------------------
2023-02-04 05:55:41.378 [Info] Connection approved [00000000-0000-0000-0000-000000000000].

--------------------------------------------------------------------------------
2023-02-04 05:55:41.423 [Debug] approval Time=1953011 Offset=63811084988360 Real=63811086941372

--------------------------------------------------------------------------------
2023-02-04 05:55:41.423 [Debug] local Time=1953011 Offset=63811084988411 Real=63811086941423

--------------------------------------------------------------------------------
2023-02-04 05:55:41.423 [Debug] real delta=51

--------------------------------------------------------------------------------
2023-02-04 05:55:41.423 [Debug] this.Statistics.Ping=0 NCPing=2

--------------------------------------------------------------------------------
2023-02-04 05:55:41.425 [Debug] Connection established to remote [00000000-0000-0000-0000-000000000000/26.82.96.248:5400].

--------------------------------------------------------------------------------
2023-02-04 05:55:41.425 [Info] Connected [00000000-0000-0000-0000-000000000000].

--------------------------------------------------------------------------------
2023-02-04 05:55:43.388 [Warn] 'Me' is null.

--------------------------------------------------------------------------------
2023-02-04 05:55:43.577 [Debug] received epp: 1954983

--------------------------------------------------------------------------------
2023-02-04 05:57:48.670 [Debug] received epp: 2080282

--------------------------------------------------------------------------------
2023-02-04 06:05:30.731 [Info] System window closing (due to user interaction most likely).

--------------------------------------------------------------------------------
2023-02-04 06:05:30.733 [Debug] StatusChanged: [NetIncomingMessage #825 10 bytes] [Disconnecting]

--------------------------------------------------------------------------------
2023-02-04 06:05:30.734 [Debug] StatusChanged: [NetIncomingMessage #826 10 bytes] [Disconnected]

--------------------------------------------------------------------------------
2023-02-04 06:05:30.734 [Debug] Connection terminated to remote [00000000-0000-0000-0000-000000000000/26.82.96.248:5400].

--------------------------------------------------------------------------------
2023-02-04 06:05:30.736 [Info] Disconnected [00000000-0000-0000-0000-000000000000].

--------------------------------------------------------------------------------
2023-02-04 06:05:30.737 [Info] Connecting to 26.82.96.248:5400...

--------------------------------------------------------------------------------
2023-02-04 06:05:30.796 [Info] Acquiring context lock... (0ms)

--------------------------------------------------------------------------------
2023-02-04 06:05:30.796 [Info] Acquired. (0ms)

--------------------------------------------------------------------------------
2023-02-04 06:05:30.799 [Info] Beginning context dispose. (0ms)

--------------------------------------------------------------------------------
2023-02-04 06:05:30.799 [Info] GC.SuppressFinalize (0ms)

--------------------------------------------------------------------------------
2023-02-04 06:05:30.799 [Info] InternalDispose() completed. (0ms)

--------------------------------------------------------------------------------
2023-02-04 06:05:30.799 [Info] Clearing instance... (0ms)

--------------------------------------------------------------------------------
2023-02-04 06:05:30.799 [Info] Releasing context lock... (1ms)

--------------------------------------------------------------------------------
2023-02-04 06:05:30.799 [Info] Released. (1ms)

--------------------------------------------------------------------------------
