2022-12-18 10:02:03.854 [Warn] Directory was specified as a plugin directory but does not exist: 'resources\plugins'

--------------------------------------------------------------------------------
2022-12-18 10:02:03.859 [Info] Discovered 0 plugins:


--------------------------------------------------------------------------------
2022-12-18 10:02:04.882 [Info] Connecting to 127.0.0.1:5400...

--------------------------------------------------------------------------------
2022-12-18 10:02:05.355 [Info] Connection approved [00000000-0000-0000-0000-000000000000].

--------------------------------------------------------------------------------
2022-12-18 10:02:05.414 [Debug] approval Time=1117 Offset=63806954524183 Real=63806954525301

--------------------------------------------------------------------------------
2022-12-18 10:02:05.414 [Debug] local Time=1117 Offset=63806954524297 Real=63806954525414

--------------------------------------------------------------------------------
2022-12-18 10:02:05.414 [Debug] real delta=113

--------------------------------------------------------------------------------
2022-12-18 10:02:05.414 [Debug] this.Statistics.Ping=0 NCPing=1

--------------------------------------------------------------------------------
2022-12-18 10:02:05.416 [Debug] Connection established to remote [00000000-0000-0000-0000-000000000000/127.0.0.1:5400].

--------------------------------------------------------------------------------
2022-12-18 10:02:05.416 [Info] Connected [00000000-0000-0000-0000-000000000000].

--------------------------------------------------------------------------------
2022-12-18 10:02:11.275 [Warn] 'Me' is null.

--------------------------------------------------------------------------------
2022-12-18 10:02:11.519 [Debug] received epp: 7266

--------------------------------------------------------------------------------
2022-12-18 10:02:19.917 [Info] System window closing (due to user interaction most likely).

--------------------------------------------------------------------------------
2022-12-18 10:02:19.918 [Debug] StatusChanged: [NetIncomingMessage #26 10 bytes] [Disconnecting]

--------------------------------------------------------------------------------
2022-12-18 10:02:19.923 [Debug] StatusChanged: [NetIncomingMessage #27 14 bytes] [Disconnected]

--------------------------------------------------------------------------------
2022-12-18 10:02:19.965 [Info] Acquiring context lock... (0ms)

--------------------------------------------------------------------------------
2022-12-18 10:02:19.965 [Info] Acquired. (0ms)

--------------------------------------------------------------------------------
2022-12-18 10:02:19.966 [Info] Beginning context dispose. (0ms)

--------------------------------------------------------------------------------
2022-12-18 10:02:19.967 [Info] GC.SuppressFinalize (0ms)

--------------------------------------------------------------------------------
2022-12-18 10:02:19.967 [Info] InternalDispose() completed. (0ms)

--------------------------------------------------------------------------------
2022-12-18 10:02:19.967 [Info] Clearing instance... (1ms)

--------------------------------------------------------------------------------
2022-12-18 10:02:19.967 [Info] Releasing context lock... (1ms)

--------------------------------------------------------------------------------
2022-12-18 10:02:19.967 [Info] Released. (1ms)

--------------------------------------------------------------------------------
