2023-02-04 14:17:02.752 [Warn] Directory was specified as a plugin directory but does not exist: 'resources\plugins'

--------------------------------------------------------------------------------
2023-02-04 14:17:02.757 [Info] Discovered 0 plugins:


--------------------------------------------------------------------------------
2023-02-04 14:17:03.439 [Info] Connecting to 26.82.96.248:5400...

--------------------------------------------------------------------------------
2023-02-04 14:17:03.782 [Info] Connection approved [00000000-0000-0000-0000-000000000000].

--------------------------------------------------------------------------------
2023-02-04 14:17:03.829 [Debug] approval Time=2568152 Offset=63811114455612 Real=63811117023765

--------------------------------------------------------------------------------
2023-02-04 14:17:03.829 [Debug] local Time=2568152 Offset=63811114455677 Real=63811117023829

--------------------------------------------------------------------------------
2023-02-04 14:17:03.829 [Debug] real delta=64

--------------------------------------------------------------------------------
2023-02-04 14:17:03.829 [Debug] this.Statistics.Ping=0 NCPing=2

--------------------------------------------------------------------------------
2023-02-04 14:17:03.831 [Debug] Connection established to remote [00000000-0000-0000-0000-000000000000/26.82.96.248:5400].

--------------------------------------------------------------------------------
2023-02-04 14:17:03.831 [Info] Connected [00000000-0000-0000-0000-000000000000].

--------------------------------------------------------------------------------
2023-02-04 14:17:07.039 [Warn] 'Me' is null.

--------------------------------------------------------------------------------
2023-02-04 14:17:07.233 [Debug] received epp: 2571372

--------------------------------------------------------------------------------
2023-02-04 14:17:13.945 [Info] System window closing (due to user interaction most likely).

--------------------------------------------------------------------------------
2023-02-04 14:17:15.333 [Info] System window closing (due to user interaction most likely).

--------------------------------------------------------------------------------
2023-02-04 14:17:15.336 [Debug] StatusChanged: [NetIncomingMessage #171 10 bytes] [Disconnecting]

--------------------------------------------------------------------------------
2023-02-04 14:17:15.336 [Debug] StatusChanged: [NetIncomingMessage #172 14 bytes] [Disconnected]

--------------------------------------------------------------------------------
2023-02-04 14:17:15.338 [Error] Received unhandled exception from Name:Intersect Client.exe
There are no context policies.
.

--------------------------------------------------------------------------------
2023-02-04 14:17:15.338 [Error] NetException: Got ack for message not yet sent?
    Stack:    at Lidgren.Network.NetException.Assert(Boolean isOk, String message) in C:\Users\primero\git\agd\lidgren-network-gen3\Lidgren.Network\NetException.cs:line 62
   at Lidgren.Network.NetReliableSenderChannel.ReceiveAcknowledge(Double now, Int32 seqNr) in C:\Users\primero\git\agd\lidgren-network-gen3\Lidgren.Network\NetReliableSenderChannel.cs:line 246
   at Lidgren.Network.NetConnection.Heartbeat(Double now, UInt32 frameCounter) in C:\Users\primero\git\agd\lidgren-network-gen3\Lidgren.Network\NetConnection.cs:line 255
   at Lidgren.Network.NetPeer.Heartbeat() in C:\Users\primero\git\agd\lidgren-network-gen3\Lidgren.Network\NetPeer.Internal.cs:line 379
   at Lidgren.Network.NetPeer.ExecutePeerShutdown() in C:\Users\primero\git\agd\lidgren-network-gen3\Lidgren.Network\NetPeer.Internal.cs:line 268
   at Lidgren.Network.NetPeer.NetworkLoop() in C:\Users\primero\git\agd\lidgren-network-gen3\Lidgren.Network\NetPeer.Internal.cs:line 236
   at System.Threading.ExecutionContext.RunInternal(ExecutionContext executionContext, ContextCallback callback, Object state, Boolean preserveSyncCtx)
   at System.Threading.ExecutionContext.Run(ExecutionContext executionContext, ContextCallback callback, Object state, Boolean preserveSyncCtx)
   at System.Threading.ExecutionContext.Run(ExecutionContext executionContext, ContextCallback callback, Object state)
   at System.Threading.ThreadHelper.ThreadStart()


--------------------------------------------------------------------------------
2023-02-04 14:17:15.341 [Info] Acquiring context lock... (0ms)

--------------------------------------------------------------------------------
2023-02-04 14:17:15.341 [Info] Acquired. (0ms)

--------------------------------------------------------------------------------
2023-02-04 14:17:15.342 [Info] Beginning context dispose. (0ms)

--------------------------------------------------------------------------------
2023-02-04 14:17:15.342 [Info] GC.SuppressFinalize (0ms)

--------------------------------------------------------------------------------
2023-02-04 14:17:15.342 [Info] InternalDispose() completed. (0ms)

--------------------------------------------------------------------------------
2023-02-04 14:17:15.342 [Info] Clearing instance... (0ms)

--------------------------------------------------------------------------------
2023-02-04 14:17:15.342 [Info] Releasing context lock... (0ms)

--------------------------------------------------------------------------------
2023-02-04 14:17:15.342 [Info] Released. (0ms)

--------------------------------------------------------------------------------
