2022-12-25 10:20:46.736 [Warn] Directory was specified as a plugin directory but does not exist: 'resources\plugins'

--------------------------------------------------------------------------------
2022-12-25 10:20:46.740 [Info] Discovered 0 plugins:


--------------------------------------------------------------------------------
2022-12-25 10:20:47.397 [Info] Connecting to 127.0.0.1:5400...

--------------------------------------------------------------------------------
2022-12-25 10:20:47.662 [Info] Connection approved [00000000-0000-0000-0000-000000000000].

--------------------------------------------------------------------------------
2022-12-25 10:20:47.706 [Debug] approval Time=296153 Offset=63807560151500 Real=63807560447654

--------------------------------------------------------------------------------
2022-12-25 10:20:47.706 [Debug] local Time=296153 Offset=63807560151552 Real=63807560447706

--------------------------------------------------------------------------------
2022-12-25 10:20:47.706 [Debug] real delta=51

--------------------------------------------------------------------------------
2022-12-25 10:20:47.706 [Debug] this.Statistics.Ping=0 NCPing=1

--------------------------------------------------------------------------------
2022-12-25 10:20:47.707 [Debug] Connection established to remote [00000000-0000-0000-0000-000000000000/127.0.0.1:5400].

--------------------------------------------------------------------------------
2022-12-25 10:20:47.708 [Info] Connected [00000000-0000-0000-0000-000000000000].

--------------------------------------------------------------------------------
2022-12-25 10:20:51.390 [Warn] 'Me' is null.

--------------------------------------------------------------------------------
2022-12-25 10:20:51.558 [Debug] received epp: 299824

--------------------------------------------------------------------------------
2022-12-25 10:21:53.129 [Info] System window closing (due to user interaction most likely).

--------------------------------------------------------------------------------
2022-12-25 10:21:53.130 [Debug] StatusChanged: [NetIncomingMessage #62 10 bytes] [Disconnecting]

--------------------------------------------------------------------------------
2022-12-25 10:21:53.133 [Debug] StatusChanged: [NetIncomingMessage #63 14 bytes] [Disconnected]

--------------------------------------------------------------------------------
2022-12-25 10:21:53.171 [Info] Acquiring context lock... (0ms)

--------------------------------------------------------------------------------
2022-12-25 10:21:53.171 [Info] Acquired. (0ms)

--------------------------------------------------------------------------------
2022-12-25 10:21:53.171 [Info] Beginning context dispose. (0ms)

--------------------------------------------------------------------------------
2022-12-25 10:21:53.171 [Info] GC.SuppressFinalize (0ms)

--------------------------------------------------------------------------------
2022-12-25 10:21:53.171 [Info] InternalDispose() completed. (0ms)

--------------------------------------------------------------------------------
2022-12-25 10:21:53.172 [Info] Clearing instance... (0ms)

--------------------------------------------------------------------------------
2022-12-25 10:21:53.172 [Info] Releasing context lock... (0ms)

--------------------------------------------------------------------------------
2022-12-25 10:21:53.172 [Info] Released. (0ms)

--------------------------------------------------------------------------------
