2023-01-02 12:57:44.507 [Warn] Directory was specified as a plugin directory but does not exist: 'resources\plugins'

--------------------------------------------------------------------------------
2023-01-02 12:57:44.530 [Info] Discovered 0 plugins:


--------------------------------------------------------------------------------
2023-01-02 12:57:45.267 [Info] Connecting to 26.82.96.248:5400...

--------------------------------------------------------------------------------
2023-01-02 12:57:45.629 [Info] Connection approved [00000000-0000-0000-0000-000000000000].

--------------------------------------------------------------------------------
2023-01-02 12:57:45.695 [Debug] approval Time=306195 Offset=63808260759413 Real=63808261065609

--------------------------------------------------------------------------------
2023-01-02 12:57:45.695 [Debug] local Time=306195 Offset=63808260759499 Real=63808261065695

--------------------------------------------------------------------------------
2023-01-02 12:57:45.695 [Debug] real delta=85

--------------------------------------------------------------------------------
2023-01-02 12:57:45.695 [Debug] this.Statistics.Ping=0 NCPing=2

--------------------------------------------------------------------------------
2023-01-02 12:57:45.697 [Debug] Connection established to remote [00000000-0000-0000-0000-000000000000/26.82.96.248:5400].

--------------------------------------------------------------------------------
2023-01-02 12:57:45.697 [Info] Connected [00000000-0000-0000-0000-000000000000].

--------------------------------------------------------------------------------
2023-01-02 12:57:51.762 [Warn] 'Me' is null.

--------------------------------------------------------------------------------
2023-01-02 12:57:51.946 [Debug] received epp: 312274

--------------------------------------------------------------------------------
2023-01-02 12:58:15.084 [Info] System window closing (due to user interaction most likely).

--------------------------------------------------------------------------------
2023-01-02 12:58:15.085 [Debug] StatusChanged: [NetIncomingMessage #35 10 bytes] [Disconnecting]

--------------------------------------------------------------------------------
2023-01-02 12:58:15.090 [Debug] StatusChanged: [NetIncomingMessage #36 14 bytes] [Disconnected]

--------------------------------------------------------------------------------
2023-01-02 12:58:15.127 [Info] Acquiring context lock... (0ms)

--------------------------------------------------------------------------------
2023-01-02 12:58:15.127 [Info] Acquired. (0ms)

--------------------------------------------------------------------------------
2023-01-02 12:58:15.128 [Info] Beginning context dispose. (0ms)

--------------------------------------------------------------------------------
2023-01-02 12:58:15.128 [Info] GC.SuppressFinalize (0ms)

--------------------------------------------------------------------------------
2023-01-02 12:58:15.128 [Info] InternalDispose() completed. (0ms)

--------------------------------------------------------------------------------
2023-01-02 12:58:15.128 [Info] Clearing instance... (0ms)

--------------------------------------------------------------------------------
2023-01-02 12:58:15.128 [Info] Releasing context lock... (1ms)

--------------------------------------------------------------------------------
2023-01-02 12:58:15.128 [Info] Released. (1ms)

--------------------------------------------------------------------------------
