2023-01-28 16:51:53.889 [Warn] Directory was specified as a plugin directory but does not exist: 'resources\plugins'

--------------------------------------------------------------------------------
2023-01-28 16:51:53.894 [Info] Discovered 0 plugins:


--------------------------------------------------------------------------------
2023-01-28 16:51:54.550 [Info] Connecting to 26.82.96.248:5400...

--------------------------------------------------------------------------------
2023-01-28 16:51:54.827 [Info] Connection approved [00000000-0000-0000-0000-000000000000].

--------------------------------------------------------------------------------
2023-01-28 16:51:54.873 [Debug] approval Time=10484480 Offset=63810511030330 Real=63810521514811

--------------------------------------------------------------------------------
2023-01-28 16:51:54.873 [Debug] local Time=10484480 Offset=63810511030392 Real=63810521514873

--------------------------------------------------------------------------------
2023-01-28 16:51:54.873 [Debug] real delta=62

--------------------------------------------------------------------------------
2023-01-28 16:51:54.873 [Debug] this.Statistics.Ping=0 NCPing=3

--------------------------------------------------------------------------------
2023-01-28 16:51:54.874 [Debug] Connection established to remote [00000000-0000-0000-0000-000000000000/26.82.96.248:5400].

--------------------------------------------------------------------------------
2023-01-28 16:51:54.874 [Info] Connected [00000000-0000-0000-0000-000000000000].

--------------------------------------------------------------------------------
2023-01-28 16:51:59.260 [Warn] 'Me' is null.

--------------------------------------------------------------------------------
2023-01-28 16:51:59.450 [Debug] received epp: 10488875

--------------------------------------------------------------------------------
2023-01-28 16:52:03.238 [Info] System window closing (due to user interaction most likely).

--------------------------------------------------------------------------------
2023-01-28 16:52:03.239 [Debug] StatusChanged: [NetIncomingMessage #39 10 bytes] [Disconnecting]

--------------------------------------------------------------------------------
2023-01-28 16:52:03.241 [Debug] StatusChanged: [NetIncomingMessage #40 14 bytes] [Disconnected]

--------------------------------------------------------------------------------
2023-01-28 16:52:03.293 [Info] Acquiring context lock... (0ms)

--------------------------------------------------------------------------------
2023-01-28 16:52:03.293 [Info] Acquired. (0ms)

--------------------------------------------------------------------------------
2023-01-28 16:52:03.294 [Info] Beginning context dispose. (0ms)

--------------------------------------------------------------------------------
2023-01-28 16:52:03.294 [Info] GC.SuppressFinalize (0ms)

--------------------------------------------------------------------------------
2023-01-28 16:52:03.294 [Info] InternalDispose() completed. (0ms)

--------------------------------------------------------------------------------
2023-01-28 16:52:03.294 [Info] Clearing instance... (1ms)

--------------------------------------------------------------------------------
2023-01-28 16:52:03.294 [Info] Releasing context lock... (1ms)

--------------------------------------------------------------------------------
2023-01-28 16:52:03.294 [Info] Released. (1ms)

--------------------------------------------------------------------------------
