2023-01-02 12:52:47.759 [Warn] Directory was specified as a plugin directory but does not exist: 'resources\plugins'

--------------------------------------------------------------------------------
2023-01-02 12:52:47.781 [Info] Discovered 0 plugins:


--------------------------------------------------------------------------------
2023-01-02 12:52:48.478 [Info] Connecting to 26.82.96.248:5400...

--------------------------------------------------------------------------------
2023-01-02 12:52:49.121 [Info] Connection approved [00000000-0000-0000-0000-000000000000].

--------------------------------------------------------------------------------
2023-01-02 12:52:49.171 [Debug] approval Time=9650 Offset=63808260759413 Real=63808260769064

--------------------------------------------------------------------------------
2023-01-02 12:52:49.171 [Debug] local Time=9650 Offset=63808260759521 Real=63808260769171

--------------------------------------------------------------------------------
2023-01-02 12:52:49.171 [Debug] real delta=107

--------------------------------------------------------------------------------
2023-01-02 12:52:49.171 [Debug] this.Statistics.Ping=0 NCPing=2

--------------------------------------------------------------------------------
2023-01-02 12:52:49.174 [Debug] Connection established to remote [00000000-0000-0000-0000-000000000000/26.82.96.248:5400].

--------------------------------------------------------------------------------
2023-01-02 12:52:49.174 [Info] Connected [00000000-0000-0000-0000-000000000000].

--------------------------------------------------------------------------------
2023-01-02 12:52:50.957 [Info] System window closing (due to user interaction most likely).

--------------------------------------------------------------------------------
2023-01-02 12:52:50.959 [Debug] StatusChanged: [NetIncomingMessage #0 10 bytes] [Disconnecting]

--------------------------------------------------------------------------------
2023-01-02 12:52:50.964 [Debug] StatusChanged: [NetIncomingMessage #0 14 bytes] [Disconnected]

--------------------------------------------------------------------------------
2023-01-02 12:52:51.008 [Info] Acquiring context lock... (0ms)

--------------------------------------------------------------------------------
2023-01-02 12:52:51.008 [Info] Acquired. (0ms)

--------------------------------------------------------------------------------
2023-01-02 12:52:51.008 [Info] Beginning context dispose. (0ms)

--------------------------------------------------------------------------------
2023-01-02 12:52:51.009 [Info] GC.SuppressFinalize (0ms)

--------------------------------------------------------------------------------
2023-01-02 12:52:51.009 [Info] InternalDispose() completed. (0ms)

--------------------------------------------------------------------------------
2023-01-02 12:52:51.009 [Info] Clearing instance... (1ms)

--------------------------------------------------------------------------------
2023-01-02 12:52:51.009 [Info] Releasing context lock... (1ms)

--------------------------------------------------------------------------------
2023-01-02 12:52:51.009 [Info] Released. (1ms)

--------------------------------------------------------------------------------
