2022-12-14 11:51:34.784 [Warn] Directory was specified as a plugin directory but does not exist: 'resources\plugins'

--------------------------------------------------------------------------------
2022-12-14 11:51:34.788 [Info] Discovered 0 plugins:


--------------------------------------------------------------------------------
2022-12-14 11:51:35.483 [Info] Connecting to 127.0.0.1:5400...

--------------------------------------------------------------------------------
2022-12-14 11:51:35.745 [Info] Connection approved [00000000-0000-0000-0000-000000000000].

--------------------------------------------------------------------------------
2022-12-14 11:51:35.789 [Debug] approval Time=12670650 Offset=63806602825084 Real=63806615495734

--------------------------------------------------------------------------------
2022-12-14 11:51:35.789 [Debug] local Time=12670650 Offset=63806602825139 Real=63806615495789

--------------------------------------------------------------------------------
2022-12-14 11:51:35.789 [Debug] real delta=55

--------------------------------------------------------------------------------
2022-12-14 11:51:35.789 [Debug] this.Statistics.Ping=0 NCPing=3

--------------------------------------------------------------------------------
2022-12-14 11:51:35.790 [Debug] Connection established to remote [00000000-0000-0000-0000-000000000000/127.0.0.1:5400].

--------------------------------------------------------------------------------
2022-12-14 11:51:35.790 [Info] Connected [00000000-0000-0000-0000-000000000000].

--------------------------------------------------------------------------------
2022-12-14 11:51:38.326 [Warn] 'Me' is null.

--------------------------------------------------------------------------------
2022-12-14 11:51:38.501 [Debug] received epp: 12673180

--------------------------------------------------------------------------------
2022-12-14 11:51:47.790 [Warn] 'Me' is null.

--------------------------------------------------------------------------------
2022-12-14 11:51:47.791 [Debug] received epp: 12682698

--------------------------------------------------------------------------------
2022-12-14 11:51:47.796 [Warn] 'GameUi' is null.

--------------------------------------------------------------------------------
2022-12-14 11:51:47.796 [Warn] 'GameUi' is null.

--------------------------------------------------------------------------------
2022-12-14 11:52:42.463 [Info] System window closing (due to user interaction most likely).

--------------------------------------------------------------------------------
2022-12-14 11:52:42.463 [Debug] StatusChanged: [NetIncomingMessage #51 10 bytes] [Disconnecting]

--------------------------------------------------------------------------------
2022-12-14 11:52:42.466 [Debug] StatusChanged: [NetIncomingMessage #52 14 bytes] [Disconnected]

--------------------------------------------------------------------------------
2022-12-14 11:52:42.507 [Info] Acquiring context lock... (0ms)

--------------------------------------------------------------------------------
2022-12-14 11:52:42.507 [Info] Acquired. (0ms)

--------------------------------------------------------------------------------
2022-12-14 11:52:42.508 [Info] Beginning context dispose. (0ms)

--------------------------------------------------------------------------------
2022-12-14 11:52:42.508 [Info] GC.SuppressFinalize (0ms)

--------------------------------------------------------------------------------
2022-12-14 11:52:42.508 [Info] InternalDispose() completed. (0ms)

--------------------------------------------------------------------------------
2022-12-14 11:52:42.508 [Info] Clearing instance... (1ms)

--------------------------------------------------------------------------------
2022-12-14 11:52:42.508 [Info] Releasing context lock... (1ms)

--------------------------------------------------------------------------------
2022-12-14 11:52:42.508 [Info] Released. (1ms)

--------------------------------------------------------------------------------
