2022-12-17 01:44:11.802 [Warn] Directory was specified as a plugin directory but does not exist: 'resources\plugins'

--------------------------------------------------------------------------------
2022-12-17 01:44:11.806 [Info] Discovered 0 plugins:


--------------------------------------------------------------------------------
2022-12-17 01:44:12.519 [Info] Connecting to 127.0.0.1:5400...

--------------------------------------------------------------------------------
2022-12-17 01:44:27.783 [Debug] StatusChanged: [NetIncomingMessage #0 63 bytes] [Disconnected]

--------------------------------------------------------------------------------
2022-12-17 01:44:27.784 [Debug] Unknown client disconnected (00-00-00-00-00-00-00-00).

--------------------------------------------------------------------------------
2022-12-17 01:44:27.785 [Info] Disconnected [00000000-0000-0000-0000-000000000000].

--------------------------------------------------------------------------------
2022-12-17 01:44:27.787 [Info] Connecting to 127.0.0.1:5400...

--------------------------------------------------------------------------------
2022-12-17 01:44:40.146 [Info] Connection approved [00000000-0000-0000-0000-000000000000].

--------------------------------------------------------------------------------
2022-12-17 01:44:40.183 [Debug] approval Time=1340 Offset=63806838278765 Real=63806838280106

--------------------------------------------------------------------------------
2022-12-17 01:44:40.183 [Debug] local Time=1340 Offset=63806838278842 Real=63806838280183

--------------------------------------------------------------------------------
2022-12-17 01:44:40.183 [Debug] real delta=77

--------------------------------------------------------------------------------
2022-12-17 01:44:40.183 [Debug] this.Statistics.Ping=0 NCPing=1

--------------------------------------------------------------------------------
2022-12-17 01:44:40.185 [Debug] Connection established to remote [00000000-0000-0000-0000-000000000000/127.0.0.1:5400].

--------------------------------------------------------------------------------
2022-12-17 01:44:40.185 [Info] Connected [00000000-0000-0000-0000-000000000000].

--------------------------------------------------------------------------------
2022-12-17 01:45:11.322 [Debug] StatusChanged: [NetIncomingMessage #0 14 bytes] [Disconnected]

--------------------------------------------------------------------------------
2022-12-17 01:45:11.322 [Debug] Connection terminated to remote [00000000-0000-0000-0000-000000000000/127.0.0.1:5400].

--------------------------------------------------------------------------------
2022-12-17 01:45:11.322 [Info] Disconnected [00000000-0000-0000-0000-000000000000].

--------------------------------------------------------------------------------
2022-12-17 01:45:11.322 [Info] Connecting to 127.0.0.1:5400...

--------------------------------------------------------------------------------
2022-12-17 01:45:26.445 [Debug] StatusChanged: [NetIncomingMessage #0 63 bytes] [Disconnected]

--------------------------------------------------------------------------------
2022-12-17 01:45:26.445 [Debug] Unknown client disconnected (00-00-00-00-00-00-00-00).

--------------------------------------------------------------------------------
2022-12-17 01:45:26.445 [Info] Disconnected [00000000-0000-0000-0000-000000000000].

--------------------------------------------------------------------------------
2022-12-17 01:45:26.446 [Info] Connecting to 127.0.0.1:5400...

--------------------------------------------------------------------------------
2022-12-17 01:45:41.582 [Debug] StatusChanged: [NetIncomingMessage #0 63 bytes] [Disconnected]

--------------------------------------------------------------------------------
2022-12-17 01:45:41.582 [Debug] Unknown client disconnected (00-00-00-00-00-00-00-00).

--------------------------------------------------------------------------------
2022-12-17 01:45:41.582 [Info] Disconnected [00000000-0000-0000-0000-000000000000].

--------------------------------------------------------------------------------
2022-12-17 01:45:41.583 [Info] Connecting to 127.0.0.1:5400...

--------------------------------------------------------------------------------
2022-12-17 01:45:41.886 [Info] System window closing (due to user interaction most likely).

--------------------------------------------------------------------------------
2022-12-17 01:45:41.887 [Debug] StatusChanged: [NetIncomingMessage #0 10 bytes] [Disconnecting]

--------------------------------------------------------------------------------
2022-12-17 01:45:41.889 [Debug] StatusChanged: [NetIncomingMessage #0 14 bytes] [Disconnected]

--------------------------------------------------------------------------------
2022-12-17 01:45:41.889 [Debug] Unknown client disconnected (00-00-00-00-00-00-00-00).

--------------------------------------------------------------------------------
2022-12-17 01:45:41.889 [Info] Disconnected [00000000-0000-0000-0000-000000000000].

--------------------------------------------------------------------------------
2022-12-17 01:45:41.921 [Info] Acquiring context lock... (0ms)

--------------------------------------------------------------------------------
2022-12-17 01:45:41.921 [Info] Acquired. (0ms)

--------------------------------------------------------------------------------
2022-12-17 01:45:41.922 [Info] Beginning context dispose. (0ms)

--------------------------------------------------------------------------------
2022-12-17 01:45:41.922 [Info] GC.SuppressFinalize (0ms)

--------------------------------------------------------------------------------
2022-12-17 01:45:41.922 [Info] InternalDispose() completed. (0ms)

--------------------------------------------------------------------------------
2022-12-17 01:45:41.922 [Info] Clearing instance... (1ms)

--------------------------------------------------------------------------------
2022-12-17 01:45:41.922 [Info] Releasing context lock... (1ms)

--------------------------------------------------------------------------------
2022-12-17 01:45:41.922 [Info] Released. (1ms)

--------------------------------------------------------------------------------
