2023-01-24 06:14:52.913 [Warn] Directory was specified as a plugin directory but does not exist: 'resources\plugins'

--------------------------------------------------------------------------------
2023-01-24 06:14:52.919 [Info] Discovered 0 plugins:


--------------------------------------------------------------------------------
2023-01-24 06:14:53.512 [Info] Connecting to 26.82.96.248:5400...

--------------------------------------------------------------------------------
2023-01-24 06:14:53.821 [Info] Connection approved [00000000-0000-0000-0000-000000000000].

--------------------------------------------------------------------------------
2023-01-24 06:14:53.876 [Debug] approval Time=5145127 Offset=63810132548683 Real=63810137693810

--------------------------------------------------------------------------------
2023-01-24 06:14:53.876 [Debug] local Time=5145127 Offset=63810132548749 Real=63810137693876

--------------------------------------------------------------------------------
2023-01-24 06:14:53.876 [Debug] real delta=66

--------------------------------------------------------------------------------
2023-01-24 06:14:53.876 [Debug] this.Statistics.Ping=0 NCPing=1

--------------------------------------------------------------------------------
2023-01-24 06:14:53.877 [Debug] Connection established to remote [00000000-0000-0000-0000-000000000000/26.82.96.248:5400].

--------------------------------------------------------------------------------
2023-01-24 06:14:53.878 [Info] Connected [00000000-0000-0000-0000-000000000000].

--------------------------------------------------------------------------------
2023-01-24 06:14:55.711 [Warn] 'Me' is null.

--------------------------------------------------------------------------------
2023-01-24 06:14:55.932 [Debug] received epp: 5146955

--------------------------------------------------------------------------------
2023-01-24 06:21:13.967 [Debug] received epp: 5525266

--------------------------------------------------------------------------------
2023-01-24 06:21:23.364 [Debug] received epp: 5534656

--------------------------------------------------------------------------------
2023-01-24 06:34:04.872 [Debug] received epp: 6296171

--------------------------------------------------------------------------------
2023-01-24 06:37:08.735 [Debug] received epp: 6480033

--------------------------------------------------------------------------------
2023-01-24 06:37:50.163 [Debug] received epp: 6521463

--------------------------------------------------------------------------------
2023-01-24 06:45:08.012 [Debug] received epp: 6959317

--------------------------------------------------------------------------------
2023-01-24 06:46:29.011 [Debug] received epp: 7040307

--------------------------------------------------------------------------------
2023-01-24 06:46:32.106 [Debug] received epp: 7043404

--------------------------------------------------------------------------------
2023-01-24 06:51:49.587 [Debug] received epp: 7360876

--------------------------------------------------------------------------------
2023-01-24 06:53:59.545 [Debug] StatusChanged: [NetIncomingMessage #0 10 bytes] [Disconnected]

--------------------------------------------------------------------------------
2023-01-24 06:53:59.546 [Debug] Connection terminated to remote [00000000-0000-0000-0000-000000000000/26.82.96.248:5400].

--------------------------------------------------------------------------------
2023-01-24 06:53:59.546 [Info] Disconnected [00000000-0000-0000-0000-000000000000].

--------------------------------------------------------------------------------
2023-01-24 06:53:59.550 [Info] Connecting to 26.82.96.248:5400...

--------------------------------------------------------------------------------
2023-01-24 06:53:59.824 [Info] Connection approved [00000000-0000-0000-0000-000000000000].

--------------------------------------------------------------------------------
2023-01-24 06:53:59.826 [Debug] approval Time=7491125 Offset=63810132548683 Real=63810140039809

--------------------------------------------------------------------------------
2023-01-24 06:53:59.826 [Debug] local Time=7491125 Offset=63810132548700 Real=63810140039826

--------------------------------------------------------------------------------
2023-01-24 06:53:59.826 [Debug] real delta=17

--------------------------------------------------------------------------------
2023-01-24 06:53:59.826 [Debug] this.Statistics.Ping=0 NCPing=1

--------------------------------------------------------------------------------
2023-01-24 06:53:59.826 [Debug] Connection established to remote [00000000-0000-0000-0000-000000000000/26.82.96.248:5400].

--------------------------------------------------------------------------------
2023-01-24 06:53:59.826 [Info] Connected [00000000-0000-0000-0000-000000000000].

--------------------------------------------------------------------------------
2023-01-24 06:58:21.886 [Info] System window closing (due to user interaction most likely).

--------------------------------------------------------------------------------
2023-01-24 06:58:21.887 [Debug] StatusChanged: [NetIncomingMessage #0 10 bytes] [Disconnecting]

--------------------------------------------------------------------------------
2023-01-24 06:58:21.903 [Debug] StatusChanged: [NetIncomingMessage #0 14 bytes] [Disconnected]

--------------------------------------------------------------------------------
2023-01-24 06:58:21.921 [Info] Acquiring context lock... (0ms)

--------------------------------------------------------------------------------
2023-01-24 06:58:21.922 [Info] Acquired. (0ms)

--------------------------------------------------------------------------------
2023-01-24 06:58:21.923 [Info] Beginning context dispose. (0ms)

--------------------------------------------------------------------------------
2023-01-24 06:58:21.923 [Info] GC.SuppressFinalize (0ms)

--------------------------------------------------------------------------------
2023-01-24 06:58:21.923 [Info] InternalDispose() completed. (0ms)

--------------------------------------------------------------------------------
2023-01-24 06:58:21.923 [Info] Clearing instance... (2ms)

--------------------------------------------------------------------------------
2023-01-24 06:58:21.923 [Info] Releasing context lock... (2ms)

--------------------------------------------------------------------------------
2023-01-24 06:58:21.923 [Info] Released. (2ms)

--------------------------------------------------------------------------------
