2023-01-31 15:05:31.412 [Warn] Directory was specified as a plugin directory but does not exist: 'resources\plugins'

--------------------------------------------------------------------------------
2023-01-31 15:05:31.416 [Info] Discovered 0 plugins:


--------------------------------------------------------------------------------
2023-01-31 15:05:32.130 [Info] Connecting to 26.82.96.248:5400...

--------------------------------------------------------------------------------
2023-01-31 15:05:32.381 [Info] Connection approved [00000000-0000-0000-0000-000000000000].

--------------------------------------------------------------------------------
2023-01-31 15:05:32.422 [Debug] approval Time=6134945 Offset=63810768197427 Real=63810774332373

--------------------------------------------------------------------------------
2023-01-31 15:05:32.422 [Debug] local Time=6134945 Offset=63810768197476 Real=63810774332422

--------------------------------------------------------------------------------
2023-01-31 15:05:32.422 [Debug] real delta=49

--------------------------------------------------------------------------------
2023-01-31 15:05:32.422 [Debug] this.Statistics.Ping=0 NCPing=2

--------------------------------------------------------------------------------
2023-01-31 15:05:32.423 [Debug] Connection established to remote [00000000-0000-0000-0000-000000000000/26.82.96.248:5400].

--------------------------------------------------------------------------------
2023-01-31 15:05:32.423 [Info] Connected [00000000-0000-0000-0000-000000000000].

--------------------------------------------------------------------------------
2023-01-31 15:08:20.425 [Info] System window closing (due to user interaction most likely).

--------------------------------------------------------------------------------
2023-01-31 15:08:20.426 [Debug] StatusChanged: [NetIncomingMessage #0 10 bytes] [Disconnecting]

--------------------------------------------------------------------------------
2023-01-31 15:08:20.429 [Debug] StatusChanged: [NetIncomingMessage #0 14 bytes] [Disconnected]

--------------------------------------------------------------------------------
2023-01-31 15:08:20.486 [Info] Acquiring context lock... (0ms)

--------------------------------------------------------------------------------
2023-01-31 15:08:20.486 [Info] Acquired. (0ms)

--------------------------------------------------------------------------------
2023-01-31 15:08:20.487 [Info] Beginning context dispose. (0ms)

--------------------------------------------------------------------------------
2023-01-31 15:08:20.487 [Info] GC.SuppressFinalize (0ms)

--------------------------------------------------------------------------------
2023-01-31 15:08:20.487 [Info] InternalDispose() completed. (0ms)

--------------------------------------------------------------------------------
2023-01-31 15:08:20.487 [Info] Clearing instance... (0ms)

--------------------------------------------------------------------------------
2023-01-31 15:08:20.487 [Info] Releasing context lock... (0ms)

--------------------------------------------------------------------------------
2023-01-31 15:08:20.487 [Info] Released. (0ms)

--------------------------------------------------------------------------------
