2023-02-04 06:11:18.334 [Warn] Directory was specified as a plugin directory but does not exist: 'resources\plugins'

--------------------------------------------------------------------------------
2023-02-04 06:11:18.343 [Info] Discovered 0 plugins:


--------------------------------------------------------------------------------
2023-02-04 06:11:18.966 [Info] Connecting to 26.82.96.248:5400...

--------------------------------------------------------------------------------
2023-02-04 06:11:19.258 [Info] Connection approved [00000000-0000-0000-0000-000000000000].

--------------------------------------------------------------------------------
2023-02-04 06:11:19.303 [Debug] approval Time=2890876 Offset=63811084988360 Real=63811087879237

--------------------------------------------------------------------------------
2023-02-04 06:11:19.303 [Debug] local Time=2890876 Offset=63811084988425 Real=63811087879302

--------------------------------------------------------------------------------
2023-02-04 06:11:19.303 [Debug] real delta=64

--------------------------------------------------------------------------------
2023-02-04 06:11:19.303 [Debug] this.Statistics.Ping=0 NCPing=2

--------------------------------------------------------------------------------
2023-02-04 06:11:19.307 [Debug] Connection established to remote [00000000-0000-0000-0000-000000000000/26.82.96.248:5400].

--------------------------------------------------------------------------------
2023-02-04 06:11:19.307 [Info] Connected [00000000-0000-0000-0000-000000000000].

--------------------------------------------------------------------------------
2023-02-04 06:11:21.393 [Warn] 'Me' is null.

--------------------------------------------------------------------------------
2023-02-04 06:11:21.562 [Debug] received epp: 2892974

--------------------------------------------------------------------------------
2023-02-04 06:11:33.553 [Info] System window closing (due to user interaction most likely).

--------------------------------------------------------------------------------
2023-02-04 06:11:33.554 [Debug] StatusChanged: [NetIncomingMessage #228 10 bytes] [Disconnecting]

--------------------------------------------------------------------------------
2023-02-04 06:11:33.558 [Debug] StatusChanged: [NetIncomingMessage #229 14 bytes] [Disconnected]

--------------------------------------------------------------------------------
2023-02-04 06:11:33.613 [Info] Acquiring context lock... (0ms)

--------------------------------------------------------------------------------
2023-02-04 06:11:33.613 [Info] Acquired. (0ms)

--------------------------------------------------------------------------------
2023-02-04 06:11:33.613 [Info] Beginning context dispose. (0ms)

--------------------------------------------------------------------------------
2023-02-04 06:11:33.613 [Info] GC.SuppressFinalize (1ms)

--------------------------------------------------------------------------------
2023-02-04 06:11:33.613 [Info] InternalDispose() completed. (1ms)

--------------------------------------------------------------------------------
2023-02-04 06:11:33.613 [Info] Clearing instance... (3ms)

--------------------------------------------------------------------------------
2023-02-04 06:11:33.618 [Info] Releasing context lock... (4ms)

--------------------------------------------------------------------------------
2023-02-04 06:11:33.618 [Info] Released. (4ms)

--------------------------------------------------------------------------------
