2023-02-01 13:08:21.639 [Warn] Directory was specified as a plugin directory but does not exist: 'resources\plugins'

--------------------------------------------------------------------------------
2023-02-01 13:08:21.644 [Info] Discovered 0 plugins:


--------------------------------------------------------------------------------
2023-02-01 13:08:22.327 [Info] Connecting to 26.82.96.248:5400...

--------------------------------------------------------------------------------
2023-02-01 13:08:22.650 [Info] Connection approved [00000000-0000-0000-0000-000000000000].

--------------------------------------------------------------------------------
2023-02-01 13:08:22.694 [Debug] approval Time=34363438 Offset=63810819339199 Real=63810853702638

--------------------------------------------------------------------------------
2023-02-01 13:08:22.694 [Debug] local Time=34363438 Offset=63810819339255 Real=63810853702694

--------------------------------------------------------------------------------
2023-02-01 13:08:22.694 [Debug] real delta=56

--------------------------------------------------------------------------------
2023-02-01 13:08:22.694 [Debug] this.Statistics.Ping=0 NCPing=1

--------------------------------------------------------------------------------
2023-02-01 13:08:22.696 [Debug] Connection established to remote [00000000-0000-0000-0000-000000000000/26.82.96.248:5400].

--------------------------------------------------------------------------------
2023-02-01 13:08:22.696 [Info] Connected [00000000-0000-0000-0000-000000000000].

--------------------------------------------------------------------------------
2023-02-01 13:13:10.771 [Info] System window closing (due to user interaction most likely).

--------------------------------------------------------------------------------
2023-02-01 13:13:10.773 [Debug] StatusChanged: [NetIncomingMessage #0 10 bytes] [Disconnecting]

--------------------------------------------------------------------------------
2023-02-01 13:13:10.777 [Debug] StatusChanged: [NetIncomingMessage #0 14 bytes] [Disconnected]

--------------------------------------------------------------------------------
2023-02-01 13:13:10.845 [Info] Acquiring context lock... (0ms)

--------------------------------------------------------------------------------
2023-02-01 13:13:10.845 [Info] Acquired. (0ms)

--------------------------------------------------------------------------------
2023-02-01 13:13:10.845 [Info] Beginning context dispose. (0ms)

--------------------------------------------------------------------------------
2023-02-01 13:13:10.845 [Info] GC.SuppressFinalize (0ms)

--------------------------------------------------------------------------------
2023-02-01 13:13:10.845 [Info] InternalDispose() completed. (0ms)

--------------------------------------------------------------------------------
2023-02-01 13:13:10.846 [Info] Clearing instance... (0ms)

--------------------------------------------------------------------------------
2023-02-01 13:13:10.846 [Info] Releasing context lock... (1ms)

--------------------------------------------------------------------------------
2023-02-01 13:13:10.846 [Info] Released. (1ms)

--------------------------------------------------------------------------------
