2023-01-30 05:21:04.562 [Info] Connecting to 26.82.96.248:5400...

--------------------------------------------------------------------------------
2023-01-30 05:21:04.847 [Info] Connection approved [00000000-0000-0000-0000-000000000000].

--------------------------------------------------------------------------------
2023-01-30 05:21:04.891 [Debug] approval Time=2566330 Offset=63810650298495 Real=63810652864826

--------------------------------------------------------------------------------
2023-01-30 05:21:04.891 [Debug] local Time=2566330 Offset=63810650298560 Real=63810652864891

--------------------------------------------------------------------------------
2023-01-30 05:21:04.892 [Debug] real delta=64

--------------------------------------------------------------------------------
2023-01-30 05:21:04.892 [Debug] this.Statistics.Ping=0 NCPing=2

--------------------------------------------------------------------------------
2023-01-30 05:21:04.893 [Debug] Connection established to remote [00000000-0000-0000-0000-000000000000/26.82.96.248:5400].

--------------------------------------------------------------------------------
2023-01-30 05:21:04.893 [Info] Connected [00000000-0000-0000-0000-000000000000].

--------------------------------------------------------------------------------
2023-01-30 06:03:17.548 [Debug] StatusChanged: [NetIncomingMessage #0 22 bytes] [Disconnected]

--------------------------------------------------------------------------------
2023-01-30 06:03:17.548 [Debug] Connection terminated to remote [00000000-0000-0000-0000-000000000000/26.82.96.248:5400].

--------------------------------------------------------------------------------
2023-01-30 06:03:17.548 [Info] Disconnected [00000000-0000-0000-0000-000000000000].

--------------------------------------------------------------------------------
