2022-12-14 02:22:06.813 [Warn] Directory was specified as a plugin directory but does not exist: 'resources\plugins'

--------------------------------------------------------------------------------
2022-12-14 02:22:06.838 [Info] Discovered 0 plugins:


--------------------------------------------------------------------------------
2022-12-14 02:22:07.606 [Info] Connecting to 127.0.0.1:5400...

--------------------------------------------------------------------------------
2022-12-14 02:22:07.995 [Info] Connection approved [00000000-0000-0000-0000-000000000000].

--------------------------------------------------------------------------------
2022-12-14 02:22:08.065 [Debug] approval Time=2260360 Offset=63806579067612 Real=63806581327972

--------------------------------------------------------------------------------
2022-12-14 02:22:08.065 [Debug] local Time=2260360 Offset=63806579067705 Real=63806581328065

--------------------------------------------------------------------------------
2022-12-14 02:22:08.065 [Debug] real delta=93

--------------------------------------------------------------------------------
2022-12-14 02:22:08.065 [Debug] this.Statistics.Ping=0 NCPing=0

--------------------------------------------------------------------------------
2022-12-14 02:22:08.068 [Debug] Connection established to remote [00000000-0000-0000-0000-000000000000/127.0.0.1:5400].

--------------------------------------------------------------------------------
2022-12-14 02:22:08.068 [Info] Connected [00000000-0000-0000-0000-000000000000].

--------------------------------------------------------------------------------
2022-12-14 02:28:43.797 [Info] System window closing (due to user interaction most likely).

--------------------------------------------------------------------------------
2022-12-14 02:28:43.798 [Debug] StatusChanged: [NetIncomingMessage #0 10 bytes] [Disconnecting]

--------------------------------------------------------------------------------
2022-12-14 02:28:43.803 [Debug] StatusChanged: [NetIncomingMessage #0 14 bytes] [Disconnected]

--------------------------------------------------------------------------------
2022-12-14 02:28:43.839 [Info] Acquiring context lock... (0ms)

--------------------------------------------------------------------------------
2022-12-14 02:28:43.839 [Info] Acquired. (0ms)

--------------------------------------------------------------------------------
2022-12-14 02:28:43.839 [Info] Beginning context dispose. (0ms)

--------------------------------------------------------------------------------
2022-12-14 02:28:43.840 [Info] GC.SuppressFinalize (0ms)

--------------------------------------------------------------------------------
2022-12-14 02:28:43.840 [Info] InternalDispose() completed. (0ms)

--------------------------------------------------------------------------------
2022-12-14 02:28:43.840 [Info] Clearing instance... (0ms)

--------------------------------------------------------------------------------
2022-12-14 02:28:43.840 [Info] Releasing context lock... (1ms)

--------------------------------------------------------------------------------
2022-12-14 02:28:43.840 [Info] Released. (1ms)

--------------------------------------------------------------------------------
