2023-01-30 17:41:15.308 [Warn] Directory was specified as a plugin directory but does not exist: 'resources\plugins'

--------------------------------------------------------------------------------
2023-01-30 17:41:15.313 [Info] Discovered 0 plugins:


--------------------------------------------------------------------------------
2023-01-30 17:41:15.869 [Info] Connecting to 26.82.96.248:5400...

--------------------------------------------------------------------------------
2023-01-30 17:41:16.194 [Info] Connection approved [00000000-0000-0000-0000-000000000000].

--------------------------------------------------------------------------------
2023-01-30 17:41:16.231 [Debug] approval Time=123804 Offset=63810697152366 Real=63810697276170

--------------------------------------------------------------------------------
2023-01-30 17:41:16.231 [Debug] local Time=123804 Offset=63810697152426 Real=63810697276231

--------------------------------------------------------------------------------
2023-01-30 17:41:16.231 [Debug] real delta=60

--------------------------------------------------------------------------------
2023-01-30 17:41:16.231 [Debug] this.Statistics.Ping=0 NCPing=0

--------------------------------------------------------------------------------
2023-01-30 17:41:16.232 [Debug] Connection established to remote [00000000-0000-0000-0000-000000000000/26.82.96.248:5400].

--------------------------------------------------------------------------------
2023-01-30 17:41:16.232 [Info] Connected [00000000-0000-0000-0000-000000000000].

--------------------------------------------------------------------------------
2023-01-30 17:41:17.385 [Info] System window closing (due to user interaction most likely).

--------------------------------------------------------------------------------
2023-01-30 17:41:17.386 [Debug] StatusChanged: [NetIncomingMessage #2 10 bytes] [Disconnecting]

--------------------------------------------------------------------------------
2023-01-30 17:41:17.389 [Debug] StatusChanged: [NetIncomingMessage #0 14 bytes] [Disconnected]

--------------------------------------------------------------------------------
2023-01-30 17:41:17.427 [Info] Acquiring context lock... (0ms)

--------------------------------------------------------------------------------
2023-01-30 17:41:17.427 [Info] Acquired. (0ms)

--------------------------------------------------------------------------------
2023-01-30 17:41:17.428 [Info] Beginning context dispose. (0ms)

--------------------------------------------------------------------------------
2023-01-30 17:41:17.428 [Info] GC.SuppressFinalize (0ms)

--------------------------------------------------------------------------------
2023-01-30 17:41:17.428 [Info] InternalDispose() completed. (0ms)

--------------------------------------------------------------------------------
2023-01-30 17:41:17.428 [Info] Clearing instance... (0ms)

--------------------------------------------------------------------------------
2023-01-30 17:41:17.428 [Info] Releasing context lock... (0ms)

--------------------------------------------------------------------------------
2023-01-30 17:41:17.428 [Info] Released. (0ms)

--------------------------------------------------------------------------------
