2022-12-25 10:23:18.832 [Info] Connecting to 127.0.0.1:5400...

--------------------------------------------------------------------------------
2022-12-25 10:23:19.141 [Info] Connection approved [00000000-0000-0000-0000-000000000000].

--------------------------------------------------------------------------------
2022-12-25 10:23:19.186 [Debug] approval Time=447624 Offset=63807560151500 Real=63807560599125

--------------------------------------------------------------------------------
2022-12-25 10:23:19.186 [Debug] local Time=447624 Offset=63807560151562 Real=63807560599186

--------------------------------------------------------------------------------
2022-12-25 10:23:19.186 [Debug] real delta=61

--------------------------------------------------------------------------------
2022-12-25 10:23:19.186 [Debug] this.Statistics.Ping=0 NCPing=2

--------------------------------------------------------------------------------
2022-12-25 10:23:19.188 [Debug] Connection established to remote [00000000-0000-0000-0000-000000000000/127.0.0.1:5400].

--------------------------------------------------------------------------------
2022-12-25 10:23:19.188 [Info] Connected [00000000-0000-0000-0000-000000000000].

--------------------------------------------------------------------------------
2022-12-25 10:51:33.787 [Debug] StatusChanged: [NetIncomingMessage #0 10 bytes] [Disconnecting]

--------------------------------------------------------------------------------
2022-12-25 10:51:33.873 [Debug] StatusChanged: [NetIncomingMessage #0 10 bytes] [Disconnected]

--------------------------------------------------------------------------------
2022-12-25 10:51:33.874 [Debug] Connection terminated to remote [00000000-0000-0000-0000-000000000000/127.0.0.1:5400].

--------------------------------------------------------------------------------
2022-12-25 10:51:33.874 [Info] Disconnected [00000000-0000-0000-0000-000000000000].

--------------------------------------------------------------------------------
