2022-12-14 09:22:20.552 [Warn] Directory was specified as a plugin directory but does not exist: 'resources\plugins'

--------------------------------------------------------------------------------
2022-12-14 09:22:20.555 [Info] Discovered 0 plugins:


--------------------------------------------------------------------------------
2022-12-14 09:22:21.256 [Info] Connecting to 127.0.0.1:5400...

--------------------------------------------------------------------------------
2022-12-14 09:22:21.544 [Info] Connection approved [00000000-0000-0000-0000-000000000000].

--------------------------------------------------------------------------------
2022-12-14 09:22:21.588 [Debug] approval Time=3716448 Offset=63806602825084 Real=63806606541532

--------------------------------------------------------------------------------
2022-12-14 09:22:21.588 [Debug] local Time=3716448 Offset=63806602825140 Real=63806606541588

--------------------------------------------------------------------------------
2022-12-14 09:22:21.588 [Debug] real delta=56

--------------------------------------------------------------------------------
2022-12-14 09:22:21.588 [Debug] this.Statistics.Ping=0 NCPing=1

--------------------------------------------------------------------------------
2022-12-14 09:22:21.589 [Debug] Connection established to remote [00000000-0000-0000-0000-000000000000/127.0.0.1:5400].

--------------------------------------------------------------------------------
2022-12-14 09:22:21.589 [Info] Connected [00000000-0000-0000-0000-000000000000].

--------------------------------------------------------------------------------
2022-12-14 09:22:24.245 [Warn] 'Me' is null.

--------------------------------------------------------------------------------
2022-12-14 09:22:24.418 [Debug] received epp: 3719089

--------------------------------------------------------------------------------
2022-12-14 09:28:23.514 [Info] System window closing (due to user interaction most likely).

--------------------------------------------------------------------------------
2022-12-14 09:28:23.516 [Debug] StatusChanged: [NetIncomingMessage #0 10 bytes] [Disconnecting]

--------------------------------------------------------------------------------
2022-12-14 09:28:23.519 [Debug] StatusChanged: [NetIncomingMessage #0 10 bytes] [Disconnected]

--------------------------------------------------------------------------------
2022-12-14 09:28:23.561 [Info] Acquiring context lock... (0ms)

--------------------------------------------------------------------------------
2022-12-14 09:28:23.561 [Info] Acquired. (0ms)

--------------------------------------------------------------------------------
2022-12-14 09:28:23.561 [Info] Beginning context dispose. (0ms)

--------------------------------------------------------------------------------
2022-12-14 09:28:23.562 [Info] GC.SuppressFinalize (0ms)

--------------------------------------------------------------------------------
2022-12-14 09:28:23.562 [Info] InternalDispose() completed. (0ms)

--------------------------------------------------------------------------------
2022-12-14 09:28:23.562 [Info] Clearing instance... (1ms)

--------------------------------------------------------------------------------
2022-12-14 09:28:23.562 [Info] Releasing context lock... (1ms)

--------------------------------------------------------------------------------
2022-12-14 09:28:23.562 [Info] Released. (1ms)

--------------------------------------------------------------------------------
