2023-02-04 05:24:15.689 [Warn] Directory was specified as a plugin directory but does not exist: 'resources\plugins'

--------------------------------------------------------------------------------
2023-02-04 05:24:15.695 [Info] Discovered 0 plugins:


--------------------------------------------------------------------------------
2023-02-04 05:24:16.524 [Info] Connecting to 26.82.96.248:5400...

--------------------------------------------------------------------------------
2023-02-04 05:24:16.774 [Info] Connection approved [00000000-0000-0000-0000-000000000000].

--------------------------------------------------------------------------------
2023-02-04 05:24:16.815 [Debug] approval Time=68408 Offset=63811084988360 Real=63811085056768

--------------------------------------------------------------------------------
2023-02-04 05:24:16.815 [Debug] local Time=68408 Offset=63811084988407 Real=63811085056815

--------------------------------------------------------------------------------
2023-02-04 05:24:16.815 [Debug] real delta=46

--------------------------------------------------------------------------------
2023-02-04 05:24:16.815 [Debug] this.Statistics.Ping=0 NCPing=2

--------------------------------------------------------------------------------
2023-02-04 05:24:16.817 [Debug] Connection established to remote [00000000-0000-0000-0000-000000000000/26.82.96.248:5400].

--------------------------------------------------------------------------------
2023-02-04 05:24:16.817 [Info] Connected [00000000-0000-0000-0000-000000000000].

--------------------------------------------------------------------------------
2023-02-04 05:24:19.058 [Warn] 'Me' is null.

--------------------------------------------------------------------------------
2023-02-04 05:24:19.232 [Debug] received epp: 70638

--------------------------------------------------------------------------------
2023-02-04 05:25:38.443 [Info] System window closing (due to user interaction most likely).

--------------------------------------------------------------------------------
2023-02-04 05:25:38.444 [Debug] StatusChanged: [NetIncomingMessage #321 10 bytes] [Disconnecting]

--------------------------------------------------------------------------------
2023-02-04 05:25:38.449 [Debug] StatusChanged: [NetIncomingMessage #322 14 bytes] [Disconnected]

--------------------------------------------------------------------------------
2023-02-04 05:25:38.506 [Info] Acquiring context lock... (0ms)

--------------------------------------------------------------------------------
2023-02-04 05:25:38.507 [Info] Acquired. (0ms)

--------------------------------------------------------------------------------
2023-02-04 05:25:38.507 [Info] Beginning context dispose. (0ms)

--------------------------------------------------------------------------------
2023-02-04 05:25:38.507 [Info] GC.SuppressFinalize (0ms)

--------------------------------------------------------------------------------
2023-02-04 05:25:38.507 [Info] InternalDispose() completed. (0ms)

--------------------------------------------------------------------------------
2023-02-04 05:25:38.507 [Info] Clearing instance... (1ms)

--------------------------------------------------------------------------------
2023-02-04 05:25:38.508 [Info] Releasing context lock... (1ms)

--------------------------------------------------------------------------------
2023-02-04 05:25:38.508 [Info] Released. (1ms)

--------------------------------------------------------------------------------
