2023-01-03 13:53:51.775 [Info] Connecting to 26.82.96.248:5400...

--------------------------------------------------------------------------------
2023-01-03 13:53:52.571 [Info] Connection approved [00000000-0000-0000-0000-000000000000].

--------------------------------------------------------------------------------
2023-01-03 13:53:52.626 [Debug] approval Time=110497 Offset=63808350722018 Real=63808350832516

--------------------------------------------------------------------------------
2023-01-03 13:53:52.626 [Debug] local Time=110497 Offset=63808350722128 Real=63808350832626

--------------------------------------------------------------------------------
2023-01-03 13:53:52.626 [Debug] real delta=109

--------------------------------------------------------------------------------
2023-01-03 13:53:52.626 [Debug] this.Statistics.Ping=0 NCPing=3

--------------------------------------------------------------------------------
2023-01-03 13:53:52.628 [Debug] Connection established to remote [00000000-0000-0000-0000-000000000000/26.82.96.248:5400].

--------------------------------------------------------------------------------
2023-01-03 13:53:52.628 [Info] Connected [00000000-0000-0000-0000-000000000000].

--------------------------------------------------------------------------------
2023-01-03 14:00:00.175 [Debug] StatusChanged: [NetIncomingMessage #0 10 bytes] [Disconnecting]

--------------------------------------------------------------------------------
2023-01-03 14:00:00.196 [Debug] StatusChanged: [NetIncomingMessage #0 10 bytes] [Disconnected]

--------------------------------------------------------------------------------
2023-01-03 14:00:00.196 [Debug] Connection terminated to remote [00000000-0000-0000-0000-000000000000/26.82.96.248:5400].

--------------------------------------------------------------------------------
2023-01-03 14:00:00.197 [Info] Disconnected [00000000-0000-0000-0000-000000000000].

--------------------------------------------------------------------------------
