2023-01-29 06:04:06.595 [Warn] Directory was specified as a plugin directory but does not exist: 'resources\plugins'

--------------------------------------------------------------------------------
2023-01-29 06:04:06.607 [Info] Discovered 0 plugins:


--------------------------------------------------------------------------------
2023-01-29 06:04:08.121 [Info] Connecting to 26.82.96.248:5400...

--------------------------------------------------------------------------------
2023-01-29 06:04:13.385 [Info] System window closing (due to user interaction most likely).

--------------------------------------------------------------------------------
2023-01-29 06:04:13.391 [Debug] StatusChanged: [NetIncomingMessage #0 10 bytes] [Disconnecting]

--------------------------------------------------------------------------------
2023-01-29 06:04:13.396 [Debug] StatusChanged: [NetIncomingMessage #0 14 bytes] [Disconnected]

--------------------------------------------------------------------------------
2023-01-29 06:04:13.403 [Debug] Unknown client disconnected (00-00-00-00-00-00-00-00).

--------------------------------------------------------------------------------
2023-01-29 06:04:13.404 [Info] Disconnected [00000000-0000-0000-0000-000000000000].

--------------------------------------------------------------------------------
2023-01-29 06:04:13.429 [Info] Acquiring context lock... (0ms)

--------------------------------------------------------------------------------
2023-01-29 06:04:13.429 [Info] Acquired. (0ms)

--------------------------------------------------------------------------------
2023-01-29 06:04:13.430 [Info] Beginning context dispose. (0ms)

--------------------------------------------------------------------------------
2023-01-29 06:04:13.431 [Info] GC.SuppressFinalize (0ms)

--------------------------------------------------------------------------------
2023-01-29 06:04:13.431 [Info] InternalDispose() completed. (0ms)

--------------------------------------------------------------------------------
2023-01-29 06:04:13.431 [Info] Clearing instance... (2ms)

--------------------------------------------------------------------------------
2023-01-29 06:04:13.431 [Info] Releasing context lock... (2ms)

--------------------------------------------------------------------------------
2023-01-29 06:04:13.431 [Info] Released. (2ms)

--------------------------------------------------------------------------------
