2023-02-04 06:18:39.037 [Warn] Directory was specified as a plugin directory but does not exist: 'resources\plugins'

--------------------------------------------------------------------------------
2023-02-04 06:18:39.037 [Info] Discovered 0 plugins:


--------------------------------------------------------------------------------
2023-02-04 06:18:39.921 [Info] Connecting to 26.82.96.248:5400...

--------------------------------------------------------------------------------
2023-02-04 06:18:40.223 [Info] Connection approved [00000000-0000-0000-0000-000000000000].

--------------------------------------------------------------------------------
2023-02-04 06:18:40.262 [Debug] approval Time=3331841 Offset=63811084988360 Real=63811088320201

--------------------------------------------------------------------------------
2023-02-04 06:18:40.262 [Debug] local Time=3331841 Offset=63811084988421 Real=63811088320262

--------------------------------------------------------------------------------
2023-02-04 06:18:40.262 [Debug] real delta=60

--------------------------------------------------------------------------------
2023-02-04 06:18:40.262 [Debug] this.Statistics.Ping=0 NCPing=3

--------------------------------------------------------------------------------
2023-02-04 06:18:40.264 [Debug] Connection established to remote [00000000-0000-0000-0000-000000000000/26.82.96.248:5400].

--------------------------------------------------------------------------------
2023-02-04 06:18:40.264 [Info] Connected [00000000-0000-0000-0000-000000000000].

--------------------------------------------------------------------------------
2023-02-04 06:18:42.028 [Warn] 'Me' is null.

--------------------------------------------------------------------------------
2023-02-04 06:18:42.203 [Debug] received epp: 3333613

--------------------------------------------------------------------------------
2023-02-04 06:18:59.027 [Debug] StatusChanged: [NetIncomingMessage #280 10 bytes] [Disconnected]

--------------------------------------------------------------------------------
2023-02-04 06:18:59.027 [Debug] Connection terminated to remote [00000000-0000-0000-0000-000000000000/26.82.96.248:5400].

--------------------------------------------------------------------------------
2023-02-04 06:18:59.027 [Info] Disconnected [00000000-0000-0000-0000-000000000000].

--------------------------------------------------------------------------------
2023-02-04 06:18:59.029 [Info] Connecting to 26.82.96.248:5400...

--------------------------------------------------------------------------------
2023-02-04 06:18:59.152 [Info] Connection approved [00000000-0000-0000-0000-000000000000].

--------------------------------------------------------------------------------
2023-02-04 06:18:59.153 [Debug] approval Time=3350786 Offset=63811084988360 Real=63811088339146

--------------------------------------------------------------------------------
2023-02-04 06:18:59.153 [Debug] local Time=3350786 Offset=63811084988353 Real=63811088339139

--------------------------------------------------------------------------------
2023-02-04 06:18:59.153 [Debug] real delta=-7

--------------------------------------------------------------------------------
2023-02-04 06:18:59.153 [Debug] this.Statistics.Ping=0 NCPing=0

--------------------------------------------------------------------------------
2023-02-04 06:18:59.153 [Debug] Connection established to remote [00000000-0000-0000-0000-000000000000/26.82.96.248:5400].

--------------------------------------------------------------------------------
2023-02-04 06:18:59.153 [Info] Connected [00000000-0000-0000-0000-000000000000].

--------------------------------------------------------------------------------
2023-02-04 06:19:07.670 [Warn] 'Me' is null.

--------------------------------------------------------------------------------
2023-02-04 06:19:07.672 [Debug] received epp: 3359303

--------------------------------------------------------------------------------
2023-02-04 06:19:07.693 [Warn] 'GameUi' is null.

--------------------------------------------------------------------------------
2023-02-04 06:19:07.693 [Warn] 'GameUi' is null.

--------------------------------------------------------------------------------
2023-02-04 06:25:24.977 [Debug] received epp: 3736582

--------------------------------------------------------------------------------
2023-02-04 06:29:34.783 [Debug] StatusChanged: [NetIncomingMessage #297 10 bytes] [Disconnected]

--------------------------------------------------------------------------------
2023-02-04 06:29:34.783 [Debug] Connection terminated to remote [00000000-0000-0000-0000-000000000000/26.82.96.248:5400].

--------------------------------------------------------------------------------
2023-02-04 06:29:34.783 [Info] Disconnected [00000000-0000-0000-0000-000000000000].

--------------------------------------------------------------------------------
2023-02-04 06:29:34.784 [Info] Connecting to 26.82.96.248:5400...

--------------------------------------------------------------------------------
2023-02-04 06:29:34.952 [Info] Connection approved [00000000-0000-0000-0000-000000000000].

--------------------------------------------------------------------------------
2023-02-04 06:29:34.953 [Debug] approval Time=3986576 Offset=63811084988360 Real=63811088974937

--------------------------------------------------------------------------------
2023-02-04 06:29:34.953 [Debug] local Time=3986576 Offset=63811084988376 Real=63811088974953

--------------------------------------------------------------------------------
2023-02-04 06:29:34.953 [Debug] real delta=16

--------------------------------------------------------------------------------
2023-02-04 06:29:34.953 [Debug] this.Statistics.Ping=0 NCPing=0

--------------------------------------------------------------------------------
2023-02-04 06:29:34.953 [Debug] Connection established to remote [00000000-0000-0000-0000-000000000000/26.82.96.248:5400].

--------------------------------------------------------------------------------
2023-02-04 06:29:34.953 [Info] Connected [00000000-0000-0000-0000-000000000000].

--------------------------------------------------------------------------------
2023-02-04 06:30:00.593 [Warn] 'Me' is null.

--------------------------------------------------------------------------------
2023-02-04 06:30:00.595 [Debug] received epp: 4012217

--------------------------------------------------------------------------------
2023-02-04 06:30:00.614 [Warn] 'GameUi' is null.

--------------------------------------------------------------------------------
2023-02-04 06:30:00.615 [Warn] 'GameUi' is null.

--------------------------------------------------------------------------------
2023-02-04 06:30:16.575 [Info] System window closing (due to user interaction most likely).

--------------------------------------------------------------------------------
2023-02-04 06:30:16.576 [Debug] StatusChanged: [NetIncomingMessage #259 10 bytes] [Disconnecting]

--------------------------------------------------------------------------------
2023-02-04 06:30:16.580 [Debug] StatusChanged: [NetIncomingMessage #260 14 bytes] [Disconnected]

--------------------------------------------------------------------------------
2023-02-04 06:30:16.627 [Info] Acquiring context lock... (0ms)

--------------------------------------------------------------------------------
2023-02-04 06:30:16.628 [Info] Acquired. (0ms)

--------------------------------------------------------------------------------
2023-02-04 06:30:16.629 [Info] Beginning context dispose. (0ms)

--------------------------------------------------------------------------------
2023-02-04 06:30:16.630 [Info] GC.SuppressFinalize (0ms)

--------------------------------------------------------------------------------
2023-02-04 06:30:16.630 [Info] InternalDispose() completed. (0ms)

--------------------------------------------------------------------------------
2023-02-04 06:30:16.631 [Info] Clearing instance... (2ms)

--------------------------------------------------------------------------------
2023-02-04 06:30:16.631 [Info] Releasing context lock... (2ms)

--------------------------------------------------------------------------------
2023-02-04 06:30:16.631 [Info] Released. (2ms)

--------------------------------------------------------------------------------
