2023-01-24 04:49:47.049 [Warn] Directory was specified as a plugin directory but does not exist: 'resources\plugins'

--------------------------------------------------------------------------------
2023-01-24 04:49:47.054 [Info] Discovered 0 plugins:


--------------------------------------------------------------------------------
2023-01-24 04:49:47.707 [Info] Connecting to 26.82.96.248:5400...

--------------------------------------------------------------------------------
2023-01-24 04:49:47.979 [Info] Connection approved [00000000-0000-0000-0000-000000000000].

--------------------------------------------------------------------------------
2023-01-24 04:49:48.019 [Debug] approval Time=39282 Offset=63810132548683 Real=63810132587965

--------------------------------------------------------------------------------
2023-01-24 04:49:48.019 [Debug] local Time=39282 Offset=63810132548736 Real=63810132588019

--------------------------------------------------------------------------------
2023-01-24 04:49:48.019 [Debug] real delta=53

--------------------------------------------------------------------------------
2023-01-24 04:49:48.019 [Debug] this.Statistics.Ping=0 NCPing=1

--------------------------------------------------------------------------------
2023-01-24 04:49:48.021 [Debug] Connection established to remote [00000000-0000-0000-0000-000000000000/26.82.96.248:5400].

--------------------------------------------------------------------------------
2023-01-24 04:49:48.021 [Info] Connected [00000000-0000-0000-0000-000000000000].

--------------------------------------------------------------------------------
2023-01-24 04:49:59.720 [Warn] 'Me' is null.

--------------------------------------------------------------------------------
2023-01-24 04:49:59.964 [Debug] received epp: 51172

--------------------------------------------------------------------------------
2023-01-24 04:50:04.662 [Debug] received epp: 55958

--------------------------------------------------------------------------------
2023-01-24 04:58:49.751 [Info] System window closing (due to user interaction most likely).

--------------------------------------------------------------------------------
2023-01-24 04:58:50.764 [Info] System window closing (due to user interaction most likely).

--------------------------------------------------------------------------------
2023-01-24 04:58:50.766 [Debug] StatusChanged: [NetIncomingMessage #179 10 bytes] [Disconnecting]

--------------------------------------------------------------------------------
2023-01-24 04:58:50.771 [Debug] StatusChanged: [NetIncomingMessage #0 14 bytes] [Disconnected]

--------------------------------------------------------------------------------
2023-01-24 04:58:50.831 [Info] Acquiring context lock... (0ms)

--------------------------------------------------------------------------------
2023-01-24 04:58:50.831 [Info] Acquired. (0ms)

--------------------------------------------------------------------------------
2023-01-24 04:58:50.835 [Info] Beginning context dispose. (0ms)

--------------------------------------------------------------------------------
2023-01-24 04:58:50.835 [Info] GC.SuppressFinalize (0ms)

--------------------------------------------------------------------------------
2023-01-24 04:58:50.835 [Info] InternalDispose() completed. (0ms)

--------------------------------------------------------------------------------
2023-01-24 04:58:50.835 [Info] Clearing instance... (2ms)

--------------------------------------------------------------------------------
2023-01-24 04:58:50.835 [Info] Releasing context lock... (2ms)

--------------------------------------------------------------------------------
2023-01-24 04:58:50.835 [Info] Released. (2ms)

--------------------------------------------------------------------------------
