2023-01-30 17:40:18.214 [Warn] Directory was specified as a plugin directory but does not exist: 'resources\plugins'

--------------------------------------------------------------------------------
2023-01-30 17:40:18.218 [Info] Discovered 0 plugins:


--------------------------------------------------------------------------------
2023-01-30 17:40:18.916 [Info] Connecting to 26.82.96.248:5400...

--------------------------------------------------------------------------------
2023-01-30 17:40:19.182 [Info] Connection approved [00000000-0000-0000-0000-000000000000].

--------------------------------------------------------------------------------
2023-01-30 17:40:19.228 [Debug] approval Time=66809 Offset=63810697152366 Real=63810697219175

--------------------------------------------------------------------------------
2023-01-30 17:40:19.228 [Debug] local Time=66809 Offset=63810697152419 Real=63810697219228

--------------------------------------------------------------------------------
2023-01-30 17:40:19.228 [Debug] real delta=53

--------------------------------------------------------------------------------
2023-01-30 17:40:19.228 [Debug] this.Statistics.Ping=0 NCPing=1

--------------------------------------------------------------------------------
2023-01-30 17:40:19.230 [Debug] Connection established to remote [00000000-0000-0000-0000-000000000000/26.82.96.248:5400].

--------------------------------------------------------------------------------
2023-01-30 17:40:19.230 [Info] Connected [00000000-0000-0000-0000-000000000000].

--------------------------------------------------------------------------------
2023-01-30 17:40:19.374 [Warn] Missing strings, overwriting strings file:
	ItemDescription.Rarity[Phổ biến],
	ItemDescription.Rarity[Ít phổ biến],
	ItemDescription.Rarity[Hiếm],
	ItemDescription.Rarity[Cổ],
	ItemDescription.Rarity[Huyền thoại],
	ItemDescription.Rarity[Huyền bí],
	ItemDescription.Rarity[Độc lạ]

--------------------------------------------------------------------------------
2023-01-30 17:40:22.924 [Warn] 'Me' is null.

--------------------------------------------------------------------------------
2023-01-30 17:40:23.158 [Debug] received epp: 70696

--------------------------------------------------------------------------------
2023-01-30 17:41:13.189 [Info] System window closing (due to user interaction most likely).

--------------------------------------------------------------------------------
2023-01-30 17:41:13.191 [Debug] StatusChanged: [NetIncomingMessage #815 10 bytes] [Disconnecting]

--------------------------------------------------------------------------------
2023-01-30 17:41:13.196 [Debug] StatusChanged: [NetIncomingMessage #816 14 bytes] [Disconnected]

--------------------------------------------------------------------------------
2023-01-30 17:41:13.237 [Info] Acquiring context lock... (0ms)

--------------------------------------------------------------------------------
2023-01-30 17:41:13.237 [Info] Acquired. (0ms)

--------------------------------------------------------------------------------
2023-01-30 17:41:13.238 [Info] Beginning context dispose. (0ms)

--------------------------------------------------------------------------------
2023-01-30 17:41:13.238 [Info] GC.SuppressFinalize (0ms)

--------------------------------------------------------------------------------
2023-01-30 17:41:13.238 [Info] InternalDispose() completed. (0ms)

--------------------------------------------------------------------------------
2023-01-30 17:41:13.238 [Info] Clearing instance... (0ms)

--------------------------------------------------------------------------------
2023-01-30 17:41:13.238 [Info] Releasing context lock... (0ms)

--------------------------------------------------------------------------------
2023-01-30 17:41:13.238 [Info] Released. (0ms)

--------------------------------------------------------------------------------
