2022-12-14 02:47:23.323 [Warn] Directory was specified as a plugin directory but does not exist: 'resources\plugins'

--------------------------------------------------------------------------------
2022-12-14 02:47:23.328 [Info] Discovered 0 plugins:


--------------------------------------------------------------------------------
2022-12-14 02:47:24.099 [Info] Connecting to 127.0.0.1:5400...

--------------------------------------------------------------------------------
2022-12-14 02:47:24.497 [Info] Connection approved [00000000-0000-0000-0000-000000000000].

--------------------------------------------------------------------------------
2022-12-14 02:47:24.558 [Debug] approval Time=3776864 Offset=63806579067612 Real=63806582844477

--------------------------------------------------------------------------------
2022-12-14 02:47:24.559 [Debug] local Time=3776864 Offset=63806579067693 Real=63806582844558

--------------------------------------------------------------------------------
2022-12-14 02:47:24.559 [Debug] real delta=81

--------------------------------------------------------------------------------
2022-12-14 02:47:24.559 [Debug] this.Statistics.Ping=0 NCPing=1

--------------------------------------------------------------------------------
2022-12-14 02:47:24.560 [Debug] Connection established to remote [00000000-0000-0000-0000-000000000000/127.0.0.1:5400].

--------------------------------------------------------------------------------
2022-12-14 02:47:24.560 [Info] Connected [00000000-0000-0000-0000-000000000000].

--------------------------------------------------------------------------------
2022-12-14 03:04:58.954 [Info] System window closing (due to user interaction most likely).

--------------------------------------------------------------------------------
2022-12-14 03:04:58.955 [Debug] StatusChanged: [NetIncomingMessage #0 10 bytes] [Disconnecting]

--------------------------------------------------------------------------------
2022-12-14 03:04:58.960 [Debug] StatusChanged: [NetIncomingMessage #0 14 bytes] [Disconnected]

--------------------------------------------------------------------------------
2022-12-14 03:04:59.015 [Info] Acquiring context lock... (0ms)

--------------------------------------------------------------------------------
2022-12-14 03:04:59.015 [Info] Acquired. (0ms)

--------------------------------------------------------------------------------
2022-12-14 03:04:59.016 [Info] Beginning context dispose. (0ms)

--------------------------------------------------------------------------------
2022-12-14 03:04:59.016 [Info] GC.SuppressFinalize (0ms)

--------------------------------------------------------------------------------
2022-12-14 03:04:59.016 [Info] InternalDispose() completed. (0ms)

--------------------------------------------------------------------------------
2022-12-14 03:04:59.016 [Info] Clearing instance... (0ms)

--------------------------------------------------------------------------------
2022-12-14 03:04:59.016 [Info] Releasing context lock... (0ms)

--------------------------------------------------------------------------------
2022-12-14 03:04:59.016 [Info] Released. (1ms)

--------------------------------------------------------------------------------
