2023-02-03 10:33:51.781 [Warn] Directory was specified as a plugin directory but does not exist: 'resources\plugins'

--------------------------------------------------------------------------------
2023-02-03 10:33:51.796 [Info] Discovered 0 plugins:


--------------------------------------------------------------------------------
2023-02-03 10:33:52.639 [Info] Connecting to 26.82.96.248:5400...

--------------------------------------------------------------------------------
2023-02-03 10:33:52.914 [Info] Connection approved [00000000-0000-0000-0000-000000000000].

--------------------------------------------------------------------------------
2023-02-03 10:33:52.961 [Debug] approval Time=58242 Offset=63811017174663 Real=63811017232906

--------------------------------------------------------------------------------
2023-02-03 10:33:52.961 [Debug] local Time=58242 Offset=63811017174719 Real=63811017232961

--------------------------------------------------------------------------------
2023-02-03 10:33:52.961 [Debug] real delta=55

--------------------------------------------------------------------------------
2023-02-03 10:33:52.961 [Debug] this.Statistics.Ping=0 NCPing=2

--------------------------------------------------------------------------------
2023-02-03 10:33:52.964 [Debug] Connection established to remote [00000000-0000-0000-0000-000000000000/26.82.96.248:5400].

--------------------------------------------------------------------------------
2023-02-03 10:33:52.964 [Info] Connected [00000000-0000-0000-0000-000000000000].

--------------------------------------------------------------------------------
2023-02-03 10:33:54.816 [Warn] 'Me' is null.

--------------------------------------------------------------------------------
2023-02-03 10:33:55.002 [Debug] received epp: 60101

--------------------------------------------------------------------------------
2023-02-03 10:34:30.512 [Info] System window closing (due to user interaction most likely).

--------------------------------------------------------------------------------
2023-02-03 10:34:30.513 [Debug] StatusChanged: [NetIncomingMessage #647 10 bytes] [Disconnecting]

--------------------------------------------------------------------------------
2023-02-03 10:34:30.519 [Debug] StatusChanged: [NetIncomingMessage #648 14 bytes] [Disconnected]

--------------------------------------------------------------------------------
2023-02-03 10:34:30.566 [Info] Acquiring context lock... (0ms)

--------------------------------------------------------------------------------
2023-02-03 10:34:30.566 [Info] Acquired. (0ms)

--------------------------------------------------------------------------------
2023-02-03 10:34:30.566 [Info] Beginning context dispose. (0ms)

--------------------------------------------------------------------------------
2023-02-03 10:34:30.566 [Info] GC.SuppressFinalize (0ms)

--------------------------------------------------------------------------------
2023-02-03 10:34:30.566 [Info] InternalDispose() completed. (0ms)

--------------------------------------------------------------------------------
2023-02-03 10:34:30.566 [Info] Clearing instance... (1ms)

--------------------------------------------------------------------------------
2023-02-03 10:34:30.566 [Info] Releasing context lock... (1ms)

--------------------------------------------------------------------------------
2023-02-03 10:34:30.566 [Info] Released. (1ms)

--------------------------------------------------------------------------------
