2023-02-03 15:42:24.976 [Warn] Directory was specified as a plugin directory but does not exist: 'resources\plugins'

--------------------------------------------------------------------------------
2023-02-03 15:42:24.981 [Info] Discovered 0 plugins:


--------------------------------------------------------------------------------
2023-02-03 15:42:26.199 [Info] Connecting to 26.82.96.248:5400...

--------------------------------------------------------------------------------
2023-02-03 15:42:26.483 [Info] Connection approved [00000000-0000-0000-0000-000000000000].

--------------------------------------------------------------------------------
2023-02-03 15:42:26.524 [Debug] approval Time=18571811 Offset=63811017174663 Real=63811035746474

--------------------------------------------------------------------------------
2023-02-03 15:42:26.524 [Debug] local Time=18571811 Offset=63811017174713 Real=63811035746524

--------------------------------------------------------------------------------
2023-02-03 15:42:26.524 [Debug] real delta=50

--------------------------------------------------------------------------------
2023-02-03 15:42:26.524 [Debug] this.Statistics.Ping=0 NCPing=1

--------------------------------------------------------------------------------
2023-02-03 15:42:26.526 [Debug] Connection established to remote [00000000-0000-0000-0000-000000000000/26.82.96.248:5400].

--------------------------------------------------------------------------------
2023-02-03 15:42:26.526 [Info] Connected [00000000-0000-0000-0000-000000000000].

--------------------------------------------------------------------------------
2023-02-03 15:42:28.600 [Warn] 'Me' is null.

--------------------------------------------------------------------------------
2023-02-03 15:42:28.787 [Debug] received epp: 18573877

--------------------------------------------------------------------------------
2023-02-03 15:45:50.787 [Info] System window closing (due to user interaction most likely).

--------------------------------------------------------------------------------
2023-02-03 15:45:50.789 [Debug] StatusChanged: [NetIncomingMessage #84 10 bytes] [Disconnecting]

--------------------------------------------------------------------------------
2023-02-03 15:45:50.791 [Debug] StatusChanged: [NetIncomingMessage #85 10 bytes] [Disconnected]

--------------------------------------------------------------------------------
2023-02-03 15:45:50.865 [Info] Acquiring context lock... (0ms)

--------------------------------------------------------------------------------
2023-02-03 15:45:50.865 [Info] Acquired. (0ms)

--------------------------------------------------------------------------------
2023-02-03 15:45:50.866 [Info] Beginning context dispose. (0ms)

--------------------------------------------------------------------------------
2023-02-03 15:45:50.866 [Info] GC.SuppressFinalize (0ms)

--------------------------------------------------------------------------------
2023-02-03 15:45:50.866 [Info] InternalDispose() completed. (0ms)

--------------------------------------------------------------------------------
2023-02-03 15:45:50.866 [Info] Clearing instance... (1ms)

--------------------------------------------------------------------------------
2023-02-03 15:45:50.866 [Info] Releasing context lock... (1ms)

--------------------------------------------------------------------------------
2023-02-03 15:45:50.866 [Info] Released. (1ms)

--------------------------------------------------------------------------------
