2023-01-27 16:07:17.764 [Warn] Directory was specified as a plugin directory but does not exist: 'resources\plugins'

--------------------------------------------------------------------------------
2023-01-27 16:07:17.775 [Info] Discovered 0 plugins:


--------------------------------------------------------------------------------
2023-01-27 16:07:19.307 [Info] Connecting to 26.82.96.248:5400...

--------------------------------------------------------------------------------
2023-01-27 16:07:20.085 [Info] Connection approved [00000000-0000-0000-0000-000000000000].

--------------------------------------------------------------------------------
2023-01-27 16:07:20.255 [Debug] approval Time=7729976 Offset=63810424711007 Real=63810432440984

--------------------------------------------------------------------------------
2023-01-27 16:07:20.255 [Debug] local Time=7729976 Offset=63810424710279 Real=63810432440255

--------------------------------------------------------------------------------
2023-01-27 16:07:20.255 [Debug] real delta=-728

--------------------------------------------------------------------------------
2023-01-27 16:07:20.255 [Debug] this.Statistics.Ping=0 NCPing=29

--------------------------------------------------------------------------------
2023-01-27 16:07:20.259 [Debug] Connection established to remote [00000000-0000-0000-0000-000000000000/26.82.96.248:5400].

--------------------------------------------------------------------------------
2023-01-27 16:07:20.259 [Info] Connected [00000000-0000-0000-0000-000000000000].

--------------------------------------------------------------------------------
2023-01-27 16:07:25.763 [Warn] 'Me' is null.

--------------------------------------------------------------------------------
2023-01-27 16:07:26.279 [Debug] received epp: 7735582

--------------------------------------------------------------------------------
2023-01-27 16:08:14.504 [Debug] received epp: 7784379

--------------------------------------------------------------------------------
2023-01-27 16:08:14.570 [Debug] received epp: 7784471

--------------------------------------------------------------------------------
2023-01-27 16:08:14.622 [Debug] received epp: 7784519

--------------------------------------------------------------------------------
2023-01-27 16:09:45.022 [Debug] received epp: 7874878

--------------------------------------------------------------------------------
2023-01-27 16:09:56.386 [Info] User clicked exit button.

--------------------------------------------------------------------------------
2023-01-27 16:09:56.405 [Info] System window closing (due to user interaction most likely).

--------------------------------------------------------------------------------
2023-01-27 16:09:56.407 [Debug] StatusChanged: [NetIncomingMessage #598 10 bytes] [Disconnecting]

--------------------------------------------------------------------------------
2023-01-27 16:09:56.417 [Debug] StatusChanged: [NetIncomingMessage #599 14 bytes] [Disconnected]

--------------------------------------------------------------------------------
2023-01-27 16:09:56.654 [Info] Acquiring context lock... (0ms)

--------------------------------------------------------------------------------
2023-01-27 16:09:56.654 [Info] Acquired. (0ms)

--------------------------------------------------------------------------------
2023-01-27 16:09:56.655 [Info] Beginning context dispose. (0ms)

--------------------------------------------------------------------------------
2023-01-27 16:09:56.656 [Info] GC.SuppressFinalize (0ms)

--------------------------------------------------------------------------------
2023-01-27 16:09:56.656 [Info] InternalDispose() completed. (0ms)

--------------------------------------------------------------------------------
2023-01-27 16:09:56.656 [Info] Clearing instance... (2ms)

--------------------------------------------------------------------------------
2023-01-27 16:09:56.656 [Info] Releasing context lock... (2ms)

--------------------------------------------------------------------------------
2023-01-27 16:09:56.656 [Info] Released. (2ms)

--------------------------------------------------------------------------------
