2023-01-24 06:53:52.737 [Info] Connecting to 26.82.96.248:5400...

--------------------------------------------------------------------------------
2023-01-24 06:53:53.075 [Info] Connection approved [00000000-0000-0000-0000-000000000000].

--------------------------------------------------------------------------------
2023-01-24 06:53:53.115 [Debug] approval Time=7484369 Offset=63810132548683 Real=63810140033053

--------------------------------------------------------------------------------
2023-01-24 06:53:53.115 [Debug] local Time=7484369 Offset=63810132548745 Real=63810140033115

--------------------------------------------------------------------------------
2023-01-24 06:53:53.121 [Debug] real delta=68

--------------------------------------------------------------------------------
2023-01-24 06:53:53.121 [Debug] this.Statistics.Ping=0 NCPing=0

--------------------------------------------------------------------------------
2023-01-24 06:53:53.123 [Debug] Connection established to remote [00000000-0000-0000-0000-000000000000/26.82.96.248:5400].

--------------------------------------------------------------------------------
2023-01-24 06:53:53.123 [Info] Connected [00000000-0000-0000-0000-000000000000].

--------------------------------------------------------------------------------
2023-01-24 06:56:10.450 [Debug] StatusChanged: [NetIncomingMessage #0 10 bytes] [Disconnecting]

--------------------------------------------------------------------------------
2023-01-24 06:56:10.455 [Debug] StatusChanged: [NetIncomingMessage #0 10 bytes] [Disconnected]

--------------------------------------------------------------------------------
2023-01-24 06:56:10.455 [Debug] Connection terminated to remote [00000000-0000-0000-0000-000000000000/26.82.96.248:5400].

--------------------------------------------------------------------------------
2023-01-24 06:56:10.455 [Info] Disconnected [00000000-0000-0000-0000-000000000000].

--------------------------------------------------------------------------------
