2023-02-04 06:05:32.404 [Warn] Directory was specified as a plugin directory but does not exist: 'resources\plugins'

--------------------------------------------------------------------------------
2023-02-04 06:05:32.420 [Info] Discovered 0 plugins:


--------------------------------------------------------------------------------
2023-02-04 06:05:33.103 [Info] Connecting to 26.82.96.248:5400...

--------------------------------------------------------------------------------
2023-02-04 06:05:33.366 [Info] Connection approved [00000000-0000-0000-0000-000000000000].

--------------------------------------------------------------------------------
2023-02-04 06:05:33.409 [Debug] approval Time=2544985 Offset=63811084988360 Real=63811087533346

--------------------------------------------------------------------------------
2023-02-04 06:05:33.409 [Debug] local Time=2544985 Offset=63811084988423 Real=63811087533409

--------------------------------------------------------------------------------
2023-02-04 06:05:33.409 [Debug] real delta=63

--------------------------------------------------------------------------------
2023-02-04 06:05:33.409 [Debug] this.Statistics.Ping=0 NCPing=1

--------------------------------------------------------------------------------
2023-02-04 06:05:33.411 [Debug] Connection established to remote [00000000-0000-0000-0000-000000000000/26.82.96.248:5400].

--------------------------------------------------------------------------------
2023-02-04 06:05:33.411 [Info] Connected [00000000-0000-0000-0000-000000000000].

--------------------------------------------------------------------------------
2023-02-04 06:05:35.418 [Warn] 'Me' is null.

--------------------------------------------------------------------------------
2023-02-04 06:05:35.596 [Debug] received epp: 2547013

--------------------------------------------------------------------------------
2023-02-04 06:05:54.348 [Info] System window closing (due to user interaction most likely).

--------------------------------------------------------------------------------
2023-02-04 06:05:54.349 [Debug] StatusChanged: [NetIncomingMessage #298 10 bytes] [Disconnecting]

--------------------------------------------------------------------------------
2023-02-04 06:05:54.354 [Debug] StatusChanged: [NetIncomingMessage #299 14 bytes] [Disconnected]

--------------------------------------------------------------------------------
2023-02-04 06:05:54.419 [Info] Acquiring context lock... (0ms)

--------------------------------------------------------------------------------
2023-02-04 06:05:54.419 [Info] Acquired. (0ms)

--------------------------------------------------------------------------------
2023-02-04 06:05:54.419 [Info] Beginning context dispose. (0ms)

--------------------------------------------------------------------------------
2023-02-04 06:05:54.419 [Info] GC.SuppressFinalize (0ms)

--------------------------------------------------------------------------------
2023-02-04 06:05:54.419 [Info] InternalDispose() completed. (0ms)

--------------------------------------------------------------------------------
2023-02-04 06:05:54.419 [Info] Clearing instance... (1ms)

--------------------------------------------------------------------------------
2023-02-04 06:05:54.419 [Info] Releasing context lock... (1ms)

--------------------------------------------------------------------------------
2023-02-04 06:05:54.419 [Info] Released. (1ms)

--------------------------------------------------------------------------------
