2023-02-01 03:38:30.782 [Warn] Directory was specified as a plugin directory but does not exist: 'resources\plugins'

--------------------------------------------------------------------------------
2023-02-01 03:38:30.782 [Info] Discovered 0 plugins:


--------------------------------------------------------------------------------
2023-02-01 03:38:31.548 [Info] Connecting to 26.82.96.248:5400...

--------------------------------------------------------------------------------
2023-02-01 03:38:32.046 [Info] Connection approved [00000000-0000-0000-0000-000000000000].

--------------------------------------------------------------------------------
2023-02-01 03:38:32.088 [Debug] approval Time=172782 Offset=63810819339199 Real=63810819511981

--------------------------------------------------------------------------------
2023-02-01 03:38:32.088 [Debug] local Time=172782 Offset=63810819339306 Real=63810819512088

--------------------------------------------------------------------------------
2023-02-01 03:38:32.088 [Debug] real delta=106

--------------------------------------------------------------------------------
2023-02-01 03:38:32.088 [Debug] this.Statistics.Ping=0 NCPing=2

--------------------------------------------------------------------------------
2023-02-01 03:38:32.090 [Debug] Connection established to remote [00000000-0000-0000-0000-000000000000/26.82.96.248:5400].

--------------------------------------------------------------------------------
2023-02-01 03:38:32.090 [Info] Connected [00000000-0000-0000-0000-000000000000].

--------------------------------------------------------------------------------
2023-02-01 03:39:25.044 [Warn] 'Me' is null.

--------------------------------------------------------------------------------
2023-02-01 03:39:25.249 [Debug] received epp: 225950

--------------------------------------------------------------------------------
2023-02-01 03:39:37.384 [Info] System window closing (due to user interaction most likely).

--------------------------------------------------------------------------------
2023-02-01 03:39:37.386 [Debug] StatusChanged: [NetIncomingMessage #244 10 bytes] [Disconnecting]

--------------------------------------------------------------------------------
2023-02-01 03:39:37.390 [Debug] StatusChanged: [NetIncomingMessage #245 14 bytes] [Disconnected]

--------------------------------------------------------------------------------
2023-02-01 03:39:37.426 [Info] Acquiring context lock... (0ms)

--------------------------------------------------------------------------------
2023-02-01 03:39:37.426 [Info] Acquired. (0ms)

--------------------------------------------------------------------------------
2023-02-01 03:39:37.426 [Info] Beginning context dispose. (0ms)

--------------------------------------------------------------------------------
2023-02-01 03:39:37.427 [Info] GC.SuppressFinalize (0ms)

--------------------------------------------------------------------------------
2023-02-01 03:39:37.427 [Info] InternalDispose() completed. (0ms)

--------------------------------------------------------------------------------
2023-02-01 03:39:37.427 [Info] Clearing instance... (0ms)

--------------------------------------------------------------------------------
2023-02-01 03:39:37.427 [Info] Releasing context lock... (0ms)

--------------------------------------------------------------------------------
2023-02-01 03:39:37.427 [Info] Released. (0ms)

--------------------------------------------------------------------------------
