2023-01-30 15:08:19.316 [Warn] Directory was specified as a plugin directory but does not exist: 'resources\plugins'

--------------------------------------------------------------------------------
2023-01-30 15:08:19.316 [Info] Discovered 0 plugins:


--------------------------------------------------------------------------------
2023-01-30 15:08:19.859 [Info] Connecting to 26.82.96.248:5400...

--------------------------------------------------------------------------------
2023-01-30 15:08:20.134 [Info] Connection approved [00000000-0000-0000-0000-000000000000].

--------------------------------------------------------------------------------
2023-01-30 15:08:20.174 [Debug] approval Time=1574769 Offset=63810686525344 Real=63810688100114

--------------------------------------------------------------------------------
2023-01-30 15:08:20.174 [Debug] local Time=1574769 Offset=63810686525405 Real=63810688100174

--------------------------------------------------------------------------------
2023-01-30 15:08:20.174 [Debug] real delta=60

--------------------------------------------------------------------------------
2023-01-30 15:08:20.174 [Debug] this.Statistics.Ping=0 NCPing=2

--------------------------------------------------------------------------------
2023-01-30 15:08:20.176 [Debug] Connection established to remote [00000000-0000-0000-0000-000000000000/26.82.96.248:5400].

--------------------------------------------------------------------------------
2023-01-30 15:08:20.176 [Info] Connected [00000000-0000-0000-0000-000000000000].

--------------------------------------------------------------------------------
2023-01-30 15:09:06.837 [Info] System window closing (due to user interaction most likely).

--------------------------------------------------------------------------------
2023-01-30 15:09:06.838 [Debug] StatusChanged: [NetIncomingMessage #0 10 bytes] [Disconnecting]

--------------------------------------------------------------------------------
2023-01-30 15:09:06.843 [Debug] StatusChanged: [NetIncomingMessage #0 14 bytes] [Disconnected]

--------------------------------------------------------------------------------
2023-01-30 15:09:06.875 [Info] Acquiring context lock... (0ms)

--------------------------------------------------------------------------------
2023-01-30 15:09:06.875 [Info] Acquired. (0ms)

--------------------------------------------------------------------------------
2023-01-30 15:09:06.875 [Info] Beginning context dispose. (0ms)

--------------------------------------------------------------------------------
2023-01-30 15:09:06.875 [Info] GC.SuppressFinalize (0ms)

--------------------------------------------------------------------------------
2023-01-30 15:09:06.875 [Info] InternalDispose() completed. (0ms)

--------------------------------------------------------------------------------
2023-01-30 15:09:06.875 [Info] Clearing instance... (0ms)

--------------------------------------------------------------------------------
2023-01-30 15:09:06.875 [Info] Releasing context lock... (0ms)

--------------------------------------------------------------------------------
2023-01-30 15:09:06.875 [Info] Released. (0ms)

--------------------------------------------------------------------------------
