2022-12-14 11:50:26.975 [Warn] Directory was specified as a plugin directory but does not exist: 'resources\plugins'

--------------------------------------------------------------------------------
2022-12-14 11:50:26.979 [Info] Discovered 0 plugins:


--------------------------------------------------------------------------------
2022-12-14 11:50:27.727 [Info] Connecting to 127.0.0.1:5400...

--------------------------------------------------------------------------------
2022-12-14 11:50:28.006 [Info] Connection approved [00000000-0000-0000-0000-000000000000].

--------------------------------------------------------------------------------
2022-12-14 11:50:28.048 [Debug] approval Time=12602902 Offset=63806602825084 Real=63806615427986

--------------------------------------------------------------------------------
2022-12-14 11:50:28.048 [Debug] local Time=12602902 Offset=63806602825146 Real=63806615428048

--------------------------------------------------------------------------------
2022-12-14 11:50:28.048 [Debug] real delta=62

--------------------------------------------------------------------------------
2022-12-14 11:50:28.048 [Debug] this.Statistics.Ping=0 NCPing=2

--------------------------------------------------------------------------------
2022-12-14 11:50:28.049 [Debug] Connection established to remote [00000000-0000-0000-0000-000000000000/127.0.0.1:5400].

--------------------------------------------------------------------------------
2022-12-14 11:50:28.050 [Info] Connected [00000000-0000-0000-0000-000000000000].

--------------------------------------------------------------------------------
2022-12-14 11:50:30.452 [Warn] 'Me' is null.

--------------------------------------------------------------------------------
2022-12-14 11:50:30.624 [Debug] received epp: 12605307

--------------------------------------------------------------------------------
2022-12-14 11:50:32.518 [Debug] received epp: 12607418

--------------------------------------------------------------------------------
2022-12-14 11:50:59.471 [Info] System window closing (due to user interaction most likely).

--------------------------------------------------------------------------------
2022-12-14 11:50:59.472 [Debug] StatusChanged: [NetIncomingMessage #36 10 bytes] [Disconnecting]

--------------------------------------------------------------------------------
2022-12-14 11:50:59.474 [Debug] StatusChanged: [NetIncomingMessage #37 14 bytes] [Disconnected]

--------------------------------------------------------------------------------
2022-12-14 11:50:59.522 [Info] Acquiring context lock... (0ms)

--------------------------------------------------------------------------------
2022-12-14 11:50:59.522 [Info] Acquired. (0ms)

--------------------------------------------------------------------------------
2022-12-14 11:50:59.522 [Info] Beginning context dispose. (0ms)

--------------------------------------------------------------------------------
2022-12-14 11:50:59.523 [Info] GC.SuppressFinalize (0ms)

--------------------------------------------------------------------------------
2022-12-14 11:50:59.523 [Info] InternalDispose() completed. (0ms)

--------------------------------------------------------------------------------
2022-12-14 11:50:59.523 [Info] Clearing instance... (0ms)

--------------------------------------------------------------------------------
2022-12-14 11:50:59.523 [Info] Releasing context lock... (1ms)

--------------------------------------------------------------------------------
2022-12-14 11:50:59.523 [Info] Released. (1ms)

--------------------------------------------------------------------------------
