2023-02-04 05:42:48.029 [Warn] Directory was specified as a plugin directory but does not exist: 'resources\plugins'

--------------------------------------------------------------------------------
2023-02-04 05:42:48.033 [Info] Discovered 0 plugins:


--------------------------------------------------------------------------------
2023-02-04 05:42:48.657 [Info] Connecting to 26.82.96.248:5400...

--------------------------------------------------------------------------------
2023-02-04 05:42:48.929 [Info] Connection approved [00000000-0000-0000-0000-000000000000].

--------------------------------------------------------------------------------
2023-02-04 05:42:48.975 [Debug] approval Time=1180551 Offset=63811084988360 Real=63811086168911

--------------------------------------------------------------------------------
2023-02-04 05:42:48.975 [Debug] local Time=1180551 Offset=63811084988424 Real=63811086168975

--------------------------------------------------------------------------------
2023-02-04 05:42:48.975 [Debug] real delta=63

--------------------------------------------------------------------------------
2023-02-04 05:42:48.975 [Debug] this.Statistics.Ping=0 NCPing=1

--------------------------------------------------------------------------------
2023-02-04 05:42:48.977 [Debug] Connection established to remote [00000000-0000-0000-0000-000000000000/26.82.96.248:5400].

--------------------------------------------------------------------------------
2023-02-04 05:42:48.977 [Info] Connected [00000000-0000-0000-0000-000000000000].

--------------------------------------------------------------------------------
2023-02-04 05:42:52.503 [Warn] 'Me' is null.

--------------------------------------------------------------------------------
2023-02-04 05:42:52.676 [Debug] received epp: 1184099

--------------------------------------------------------------------------------
2023-02-04 05:46:26.060 [Info] System window closing (due to user interaction most likely).

--------------------------------------------------------------------------------
2023-02-04 05:46:26.061 [Debug] StatusChanged: [NetIncomingMessage #122 10 bytes] [Disconnecting]

--------------------------------------------------------------------------------
2023-02-04 05:46:26.067 [Debug] StatusChanged: [NetIncomingMessage #123 14 bytes] [Disconnected]

--------------------------------------------------------------------------------
2023-02-04 05:46:26.127 [Info] Acquiring context lock... (0ms)

--------------------------------------------------------------------------------
2023-02-04 05:46:26.127 [Info] Acquired. (0ms)

--------------------------------------------------------------------------------
2023-02-04 05:46:26.127 [Info] Beginning context dispose. (0ms)

--------------------------------------------------------------------------------
2023-02-04 05:46:26.127 [Info] GC.SuppressFinalize (0ms)

--------------------------------------------------------------------------------
2023-02-04 05:46:26.127 [Info] InternalDispose() completed. (0ms)

--------------------------------------------------------------------------------
2023-02-04 05:46:26.127 [Info] Clearing instance... (0ms)

--------------------------------------------------------------------------------
2023-02-04 05:46:26.127 [Info] Releasing context lock... (0ms)

--------------------------------------------------------------------------------
2023-02-04 05:46:26.127 [Info] Released. (0ms)

--------------------------------------------------------------------------------
