2023-02-04 13:36:33.774 [Warn] Directory was specified as a plugin directory but does not exist: 'resources\plugins'

--------------------------------------------------------------------------------
2023-02-04 13:36:33.777 [Info] Discovered 0 plugins:


--------------------------------------------------------------------------------
2023-02-04 13:36:34.387 [Info] Connecting to 26.82.96.248:5400...

--------------------------------------------------------------------------------
2023-02-04 13:36:34.650 [Info] Connection approved [00000000-0000-0000-0000-000000000000].

--------------------------------------------------------------------------------
2023-02-04 13:36:34.694 [Debug] approval Time=139017 Offset=63811114455612 Real=63811114594630

--------------------------------------------------------------------------------
2023-02-04 13:36:34.694 [Debug] local Time=139017 Offset=63811114455676 Real=63811114594694

--------------------------------------------------------------------------------
2023-02-04 13:36:34.694 [Debug] real delta=63

--------------------------------------------------------------------------------
2023-02-04 13:36:34.694 [Debug] this.Statistics.Ping=0 NCPing=2

--------------------------------------------------------------------------------
2023-02-04 13:36:34.696 [Debug] Connection established to remote [00000000-0000-0000-0000-000000000000/26.82.96.248:5400].

--------------------------------------------------------------------------------
2023-02-04 13:36:34.696 [Info] Connected [00000000-0000-0000-0000-000000000000].

--------------------------------------------------------------------------------
2023-02-04 13:36:36.222 [Warn] 'Me' is null.

--------------------------------------------------------------------------------
2023-02-04 13:36:36.423 [Debug] received epp: 140544

--------------------------------------------------------------------------------
2023-02-04 13:37:06.854 [Info] System window closing (due to user interaction most likely).

--------------------------------------------------------------------------------
2023-02-04 13:37:08.162 [Info] System window closing (due to user interaction most likely).

--------------------------------------------------------------------------------
2023-02-04 13:37:08.167 [Debug] StatusChanged: [NetIncomingMessage #635 10 bytes] [Disconnecting]

--------------------------------------------------------------------------------
2023-02-04 13:37:08.168 [Debug] StatusChanged: [NetIncomingMessage #636 14 bytes] [Disconnected]

--------------------------------------------------------------------------------
2023-02-04 13:37:08.205 [Info] Acquiring context lock... (0ms)

--------------------------------------------------------------------------------
2023-02-04 13:37:08.205 [Info] Acquired. (0ms)

--------------------------------------------------------------------------------
2023-02-04 13:37:08.205 [Info] Beginning context dispose. (0ms)

--------------------------------------------------------------------------------
2023-02-04 13:37:08.206 [Info] GC.SuppressFinalize (0ms)

--------------------------------------------------------------------------------
2023-02-04 13:37:08.206 [Info] InternalDispose() completed. (0ms)

--------------------------------------------------------------------------------
2023-02-04 13:37:08.206 [Info] Clearing instance... (1ms)

--------------------------------------------------------------------------------
2023-02-04 13:37:08.206 [Info] Releasing context lock... (1ms)

--------------------------------------------------------------------------------
2023-02-04 13:37:08.206 [Info] Released. (1ms)

--------------------------------------------------------------------------------
