2023-01-28 16:44:07.420 [Info] Connecting to 26.82.96.248:5400...

--------------------------------------------------------------------------------
2023-01-28 16:44:08.302 [Info] Connection approved [00000000-0000-0000-0000-000000000000].

--------------------------------------------------------------------------------
2023-01-28 16:44:08.437 [Debug] approval Time=10019451 Offset=63810511030330 Real=63810521049782

--------------------------------------------------------------------------------
2023-01-28 16:44:08.437 [Debug] local Time=10019451 Offset=63810511028986 Real=63810521048437

--------------------------------------------------------------------------------
2023-01-28 16:44:08.442 [Debug] real delta=-1344

--------------------------------------------------------------------------------
2023-01-28 16:44:08.442 [Debug] this.Statistics.Ping=0 NCPing=28

--------------------------------------------------------------------------------
2023-01-28 16:44:08.447 [Debug] Connection established to remote [00000000-0000-0000-0000-000000000000/26.82.96.248:5400].

--------------------------------------------------------------------------------
2023-01-28 16:44:08.447 [Info] Connected [00000000-0000-0000-0000-000000000000].

--------------------------------------------------------------------------------
2023-01-28 16:52:59.060 [Debug] StatusChanged: [NetIncomingMessage #0 10 bytes] [Disconnecting]

--------------------------------------------------------------------------------
2023-01-28 16:52:59.087 [Debug] StatusChanged: [NetIncomingMessage #0 10 bytes] [Disconnected]

--------------------------------------------------------------------------------
2023-01-28 16:52:59.088 [Debug] Connection terminated to remote [00000000-0000-0000-0000-000000000000/26.82.96.248:5400].

--------------------------------------------------------------------------------
2023-01-28 16:52:59.089 [Info] Disconnected [00000000-0000-0000-0000-000000000000].

--------------------------------------------------------------------------------
