2022-12-14 03:05:10.623 [Warn] Directory was specified as a plugin directory but does not exist: 'resources\plugins'

--------------------------------------------------------------------------------
2022-12-14 03:05:10.631 [Info] Discovered 0 plugins:


--------------------------------------------------------------------------------
2022-12-14 03:05:11.845 [Info] Connecting to 127.0.0.1:5400...

--------------------------------------------------------------------------------
2022-12-14 03:05:12.199 [Info] Connection approved [00000000-0000-0000-0000-000000000000].

--------------------------------------------------------------------------------
2022-12-14 03:05:12.259 [Debug] approval Time=4844581 Offset=63806579067612 Real=63806583912193

--------------------------------------------------------------------------------
2022-12-14 03:05:12.259 [Debug] local Time=4844581 Offset=63806579067677 Real=63806583912258

--------------------------------------------------------------------------------
2022-12-14 03:05:12.259 [Debug] real delta=64

--------------------------------------------------------------------------------
2022-12-14 03:05:12.259 [Debug] this.Statistics.Ping=0 NCPing=2

--------------------------------------------------------------------------------
2022-12-14 03:05:12.260 [Debug] Connection established to remote [00000000-0000-0000-0000-000000000000/127.0.0.1:5400].

--------------------------------------------------------------------------------
2022-12-14 03:05:12.260 [Info] Connected [00000000-0000-0000-0000-000000000000].

--------------------------------------------------------------------------------
2022-12-14 03:06:12.262 [Info] System window closing (due to user interaction most likely).

--------------------------------------------------------------------------------
2022-12-14 03:06:12.263 [Debug] StatusChanged: [NetIncomingMessage #0 10 bytes] [Disconnecting]

--------------------------------------------------------------------------------
2022-12-14 03:06:12.268 [Debug] StatusChanged: [NetIncomingMessage #0 14 bytes] [Disconnected]

--------------------------------------------------------------------------------
2022-12-14 03:06:12.327 [Info] Acquiring context lock... (0ms)

--------------------------------------------------------------------------------
2022-12-14 03:06:12.328 [Info] Acquired. (0ms)

--------------------------------------------------------------------------------
2022-12-14 03:06:12.328 [Info] Beginning context dispose. (0ms)

--------------------------------------------------------------------------------
2022-12-14 03:06:12.328 [Info] GC.SuppressFinalize (0ms)

--------------------------------------------------------------------------------
2022-12-14 03:06:12.328 [Info] InternalDispose() completed. (0ms)

--------------------------------------------------------------------------------
2022-12-14 03:06:12.328 [Info] Clearing instance... (0ms)

--------------------------------------------------------------------------------
2022-12-14 03:06:12.328 [Info] Releasing context lock... (0ms)

--------------------------------------------------------------------------------
2022-12-14 03:06:12.328 [Info] Released. (0ms)

--------------------------------------------------------------------------------
