2023-02-04 05:12:35.089 [Warn] Directory was specified as a plugin directory but does not exist: 'resources\plugins'

--------------------------------------------------------------------------------
2023-02-04 05:12:35.093 [Info] Discovered 0 plugins:


--------------------------------------------------------------------------------
2023-02-04 05:12:35.782 [Info] Connecting to 26.82.96.248:5400...

--------------------------------------------------------------------------------
2023-02-04 05:12:36.410 [Info] Connection approved [00000000-0000-0000-0000-000000000000].

--------------------------------------------------------------------------------
2023-02-04 05:12:36.461 [Debug] approval Time=5172 Offset=63811084351154 Real=63811084356327

--------------------------------------------------------------------------------
2023-02-04 05:12:36.461 [Debug] local Time=5172 Offset=63811084351288 Real=63811084356461

--------------------------------------------------------------------------------
2023-02-04 05:12:36.461 [Debug] real delta=133

--------------------------------------------------------------------------------
2023-02-04 05:12:36.461 [Debug] this.Statistics.Ping=0 NCPing=3

--------------------------------------------------------------------------------
2023-02-04 05:12:36.462 [Debug] Connection established to remote [00000000-0000-0000-0000-000000000000/26.82.96.248:5400].

--------------------------------------------------------------------------------
2023-02-04 05:12:36.462 [Info] Connected [00000000-0000-0000-0000-000000000000].

--------------------------------------------------------------------------------
2023-02-04 05:12:40.128 [Warn] 'Me' is null.

--------------------------------------------------------------------------------
2023-02-04 05:12:40.357 [Debug] received epp: 9113

--------------------------------------------------------------------------------
2023-02-04 05:13:55.496 [Info] System window closing (due to user interaction most likely).

--------------------------------------------------------------------------------
2023-02-04 05:13:55.496 [Debug] StatusChanged: [NetIncomingMessage #326 10 bytes] [Disconnecting]

--------------------------------------------------------------------------------
2023-02-04 05:13:55.500 [Debug] StatusChanged: [NetIncomingMessage #327 14 bytes] [Disconnected]

--------------------------------------------------------------------------------
2023-02-04 05:13:55.539 [Info] Acquiring context lock... (0ms)

--------------------------------------------------------------------------------
2023-02-04 05:13:55.539 [Info] Acquired. (0ms)

--------------------------------------------------------------------------------
2023-02-04 05:13:55.540 [Info] Beginning context dispose. (0ms)

--------------------------------------------------------------------------------
2023-02-04 05:13:55.540 [Info] GC.SuppressFinalize (0ms)

--------------------------------------------------------------------------------
2023-02-04 05:13:55.540 [Info] InternalDispose() completed. (0ms)

--------------------------------------------------------------------------------
2023-02-04 05:13:55.540 [Info] Clearing instance... (1ms)

--------------------------------------------------------------------------------
2023-02-04 05:13:55.540 [Info] Releasing context lock... (1ms)

--------------------------------------------------------------------------------
2023-02-04 05:13:55.540 [Info] Released. (1ms)

--------------------------------------------------------------------------------
