2023-02-04 05:35:14.067 [Warn] Directory was specified as a plugin directory but does not exist: 'resources\plugins'

--------------------------------------------------------------------------------
2023-02-04 05:35:14.068 [Info] Discovered 0 plugins:


--------------------------------------------------------------------------------
2023-02-04 05:35:14.684 [Info] Connecting to 26.82.96.248:5400...

--------------------------------------------------------------------------------
2023-02-04 05:35:14.954 [Info] Connection approved [00000000-0000-0000-0000-000000000000].

--------------------------------------------------------------------------------
2023-02-04 05:35:14.997 [Debug] approval Time=726575 Offset=63811084988360 Real=63811085714936

--------------------------------------------------------------------------------
2023-02-04 05:35:14.997 [Debug] local Time=726575 Offset=63811084988421 Real=63811085714997

--------------------------------------------------------------------------------
2023-02-04 05:35:14.997 [Debug] real delta=61

--------------------------------------------------------------------------------
2023-02-04 05:35:14.997 [Debug] this.Statistics.Ping=0 NCPing=1

--------------------------------------------------------------------------------
2023-02-04 05:35:14.999 [Debug] Connection established to remote [00000000-0000-0000-0000-000000000000/26.82.96.248:5400].

--------------------------------------------------------------------------------
2023-02-04 05:35:14.999 [Info] Connected [00000000-0000-0000-0000-000000000000].

--------------------------------------------------------------------------------
2023-02-04 05:35:16.735 [Warn] 'Me' is null.

--------------------------------------------------------------------------------
2023-02-04 05:35:16.915 [Debug] received epp: 728318

--------------------------------------------------------------------------------
2023-02-04 05:35:26.425 [Debug] received epp: 738047

--------------------------------------------------------------------------------
2023-02-04 05:40:55.140 [Debug] StatusChanged: [NetIncomingMessage #124 10 bytes] [Disconnected]

--------------------------------------------------------------------------------
2023-02-04 05:40:55.140 [Debug] Connection terminated to remote [00000000-0000-0000-0000-000000000000/26.82.96.248:5400].

--------------------------------------------------------------------------------
2023-02-04 05:40:55.141 [Info] Disconnected [00000000-0000-0000-0000-000000000000].

--------------------------------------------------------------------------------
2023-02-04 05:40:55.142 [Info] Connecting to 26.82.96.248:5400...

--------------------------------------------------------------------------------
2023-02-04 05:40:55.285 [Info] Connection approved [00000000-0000-0000-0000-000000000000].

--------------------------------------------------------------------------------
2023-02-04 05:40:55.286 [Debug] approval Time=1066909 Offset=63811084988360 Real=63811086055270

--------------------------------------------------------------------------------
2023-02-04 05:40:55.286 [Debug] local Time=1066909 Offset=63811084988374 Real=63811086055283

--------------------------------------------------------------------------------
2023-02-04 05:40:55.286 [Debug] real delta=13

--------------------------------------------------------------------------------
2023-02-04 05:40:55.286 [Debug] this.Statistics.Ping=0 NCPing=0

--------------------------------------------------------------------------------
2023-02-04 05:40:55.286 [Debug] Connection established to remote [00000000-0000-0000-0000-000000000000/26.82.96.248:5400].

--------------------------------------------------------------------------------
2023-02-04 05:40:55.286 [Info] Connected [00000000-0000-0000-0000-000000000000].

--------------------------------------------------------------------------------
2023-02-04 05:41:18.936 [Info] System window closing (due to user interaction most likely).

--------------------------------------------------------------------------------
2023-02-04 05:41:18.936 [Debug] StatusChanged: [NetIncomingMessage #0 10 bytes] [Disconnecting]

--------------------------------------------------------------------------------
2023-02-04 05:41:18.937 [Debug] StatusChanged: [NetIncomingMessage #0 14 bytes] [Disconnected]

--------------------------------------------------------------------------------
2023-02-04 05:41:18.963 [Info] Acquiring context lock... (0ms)

--------------------------------------------------------------------------------
2023-02-04 05:41:18.963 [Info] Acquired. (0ms)

--------------------------------------------------------------------------------
2023-02-04 05:41:18.964 [Info] Beginning context dispose. (0ms)

--------------------------------------------------------------------------------
2023-02-04 05:41:18.964 [Info] GC.SuppressFinalize (0ms)

--------------------------------------------------------------------------------
2023-02-04 05:41:18.964 [Info] InternalDispose() completed. (0ms)

--------------------------------------------------------------------------------
2023-02-04 05:41:18.964 [Info] Clearing instance... (0ms)

--------------------------------------------------------------------------------
2023-02-04 05:41:18.964 [Info] Releasing context lock... (0ms)

--------------------------------------------------------------------------------
2023-02-04 05:41:18.964 [Info] Released. (0ms)

--------------------------------------------------------------------------------
