2022-12-11 06:48:56.903 [Warn] Directory was specified as a plugin directory but does not exist: 'resources\plugins'

--------------------------------------------------------------------------------
2022-12-11 06:48:56.903 [Info] Discovered 0 plugins:


--------------------------------------------------------------------------------
2022-12-11 06:48:57.669 [Info] Connecting to 127.0.0.1:5400...

--------------------------------------------------------------------------------
2022-12-11 06:48:58.145 [Info] Connection approved [00000000-0000-0000-0000-000000000000].

--------------------------------------------------------------------------------
2022-12-11 06:48:58.192 [Debug] approval Time=85172 Offset=63806338052920 Real=63806338138092

--------------------------------------------------------------------------------
2022-12-11 06:48:58.192 [Debug] local Time=85172 Offset=63806338053020 Real=63806338138192

--------------------------------------------------------------------------------
2022-12-11 06:48:58.192 [Debug] real delta=100

--------------------------------------------------------------------------------
2022-12-11 06:48:58.192 [Debug] this.Statistics.Ping=0 NCPing=4

--------------------------------------------------------------------------------
2022-12-11 06:48:58.194 [Debug] Connection established to remote [00000000-0000-0000-0000-000000000000/127.0.0.1:5400].

--------------------------------------------------------------------------------
2022-12-11 06:48:58.194 [Info] Connected [00000000-0000-0000-0000-000000000000].

--------------------------------------------------------------------------------
2022-12-11 06:49:11.349 [Warn] 'Me' is null.

--------------------------------------------------------------------------------
2022-12-11 06:49:11.536 [Debug] received epp: 98516

--------------------------------------------------------------------------------
2022-12-11 06:49:19.780 [Info] System window closing (due to user interaction most likely).

--------------------------------------------------------------------------------
2022-12-11 06:49:19.782 [Debug] StatusChanged: [NetIncomingMessage #37 10 bytes] [Disconnecting]

--------------------------------------------------------------------------------
2022-12-11 06:49:19.784 [Debug] StatusChanged: [NetIncomingMessage #38 9 bytes] [Disconnected]

--------------------------------------------------------------------------------
2022-12-11 06:49:19.816 [Info] Acquiring context lock... (0ms)

--------------------------------------------------------------------------------
2022-12-11 06:49:19.816 [Info] Acquired. (0ms)

--------------------------------------------------------------------------------
2022-12-11 06:49:19.817 [Info] Beginning context dispose. (0ms)

--------------------------------------------------------------------------------
2022-12-11 06:49:19.818 [Info] GC.SuppressFinalize (0ms)

--------------------------------------------------------------------------------
2022-12-11 06:49:19.818 [Info] InternalDispose() completed. (0ms)

--------------------------------------------------------------------------------
2022-12-11 06:49:19.818 [Info] Clearing instance... (2ms)

--------------------------------------------------------------------------------
2022-12-11 06:49:19.818 [Info] Releasing context lock... (2ms)

--------------------------------------------------------------------------------
2022-12-11 06:49:19.818 [Info] Released. (2ms)

--------------------------------------------------------------------------------
