2022-12-13 07:34:32.915 [Info] Connecting to 127.0.0.1:5400...

--------------------------------------------------------------------------------
2022-12-13 07:34:33.876 [Info] Connection approved [00000000-0000-0000-0000-000000000000].

--------------------------------------------------------------------------------
2022-12-13 07:34:33.924 [Debug] approval Time=4645 Offset=63806513669151 Real=63806513673797

--------------------------------------------------------------------------------
2022-12-13 07:34:33.924 [Debug] local Time=4645 Offset=63806513669278 Real=63806513673924

--------------------------------------------------------------------------------
2022-12-13 07:34:33.924 [Debug] real delta=127

--------------------------------------------------------------------------------
2022-12-13 07:34:33.924 [Debug] this.Statistics.Ping=0 NCPing=0

--------------------------------------------------------------------------------
2022-12-13 07:34:33.924 [Debug] Connection established to remote [00000000-0000-0000-0000-000000000000/127.0.0.1:5400].

--------------------------------------------------------------------------------
2022-12-13 07:34:33.924 [Info] Connected [00000000-0000-0000-0000-000000000000].

--------------------------------------------------------------------------------
2022-12-13 09:00:06.574 [Debug] StatusChanged: [NetIncomingMessage #0 10 bytes] [Disconnecting]

--------------------------------------------------------------------------------
2022-12-13 09:00:06.591 [Debug] StatusChanged: [NetIncomingMessage #0 10 bytes] [Disconnected]

--------------------------------------------------------------------------------
2022-12-13 09:00:06.592 [Debug] Connection terminated to remote [00000000-0000-0000-0000-000000000000/127.0.0.1:5400].

--------------------------------------------------------------------------------
2022-12-13 09:00:06.592 [Info] Disconnected [00000000-0000-0000-0000-000000000000].

--------------------------------------------------------------------------------
