2023-01-28 16:52:49.880 [Info] Connecting to 26.82.96.248:5400...

--------------------------------------------------------------------------------
2023-01-28 16:52:50.265 [Info] Connection approved [00000000-0000-0000-0000-000000000000].

--------------------------------------------------------------------------------
2023-01-28 16:52:50.304 [Debug] approval Time=10539913 Offset=63810511030330 Real=63810521570244

--------------------------------------------------------------------------------
2023-01-28 16:52:50.304 [Debug] local Time=10539913 Offset=63810511030390 Real=63810521570303

--------------------------------------------------------------------------------
2023-01-28 16:52:50.309 [Debug] real delta=65

--------------------------------------------------------------------------------
2023-01-28 16:52:50.310 [Debug] this.Statistics.Ping=0 NCPing=2

--------------------------------------------------------------------------------
2023-01-28 16:52:50.311 [Debug] Connection established to remote [00000000-0000-0000-0000-000000000000/26.82.96.248:5400].

--------------------------------------------------------------------------------
2023-01-28 16:52:50.312 [Info] Connected [00000000-0000-0000-0000-000000000000].

--------------------------------------------------------------------------------
2023-01-28 17:48:55.928 [Debug] StatusChanged: [NetIncomingMessage #0 10 bytes] [Disconnecting]

--------------------------------------------------------------------------------
2023-01-28 17:48:56.022 [Debug] StatusChanged: [NetIncomingMessage #0 10 bytes] [Disconnected]

--------------------------------------------------------------------------------
2023-01-28 17:48:56.022 [Debug] Connection terminated to remote [00000000-0000-0000-0000-000000000000/26.82.96.248:5400].

--------------------------------------------------------------------------------
2023-01-28 17:48:56.022 [Info] Disconnected [00000000-0000-0000-0000-000000000000].

--------------------------------------------------------------------------------
