2022-12-13 07:51:30.357 [Warn] Directory was specified as a plugin directory but does not exist: 'resources\plugins'

--------------------------------------------------------------------------------
2022-12-13 07:51:30.390 [Info] Discovered 0 plugins:


--------------------------------------------------------------------------------
2022-12-13 07:51:31.163 [Info] Connecting to 127.0.0.1:5400...

--------------------------------------------------------------------------------
2022-12-13 07:51:31.535 [Info] Connection approved [00000000-0000-0000-0000-000000000000].

--------------------------------------------------------------------------------
2022-12-13 07:51:31.597 [Debug] approval Time=1022361 Offset=63806513669151 Real=63806514691512

--------------------------------------------------------------------------------
2022-12-13 07:51:31.597 [Debug] local Time=1022361 Offset=63806513669235 Real=63806514691597

--------------------------------------------------------------------------------
2022-12-13 07:51:31.597 [Debug] real delta=84

--------------------------------------------------------------------------------
2022-12-13 07:51:31.597 [Debug] this.Statistics.Ping=0 NCPing=4

--------------------------------------------------------------------------------
2022-12-13 07:51:31.599 [Debug] Connection established to remote [00000000-0000-0000-0000-000000000000/127.0.0.1:5400].

--------------------------------------------------------------------------------
2022-12-13 07:51:31.599 [Info] Connected [00000000-0000-0000-0000-000000000000].

--------------------------------------------------------------------------------
2022-12-13 07:51:43.665 [Warn] 'Me' is null.

--------------------------------------------------------------------------------
2022-12-13 07:51:43.848 [Debug] received epp: 1034447

--------------------------------------------------------------------------------
2022-12-13 07:52:14.655 [Info] System window closing (due to user interaction most likely).

--------------------------------------------------------------------------------
2022-12-13 07:52:14.657 [Debug] StatusChanged: [NetIncomingMessage #1 10 bytes] [Disconnecting]

--------------------------------------------------------------------------------
2022-12-13 07:52:14.662 [Debug] StatusChanged: [NetIncomingMessage #2 14 bytes] [Disconnected]

--------------------------------------------------------------------------------
2022-12-13 07:52:14.713 [Info] Acquiring context lock... (0ms)

--------------------------------------------------------------------------------
2022-12-13 07:52:14.713 [Info] Acquired. (0ms)

--------------------------------------------------------------------------------
2022-12-13 07:52:14.714 [Info] Beginning context dispose. (0ms)

--------------------------------------------------------------------------------
2022-12-13 07:52:14.714 [Info] GC.SuppressFinalize (0ms)

--------------------------------------------------------------------------------
2022-12-13 07:52:14.714 [Info] InternalDispose() completed. (0ms)

--------------------------------------------------------------------------------
2022-12-13 07:52:14.714 [Info] Clearing instance... (1ms)

--------------------------------------------------------------------------------
2022-12-13 07:52:14.714 [Info] Releasing context lock... (1ms)

--------------------------------------------------------------------------------
2022-12-13 07:52:14.714 [Info] Released. (1ms)

--------------------------------------------------------------------------------
