2023-01-30 17:22:53.345 [Warn] Directory was specified as a plugin directory but does not exist: 'resources\plugins'

--------------------------------------------------------------------------------
2023-01-30 17:22:53.349 [Info] Discovered 0 plugins:


--------------------------------------------------------------------------------
2023-01-30 17:22:53.960 [Info] Connecting to 26.82.96.248:5400...

--------------------------------------------------------------------------------
2023-01-30 17:22:54.425 [Info] Connection approved [00000000-0000-0000-0000-000000000000].

--------------------------------------------------------------------------------
2023-01-30 17:22:54.467 [Debug] approval Time=2641 Offset=63810696171731 Real=63810696174373

--------------------------------------------------------------------------------
2023-01-30 17:22:54.467 [Debug] local Time=2641 Offset=63810696171825 Real=63810696174467

--------------------------------------------------------------------------------
2023-01-30 17:22:54.467 [Debug] real delta=93

--------------------------------------------------------------------------------
2023-01-30 17:22:54.467 [Debug] this.Statistics.Ping=0 NCPing=2

--------------------------------------------------------------------------------
2023-01-30 17:22:54.469 [Debug] Connection established to remote [00000000-0000-0000-0000-000000000000/26.82.96.248:5400].

--------------------------------------------------------------------------------
2023-01-30 17:22:54.469 [Info] Connected [00000000-0000-0000-0000-000000000000].

--------------------------------------------------------------------------------
2023-01-30 17:22:57.217 [Warn] 'Me' is null.

--------------------------------------------------------------------------------
2023-01-30 17:22:57.401 [Debug] received epp: 5549

--------------------------------------------------------------------------------
2023-01-30 17:23:15.412 [Info] System window closing (due to user interaction most likely).

--------------------------------------------------------------------------------
2023-01-30 17:23:15.414 [Debug] StatusChanged: [NetIncomingMessage #493 10 bytes] [Disconnecting]

--------------------------------------------------------------------------------
2023-01-30 17:23:15.417 [Debug] StatusChanged: [NetIncomingMessage #494 14 bytes] [Disconnected]

--------------------------------------------------------------------------------
2023-01-30 17:23:15.459 [Info] Acquiring context lock... (0ms)

--------------------------------------------------------------------------------
2023-01-30 17:23:15.460 [Info] Acquired. (0ms)

--------------------------------------------------------------------------------
2023-01-30 17:23:15.461 [Info] Beginning context dispose. (0ms)

--------------------------------------------------------------------------------
2023-01-30 17:23:15.462 [Info] GC.SuppressFinalize (0ms)

--------------------------------------------------------------------------------
2023-01-30 17:23:15.462 [Info] InternalDispose() completed. (0ms)

--------------------------------------------------------------------------------
2023-01-30 17:23:15.462 [Info] Clearing instance... (1ms)

--------------------------------------------------------------------------------
2023-01-30 17:23:15.462 [Info] Releasing context lock... (2ms)

--------------------------------------------------------------------------------
2023-01-30 17:23:15.462 [Info] Released. (2ms)

--------------------------------------------------------------------------------
