2023-02-03 15:05:17.037 [Warn] Directory was specified as a plugin directory but does not exist: 'resources\plugins'

--------------------------------------------------------------------------------
2023-02-03 15:05:17.044 [Info] Discovered 0 plugins:


--------------------------------------------------------------------------------
2023-02-03 15:05:17.653 [Info] Connecting to 26.82.96.248:5400...

--------------------------------------------------------------------------------
2023-02-03 15:05:17.927 [Info] Connection approved [00000000-0000-0000-0000-000000000000].

--------------------------------------------------------------------------------
2023-02-03 15:05:17.972 [Debug] approval Time=16343246 Offset=63811017174663 Real=63811033517910

--------------------------------------------------------------------------------
2023-02-03 15:05:17.972 [Debug] local Time=16343246 Offset=63811017174725 Real=63811033517972

--------------------------------------------------------------------------------
2023-02-03 15:05:17.972 [Debug] real delta=62

--------------------------------------------------------------------------------
2023-02-03 15:05:17.972 [Debug] this.Statistics.Ping=0 NCPing=1

--------------------------------------------------------------------------------
2023-02-03 15:05:17.974 [Debug] Connection established to remote [00000000-0000-0000-0000-000000000000/26.82.96.248:5400].

--------------------------------------------------------------------------------
2023-02-03 15:05:17.974 [Info] Connected [00000000-0000-0000-0000-000000000000].

--------------------------------------------------------------------------------
2023-02-03 15:05:19.658 [Warn] 'Me' is null.

--------------------------------------------------------------------------------
2023-02-03 15:05:19.833 [Debug] received epp: 16344946

--------------------------------------------------------------------------------
2023-02-03 15:16:27.437 [Info] System window closing (due to user interaction most likely).

--------------------------------------------------------------------------------
2023-02-03 15:16:27.440 [Debug] StatusChanged: [NetIncomingMessage #976 10 bytes] [Disconnecting]

--------------------------------------------------------------------------------
2023-02-03 15:16:27.441 [Debug] StatusChanged: [NetIncomingMessage #977 10 bytes] [Disconnected]

--------------------------------------------------------------------------------
2023-02-03 15:16:27.441 [Debug] Connection terminated to remote [00000000-0000-0000-0000-000000000000/26.82.96.248:5400].

--------------------------------------------------------------------------------
2023-02-03 15:16:27.441 [Info] Disconnected [00000000-0000-0000-0000-000000000000].

--------------------------------------------------------------------------------
2023-02-03 15:16:27.499 [Info] Acquiring context lock... (0ms)

--------------------------------------------------------------------------------
2023-02-03 15:16:27.499 [Info] Acquired. (0ms)

--------------------------------------------------------------------------------
2023-02-03 15:16:27.499 [Info] Beginning context dispose. (0ms)

--------------------------------------------------------------------------------
2023-02-03 15:16:27.499 [Info] GC.SuppressFinalize (0ms)

--------------------------------------------------------------------------------
2023-02-03 15:16:27.499 [Info] InternalDispose() completed. (0ms)

--------------------------------------------------------------------------------
2023-02-03 15:16:27.499 [Info] Clearing instance... (1ms)

--------------------------------------------------------------------------------
2023-02-03 15:16:27.499 [Info] Releasing context lock... (1ms)

--------------------------------------------------------------------------------
2023-02-03 15:16:27.499 [Info] Released. (1ms)

--------------------------------------------------------------------------------
