2022-12-14 09:15:04.896 [Warn] Directory was specified as a plugin directory but does not exist: 'resources\plugins'

--------------------------------------------------------------------------------
2022-12-14 09:15:04.900 [Info] Discovered 0 plugins:


--------------------------------------------------------------------------------
2022-12-14 09:15:05.548 [Info] Connecting to 127.0.0.1:5400...

--------------------------------------------------------------------------------
2022-12-14 09:15:05.821 [Info] Connection approved [00000000-0000-0000-0000-000000000000].

--------------------------------------------------------------------------------
2022-12-14 09:15:05.861 [Debug] approval Time=3280722 Offset=63806602825084 Real=63806606105806

--------------------------------------------------------------------------------
2022-12-14 09:15:05.861 [Debug] local Time=3280722 Offset=63806602825137 Real=63806606105860

--------------------------------------------------------------------------------
2022-12-14 09:15:05.861 [Debug] real delta=53

--------------------------------------------------------------------------------
2022-12-14 09:15:05.861 [Debug] this.Statistics.Ping=0 NCPing=1

--------------------------------------------------------------------------------
2022-12-14 09:15:05.862 [Debug] Connection established to remote [00000000-0000-0000-0000-000000000000/127.0.0.1:5400].

--------------------------------------------------------------------------------
2022-12-14 09:15:05.862 [Info] Connected [00000000-0000-0000-0000-000000000000].

--------------------------------------------------------------------------------
2022-12-14 09:15:09.607 [Warn] 'Me' is null.

--------------------------------------------------------------------------------
2022-12-14 09:15:09.766 [Debug] received epp: 3284464

--------------------------------------------------------------------------------
2022-12-14 09:18:26.006 [Warn] 'Me' is null.

--------------------------------------------------------------------------------
2022-12-14 09:18:26.007 [Debug] received epp: 3480904

--------------------------------------------------------------------------------
2022-12-14 09:18:26.012 [Warn] 'GameUi' is null.

--------------------------------------------------------------------------------
2022-12-14 09:18:26.012 [Warn] 'GameUi' is null.

--------------------------------------------------------------------------------
2022-12-14 09:18:28.150 [Info] System window closing (due to user interaction most likely).

--------------------------------------------------------------------------------
2022-12-14 09:18:28.152 [Debug] StatusChanged: [NetIncomingMessage #193 10 bytes] [Disconnecting]

--------------------------------------------------------------------------------
2022-12-14 09:18:28.157 [Debug] StatusChanged: [NetIncomingMessage #194 14 bytes] [Disconnected]

--------------------------------------------------------------------------------
2022-12-14 09:18:28.202 [Info] Acquiring context lock... (0ms)

--------------------------------------------------------------------------------
2022-12-14 09:18:28.202 [Info] Acquired. (0ms)

--------------------------------------------------------------------------------
2022-12-14 09:18:28.203 [Info] Beginning context dispose. (0ms)

--------------------------------------------------------------------------------
2022-12-14 09:18:28.203 [Info] GC.SuppressFinalize (0ms)

--------------------------------------------------------------------------------
2022-12-14 09:18:28.203 [Info] InternalDispose() completed. (0ms)

--------------------------------------------------------------------------------
2022-12-14 09:18:28.203 [Info] Clearing instance... (0ms)

--------------------------------------------------------------------------------
2022-12-14 09:18:28.203 [Info] Releasing context lock... (1ms)

--------------------------------------------------------------------------------
2022-12-14 09:18:28.203 [Info] Released. (1ms)

--------------------------------------------------------------------------------
