2023-01-30 14:24:55.762 [Info] Connecting to 26.82.96.248:5400...

--------------------------------------------------------------------------------
2023-01-30 14:24:56.069 [Info] Connection approved [00000000-0000-0000-0000-000000000000].

--------------------------------------------------------------------------------
2023-01-30 14:24:56.108 [Debug] approval Time=40955 Offset=63810685455101 Real=63810685496057

--------------------------------------------------------------------------------
2023-01-30 14:24:56.108 [Debug] local Time=40955 Offset=63810685455153 Real=63810685496108

--------------------------------------------------------------------------------
2023-01-30 14:24:56.114 [Debug] real delta=51

--------------------------------------------------------------------------------
2023-01-30 14:24:56.114 [Debug] this.Statistics.Ping=0 NCPing=1

--------------------------------------------------------------------------------
2023-01-30 14:24:56.115 [Debug] Connection established to remote [00000000-0000-0000-0000-000000000000/26.82.96.248:5400].

--------------------------------------------------------------------------------
2023-01-30 14:24:56.116 [Info] Connected [00000000-0000-0000-0000-000000000000].

--------------------------------------------------------------------------------
2023-01-30 14:29:29.824 [Debug] StatusChanged: [NetIncomingMessage #0 14 bytes] [Disconnected]

--------------------------------------------------------------------------------
2023-01-30 14:29:29.825 [Debug] Connection terminated to remote [00000000-0000-0000-0000-000000000000/26.82.96.248:5400].

--------------------------------------------------------------------------------
2023-01-30 14:29:29.825 [Info] Disconnected [00000000-0000-0000-0000-000000000000].

--------------------------------------------------------------------------------
