2023-01-28 16:29:11.798 [Info] Connecting to 26.82.96.248:5400...

--------------------------------------------------------------------------------
2023-01-28 16:29:12.846 [Info] Connection approved [00000000-0000-0000-0000-000000000000].

--------------------------------------------------------------------------------
2023-01-28 16:29:12.974 [Debug] approval Time=9123969 Offset=63810511030330 Real=63810520154299

--------------------------------------------------------------------------------
2023-01-28 16:29:12.975 [Debug] local Time=9123969 Offset=63810511029004 Real=63810520152974

--------------------------------------------------------------------------------
2023-01-28 16:29:12.979 [Debug] real delta=-1320

--------------------------------------------------------------------------------
2023-01-28 16:29:12.979 [Debug] this.Statistics.Ping=0 NCPing=29

--------------------------------------------------------------------------------
2023-01-28 16:29:12.984 [Debug] Connection established to remote [00000000-0000-0000-0000-000000000000/26.82.96.248:5400].

--------------------------------------------------------------------------------
2023-01-28 16:29:12.985 [Info] Connected [00000000-0000-0000-0000-000000000000].

--------------------------------------------------------------------------------
2023-01-28 16:43:49.367 [Debug] StatusChanged: [NetIncomingMessage #0 10 bytes] [Disconnecting]

--------------------------------------------------------------------------------
2023-01-28 16:43:49.451 [Debug] StatusChanged: [NetIncomingMessage #0 10 bytes] [Disconnected]

--------------------------------------------------------------------------------
2023-01-28 16:43:49.451 [Debug] Connection terminated to remote [00000000-0000-0000-0000-000000000000/26.82.96.248:5400].

--------------------------------------------------------------------------------
2023-01-28 16:43:49.452 [Info] Disconnected [00000000-0000-0000-0000-000000000000].

--------------------------------------------------------------------------------
