2023-01-30 17:16:18.137 [Warn] Directory was specified as a plugin directory but does not exist: 'resources\plugins'

--------------------------------------------------------------------------------
2023-01-30 17:16:18.139 [Info] Discovered 0 plugins:


--------------------------------------------------------------------------------
2023-01-30 17:16:18.814 [Info] Connecting to 26.82.96.248:5400...

--------------------------------------------------------------------------------
2023-01-30 17:16:19.113 [Info] Connection approved [00000000-0000-0000-0000-000000000000].

--------------------------------------------------------------------------------
2023-01-30 17:16:19.153 [Debug] approval Time=9253748 Offset=63810686525344 Real=63810695779093

--------------------------------------------------------------------------------
2023-01-30 17:16:19.154 [Debug] local Time=9253748 Offset=63810686525405 Real=63810695779153

--------------------------------------------------------------------------------
2023-01-30 17:16:19.154 [Debug] real delta=60

--------------------------------------------------------------------------------
2023-01-30 17:16:19.154 [Debug] this.Statistics.Ping=0 NCPing=2

--------------------------------------------------------------------------------
2023-01-30 17:16:19.155 [Debug] Connection established to remote [00000000-0000-0000-0000-000000000000/26.82.96.248:5400].

--------------------------------------------------------------------------------
2023-01-30 17:16:19.155 [Info] Connected [00000000-0000-0000-0000-000000000000].

--------------------------------------------------------------------------------
2023-01-30 17:16:21.283 [Warn] 'Me' is null.

--------------------------------------------------------------------------------
2023-01-30 17:16:21.471 [Debug] received epp: 9255884

--------------------------------------------------------------------------------
2023-01-30 17:17:35.665 [Debug] StatusChanged: [NetIncomingMessage #766 14 bytes] [Disconnected]

--------------------------------------------------------------------------------
2023-01-30 17:17:35.667 [Debug] Connection terminated to remote [00000000-0000-0000-0000-000000000000/26.82.96.248:5400].

--------------------------------------------------------------------------------
2023-01-30 17:17:35.667 [Info] Disconnected [00000000-0000-0000-0000-000000000000].

--------------------------------------------------------------------------------
2023-01-30 17:17:35.669 [Info] Connecting to 26.82.96.248:5400...

--------------------------------------------------------------------------------
2023-01-30 17:17:45.023 [Info] Connection approved [00000000-0000-0000-0000-000000000000].

--------------------------------------------------------------------------------
2023-01-30 17:17:45.024 [Debug] approval Time=1461 Offset=63810695863520 Real=63810695864982

--------------------------------------------------------------------------------
2023-01-30 17:17:45.024 [Debug] local Time=1461 Offset=63810695863548 Real=63810695865010

--------------------------------------------------------------------------------
2023-01-30 17:17:45.024 [Debug] real delta=27

--------------------------------------------------------------------------------
2023-01-30 17:17:45.024 [Debug] this.Statistics.Ping=0 NCPing=-1000

--------------------------------------------------------------------------------
2023-01-30 17:17:45.024 [Debug] Connection established to remote [00000000-0000-0000-0000-000000000000/26.82.96.248:5400].

--------------------------------------------------------------------------------
2023-01-30 17:17:45.024 [Info] Connected [00000000-0000-0000-0000-000000000000].

--------------------------------------------------------------------------------
2023-01-30 17:18:28.465 [Warn] 'Me' is null.

--------------------------------------------------------------------------------
2023-01-30 17:18:28.624 [Debug] received epp: 45082

--------------------------------------------------------------------------------
2023-01-30 17:21:59.680 [Debug] StatusChanged: [NetIncomingMessage #71 14 bytes] [Disconnected]

--------------------------------------------------------------------------------
2023-01-30 17:21:59.680 [Debug] Connection terminated to remote [00000000-0000-0000-0000-000000000000/26.82.96.248:5400].

--------------------------------------------------------------------------------
2023-01-30 17:21:59.680 [Info] Disconnected [00000000-0000-0000-0000-000000000000].

--------------------------------------------------------------------------------
2023-01-30 17:21:59.681 [Info] Connecting to 26.82.96.248:5400...

--------------------------------------------------------------------------------
2023-01-30 17:22:08.995 [Info] Connection approved [00000000-0000-0000-0000-000000000000].

--------------------------------------------------------------------------------
2023-01-30 17:22:08.995 [Debug] approval Time=797 Offset=63810696128151 Real=63810696128949

--------------------------------------------------------------------------------
2023-01-30 17:22:08.995 [Debug] local Time=797 Offset=63810696128197 Real=63810696128995

--------------------------------------------------------------------------------
2023-01-30 17:22:08.995 [Debug] real delta=46

--------------------------------------------------------------------------------
2023-01-30 17:22:08.995 [Debug] this.Statistics.Ping=0 NCPing=-1000

--------------------------------------------------------------------------------
2023-01-30 17:22:08.995 [Debug] Connection established to remote [00000000-0000-0000-0000-000000000000/26.82.96.248:5400].

--------------------------------------------------------------------------------
2023-01-30 17:22:08.995 [Info] Connected [00000000-0000-0000-0000-000000000000].

--------------------------------------------------------------------------------
2023-01-30 17:22:13.737 [Warn] 'Me' is null.

--------------------------------------------------------------------------------
2023-01-30 17:22:13.845 [Debug] received epp: 5659

--------------------------------------------------------------------------------
2023-01-30 17:22:26.118 [Info] System window closing (due to user interaction most likely).

--------------------------------------------------------------------------------
2023-01-30 17:22:26.119 [Debug] StatusChanged: [NetIncomingMessage #343 10 bytes] [Disconnecting]

--------------------------------------------------------------------------------
2023-01-30 17:22:26.123 [Debug] StatusChanged: [NetIncomingMessage #344 14 bytes] [Disconnected]

--------------------------------------------------------------------------------
2023-01-30 17:22:26.170 [Info] Acquiring context lock... (0ms)

--------------------------------------------------------------------------------
2023-01-30 17:22:26.170 [Info] Acquired. (0ms)

--------------------------------------------------------------------------------
2023-01-30 17:22:26.171 [Info] Beginning context dispose. (0ms)

--------------------------------------------------------------------------------
2023-01-30 17:22:26.171 [Info] GC.SuppressFinalize (0ms)

--------------------------------------------------------------------------------
2023-01-30 17:22:26.171 [Info] InternalDispose() completed. (0ms)

--------------------------------------------------------------------------------
2023-01-30 17:22:26.171 [Info] Clearing instance... (0ms)

--------------------------------------------------------------------------------
2023-01-30 17:22:26.171 [Info] Releasing context lock... (0ms)

--------------------------------------------------------------------------------
2023-01-30 17:22:26.171 [Info] Released. (0ms)

--------------------------------------------------------------------------------
