2023-01-28 13:50:38.250 [Warn] Directory was specified as a plugin directory but does not exist: 'resources\plugins'

--------------------------------------------------------------------------------
2023-01-28 13:50:38.264 [Info] Discovered 0 plugins:


--------------------------------------------------------------------------------
2023-01-28 13:50:40.116 [Info] Connecting to 26.82.96.248:5400...

--------------------------------------------------------------------------------
2023-01-28 13:50:40.959 [Info] Connection approved [00000000-0000-0000-0000-000000000000].

--------------------------------------------------------------------------------
2023-01-28 13:50:41.104 [Debug] approval Time=1247899 Offset=63810509394174 Real=63810510642074

--------------------------------------------------------------------------------
2023-01-28 13:50:41.104 [Debug] local Time=1247899 Offset=63810509393205 Real=63810510641104

--------------------------------------------------------------------------------
2023-01-28 13:50:41.104 [Debug] real delta=-969

--------------------------------------------------------------------------------
2023-01-28 13:50:41.104 [Debug] this.Statistics.Ping=0 NCPing=35

--------------------------------------------------------------------------------
2023-01-28 13:50:41.108 [Debug] Connection established to remote [00000000-0000-0000-0000-000000000000/26.82.96.248:5400].

--------------------------------------------------------------------------------
2023-01-28 13:50:41.108 [Info] Connected [00000000-0000-0000-0000-000000000000].

--------------------------------------------------------------------------------
2023-01-28 13:50:46.710 [Warn] 'Me' is null.

--------------------------------------------------------------------------------
2023-01-28 13:50:47.411 [Debug] received epp: 1253560

--------------------------------------------------------------------------------
2023-01-28 13:51:28.023 [Warn] 'Me' is null.

--------------------------------------------------------------------------------
2023-01-28 13:51:28.026 [Debug] received epp: 1294976

--------------------------------------------------------------------------------
2023-01-28 13:51:28.087 [Warn] 'GameUi' is null.

--------------------------------------------------------------------------------
2023-01-28 13:51:28.089 [Warn] 'GameUi' is null.

--------------------------------------------------------------------------------
2023-01-28 13:56:31.547 [Debug] StatusChanged: [NetIncomingMessage #377 14 bytes] [Disconnected]

--------------------------------------------------------------------------------
2023-01-28 13:56:31.548 [Debug] Connection terminated to remote [00000000-0000-0000-0000-000000000000/26.82.96.248:5400].

--------------------------------------------------------------------------------
2023-01-28 13:56:31.549 [Info] Disconnected [00000000-0000-0000-0000-000000000000].

--------------------------------------------------------------------------------
2023-01-28 13:56:31.557 [Info] Connecting to 26.82.96.248:5400...

--------------------------------------------------------------------------------
2023-01-28 13:56:46.867 [Debug] StatusChanged: [NetIncomingMessage #0 63 bytes] [Disconnected]

--------------------------------------------------------------------------------
2023-01-28 13:56:46.867 [Debug] Unknown client disconnected (00-00-00-00-00-00-00-00).

--------------------------------------------------------------------------------
2023-01-28 13:56:46.867 [Info] Disconnected [00000000-0000-0000-0000-000000000000].

--------------------------------------------------------------------------------
2023-01-28 13:56:46.868 [Info] Connecting to 26.82.96.248:5400...

--------------------------------------------------------------------------------
2023-01-28 13:57:02.052 [Debug] StatusChanged: [NetIncomingMessage #0 63 bytes] [Disconnected]

--------------------------------------------------------------------------------
2023-01-28 13:57:02.052 [Debug] Unknown client disconnected (00-00-00-00-00-00-00-00).

--------------------------------------------------------------------------------
2023-01-28 13:57:02.052 [Info] Disconnected [00000000-0000-0000-0000-000000000000].

--------------------------------------------------------------------------------
2023-01-28 13:57:02.052 [Info] Connecting to 26.82.96.248:5400...

--------------------------------------------------------------------------------
2023-01-28 13:57:11.757 [Info] Connection approved [00000000-0000-0000-0000-000000000000].

--------------------------------------------------------------------------------
2023-01-28 13:57:11.759 [Debug] approval Time=2401 Offset=63810511030330 Real=63810511032731

--------------------------------------------------------------------------------
2023-01-28 13:57:11.759 [Debug] local Time=2401 Offset=63810511029358 Real=63810511031759

--------------------------------------------------------------------------------
2023-01-28 13:57:11.759 [Debug] real delta=-972

--------------------------------------------------------------------------------
2023-01-28 13:57:11.759 [Debug] this.Statistics.Ping=0 NCPing=-1000

--------------------------------------------------------------------------------
2023-01-28 13:57:11.759 [Debug] Connection established to remote [00000000-0000-0000-0000-000000000000/26.82.96.248:5400].

--------------------------------------------------------------------------------
2023-01-28 13:57:11.759 [Info] Connected [00000000-0000-0000-0000-000000000000].

--------------------------------------------------------------------------------
2023-01-28 13:57:52.858 [Info] User clicked exit button.

--------------------------------------------------------------------------------
2023-01-28 13:57:52.876 [Info] System window closing (due to user interaction most likely).

--------------------------------------------------------------------------------
2023-01-28 13:57:52.877 [Debug] StatusChanged: [NetIncomingMessage #0 10 bytes] [Disconnecting]

--------------------------------------------------------------------------------
2023-01-28 13:57:52.880 [Debug] StatusChanged: [NetIncomingMessage #0 14 bytes] [Disconnected]

--------------------------------------------------------------------------------
2023-01-28 13:57:52.931 [Info] Acquiring context lock... (0ms)

--------------------------------------------------------------------------------
2023-01-28 13:57:52.931 [Info] Acquired. (0ms)

--------------------------------------------------------------------------------
2023-01-28 13:57:52.933 [Info] Beginning context dispose. (0ms)

--------------------------------------------------------------------------------
2023-01-28 13:57:52.933 [Info] GC.SuppressFinalize (0ms)

--------------------------------------------------------------------------------
2023-01-28 13:57:52.933 [Info] InternalDispose() completed. (0ms)

--------------------------------------------------------------------------------
2023-01-28 13:57:52.933 [Info] Clearing instance... (1ms)

--------------------------------------------------------------------------------
2023-01-28 13:57:52.933 [Info] Releasing context lock... (2ms)

--------------------------------------------------------------------------------
2023-01-28 13:57:52.933 [Info] Released. (2ms)

--------------------------------------------------------------------------------
