2023-01-24 06:53:51.422 [Warn] Directory was specified as a plugin directory but does not exist: 'resources\plugins'

--------------------------------------------------------------------------------
2023-01-24 06:53:51.427 [Info] Discovered 0 plugins:


--------------------------------------------------------------------------------
2023-01-24 06:53:52.078 [Info] Connecting to 26.82.96.248:5400...

--------------------------------------------------------------------------------
2023-01-24 06:53:52.377 [Info] Connection approved [00000000-0000-0000-0000-000000000000].

--------------------------------------------------------------------------------
2023-01-24 06:53:52.419 [Debug] approval Time=7483674 Offset=63810132548683 Real=63810140032357

--------------------------------------------------------------------------------
2023-01-24 06:53:52.419 [Debug] local Time=7483674 Offset=63810132548745 Real=63810140032419

--------------------------------------------------------------------------------
2023-01-24 06:53:52.419 [Debug] real delta=61

--------------------------------------------------------------------------------
2023-01-24 06:53:52.419 [Debug] this.Statistics.Ping=0 NCPing=2

--------------------------------------------------------------------------------
2023-01-24 06:53:52.421 [Debug] Connection established to remote [00000000-0000-0000-0000-000000000000/26.82.96.248:5400].

--------------------------------------------------------------------------------
2023-01-24 06:53:52.421 [Info] Connected [00000000-0000-0000-0000-000000000000].

--------------------------------------------------------------------------------
2023-01-24 06:53:59.537 [Warn] 'Me' is null.

--------------------------------------------------------------------------------
2023-01-24 06:53:59.764 [Debug] received epp: 7490797

--------------------------------------------------------------------------------
2023-01-24 06:56:54.995 [Debug] received epp: 7666284

--------------------------------------------------------------------------------
2023-01-24 06:58:21.060 [Info] System window closing (due to user interaction most likely).

--------------------------------------------------------------------------------
2023-01-24 06:58:22.462 [Info] System window closing (due to user interaction most likely).

--------------------------------------------------------------------------------
2023-01-24 06:58:23.679 [Info] System window closing (due to user interaction most likely).

--------------------------------------------------------------------------------
2023-01-24 06:58:23.684 [Debug] StatusChanged: [NetIncomingMessage #0 10 bytes] [Disconnecting]

--------------------------------------------------------------------------------
2023-01-24 06:58:23.684 [Debug] StatusChanged: [NetIncomingMessage #0 14 bytes] [Disconnected]

--------------------------------------------------------------------------------
2023-01-24 06:58:23.718 [Info] Acquiring context lock... (0ms)

--------------------------------------------------------------------------------
2023-01-24 06:58:23.718 [Info] Acquired. (0ms)

--------------------------------------------------------------------------------
2023-01-24 06:58:23.718 [Info] Beginning context dispose. (0ms)

--------------------------------------------------------------------------------
2023-01-24 06:58:23.719 [Info] GC.SuppressFinalize (0ms)

--------------------------------------------------------------------------------
2023-01-24 06:58:23.719 [Info] InternalDispose() completed. (0ms)

--------------------------------------------------------------------------------
2023-01-24 06:58:23.719 [Info] Clearing instance... (1ms)

--------------------------------------------------------------------------------
2023-01-24 06:58:23.719 [Info] Releasing context lock... (1ms)

--------------------------------------------------------------------------------
2023-01-24 06:58:23.719 [Info] Released. (1ms)

--------------------------------------------------------------------------------
