2023-02-01 13:21:27.764 [Warn] Directory was specified as a plugin directory but does not exist: 'resources\plugins'

--------------------------------------------------------------------------------
2023-02-01 13:21:27.769 [Info] Discovered 0 plugins:


--------------------------------------------------------------------------------
2023-02-01 13:21:28.399 [Info] Connecting to 26.82.96.248:5400...

--------------------------------------------------------------------------------
2023-02-01 13:21:28.656 [Info] Connection approved [00000000-0000-0000-0000-000000000000].

--------------------------------------------------------------------------------
2023-02-01 13:21:28.704 [Debug] approval Time=35149435 Offset=63810819339199 Real=63810854488634

--------------------------------------------------------------------------------
2023-02-01 13:21:28.704 [Debug] local Time=35149435 Offset=63810819339267 Real=63810854488702

--------------------------------------------------------------------------------
2023-02-01 13:21:28.704 [Debug] real delta=68

--------------------------------------------------------------------------------
2023-02-01 13:21:28.704 [Debug] this.Statistics.Ping=0 NCPing=2

--------------------------------------------------------------------------------
2023-02-01 13:21:28.705 [Debug] Connection established to remote [00000000-0000-0000-0000-000000000000/26.82.96.248:5400].

--------------------------------------------------------------------------------
2023-02-01 13:21:28.705 [Info] Connected [00000000-0000-0000-0000-000000000000].

--------------------------------------------------------------------------------
2023-02-01 14:03:42.026 [Info] System window closing (due to user interaction most likely).

--------------------------------------------------------------------------------
2023-02-01 14:03:42.028 [Debug] StatusChanged: [NetIncomingMessage #0 10 bytes] [Disconnecting]

--------------------------------------------------------------------------------
2023-02-01 14:03:42.030 [Debug] StatusChanged: [NetIncomingMessage #0 9 bytes] [Disconnected]

--------------------------------------------------------------------------------
2023-02-01 14:03:42.076 [Info] Acquiring context lock... (0ms)

--------------------------------------------------------------------------------
2023-02-01 14:03:42.076 [Info] Acquired. (0ms)

--------------------------------------------------------------------------------
2023-02-01 14:03:42.077 [Info] Beginning context dispose. (0ms)

--------------------------------------------------------------------------------
2023-02-01 14:03:42.077 [Info] GC.SuppressFinalize (0ms)

--------------------------------------------------------------------------------
2023-02-01 14:03:42.077 [Info] InternalDispose() completed. (0ms)

--------------------------------------------------------------------------------
2023-02-01 14:03:42.077 [Info] Clearing instance... (1ms)

--------------------------------------------------------------------------------
2023-02-01 14:03:42.077 [Info] Releasing context lock... (1ms)

--------------------------------------------------------------------------------
2023-02-01 14:03:42.077 [Info] Released. (1ms)

--------------------------------------------------------------------------------
