2023-02-04 06:47:29.304 [Warn] Directory was specified as a plugin directory but does not exist: 'resources\plugins'

--------------------------------------------------------------------------------
2023-02-04 06:47:29.304 [Info] Discovered 0 plugins:


--------------------------------------------------------------------------------
2023-02-04 06:47:29.947 [Info] Connecting to 26.82.96.248:5400...

--------------------------------------------------------------------------------
2023-02-04 06:47:30.236 [Info] Connection approved [00000000-0000-0000-0000-000000000000].

--------------------------------------------------------------------------------
2023-02-04 06:47:30.279 [Debug] approval Time=5061854 Offset=63811084988360 Real=63811090050215

--------------------------------------------------------------------------------
2023-02-04 06:47:30.279 [Debug] local Time=5061854 Offset=63811084988425 Real=63811090050279

--------------------------------------------------------------------------------
2023-02-04 06:47:30.279 [Debug] real delta=64

--------------------------------------------------------------------------------
2023-02-04 06:47:30.279 [Debug] this.Statistics.Ping=0 NCPing=4

--------------------------------------------------------------------------------
2023-02-04 06:47:30.281 [Debug] Connection established to remote [00000000-0000-0000-0000-000000000000/26.82.96.248:5400].

--------------------------------------------------------------------------------
2023-02-04 06:47:30.281 [Info] Connected [00000000-0000-0000-0000-000000000000].

--------------------------------------------------------------------------------
2023-02-04 06:47:31.959 [Warn] 'Me' is null.

--------------------------------------------------------------------------------
2023-02-04 06:47:32.131 [Debug] received epp: 5063544

--------------------------------------------------------------------------------
2023-02-04 06:47:52.740 [Info] System window closing (due to user interaction most likely).

--------------------------------------------------------------------------------
2023-02-04 06:47:52.742 [Debug] StatusChanged: [NetIncomingMessage #336 10 bytes] [Disconnecting]

--------------------------------------------------------------------------------
2023-02-04 06:47:52.746 [Debug] StatusChanged: [NetIncomingMessage #337 14 bytes] [Disconnected]

--------------------------------------------------------------------------------
2023-02-04 06:47:52.815 [Info] Acquiring context lock... (0ms)

--------------------------------------------------------------------------------
2023-02-04 06:47:52.815 [Info] Acquired. (0ms)

--------------------------------------------------------------------------------
2023-02-04 06:47:52.816 [Info] Beginning context dispose. (0ms)

--------------------------------------------------------------------------------
2023-02-04 06:47:52.816 [Info] GC.SuppressFinalize (0ms)

--------------------------------------------------------------------------------
2023-02-04 06:47:52.816 [Info] InternalDispose() completed. (0ms)

--------------------------------------------------------------------------------
2023-02-04 06:47:52.816 [Info] Clearing instance... (0ms)

--------------------------------------------------------------------------------
2023-02-04 06:47:52.816 [Info] Releasing context lock... (0ms)

--------------------------------------------------------------------------------
2023-02-04 06:47:52.816 [Info] Released. (0ms)

--------------------------------------------------------------------------------
