2023-01-30 17:18:05.012 [Info] Connecting to 26.82.96.248:5400...

--------------------------------------------------------------------------------
2023-01-30 17:18:05.307 [Info] Connection approved [00000000-0000-0000-0000-000000000000].

--------------------------------------------------------------------------------
2023-01-30 17:18:05.347 [Debug] approval Time=21772 Offset=63810695863520 Real=63810695885293

--------------------------------------------------------------------------------
2023-01-30 17:18:05.347 [Debug] local Time=21772 Offset=63810695863575 Real=63810695885347

--------------------------------------------------------------------------------
2023-01-30 17:18:05.353 [Debug] real delta=60

--------------------------------------------------------------------------------
2023-01-30 17:18:05.353 [Debug] this.Statistics.Ping=0 NCPing=2

--------------------------------------------------------------------------------
2023-01-30 17:18:05.354 [Debug] Connection established to remote [00000000-0000-0000-0000-000000000000/26.82.96.248:5400].

--------------------------------------------------------------------------------
2023-01-30 17:18:05.354 [Info] Connected [00000000-0000-0000-0000-000000000000].

--------------------------------------------------------------------------------
2023-01-30 17:21:59.747 [Debug] StatusChanged: [NetIncomingMessage #0 14 bytes] [Disconnected]

--------------------------------------------------------------------------------
2023-01-30 17:21:59.747 [Debug] Connection terminated to remote [00000000-0000-0000-0000-000000000000/26.82.96.248:5400].

--------------------------------------------------------------------------------
2023-01-30 17:21:59.747 [Info] Disconnected [00000000-0000-0000-0000-000000000000].

--------------------------------------------------------------------------------
