2022-12-11 04:01:18.069 [Warn] Directory was specified as a plugin directory but does not exist: 'resources\plugins'

--------------------------------------------------------------------------------
2022-12-11 04:01:18.074 [Info] Discovered 0 plugins:


--------------------------------------------------------------------------------
2022-12-11 04:01:18.217 [Warn] FileNotFoundException: Could not find file 'C:\Users\cuong\OneDrive\Máy tính\Intersect Engine 0.7.1.88-beta Full\Client and Editor\resources\client_strings.json'.
    Stack:    at System.IO.__Error.WinIOError(Int32 errorCode, String maybeFullPath)
   at System.IO.FileStream.Init(String path, FileMode mode, FileAccess access, Int32 rights, Boolean useRights, FileShare share, Int32 bufferSize, FileOptions options, SECURITY_ATTRIBUTES secAttrs, String msgPath, Boolean bFromProxy, Boolean useLongPath, Boolean checkHost)
   at System.IO.FileStream..ctor(String path, FileMode mode, FileAccess access, FileShare share, Int32 bufferSize, FileOptions options, String msgPath, Boolean bFromProxy, Boolean useLongPath, Boolean checkHost)
   at System.IO.StreamReader..ctor(String path, Encoding encoding, Boolean detectEncodingFromByteOrderMarks, Int32 bufferSize, Boolean checkHost)
   at System.IO.File.InternalReadAllText(String path, Encoding encoding, Boolean checkHost)
   at Intersect.Client.Localization.Strings.Load()


--------------------------------------------------------------------------------
2022-12-11 04:01:19.192 [Info] Connecting to 127.0.0.1:5400...

--------------------------------------------------------------------------------
2022-12-11 04:01:19.549 [Info] Connection approved [00000000-0000-0000-0000-000000000000].

--------------------------------------------------------------------------------
2022-12-11 04:01:19.605 [Debug] approval Time=24983 Offset=63806328054554 Real=63806328079538

--------------------------------------------------------------------------------
2022-12-11 04:01:19.605 [Debug] local Time=24983 Offset=63806328054621 Real=63806328079605

--------------------------------------------------------------------------------
2022-12-11 04:01:19.607 [Debug] real delta=67

--------------------------------------------------------------------------------
2022-12-11 04:01:19.607 [Debug] this.Statistics.Ping=0 NCPing=2

--------------------------------------------------------------------------------
2022-12-11 04:01:19.608 [Debug] Connection established to remote [00000000-0000-0000-0000-000000000000/127.0.0.1:5400].

--------------------------------------------------------------------------------
2022-12-11 04:01:19.608 [Info] Connected [00000000-0000-0000-0000-000000000000].

--------------------------------------------------------------------------------
2022-12-11 04:01:19.998 [Warn] Missing strings, overwriting strings file:
	Chatbox.ChatTabButtons (string dictionary)

--------------------------------------------------------------------------------
2022-12-11 04:01:42.513 [Warn] Missing strings, overwriting strings file:
	Chatbox.ChatTabButtons[All],
	Chatbox.ChatTabButtons[Local],
	Chatbox.ChatTabButtons[Party],
	Chatbox.ChatTabButtons[Global],
	Chatbox.ChatTabButtons[Guild],
	Chatbox.ChatTabButtons[System]

--------------------------------------------------------------------------------
2022-12-11 04:01:48.671 [Warn] 'Me' is null.

--------------------------------------------------------------------------------
2022-12-11 04:01:48.934 [Debug] received epp: 54184

--------------------------------------------------------------------------------
2022-12-11 04:02:18.995 [Info] System window closing (due to user interaction most likely).

--------------------------------------------------------------------------------
2022-12-11 04:02:18.997 [Debug] StatusChanged: [NetIncomingMessage #14 10 bytes] [Disconnecting]

--------------------------------------------------------------------------------
2022-12-11 04:02:19.002 [Debug] StatusChanged: [NetIncomingMessage #0 14 bytes] [Disconnected]

--------------------------------------------------------------------------------
2022-12-11 04:02:19.046 [Info] Acquiring context lock... (0ms)

--------------------------------------------------------------------------------
2022-12-11 04:02:19.046 [Info] Acquired. (0ms)

--------------------------------------------------------------------------------
2022-12-11 04:02:19.047 [Info] Beginning context dispose. (0ms)

--------------------------------------------------------------------------------
2022-12-11 04:02:19.047 [Info] GC.SuppressFinalize (0ms)

--------------------------------------------------------------------------------
2022-12-11 04:02:19.047 [Info] InternalDispose() completed. (0ms)

--------------------------------------------------------------------------------
2022-12-11 04:02:19.047 [Info] Clearing instance... (0ms)

--------------------------------------------------------------------------------
2022-12-11 04:02:19.047 [Info] Releasing context lock... (0ms)

--------------------------------------------------------------------------------
2022-12-11 04:02:19.047 [Info] Released. (0ms)

--------------------------------------------------------------------------------
