2022-12-14 01:37:50.358 [Warn] Directory was specified as a plugin directory but does not exist: 'resources\plugins'

--------------------------------------------------------------------------------
2022-12-14 01:37:50.380 [Info] Discovered 0 plugins:


--------------------------------------------------------------------------------
2022-12-14 01:37:51.227 [Info] Connecting to 127.0.0.1:5400...

--------------------------------------------------------------------------------
2022-12-14 01:37:51.629 [Info] Connection approved [00000000-0000-0000-0000-000000000000].

--------------------------------------------------------------------------------
2022-12-14 01:37:51.667 [Debug] approval Time=1674917 Offset=63806576996690 Real=63806578671608

--------------------------------------------------------------------------------
2022-12-14 01:37:51.667 [Debug] local Time=1674917 Offset=63806576996750 Real=63806578671667

--------------------------------------------------------------------------------
2022-12-14 01:37:51.667 [Debug] real delta=59

--------------------------------------------------------------------------------
2022-12-14 01:37:51.667 [Debug] this.Statistics.Ping=0 NCPing=2

--------------------------------------------------------------------------------
2022-12-14 01:37:51.669 [Debug] Connection established to remote [00000000-0000-0000-0000-000000000000/127.0.0.1:5400].

--------------------------------------------------------------------------------
2022-12-14 01:37:51.669 [Info] Connected [00000000-0000-0000-0000-000000000000].

--------------------------------------------------------------------------------
2022-12-14 01:38:57.629 [Info] System window closing (due to user interaction most likely).

--------------------------------------------------------------------------------
2022-12-14 01:38:57.631 [Debug] StatusChanged: [NetIncomingMessage #0 10 bytes] [Disconnecting]

--------------------------------------------------------------------------------
2022-12-14 01:38:57.635 [Debug] StatusChanged: [NetIncomingMessage #0 14 bytes] [Disconnected]

--------------------------------------------------------------------------------
2022-12-14 01:38:57.678 [Info] Acquiring context lock... (0ms)

--------------------------------------------------------------------------------
2022-12-14 01:38:57.678 [Info] Acquired. (0ms)

--------------------------------------------------------------------------------
2022-12-14 01:38:57.679 [Info] Beginning context dispose. (0ms)

--------------------------------------------------------------------------------
2022-12-14 01:38:57.679 [Info] GC.SuppressFinalize (0ms)

--------------------------------------------------------------------------------
2022-12-14 01:38:57.679 [Info] InternalDispose() completed. (0ms)

--------------------------------------------------------------------------------
2022-12-14 01:38:57.679 [Info] Clearing instance... (1ms)

--------------------------------------------------------------------------------
2022-12-14 01:38:57.679 [Info] Releasing context lock... (1ms)

--------------------------------------------------------------------------------
2022-12-14 01:38:57.679 [Info] Released. (1ms)

--------------------------------------------------------------------------------
