2023-02-04 14:20:36.084 [Warn] Directory was specified as a plugin directory but does not exist: 'resources\plugins'

--------------------------------------------------------------------------------
2023-02-04 14:20:36.084 [Info] Discovered 0 plugins:


--------------------------------------------------------------------------------
2023-02-04 14:20:37.037 [Info] Connecting to 26.82.96.248:5400...

--------------------------------------------------------------------------------
2023-02-04 14:20:37.356 [Info] Connection approved [00000000-0000-0000-0000-000000000000].

--------------------------------------------------------------------------------
2023-02-04 14:20:37.404 [Debug] approval Time=2781721 Offset=63811114455612 Real=63811117237334

--------------------------------------------------------------------------------
2023-02-04 14:20:37.404 [Debug] local Time=2781721 Offset=63811114455682 Real=63811117237404

--------------------------------------------------------------------------------
2023-02-04 14:20:37.404 [Debug] real delta=70

--------------------------------------------------------------------------------
2023-02-04 14:20:37.404 [Debug] this.Statistics.Ping=0 NCPing=2

--------------------------------------------------------------------------------
2023-02-04 14:20:37.406 [Debug] Connection established to remote [00000000-0000-0000-0000-000000000000/26.82.96.248:5400].

--------------------------------------------------------------------------------
2023-02-04 14:20:37.406 [Info] Connected [00000000-0000-0000-0000-000000000000].

--------------------------------------------------------------------------------
2023-02-04 14:20:40.219 [Warn] 'Me' is null.

--------------------------------------------------------------------------------
2023-02-04 14:20:40.410 [Debug] received epp: 2784542

--------------------------------------------------------------------------------
2023-02-04 14:20:51.411 [Info] System window closing (due to user interaction most likely).

--------------------------------------------------------------------------------
2023-02-04 14:20:52.408 [Info] System window closing (due to user interaction most likely).

--------------------------------------------------------------------------------
2023-02-04 14:20:52.409 [Debug] StatusChanged: [NetIncomingMessage #229 10 bytes] [Disconnecting]

--------------------------------------------------------------------------------
2023-02-04 14:20:52.411 [Debug] StatusChanged: [NetIncomingMessage #230 14 bytes] [Disconnected]

--------------------------------------------------------------------------------
2023-02-04 14:20:52.461 [Info] Acquiring context lock... (0ms)

--------------------------------------------------------------------------------
2023-02-04 14:20:52.461 [Info] Acquired. (0ms)

--------------------------------------------------------------------------------
2023-02-04 14:20:52.461 [Info] Beginning context dispose. (0ms)

--------------------------------------------------------------------------------
2023-02-04 14:20:52.461 [Info] GC.SuppressFinalize (0ms)

--------------------------------------------------------------------------------
2023-02-04 14:20:52.461 [Info] InternalDispose() completed. (0ms)

--------------------------------------------------------------------------------
2023-02-04 14:20:52.461 [Info] Clearing instance... (1ms)

--------------------------------------------------------------------------------
2023-02-04 14:20:52.461 [Info] Releasing context lock... (1ms)

--------------------------------------------------------------------------------
2023-02-04 14:20:52.461 [Info] Released. (1ms)

--------------------------------------------------------------------------------
