2022-12-14 11:28:02.652 [Warn] Directory was specified as a plugin directory but does not exist: 'resources\plugins'

--------------------------------------------------------------------------------
2022-12-14 11:28:02.652 [Info] Discovered 0 plugins:


--------------------------------------------------------------------------------
2022-12-14 11:28:03.459 [Info] Connecting to 127.0.0.1:5400...

--------------------------------------------------------------------------------
2022-12-14 11:28:03.724 [Info] Connection approved [00000000-0000-0000-0000-000000000000].

--------------------------------------------------------------------------------
2022-12-14 11:28:03.763 [Debug] approval Time=11258619 Offset=63806602825084 Real=63806614083703

--------------------------------------------------------------------------------
2022-12-14 11:28:03.763 [Debug] local Time=11258619 Offset=63806602825144 Real=63806614083763

--------------------------------------------------------------------------------
2022-12-14 11:28:03.763 [Debug] real delta=60

--------------------------------------------------------------------------------
2022-12-14 11:28:03.763 [Debug] this.Statistics.Ping=0 NCPing=3

--------------------------------------------------------------------------------
2022-12-14 11:28:03.764 [Debug] Connection established to remote [00000000-0000-0000-0000-000000000000/127.0.0.1:5400].

--------------------------------------------------------------------------------
2022-12-14 11:28:03.764 [Info] Connected [00000000-0000-0000-0000-000000000000].

--------------------------------------------------------------------------------
2022-12-14 11:28:06.616 [Warn] 'Me' is null.

--------------------------------------------------------------------------------
2022-12-14 11:28:06.785 [Debug] received epp: 11261469

--------------------------------------------------------------------------------
2022-12-14 11:28:15.945 [Debug] received epp: 11270852

--------------------------------------------------------------------------------
2022-12-14 11:32:54.418 [Debug] received epp: 11549321

--------------------------------------------------------------------------------
2022-12-14 11:32:56.910 [Debug] received epp: 11551808

--------------------------------------------------------------------------------
2022-12-14 11:32:57.784 [Debug] received epp: 11552681

--------------------------------------------------------------------------------
2022-12-14 11:32:58.617 [Debug] received epp: 11553527

--------------------------------------------------------------------------------
2022-12-14 11:32:59.736 [Debug] received epp: 11554624

--------------------------------------------------------------------------------
2022-12-14 11:33:00.569 [Debug] received epp: 11555463

--------------------------------------------------------------------------------
2022-12-14 11:33:03.312 [Debug] received epp: 11558190

--------------------------------------------------------------------------------
2022-12-14 11:33:04.148 [Debug] received epp: 11559042

--------------------------------------------------------------------------------
2022-12-14 11:33:05.005 [Debug] received epp: 11559904

--------------------------------------------------------------------------------
2022-12-14 11:33:05.904 [Debug] received epp: 11560806

--------------------------------------------------------------------------------
2022-12-14 11:33:07.419 [Debug] received epp: 11562322

--------------------------------------------------------------------------------
2022-12-14 11:33:11.406 [Debug] received epp: 11566306

--------------------------------------------------------------------------------
2022-12-14 11:33:12.239 [Debug] received epp: 11567150

--------------------------------------------------------------------------------
2022-12-14 11:33:13.097 [Debug] received epp: 11568011

--------------------------------------------------------------------------------
2022-12-14 11:33:13.952 [Debug] received epp: 11568853

--------------------------------------------------------------------------------
2022-12-14 11:33:14.784 [Debug] received epp: 11569697

--------------------------------------------------------------------------------
2022-12-14 11:33:15.666 [Debug] received epp: 11570558

--------------------------------------------------------------------------------
2022-12-14 11:33:16.522 [Debug] received epp: 11571417

--------------------------------------------------------------------------------
2022-12-14 11:33:17.401 [Debug] received epp: 11572300

--------------------------------------------------------------------------------
2022-12-14 11:33:18.327 [Debug] received epp: 11573228

--------------------------------------------------------------------------------
2022-12-14 11:33:19.182 [Debug] received epp: 11574076

--------------------------------------------------------------------------------
2022-12-14 11:33:20.192 [Debug] received epp: 11575087

--------------------------------------------------------------------------------
2022-12-14 11:33:21.028 [Debug] received epp: 11575933

--------------------------------------------------------------------------------
2022-12-14 11:33:22.414 [Debug] received epp: 11577296

--------------------------------------------------------------------------------
2022-12-14 11:33:23.647 [Debug] received epp: 11578542

--------------------------------------------------------------------------------
2022-12-14 11:33:24.569 [Debug] received epp: 11579455

--------------------------------------------------------------------------------
2022-12-14 11:33:25.557 [Debug] received epp: 11580451

--------------------------------------------------------------------------------
2022-12-14 11:33:26.507 [Debug] received epp: 11581404

--------------------------------------------------------------------------------
2022-12-14 11:33:27.366 [Debug] received epp: 11582258

--------------------------------------------------------------------------------
2022-12-14 11:33:29.036 [Debug] received epp: 11583934

--------------------------------------------------------------------------------
2022-12-14 11:33:29.959 [Debug] received epp: 11584869

--------------------------------------------------------------------------------
2022-12-14 11:33:30.862 [Debug] received epp: 11585749

--------------------------------------------------------------------------------
2022-12-14 11:33:32.047 [Debug] received epp: 11586947

--------------------------------------------------------------------------------
2022-12-14 11:33:33.215 [Debug] received epp: 11588104

--------------------------------------------------------------------------------
2022-12-14 11:33:34.602 [Debug] received epp: 11589484

--------------------------------------------------------------------------------
2022-12-14 11:33:35.567 [Debug] received epp: 11590466

--------------------------------------------------------------------------------
2022-12-14 11:33:36.665 [Debug] received epp: 11591556

--------------------------------------------------------------------------------
2022-12-14 11:33:37.498 [Debug] received epp: 11592400

--------------------------------------------------------------------------------
2022-12-14 11:33:47.086 [Info] System window closing (due to user interaction most likely).

--------------------------------------------------------------------------------
2022-12-14 11:33:47.087 [Debug] StatusChanged: [NetIncomingMessage #474 10 bytes] [Disconnecting]

--------------------------------------------------------------------------------
2022-12-14 11:33:47.090 [Debug] StatusChanged: [NetIncomingMessage #687 14 bytes] [Disconnected]

--------------------------------------------------------------------------------
2022-12-14 11:33:47.126 [Info] Acquiring context lock... (0ms)

--------------------------------------------------------------------------------
2022-12-14 11:33:47.126 [Info] Acquired. (0ms)

--------------------------------------------------------------------------------
2022-12-14 11:33:47.127 [Info] Beginning context dispose. (0ms)

--------------------------------------------------------------------------------
2022-12-14 11:33:47.127 [Info] GC.SuppressFinalize (0ms)

--------------------------------------------------------------------------------
2022-12-14 11:33:47.127 [Info] InternalDispose() completed. (0ms)

--------------------------------------------------------------------------------
2022-12-14 11:33:47.127 [Info] Clearing instance... (1ms)

--------------------------------------------------------------------------------
2022-12-14 11:33:47.127 [Info] Releasing context lock... (1ms)

--------------------------------------------------------------------------------
2022-12-14 11:33:47.127 [Info] Released. (1ms)

--------------------------------------------------------------------------------
