2022-12-14 02:18:48.908 [Warn] Directory was specified as a plugin directory but does not exist: 'resources\plugins'

--------------------------------------------------------------------------------
2022-12-14 02:18:48.931 [Info] Discovered 0 plugins:


--------------------------------------------------------------------------------
2022-12-14 02:18:49.657 [Info] Connecting to 127.0.0.1:5400...

--------------------------------------------------------------------------------
2022-12-14 02:18:50.043 [Info] Connection approved [00000000-0000-0000-0000-000000000000].

--------------------------------------------------------------------------------
2022-12-14 02:18:50.101 [Debug] approval Time=2062410 Offset=63806579067612 Real=63806581130022

--------------------------------------------------------------------------------
2022-12-14 02:18:50.101 [Debug] local Time=2062410 Offset=63806579067690 Real=63806581130101

--------------------------------------------------------------------------------
2022-12-14 02:18:50.101 [Debug] real delta=78

--------------------------------------------------------------------------------
2022-12-14 02:18:50.101 [Debug] this.Statistics.Ping=0 NCPing=1

--------------------------------------------------------------------------------
2022-12-14 02:18:50.102 [Debug] Connection established to remote [00000000-0000-0000-0000-000000000000/127.0.0.1:5400].

--------------------------------------------------------------------------------
2022-12-14 02:18:50.103 [Info] Connected [00000000-0000-0000-0000-000000000000].

--------------------------------------------------------------------------------
2022-12-14 02:21:53.556 [Info] System window closing (due to user interaction most likely).

--------------------------------------------------------------------------------
2022-12-14 02:21:53.558 [Debug] StatusChanged: [NetIncomingMessage #0 10 bytes] [Disconnecting]

--------------------------------------------------------------------------------
2022-12-14 02:21:53.563 [Debug] StatusChanged: [NetIncomingMessage #0 14 bytes] [Disconnected]

--------------------------------------------------------------------------------
2022-12-14 02:21:53.611 [Info] Acquiring context lock... (0ms)

--------------------------------------------------------------------------------
2022-12-14 02:21:53.611 [Info] Acquired. (0ms)

--------------------------------------------------------------------------------
2022-12-14 02:21:53.611 [Info] Beginning context dispose. (0ms)

--------------------------------------------------------------------------------
2022-12-14 02:21:53.612 [Info] GC.SuppressFinalize (0ms)

--------------------------------------------------------------------------------
2022-12-14 02:21:53.612 [Info] InternalDispose() completed. (0ms)

--------------------------------------------------------------------------------
2022-12-14 02:21:53.612 [Info] Clearing instance... (0ms)

--------------------------------------------------------------------------------
2022-12-14 02:21:53.612 [Info] Releasing context lock... (0ms)

--------------------------------------------------------------------------------
2022-12-14 02:21:53.612 [Info] Released. (0ms)

--------------------------------------------------------------------------------
