2023-01-02 04:59:36.909 [Warn] Directory was specified as a plugin directory but does not exist: 'resources\plugins'

--------------------------------------------------------------------------------
2023-01-02 04:59:36.914 [Info] Discovered 0 plugins:


--------------------------------------------------------------------------------
2023-01-02 04:59:37.678 [Info] Connecting to 26.82.96.248:5400...

--------------------------------------------------------------------------------
2023-01-02 04:59:38.404 [Info] Connection approved [00000000-0000-0000-0000-000000000000].

--------------------------------------------------------------------------------
2023-01-02 04:59:38.477 [Debug] approval Time=12611 Offset=63808232365715 Real=63808232378326

--------------------------------------------------------------------------------
2023-01-02 04:59:38.478 [Debug] local Time=12611 Offset=63808232365866 Real=63808232378477

--------------------------------------------------------------------------------
2023-01-02 04:59:38.478 [Debug] real delta=151

--------------------------------------------------------------------------------
2023-01-02 04:59:38.478 [Debug] this.Statistics.Ping=0 NCPing=3

--------------------------------------------------------------------------------
2023-01-02 04:59:38.479 [Debug] Connection established to remote [00000000-0000-0000-0000-000000000000/26.82.96.248:5400].

--------------------------------------------------------------------------------
2023-01-02 04:59:38.479 [Info] Connected [00000000-0000-0000-0000-000000000000].

--------------------------------------------------------------------------------
2023-01-02 04:59:59.661 [Warn] 'Me' is null.

--------------------------------------------------------------------------------
2023-01-02 04:59:59.856 [Debug] received epp: 34032

--------------------------------------------------------------------------------
2023-01-02 05:05:41.866 [Info] System window closing (due to user interaction most likely).

--------------------------------------------------------------------------------
2023-01-02 05:05:41.867 [Debug] StatusChanged: [NetIncomingMessage #0 10 bytes] [Disconnecting]

--------------------------------------------------------------------------------
2023-01-02 05:05:41.871 [Debug] StatusChanged: [NetIncomingMessage #0 14 bytes] [Disconnected]

--------------------------------------------------------------------------------
2023-01-02 05:05:41.918 [Info] Acquiring context lock... (0ms)

--------------------------------------------------------------------------------
2023-01-02 05:05:41.918 [Info] Acquired. (0ms)

--------------------------------------------------------------------------------
2023-01-02 05:05:41.919 [Info] Beginning context dispose. (0ms)

--------------------------------------------------------------------------------
2023-01-02 05:05:41.919 [Info] GC.SuppressFinalize (0ms)

--------------------------------------------------------------------------------
2023-01-02 05:05:41.919 [Info] InternalDispose() completed. (0ms)

--------------------------------------------------------------------------------
2023-01-02 05:05:41.919 [Info] Clearing instance... (1ms)

--------------------------------------------------------------------------------
2023-01-02 05:05:41.919 [Info] Releasing context lock... (1ms)

--------------------------------------------------------------------------------
2023-01-02 05:05:41.919 [Info] Released. (1ms)

--------------------------------------------------------------------------------
