2023-01-02 12:58:59.213 [Warn] Directory was specified as a plugin directory but does not exist: 'resources\plugins'

--------------------------------------------------------------------------------
2023-01-02 12:58:59.235 [Info] Discovered 0 plugins:


--------------------------------------------------------------------------------
2023-01-02 12:59:00.101 [Info] Connecting to 26.82.96.248:5400...

--------------------------------------------------------------------------------
2023-01-02 12:59:00.501 [Info] Connection approved [00000000-0000-0000-0000-000000000000].

--------------------------------------------------------------------------------
2023-01-02 12:59:00.559 [Debug] approval Time=381065 Offset=63808260759413 Real=63808261140479

--------------------------------------------------------------------------------
2023-01-02 12:59:00.559 [Debug] local Time=381065 Offset=63808260759493 Real=63808261140559

--------------------------------------------------------------------------------
2023-01-02 12:59:00.559 [Debug] real delta=79

--------------------------------------------------------------------------------
2023-01-02 12:59:00.559 [Debug] this.Statistics.Ping=0 NCPing=4

--------------------------------------------------------------------------------
2023-01-02 12:59:00.560 [Debug] Connection established to remote [00000000-0000-0000-0000-000000000000/26.82.96.248:5400].

--------------------------------------------------------------------------------
2023-01-02 12:59:00.560 [Info] Connected [00000000-0000-0000-0000-000000000000].

--------------------------------------------------------------------------------
2023-01-02 12:59:04.490 [Warn] 'Me' is null.

--------------------------------------------------------------------------------
2023-01-02 12:59:04.742 [Debug] received epp: 385003

--------------------------------------------------------------------------------
2023-01-02 13:00:29.063 [Info] System window closing (due to user interaction most likely).

--------------------------------------------------------------------------------
2023-01-02 13:00:29.065 [Debug] StatusChanged: [NetIncomingMessage #0 10 bytes] [Disconnecting]

--------------------------------------------------------------------------------
2023-01-02 13:00:29.070 [Debug] StatusChanged: [NetIncomingMessage #0 14 bytes] [Disconnected]

--------------------------------------------------------------------------------
2023-01-02 13:00:29.107 [Info] Acquiring context lock... (0ms)

--------------------------------------------------------------------------------
2023-01-02 13:00:29.107 [Info] Acquired. (0ms)

--------------------------------------------------------------------------------
2023-01-02 13:00:29.108 [Info] Beginning context dispose. (0ms)

--------------------------------------------------------------------------------
2023-01-02 13:00:29.108 [Info] GC.SuppressFinalize (0ms)

--------------------------------------------------------------------------------
2023-01-02 13:00:29.108 [Info] InternalDispose() completed. (0ms)

--------------------------------------------------------------------------------
2023-01-02 13:00:29.108 [Info] Clearing instance... (0ms)

--------------------------------------------------------------------------------
2023-01-02 13:00:29.108 [Info] Releasing context lock... (0ms)

--------------------------------------------------------------------------------
2023-01-02 13:00:29.108 [Info] Released. (0ms)

--------------------------------------------------------------------------------
