2022-12-14 09:31:11.817 [Warn] Directory was specified as a plugin directory but does not exist: 'resources\plugins'

--------------------------------------------------------------------------------
2022-12-14 09:31:11.829 [Info] Discovered 0 plugins:


--------------------------------------------------------------------------------
2022-12-14 09:31:12.818 [Info] Connecting to 127.0.0.1:5400...

--------------------------------------------------------------------------------
2022-12-14 09:31:13.133 [Info] Connection approved [00000000-0000-0000-0000-000000000000].

--------------------------------------------------------------------------------
2022-12-14 09:31:13.182 [Debug] approval Time=4248041 Offset=63806602825084 Real=63806607073125

--------------------------------------------------------------------------------
2022-12-14 09:31:13.182 [Debug] local Time=4248041 Offset=63806602825140 Real=63806607073182

--------------------------------------------------------------------------------
2022-12-14 09:31:13.182 [Debug] real delta=56

--------------------------------------------------------------------------------
2022-12-14 09:31:13.182 [Debug] this.Statistics.Ping=0 NCPing=1

--------------------------------------------------------------------------------
2022-12-14 09:31:13.183 [Debug] Connection established to remote [00000000-0000-0000-0000-000000000000/127.0.0.1:5400].

--------------------------------------------------------------------------------
2022-12-14 09:31:13.184 [Info] Connected [00000000-0000-0000-0000-000000000000].

--------------------------------------------------------------------------------
2022-12-14 09:31:30.091 [Warn] 'Me' is null.

--------------------------------------------------------------------------------
2022-12-14 09:31:30.260 [Debug] received epp: 4264949

--------------------------------------------------------------------------------
2022-12-14 09:33:02.915 [Info] System window closing (due to user interaction most likely).

--------------------------------------------------------------------------------
2022-12-14 09:33:02.916 [Debug] StatusChanged: [NetIncomingMessage #13 10 bytes] [Disconnecting]

--------------------------------------------------------------------------------
2022-12-14 09:33:02.920 [Debug] StatusChanged: [NetIncomingMessage #0 14 bytes] [Disconnected]

--------------------------------------------------------------------------------
2022-12-14 09:33:02.975 [Info] Acquiring context lock... (0ms)

--------------------------------------------------------------------------------
2022-12-14 09:33:02.975 [Info] Acquired. (0ms)

--------------------------------------------------------------------------------
2022-12-14 09:33:02.976 [Info] Beginning context dispose. (0ms)

--------------------------------------------------------------------------------
2022-12-14 09:33:02.976 [Info] GC.SuppressFinalize (0ms)

--------------------------------------------------------------------------------
2022-12-14 09:33:02.976 [Info] InternalDispose() completed. (0ms)

--------------------------------------------------------------------------------
2022-12-14 09:33:02.976 [Info] Clearing instance... (0ms)

--------------------------------------------------------------------------------
2022-12-14 09:33:02.976 [Info] Releasing context lock... (1ms)

--------------------------------------------------------------------------------
2022-12-14 09:33:02.976 [Info] Released. (1ms)

--------------------------------------------------------------------------------
