2023-02-03 15:36:25.101 [Warn] Directory was specified as a plugin directory but does not exist: 'resources\plugins'

--------------------------------------------------------------------------------
2023-02-03 15:36:25.106 [Info] Discovered 0 plugins:


--------------------------------------------------------------------------------
2023-02-03 15:36:26.079 [Info] Connecting to 26.82.96.248:5400...

--------------------------------------------------------------------------------
2023-02-03 15:36:26.331 [Info] Connection approved [00000000-0000-0000-0000-000000000000].

--------------------------------------------------------------------------------
2023-02-03 15:36:26.378 [Debug] approval Time=18211658 Offset=63811017174663 Real=63811035386321

--------------------------------------------------------------------------------
2023-02-03 15:36:26.379 [Debug] local Time=18211658 Offset=63811017174720 Real=63811035386378

--------------------------------------------------------------------------------
2023-02-03 15:36:26.379 [Debug] real delta=56

--------------------------------------------------------------------------------
2023-02-03 15:36:26.379 [Debug] this.Statistics.Ping=0 NCPing=2

--------------------------------------------------------------------------------
2023-02-03 15:36:26.380 [Debug] Connection established to remote [00000000-0000-0000-0000-000000000000/26.82.96.248:5400].

--------------------------------------------------------------------------------
2023-02-03 15:36:26.380 [Info] Connected [00000000-0000-0000-0000-000000000000].

--------------------------------------------------------------------------------
2023-02-03 15:36:28.098 [Warn] 'Me' is null.

--------------------------------------------------------------------------------
2023-02-03 15:36:28.272 [Debug] received epp: 18213383

--------------------------------------------------------------------------------
2023-02-03 15:42:11.921 [Info] System window closing (due to user interaction most likely).

--------------------------------------------------------------------------------
2023-02-03 15:42:11.922 [Debug] StatusChanged: [NetIncomingMessage #126 10 bytes] [Disconnecting]

--------------------------------------------------------------------------------
2023-02-03 15:42:11.924 [Debug] StatusChanged: [NetIncomingMessage #127 10 bytes] [Disconnected]

--------------------------------------------------------------------------------
2023-02-03 15:42:11.924 [Debug] Connection terminated to remote [00000000-0000-0000-0000-000000000000/26.82.96.248:5400].

--------------------------------------------------------------------------------
2023-02-03 15:42:11.924 [Info] Disconnected [00000000-0000-0000-0000-000000000000].

--------------------------------------------------------------------------------
2023-02-03 15:42:11.924 [Info] Connecting to 26.82.96.248:5400...

--------------------------------------------------------------------------------
2023-02-03 15:42:11.991 [Info] Acquiring context lock... (0ms)

--------------------------------------------------------------------------------
2023-02-03 15:42:11.991 [Info] Acquired. (0ms)

--------------------------------------------------------------------------------
2023-02-03 15:42:11.992 [Info] Beginning context dispose. (0ms)

--------------------------------------------------------------------------------
2023-02-03 15:42:11.992 [Info] GC.SuppressFinalize (0ms)

--------------------------------------------------------------------------------
2023-02-03 15:42:11.992 [Info] InternalDispose() completed. (0ms)

--------------------------------------------------------------------------------
2023-02-03 15:42:11.992 [Info] Clearing instance... (1ms)

--------------------------------------------------------------------------------
2023-02-03 15:42:11.992 [Info] Releasing context lock... (1ms)

--------------------------------------------------------------------------------
2023-02-03 15:42:11.992 [Info] Released. (1ms)

--------------------------------------------------------------------------------
