2022-12-14 09:18:31.077 [Warn] Directory was specified as a plugin directory but does not exist: 'resources\plugins'

--------------------------------------------------------------------------------
2022-12-14 09:18:31.080 [Info] Discovered 0 plugins:


--------------------------------------------------------------------------------
2022-12-14 09:18:31.734 [Info] Connecting to 127.0.0.1:5400...

--------------------------------------------------------------------------------
2022-12-14 09:18:32.021 [Info] Connection approved [00000000-0000-0000-0000-000000000000].

--------------------------------------------------------------------------------
2022-12-14 09:18:32.067 [Debug] approval Time=3486921 Offset=63806602825084 Real=63806606312005

--------------------------------------------------------------------------------
2022-12-14 09:18:32.068 [Debug] local Time=3486921 Offset=63806602825146 Real=63806606312067

--------------------------------------------------------------------------------
2022-12-14 09:18:32.068 [Debug] real delta=62

--------------------------------------------------------------------------------
2022-12-14 09:18:32.068 [Debug] this.Statistics.Ping=0 NCPing=1

--------------------------------------------------------------------------------
2022-12-14 09:18:32.069 [Debug] Connection established to remote [00000000-0000-0000-0000-000000000000/127.0.0.1:5400].

--------------------------------------------------------------------------------
2022-12-14 09:18:32.072 [Info] Connected [00000000-0000-0000-0000-000000000000].

--------------------------------------------------------------------------------
2022-12-14 09:18:36.457 [Warn] 'Me' is null.

--------------------------------------------------------------------------------
2022-12-14 09:18:36.624 [Debug] received epp: 3491308

--------------------------------------------------------------------------------
2022-12-14 09:18:51.129 [Info] System window closing (due to user interaction most likely).

--------------------------------------------------------------------------------
2022-12-14 09:18:51.130 [Debug] StatusChanged: [NetIncomingMessage #10 10 bytes] [Disconnecting]

--------------------------------------------------------------------------------
2022-12-14 09:18:51.135 [Debug] StatusChanged: [NetIncomingMessage #44 14 bytes] [Disconnected]

--------------------------------------------------------------------------------
2022-12-14 09:18:51.199 [Info] Acquiring context lock... (0ms)

--------------------------------------------------------------------------------
2022-12-14 09:18:51.199 [Info] Acquired. (0ms)

--------------------------------------------------------------------------------
2022-12-14 09:18:51.199 [Info] Beginning context dispose. (0ms)

--------------------------------------------------------------------------------
2022-12-14 09:18:51.200 [Info] GC.SuppressFinalize (0ms)

--------------------------------------------------------------------------------
2022-12-14 09:18:51.200 [Info] InternalDispose() completed. (0ms)

--------------------------------------------------------------------------------
2022-12-14 09:18:51.200 [Info] Clearing instance... (1ms)

--------------------------------------------------------------------------------
2022-12-14 09:18:51.200 [Info] Releasing context lock... (1ms)

--------------------------------------------------------------------------------
2022-12-14 09:18:51.200 [Info] Released. (1ms)

--------------------------------------------------------------------------------
