2023-02-03 16:37:06.164 [Info] Connecting to 26.82.96.248:5400...

--------------------------------------------------------------------------------
2023-02-03 16:37:06.455 [Info] Connection approved [00000000-0000-0000-0000-000000000000].

--------------------------------------------------------------------------------
2023-02-03 16:37:06.492 [Debug] approval Time=21851778 Offset=63811017174663 Real=63811039026441

--------------------------------------------------------------------------------
2023-02-03 16:37:06.492 [Debug] local Time=21851778 Offset=63811017174713 Real=63811039026492

--------------------------------------------------------------------------------
2023-02-03 16:37:06.498 [Debug] real delta=50

--------------------------------------------------------------------------------
2023-02-03 16:37:06.498 [Debug] this.Statistics.Ping=0 NCPing=0

--------------------------------------------------------------------------------
2023-02-03 16:37:06.500 [Debug] Connection established to remote [00000000-0000-0000-0000-000000000000/26.82.96.248:5400].

--------------------------------------------------------------------------------
2023-02-03 16:37:06.500 [Info] Connected [00000000-0000-0000-0000-000000000000].

--------------------------------------------------------------------------------
2023-02-03 17:21:53.249 [Debug] StatusChanged: [NetIncomingMessage #0 14 bytes] [Disconnected]

--------------------------------------------------------------------------------
2023-02-03 17:21:53.250 [Debug] Connection terminated to remote [00000000-0000-0000-0000-000000000000/26.82.96.248:5400].

--------------------------------------------------------------------------------
2023-02-03 17:21:53.250 [Info] Disconnected [00000000-0000-0000-0000-000000000000].

--------------------------------------------------------------------------------
