2023-01-28 15:42:50.629 [Info] Connecting to 26.82.96.248:5400...

--------------------------------------------------------------------------------
2023-01-28 15:42:51.535 [Info] Connection approved [00000000-0000-0000-0000-000000000000].

--------------------------------------------------------------------------------
2023-01-28 15:42:51.652 [Debug] approval Time=6342547 Offset=63810511030330 Real=63810517372878

--------------------------------------------------------------------------------
2023-01-28 15:42:51.653 [Debug] local Time=6342547 Offset=63810511029105 Real=63810517371652

--------------------------------------------------------------------------------
2023-01-28 15:42:51.656 [Debug] real delta=-1225

--------------------------------------------------------------------------------
2023-01-28 15:42:51.656 [Debug] this.Statistics.Ping=0 NCPing=26

--------------------------------------------------------------------------------
2023-01-28 15:42:51.659 [Debug] Connection established to remote [00000000-0000-0000-0000-000000000000/26.82.96.248:5400].

--------------------------------------------------------------------------------
2023-01-28 15:42:51.660 [Info] Connected [00000000-0000-0000-0000-000000000000].

--------------------------------------------------------------------------------
2023-01-28 15:52:47.470 [Debug] StatusChanged: [NetIncomingMessage #0 10 bytes] [Disconnecting]

--------------------------------------------------------------------------------
2023-01-28 15:52:47.552 [Debug] StatusChanged: [NetIncomingMessage #0 10 bytes] [Disconnected]

--------------------------------------------------------------------------------
2023-01-28 15:52:47.552 [Debug] Connection terminated to remote [00000000-0000-0000-0000-000000000000/26.82.96.248:5400].

--------------------------------------------------------------------------------
2023-01-28 15:52:47.552 [Info] Disconnected [00000000-0000-0000-0000-000000000000].

--------------------------------------------------------------------------------
