2022-12-13 07:55:03.725 [Warn] Directory was specified as a plugin directory but does not exist: 'resources\plugins'

--------------------------------------------------------------------------------
2022-12-13 07:55:03.731 [Info] Discovered 0 plugins:


--------------------------------------------------------------------------------
2022-12-13 07:55:04.529 [Info] Connecting to 127.0.0.1:5400...

--------------------------------------------------------------------------------
2022-12-13 07:55:04.932 [Info] Connection approved [00000000-0000-0000-0000-000000000000].

--------------------------------------------------------------------------------
2022-12-13 07:55:04.994 [Debug] approval Time=1235759 Offset=63806513669151 Real=63806514904910

--------------------------------------------------------------------------------
2022-12-13 07:55:04.994 [Debug] local Time=1235759 Offset=63806513669234 Real=63806514904993

--------------------------------------------------------------------------------
2022-12-13 07:55:04.994 [Debug] real delta=83

--------------------------------------------------------------------------------
2022-12-13 07:55:04.994 [Debug] this.Statistics.Ping=0 NCPing=2

--------------------------------------------------------------------------------
2022-12-13 07:55:04.996 [Debug] Connection established to remote [00000000-0000-0000-0000-000000000000/127.0.0.1:5400].

--------------------------------------------------------------------------------
2022-12-13 07:55:04.997 [Info] Connected [00000000-0000-0000-0000-000000000000].

--------------------------------------------------------------------------------
2022-12-13 07:55:26.303 [Info] System window closing (due to user interaction most likely).

--------------------------------------------------------------------------------
2022-12-13 07:55:26.305 [Debug] StatusChanged: [NetIncomingMessage #0 10 bytes] [Disconnecting]

--------------------------------------------------------------------------------
2022-12-13 07:55:26.309 [Debug] StatusChanged: [NetIncomingMessage #0 14 bytes] [Disconnected]

--------------------------------------------------------------------------------
2022-12-13 07:55:26.350 [Info] Acquiring context lock... (0ms)

--------------------------------------------------------------------------------
2022-12-13 07:55:26.350 [Info] Acquired. (0ms)

--------------------------------------------------------------------------------
2022-12-13 07:55:26.351 [Info] Beginning context dispose. (0ms)

--------------------------------------------------------------------------------
2022-12-13 07:55:26.351 [Info] GC.SuppressFinalize (0ms)

--------------------------------------------------------------------------------
2022-12-13 07:55:26.351 [Info] InternalDispose() completed. (0ms)

--------------------------------------------------------------------------------
2022-12-13 07:55:26.351 [Info] Clearing instance... (0ms)

--------------------------------------------------------------------------------
2022-12-13 07:55:26.351 [Info] Releasing context lock... (0ms)

--------------------------------------------------------------------------------
2022-12-13 07:55:26.351 [Info] Released. (1ms)

--------------------------------------------------------------------------------
