2023-01-05 04:31:51.687 [Info] Connecting to 26.82.96.248:5400...

--------------------------------------------------------------------------------
2023-01-05 04:31:52.317 [Info] Connection approved [00000000-0000-0000-0000-000000000000].

--------------------------------------------------------------------------------
2023-01-05 04:31:52.364 [Debug] approval Time=40115 Offset=63808489872154 Real=63808489912270

--------------------------------------------------------------------------------
2023-01-05 04:31:52.364 [Debug] local Time=40115 Offset=63808489872248 Real=63808489912364

--------------------------------------------------------------------------------
2023-01-05 04:31:52.364 [Debug] real delta=94

--------------------------------------------------------------------------------
2023-01-05 04:31:52.364 [Debug] this.Statistics.Ping=0 NCPing=0

--------------------------------------------------------------------------------
2023-01-05 04:31:52.364 [Debug] Connection established to remote [00000000-0000-0000-0000-000000000000/26.82.96.248:5400].

--------------------------------------------------------------------------------
2023-01-05 04:31:52.364 [Info] Connected [00000000-0000-0000-0000-000000000000].

--------------------------------------------------------------------------------
2023-01-05 05:12:23.571 [Debug] StatusChanged: [NetIncomingMessage #0 14 bytes] [Disconnected]

--------------------------------------------------------------------------------
2023-01-05 05:12:23.572 [Debug] Connection terminated to remote [00000000-0000-0000-0000-000000000000/26.82.96.248:5400].

--------------------------------------------------------------------------------
2023-01-05 05:12:23.572 [Info] Disconnected [00000000-0000-0000-0000-000000000000].

--------------------------------------------------------------------------------
