2022-12-25 10:21:56.751 [Warn] Directory was specified as a plugin directory but does not exist: 'resources\plugins'

--------------------------------------------------------------------------------
2022-12-25 10:21:56.755 [Info] Discovered 0 plugins:


--------------------------------------------------------------------------------
2022-12-25 10:21:57.398 [Info] Connecting to 127.0.0.1:5400...

--------------------------------------------------------------------------------
2022-12-25 10:21:57.649 [Info] Connection approved [00000000-0000-0000-0000-000000000000].

--------------------------------------------------------------------------------
2022-12-25 10:21:57.691 [Debug] approval Time=366138 Offset=63807560151500 Real=63807560517639

--------------------------------------------------------------------------------
2022-12-25 10:21:57.691 [Debug] local Time=366138 Offset=63807560151553 Real=63807560517691

--------------------------------------------------------------------------------
2022-12-25 10:21:57.691 [Debug] real delta=52

--------------------------------------------------------------------------------
2022-12-25 10:21:57.691 [Debug] this.Statistics.Ping=0 NCPing=2

--------------------------------------------------------------------------------
2022-12-25 10:21:57.693 [Debug] Connection established to remote [00000000-0000-0000-0000-000000000000/127.0.0.1:5400].

--------------------------------------------------------------------------------
2022-12-25 10:21:57.693 [Info] Connected [00000000-0000-0000-0000-000000000000].

--------------------------------------------------------------------------------
2022-12-25 10:22:02.012 [Warn] 'Me' is null.

--------------------------------------------------------------------------------
2022-12-25 10:22:02.183 [Debug] received epp: 370442

--------------------------------------------------------------------------------
2022-12-25 10:22:10.547 [Info] System window closing (due to user interaction most likely).

--------------------------------------------------------------------------------
2022-12-25 10:22:10.548 [Debug] StatusChanged: [NetIncomingMessage #13 10 bytes] [Disconnecting]

--------------------------------------------------------------------------------
2022-12-25 10:22:10.554 [Debug] StatusChanged: [NetIncomingMessage #14 14 bytes] [Disconnected]

--------------------------------------------------------------------------------
2022-12-25 10:22:10.602 [Info] Acquiring context lock... (0ms)

--------------------------------------------------------------------------------
2022-12-25 10:22:10.602 [Info] Acquired. (0ms)

--------------------------------------------------------------------------------
2022-12-25 10:22:10.603 [Info] Beginning context dispose. (0ms)

--------------------------------------------------------------------------------
2022-12-25 10:22:10.603 [Info] GC.SuppressFinalize (0ms)

--------------------------------------------------------------------------------
2022-12-25 10:22:10.603 [Info] InternalDispose() completed. (0ms)

--------------------------------------------------------------------------------
2022-12-25 10:22:10.603 [Info] Clearing instance... (0ms)

--------------------------------------------------------------------------------
2022-12-25 10:22:10.603 [Info] Releasing context lock... (1ms)

--------------------------------------------------------------------------------
2022-12-25 10:22:10.603 [Info] Released. (1ms)

--------------------------------------------------------------------------------
