2023-01-31 13:33:36.606 [Warn] Directory was specified as a plugin directory but does not exist: 'resources\plugins'

--------------------------------------------------------------------------------
2023-01-31 13:33:36.606 [Info] Discovered 0 plugins:


--------------------------------------------------------------------------------
2023-01-31 13:33:37.153 [Info] Connecting to 26.82.96.248:5400...

--------------------------------------------------------------------------------
2023-01-31 13:33:37.414 [Info] Connection approved [00000000-0000-0000-0000-000000000000].

--------------------------------------------------------------------------------
2023-01-31 13:33:37.454 [Debug] approval Time=619980 Offset=63810768197427 Real=63810768817407

--------------------------------------------------------------------------------
2023-01-31 13:33:37.454 [Debug] local Time=619980 Offset=63810768197474 Real=63810768817454

--------------------------------------------------------------------------------
2023-01-31 13:33:37.454 [Debug] real delta=46

--------------------------------------------------------------------------------
2023-01-31 13:33:37.454 [Debug] this.Statistics.Ping=0 NCPing=1

--------------------------------------------------------------------------------
2023-01-31 13:33:37.456 [Debug] Connection established to remote [00000000-0000-0000-0000-000000000000/26.82.96.248:5400].

--------------------------------------------------------------------------------
2023-01-31 13:33:37.456 [Info] Connected [00000000-0000-0000-0000-000000000000].

--------------------------------------------------------------------------------
