2023-02-04 13:54:43.760 [Warn] Directory was specified as a plugin directory but does not exist: 'resources\plugins'

--------------------------------------------------------------------------------
2023-02-04 13:54:43.760 [Info] Discovered 0 plugins:


--------------------------------------------------------------------------------
2023-02-04 13:54:44.386 [Info] Connecting to 26.82.96.248:5400...

--------------------------------------------------------------------------------
2023-02-04 13:54:44.650 [Info] Connection approved [00000000-0000-0000-0000-000000000000].

--------------------------------------------------------------------------------
2023-02-04 13:54:44.695 [Debug] approval Time=1229026 Offset=63811114455612 Real=63811115684639

--------------------------------------------------------------------------------
2023-02-04 13:54:44.695 [Debug] local Time=1229026 Offset=63811114455669 Real=63811115684695

--------------------------------------------------------------------------------
2023-02-04 13:54:44.695 [Debug] real delta=56

--------------------------------------------------------------------------------
2023-02-04 13:54:44.695 [Debug] this.Statistics.Ping=0 NCPing=2

--------------------------------------------------------------------------------
2023-02-04 13:54:44.697 [Debug] Connection established to remote [00000000-0000-0000-0000-000000000000/26.82.96.248:5400].

--------------------------------------------------------------------------------
2023-02-04 13:54:44.697 [Info] Connected [00000000-0000-0000-0000-000000000000].

--------------------------------------------------------------------------------
2023-02-04 13:54:46.242 [Warn] 'Me' is null.

--------------------------------------------------------------------------------
2023-02-04 13:54:46.447 [Debug] received epp: 1230561

--------------------------------------------------------------------------------
2023-02-04 13:55:27.248 [Debug] received epp: 1271600

--------------------------------------------------------------------------------
2023-02-04 13:56:21.754 [Debug] received epp: 1326124

--------------------------------------------------------------------------------
2023-02-04 13:56:59.678 [Info] System window closing (due to user interaction most likely).

--------------------------------------------------------------------------------
2023-02-04 13:57:00.463 [Info] System window closing (due to user interaction most likely).

--------------------------------------------------------------------------------
2023-02-04 13:57:00.466 [Debug] StatusChanged: [NetIncomingMessage #562 10 bytes] [Disconnecting]

--------------------------------------------------------------------------------
2023-02-04 13:57:00.468 [Debug] StatusChanged: [NetIncomingMessage #563 14 bytes] [Disconnected]

--------------------------------------------------------------------------------
2023-02-04 13:57:00.522 [Info] Acquiring context lock... (0ms)

--------------------------------------------------------------------------------
2023-02-04 13:57:00.522 [Info] Acquired. (0ms)

--------------------------------------------------------------------------------
2023-02-04 13:57:00.522 [Info] Beginning context dispose. (0ms)

--------------------------------------------------------------------------------
2023-02-04 13:57:00.522 [Info] GC.SuppressFinalize (0ms)

--------------------------------------------------------------------------------
2023-02-04 13:57:00.522 [Info] InternalDispose() completed. (0ms)

--------------------------------------------------------------------------------
2023-02-04 13:57:00.522 [Info] Clearing instance... (0ms)

--------------------------------------------------------------------------------
2023-02-04 13:57:00.522 [Info] Releasing context lock... (0ms)

--------------------------------------------------------------------------------
2023-02-04 13:57:00.522 [Info] Released. (0ms)

--------------------------------------------------------------------------------
