2023-02-04 13:47:47.395 [Warn] Directory was specified as a plugin directory but does not exist: 'resources\plugins'

--------------------------------------------------------------------------------
2023-02-04 13:47:47.395 [Info] Discovered 0 plugins:


--------------------------------------------------------------------------------
2023-02-04 13:47:48.201 [Info] Connecting to 26.82.96.248:5400...

--------------------------------------------------------------------------------
2023-02-04 13:47:48.451 [Info] Connection approved [00000000-0000-0000-0000-000000000000].

--------------------------------------------------------------------------------
2023-02-04 13:47:48.496 [Debug] approval Time=812830 Offset=63811114455612 Real=63811115268442

--------------------------------------------------------------------------------
2023-02-04 13:47:48.496 [Debug] local Time=812830 Offset=63811114455666 Real=63811115268496

--------------------------------------------------------------------------------
2023-02-04 13:47:48.496 [Debug] real delta=53

--------------------------------------------------------------------------------
2023-02-04 13:47:48.496 [Debug] this.Statistics.Ping=0 NCPing=1

--------------------------------------------------------------------------------
2023-02-04 13:47:48.498 [Debug] Connection established to remote [00000000-0000-0000-0000-000000000000/26.82.96.248:5400].

--------------------------------------------------------------------------------
2023-02-04 13:47:48.498 [Info] Connected [00000000-0000-0000-0000-000000000000].

--------------------------------------------------------------------------------
2023-02-04 13:47:49.962 [Warn] 'Me' is null.

--------------------------------------------------------------------------------
2023-02-04 13:47:50.152 [Debug] received epp: 814284

--------------------------------------------------------------------------------
2023-02-04 13:48:14.462 [Debug] received epp: 838822

--------------------------------------------------------------------------------
2023-02-04 13:49:08.307 [Debug] received epp: 892673

--------------------------------------------------------------------------------
2023-02-04 13:50:02.559 [Debug] received epp: 946920

--------------------------------------------------------------------------------
2023-02-04 13:50:21.183 [Info] System window closing (due to user interaction most likely).

--------------------------------------------------------------------------------
2023-02-04 13:50:22.119 [Info] System window closing (due to user interaction most likely).

--------------------------------------------------------------------------------
2023-02-04 13:50:22.122 [Debug] StatusChanged: [NetIncomingMessage #886 10 bytes] [Disconnecting]

--------------------------------------------------------------------------------
2023-02-04 13:50:22.123 [Debug] StatusChanged: [NetIncomingMessage #887 14 bytes] [Disconnected]

--------------------------------------------------------------------------------
2023-02-04 13:50:22.186 [Info] Acquiring context lock... (0ms)

--------------------------------------------------------------------------------
2023-02-04 13:50:22.186 [Info] Acquired. (0ms)

--------------------------------------------------------------------------------
2023-02-04 13:50:22.186 [Info] Beginning context dispose. (0ms)

--------------------------------------------------------------------------------
2023-02-04 13:50:22.186 [Info] GC.SuppressFinalize (0ms)

--------------------------------------------------------------------------------
2023-02-04 13:50:22.186 [Info] InternalDispose() completed. (0ms)

--------------------------------------------------------------------------------
2023-02-04 13:50:22.186 [Info] Clearing instance... (1ms)

--------------------------------------------------------------------------------
2023-02-04 13:50:22.186 [Info] Releasing context lock... (1ms)

--------------------------------------------------------------------------------
2023-02-04 13:50:22.186 [Info] Released. (2ms)

--------------------------------------------------------------------------------
