2023-02-04 07:32:22.588 [Warn] Directory was specified as a plugin directory but does not exist: 'resources\plugins'

--------------------------------------------------------------------------------
2023-02-04 07:32:22.592 [Info] Discovered 0 plugins:


--------------------------------------------------------------------------------
2023-02-04 07:32:23.348 [Info] Connecting to 26.82.96.248:5400...

--------------------------------------------------------------------------------
2023-02-04 07:32:23.628 [Info] Connection approved [00000000-0000-0000-0000-000000000000].

--------------------------------------------------------------------------------
2023-02-04 07:32:23.672 [Debug] approval Time=7755260 Offset=63811084988360 Real=63811092743620

--------------------------------------------------------------------------------
2023-02-04 07:32:23.672 [Debug] local Time=7755260 Offset=63811084988412 Real=63811092743672

--------------------------------------------------------------------------------
2023-02-04 07:32:23.672 [Debug] real delta=51

--------------------------------------------------------------------------------
2023-02-04 07:32:23.672 [Debug] this.Statistics.Ping=0 NCPing=1

--------------------------------------------------------------------------------
2023-02-04 07:32:23.674 [Debug] Connection established to remote [00000000-0000-0000-0000-000000000000/26.82.96.248:5400].

--------------------------------------------------------------------------------
2023-02-04 07:32:23.674 [Info] Connected [00000000-0000-0000-0000-000000000000].

--------------------------------------------------------------------------------
2023-02-04 07:32:27.083 [Warn] 'Me' is null.

--------------------------------------------------------------------------------
2023-02-04 07:32:27.297 [Debug] received epp: 7758654

--------------------------------------------------------------------------------
2023-02-04 07:36:54.951 [Info] System window closing (due to user interaction most likely).

--------------------------------------------------------------------------------
2023-02-04 07:36:56.854 [Info] System window closing (due to user interaction most likely).

--------------------------------------------------------------------------------
2023-02-04 07:36:56.856 [Debug] StatusChanged: [NetIncomingMessage #13 10 bytes] [Disconnecting]

--------------------------------------------------------------------------------
2023-02-04 07:36:56.858 [Debug] StatusChanged: [NetIncomingMessage #14 14 bytes] [Disconnected]

--------------------------------------------------------------------------------
2023-02-04 07:36:56.903 [Info] Acquiring context lock... (0ms)

--------------------------------------------------------------------------------
2023-02-04 07:36:56.903 [Info] Acquired. (0ms)

--------------------------------------------------------------------------------
2023-02-04 07:36:56.904 [Info] Beginning context dispose. (0ms)

--------------------------------------------------------------------------------
2023-02-04 07:36:56.904 [Info] GC.SuppressFinalize (0ms)

--------------------------------------------------------------------------------
2023-02-04 07:36:56.904 [Info] InternalDispose() completed. (0ms)

--------------------------------------------------------------------------------
2023-02-04 07:36:56.904 [Info] Clearing instance... (1ms)

--------------------------------------------------------------------------------
2023-02-04 07:36:56.905 [Info] Releasing context lock... (1ms)

--------------------------------------------------------------------------------
2023-02-04 07:36:56.905 [Info] Released. (1ms)

--------------------------------------------------------------------------------
