2022-12-14 12:11:40.371 [Warn] Directory was specified as a plugin directory but does not exist: 'resources\plugins'

--------------------------------------------------------------------------------
2022-12-14 12:11:40.371 [Info] Discovered 0 plugins:


--------------------------------------------------------------------------------
2022-12-14 12:11:41.175 [Info] Connecting to 127.0.0.1:5400...

--------------------------------------------------------------------------------
2022-12-14 12:11:41.458 [Info] Connection approved [00000000-0000-0000-0000-000000000000].

--------------------------------------------------------------------------------
2022-12-14 12:11:41.503 [Debug] approval Time=13876353 Offset=63806602825084 Real=63806616701437

--------------------------------------------------------------------------------
2022-12-14 12:11:41.503 [Debug] local Time=13876353 Offset=63806602825149 Real=63806616701503

--------------------------------------------------------------------------------
2022-12-14 12:11:41.503 [Debug] real delta=65

--------------------------------------------------------------------------------
2022-12-14 12:11:41.504 [Debug] this.Statistics.Ping=0 NCPing=2

--------------------------------------------------------------------------------
2022-12-14 12:11:41.505 [Debug] Connection established to remote [00000000-0000-0000-0000-000000000000/127.0.0.1:5400].

--------------------------------------------------------------------------------
2022-12-14 12:11:41.505 [Info] Connected [00000000-0000-0000-0000-000000000000].

--------------------------------------------------------------------------------
2022-12-14 12:12:15.873 [Info] System window closing (due to user interaction most likely).

--------------------------------------------------------------------------------
2022-12-14 12:12:15.874 [Debug] StatusChanged: [NetIncomingMessage #0 10 bytes] [Disconnecting]

--------------------------------------------------------------------------------
2022-12-14 12:12:15.878 [Debug] StatusChanged: [NetIncomingMessage #0 14 bytes] [Disconnected]

--------------------------------------------------------------------------------
2022-12-14 12:12:15.939 [Info] Acquiring context lock... (0ms)

--------------------------------------------------------------------------------
2022-12-14 12:12:15.939 [Info] Acquired. (0ms)

--------------------------------------------------------------------------------
2022-12-14 12:12:15.940 [Info] Beginning context dispose. (0ms)

--------------------------------------------------------------------------------
2022-12-14 12:12:15.940 [Info] GC.SuppressFinalize (0ms)

--------------------------------------------------------------------------------
2022-12-14 12:12:15.940 [Info] InternalDispose() completed. (0ms)

--------------------------------------------------------------------------------
2022-12-14 12:12:15.941 [Info] Clearing instance... (1ms)

--------------------------------------------------------------------------------
2022-12-14 12:12:15.941 [Info] Releasing context lock... (1ms)

--------------------------------------------------------------------------------
2022-12-14 12:12:15.941 [Info] Released. (1ms)

--------------------------------------------------------------------------------
