2022-12-14 09:34:19.543 [Warn] Directory was specified as a plugin directory but does not exist: 'resources\plugins'

--------------------------------------------------------------------------------
2022-12-14 09:34:19.547 [Info] Discovered 0 plugins:


--------------------------------------------------------------------------------
2022-12-14 09:34:20.229 [Info] Connecting to 127.0.0.1:5400...

--------------------------------------------------------------------------------
2022-12-14 09:34:20.502 [Info] Connection approved [00000000-0000-0000-0000-000000000000].

--------------------------------------------------------------------------------
2022-12-14 09:34:20.544 [Debug] approval Time=4435401 Offset=63806602825084 Real=63806607260485

--------------------------------------------------------------------------------
2022-12-14 09:34:20.544 [Debug] local Time=4435401 Offset=63806602825143 Real=63806607260544

--------------------------------------------------------------------------------
2022-12-14 09:34:20.544 [Debug] real delta=58

--------------------------------------------------------------------------------
2022-12-14 09:34:20.544 [Debug] this.Statistics.Ping=0 NCPing=2

--------------------------------------------------------------------------------
2022-12-14 09:34:20.546 [Debug] Connection established to remote [00000000-0000-0000-0000-000000000000/127.0.0.1:5400].

--------------------------------------------------------------------------------
2022-12-14 09:34:20.546 [Info] Connected [00000000-0000-0000-0000-000000000000].

--------------------------------------------------------------------------------
2022-12-14 09:34:23.971 [Warn] 'Me' is null.

--------------------------------------------------------------------------------
2022-12-14 09:34:24.140 [Debug] received epp: 4438822

--------------------------------------------------------------------------------
2022-12-14 09:37:21.466 [Info] System window closing (due to user interaction most likely).

--------------------------------------------------------------------------------
2022-12-14 09:37:21.468 [Debug] StatusChanged: [NetIncomingMessage #135 10 bytes] [Disconnecting]

--------------------------------------------------------------------------------
2022-12-14 09:37:21.472 [Debug] StatusChanged: [NetIncomingMessage #136 14 bytes] [Disconnected]

--------------------------------------------------------------------------------
2022-12-14 09:37:21.528 [Info] Acquiring context lock... (0ms)

--------------------------------------------------------------------------------
2022-12-14 09:37:21.528 [Info] Acquired. (0ms)

--------------------------------------------------------------------------------
2022-12-14 09:37:21.528 [Info] Beginning context dispose. (0ms)

--------------------------------------------------------------------------------
2022-12-14 09:37:21.529 [Info] GC.SuppressFinalize (0ms)

--------------------------------------------------------------------------------
2022-12-14 09:37:21.529 [Info] InternalDispose() completed. (0ms)

--------------------------------------------------------------------------------
2022-12-14 09:37:21.529 [Info] Clearing instance... (0ms)

--------------------------------------------------------------------------------
2022-12-14 09:37:21.529 [Info] Releasing context lock... (0ms)

--------------------------------------------------------------------------------
2022-12-14 09:37:21.529 [Info] Released. (0ms)

--------------------------------------------------------------------------------
