2022-12-14 08:25:54.231 [Warn] Directory was specified as a plugin directory but does not exist: 'resources\plugins'

--------------------------------------------------------------------------------
2022-12-14 08:25:54.248 [Info] Discovered 0 plugins:


--------------------------------------------------------------------------------
2022-12-14 08:25:54.992 [Info] Connecting to 127.0.0.1:5400...

--------------------------------------------------------------------------------
2022-12-14 08:25:55.284 [Info] Connection approved [00000000-0000-0000-0000-000000000000].

--------------------------------------------------------------------------------
2022-12-14 08:25:55.325 [Debug] approval Time=330180 Offset=63806602825084 Real=63806603155264

--------------------------------------------------------------------------------
2022-12-14 08:25:55.326 [Debug] local Time=330180 Offset=63806602825144 Real=63806603155325

--------------------------------------------------------------------------------
2022-12-14 08:25:55.326 [Debug] real delta=60

--------------------------------------------------------------------------------
2022-12-14 08:25:55.326 [Debug] this.Statistics.Ping=0 NCPing=2

--------------------------------------------------------------------------------
2022-12-14 08:25:55.327 [Debug] Connection established to remote [00000000-0000-0000-0000-000000000000/127.0.0.1:5400].

--------------------------------------------------------------------------------
2022-12-14 08:25:55.327 [Info] Connected [00000000-0000-0000-0000-000000000000].

--------------------------------------------------------------------------------
2022-12-14 08:27:47.591 [Info] User clicked exit button.

--------------------------------------------------------------------------------
2022-12-14 08:27:47.595 [Info] System window closing (due to user interaction most likely).

--------------------------------------------------------------------------------
2022-12-14 08:27:47.597 [Debug] StatusChanged: [NetIncomingMessage #0 10 bytes] [Disconnecting]

--------------------------------------------------------------------------------
2022-12-14 08:27:47.601 [Debug] StatusChanged: [NetIncomingMessage #0 14 bytes] [Disconnected]

--------------------------------------------------------------------------------
2022-12-14 08:27:47.637 [Info] Acquiring context lock... (0ms)

--------------------------------------------------------------------------------
2022-12-14 08:27:47.637 [Info] Acquired. (0ms)

--------------------------------------------------------------------------------
2022-12-14 08:27:47.638 [Info] Beginning context dispose. (0ms)

--------------------------------------------------------------------------------
2022-12-14 08:27:47.638 [Info] GC.SuppressFinalize (0ms)

--------------------------------------------------------------------------------
2022-12-14 08:27:47.638 [Info] InternalDispose() completed. (0ms)

--------------------------------------------------------------------------------
2022-12-14 08:27:47.638 [Info] Clearing instance... (0ms)

--------------------------------------------------------------------------------
2022-12-14 08:27:47.638 [Info] Releasing context lock... (0ms)

--------------------------------------------------------------------------------
2022-12-14 08:27:47.638 [Info] Released. (0ms)

--------------------------------------------------------------------------------
