2023-02-03 15:16:34.420 [Warn] Directory was specified as a plugin directory but does not exist: 'resources\plugins'

--------------------------------------------------------------------------------
2023-02-03 15:16:34.420 [Info] Discovered 0 plugins:


--------------------------------------------------------------------------------
2023-02-03 15:16:35.015 [Info] Connecting to 26.82.96.248:5400...

--------------------------------------------------------------------------------
2023-02-03 15:16:35.304 [Info] Connection approved [00000000-0000-0000-0000-000000000000].

--------------------------------------------------------------------------------
2023-02-03 15:16:35.342 [Debug] approval Time=17020619 Offset=63811017174663 Real=63811034195282

--------------------------------------------------------------------------------
2023-02-03 15:16:35.342 [Debug] local Time=17020619 Offset=63811017174723 Real=63811034195342

--------------------------------------------------------------------------------
2023-02-03 15:16:35.342 [Debug] real delta=60

--------------------------------------------------------------------------------
2023-02-03 15:16:35.342 [Debug] this.Statistics.Ping=0 NCPing=2

--------------------------------------------------------------------------------
2023-02-03 15:16:35.344 [Debug] Connection established to remote [00000000-0000-0000-0000-000000000000/26.82.96.248:5400].

--------------------------------------------------------------------------------
2023-02-03 15:16:35.344 [Info] Connected [00000000-0000-0000-0000-000000000000].

--------------------------------------------------------------------------------
2023-02-03 15:16:37.624 [Warn] 'Me' is null.

--------------------------------------------------------------------------------
2023-02-03 15:16:37.799 [Debug] received epp: 17022901

--------------------------------------------------------------------------------
2023-02-03 15:16:54.011 [Info] System window closing (due to user interaction most likely).

--------------------------------------------------------------------------------
2023-02-03 15:16:54.012 [Debug] StatusChanged: [NetIncomingMessage #345 10 bytes] [Disconnecting]

--------------------------------------------------------------------------------
2023-02-03 15:16:54.019 [Debug] StatusChanged: [NetIncomingMessage #346 14 bytes] [Disconnected]

--------------------------------------------------------------------------------
2023-02-03 15:16:54.095 [Info] Acquiring context lock... (0ms)

--------------------------------------------------------------------------------
2023-02-03 15:16:54.095 [Info] Acquired. (0ms)

--------------------------------------------------------------------------------
2023-02-03 15:16:54.095 [Info] Beginning context dispose. (0ms)

--------------------------------------------------------------------------------
2023-02-03 15:16:54.095 [Info] GC.SuppressFinalize (1ms)

--------------------------------------------------------------------------------
2023-02-03 15:16:54.095 [Info] InternalDispose() completed. (1ms)

--------------------------------------------------------------------------------
2023-02-03 15:16:54.095 [Info] Clearing instance... (3ms)

--------------------------------------------------------------------------------
2023-02-03 15:16:54.095 [Info] Releasing context lock... (3ms)

--------------------------------------------------------------------------------
2023-02-03 15:16:54.095 [Info] Released. (4ms)

--------------------------------------------------------------------------------
