2023-01-30 15:57:26.414 [Warn] Directory was specified as a plugin directory but does not exist: 'resources\plugins'

--------------------------------------------------------------------------------
2023-01-30 15:57:26.419 [Info] Discovered 0 plugins:


--------------------------------------------------------------------------------
2023-01-30 15:57:27.086 [Info] Connecting to 26.82.96.248:5400...

--------------------------------------------------------------------------------
2023-01-30 15:57:27.429 [Info] Connection approved [00000000-0000-0000-0000-000000000000].

--------------------------------------------------------------------------------
2023-01-30 15:57:27.478 [Debug] approval Time=4522060 Offset=63810686525344 Real=63810691047405

--------------------------------------------------------------------------------
2023-01-30 15:57:27.479 [Debug] local Time=4522060 Offset=63810686525418 Real=63810691047478

--------------------------------------------------------------------------------
2023-01-30 15:57:27.479 [Debug] real delta=73

--------------------------------------------------------------------------------
2023-01-30 15:57:27.479 [Debug] this.Statistics.Ping=0 NCPing=3

--------------------------------------------------------------------------------
2023-01-30 15:57:27.480 [Debug] Connection established to remote [00000000-0000-0000-0000-000000000000/26.82.96.248:5400].

--------------------------------------------------------------------------------
2023-01-30 15:57:27.480 [Info] Connected [00000000-0000-0000-0000-000000000000].

--------------------------------------------------------------------------------
2023-01-30 15:58:03.017 [Info] User clicked exit button.

--------------------------------------------------------------------------------
2023-01-30 15:58:03.026 [Info] System window closing (due to user interaction most likely).

--------------------------------------------------------------------------------
2023-01-30 15:58:03.026 [Debug] StatusChanged: [NetIncomingMessage #0 10 bytes] [Disconnecting]

--------------------------------------------------------------------------------
2023-01-30 15:58:03.030 [Debug] StatusChanged: [NetIncomingMessage #0 14 bytes] [Disconnected]

--------------------------------------------------------------------------------
2023-01-30 15:58:03.066 [Info] Acquiring context lock... (0ms)

--------------------------------------------------------------------------------
2023-01-30 15:58:03.066 [Info] Acquired. (0ms)

--------------------------------------------------------------------------------
2023-01-30 15:58:03.066 [Info] Beginning context dispose. (0ms)

--------------------------------------------------------------------------------
2023-01-30 15:58:03.067 [Info] GC.SuppressFinalize (0ms)

--------------------------------------------------------------------------------
2023-01-30 15:58:03.067 [Info] InternalDispose() completed. (0ms)

--------------------------------------------------------------------------------
2023-01-30 15:58:03.067 [Info] Clearing instance... (0ms)

--------------------------------------------------------------------------------
2023-01-30 15:58:03.067 [Info] Releasing context lock... (0ms)

--------------------------------------------------------------------------------
2023-01-30 15:58:03.067 [Info] Released. (0ms)

--------------------------------------------------------------------------------
