2023-01-30 18:57:41.756 [Warn] Directory was specified as a plugin directory but does not exist: 'resources\plugins'

--------------------------------------------------------------------------------
2023-01-30 18:57:41.761 [Info] Discovered 0 plugins:


--------------------------------------------------------------------------------
2023-01-30 18:57:42.536 [Info] Connecting to 26.82.96.248:5400...

--------------------------------------------------------------------------------
2023-01-30 18:57:42.803 [Info] Connection approved [00000000-0000-0000-0000-000000000000].

--------------------------------------------------------------------------------
2023-01-30 18:57:42.849 [Debug] approval Time=191980 Offset=63810701670815 Real=63810701862796

--------------------------------------------------------------------------------
2023-01-30 18:57:42.849 [Debug] local Time=191980 Offset=63810701670868 Real=63810701862849

--------------------------------------------------------------------------------
2023-01-30 18:57:42.849 [Debug] real delta=52

--------------------------------------------------------------------------------
2023-01-30 18:57:42.849 [Debug] this.Statistics.Ping=0 NCPing=1

--------------------------------------------------------------------------------
2023-01-30 18:57:42.851 [Debug] Connection established to remote [00000000-0000-0000-0000-000000000000/26.82.96.248:5400].

--------------------------------------------------------------------------------
2023-01-30 18:57:42.851 [Info] Connected [00000000-0000-0000-0000-000000000000].

--------------------------------------------------------------------------------
2023-01-30 18:57:45.857 [Warn] 'Me' is null.

--------------------------------------------------------------------------------
2023-01-30 18:57:46.044 [Debug] received epp: 194983

--------------------------------------------------------------------------------
2023-01-30 19:01:14.196 [Debug] received epp: 403366

--------------------------------------------------------------------------------
2023-01-30 19:01:14.335 [Debug] received epp: 403508

--------------------------------------------------------------------------------
2023-01-30 19:01:14.425 [Debug] received epp: 403593

--------------------------------------------------------------------------------
2023-01-30 19:01:14.974 [Debug] received epp: 404138

--------------------------------------------------------------------------------
2023-01-30 19:01:15.578 [Debug] received epp: 404741

--------------------------------------------------------------------------------
2023-01-30 19:01:16.182 [Debug] received epp: 405361

--------------------------------------------------------------------------------
2023-01-30 19:01:16.606 [Debug] received epp: 405771

--------------------------------------------------------------------------------
2023-01-30 19:01:16.947 [Debug] received epp: 406119

--------------------------------------------------------------------------------
2023-01-30 19:01:18.933 [Debug] received epp: 408101

--------------------------------------------------------------------------------
2023-01-30 19:01:19.265 [Debug] received epp: 408428

--------------------------------------------------------------------------------
2023-01-30 19:01:19.523 [Debug] received epp: 408680

--------------------------------------------------------------------------------
2023-01-30 19:01:37.494 [Debug] received epp: 426665

--------------------------------------------------------------------------------
2023-01-30 19:01:39.439 [Debug] received epp: 428599

--------------------------------------------------------------------------------
2023-01-30 19:01:39.460 [Debug] received epp: 428599

--------------------------------------------------------------------------------
2023-01-30 19:11:48.124 [Debug] StatusChanged: [NetIncomingMessage #733 14 bytes] [Disconnected]

--------------------------------------------------------------------------------
2023-01-30 19:11:48.125 [Debug] Connection terminated to remote [00000000-0000-0000-0000-000000000000/26.82.96.248:5400].

--------------------------------------------------------------------------------
2023-01-30 19:11:48.125 [Info] Disconnected [00000000-0000-0000-0000-000000000000].

--------------------------------------------------------------------------------
2023-01-30 19:11:48.130 [Info] Connecting to 26.82.96.248:5400...

--------------------------------------------------------------------------------
2023-01-30 19:11:50.197 [Info] System window closing (due to user interaction most likely).

--------------------------------------------------------------------------------
2023-01-30 19:11:50.198 [Debug] StatusChanged: [NetIncomingMessage #0 10 bytes] [Disconnecting]

--------------------------------------------------------------------------------
2023-01-30 19:11:50.202 [Debug] StatusChanged: [NetIncomingMessage #0 14 bytes] [Disconnected]

--------------------------------------------------------------------------------
2023-01-30 19:11:50.202 [Debug] Unknown client disconnected (00-00-00-00-00-00-00-00).

--------------------------------------------------------------------------------
2023-01-30 19:11:50.202 [Info] Disconnected [00000000-0000-0000-0000-000000000000].

--------------------------------------------------------------------------------
2023-01-30 19:11:50.231 [Info] Acquiring context lock... (0ms)

--------------------------------------------------------------------------------
2023-01-30 19:11:50.231 [Info] Acquired. (0ms)

--------------------------------------------------------------------------------
2023-01-30 19:11:50.232 [Info] Beginning context dispose. (0ms)

--------------------------------------------------------------------------------
2023-01-30 19:11:50.232 [Info] GC.SuppressFinalize (0ms)

--------------------------------------------------------------------------------
2023-01-30 19:11:50.232 [Info] InternalDispose() completed. (0ms)

--------------------------------------------------------------------------------
2023-01-30 19:11:50.232 [Info] Clearing instance... (0ms)

--------------------------------------------------------------------------------
2023-01-30 19:11:50.232 [Info] Releasing context lock... (0ms)

--------------------------------------------------------------------------------
2023-01-30 19:11:50.232 [Info] Released. (0ms)

--------------------------------------------------------------------------------
