2022-12-14 09:28:53.467 [Warn] Directory was specified as a plugin directory but does not exist: 'resources\plugins'

--------------------------------------------------------------------------------
2022-12-14 09:28:53.471 [Info] Discovered 0 plugins:


--------------------------------------------------------------------------------
2022-12-14 09:28:54.216 [Info] Connecting to 127.0.0.1:5400...

--------------------------------------------------------------------------------
2022-12-14 09:28:54.497 [Info] Connection approved [00000000-0000-0000-0000-000000000000].

--------------------------------------------------------------------------------
2022-12-14 09:28:54.541 [Debug] approval Time=4109391 Offset=63806602825084 Real=63806606934475

--------------------------------------------------------------------------------
2022-12-14 09:28:54.543 [Debug] local Time=4109391 Offset=63806602825150 Real=63806606934541

--------------------------------------------------------------------------------
2022-12-14 09:28:54.543 [Debug] real delta=66

--------------------------------------------------------------------------------
2022-12-14 09:28:54.543 [Debug] this.Statistics.Ping=0 NCPing=1

--------------------------------------------------------------------------------
2022-12-14 09:28:54.544 [Debug] Connection established to remote [00000000-0000-0000-0000-000000000000/127.0.0.1:5400].

--------------------------------------------------------------------------------
2022-12-14 09:28:54.544 [Info] Connected [00000000-0000-0000-0000-000000000000].

--------------------------------------------------------------------------------
2022-12-14 09:30:06.475 [Warn] 'Me' is null.

--------------------------------------------------------------------------------
2022-12-14 09:30:06.646 [Debug] received epp: 4181344

--------------------------------------------------------------------------------
2022-12-14 09:31:05.149 [Info] System window closing (due to user interaction most likely).

--------------------------------------------------------------------------------
2022-12-14 09:31:05.149 [Debug] StatusChanged: [NetIncomingMessage #86 10 bytes] [Disconnecting]

--------------------------------------------------------------------------------
2022-12-14 09:31:05.153 [Debug] StatusChanged: [NetIncomingMessage #87 14 bytes] [Disconnected]

--------------------------------------------------------------------------------
2022-12-14 09:31:05.206 [Info] Acquiring context lock... (0ms)

--------------------------------------------------------------------------------
2022-12-14 09:31:05.206 [Info] Acquired. (0ms)

--------------------------------------------------------------------------------
2022-12-14 09:31:05.207 [Info] Beginning context dispose. (0ms)

--------------------------------------------------------------------------------
2022-12-14 09:31:05.208 [Info] GC.SuppressFinalize (0ms)

--------------------------------------------------------------------------------
2022-12-14 09:31:05.208 [Info] InternalDispose() completed. (0ms)

--------------------------------------------------------------------------------
2022-12-14 09:31:05.208 [Info] Clearing instance... (1ms)

--------------------------------------------------------------------------------
2022-12-14 09:31:05.208 [Info] Releasing context lock... (1ms)

--------------------------------------------------------------------------------
2022-12-14 09:31:05.208 [Info] Released. (1ms)

--------------------------------------------------------------------------------
