2023-02-03 15:45:52.785 [Warn] Directory was specified as a plugin directory but does not exist: 'resources\plugins'

--------------------------------------------------------------------------------
2023-02-03 15:45:52.789 [Info] Discovered 0 plugins:


--------------------------------------------------------------------------------
2023-02-03 15:45:53.395 [Info] Connecting to 26.82.96.248:5400...

--------------------------------------------------------------------------------
2023-02-03 15:45:53.652 [Info] Connection approved [00000000-0000-0000-0000-000000000000].

--------------------------------------------------------------------------------
2023-02-03 15:45:53.693 [Debug] approval Time=18778978 Offset=63811017174663 Real=63811035953641

--------------------------------------------------------------------------------
2023-02-03 15:45:53.693 [Debug] local Time=18778978 Offset=63811017174715 Real=63811035953693

--------------------------------------------------------------------------------
2023-02-03 15:45:53.693 [Debug] real delta=52

--------------------------------------------------------------------------------
2023-02-03 15:45:53.693 [Debug] this.Statistics.Ping=0 NCPing=2

--------------------------------------------------------------------------------
2023-02-03 15:45:53.694 [Debug] Connection established to remote [00000000-0000-0000-0000-000000000000/26.82.96.248:5400].

--------------------------------------------------------------------------------
2023-02-03 15:45:53.694 [Info] Connected [00000000-0000-0000-0000-000000000000].

--------------------------------------------------------------------------------
2023-02-03 15:45:55.412 [Warn] 'Me' is null.

--------------------------------------------------------------------------------
2023-02-03 15:45:55.589 [Debug] received epp: 18780695

--------------------------------------------------------------------------------
2023-02-03 15:46:35.635 [Info] System window closing (due to user interaction most likely).

--------------------------------------------------------------------------------
2023-02-03 15:46:35.636 [Debug] StatusChanged: [NetIncomingMessage #766 10 bytes] [Disconnecting]

--------------------------------------------------------------------------------
2023-02-03 15:46:35.640 [Debug] StatusChanged: [NetIncomingMessage #767 14 bytes] [Disconnected]

--------------------------------------------------------------------------------
2023-02-03 15:46:35.714 [Info] Acquiring context lock... (0ms)

--------------------------------------------------------------------------------
2023-02-03 15:46:35.714 [Info] Acquired. (0ms)

--------------------------------------------------------------------------------
2023-02-03 15:46:35.715 [Info] Beginning context dispose. (0ms)

--------------------------------------------------------------------------------
2023-02-03 15:46:35.716 [Info] GC.SuppressFinalize (0ms)

--------------------------------------------------------------------------------
2023-02-03 15:46:35.716 [Info] InternalDispose() completed. (0ms)

--------------------------------------------------------------------------------
2023-02-03 15:46:35.717 [Info] Clearing instance... (3ms)

--------------------------------------------------------------------------------
2023-02-03 15:46:35.717 [Info] Releasing context lock... (3ms)

--------------------------------------------------------------------------------
2023-02-03 15:46:35.717 [Info] Released. (3ms)

--------------------------------------------------------------------------------
