2023-01-28 13:55:26.962 [Info] Connecting to 26.82.96.248:5400...

--------------------------------------------------------------------------------
2023-01-28 13:55:27.288 [Info] Connection approved [00000000-0000-0000-0000-000000000000].

--------------------------------------------------------------------------------
2023-01-28 13:55:27.329 [Debug] approval Time=1533107 Offset=63810509394174 Real=63810510927281

--------------------------------------------------------------------------------
2023-01-28 13:55:27.329 [Debug] local Time=1533107 Offset=63810509394222 Real=63810510927329

--------------------------------------------------------------------------------
2023-01-28 13:55:27.329 [Debug] real delta=47

--------------------------------------------------------------------------------
2023-01-28 13:55:27.329 [Debug] this.Statistics.Ping=0 NCPing=1

--------------------------------------------------------------------------------
2023-01-28 13:55:27.331 [Debug] Connection established to remote [00000000-0000-0000-0000-000000000000/26.82.96.248:5400].

--------------------------------------------------------------------------------
2023-01-28 13:55:27.331 [Info] Connected [00000000-0000-0000-0000-000000000000].

--------------------------------------------------------------------------------
2023-01-28 13:56:32.758 [Debug] StatusChanged: [NetIncomingMessage #0 14 bytes] [Disconnected]

--------------------------------------------------------------------------------
2023-01-28 13:56:32.759 [Debug] Connection terminated to remote [00000000-0000-0000-0000-000000000000/26.82.96.248:5400].

--------------------------------------------------------------------------------
2023-01-28 13:56:32.760 [Info] Disconnected [00000000-0000-0000-0000-000000000000].

--------------------------------------------------------------------------------
