2023-02-04 07:01:14.642 [Warn] Directory was specified as a plugin directory but does not exist: 'resources\plugins'

--------------------------------------------------------------------------------
2023-02-04 07:01:14.646 [Info] Discovered 0 plugins:


--------------------------------------------------------------------------------
2023-02-04 07:01:15.555 [Info] Connecting to 26.82.96.248:5400...

--------------------------------------------------------------------------------
2023-02-04 07:01:15.813 [Info] Connection approved [00000000-0000-0000-0000-000000000000].

--------------------------------------------------------------------------------
2023-02-04 07:01:15.856 [Debug] approval Time=5887432 Offset=63811084988360 Real=63811090875792

--------------------------------------------------------------------------------
2023-02-04 07:01:15.856 [Debug] local Time=5887432 Offset=63811084988424 Real=63811090875856

--------------------------------------------------------------------------------
2023-02-04 07:01:15.856 [Debug] real delta=63

--------------------------------------------------------------------------------
2023-02-04 07:01:15.856 [Debug] this.Statistics.Ping=0 NCPing=1

--------------------------------------------------------------------------------
2023-02-04 07:01:15.858 [Debug] Connection established to remote [00000000-0000-0000-0000-000000000000/26.82.96.248:5400].

--------------------------------------------------------------------------------
2023-02-04 07:01:15.858 [Info] Connected [00000000-0000-0000-0000-000000000000].

--------------------------------------------------------------------------------
2023-02-04 07:01:17.606 [Warn] 'Me' is null.

--------------------------------------------------------------------------------
2023-02-04 07:01:17.784 [Debug] received epp: 5889201

--------------------------------------------------------------------------------
2023-02-04 07:01:58.506 [Info] System window closing (due to user interaction most likely).

--------------------------------------------------------------------------------
2023-02-04 07:01:58.508 [Debug] StatusChanged: [NetIncomingMessage #654 10 bytes] [Disconnecting]

--------------------------------------------------------------------------------
2023-02-04 07:01:58.512 [Debug] StatusChanged: [NetIncomingMessage #655 14 bytes] [Disconnected]

--------------------------------------------------------------------------------
2023-02-04 07:01:58.572 [Info] Acquiring context lock... (0ms)

--------------------------------------------------------------------------------
2023-02-04 07:01:58.572 [Info] Acquired. (0ms)

--------------------------------------------------------------------------------
2023-02-04 07:01:58.572 [Info] Beginning context dispose. (0ms)

--------------------------------------------------------------------------------
2023-02-04 07:01:58.573 [Info] GC.SuppressFinalize (0ms)

--------------------------------------------------------------------------------
2023-02-04 07:01:58.573 [Info] InternalDispose() completed. (0ms)

--------------------------------------------------------------------------------
2023-02-04 07:01:58.573 [Info] Clearing instance... (0ms)

--------------------------------------------------------------------------------
2023-02-04 07:01:58.573 [Info] Releasing context lock... (0ms)

--------------------------------------------------------------------------------
2023-02-04 07:01:58.573 [Info] Released. (0ms)

--------------------------------------------------------------------------------
