2023-02-04 13:40:38.722 [Warn] Directory was specified as a plugin directory but does not exist: 'resources\plugins'

--------------------------------------------------------------------------------
2023-02-04 13:40:38.722 [Info] Discovered 0 plugins:


--------------------------------------------------------------------------------
2023-02-04 13:40:39.558 [Info] Connecting to 26.82.96.248:5400...

--------------------------------------------------------------------------------
2023-02-04 13:40:39.906 [Info] Connection approved [00000000-0000-0000-0000-000000000000].

--------------------------------------------------------------------------------
2023-02-04 13:40:39.955 [Debug] approval Time=384272 Offset=63811114455612 Real=63811114839884

--------------------------------------------------------------------------------
2023-02-04 13:40:39.955 [Debug] local Time=384272 Offset=63811114455682 Real=63811114839955

--------------------------------------------------------------------------------
2023-02-04 13:40:39.955 [Debug] real delta=70

--------------------------------------------------------------------------------
2023-02-04 13:40:39.955 [Debug] this.Statistics.Ping=0 NCPing=3

--------------------------------------------------------------------------------
2023-02-04 13:40:39.957 [Debug] Connection established to remote [00000000-0000-0000-0000-000000000000/26.82.96.248:5400].

--------------------------------------------------------------------------------
2023-02-04 13:40:39.957 [Info] Connected [00000000-0000-0000-0000-000000000000].

--------------------------------------------------------------------------------
2023-02-04 13:40:41.450 [Warn] 'Me' is null.

--------------------------------------------------------------------------------
2023-02-04 13:40:41.648 [Debug] received epp: 385777

--------------------------------------------------------------------------------
2023-02-04 13:41:08.779 [Debug] received epp: 413150

--------------------------------------------------------------------------------
2023-02-04 13:41:51.201 [Info] System window closing (due to user interaction most likely).

--------------------------------------------------------------------------------
2023-02-04 13:41:52.212 [Info] System window closing (due to user interaction most likely).

--------------------------------------------------------------------------------
2023-02-04 13:41:52.215 [Debug] StatusChanged: [NetIncomingMessage #0 10 bytes] [Disconnecting]

--------------------------------------------------------------------------------
2023-02-04 13:41:52.217 [Debug] StatusChanged: [NetIncomingMessage #417 14 bytes] [Disconnected]

--------------------------------------------------------------------------------
2023-02-04 13:41:52.272 [Info] Acquiring context lock... (0ms)

--------------------------------------------------------------------------------
2023-02-04 13:41:52.272 [Info] Acquired. (0ms)

--------------------------------------------------------------------------------
2023-02-04 13:41:52.272 [Info] Beginning context dispose. (0ms)

--------------------------------------------------------------------------------
2023-02-04 13:41:52.272 [Info] GC.SuppressFinalize (0ms)

--------------------------------------------------------------------------------
2023-02-04 13:41:52.272 [Info] InternalDispose() completed. (0ms)

--------------------------------------------------------------------------------
2023-02-04 13:41:52.272 [Info] Clearing instance... (0ms)

--------------------------------------------------------------------------------
2023-02-04 13:41:52.272 [Info] Releasing context lock... (0ms)

--------------------------------------------------------------------------------
2023-02-04 13:41:52.272 [Info] Released. (0ms)

--------------------------------------------------------------------------------
