2023-02-04 07:03:18.992 [Warn] Directory was specified as a plugin directory but does not exist: 'resources\plugins'

--------------------------------------------------------------------------------
2023-02-04 07:03:18.997 [Info] Discovered 0 plugins:


--------------------------------------------------------------------------------
2023-02-04 07:03:19.675 [Info] Connecting to 26.82.96.248:5400...

--------------------------------------------------------------------------------
2023-02-04 07:03:19.945 [Info] Connection approved [00000000-0000-0000-0000-000000000000].

--------------------------------------------------------------------------------
2023-02-04 07:03:19.990 [Debug] approval Time=6011562 Offset=63811084988360 Real=63811090999923

--------------------------------------------------------------------------------
2023-02-04 07:03:19.990 [Debug] local Time=6011562 Offset=63811084988427 Real=63811090999990

--------------------------------------------------------------------------------
2023-02-04 07:03:19.990 [Debug] real delta=66

--------------------------------------------------------------------------------
2023-02-04 07:03:19.990 [Debug] this.Statistics.Ping=0 NCPing=3

--------------------------------------------------------------------------------
2023-02-04 07:03:19.992 [Debug] Connection established to remote [00000000-0000-0000-0000-000000000000/26.82.96.248:5400].

--------------------------------------------------------------------------------
2023-02-04 07:03:19.992 [Info] Connected [00000000-0000-0000-0000-000000000000].

--------------------------------------------------------------------------------
2023-02-04 07:03:22.608 [Warn] 'Me' is null.

--------------------------------------------------------------------------------
2023-02-04 07:03:22.782 [Debug] received epp: 6014186

--------------------------------------------------------------------------------
2023-02-04 07:05:02.538 [Info] System window closing (due to user interaction most likely).

--------------------------------------------------------------------------------
2023-02-04 07:05:02.540 [Debug] StatusChanged: [NetIncomingMessage #521 10 bytes] [Disconnecting]

--------------------------------------------------------------------------------
2023-02-04 07:05:02.545 [Debug] StatusChanged: [NetIncomingMessage #522 14 bytes] [Disconnected]

--------------------------------------------------------------------------------
2023-02-04 07:05:02.600 [Info] Acquiring context lock... (0ms)

--------------------------------------------------------------------------------
2023-02-04 07:05:02.600 [Info] Acquired. (0ms)

--------------------------------------------------------------------------------
2023-02-04 07:05:02.600 [Info] Beginning context dispose. (0ms)

--------------------------------------------------------------------------------
2023-02-04 07:05:02.600 [Info] GC.SuppressFinalize (0ms)

--------------------------------------------------------------------------------
2023-02-04 07:05:02.600 [Info] InternalDispose() completed. (0ms)

--------------------------------------------------------------------------------
2023-02-04 07:05:02.600 [Info] Clearing instance... (1ms)

--------------------------------------------------------------------------------
2023-02-04 07:05:02.600 [Info] Releasing context lock... (1ms)

--------------------------------------------------------------------------------
2023-02-04 07:05:02.600 [Info] Released. (1ms)

--------------------------------------------------------------------------------
