2023-01-30 15:05:51.382 [Warn] Directory was specified as a plugin directory but does not exist: 'resources\plugins'

--------------------------------------------------------------------------------
2023-01-30 15:05:51.387 [Info] Discovered 0 plugins:


--------------------------------------------------------------------------------
2023-01-30 15:05:51.947 [Info] Connecting to 26.82.96.248:5400...

--------------------------------------------------------------------------------
2023-01-30 15:05:52.214 [Info] Connection approved [00000000-0000-0000-0000-000000000000].

--------------------------------------------------------------------------------
2023-01-30 15:05:52.252 [Debug] approval Time=1426854 Offset=63810686525344 Real=63810687952199

--------------------------------------------------------------------------------
2023-01-30 15:05:52.252 [Debug] local Time=1426854 Offset=63810686525397 Real=63810687952252

--------------------------------------------------------------------------------
2023-01-30 15:05:52.252 [Debug] real delta=52

--------------------------------------------------------------------------------
2023-01-30 15:05:52.252 [Debug] this.Statistics.Ping=0 NCPing=2

--------------------------------------------------------------------------------
2023-01-30 15:05:52.254 [Debug] Connection established to remote [00000000-0000-0000-0000-000000000000/26.82.96.248:5400].

--------------------------------------------------------------------------------
2023-01-30 15:05:52.254 [Info] Connected [00000000-0000-0000-0000-000000000000].

--------------------------------------------------------------------------------
2023-01-30 15:08:14.902 [Info] System window closing (due to user interaction most likely).

--------------------------------------------------------------------------------
2023-01-30 15:08:14.903 [Debug] StatusChanged: [NetIncomingMessage #0 10 bytes] [Disconnecting]

--------------------------------------------------------------------------------
2023-01-30 15:08:14.907 [Debug] StatusChanged: [NetIncomingMessage #0 14 bytes] [Disconnected]

--------------------------------------------------------------------------------
2023-01-30 15:08:14.944 [Info] Acquiring context lock... (0ms)

--------------------------------------------------------------------------------
2023-01-30 15:08:14.944 [Info] Acquired. (0ms)

--------------------------------------------------------------------------------
2023-01-30 15:08:14.944 [Info] Beginning context dispose. (0ms)

--------------------------------------------------------------------------------
2023-01-30 15:08:14.944 [Info] GC.SuppressFinalize (0ms)

--------------------------------------------------------------------------------
2023-01-30 15:08:14.944 [Info] InternalDispose() completed. (0ms)

--------------------------------------------------------------------------------
2023-01-30 15:08:14.944 [Info] Clearing instance... (0ms)

--------------------------------------------------------------------------------
2023-01-30 15:08:14.944 [Info] Releasing context lock... (0ms)

--------------------------------------------------------------------------------
2023-01-30 15:08:14.944 [Info] Released. (0ms)

--------------------------------------------------------------------------------
