2023-02-01 03:47:44.920 [Warn] Directory was specified as a plugin directory but does not exist: 'resources\plugins'

--------------------------------------------------------------------------------
2023-02-01 03:47:44.920 [Info] Discovered 0 plugins:


--------------------------------------------------------------------------------
2023-02-01 03:47:45.811 [Info] Connecting to 26.82.96.248:5400...

--------------------------------------------------------------------------------
2023-02-01 03:47:46.110 [Info] Connection approved [00000000-0000-0000-0000-000000000000].

--------------------------------------------------------------------------------
2023-02-01 03:47:46.148 [Debug] approval Time=726889 Offset=63810819339199 Real=63810820066088

--------------------------------------------------------------------------------
2023-02-01 03:47:46.148 [Debug] local Time=726889 Offset=63810819339259 Real=63810820066148

--------------------------------------------------------------------------------
2023-02-01 03:47:46.148 [Debug] real delta=59

--------------------------------------------------------------------------------
2023-02-01 03:47:46.148 [Debug] this.Statistics.Ping=0 NCPing=2

--------------------------------------------------------------------------------
2023-02-01 03:47:46.150 [Debug] Connection established to remote [00000000-0000-0000-0000-000000000000/26.82.96.248:5400].

--------------------------------------------------------------------------------
2023-02-01 03:47:46.150 [Info] Connected [00000000-0000-0000-0000-000000000000].

--------------------------------------------------------------------------------
2023-02-01 03:47:49.009 [Warn] 'Me' is null.

--------------------------------------------------------------------------------
2023-02-01 03:47:49.193 [Debug] received epp: 729762

--------------------------------------------------------------------------------
2023-02-01 03:49:23.561 [Info] System window closing (due to user interaction most likely).

--------------------------------------------------------------------------------
2023-02-01 03:49:23.562 [Debug] StatusChanged: [NetIncomingMessage #632 10 bytes] [Disconnecting]

--------------------------------------------------------------------------------
2023-02-01 03:49:23.565 [Debug] StatusChanged: [NetIncomingMessage #633 14 bytes] [Disconnected]

--------------------------------------------------------------------------------
2023-02-01 03:49:23.604 [Info] Acquiring context lock... (0ms)

--------------------------------------------------------------------------------
2023-02-01 03:49:23.604 [Info] Acquired. (0ms)

--------------------------------------------------------------------------------
2023-02-01 03:49:23.604 [Info] Beginning context dispose. (0ms)

--------------------------------------------------------------------------------
2023-02-01 03:49:23.604 [Info] GC.SuppressFinalize (0ms)

--------------------------------------------------------------------------------
2023-02-01 03:49:23.604 [Info] InternalDispose() completed. (0ms)

--------------------------------------------------------------------------------
2023-02-01 03:49:23.604 [Info] Clearing instance... (1ms)

--------------------------------------------------------------------------------
2023-02-01 03:49:23.604 [Info] Releasing context lock... (1ms)

--------------------------------------------------------------------------------
2023-02-01 03:49:23.604 [Info] Released. (1ms)

--------------------------------------------------------------------------------
