2023-02-01 13:16:47.255 [Warn] Directory was specified as a plugin directory but does not exist: 'resources\plugins'

--------------------------------------------------------------------------------
2023-02-01 13:16:47.255 [Info] Discovered 0 plugins:


--------------------------------------------------------------------------------
2023-02-01 13:16:47.851 [Info] Connecting to 26.82.96.248:5400...

--------------------------------------------------------------------------------
2023-02-01 13:16:48.112 [Info] Connection approved [00000000-0000-0000-0000-000000000000].

--------------------------------------------------------------------------------
2023-02-01 13:16:48.151 [Debug] approval Time=34868892 Offset=63810819339199 Real=63810854208092

--------------------------------------------------------------------------------
2023-02-01 13:16:48.151 [Debug] local Time=34868892 Offset=63810819339258 Real=63810854208151

--------------------------------------------------------------------------------
2023-02-01 13:16:48.151 [Debug] real delta=59

--------------------------------------------------------------------------------
2023-02-01 13:16:48.151 [Debug] this.Statistics.Ping=0 NCPing=1

--------------------------------------------------------------------------------
2023-02-01 13:16:48.153 [Debug] Connection established to remote [00000000-0000-0000-0000-000000000000/26.82.96.248:5400].

--------------------------------------------------------------------------------
2023-02-01 13:16:48.153 [Info] Connected [00000000-0000-0000-0000-000000000000].

--------------------------------------------------------------------------------
2023-02-01 13:21:25.881 [Info] System window closing (due to user interaction most likely).

--------------------------------------------------------------------------------
2023-02-01 13:21:25.883 [Debug] StatusChanged: [NetIncomingMessage #0 10 bytes] [Disconnecting]

--------------------------------------------------------------------------------
2023-02-01 13:21:25.887 [Debug] StatusChanged: [NetIncomingMessage #0 14 bytes] [Disconnected]

--------------------------------------------------------------------------------
2023-02-01 13:21:25.956 [Info] Acquiring context lock... (0ms)

--------------------------------------------------------------------------------
2023-02-01 13:21:25.956 [Info] Acquired. (0ms)

--------------------------------------------------------------------------------
2023-02-01 13:21:25.956 [Info] Beginning context dispose. (0ms)

--------------------------------------------------------------------------------
2023-02-01 13:21:25.957 [Info] GC.SuppressFinalize (0ms)

--------------------------------------------------------------------------------
2023-02-01 13:21:25.957 [Info] InternalDispose() completed. (0ms)

--------------------------------------------------------------------------------
2023-02-01 13:21:25.957 [Info] Clearing instance... (1ms)

--------------------------------------------------------------------------------
2023-02-01 13:21:25.957 [Info] Releasing context lock... (1ms)

--------------------------------------------------------------------------------
2023-02-01 13:21:25.957 [Info] Released. (1ms)

--------------------------------------------------------------------------------
