2023-02-04 05:42:19.387 [Warn] Directory was specified as a plugin directory but does not exist: 'resources\plugins'

--------------------------------------------------------------------------------
2023-02-04 05:42:19.403 [Info] Discovered 0 plugins:


--------------------------------------------------------------------------------
2023-02-04 05:42:20.032 [Info] Connecting to 26.82.96.248:5400...

--------------------------------------------------------------------------------
2023-02-04 05:42:20.361 [Info] Connection approved [00000000-0000-0000-0000-000000000000].

--------------------------------------------------------------------------------
2023-02-04 05:42:20.404 [Debug] approval Time=1151982 Offset=63811084988360 Real=63811086140343

--------------------------------------------------------------------------------
2023-02-04 05:42:20.404 [Debug] local Time=1151982 Offset=63811084988421 Real=63811086140404

--------------------------------------------------------------------------------
2023-02-04 05:42:20.404 [Debug] real delta=61

--------------------------------------------------------------------------------
2023-02-04 05:42:20.404 [Debug] this.Statistics.Ping=0 NCPing=2

--------------------------------------------------------------------------------
2023-02-04 05:42:20.408 [Debug] Connection established to remote [00000000-0000-0000-0000-000000000000/26.82.96.248:5400].

--------------------------------------------------------------------------------
2023-02-04 05:42:20.408 [Info] Connected [00000000-0000-0000-0000-000000000000].

--------------------------------------------------------------------------------
2023-02-04 05:42:22.593 [Warn] 'Me' is null.

--------------------------------------------------------------------------------
2023-02-04 05:42:22.775 [Debug] received epp: 1154177

--------------------------------------------------------------------------------
2023-02-04 05:42:26.570 [Info] System window closing (due to user interaction most likely).

--------------------------------------------------------------------------------
2023-02-04 05:42:26.571 [Debug] StatusChanged: [NetIncomingMessage #11 10 bytes] [Disconnecting]

--------------------------------------------------------------------------------
2023-02-04 05:42:26.574 [Debug] StatusChanged: [NetIncomingMessage #12 14 bytes] [Disconnected]

--------------------------------------------------------------------------------
2023-02-04 05:42:26.627 [Info] Acquiring context lock... (0ms)

--------------------------------------------------------------------------------
2023-02-04 05:42:26.628 [Info] Acquired. (0ms)

--------------------------------------------------------------------------------
2023-02-04 05:42:26.628 [Info] Beginning context dispose. (0ms)

--------------------------------------------------------------------------------
2023-02-04 05:42:26.628 [Info] GC.SuppressFinalize (0ms)

--------------------------------------------------------------------------------
2023-02-04 05:42:26.628 [Info] InternalDispose() completed. (0ms)

--------------------------------------------------------------------------------
2023-02-04 05:42:26.628 [Info] Clearing instance... (0ms)

--------------------------------------------------------------------------------
2023-02-04 05:42:26.628 [Info] Releasing context lock... (0ms)

--------------------------------------------------------------------------------
2023-02-04 05:42:26.628 [Info] Released. (0ms)

--------------------------------------------------------------------------------
