2022-12-25 10:16:04.744 [Warn] Directory was specified as a plugin directory but does not exist: 'resources\plugins'

--------------------------------------------------------------------------------
2022-12-25 10:16:04.748 [Info] Discovered 0 plugins:


--------------------------------------------------------------------------------
2022-12-25 10:16:05.548 [Info] Connecting to 127.0.0.1:5400...

--------------------------------------------------------------------------------
2022-12-25 10:16:06.234 [Info] Connection approved [00000000-0000-0000-0000-000000000000].

--------------------------------------------------------------------------------
2022-12-25 10:16:06.275 [Debug] approval Time=14639 Offset=63807560151500 Real=63807560166140

--------------------------------------------------------------------------------
2022-12-25 10:16:06.280 [Debug] local Time=14639 Offset=63807560151631 Real=63807560166270

--------------------------------------------------------------------------------
2022-12-25 10:16:06.280 [Debug] real delta=140

--------------------------------------------------------------------------------
2022-12-25 10:16:06.280 [Debug] this.Statistics.Ping=0 NCPing=5

--------------------------------------------------------------------------------
2022-12-25 10:16:06.282 [Debug] Connection established to remote [00000000-0000-0000-0000-000000000000/127.0.0.1:5400].

--------------------------------------------------------------------------------
2022-12-25 10:16:06.282 [Info] Connected [00000000-0000-0000-0000-000000000000].

--------------------------------------------------------------------------------
2022-12-25 10:16:50.601 [Warn] 'Me' is null.

--------------------------------------------------------------------------------
2022-12-25 10:16:50.823 [Debug] received epp: 59289

--------------------------------------------------------------------------------
2022-12-25 10:20:42.266 [Info] System window closing (due to user interaction most likely).

--------------------------------------------------------------------------------
2022-12-25 10:20:42.268 [Debug] StatusChanged: [NetIncomingMessage #164 10 bytes] [Disconnecting]

--------------------------------------------------------------------------------
2022-12-25 10:20:42.273 [Debug] StatusChanged: [NetIncomingMessage #0 14 bytes] [Disconnected]

--------------------------------------------------------------------------------
2022-12-25 10:20:42.312 [Info] Acquiring context lock... (0ms)

--------------------------------------------------------------------------------
2022-12-25 10:20:42.312 [Info] Acquired. (0ms)

--------------------------------------------------------------------------------
2022-12-25 10:20:42.313 [Info] Beginning context dispose. (0ms)

--------------------------------------------------------------------------------
2022-12-25 10:20:42.313 [Info] GC.SuppressFinalize (0ms)

--------------------------------------------------------------------------------
2022-12-25 10:20:42.313 [Info] InternalDispose() completed. (0ms)

--------------------------------------------------------------------------------
2022-12-25 10:20:42.313 [Info] Clearing instance... (0ms)

--------------------------------------------------------------------------------
2022-12-25 10:20:42.313 [Info] Releasing context lock... (0ms)

--------------------------------------------------------------------------------
2022-12-25 10:20:42.313 [Info] Released. (0ms)

--------------------------------------------------------------------------------
