2022-12-14 01:43:59.976 [Warn] Directory was specified as a plugin directory but does not exist: 'resources\plugins'

--------------------------------------------------------------------------------
2022-12-14 01:43:59.992 [Info] Discovered 0 plugins:


--------------------------------------------------------------------------------
2022-12-14 01:44:00.599 [Error] Error loading 'resources\music\rpg-theme_v001_looping.ogg'.
2022-12-14 01:44:00.599 [Error] NoAudioHardwareException: Failed to init OpenALSoundController
    Stack:    at Microsoft.Xna.Framework.Audio.OpenALSoundController.EnsureInitialized()
   at Microsoft.Xna.Framework.Audio.SoundEffect.Initialize()
   at Microsoft.Xna.Framework.Audio.DynamicSoundEffectInstance..ctor(Int32 sampleRate, AudioChannels channels)
   at Intersect.Client.MonoGame.Audio.MonoMusicSource.LoadSong()

Caused By
TypeInitializationException: The type initializer for 'MonoGame.OpenAL.AL' threw an exception.
    Stack:    at Microsoft.Xna.Framework.Audio.OpenALSoundController..ctor()
   at Microsoft.Xna.Framework.Audio.OpenALSoundController.EnsureInitialized()

Caused By
Exception: Failed to load library: soft_oal.dll
    Stack:    at MonoGame.Framework.Utilities.FuncLoader.LoadLibraryExt(String libname)
   at MonoGame.OpenAL.AL..cctor()


--------------------------------------------------------------------------------
2022-12-14 01:44:00.672 [Info] Connecting to 127.0.0.1:5400...

--------------------------------------------------------------------------------
2022-12-14 01:44:05.151 [Error] Error loading 'resources\sounds\octave-tap-resonant.wav'.
2022-12-14 01:44:05.151 [Error] NoAudioHardwareException: Audio has failed to initialize. Call SoundEffect.Initialize() before sound operation to get more specific errors.
    Stack:    at Microsoft.Xna.Framework.Audio.SoundEffect..ctor(Stream stream)
   at Microsoft.Xna.Framework.Audio.SoundEffect.FromStream(Stream stream)
   at Intersect.Client.MonoGame.Audio.MonoSoundSource.LoadSound()


--------------------------------------------------------------------------------
2022-12-14 01:44:07.528 [Error] Error loading 'resources\sounds\octave-tap-resonant.wav'.
2022-12-14 01:44:07.528 [Error] NoAudioHardwareException: Audio has failed to initialize. Call SoundEffect.Initialize() before sound operation to get more specific errors.
    Stack:    at Microsoft.Xna.Framework.Audio.SoundEffect..ctor(Stream stream)
   at Microsoft.Xna.Framework.Audio.SoundEffect.FromStream(Stream stream)
   at Intersect.Client.MonoGame.Audio.MonoSoundSource.LoadSound()


--------------------------------------------------------------------------------
2022-12-14 01:44:07.864 [Error] Error loading 'resources\sounds\octave-tap-resonant.wav'.
2022-12-14 01:44:07.864 [Error] NoAudioHardwareException: Audio has failed to initialize. Call SoundEffect.Initialize() before sound operation to get more specific errors.
    Stack:    at Microsoft.Xna.Framework.Audio.SoundEffect..ctor(Stream stream)
   at Microsoft.Xna.Framework.Audio.SoundEffect.FromStream(Stream stream)
   at Intersect.Client.MonoGame.Audio.MonoSoundSource.LoadSound()


--------------------------------------------------------------------------------
2022-12-14 01:44:07.908 [Error] Error loading 'resources\sounds\octave-tap-resonant.wav'.
2022-12-14 01:44:07.908 [Error] NoAudioHardwareException: Audio has failed to initialize. Call SoundEffect.Initialize() before sound operation to get more specific errors.
    Stack:    at Microsoft.Xna.Framework.Audio.SoundEffect..ctor(Stream stream)
   at Microsoft.Xna.Framework.Audio.SoundEffect.FromStream(Stream stream)
   at Intersect.Client.MonoGame.Audio.MonoSoundSource.LoadSound()


--------------------------------------------------------------------------------
2022-12-14 01:44:07.950 [Error] Error loading 'resources\sounds\octave-tap-resonant.wav'.
2022-12-14 01:44:07.950 [Error] NoAudioHardwareException: Audio has failed to initialize. Call SoundEffect.Initialize() before sound operation to get more specific errors.
    Stack:    at Microsoft.Xna.Framework.Audio.SoundEffect..ctor(Stream stream)
   at Microsoft.Xna.Framework.Audio.SoundEffect.FromStream(Stream stream)
   at Intersect.Client.MonoGame.Audio.MonoSoundSource.LoadSound()


--------------------------------------------------------------------------------
2022-12-14 01:44:08.252 [Error] Error loading 'resources\sounds\octave-tap-resonant.wav'.
2022-12-14 01:44:08.252 [Error] NoAudioHardwareException: Audio has failed to initialize. Call SoundEffect.Initialize() before sound operation to get more specific errors.
    Stack:    at Microsoft.Xna.Framework.Audio.SoundEffect..ctor(Stream stream)
   at Microsoft.Xna.Framework.Audio.SoundEffect.FromStream(Stream stream)
   at Intersect.Client.MonoGame.Audio.MonoSoundSource.LoadSound()


--------------------------------------------------------------------------------
2022-12-14 01:44:08.582 [Error] Error loading 'resources\sounds\octave-tap-warm.wav'.
2022-12-14 01:44:08.582 [Error] NoAudioHardwareException: Audio has failed to initialize. Call SoundEffect.Initialize() before sound operation to get more specific errors.
    Stack:    at Microsoft.Xna.Framework.Audio.SoundEffect..ctor(Stream stream)
   at Microsoft.Xna.Framework.Audio.SoundEffect.FromStream(Stream stream)
   at Intersect.Client.MonoGame.Audio.MonoSoundSource.LoadSound()


--------------------------------------------------------------------------------
2022-12-14 01:44:09.143 [Error] Error loading 'resources\sounds\octave-tap-resonant.wav'.
2022-12-14 01:44:09.143 [Error] NoAudioHardwareException: Audio has failed to initialize. Call SoundEffect.Initialize() before sound operation to get more specific errors.
    Stack:    at Microsoft.Xna.Framework.Audio.SoundEffect..ctor(Stream stream)
   at Microsoft.Xna.Framework.Audio.SoundEffect.FromStream(Stream stream)
   at Intersect.Client.MonoGame.Audio.MonoSoundSource.LoadSound()


--------------------------------------------------------------------------------
2022-12-14 01:44:09.549 [Error] Error loading 'resources\sounds\octave-tap-resonant.wav'.
2022-12-14 01:44:09.549 [Error] NoAudioHardwareException: Audio has failed to initialize. Call SoundEffect.Initialize() before sound operation to get more specific errors.
    Stack:    at Microsoft.Xna.Framework.Audio.SoundEffect..ctor(Stream stream)
   at Microsoft.Xna.Framework.Audio.SoundEffect.FromStream(Stream stream)
   at Intersect.Client.MonoGame.Audio.MonoSoundSource.LoadSound()


--------------------------------------------------------------------------------
2022-12-14 01:44:09.685 [Error] Error loading 'resources\sounds\octave-beep-tapped.wav'.
2022-12-14 01:44:09.685 [Error] NoAudioHardwareException: Audio has failed to initialize. Call SoundEffect.Initialize() before sound operation to get more specific errors.
    Stack:    at Microsoft.Xna.Framework.Audio.SoundEffect..ctor(Stream stream)
   at Microsoft.Xna.Framework.Audio.SoundEffect.FromStream(Stream stream)
   at Intersect.Client.MonoGame.Audio.MonoSoundSource.LoadSound()


--------------------------------------------------------------------------------
2022-12-14 01:44:09.772 [Error] Error loading 'resources\sounds\octave-tap-resonant.wav'.
2022-12-14 01:44:09.772 [Error] NoAudioHardwareException: Audio has failed to initialize. Call SoundEffect.Initialize() before sound operation to get more specific errors.
    Stack:    at Microsoft.Xna.Framework.Audio.SoundEffect..ctor(Stream stream)
   at Microsoft.Xna.Framework.Audio.SoundEffect.FromStream(Stream stream)
   at Intersect.Client.MonoGame.Audio.MonoSoundSource.LoadSound()


--------------------------------------------------------------------------------
2022-12-14 01:44:09.987 [Error] Error loading 'resources\sounds\octave-tap-resonant.wav'.
2022-12-14 01:44:09.987 [Error] NoAudioHardwareException: Audio has failed to initialize. Call SoundEffect.Initialize() before sound operation to get more specific errors.
    Stack:    at Microsoft.Xna.Framework.Audio.SoundEffect..ctor(Stream stream)
   at Microsoft.Xna.Framework.Audio.SoundEffect.FromStream(Stream stream)
   at Intersect.Client.MonoGame.Audio.MonoSoundSource.LoadSound()


--------------------------------------------------------------------------------
2022-12-14 01:44:15.084 [Info] System window closing (due to user interaction most likely).

--------------------------------------------------------------------------------
2022-12-14 01:44:15.085 [Debug] StatusChanged: [NetIncomingMessage #0 10 bytes] [Disconnecting]

--------------------------------------------------------------------------------
2022-12-14 01:44:15.085 [Debug] StatusChanged: [NetIncomingMessage #0 10 bytes] [Disconnected]

--------------------------------------------------------------------------------
2022-12-14 01:44:15.087 [Debug] Unknown client disconnected (00-00-00-00-00-00-00-00).

--------------------------------------------------------------------------------
2022-12-14 01:44:15.087 [Info] Disconnected [00000000-0000-0000-0000-000000000000].

--------------------------------------------------------------------------------
2022-12-14 01:44:15.125 [Info] Acquiring context lock... (0ms)

--------------------------------------------------------------------------------
2022-12-14 01:44:15.125 [Info] Acquired. (0ms)

--------------------------------------------------------------------------------
2022-12-14 01:44:15.125 [Info] Beginning context dispose. (0ms)

--------------------------------------------------------------------------------
2022-12-14 01:44:15.126 [Info] GC.SuppressFinalize (0ms)

--------------------------------------------------------------------------------
2022-12-14 01:44:15.126 [Info] InternalDispose() completed. (0ms)

--------------------------------------------------------------------------------
2022-12-14 01:44:15.126 [Info] Clearing instance... (1ms)

--------------------------------------------------------------------------------
2022-12-14 01:44:15.126 [Info] Releasing context lock... (1ms)

--------------------------------------------------------------------------------
2022-12-14 01:44:15.126 [Info] Released. (1ms)

--------------------------------------------------------------------------------
