2023-02-04 07:02:00.418 [Warn] Directory was specified as a plugin directory but does not exist: 'resources\plugins'

--------------------------------------------------------------------------------
2023-02-04 07:02:00.423 [Info] Discovered 0 plugins:


--------------------------------------------------------------------------------
2023-02-04 07:02:01.080 [Info] Connecting to 26.82.96.248:5400...

--------------------------------------------------------------------------------
2023-02-04 07:02:01.341 [Info] Connection approved [00000000-0000-0000-0000-000000000000].

--------------------------------------------------------------------------------
2023-02-04 07:02:01.388 [Debug] approval Time=5932956 Offset=63811084988360 Real=63811090921316

--------------------------------------------------------------------------------
2023-02-04 07:02:01.388 [Debug] local Time=5932956 Offset=63811084988432 Real=63811090921388

--------------------------------------------------------------------------------
2023-02-04 07:02:01.388 [Debug] real delta=71

--------------------------------------------------------------------------------
2023-02-04 07:02:01.388 [Debug] this.Statistics.Ping=0 NCPing=2

--------------------------------------------------------------------------------
2023-02-04 07:02:01.389 [Debug] Connection established to remote [00000000-0000-0000-0000-000000000000/26.82.96.248:5400].

--------------------------------------------------------------------------------
2023-02-04 07:02:01.389 [Info] Connected [00000000-0000-0000-0000-000000000000].

--------------------------------------------------------------------------------
2023-02-04 07:02:13.035 [Warn] 'Me' is null.

--------------------------------------------------------------------------------
2023-02-04 07:02:13.211 [Debug] received epp: 5944623

--------------------------------------------------------------------------------
2023-02-04 07:03:17.308 [Info] System window closing (due to user interaction most likely).

--------------------------------------------------------------------------------
2023-02-04 07:03:17.309 [Debug] StatusChanged: [NetIncomingMessage #997 10 bytes] [Disconnecting]

--------------------------------------------------------------------------------
2023-02-04 07:03:17.314 [Debug] StatusChanged: [NetIncomingMessage #998 14 bytes] [Disconnected]

--------------------------------------------------------------------------------
2023-02-04 07:03:17.373 [Info] Acquiring context lock... (0ms)

--------------------------------------------------------------------------------
2023-02-04 07:03:17.373 [Info] Acquired. (0ms)

--------------------------------------------------------------------------------
2023-02-04 07:03:17.374 [Info] Beginning context dispose. (0ms)

--------------------------------------------------------------------------------
2023-02-04 07:03:17.374 [Info] GC.SuppressFinalize (0ms)

--------------------------------------------------------------------------------
2023-02-04 07:03:17.374 [Info] InternalDispose() completed. (0ms)

--------------------------------------------------------------------------------
2023-02-04 07:03:17.374 [Info] Clearing instance... (0ms)

--------------------------------------------------------------------------------
2023-02-04 07:03:17.374 [Info] Releasing context lock... (0ms)

--------------------------------------------------------------------------------
2023-02-04 07:03:17.374 [Info] Released. (0ms)

--------------------------------------------------------------------------------
