2023-01-28 14:22:34.539 [Info] Connecting to 26.82.96.248:5400...

--------------------------------------------------------------------------------
2023-01-28 14:22:35.396 [Info] Connection approved [00000000-0000-0000-0000-000000000000].

--------------------------------------------------------------------------------
2023-01-28 14:22:35.482 [Debug] approval Time=1526265 Offset=63810511030330 Real=63810512556595

--------------------------------------------------------------------------------
2023-01-28 14:22:35.482 [Debug] local Time=1526265 Offset=63810511029217 Real=63810512555482

--------------------------------------------------------------------------------
2023-01-28 14:22:35.483 [Debug] real delta=-1113

--------------------------------------------------------------------------------
2023-01-28 14:22:35.483 [Debug] this.Statistics.Ping=0 NCPing=26

--------------------------------------------------------------------------------
2023-01-28 14:22:35.485 [Debug] Connection established to remote [00000000-0000-0000-0000-000000000000/26.82.96.248:5400].

--------------------------------------------------------------------------------
2023-01-28 14:22:35.486 [Info] Connected [00000000-0000-0000-0000-000000000000].

--------------------------------------------------------------------------------
2023-01-28 15:22:52.915 [Debug] StatusChanged: [NetIncomingMessage #0 10 bytes] [Disconnecting]

--------------------------------------------------------------------------------
2023-01-28 15:22:52.997 [Debug] StatusChanged: [NetIncomingMessage #0 10 bytes] [Disconnected]

--------------------------------------------------------------------------------
2023-01-28 15:22:52.998 [Debug] Connection terminated to remote [00000000-0000-0000-0000-000000000000/26.82.96.248:5400].

--------------------------------------------------------------------------------
2023-01-28 15:22:52.998 [Info] Disconnected [00000000-0000-0000-0000-000000000000].

--------------------------------------------------------------------------------
