2023-01-30 04:38:33.285 [Warn] Directory was specified as a plugin directory but does not exist: 'resources\plugins'

--------------------------------------------------------------------------------
2023-01-30 04:38:33.289 [Info] Discovered 0 plugins:


--------------------------------------------------------------------------------
2023-01-30 04:38:33.852 [Info] Connecting to 26.82.96.248:5400...

--------------------------------------------------------------------------------
2023-01-30 04:38:34.133 [Info] Connection approved [00000000-0000-0000-0000-000000000000].

--------------------------------------------------------------------------------
2023-01-30 04:38:34.176 [Debug] approval Time=15616 Offset=63810650298495 Real=63810650314112

--------------------------------------------------------------------------------
2023-01-30 04:38:34.176 [Debug] local Time=15616 Offset=63810650298560 Real=63810650314176

--------------------------------------------------------------------------------
2023-01-30 04:38:34.176 [Debug] real delta=64

--------------------------------------------------------------------------------
2023-01-30 04:38:34.176 [Debug] this.Statistics.Ping=0 NCPing=2

--------------------------------------------------------------------------------
2023-01-30 04:38:34.177 [Debug] Connection established to remote [00000000-0000-0000-0000-000000000000/26.82.96.248:5400].

--------------------------------------------------------------------------------
2023-01-30 04:38:34.177 [Info] Connected [00000000-0000-0000-0000-000000000000].

--------------------------------------------------------------------------------
2023-01-30 04:39:03.694 [Info] System window closing (due to user interaction most likely).

--------------------------------------------------------------------------------
2023-01-30 04:39:03.695 [Debug] StatusChanged: [NetIncomingMessage #0 10 bytes] [Disconnecting]

--------------------------------------------------------------------------------
2023-01-30 04:39:03.701 [Debug] StatusChanged: [NetIncomingMessage #0 14 bytes] [Disconnected]

--------------------------------------------------------------------------------
2023-01-30 04:39:03.739 [Info] Acquiring context lock... (0ms)

--------------------------------------------------------------------------------
2023-01-30 04:39:03.739 [Info] Acquired. (0ms)

--------------------------------------------------------------------------------
2023-01-30 04:39:03.740 [Info] Beginning context dispose. (0ms)

--------------------------------------------------------------------------------
2023-01-30 04:39:03.740 [Info] GC.SuppressFinalize (0ms)

--------------------------------------------------------------------------------
2023-01-30 04:39:03.740 [Info] InternalDispose() completed. (0ms)

--------------------------------------------------------------------------------
2023-01-30 04:39:03.740 [Info] Clearing instance... (0ms)

--------------------------------------------------------------------------------
2023-01-30 04:39:03.740 [Info] Releasing context lock... (0ms)

--------------------------------------------------------------------------------
2023-01-30 04:39:03.740 [Info] Released. (0ms)

--------------------------------------------------------------------------------
