2022-12-14 02:06:16.758 [Warn] Directory was specified as a plugin directory but does not exist: 'resources\plugins'

--------------------------------------------------------------------------------
2022-12-14 02:06:16.764 [Info] Discovered 0 plugins:


--------------------------------------------------------------------------------
2022-12-14 02:06:17.621 [Info] Connecting to 127.0.0.1:5400...

--------------------------------------------------------------------------------
2022-12-14 02:06:18.013 [Info] Connection approved [00000000-0000-0000-0000-000000000000].

--------------------------------------------------------------------------------
2022-12-14 02:06:18.079 [Debug] approval Time=1310394 Offset=63806579067612 Real=63806580378007

--------------------------------------------------------------------------------
2022-12-14 02:06:18.079 [Debug] local Time=1310394 Offset=63806579067684 Real=63806580378079

--------------------------------------------------------------------------------
2022-12-14 02:06:18.079 [Debug] real delta=72

--------------------------------------------------------------------------------
2022-12-14 02:06:18.080 [Debug] this.Statistics.Ping=0 NCPing=1

--------------------------------------------------------------------------------
2022-12-14 02:06:18.082 [Debug] Connection established to remote [00000000-0000-0000-0000-000000000000/127.0.0.1:5400].

--------------------------------------------------------------------------------
2022-12-14 02:06:18.082 [Info] Connected [00000000-0000-0000-0000-000000000000].

--------------------------------------------------------------------------------
2022-12-14 02:08:14.881 [Info] System window closing (due to user interaction most likely).

--------------------------------------------------------------------------------
2022-12-14 02:08:14.882 [Debug] StatusChanged: [NetIncomingMessage #0 10 bytes] [Disconnecting]

--------------------------------------------------------------------------------
2022-12-14 02:08:14.886 [Debug] StatusChanged: [NetIncomingMessage #0 14 bytes] [Disconnected]

--------------------------------------------------------------------------------
2022-12-14 02:08:14.940 [Info] Acquiring context lock... (0ms)

--------------------------------------------------------------------------------
2022-12-14 02:08:14.940 [Info] Acquired. (0ms)

--------------------------------------------------------------------------------
2022-12-14 02:08:14.940 [Info] Beginning context dispose. (0ms)

--------------------------------------------------------------------------------
2022-12-14 02:08:14.942 [Info] GC.SuppressFinalize (0ms)

--------------------------------------------------------------------------------
2022-12-14 02:08:14.942 [Info] InternalDispose() completed. (0ms)

--------------------------------------------------------------------------------
2022-12-14 02:08:14.942 [Info] Clearing instance... (0ms)

--------------------------------------------------------------------------------
2022-12-14 02:08:14.942 [Info] Releasing context lock... (1ms)

--------------------------------------------------------------------------------
2022-12-14 02:08:14.942 [Info] Released. (1ms)

--------------------------------------------------------------------------------
