2023-01-30 17:48:50.041 [Warn] Directory was specified as a plugin directory but does not exist: 'resources\plugins'

--------------------------------------------------------------------------------
2023-01-30 17:48:50.045 [Info] Discovered 0 plugins:


--------------------------------------------------------------------------------
2023-01-30 17:48:50.584 [Info] Connecting to 26.82.96.248:5400...

--------------------------------------------------------------------------------
2023-01-30 17:48:51.125 [Info] Connection approved [00000000-0000-0000-0000-000000000000].

--------------------------------------------------------------------------------
2023-01-30 17:48:51.174 [Debug] approval Time=5919 Offset=63810697725136 Real=63810697731056

--------------------------------------------------------------------------------
2023-01-30 17:48:51.174 [Debug] local Time=5919 Offset=63810697725254 Real=63810697731174

--------------------------------------------------------------------------------
2023-01-30 17:48:51.174 [Debug] real delta=117

--------------------------------------------------------------------------------
2023-01-30 17:48:51.174 [Debug] this.Statistics.Ping=0 NCPing=3

--------------------------------------------------------------------------------
2023-01-30 17:48:51.176 [Debug] Connection established to remote [00000000-0000-0000-0000-000000000000/26.82.96.248:5400].

--------------------------------------------------------------------------------
2023-01-30 17:48:51.176 [Info] Connected [00000000-0000-0000-0000-000000000000].

--------------------------------------------------------------------------------
2023-01-30 17:48:51.366 [Warn] Missing strings, overwriting strings file:
	ItemDescription.Rarity[C],
	ItemDescription.Rarity[U],
	ItemDescription.Rarity[R],
	ItemDescription.Rarity[E],
	ItemDescription.Rarity[L]

--------------------------------------------------------------------------------
2023-01-30 17:48:53.509 [Warn] 'Me' is null.

--------------------------------------------------------------------------------
2023-01-30 17:48:53.689 [Debug] received epp: 8466

--------------------------------------------------------------------------------
2023-01-30 17:49:04.416 [Info] System window closing (due to user interaction most likely).

--------------------------------------------------------------------------------
2023-01-30 17:49:04.418 [Debug] StatusChanged: [NetIncomingMessage #192 10 bytes] [Disconnecting]

--------------------------------------------------------------------------------
2023-01-30 17:49:04.423 [Debug] StatusChanged: [NetIncomingMessage #193 14 bytes] [Disconnected]

--------------------------------------------------------------------------------
2023-01-30 17:49:04.461 [Info] Acquiring context lock... (0ms)

--------------------------------------------------------------------------------
2023-01-30 17:49:04.461 [Info] Acquired. (0ms)

--------------------------------------------------------------------------------
2023-01-30 17:49:04.462 [Info] Beginning context dispose. (0ms)

--------------------------------------------------------------------------------
2023-01-30 17:49:04.462 [Info] GC.SuppressFinalize (0ms)

--------------------------------------------------------------------------------
2023-01-30 17:49:04.462 [Info] InternalDispose() completed. (0ms)

--------------------------------------------------------------------------------
2023-01-30 17:49:04.462 [Info] Clearing instance... (1ms)

--------------------------------------------------------------------------------
2023-01-30 17:49:04.462 [Info] Releasing context lock... (1ms)

--------------------------------------------------------------------------------
2023-01-30 17:49:04.463 [Info] Released. (1ms)

--------------------------------------------------------------------------------
