2023-01-30 14:52:22.579 [Warn] Directory was specified as a plugin directory but does not exist: 'resources\plugins'

--------------------------------------------------------------------------------
2023-01-30 14:52:22.583 [Info] Discovered 0 plugins:


--------------------------------------------------------------------------------
2023-01-30 14:52:23.190 [Info] Connecting to 26.82.96.248:5400...

--------------------------------------------------------------------------------
2023-01-30 14:52:23.458 [Info] Connection approved [00000000-0000-0000-0000-000000000000].

--------------------------------------------------------------------------------
2023-01-30 14:52:23.501 [Debug] approval Time=618088 Offset=63810686525344 Real=63810687143433

--------------------------------------------------------------------------------
2023-01-30 14:52:23.501 [Debug] local Time=618088 Offset=63810686525412 Real=63810687143501

--------------------------------------------------------------------------------
2023-01-30 14:52:23.501 [Debug] real delta=67

--------------------------------------------------------------------------------
2023-01-30 14:52:23.501 [Debug] this.Statistics.Ping=0 NCPing=2

--------------------------------------------------------------------------------
2023-01-30 14:52:23.501 [Debug] Connection established to remote [00000000-0000-0000-0000-000000000000/26.82.96.248:5400].

--------------------------------------------------------------------------------
2023-01-30 14:52:23.502 [Info] Connected [00000000-0000-0000-0000-000000000000].

--------------------------------------------------------------------------------
2023-01-30 14:55:10.908 [Info] System window closing (due to user interaction most likely).

--------------------------------------------------------------------------------
2023-01-30 14:55:10.910 [Debug] StatusChanged: [NetIncomingMessage #0 10 bytes] [Disconnecting]

--------------------------------------------------------------------------------
2023-01-30 14:55:10.915 [Debug] StatusChanged: [NetIncomingMessage #0 14 bytes] [Disconnected]

--------------------------------------------------------------------------------
2023-01-30 14:55:10.955 [Info] Acquiring context lock... (0ms)

--------------------------------------------------------------------------------
2023-01-30 14:55:10.955 [Info] Acquired. (0ms)

--------------------------------------------------------------------------------
2023-01-30 14:55:10.956 [Info] Beginning context dispose. (0ms)

--------------------------------------------------------------------------------
2023-01-30 14:55:10.956 [Info] GC.SuppressFinalize (0ms)

--------------------------------------------------------------------------------
2023-01-30 14:55:10.956 [Info] InternalDispose() completed. (0ms)

--------------------------------------------------------------------------------
2023-01-30 14:55:10.956 [Info] Clearing instance... (0ms)

--------------------------------------------------------------------------------
2023-01-30 14:55:10.956 [Info] Releasing context lock... (0ms)

--------------------------------------------------------------------------------
2023-01-30 14:55:10.956 [Info] Released. (0ms)

--------------------------------------------------------------------------------
