2023-02-04 06:29:31.861 [Warn] Directory was specified as a plugin directory but does not exist: 'resources\plugins'

--------------------------------------------------------------------------------
2023-02-04 06:29:31.866 [Info] Discovered 0 plugins:


--------------------------------------------------------------------------------
2023-02-04 06:29:32.542 [Info] Connecting to 26.82.96.248:5400...

--------------------------------------------------------------------------------
2023-02-04 06:29:32.824 [Info] Connection approved [00000000-0000-0000-0000-000000000000].

--------------------------------------------------------------------------------
2023-02-04 06:29:32.873 [Debug] approval Time=3984451 Offset=63811084988360 Real=63811088972812

--------------------------------------------------------------------------------
2023-02-04 06:29:32.873 [Debug] local Time=3984451 Offset=63811084988421 Real=63811088972873

--------------------------------------------------------------------------------
2023-02-04 06:29:32.873 [Debug] real delta=61

--------------------------------------------------------------------------------
2023-02-04 06:29:32.873 [Debug] this.Statistics.Ping=0 NCPing=1

--------------------------------------------------------------------------------
2023-02-04 06:29:32.875 [Debug] Connection established to remote [00000000-0000-0000-0000-000000000000/26.82.96.248:5400].

--------------------------------------------------------------------------------
2023-02-04 06:29:32.875 [Info] Connected [00000000-0000-0000-0000-000000000000].

--------------------------------------------------------------------------------
2023-02-04 06:29:35.364 [Warn] 'Me' is null.

--------------------------------------------------------------------------------
2023-02-04 06:29:35.542 [Debug] received epp: 3986957

--------------------------------------------------------------------------------
2023-02-04 06:31:41.299 [Info] System window closing (due to user interaction most likely).

--------------------------------------------------------------------------------
2023-02-04 06:31:41.300 [Debug] StatusChanged: [NetIncomingMessage #954 10 bytes] [Disconnecting]

--------------------------------------------------------------------------------
2023-02-04 06:31:41.305 [Debug] StatusChanged: [NetIncomingMessage #955 14 bytes] [Disconnected]

--------------------------------------------------------------------------------
2023-02-04 06:31:41.364 [Info] Acquiring context lock... (0ms)

--------------------------------------------------------------------------------
2023-02-04 06:31:41.364 [Info] Acquired. (0ms)

--------------------------------------------------------------------------------
2023-02-04 06:31:41.364 [Info] Beginning context dispose. (0ms)

--------------------------------------------------------------------------------
2023-02-04 06:31:41.364 [Info] GC.SuppressFinalize (0ms)

--------------------------------------------------------------------------------
2023-02-04 06:31:41.364 [Info] InternalDispose() completed. (0ms)

--------------------------------------------------------------------------------
2023-02-04 06:31:41.364 [Info] Clearing instance... (1ms)

--------------------------------------------------------------------------------
2023-02-04 06:31:41.364 [Info] Releasing context lock... (1ms)

--------------------------------------------------------------------------------
2023-02-04 06:31:41.364 [Info] Released. (1ms)

--------------------------------------------------------------------------------
