2022-12-13 13:39:04.719 [Warn] Directory was specified as a plugin directory but does not exist: 'resources\plugins'

--------------------------------------------------------------------------------
2022-12-13 13:39:04.724 [Info] Discovered 0 plugins:


--------------------------------------------------------------------------------
2022-12-13 13:39:05.501 [Info] Connecting to 127.0.0.1:5400...

--------------------------------------------------------------------------------
2022-12-13 13:39:20.835 [Debug] StatusChanged: [NetIncomingMessage #0 63 bytes] [Disconnected]

--------------------------------------------------------------------------------
2022-12-13 13:39:20.842 [Debug] Unknown client disconnected (00-00-00-00-00-00-00-00).

--------------------------------------------------------------------------------
2022-12-13 13:39:20.843 [Info] Disconnected [00000000-0000-0000-0000-000000000000].

--------------------------------------------------------------------------------
2022-12-13 13:39:20.845 [Info] Connecting to 127.0.0.1:5400...

--------------------------------------------------------------------------------
2022-12-13 13:39:30.366 [Info] System window closing (due to user interaction most likely).

--------------------------------------------------------------------------------
2022-12-13 13:39:30.367 [Debug] StatusChanged: [NetIncomingMessage #0 10 bytes] [Disconnecting]

--------------------------------------------------------------------------------
2022-12-13 13:39:30.369 [Debug] StatusChanged: [NetIncomingMessage #0 14 bytes] [Disconnected]

--------------------------------------------------------------------------------
2022-12-13 13:39:30.369 [Debug] Unknown client disconnected (00-00-00-00-00-00-00-00).

--------------------------------------------------------------------------------
2022-12-13 13:39:30.369 [Info] Disconnected [00000000-0000-0000-0000-000000000000].

--------------------------------------------------------------------------------
2022-12-13 13:39:30.409 [Info] Acquiring context lock... (0ms)

--------------------------------------------------------------------------------
2022-12-13 13:39:30.409 [Info] Acquired. (0ms)

--------------------------------------------------------------------------------
2022-12-13 13:39:30.409 [Info] Beginning context dispose. (0ms)

--------------------------------------------------------------------------------
2022-12-13 13:39:30.409 [Info] GC.SuppressFinalize (0ms)

--------------------------------------------------------------------------------
2022-12-13 13:39:30.409 [Info] InternalDispose() completed. (0ms)

--------------------------------------------------------------------------------
2022-12-13 13:39:30.409 [Info] Clearing instance... (1ms)

--------------------------------------------------------------------------------
2022-12-13 13:39:30.410 [Info] Releasing context lock... (1ms)

--------------------------------------------------------------------------------
2022-12-13 13:39:30.410 [Info] Released. (1ms)

--------------------------------------------------------------------------------
