2023-01-28 16:56:59.411 [Warn] Directory was specified as a plugin directory but does not exist: 'resources\plugins'

--------------------------------------------------------------------------------
2023-01-28 16:56:59.417 [Info] Discovered 0 plugins:


--------------------------------------------------------------------------------
2023-01-28 16:57:00.041 [Info] Connecting to 26.82.96.248:5400...

--------------------------------------------------------------------------------
2023-01-28 16:57:00.335 [Info] Connection approved [00000000-0000-0000-0000-000000000000].

--------------------------------------------------------------------------------
2023-01-28 16:57:00.384 [Debug] approval Time=10789980 Offset=63810511030330 Real=63810521820310

--------------------------------------------------------------------------------
2023-01-28 16:57:00.384 [Debug] local Time=10789980 Offset=63810511030404 Real=63810521820384

--------------------------------------------------------------------------------
2023-01-28 16:57:00.384 [Debug] real delta=73

--------------------------------------------------------------------------------
2023-01-28 16:57:00.384 [Debug] this.Statistics.Ping=0 NCPing=2

--------------------------------------------------------------------------------
2023-01-28 16:57:00.385 [Debug] Connection established to remote [00000000-0000-0000-0000-000000000000/26.82.96.248:5400].

--------------------------------------------------------------------------------
2023-01-28 16:57:00.386 [Info] Connected [00000000-0000-0000-0000-000000000000].

--------------------------------------------------------------------------------
2023-01-28 16:57:05.773 [Warn] 'Me' is null.

--------------------------------------------------------------------------------
2023-01-28 16:57:05.978 [Debug] received epp: 10795384

--------------------------------------------------------------------------------
2023-01-28 16:57:43.558 [Warn] 'Me' is null.

--------------------------------------------------------------------------------
2023-01-28 16:57:43.559 [Debug] received epp: 10833210

--------------------------------------------------------------------------------
2023-01-28 16:57:43.581 [Warn] 'GameUi' is null.

--------------------------------------------------------------------------------
2023-01-28 16:57:43.582 [Warn] 'GameUi' is null.

--------------------------------------------------------------------------------
2023-01-28 17:06:06.435 [Debug] received epp: 11336086

--------------------------------------------------------------------------------
2023-01-28 17:08:12.651 [Debug] received epp: 11462289

--------------------------------------------------------------------------------
2023-01-28 17:32:34.223 [Debug] received epp: 12923846

--------------------------------------------------------------------------------
2023-01-28 17:48:33.175 [Debug] received epp: 13882813

--------------------------------------------------------------------------------
