2022-12-14 01:44:27.212 [Warn] Directory was specified as a plugin directory but does not exist: 'resources\plugins'

--------------------------------------------------------------------------------
2022-12-14 01:44:27.219 [Info] Discovered 0 plugins:


--------------------------------------------------------------------------------
2022-12-14 01:44:28.175 [Info] Connecting to 127.0.0.1:5400...

--------------------------------------------------------------------------------
2022-12-14 01:44:29.415 [Info] Connection approved [00000000-0000-0000-0000-000000000000].

--------------------------------------------------------------------------------
2022-12-14 01:44:29.492 [Debug] approval Time=1705 Offset=63806579067612 Real=63806579069317

--------------------------------------------------------------------------------
2022-12-14 01:44:29.492 [Debug] local Time=1705 Offset=63806579067782 Real=63806579069487

--------------------------------------------------------------------------------
2022-12-14 01:44:29.492 [Debug] real delta=169

--------------------------------------------------------------------------------
2022-12-14 01:44:29.492 [Debug] this.Statistics.Ping=0 NCPing=5

--------------------------------------------------------------------------------
2022-12-14 01:44:29.493 [Debug] Connection established to remote [00000000-0000-0000-0000-000000000000/127.0.0.1:5400].

--------------------------------------------------------------------------------
2022-12-14 01:44:29.494 [Info] Connected [00000000-0000-0000-0000-000000000000].

--------------------------------------------------------------------------------
2022-12-14 01:44:56.699 [Info] System window closing (due to user interaction most likely).

--------------------------------------------------------------------------------
2022-12-14 01:44:56.699 [Debug] StatusChanged: [NetIncomingMessage #0 10 bytes] [Disconnecting]

--------------------------------------------------------------------------------
2022-12-14 01:44:56.706 [Debug] StatusChanged: [NetIncomingMessage #0 14 bytes] [Disconnected]

--------------------------------------------------------------------------------
2022-12-14 01:44:56.746 [Info] Acquiring context lock... (0ms)

--------------------------------------------------------------------------------
2022-12-14 01:44:56.746 [Info] Acquired. (0ms)

--------------------------------------------------------------------------------
2022-12-14 01:44:56.746 [Info] Beginning context dispose. (0ms)

--------------------------------------------------------------------------------
2022-12-14 01:44:56.747 [Info] GC.SuppressFinalize (0ms)

--------------------------------------------------------------------------------
2022-12-14 01:44:56.747 [Info] InternalDispose() completed. (0ms)

--------------------------------------------------------------------------------
2022-12-14 01:44:56.747 [Info] Clearing instance... (1ms)

--------------------------------------------------------------------------------
2022-12-14 01:44:56.747 [Info] Releasing context lock... (1ms)

--------------------------------------------------------------------------------
2022-12-14 01:44:56.747 [Info] Released. (1ms)

--------------------------------------------------------------------------------
