2022-12-13 07:34:43.203 [Warn] Directory was specified as a plugin directory but does not exist: 'resources\plugins'

--------------------------------------------------------------------------------
2022-12-13 07:34:43.226 [Info] Discovered 0 plugins:


--------------------------------------------------------------------------------
2022-12-13 07:34:44.274 [Info] Connecting to 127.0.0.1:5400...

--------------------------------------------------------------------------------
2022-12-13 07:34:44.654 [Info] Connection approved [00000000-0000-0000-0000-000000000000].

--------------------------------------------------------------------------------
2022-12-13 07:34:44.713 [Debug] approval Time=15481 Offset=63806513669151 Real=63806513684632

--------------------------------------------------------------------------------
2022-12-13 07:34:44.713 [Debug] local Time=15481 Offset=63806513669231 Real=63806513684713

--------------------------------------------------------------------------------
2022-12-13 07:34:44.713 [Debug] real delta=80

--------------------------------------------------------------------------------
2022-12-13 07:34:44.713 [Debug] this.Statistics.Ping=0 NCPing=0

--------------------------------------------------------------------------------
2022-12-13 07:34:44.714 [Debug] Connection established to remote [00000000-0000-0000-0000-000000000000/127.0.0.1:5400].

--------------------------------------------------------------------------------
2022-12-13 07:34:44.715 [Info] Connected [00000000-0000-0000-0000-000000000000].

--------------------------------------------------------------------------------
2022-12-13 07:35:09.837 [Warn] 'Me' is null.

--------------------------------------------------------------------------------
2022-12-13 07:35:10.149 [Debug] received epp: 40840

--------------------------------------------------------------------------------
2022-12-13 07:35:16.787 [Debug] received epp: 47601

--------------------------------------------------------------------------------
2022-12-13 07:48:43.647 [Info] System window closing (due to user interaction most likely).

--------------------------------------------------------------------------------
2022-12-13 07:48:43.648 [Debug] StatusChanged: [NetIncomingMessage #13 10 bytes] [Disconnecting]

--------------------------------------------------------------------------------
2022-12-13 07:48:43.649 [Debug] StatusChanged: [NetIncomingMessage #0 10 bytes] [Disconnected]

--------------------------------------------------------------------------------
2022-12-13 07:48:43.649 [Debug] Connection terminated to remote [00000000-0000-0000-0000-000000000000/127.0.0.1:5400].

--------------------------------------------------------------------------------
2022-12-13 07:48:43.650 [Info] Disconnected [00000000-0000-0000-0000-000000000000].

--------------------------------------------------------------------------------
2022-12-13 07:48:43.650 [Info] Connecting to 127.0.0.1:5400...

--------------------------------------------------------------------------------
2022-12-13 07:48:43.692 [Info] Acquiring context lock... (0ms)

--------------------------------------------------------------------------------
2022-12-13 07:48:43.692 [Info] Acquired. (0ms)

--------------------------------------------------------------------------------
2022-12-13 07:48:43.692 [Info] Beginning context dispose. (0ms)

--------------------------------------------------------------------------------
2022-12-13 07:48:43.701 [Info] GC.SuppressFinalize (0ms)

--------------------------------------------------------------------------------
2022-12-13 07:48:43.701 [Info] InternalDispose() completed. (0ms)

--------------------------------------------------------------------------------
2022-12-13 07:48:43.701 [Info] Clearing instance... (2ms)

--------------------------------------------------------------------------------
2022-12-13 07:48:43.701 [Info] Releasing context lock... (2ms)

--------------------------------------------------------------------------------
2022-12-13 07:48:43.703 [Info] Released. (2ms)

--------------------------------------------------------------------------------
