2022-12-14 11:57:01.560 [Warn] Directory was specified as a plugin directory but does not exist: 'resources\plugins'

--------------------------------------------------------------------------------
2022-12-14 11:57:01.564 [Info] Discovered 0 plugins:


--------------------------------------------------------------------------------
2022-12-14 11:57:02.272 [Info] Connecting to 127.0.0.1:5400...

--------------------------------------------------------------------------------
2022-12-14 11:57:02.543 [Info] Connection approved [00000000-0000-0000-0000-000000000000].

--------------------------------------------------------------------------------
2022-12-14 11:57:02.586 [Debug] approval Time=12997446 Offset=63806602825084 Real=63806615822530

--------------------------------------------------------------------------------
2022-12-14 11:57:02.586 [Debug] local Time=12997446 Offset=63806602825139 Real=63806615822586

--------------------------------------------------------------------------------
2022-12-14 11:57:02.586 [Debug] real delta=55

--------------------------------------------------------------------------------
2022-12-14 11:57:02.586 [Debug] this.Statistics.Ping=0 NCPing=1

--------------------------------------------------------------------------------
2022-12-14 11:57:02.588 [Debug] Connection established to remote [00000000-0000-0000-0000-000000000000/127.0.0.1:5400].

--------------------------------------------------------------------------------
2022-12-14 11:57:02.588 [Info] Connected [00000000-0000-0000-0000-000000000000].

--------------------------------------------------------------------------------
2022-12-14 11:57:07.434 [Warn] 'Me' is null.

--------------------------------------------------------------------------------
2022-12-14 11:57:07.602 [Debug] received epp: 13002305

--------------------------------------------------------------------------------
2022-12-14 12:01:44.084 [Warn] 'Me' is null.

--------------------------------------------------------------------------------
2022-12-14 12:01:44.084 [Debug] received epp: 13278982

--------------------------------------------------------------------------------
2022-12-14 12:01:44.089 [Warn] 'GameUi' is null.

--------------------------------------------------------------------------------
2022-12-14 12:01:44.089 [Warn] 'GameUi' is null.

--------------------------------------------------------------------------------
2022-12-14 12:01:48.234 [Info] System window closing (due to user interaction most likely).

--------------------------------------------------------------------------------
2022-12-14 12:01:48.235 [Debug] StatusChanged: [NetIncomingMessage #179 10 bytes] [Disconnecting]

--------------------------------------------------------------------------------
2022-12-14 12:01:48.239 [Debug] StatusChanged: [NetIncomingMessage #180 14 bytes] [Disconnected]

--------------------------------------------------------------------------------
2022-12-14 12:01:48.309 [Info] Acquiring context lock... (0ms)

--------------------------------------------------------------------------------
2022-12-14 12:01:48.309 [Info] Acquired. (0ms)

--------------------------------------------------------------------------------
2022-12-14 12:01:48.310 [Info] Beginning context dispose. (0ms)

--------------------------------------------------------------------------------
2022-12-14 12:01:48.310 [Info] GC.SuppressFinalize (0ms)

--------------------------------------------------------------------------------
2022-12-14 12:01:48.310 [Info] InternalDispose() completed. (0ms)

--------------------------------------------------------------------------------
2022-12-14 12:01:48.310 [Info] Clearing instance... (0ms)

--------------------------------------------------------------------------------
2022-12-14 12:01:48.310 [Info] Releasing context lock... (0ms)

--------------------------------------------------------------------------------
2022-12-14 12:01:48.310 [Info] Released. (0ms)

--------------------------------------------------------------------------------
