2023-01-30 17:41:38.190 [Warn] Directory was specified as a plugin directory but does not exist: 'resources\plugins'

--------------------------------------------------------------------------------
2023-01-30 17:41:38.194 [Info] Discovered 0 plugins:


--------------------------------------------------------------------------------
2023-01-30 17:41:38.762 [Info] Connecting to 26.82.96.248:5400...

--------------------------------------------------------------------------------
2023-01-30 17:41:39.268 [Info] Connection approved [00000000-0000-0000-0000-000000000000].

--------------------------------------------------------------------------------
2023-01-30 17:41:39.314 [Debug] approval Time=9535 Offset=63810697289677 Real=63810697299212

--------------------------------------------------------------------------------
2023-01-30 17:41:39.314 [Debug] local Time=9535 Offset=63810697289779 Real=63810697299314

--------------------------------------------------------------------------------
2023-01-30 17:41:39.314 [Debug] real delta=102

--------------------------------------------------------------------------------
2023-01-30 17:41:39.314 [Debug] this.Statistics.Ping=0 NCPing=3

--------------------------------------------------------------------------------
2023-01-30 17:41:39.316 [Debug] Connection established to remote [00000000-0000-0000-0000-000000000000/26.82.96.248:5400].

--------------------------------------------------------------------------------
2023-01-30 17:41:39.317 [Info] Connected [00000000-0000-0000-0000-000000000000].

--------------------------------------------------------------------------------
2023-01-30 17:41:42.034 [Warn] 'Me' is null.

--------------------------------------------------------------------------------
2023-01-30 17:41:42.222 [Debug] received epp: 12457

--------------------------------------------------------------------------------
2023-01-30 17:42:22.244 [Debug] StatusChanged: [NetIncomingMessage #630 14 bytes] [Disconnected]

--------------------------------------------------------------------------------
2023-01-30 17:42:22.244 [Debug] Connection terminated to remote [00000000-0000-0000-0000-000000000000/26.82.96.248:5400].

--------------------------------------------------------------------------------
2023-01-30 17:42:22.244 [Info] Disconnected [00000000-0000-0000-0000-000000000000].

--------------------------------------------------------------------------------
2023-01-30 17:42:22.247 [Info] Connecting to 26.82.96.248:5400...

--------------------------------------------------------------------------------
2023-01-30 17:42:31.567 [Info] Connection approved [00000000-0000-0000-0000-000000000000].

--------------------------------------------------------------------------------
2023-01-30 17:42:31.567 [Debug] approval Time=1786 Offset=63810697349732 Real=63810697351519

--------------------------------------------------------------------------------
2023-01-30 17:42:31.567 [Debug] local Time=1786 Offset=63810697349780 Real=63810697351567

--------------------------------------------------------------------------------
2023-01-30 17:42:31.567 [Debug] real delta=48

--------------------------------------------------------------------------------
2023-01-30 17:42:31.567 [Debug] this.Statistics.Ping=0 NCPing=-1000

--------------------------------------------------------------------------------
2023-01-30 17:42:31.567 [Debug] Connection established to remote [00000000-0000-0000-0000-000000000000/26.82.96.248:5400].

--------------------------------------------------------------------------------
2023-01-30 17:42:31.567 [Info] Connected [00000000-0000-0000-0000-000000000000].

--------------------------------------------------------------------------------
2023-01-30 17:42:35.169 [Warn] 'Me' is null.

--------------------------------------------------------------------------------
2023-01-30 17:42:35.266 [Debug] received epp: 5511

--------------------------------------------------------------------------------
2023-01-30 17:42:52.519 [Info] System window closing (due to user interaction most likely).

--------------------------------------------------------------------------------
2023-01-30 17:42:52.520 [Debug] StatusChanged: [NetIncomingMessage #322 10 bytes] [Disconnecting]

--------------------------------------------------------------------------------
2023-01-30 17:42:52.522 [Debug] StatusChanged: [NetIncomingMessage #323 14 bytes] [Disconnected]

--------------------------------------------------------------------------------
2023-01-30 17:42:52.567 [Info] Acquiring context lock... (0ms)

--------------------------------------------------------------------------------
2023-01-30 17:42:52.567 [Info] Acquired. (0ms)

--------------------------------------------------------------------------------
2023-01-30 17:42:52.567 [Info] Beginning context dispose. (0ms)

--------------------------------------------------------------------------------
2023-01-30 17:42:52.567 [Info] GC.SuppressFinalize (0ms)

--------------------------------------------------------------------------------
2023-01-30 17:42:52.568 [Info] InternalDispose() completed. (0ms)

--------------------------------------------------------------------------------
2023-01-30 17:42:52.568 [Info] Clearing instance... (0ms)

--------------------------------------------------------------------------------
2023-01-30 17:42:52.568 [Info] Releasing context lock... (1ms)

--------------------------------------------------------------------------------
2023-01-30 17:42:52.568 [Info] Released. (1ms)

--------------------------------------------------------------------------------
