2023-02-03 10:46:23.367 [Warn] Directory was specified as a plugin directory but does not exist: 'resources\plugins'

--------------------------------------------------------------------------------
2023-02-03 10:46:23.371 [Info] Discovered 0 plugins:


--------------------------------------------------------------------------------
2023-02-03 10:46:24.233 [Info] Connecting to 26.82.96.248:5400...

--------------------------------------------------------------------------------
2023-02-03 10:46:24.580 [Info] Connection approved [00000000-0000-0000-0000-000000000000].

--------------------------------------------------------------------------------
2023-02-03 10:46:24.624 [Debug] approval Time=809904 Offset=63811017174663 Real=63811017984567

--------------------------------------------------------------------------------
2023-02-03 10:46:24.624 [Debug] local Time=809904 Offset=63811017174720 Real=63811017984624

--------------------------------------------------------------------------------
2023-02-03 10:46:24.624 [Debug] real delta=57

--------------------------------------------------------------------------------
2023-02-03 10:46:24.624 [Debug] this.Statistics.Ping=0 NCPing=2

--------------------------------------------------------------------------------
2023-02-03 10:46:24.626 [Debug] Connection established to remote [00000000-0000-0000-0000-000000000000/26.82.96.248:5400].

--------------------------------------------------------------------------------
2023-02-03 10:46:24.626 [Info] Connected [00000000-0000-0000-0000-000000000000].

--------------------------------------------------------------------------------
2023-02-03 10:46:27.385 [Warn] 'Me' is null.

--------------------------------------------------------------------------------
2023-02-03 10:46:27.571 [Debug] received epp: 812665

--------------------------------------------------------------------------------
2023-02-03 10:46:39.814 [Info] System window closing (due to user interaction most likely).

--------------------------------------------------------------------------------
2023-02-03 10:46:39.816 [Debug] StatusChanged: [NetIncomingMessage #224 10 bytes] [Disconnecting]

--------------------------------------------------------------------------------
2023-02-03 10:46:39.821 [Debug] StatusChanged: [NetIncomingMessage #225 14 bytes] [Disconnected]

--------------------------------------------------------------------------------
2023-02-03 10:46:39.869 [Info] Acquiring context lock... (0ms)

--------------------------------------------------------------------------------
2023-02-03 10:46:39.869 [Info] Acquired. (0ms)

--------------------------------------------------------------------------------
2023-02-03 10:46:39.870 [Info] Beginning context dispose. (0ms)

--------------------------------------------------------------------------------
2023-02-03 10:46:39.870 [Info] GC.SuppressFinalize (0ms)

--------------------------------------------------------------------------------
2023-02-03 10:46:39.870 [Info] InternalDispose() completed. (0ms)

--------------------------------------------------------------------------------
2023-02-03 10:46:39.870 [Info] Clearing instance... (1ms)

--------------------------------------------------------------------------------
2023-02-03 10:46:39.870 [Info] Releasing context lock... (1ms)

--------------------------------------------------------------------------------
2023-02-03 10:46:39.871 [Info] Released. (1ms)

--------------------------------------------------------------------------------
