2023-01-28 16:53:45.461 [Warn] Directory was specified as a plugin directory but does not exist: 'resources\plugins'

--------------------------------------------------------------------------------
2023-01-28 16:53:45.476 [Info] Discovered 0 plugins:


--------------------------------------------------------------------------------
2023-01-28 16:53:47.418 [Info] Connecting to 26.82.96.248:5400...

--------------------------------------------------------------------------------
2023-01-28 16:53:48.369 [Info] Connection approved [00000000-0000-0000-0000-000000000000].

--------------------------------------------------------------------------------
2023-01-28 16:53:48.498 [Debug] approval Time=10599526 Offset=63810511030330 Real=63810521629857

--------------------------------------------------------------------------------
2023-01-28 16:53:48.498 [Debug] local Time=10599526 Offset=63810511028970 Real=63810521628497

--------------------------------------------------------------------------------
2023-01-28 16:53:48.498 [Debug] real delta=-1360

--------------------------------------------------------------------------------
2023-01-28 16:53:48.498 [Debug] this.Statistics.Ping=0 NCPing=32

--------------------------------------------------------------------------------
2023-01-28 16:53:48.502 [Debug] Connection established to remote [00000000-0000-0000-0000-000000000000/26.82.96.248:5400].

--------------------------------------------------------------------------------
2023-01-28 16:53:48.502 [Info] Connected [00000000-0000-0000-0000-000000000000].

--------------------------------------------------------------------------------
2023-01-28 16:54:17.463 [Warn] 'Me' is null.

--------------------------------------------------------------------------------
2023-01-28 16:54:18.034 [Debug] received epp: 10628508

--------------------------------------------------------------------------------
2023-01-28 17:04:39.870 [Info] System window closing (due to user interaction most likely).

--------------------------------------------------------------------------------
2023-01-28 17:04:39.873 [Debug] StatusChanged: [NetIncomingMessage #254 10 bytes] [Disconnecting]

--------------------------------------------------------------------------------
2023-01-28 17:04:39.876 [Debug] StatusChanged: [NetIncomingMessage #255 10 bytes] [Disconnected]

--------------------------------------------------------------------------------
2023-01-28 17:04:39.877 [Debug] Connection terminated to remote [00000000-0000-0000-0000-000000000000/26.82.96.248:5400].

--------------------------------------------------------------------------------
2023-01-28 17:04:39.877 [Info] Disconnected [00000000-0000-0000-0000-000000000000].

--------------------------------------------------------------------------------
2023-01-28 17:04:39.960 [Info] Acquiring context lock... (0ms)

--------------------------------------------------------------------------------
2023-01-28 17:04:39.960 [Info] Acquired. (0ms)

--------------------------------------------------------------------------------
2023-01-28 17:04:39.962 [Info] Beginning context dispose. (0ms)

--------------------------------------------------------------------------------
2023-01-28 17:04:39.963 [Info] GC.SuppressFinalize (1ms)

--------------------------------------------------------------------------------
2023-01-28 17:04:39.963 [Info] InternalDispose() completed. (1ms)

--------------------------------------------------------------------------------
2023-01-28 17:04:39.963 [Info] Clearing instance... (3ms)

--------------------------------------------------------------------------------
2023-01-28 17:04:39.963 [Info] Releasing context lock... (3ms)

--------------------------------------------------------------------------------
2023-01-28 17:04:39.963 [Info] Released. (3ms)

--------------------------------------------------------------------------------
