2022-12-14 15:58:54.645 [Warn] Directory was specified as a plugin directory but does not exist: 'resources\plugins'

--------------------------------------------------------------------------------
2022-12-14 15:58:54.646 [Info] Discovered 0 plugins:


--------------------------------------------------------------------------------
2022-12-14 15:58:55.273 [Info] Connecting to 127.0.0.1:5400...

--------------------------------------------------------------------------------
2022-12-14 15:58:55.543 [Info] Connection approved [00000000-0000-0000-0000-000000000000].

--------------------------------------------------------------------------------
2022-12-14 15:58:55.592 [Debug] approval Time=1191151 Offset=63806629144370 Real=63806630335521

--------------------------------------------------------------------------------
2022-12-14 15:58:55.592 [Debug] local Time=1191151 Offset=63806629144440 Real=63806630335592

--------------------------------------------------------------------------------
2022-12-14 15:58:55.592 [Debug] real delta=70

--------------------------------------------------------------------------------
2022-12-14 15:58:55.592 [Debug] this.Statistics.Ping=0 NCPing=3

--------------------------------------------------------------------------------
2022-12-14 15:58:55.594 [Debug] Connection established to remote [00000000-0000-0000-0000-000000000000/127.0.0.1:5400].

--------------------------------------------------------------------------------
2022-12-14 15:58:55.594 [Info] Connected [00000000-0000-0000-0000-000000000000].

--------------------------------------------------------------------------------
2022-12-14 15:58:57.750 [Warn] 'Me' is null.

--------------------------------------------------------------------------------
2022-12-14 15:58:57.912 [Debug] received epp: 1193317

--------------------------------------------------------------------------------
2022-12-14 16:00:19.710 [Debug] received epp: 1275317

--------------------------------------------------------------------------------
2022-12-14 16:00:20.571 [Debug] received epp: 1276191

--------------------------------------------------------------------------------
2022-12-14 16:00:21.710 [Debug] received epp: 1277335

--------------------------------------------------------------------------------
2022-12-14 16:00:23.749 [Debug] received epp: 1279362

--------------------------------------------------------------------------------
2022-12-14 16:00:25.167 [Debug] received epp: 1280790

--------------------------------------------------------------------------------
2022-12-14 16:00:25.729 [Debug] received epp: 1281342

--------------------------------------------------------------------------------
2022-12-14 16:00:26.155 [Debug] received epp: 1281766

--------------------------------------------------------------------------------
2022-12-14 16:00:37.515 [Debug] received epp: 1293131

--------------------------------------------------------------------------------
2022-12-14 16:02:11.528 [Info] System window closing (due to user interaction most likely).

--------------------------------------------------------------------------------
2022-12-14 16:02:11.529 [Debug] StatusChanged: [NetIncomingMessage #0 10 bytes] [Disconnecting]

--------------------------------------------------------------------------------
2022-12-14 16:02:11.532 [Debug] StatusChanged: [NetIncomingMessage #0 14 bytes] [Disconnected]

--------------------------------------------------------------------------------
2022-12-14 16:02:11.578 [Info] Acquiring context lock... (0ms)

--------------------------------------------------------------------------------
2022-12-14 16:02:11.578 [Info] Acquired. (0ms)

--------------------------------------------------------------------------------
2022-12-14 16:02:11.580 [Info] Beginning context dispose. (0ms)

--------------------------------------------------------------------------------
2022-12-14 16:02:11.581 [Info] GC.SuppressFinalize (0ms)

--------------------------------------------------------------------------------
2022-12-14 16:02:11.581 [Info] InternalDispose() completed. (1ms)

--------------------------------------------------------------------------------
2022-12-14 16:02:11.582 [Info] Clearing instance... (3ms)

--------------------------------------------------------------------------------
2022-12-14 16:02:11.582 [Info] Releasing context lock... (3ms)

--------------------------------------------------------------------------------
2022-12-14 16:02:11.582 [Info] Released. (3ms)

--------------------------------------------------------------------------------
