2022-12-14 09:33:09.213 [Warn] Directory was specified as a plugin directory but does not exist: 'resources\plugins'

--------------------------------------------------------------------------------
2022-12-14 09:33:09.217 [Info] Discovered 0 plugins:


--------------------------------------------------------------------------------
2022-12-14 09:33:10.128 [Info] Connecting to 127.0.0.1:5400...

--------------------------------------------------------------------------------
2022-12-14 09:33:10.443 [Info] Connection approved [00000000-0000-0000-0000-000000000000].

--------------------------------------------------------------------------------
2022-12-14 09:33:10.490 [Debug] approval Time=4365350 Offset=63806602825084 Real=63806607190434

--------------------------------------------------------------------------------
2022-12-14 09:33:10.490 [Debug] local Time=4365350 Offset=63806602825140 Real=63806607190490

--------------------------------------------------------------------------------
2022-12-14 09:33:10.490 [Debug] real delta=56

--------------------------------------------------------------------------------
2022-12-14 09:33:10.490 [Debug] this.Statistics.Ping=0 NCPing=1

--------------------------------------------------------------------------------
2022-12-14 09:33:10.491 [Debug] Connection established to remote [00000000-0000-0000-0000-000000000000/127.0.0.1:5400].

--------------------------------------------------------------------------------
2022-12-14 09:33:10.492 [Info] Connected [00000000-0000-0000-0000-000000000000].

--------------------------------------------------------------------------------
2022-12-14 09:33:19.540 [Warn] 'Me' is null.

--------------------------------------------------------------------------------
2022-12-14 09:33:19.713 [Debug] received epp: 4374392

--------------------------------------------------------------------------------
2022-12-14 09:34:17.550 [Info] System window closing (due to user interaction most likely).

--------------------------------------------------------------------------------
2022-12-14 09:34:17.552 [Debug] StatusChanged: [NetIncomingMessage #57 10 bytes] [Disconnecting]

--------------------------------------------------------------------------------
2022-12-14 09:34:17.557 [Debug] StatusChanged: [NetIncomingMessage #58 14 bytes] [Disconnected]

--------------------------------------------------------------------------------
2022-12-14 09:34:17.609 [Info] Acquiring context lock... (0ms)

--------------------------------------------------------------------------------
2022-12-14 09:34:17.609 [Info] Acquired. (0ms)

--------------------------------------------------------------------------------
2022-12-14 09:34:17.610 [Info] Beginning context dispose. (0ms)

--------------------------------------------------------------------------------
2022-12-14 09:34:17.610 [Info] GC.SuppressFinalize (0ms)

--------------------------------------------------------------------------------
2022-12-14 09:34:17.610 [Info] InternalDispose() completed. (0ms)

--------------------------------------------------------------------------------
2022-12-14 09:34:17.610 [Info] Clearing instance... (0ms)

--------------------------------------------------------------------------------
2022-12-14 09:34:17.610 [Info] Releasing context lock... (0ms)

--------------------------------------------------------------------------------
2022-12-14 09:34:17.610 [Info] Released. (0ms)

--------------------------------------------------------------------------------
