2023-01-28 12:29:37.548 [Warn] FileNotFoundException: Could not find file 'C:\Users\Quang Long\Documents\GitHub\AOPIGIADMIN\Client and Editor\resources\editor_strings.json'.
    Stack:    at System.IO.__Error.WinIOError(Int32 errorCode, String maybeFullPath)
   at System.IO.FileStream.Init(String path, FileMode mode, FileAccess access, Int32 rights, Boolean useRights, FileShare share, Int32 bufferSize, FileOptions options, SECURITY_ATTRIBUTES secAttrs, String msgPath, Boolean bFromProxy, Boolean useLongPath, Boolean checkHost)
   at System.IO.FileStream..ctor(String path, FileMode mode, FileAccess access, FileShare share, Int32 bufferSize, FileOptions options, String msgPath, Boolean bFromProxy, Boolean useLongPath, Boolean checkHost)
   at System.IO.StreamReader..ctor(String path, Encoding encoding, Boolean detectEncodingFromByteOrderMarks, Int32 bufferSize, Boolean checkHost)
   at System.IO.File.InternalReadAllText(String path, Encoding encoding, Boolean checkHost)
   at Intersect.Editor.Localization.Strings.Load()


--------------------------------------------------------------------------------
2023-01-28 12:29:38.144 [Warn] Missing strings, overwriting strings file:
	NpcEditor.Immunities (string dictionary),
	ProjectileEditor.GrappleOpts (string dictionary)

--------------------------------------------------------------------------------
2023-01-28 12:29:38.691 [Info] Connecting to 26.82.96.248:5400...

--------------------------------------------------------------------------------
2023-01-28 12:29:39.544 [Info] Connection approved [00000000-0000-0000-0000-000000000000].

--------------------------------------------------------------------------------
2023-01-28 12:29:39.714 [Debug] approval Time=7688613 Offset=63810498091886 Real=63810505780500

--------------------------------------------------------------------------------
2023-01-28 12:29:39.714 [Debug] local Time=7688613 Offset=63810498091099 Real=63810505779713

--------------------------------------------------------------------------------
2023-01-28 12:29:39.714 [Debug] real delta=-786

--------------------------------------------------------------------------------
2023-01-28 12:29:39.714 [Debug] this.Statistics.Ping=0 NCPing=34

--------------------------------------------------------------------------------
2023-01-28 12:29:39.717 [Debug] Connection established to remote [00000000-0000-0000-0000-000000000000/26.82.96.248:5400].

--------------------------------------------------------------------------------
2023-01-28 12:29:39.718 [Info] Connected [00000000-0000-0000-0000-000000000000].

--------------------------------------------------------------------------------
2023-01-28 12:29:39.903 [Warn] Missing strings, overwriting strings file:
	NpcEditor.Immunities[Knockback],
	NpcEditor.Immunities[Silence],
	NpcEditor.Immunities[Stun],
	NpcEditor.Immunities[Snare],
	NpcEditor.Immunities[Blind],
	NpcEditor.Immunities[Transform],
	NpcEditor.Immunities[Sleep],
	NpcEditor.Immunities[Taunt],
	ProjectileEditor.GrappleOpts[MapAttribute],
	ProjectileEditor.GrappleOpts[Player],
	ProjectileEditor.GrappleOpts[NPC],
	ProjectileEditor.GrappleOpts[Resource]

--------------------------------------------------------------------------------
2023-01-28 12:31:50.810 [Debug] StatusChanged: [NetIncomingMessage #45 10 bytes] [Disconnecting]

--------------------------------------------------------------------------------
2023-01-28 12:31:50.852 [Debug] StatusChanged: [NetIncomingMessage #46 10 bytes] [Disconnected]

--------------------------------------------------------------------------------
2023-01-28 12:31:50.852 [Debug] Connection terminated to remote [00000000-0000-0000-0000-000000000000/26.82.96.248:5400].

--------------------------------------------------------------------------------
2023-01-28 12:31:50.853 [Info] Disconnected [00000000-0000-0000-0000-000000000000].

--------------------------------------------------------------------------------
