2023-02-04 05:46:28.125 [Warn] Directory was specified as a plugin directory but does not exist: 'resources\plugins'

--------------------------------------------------------------------------------
2023-02-04 05:46:28.125 [Info] Discovered 0 plugins:


--------------------------------------------------------------------------------
2023-02-04 05:46:28.771 [Info] Connecting to 26.82.96.248:5400...

--------------------------------------------------------------------------------
2023-02-04 05:46:29.072 [Info] Connection approved [00000000-0000-0000-0000-000000000000].

--------------------------------------------------------------------------------
2023-02-04 05:46:29.118 [Debug] approval Time=1400690 Offset=63811084988360 Real=63811086389050

--------------------------------------------------------------------------------
2023-02-04 05:46:29.118 [Debug] local Time=1400690 Offset=63811084988427 Real=63811086389117

--------------------------------------------------------------------------------
2023-02-04 05:46:29.118 [Debug] real delta=66

--------------------------------------------------------------------------------
2023-02-04 05:46:29.118 [Debug] this.Statistics.Ping=0 NCPing=2

--------------------------------------------------------------------------------
2023-02-04 05:46:29.119 [Debug] Connection established to remote [00000000-0000-0000-0000-000000000000/26.82.96.248:5400].

--------------------------------------------------------------------------------
2023-02-04 05:46:29.119 [Info] Connected [00000000-0000-0000-0000-000000000000].

--------------------------------------------------------------------------------
2023-02-04 05:46:31.010 [Warn] 'Me' is null.

--------------------------------------------------------------------------------
2023-02-04 05:46:31.180 [Debug] received epp: 1402606

--------------------------------------------------------------------------------
2023-02-04 05:52:38.383 [Debug] StatusChanged: [NetIncomingMessage #381 10 bytes] [Disconnected]

--------------------------------------------------------------------------------
2023-02-04 05:52:38.383 [Debug] Connection terminated to remote [00000000-0000-0000-0000-000000000000/26.82.96.248:5400].

--------------------------------------------------------------------------------
2023-02-04 05:52:38.383 [Info] Disconnected [00000000-0000-0000-0000-000000000000].

--------------------------------------------------------------------------------
2023-02-04 05:52:38.384 [Info] Connecting to 26.82.96.248:5400...

--------------------------------------------------------------------------------
2023-02-04 05:52:38.513 [Info] Connection approved [00000000-0000-0000-0000-000000000000].

--------------------------------------------------------------------------------
2023-02-04 05:52:38.514 [Debug] approval Time=1770150 Offset=63811084988360 Real=63811086758511

--------------------------------------------------------------------------------
2023-02-04 05:52:38.514 [Debug] local Time=1770150 Offset=63811084988363 Real=63811086758514

--------------------------------------------------------------------------------
2023-02-04 05:52:38.514 [Debug] real delta=2

--------------------------------------------------------------------------------
2023-02-04 05:52:38.514 [Debug] this.Statistics.Ping=0 NCPing=0

--------------------------------------------------------------------------------
2023-02-04 05:52:38.514 [Debug] Connection established to remote [00000000-0000-0000-0000-000000000000/26.82.96.248:5400].

--------------------------------------------------------------------------------
2023-02-04 05:52:38.514 [Info] Connected [00000000-0000-0000-0000-000000000000].

--------------------------------------------------------------------------------
2023-02-04 05:56:32.628 [Info] System window closing (due to user interaction most likely).

--------------------------------------------------------------------------------
2023-02-04 05:56:32.628 [Debug] StatusChanged: [NetIncomingMessage #0 10 bytes] [Disconnecting]

--------------------------------------------------------------------------------
2023-02-04 05:56:32.633 [Debug] StatusChanged: [NetIncomingMessage #0 14 bytes] [Disconnected]

--------------------------------------------------------------------------------
2023-02-04 05:56:32.660 [Info] Acquiring context lock... (0ms)

--------------------------------------------------------------------------------
2023-02-04 05:56:32.660 [Info] Acquired. (0ms)

--------------------------------------------------------------------------------
2023-02-04 05:56:32.660 [Info] Beginning context dispose. (0ms)

--------------------------------------------------------------------------------
2023-02-04 05:56:32.661 [Info] GC.SuppressFinalize (0ms)

--------------------------------------------------------------------------------
2023-02-04 05:56:32.661 [Info] InternalDispose() completed. (0ms)

--------------------------------------------------------------------------------
2023-02-04 05:56:32.661 [Info] Clearing instance... (0ms)

--------------------------------------------------------------------------------
2023-02-04 05:56:32.661 [Info] Releasing context lock... (0ms)

--------------------------------------------------------------------------------
2023-02-04 05:56:32.661 [Info] Released. (0ms)

--------------------------------------------------------------------------------
