2023-01-27 17:08:07.098 [Warn] Directory was specified as a plugin directory but does not exist: 'resources\plugins'

--------------------------------------------------------------------------------
2023-01-27 17:08:07.103 [Info] Discovered 0 plugins:


--------------------------------------------------------------------------------
2023-01-27 17:08:07.721 [Info] Connecting to 26.82.96.248:5400...

--------------------------------------------------------------------------------
2023-01-27 17:08:07.987 [Info] Connection approved [00000000-0000-0000-0000-000000000000].

--------------------------------------------------------------------------------
2023-01-27 17:08:08.032 [Debug] approval Time=11376958 Offset=63810424711007 Real=63810436087966

--------------------------------------------------------------------------------
2023-01-27 17:08:08.032 [Debug] local Time=11376958 Offset=63810424711074 Real=63810436088032

--------------------------------------------------------------------------------
2023-01-27 17:08:08.032 [Debug] real delta=66

--------------------------------------------------------------------------------
2023-01-27 17:08:08.032 [Debug] this.Statistics.Ping=0 NCPing=2

--------------------------------------------------------------------------------
2023-01-27 17:08:08.034 [Debug] Connection established to remote [00000000-0000-0000-0000-000000000000/26.82.96.248:5400].

--------------------------------------------------------------------------------
2023-01-27 17:08:08.034 [Info] Connected [00000000-0000-0000-0000-000000000000].

--------------------------------------------------------------------------------
2023-01-27 17:08:20.157 [Warn] 'Me' is null.

--------------------------------------------------------------------------------
2023-01-27 17:08:20.346 [Debug] received epp: 11389080

--------------------------------------------------------------------------------
2023-01-27 17:11:21.312 [Debug] StatusChanged: [NetIncomingMessage #261 14 bytes] [Disconnected]

--------------------------------------------------------------------------------
2023-01-27 17:11:21.314 [Debug] Connection terminated to remote [00000000-0000-0000-0000-000000000000/26.82.96.248:5400].

--------------------------------------------------------------------------------
2023-01-27 17:11:21.314 [Info] Disconnected [00000000-0000-0000-0000-000000000000].

--------------------------------------------------------------------------------
2023-01-27 17:11:21.318 [Info] Connecting to 26.82.96.248:5400...

--------------------------------------------------------------------------------
2023-01-27 17:11:28.514 [Info] System window closing (due to user interaction most likely).

--------------------------------------------------------------------------------
2023-01-27 17:11:28.515 [Debug] StatusChanged: [NetIncomingMessage #0 10 bytes] [Disconnecting]

--------------------------------------------------------------------------------
2023-01-27 17:11:28.521 [Debug] StatusChanged: [NetIncomingMessage #0 14 bytes] [Disconnected]

--------------------------------------------------------------------------------
2023-01-27 17:11:28.521 [Debug] Unknown client disconnected (00-00-00-00-00-00-00-00).

--------------------------------------------------------------------------------
2023-01-27 17:11:28.521 [Info] Disconnected [00000000-0000-0000-0000-000000000000].

--------------------------------------------------------------------------------
2023-01-27 17:11:28.567 [Info] Acquiring context lock... (0ms)

--------------------------------------------------------------------------------
2023-01-27 17:11:28.567 [Info] Acquired. (0ms)

--------------------------------------------------------------------------------
2023-01-27 17:11:28.567 [Info] Beginning context dispose. (0ms)

--------------------------------------------------------------------------------
2023-01-27 17:11:28.568 [Info] GC.SuppressFinalize (0ms)

--------------------------------------------------------------------------------
2023-01-27 17:11:28.568 [Info] InternalDispose() completed. (0ms)

--------------------------------------------------------------------------------
2023-01-27 17:11:28.568 [Info] Clearing instance... (0ms)

--------------------------------------------------------------------------------
2023-01-27 17:11:28.568 [Info] Releasing context lock... (0ms)

--------------------------------------------------------------------------------
2023-01-27 17:11:28.568 [Info] Released. (0ms)

--------------------------------------------------------------------------------
