2023-02-04 06:39:44.693 [Warn] Directory was specified as a plugin directory but does not exist: 'resources\plugins'

--------------------------------------------------------------------------------
2023-02-04 06:39:44.693 [Info] Discovered 0 plugins:


--------------------------------------------------------------------------------
2023-02-04 06:39:45.337 [Info] Connecting to 26.82.96.248:5400...

--------------------------------------------------------------------------------
2023-02-04 06:39:45.606 [Info] Connection approved [00000000-0000-0000-0000-000000000000].

--------------------------------------------------------------------------------
2023-02-04 06:39:45.649 [Debug] approval Time=4597235 Offset=63811084988360 Real=63811089585596

--------------------------------------------------------------------------------
2023-02-04 06:39:45.649 [Debug] local Time=4597235 Offset=63811084988413 Real=63811089585649

--------------------------------------------------------------------------------
2023-02-04 06:39:45.649 [Debug] real delta=52

--------------------------------------------------------------------------------
2023-02-04 06:39:45.650 [Debug] this.Statistics.Ping=0 NCPing=2

--------------------------------------------------------------------------------
2023-02-04 06:39:45.651 [Debug] Connection established to remote [00000000-0000-0000-0000-000000000000/26.82.96.248:5400].

--------------------------------------------------------------------------------
2023-02-04 06:39:45.651 [Info] Connected [00000000-0000-0000-0000-000000000000].

--------------------------------------------------------------------------------
2023-02-04 06:39:47.609 [Warn] 'Me' is null.

--------------------------------------------------------------------------------
2023-02-04 06:39:47.795 [Debug] received epp: 4599192

--------------------------------------------------------------------------------
2023-02-04 06:47:25.826 [Info] System window closing (due to user interaction most likely).

--------------------------------------------------------------------------------
2023-02-04 06:47:25.828 [Debug] StatusChanged: [NetIncomingMessage #719 10 bytes] [Disconnecting]

--------------------------------------------------------------------------------
2023-02-04 06:47:25.832 [Debug] StatusChanged: [NetIncomingMessage #720 14 bytes] [Disconnected]

--------------------------------------------------------------------------------
2023-02-04 06:47:25.894 [Info] Acquiring context lock... (0ms)

--------------------------------------------------------------------------------
2023-02-04 06:47:25.894 [Info] Acquired. (0ms)

--------------------------------------------------------------------------------
2023-02-04 06:47:25.894 [Info] Beginning context dispose. (0ms)

--------------------------------------------------------------------------------
2023-02-04 06:47:25.894 [Info] GC.SuppressFinalize (0ms)

--------------------------------------------------------------------------------
2023-02-04 06:47:25.894 [Info] InternalDispose() completed. (0ms)

--------------------------------------------------------------------------------
2023-02-04 06:47:25.894 [Info] Clearing instance... (2ms)

--------------------------------------------------------------------------------
2023-02-04 06:47:25.894 [Info] Releasing context lock... (2ms)

--------------------------------------------------------------------------------
2023-02-04 06:47:25.894 [Info] Released. (2ms)

--------------------------------------------------------------------------------
