2023-01-31 15:03:42.033 [Warn] Directory was specified as a plugin directory but does not exist: 'resources\plugins'

--------------------------------------------------------------------------------
2023-01-31 15:03:42.037 [Info] Discovered 0 plugins:


--------------------------------------------------------------------------------
2023-01-31 15:03:43.086 [Info] Connecting to 26.82.96.248:5400...

--------------------------------------------------------------------------------
2023-01-31 15:03:43.326 [Info] Connection approved [00000000-0000-0000-0000-000000000000].

--------------------------------------------------------------------------------
2023-01-31 15:03:43.365 [Debug] approval Time=6025886 Offset=63810768197427 Real=63810774223313

--------------------------------------------------------------------------------
2023-01-31 15:03:43.365 [Debug] local Time=6025886 Offset=63810768197479 Real=63810774223365

--------------------------------------------------------------------------------
2023-01-31 15:03:43.366 [Debug] real delta=52

--------------------------------------------------------------------------------
2023-01-31 15:03:43.366 [Debug] this.Statistics.Ping=0 NCPing=2

--------------------------------------------------------------------------------
2023-01-31 15:03:43.367 [Debug] Connection established to remote [00000000-0000-0000-0000-000000000000/26.82.96.248:5400].

--------------------------------------------------------------------------------
2023-01-31 15:03:43.368 [Info] Connected [00000000-0000-0000-0000-000000000000].

--------------------------------------------------------------------------------
2023-01-31 15:03:50.187 [Info] System window closing (due to user interaction most likely).

--------------------------------------------------------------------------------
2023-01-31 15:03:50.188 [Debug] StatusChanged: [NetIncomingMessage #0 10 bytes] [Disconnecting]

--------------------------------------------------------------------------------
2023-01-31 15:03:50.192 [Debug] StatusChanged: [NetIncomingMessage #0 14 bytes] [Disconnected]

--------------------------------------------------------------------------------
2023-01-31 15:03:50.243 [Info] Acquiring context lock... (0ms)

--------------------------------------------------------------------------------
2023-01-31 15:03:50.243 [Info] Acquired. (0ms)

--------------------------------------------------------------------------------
2023-01-31 15:03:50.244 [Info] Beginning context dispose. (0ms)

--------------------------------------------------------------------------------
2023-01-31 15:03:50.244 [Info] GC.SuppressFinalize (0ms)

--------------------------------------------------------------------------------
2023-01-31 15:03:50.244 [Info] InternalDispose() completed. (0ms)

--------------------------------------------------------------------------------
2023-01-31 15:03:50.244 [Info] Clearing instance... (0ms)

--------------------------------------------------------------------------------
2023-01-31 15:03:50.244 [Info] Releasing context lock... (1ms)

--------------------------------------------------------------------------------
2023-01-31 15:03:50.244 [Info] Released. (1ms)

--------------------------------------------------------------------------------
