2023-02-04 07:05:04.107 [Warn] Directory was specified as a plugin directory but does not exist: 'resources\plugins'

--------------------------------------------------------------------------------
2023-02-04 07:05:04.107 [Info] Discovered 0 plugins:


--------------------------------------------------------------------------------
2023-02-04 07:05:04.729 [Info] Connecting to 26.82.96.248:5400...

--------------------------------------------------------------------------------
2023-02-04 07:05:04.991 [Info] Connection approved [00000000-0000-0000-0000-000000000000].

--------------------------------------------------------------------------------
2023-02-04 07:05:05.038 [Debug] approval Time=6116611 Offset=63811084988360 Real=63811091104971

--------------------------------------------------------------------------------
2023-02-04 07:05:05.039 [Debug] local Time=6116611 Offset=63811084988427 Real=63811091105038

--------------------------------------------------------------------------------
2023-02-04 07:05:05.039 [Debug] real delta=66

--------------------------------------------------------------------------------
2023-02-04 07:05:05.039 [Debug] this.Statistics.Ping=0 NCPing=2

--------------------------------------------------------------------------------
2023-02-04 07:05:05.040 [Debug] Connection established to remote [00000000-0000-0000-0000-000000000000/26.82.96.248:5400].

--------------------------------------------------------------------------------
2023-02-04 07:05:05.040 [Info] Connected [00000000-0000-0000-0000-000000000000].

--------------------------------------------------------------------------------
2023-02-04 07:05:06.592 [Warn] 'Me' is null.

--------------------------------------------------------------------------------
2023-02-04 07:05:06.774 [Debug] received epp: 6118174

--------------------------------------------------------------------------------
2023-02-04 07:05:11.644 [Debug] received epp: 6123268

--------------------------------------------------------------------------------
2023-02-04 07:07:21.346 [Debug] StatusChanged: [NetIncomingMessage #114 10 bytes] [Disconnected]

--------------------------------------------------------------------------------
2023-02-04 07:07:21.346 [Debug] Connection terminated to remote [00000000-0000-0000-0000-000000000000/26.82.96.248:5400].

--------------------------------------------------------------------------------
2023-02-04 07:07:21.346 [Info] Disconnected [00000000-0000-0000-0000-000000000000].

--------------------------------------------------------------------------------
2023-02-04 07:07:21.348 [Info] Connecting to 26.82.96.248:5400...

--------------------------------------------------------------------------------
2023-02-04 07:07:21.476 [Info] Connection approved [00000000-0000-0000-0000-000000000000].

--------------------------------------------------------------------------------
2023-02-04 07:07:21.478 [Debug] approval Time=6253107 Offset=63811084988360 Real=63811091241467

--------------------------------------------------------------------------------
2023-02-04 07:07:21.478 [Debug] local Time=6253107 Offset=63811084988362 Real=63811091241469

--------------------------------------------------------------------------------
2023-02-04 07:07:21.478 [Debug] real delta=1

--------------------------------------------------------------------------------
2023-02-04 07:07:21.478 [Debug] this.Statistics.Ping=0 NCPing=0

--------------------------------------------------------------------------------
2023-02-04 07:07:21.478 [Debug] Connection established to remote [00000000-0000-0000-0000-000000000000/26.82.96.248:5400].

--------------------------------------------------------------------------------
2023-02-04 07:07:21.478 [Info] Connected [00000000-0000-0000-0000-000000000000].

--------------------------------------------------------------------------------
2023-02-04 07:08:22.967 [Info] System window closing (due to user interaction most likely).

--------------------------------------------------------------------------------
2023-02-04 07:08:22.968 [Debug] StatusChanged: [NetIncomingMessage #0 10 bytes] [Disconnecting]

--------------------------------------------------------------------------------
2023-02-04 07:08:22.971 [Debug] StatusChanged: [NetIncomingMessage #0 14 bytes] [Disconnected]

--------------------------------------------------------------------------------
2023-02-04 07:08:23.017 [Info] Acquiring context lock... (0ms)

--------------------------------------------------------------------------------
2023-02-04 07:08:23.017 [Info] Acquired. (0ms)

--------------------------------------------------------------------------------
2023-02-04 07:08:23.018 [Info] Beginning context dispose. (0ms)

--------------------------------------------------------------------------------
2023-02-04 07:08:23.018 [Info] GC.SuppressFinalize (0ms)

--------------------------------------------------------------------------------
2023-02-04 07:08:23.018 [Info] InternalDispose() completed. (0ms)

--------------------------------------------------------------------------------
2023-02-04 07:08:23.018 [Info] Clearing instance... (1ms)

--------------------------------------------------------------------------------
2023-02-04 07:08:23.018 [Info] Releasing context lock... (1ms)

--------------------------------------------------------------------------------
2023-02-04 07:08:23.018 [Info] Released. (1ms)

--------------------------------------------------------------------------------
