2023-01-03 15:00:12.986 [Warn] Directory was specified as a plugin directory but does not exist: 'resources\plugins'

--------------------------------------------------------------------------------
2023-01-03 15:00:13.008 [Info] Discovered 0 plugins:


--------------------------------------------------------------------------------
2023-01-03 15:00:13.739 [Info] Connecting to 26.82.96.248:5400...

--------------------------------------------------------------------------------
2023-01-03 15:00:14.114 [Info] Connection approved [00000000-0000-0000-0000-000000000000].

--------------------------------------------------------------------------------
2023-01-03 15:00:14.156 [Debug] approval Time=2719692 Offset=63808352094401 Real=63808354814093

--------------------------------------------------------------------------------
2023-01-03 15:00:14.156 [Debug] local Time=2719692 Offset=63808352094464 Real=63808354814156

--------------------------------------------------------------------------------
2023-01-03 15:00:14.156 [Debug] real delta=62

--------------------------------------------------------------------------------
2023-01-03 15:00:14.156 [Debug] this.Statistics.Ping=0 NCPing=2

--------------------------------------------------------------------------------
2023-01-03 15:00:14.158 [Debug] Connection established to remote [00000000-0000-0000-0000-000000000000/26.82.96.248:5400].

--------------------------------------------------------------------------------
2023-01-03 15:00:14.158 [Info] Connected [00000000-0000-0000-0000-000000000000].

--------------------------------------------------------------------------------
2023-01-03 15:00:28.751 [Warn] 'Me' is null.

--------------------------------------------------------------------------------
2023-01-03 15:00:28.959 [Debug] received epp: 2734448

--------------------------------------------------------------------------------
2023-01-03 15:25:36.145 [Debug] received epp: 4241717

--------------------------------------------------------------------------------
2023-01-03 15:25:37.276 [Debug] received epp: 4242838

--------------------------------------------------------------------------------
2023-01-03 15:25:38.388 [Debug] received epp: 4243956

--------------------------------------------------------------------------------
2023-01-03 15:25:39.499 [Debug] received epp: 4245072

--------------------------------------------------------------------------------
2023-01-03 15:25:40.564 [Debug] received epp: 4246139

--------------------------------------------------------------------------------
2023-01-03 15:25:41.676 [Debug] received epp: 4247253

--------------------------------------------------------------------------------
2023-01-03 15:25:42.811 [Debug] received epp: 4248371

--------------------------------------------------------------------------------
2023-01-03 15:25:43.899 [Debug] received epp: 4249466

--------------------------------------------------------------------------------
2023-01-03 15:25:45.013 [Debug] received epp: 4250587

--------------------------------------------------------------------------------
2023-01-03 15:25:46.126 [Debug] received epp: 4251704

--------------------------------------------------------------------------------
2023-01-03 15:25:47.238 [Debug] received epp: 4252818

--------------------------------------------------------------------------------
2023-01-03 15:25:48.357 [Debug] received epp: 4253939

--------------------------------------------------------------------------------
2023-01-03 15:25:49.484 [Debug] received epp: 4255061

--------------------------------------------------------------------------------
2023-01-03 15:25:50.538 [Debug] received epp: 4256120

--------------------------------------------------------------------------------
2023-01-03 15:25:51.649 [Debug] received epp: 4257222

--------------------------------------------------------------------------------
2023-01-03 15:25:52.754 [Debug] received epp: 4258338

--------------------------------------------------------------------------------
2023-01-03 15:25:53.885 [Debug] received epp: 4259467

--------------------------------------------------------------------------------
2023-01-03 15:25:55.003 [Debug] received epp: 4260584

--------------------------------------------------------------------------------
2023-01-03 15:25:56.072 [Debug] received epp: 4261654

--------------------------------------------------------------------------------
2023-01-03 15:25:57.183 [Debug] received epp: 4262759

--------------------------------------------------------------------------------
2023-01-03 15:25:58.289 [Debug] received epp: 4263862

--------------------------------------------------------------------------------
2023-01-03 15:25:59.418 [Debug] received epp: 4264985

--------------------------------------------------------------------------------
2023-01-03 15:26:00.498 [Debug] received epp: 4266060

--------------------------------------------------------------------------------
2023-01-03 15:26:01.605 [Debug] received epp: 4267176

--------------------------------------------------------------------------------
2023-01-03 15:26:02.688 [Debug] received epp: 4268249

--------------------------------------------------------------------------------
2023-01-03 15:26:03.796 [Debug] received epp: 4269359

--------------------------------------------------------------------------------
2023-01-03 15:26:04.870 [Debug] received epp: 4270453

--------------------------------------------------------------------------------
2023-01-03 15:26:05.956 [Debug] received epp: 4271517

--------------------------------------------------------------------------------
2023-01-03 15:26:07.043 [Debug] received epp: 4272622

--------------------------------------------------------------------------------
2023-01-03 15:26:08.169 [Debug] received epp: 4273736

--------------------------------------------------------------------------------
2023-01-03 15:26:09.251 [Debug] received epp: 4274833

--------------------------------------------------------------------------------
2023-01-03 15:26:10.385 [Debug] received epp: 4275952

--------------------------------------------------------------------------------
2023-01-03 15:26:11.497 [Debug] received epp: 4277059

--------------------------------------------------------------------------------
2023-01-03 15:26:12.607 [Debug] received epp: 4278185

--------------------------------------------------------------------------------
2023-01-03 15:26:13.733 [Debug] received epp: 4279298

--------------------------------------------------------------------------------
2023-01-03 15:26:14.837 [Debug] received epp: 4280398

--------------------------------------------------------------------------------
2023-01-03 15:26:15.894 [Debug] received epp: 4281467

--------------------------------------------------------------------------------
2023-01-03 15:26:17.020 [Debug] received epp: 4282583

--------------------------------------------------------------------------------
2023-01-03 15:26:18.118 [Debug] received epp: 4283692

--------------------------------------------------------------------------------
2023-01-03 15:26:19.218 [Debug] received epp: 4284784

--------------------------------------------------------------------------------
2023-01-03 15:26:20.333 [Debug] received epp: 4285897

--------------------------------------------------------------------------------
2023-01-03 15:26:21.442 [Debug] received epp: 4287007

--------------------------------------------------------------------------------
2023-01-03 15:26:22.551 [Debug] received epp: 4288124

--------------------------------------------------------------------------------
2023-01-03 15:26:23.678 [Debug] received epp: 4289242

--------------------------------------------------------------------------------
2023-01-03 15:26:24.741 [Debug] received epp: 4290305

--------------------------------------------------------------------------------
2023-01-03 15:26:25.843 [Debug] received epp: 4291425

--------------------------------------------------------------------------------
2023-01-03 15:26:26.969 [Debug] received epp: 4292543

--------------------------------------------------------------------------------
2023-01-03 15:26:28.096 [Debug] received epp: 4293657

--------------------------------------------------------------------------------
2023-01-03 15:26:29.196 [Debug] received epp: 4294771

--------------------------------------------------------------------------------
2023-01-03 15:26:30.284 [Debug] received epp: 4295844

--------------------------------------------------------------------------------
2023-01-03 15:26:31.342 [Debug] received epp: 4296920

--------------------------------------------------------------------------------
2023-01-03 15:26:32.475 [Debug] received epp: 4298040

--------------------------------------------------------------------------------
2023-01-03 15:26:33.576 [Debug] received epp: 4299157

--------------------------------------------------------------------------------
2023-01-03 15:26:34.696 [Debug] received epp: 4300275

--------------------------------------------------------------------------------
2023-01-03 15:26:35.817 [Debug] received epp: 4301387

--------------------------------------------------------------------------------
2023-01-03 15:26:36.932 [Debug] received epp: 4302509

--------------------------------------------------------------------------------
2023-01-03 15:26:38.064 [Debug] received epp: 4303624

--------------------------------------------------------------------------------
2023-01-03 15:26:39.171 [Debug] received epp: 4304739

--------------------------------------------------------------------------------
2023-01-03 15:26:40.297 [Debug] received epp: 4305859

--------------------------------------------------------------------------------
2023-01-03 15:26:41.414 [Debug] received epp: 4306977

--------------------------------------------------------------------------------
2023-01-03 15:26:42.460 [Debug] received epp: 4308041

--------------------------------------------------------------------------------
2023-01-03 15:26:43.534 [Debug] received epp: 4309102

--------------------------------------------------------------------------------
2023-01-03 15:26:44.664 [Debug] received epp: 4310225

--------------------------------------------------------------------------------
2023-01-03 15:26:45.771 [Debug] received epp: 4311346

--------------------------------------------------------------------------------
2023-01-03 15:26:46.846 [Debug] received epp: 4312415

--------------------------------------------------------------------------------
2023-01-03 15:26:47.971 [Debug] received epp: 4313533

--------------------------------------------------------------------------------
2023-01-03 15:26:49.089 [Debug] received epp: 4314666

--------------------------------------------------------------------------------
2023-01-03 15:26:50.217 [Debug] received epp: 4315785

--------------------------------------------------------------------------------
2023-01-03 15:26:51.341 [Debug] received epp: 4316901

--------------------------------------------------------------------------------
2023-01-03 15:26:52.443 [Debug] received epp: 4318022

--------------------------------------------------------------------------------
2023-01-03 15:26:53.573 [Debug] received epp: 4319145

--------------------------------------------------------------------------------
2023-01-03 15:26:54.653 [Debug] received epp: 4320214

--------------------------------------------------------------------------------
2023-01-03 15:26:55.699 [Debug] received epp: 4321275

--------------------------------------------------------------------------------
2023-01-03 15:26:56.764 [Debug] received epp: 4322341

--------------------------------------------------------------------------------
2023-01-03 15:26:57.888 [Debug] received epp: 4323453

--------------------------------------------------------------------------------
2023-01-03 15:26:59.010 [Debug] received epp: 4324570

--------------------------------------------------------------------------------
2023-01-03 15:27:00.076 [Debug] received epp: 4325637

--------------------------------------------------------------------------------
2023-01-03 15:27:01.162 [Debug] received epp: 4326743

--------------------------------------------------------------------------------
2023-01-03 15:27:02.287 [Debug] received epp: 4327863

--------------------------------------------------------------------------------
2023-01-03 15:27:03.408 [Debug] received epp: 4328983

--------------------------------------------------------------------------------
2023-01-03 15:27:04.487 [Debug] received epp: 4330056

--------------------------------------------------------------------------------
2023-01-03 15:27:05.612 [Debug] received epp: 4331176

--------------------------------------------------------------------------------
2023-01-03 15:27:06.719 [Debug] received epp: 4332295

--------------------------------------------------------------------------------
2023-01-03 15:27:07.854 [Debug] received epp: 4333414

--------------------------------------------------------------------------------
2023-01-03 15:27:08.942 [Debug] received epp: 4334524

--------------------------------------------------------------------------------
2023-01-03 15:27:10.072 [Debug] received epp: 4335641

--------------------------------------------------------------------------------
2023-01-03 15:27:11.177 [Debug] received epp: 4336759

--------------------------------------------------------------------------------
2023-01-03 15:27:12.310 [Debug] received epp: 4337883

--------------------------------------------------------------------------------
2023-01-03 15:27:13.443 [Debug] received epp: 4339003

--------------------------------------------------------------------------------
2023-01-03 15:27:14.556 [Debug] received epp: 4340117

--------------------------------------------------------------------------------
2023-01-03 15:27:15.622 [Debug] received epp: 4341183

--------------------------------------------------------------------------------
2023-01-03 15:27:16.724 [Debug] received epp: 4342305

--------------------------------------------------------------------------------
2023-01-03 15:27:17.787 [Debug] received epp: 4343368

--------------------------------------------------------------------------------
2023-01-03 15:27:18.903 [Debug] received epp: 4344485

--------------------------------------------------------------------------------
2023-01-03 15:27:19.959 [Debug] received epp: 4345539

--------------------------------------------------------------------------------
2023-01-03 15:27:21.094 [Debug] received epp: 4346655

--------------------------------------------------------------------------------
2023-01-03 15:27:22.199 [Debug] received epp: 4347776

--------------------------------------------------------------------------------
2023-01-03 15:27:23.265 [Debug] received epp: 4348840

--------------------------------------------------------------------------------
2023-01-03 15:27:24.395 [Debug] received epp: 4349959

--------------------------------------------------------------------------------
2023-01-03 15:27:25.441 [Debug] received epp: 4351017

--------------------------------------------------------------------------------
2023-01-03 15:27:26.543 [Debug] received epp: 4352103

--------------------------------------------------------------------------------
2023-01-03 15:27:27.653 [Debug] received epp: 4353223

--------------------------------------------------------------------------------
2023-01-03 15:27:28.777 [Debug] received epp: 4354346

--------------------------------------------------------------------------------
2023-01-03 15:27:29.909 [Debug] received epp: 4355468

--------------------------------------------------------------------------------
2023-01-03 15:27:30.967 [Debug] received epp: 4356528

--------------------------------------------------------------------------------
2023-01-03 15:27:32.066 [Debug] received epp: 4357646

--------------------------------------------------------------------------------
2023-01-03 15:27:33.192 [Debug] received epp: 4358767

--------------------------------------------------------------------------------
2023-01-03 15:27:34.253 [Debug] received epp: 4359824

--------------------------------------------------------------------------------
2023-01-03 15:27:35.383 [Debug] received epp: 4360944

--------------------------------------------------------------------------------
2023-01-03 15:27:36.487 [Debug] received epp: 4362061

--------------------------------------------------------------------------------
2023-01-03 15:27:37.575 [Debug] received epp: 4363135

--------------------------------------------------------------------------------
2023-01-03 15:27:38.674 [Debug] received epp: 4364252

--------------------------------------------------------------------------------
2023-01-03 15:27:39.826 [Debug] received epp: 4365385

--------------------------------------------------------------------------------
2023-01-03 15:27:40.864 [Debug] received epp: 4366444

--------------------------------------------------------------------------------
2023-01-03 15:27:41.986 [Debug] received epp: 4367561

--------------------------------------------------------------------------------
2023-01-03 15:27:43.074 [Debug] received epp: 4368641

--------------------------------------------------------------------------------
2023-01-03 15:27:44.198 [Debug] received epp: 4369762

--------------------------------------------------------------------------------
2023-01-03 15:27:45.307 [Debug] received epp: 4370880

--------------------------------------------------------------------------------
2023-01-03 15:27:46.383 [Debug] received epp: 4371943

--------------------------------------------------------------------------------
2023-01-03 15:27:47.440 [Debug] received epp: 4373013

--------------------------------------------------------------------------------
2023-01-03 15:27:48.519 [Debug] received epp: 4374089

--------------------------------------------------------------------------------
2023-01-03 15:27:49.643 [Debug] received epp: 4375205

--------------------------------------------------------------------------------
2023-01-03 15:27:50.751 [Debug] received epp: 4376324

--------------------------------------------------------------------------------
2023-01-03 15:27:51.872 [Debug] received epp: 4377439

--------------------------------------------------------------------------------
2023-01-03 15:27:52.986 [Debug] received epp: 4378559

--------------------------------------------------------------------------------
2023-01-03 15:27:54.111 [Debug] received epp: 4379678

--------------------------------------------------------------------------------
2023-01-03 15:27:55.234 [Debug] received epp: 4380799

--------------------------------------------------------------------------------
2023-01-03 15:27:56.230 [Debug] received epp: 4381812

--------------------------------------------------------------------------------
2023-01-03 15:27:57.330 [Debug] received epp: 4382906

--------------------------------------------------------------------------------
2023-01-03 15:27:58.463 [Debug] received epp: 4384030

--------------------------------------------------------------------------------
2023-01-03 15:27:59.589 [Debug] received epp: 4385149

--------------------------------------------------------------------------------
2023-01-03 15:28:00.711 [Debug] received epp: 4386271

--------------------------------------------------------------------------------
2023-01-03 15:28:01.752 [Debug] received epp: 4387331

--------------------------------------------------------------------------------
2023-01-03 15:28:02.878 [Debug] received epp: 4388454

--------------------------------------------------------------------------------
2023-01-03 15:28:04.008 [Debug] received epp: 4389571

--------------------------------------------------------------------------------
2023-01-03 15:28:05.066 [Debug] received epp: 4390629

--------------------------------------------------------------------------------
2023-01-03 15:28:06.127 [Debug] received epp: 4391701

--------------------------------------------------------------------------------
2023-01-03 15:28:07.189 [Debug] received epp: 4392763

--------------------------------------------------------------------------------
2023-01-03 15:28:08.246 [Debug] received epp: 4393825

--------------------------------------------------------------------------------
2023-01-03 15:28:09.364 [Debug] received epp: 4394943

--------------------------------------------------------------------------------
2023-01-03 15:28:10.495 [Debug] received epp: 4396062

--------------------------------------------------------------------------------
2023-01-03 15:28:11.518 [Debug] received epp: 4397092

--------------------------------------------------------------------------------
2023-01-03 15:28:12.577 [Debug] received epp: 4398152

--------------------------------------------------------------------------------
2023-01-03 15:28:13.651 [Debug] received epp: 4399215

--------------------------------------------------------------------------------
2023-01-03 15:28:14.679 [Debug] received epp: 4400247

--------------------------------------------------------------------------------
2023-01-03 15:28:15.798 [Debug] received epp: 4401366

--------------------------------------------------------------------------------
2023-01-03 15:28:16.920 [Debug] received epp: 4402483

--------------------------------------------------------------------------------
2023-01-03 15:29:05.263 [Info] System window closing (due to user interaction most likely).

--------------------------------------------------------------------------------
2023-01-03 15:29:07.393 [Info] System window closing (due to user interaction most likely).

--------------------------------------------------------------------------------
2023-01-03 15:29:07.393 [Debug] StatusChanged: [NetIncomingMessage #696 10 bytes] [Disconnecting]

--------------------------------------------------------------------------------
2023-01-03 15:29:07.397 [Debug] StatusChanged: [NetIncomingMessage #0 14 bytes] [Disconnected]

--------------------------------------------------------------------------------
2023-01-03 15:29:07.445 [Info] Acquiring context lock... (0ms)

--------------------------------------------------------------------------------
2023-01-03 15:29:07.445 [Info] Acquired. (0ms)

--------------------------------------------------------------------------------
2023-01-03 15:29:07.446 [Info] Beginning context dispose. (0ms)

--------------------------------------------------------------------------------
2023-01-03 15:29:07.447 [Info] GC.SuppressFinalize (0ms)

--------------------------------------------------------------------------------
2023-01-03 15:29:07.447 [Info] InternalDispose() completed. (0ms)

--------------------------------------------------------------------------------
2023-01-03 15:29:07.447 [Info] Clearing instance... (2ms)

--------------------------------------------------------------------------------
2023-01-03 15:29:07.447 [Info] Releasing context lock... (2ms)

--------------------------------------------------------------------------------
2023-01-03 15:29:07.448 [Info] Released. (2ms)

--------------------------------------------------------------------------------
