2022-12-14 09:31:08.376 [Warn] Directory was specified as a plugin directory but does not exist: 'resources\plugins'

--------------------------------------------------------------------------------
2022-12-14 09:31:08.380 [Info] Discovered 0 plugins:


--------------------------------------------------------------------------------
2022-12-14 09:31:09.011 [Info] Connecting to 127.0.0.1:5400...

--------------------------------------------------------------------------------
2022-12-14 09:31:09.298 [Info] Connection approved [00000000-0000-0000-0000-000000000000].

--------------------------------------------------------------------------------
2022-12-14 09:31:09.342 [Debug] approval Time=4244205 Offset=63806602825084 Real=63806607069289

--------------------------------------------------------------------------------
2022-12-14 09:31:09.342 [Debug] local Time=4244205 Offset=63806602825136 Real=63806607069342

--------------------------------------------------------------------------------
2022-12-14 09:31:09.342 [Debug] real delta=52

--------------------------------------------------------------------------------
2022-12-14 09:31:09.342 [Debug] this.Statistics.Ping=0 NCPing=1

--------------------------------------------------------------------------------
2022-12-14 09:31:09.343 [Debug] Connection established to remote [00000000-0000-0000-0000-000000000000/127.0.0.1:5400].

--------------------------------------------------------------------------------
2022-12-14 09:31:09.343 [Info] Connected [00000000-0000-0000-0000-000000000000].

--------------------------------------------------------------------------------
2022-12-14 09:31:15.575 [Warn] 'Me' is null.

--------------------------------------------------------------------------------
2022-12-14 09:31:15.764 [Debug] received epp: 4250407

--------------------------------------------------------------------------------
2022-12-14 09:33:04.586 [Info] System window closing (due to user interaction most likely).

--------------------------------------------------------------------------------
2022-12-14 09:33:04.588 [Debug] StatusChanged: [NetIncomingMessage #45 10 bytes] [Disconnecting]

--------------------------------------------------------------------------------
2022-12-14 09:33:04.593 [Debug] StatusChanged: [NetIncomingMessage #46 14 bytes] [Disconnected]

--------------------------------------------------------------------------------
2022-12-14 09:33:04.655 [Info] Acquiring context lock... (0ms)

--------------------------------------------------------------------------------
2022-12-14 09:33:04.655 [Info] Acquired. (0ms)

--------------------------------------------------------------------------------
2022-12-14 09:33:04.656 [Info] Beginning context dispose. (0ms)

--------------------------------------------------------------------------------
2022-12-14 09:33:04.656 [Info] GC.SuppressFinalize (0ms)

--------------------------------------------------------------------------------
2022-12-14 09:33:04.656 [Info] InternalDispose() completed. (0ms)

--------------------------------------------------------------------------------
2022-12-14 09:33:04.656 [Info] Clearing instance... (0ms)

--------------------------------------------------------------------------------
2022-12-14 09:33:04.656 [Info] Releasing context lock... (0ms)

--------------------------------------------------------------------------------
2022-12-14 09:33:04.656 [Info] Released. (0ms)

--------------------------------------------------------------------------------
