2023-01-31 15:01:00.803 [Warn] Directory was specified as a plugin directory but does not exist: 'resources\plugins'

--------------------------------------------------------------------------------
2023-01-31 15:01:00.807 [Info] Discovered 0 plugins:


--------------------------------------------------------------------------------
2023-01-31 15:01:01.341 [Info] Connecting to 26.82.96.248:5400...

--------------------------------------------------------------------------------
2023-01-31 15:01:01.605 [Info] Connection approved [00000000-0000-0000-0000-000000000000].

--------------------------------------------------------------------------------
2023-01-31 15:01:01.650 [Debug] approval Time=5864162 Offset=63810768197427 Real=63810774061589

--------------------------------------------------------------------------------
2023-01-31 15:01:01.650 [Debug] local Time=5864162 Offset=63810768197488 Real=63810774061650

--------------------------------------------------------------------------------
2023-01-31 15:01:01.650 [Debug] real delta=60

--------------------------------------------------------------------------------
2023-01-31 15:01:01.650 [Debug] this.Statistics.Ping=0 NCPing=1

--------------------------------------------------------------------------------
2023-01-31 15:01:01.652 [Debug] Connection established to remote [00000000-0000-0000-0000-000000000000/26.82.96.248:5400].

--------------------------------------------------------------------------------
2023-01-31 15:01:01.652 [Info] Connected [00000000-0000-0000-0000-000000000000].

--------------------------------------------------------------------------------
2023-01-31 15:01:11.867 [Info] System window closing (due to user interaction most likely).

--------------------------------------------------------------------------------
2023-01-31 15:01:11.868 [Debug] StatusChanged: [NetIncomingMessage #0 10 bytes] [Disconnecting]

--------------------------------------------------------------------------------
2023-01-31 15:01:11.871 [Debug] StatusChanged: [NetIncomingMessage #0 14 bytes] [Disconnected]

--------------------------------------------------------------------------------
2023-01-31 15:01:11.927 [Info] Acquiring context lock... (0ms)

--------------------------------------------------------------------------------
2023-01-31 15:01:11.927 [Info] Acquired. (0ms)

--------------------------------------------------------------------------------
2023-01-31 15:01:11.927 [Info] Beginning context dispose. (0ms)

--------------------------------------------------------------------------------
2023-01-31 15:01:11.927 [Info] GC.SuppressFinalize (0ms)

--------------------------------------------------------------------------------
2023-01-31 15:01:11.927 [Info] InternalDispose() completed. (0ms)

--------------------------------------------------------------------------------
2023-01-31 15:01:11.927 [Info] Clearing instance... (0ms)

--------------------------------------------------------------------------------
2023-01-31 15:01:11.927 [Info] Releasing context lock... (0ms)

--------------------------------------------------------------------------------
2023-01-31 15:01:11.927 [Info] Released. (0ms)

--------------------------------------------------------------------------------
