2023-01-28 13:30:51.441 [Info] Connecting to 26.82.96.248:5400...

--------------------------------------------------------------------------------
2023-01-28 13:30:52.310 [Info] Connection approved [00000000-0000-0000-0000-000000000000].

--------------------------------------------------------------------------------
2023-01-28 13:30:52.386 [Debug] approval Time=59179 Offset=63810509394174 Real=63810509453353

--------------------------------------------------------------------------------
2023-01-28 13:30:52.386 [Debug] local Time=59179 Offset=63810509393207 Real=63810509452386

--------------------------------------------------------------------------------
2023-01-28 13:30:52.391 [Debug] real delta=-967

--------------------------------------------------------------------------------
2023-01-28 13:30:52.391 [Debug] this.Statistics.Ping=0 NCPing=34

--------------------------------------------------------------------------------
2023-01-28 13:30:52.393 [Debug] Connection established to remote [00000000-0000-0000-0000-000000000000/26.82.96.248:5400].

--------------------------------------------------------------------------------
2023-01-28 13:30:52.394 [Info] Connected [00000000-0000-0000-0000-000000000000].

--------------------------------------------------------------------------------
2023-01-28 13:56:31.543 [Debug] StatusChanged: [NetIncomingMessage #0 14 bytes] [Disconnected]

--------------------------------------------------------------------------------
2023-01-28 13:56:31.544 [Debug] Connection terminated to remote [00000000-0000-0000-0000-000000000000/26.82.96.248:5400].

--------------------------------------------------------------------------------
2023-01-28 13:56:31.544 [Info] Disconnected [00000000-0000-0000-0000-000000000000].

--------------------------------------------------------------------------------
