2023-02-03 08:43:01.474 [Warn] Directory was specified as a plugin directory but does not exist: 'resources\plugins'

--------------------------------------------------------------------------------
2023-02-03 08:43:01.474 [Info] Discovered 0 plugins:


--------------------------------------------------------------------------------
2023-02-03 08:43:02.112 [Info] Connecting to 26.82.96.248:5400...

--------------------------------------------------------------------------------
2023-02-03 08:43:02.404 [Info] Connection approved [00000000-0000-0000-0000-000000000000].

--------------------------------------------------------------------------------
2023-02-03 08:43:02.456 [Debug] approval Time=6309189 Offset=63811004273207 Real=63811010582397

--------------------------------------------------------------------------------
2023-02-03 08:43:02.457 [Debug] local Time=6309189 Offset=63811004273266 Real=63811010582456

--------------------------------------------------------------------------------
2023-02-03 08:43:02.457 [Debug] real delta=58

--------------------------------------------------------------------------------
2023-02-03 08:43:02.457 [Debug] this.Statistics.Ping=0 NCPing=1

--------------------------------------------------------------------------------
2023-02-03 08:43:02.458 [Debug] Connection established to remote [00000000-0000-0000-0000-000000000000/26.82.96.248:5400].

--------------------------------------------------------------------------------
2023-02-03 08:43:02.458 [Info] Connected [00000000-0000-0000-0000-000000000000].

--------------------------------------------------------------------------------
2023-02-03 08:43:04.929 [Warn] 'Me' is null.

--------------------------------------------------------------------------------
2023-02-03 08:43:05.122 [Debug] received epp: 6311669

--------------------------------------------------------------------------------
2023-02-03 08:43:57.473 [Info] System window closing (due to user interaction most likely).

--------------------------------------------------------------------------------
2023-02-03 08:43:57.474 [Debug] StatusChanged: [NetIncomingMessage #906 10 bytes] [Disconnecting]

--------------------------------------------------------------------------------
2023-02-03 08:43:57.479 [Debug] StatusChanged: [NetIncomingMessage #907 14 bytes] [Disconnected]

--------------------------------------------------------------------------------
2023-02-03 08:43:57.539 [Info] Acquiring context lock... (0ms)

--------------------------------------------------------------------------------
2023-02-03 08:43:57.539 [Info] Acquired. (0ms)

--------------------------------------------------------------------------------
2023-02-03 08:43:57.539 [Info] Beginning context dispose. (0ms)

--------------------------------------------------------------------------------
2023-02-03 08:43:57.539 [Info] GC.SuppressFinalize (0ms)

--------------------------------------------------------------------------------
2023-02-03 08:43:57.539 [Info] InternalDispose() completed. (0ms)

--------------------------------------------------------------------------------
2023-02-03 08:43:57.539 [Info] Clearing instance... (0ms)

--------------------------------------------------------------------------------
2023-02-03 08:43:57.539 [Info] Releasing context lock... (1ms)

--------------------------------------------------------------------------------
2023-02-03 08:43:57.539 [Info] Released. (1ms)

--------------------------------------------------------------------------------
