2023-01-02 03:15:22.862 [Info] Connecting to 127.0.0.1:5400...

--------------------------------------------------------------------------------
2023-01-02 03:15:23.235 [Info] Connection approved [00000000-0000-0000-0000-000000000000].

--------------------------------------------------------------------------------
2023-01-02 03:15:23.275 [Debug] approval Time=21725 Offset=63808226101488 Real=63808226123214

--------------------------------------------------------------------------------
2023-01-02 03:15:23.275 [Debug] local Time=21725 Offset=63808226101549 Real=63808226123275

--------------------------------------------------------------------------------
2023-01-02 03:15:23.281 [Debug] real delta=61

--------------------------------------------------------------------------------
2023-01-02 03:15:23.281 [Debug] this.Statistics.Ping=0 NCPing=1

--------------------------------------------------------------------------------
2023-01-02 03:15:23.282 [Debug] Connection established to remote [00000000-0000-0000-0000-000000000000/127.0.0.1:5400].

--------------------------------------------------------------------------------
2023-01-02 03:15:23.282 [Info] Connected [00000000-0000-0000-0000-000000000000].

--------------------------------------------------------------------------------
2023-01-02 03:16:36.084 [Debug] StatusChanged: [NetIncomingMessage #0 10 bytes] [Disconnecting]

--------------------------------------------------------------------------------
2023-01-02 03:16:36.147 [Debug] StatusChanged: [NetIncomingMessage #0 10 bytes] [Disconnected]

--------------------------------------------------------------------------------
2023-01-02 03:16:36.147 [Debug] Connection terminated to remote [00000000-0000-0000-0000-000000000000/127.0.0.1:5400].

--------------------------------------------------------------------------------
2023-01-02 03:16:36.147 [Info] Disconnected [00000000-0000-0000-0000-000000000000].

--------------------------------------------------------------------------------
