2023-01-31 15:20:07.244 [Warn] Directory was specified as a plugin directory but does not exist: 'resources\plugins'

--------------------------------------------------------------------------------
2023-01-31 15:20:07.248 [Info] Discovered 0 plugins:


--------------------------------------------------------------------------------
2023-01-31 15:20:07.888 [Info] Connecting to 26.82.96.248:5400...

--------------------------------------------------------------------------------
2023-01-31 15:20:08.167 [Info] Connection approved [00000000-0000-0000-0000-000000000000].

--------------------------------------------------------------------------------
2023-01-31 15:20:08.211 [Debug] approval Time=7010727 Offset=63810768197427 Real=63810775208154

--------------------------------------------------------------------------------
2023-01-31 15:20:08.211 [Debug] local Time=7010727 Offset=63810768197484 Real=63810775208211

--------------------------------------------------------------------------------
2023-01-31 15:20:08.211 [Debug] real delta=57

--------------------------------------------------------------------------------
2023-01-31 15:20:08.211 [Debug] this.Statistics.Ping=0 NCPing=2

--------------------------------------------------------------------------------
2023-01-31 15:20:08.212 [Debug] Connection established to remote [00000000-0000-0000-0000-000000000000/26.82.96.248:5400].

--------------------------------------------------------------------------------
2023-01-31 15:20:08.213 [Info] Connected [00000000-0000-0000-0000-000000000000].

--------------------------------------------------------------------------------
2023-01-31 15:20:10.791 [Warn] 'Me' is null.

--------------------------------------------------------------------------------
2023-01-31 15:20:10.975 [Debug] received epp: 7013306

--------------------------------------------------------------------------------
2023-01-31 15:31:55.511 [Info] System window closing (due to user interaction most likely).

--------------------------------------------------------------------------------
2023-01-31 15:31:55.512 [Debug] StatusChanged: [NetIncomingMessage #249 10 bytes] [Disconnecting]

--------------------------------------------------------------------------------
2023-01-31 15:31:55.515 [Debug] StatusChanged: [NetIncomingMessage #250 14 bytes] [Disconnected]

--------------------------------------------------------------------------------
2023-01-31 15:31:55.550 [Info] Acquiring context lock... (0ms)

--------------------------------------------------------------------------------
2023-01-31 15:31:55.550 [Info] Acquired. (0ms)

--------------------------------------------------------------------------------
2023-01-31 15:31:55.551 [Info] Beginning context dispose. (0ms)

--------------------------------------------------------------------------------
2023-01-31 15:31:55.551 [Info] GC.SuppressFinalize (0ms)

--------------------------------------------------------------------------------
2023-01-31 15:31:55.551 [Info] InternalDispose() completed. (0ms)

--------------------------------------------------------------------------------
2023-01-31 15:31:55.551 [Info] Clearing instance... (0ms)

--------------------------------------------------------------------------------
2023-01-31 15:31:55.551 [Info] Releasing context lock... (0ms)

--------------------------------------------------------------------------------
2023-01-31 15:31:55.551 [Info] Released. (0ms)

--------------------------------------------------------------------------------
