2023-01-31 14:42:10.498 [Warn] Directory was specified as a plugin directory but does not exist: 'resources\plugins'

--------------------------------------------------------------------------------
2023-01-31 14:42:10.502 [Info] Discovered 0 plugins:


--------------------------------------------------------------------------------
2023-01-31 14:42:11.108 [Info] Connecting to 26.82.96.248:5400...

--------------------------------------------------------------------------------
2023-01-31 14:42:11.369 [Info] Connection approved [00000000-0000-0000-0000-000000000000].

--------------------------------------------------------------------------------
2023-01-31 14:42:11.418 [Debug] approval Time=4733921 Offset=63810768197427 Real=63810772931348

--------------------------------------------------------------------------------
2023-01-31 14:42:11.418 [Debug] local Time=4733921 Offset=63810768197497 Real=63810772931418

--------------------------------------------------------------------------------
2023-01-31 14:42:11.418 [Debug] real delta=69

--------------------------------------------------------------------------------
2023-01-31 14:42:11.418 [Debug] this.Statistics.Ping=0 NCPing=1

--------------------------------------------------------------------------------
2023-01-31 14:42:11.419 [Debug] Connection established to remote [00000000-0000-0000-0000-000000000000/26.82.96.248:5400].

--------------------------------------------------------------------------------
2023-01-31 14:42:11.420 [Info] Connected [00000000-0000-0000-0000-000000000000].

--------------------------------------------------------------------------------
2023-01-31 14:52:39.831 [Info] System window closing (due to user interaction most likely).

--------------------------------------------------------------------------------
2023-01-31 14:52:39.831 [Debug] StatusChanged: [NetIncomingMessage #0 10 bytes] [Disconnecting]

--------------------------------------------------------------------------------
2023-01-31 14:52:39.834 [Debug] StatusChanged: [NetIncomingMessage #0 14 bytes] [Disconnected]

--------------------------------------------------------------------------------
2023-01-31 14:52:39.868 [Info] Acquiring context lock... (0ms)

--------------------------------------------------------------------------------
2023-01-31 14:52:39.868 [Info] Acquired. (0ms)

--------------------------------------------------------------------------------
2023-01-31 14:52:39.869 [Info] Beginning context dispose. (0ms)

--------------------------------------------------------------------------------
2023-01-31 14:52:39.869 [Info] GC.SuppressFinalize (0ms)

--------------------------------------------------------------------------------
2023-01-31 14:52:39.869 [Info] InternalDispose() completed. (0ms)

--------------------------------------------------------------------------------
2023-01-31 14:52:39.869 [Info] Clearing instance... (0ms)

--------------------------------------------------------------------------------
2023-01-31 14:52:39.869 [Info] Releasing context lock... (0ms)

--------------------------------------------------------------------------------
2023-01-31 14:52:39.869 [Info] Released. (0ms)

--------------------------------------------------------------------------------
