2022-12-18 10:33:28.023 [Warn] Directory was specified as a plugin directory but does not exist: 'resources\plugins'

--------------------------------------------------------------------------------
2022-12-18 10:33:28.027 [Info] Discovered 0 plugins:


--------------------------------------------------------------------------------
2022-12-18 10:33:28.707 [Info] Connecting to 127.0.0.1:5400...

--------------------------------------------------------------------------------
2022-12-18 10:33:29.000 [Info] Connection approved [00000000-0000-0000-0000-000000000000].

--------------------------------------------------------------------------------
2022-12-18 10:33:29.041 [Debug] approval Time=1884807 Offset=63806954524183 Real=63806956408991

--------------------------------------------------------------------------------
2022-12-18 10:33:29.041 [Debug] local Time=1884807 Offset=63806954524233 Real=63806956409041

--------------------------------------------------------------------------------
2022-12-18 10:33:29.041 [Debug] real delta=49

--------------------------------------------------------------------------------
2022-12-18 10:33:29.041 [Debug] this.Statistics.Ping=0 NCPing=2

--------------------------------------------------------------------------------
2022-12-18 10:33:29.042 [Debug] Connection established to remote [00000000-0000-0000-0000-000000000000/127.0.0.1:5400].

--------------------------------------------------------------------------------
2022-12-18 10:33:29.043 [Info] Connected [00000000-0000-0000-0000-000000000000].

--------------------------------------------------------------------------------
2022-12-18 10:33:31.280 [Warn] 'Me' is null.

--------------------------------------------------------------------------------
2022-12-18 10:33:31.460 [Debug] received epp: 1887029

--------------------------------------------------------------------------------
2022-12-18 10:35:54.389 [Info] System window closing (due to user interaction most likely).

--------------------------------------------------------------------------------
2022-12-18 10:35:54.389 [Debug] StatusChanged: [NetIncomingMessage #0 10 bytes] [Disconnecting]

--------------------------------------------------------------------------------
2022-12-18 10:35:54.394 [Debug] StatusChanged: [NetIncomingMessage #0 14 bytes] [Disconnected]

--------------------------------------------------------------------------------
2022-12-18 10:35:54.436 [Info] Acquiring context lock... (0ms)

--------------------------------------------------------------------------------
2022-12-18 10:35:54.436 [Info] Acquired. (0ms)

--------------------------------------------------------------------------------
2022-12-18 10:35:54.438 [Info] Beginning context dispose. (0ms)

--------------------------------------------------------------------------------
2022-12-18 10:35:54.438 [Info] GC.SuppressFinalize (0ms)

--------------------------------------------------------------------------------
2022-12-18 10:35:54.438 [Info] InternalDispose() completed. (0ms)

--------------------------------------------------------------------------------
2022-12-18 10:35:54.438 [Info] Clearing instance... (2ms)

--------------------------------------------------------------------------------
2022-12-18 10:35:54.439 [Info] Releasing context lock... (2ms)

--------------------------------------------------------------------------------
2022-12-18 10:35:54.439 [Info] Released. (2ms)

--------------------------------------------------------------------------------
