2023-02-04 08:42:03.421 [Info] Connecting to 26.82.96.248:5400...

--------------------------------------------------------------------------------
2023-02-04 08:42:03.738 [Info] Connection approved [00000000-0000-0000-0000-000000000000].

--------------------------------------------------------------------------------
2023-02-04 08:42:03.777 [Debug] approval Time=11935357 Offset=63811084988360 Real=63811096923718

--------------------------------------------------------------------------------
2023-02-04 08:42:03.777 [Debug] local Time=11935357 Offset=63811084988419 Real=63811096923777

--------------------------------------------------------------------------------
2023-02-04 08:42:03.783 [Debug] real delta=65

--------------------------------------------------------------------------------
2023-02-04 08:42:03.783 [Debug] this.Statistics.Ping=0 NCPing=2

--------------------------------------------------------------------------------
2023-02-04 08:42:03.785 [Debug] Connection established to remote [00000000-0000-0000-0000-000000000000/26.82.96.248:5400].

--------------------------------------------------------------------------------
2023-02-04 08:42:03.785 [Info] Connected [00000000-0000-0000-0000-000000000000].

--------------------------------------------------------------------------------
2023-02-04 08:45:40.055 [Debug] StatusChanged: [NetIncomingMessage #0 10 bytes] [Disconnecting]

--------------------------------------------------------------------------------
2023-02-04 08:45:40.180 [Debug] StatusChanged: [NetIncomingMessage #0 10 bytes] [Disconnected]

--------------------------------------------------------------------------------
2023-02-04 08:45:40.180 [Debug] Connection terminated to remote [00000000-0000-0000-0000-000000000000/26.82.96.248:5400].

--------------------------------------------------------------------------------
2023-02-04 08:45:40.180 [Info] Disconnected [00000000-0000-0000-0000-000000000000].

--------------------------------------------------------------------------------
