2023-02-04 07:37:13.358 [Warn] Directory was specified as a plugin directory but does not exist: 'resources\plugins'

--------------------------------------------------------------------------------
2023-02-04 07:37:13.364 [Info] Discovered 0 plugins:


--------------------------------------------------------------------------------
2023-02-04 07:37:14.378 [Info] Connecting to 26.82.96.248:5400...

--------------------------------------------------------------------------------
2023-02-04 07:37:14.681 [Info] Connection approved [00000000-0000-0000-0000-000000000000].

--------------------------------------------------------------------------------
2023-02-04 07:37:14.739 [Debug] approval Time=8046310 Offset=63811084988360 Real=63811093034671

--------------------------------------------------------------------------------
2023-02-04 07:37:14.739 [Debug] local Time=8046310 Offset=63811084988429 Real=63811093034739

--------------------------------------------------------------------------------
2023-02-04 07:37:14.739 [Debug] real delta=68

--------------------------------------------------------------------------------
2023-02-04 07:37:14.739 [Debug] this.Statistics.Ping=0 NCPing=3

--------------------------------------------------------------------------------
2023-02-04 07:37:14.741 [Debug] Connection established to remote [00000000-0000-0000-0000-000000000000/26.82.96.248:5400].

--------------------------------------------------------------------------------
2023-02-04 07:37:14.741 [Info] Connected [00000000-0000-0000-0000-000000000000].

--------------------------------------------------------------------------------
2023-02-04 07:37:31.732 [Warn] 'Me' is null.

--------------------------------------------------------------------------------
2023-02-04 07:37:31.929 [Debug] received epp: 8063301

--------------------------------------------------------------------------------
2023-02-04 07:41:26.242 [Debug] received epp: 8297848

--------------------------------------------------------------------------------
2023-02-04 07:44:31.130 [Info] System window closing (due to user interaction most likely).

--------------------------------------------------------------------------------
2023-02-04 07:44:33.904 [Info] System window closing (due to user interaction most likely).

--------------------------------------------------------------------------------
2023-02-04 07:44:33.905 [Debug] StatusChanged: [NetIncomingMessage #256 10 bytes] [Disconnecting]

--------------------------------------------------------------------------------
2023-02-04 07:44:33.905 [Debug] StatusChanged: [NetIncomingMessage #257 10 bytes] [Disconnected]

--------------------------------------------------------------------------------
2023-02-04 07:44:33.906 [Debug] Connection terminated to remote [00000000-0000-0000-0000-000000000000/26.82.96.248:5400].

--------------------------------------------------------------------------------
2023-02-04 07:44:33.906 [Info] Disconnected [00000000-0000-0000-0000-000000000000].

--------------------------------------------------------------------------------
2023-02-04 07:44:33.951 [Info] Acquiring context lock... (0ms)

--------------------------------------------------------------------------------
2023-02-04 07:44:33.951 [Info] Acquired. (0ms)

--------------------------------------------------------------------------------
2023-02-04 07:44:33.952 [Info] Beginning context dispose. (0ms)

--------------------------------------------------------------------------------
2023-02-04 07:44:33.952 [Info] GC.SuppressFinalize (0ms)

--------------------------------------------------------------------------------
2023-02-04 07:44:33.952 [Info] InternalDispose() completed. (0ms)

--------------------------------------------------------------------------------
2023-02-04 07:44:33.952 [Info] Clearing instance... (1ms)

--------------------------------------------------------------------------------
2023-02-04 07:44:33.952 [Info] Releasing context lock... (1ms)

--------------------------------------------------------------------------------
2023-02-04 07:44:33.952 [Info] Released. (1ms)

--------------------------------------------------------------------------------
