2023-02-03 10:32:47.747 [Warn] Directory was specified as a plugin directory but does not exist: 'resources\plugins'

--------------------------------------------------------------------------------
2023-02-03 10:32:47.747 [Info] Discovered 0 plugins:


--------------------------------------------------------------------------------
2023-02-03 10:32:48.649 [Info] Connecting to 26.82.96.248:5400...

--------------------------------------------------------------------------------
2023-02-03 10:32:55.164 [Info] Connection approved [00000000-0000-0000-0000-000000000000].

--------------------------------------------------------------------------------
2023-02-03 10:32:55.214 [Debug] approval Time=449 Offset=63811017174663 Real=63811017175112

--------------------------------------------------------------------------------
2023-02-03 10:32:55.214 [Debug] local Time=449 Offset=63811017174752 Real=63811017175201

--------------------------------------------------------------------------------
2023-02-03 10:32:55.214 [Debug] real delta=89

--------------------------------------------------------------------------------
2023-02-03 10:32:55.214 [Debug] this.Statistics.Ping=0 NCPing=1

--------------------------------------------------------------------------------
2023-02-03 10:32:55.215 [Debug] Connection established to remote [00000000-0000-0000-0000-000000000000/26.82.96.248:5400].

--------------------------------------------------------------------------------
2023-02-03 10:32:55.215 [Info] Connected [00000000-0000-0000-0000-000000000000].

--------------------------------------------------------------------------------
2023-02-03 10:32:58.470 [Warn] 'Me' is null.

--------------------------------------------------------------------------------
2023-02-03 10:32:58.687 [Debug] received epp: 3873

--------------------------------------------------------------------------------
2023-02-03 10:33:10.522 [Info] System window closing (due to user interaction most likely).

--------------------------------------------------------------------------------
2023-02-03 10:33:10.523 [Debug] StatusChanged: [NetIncomingMessage #221 10 bytes] [Disconnecting]

--------------------------------------------------------------------------------
2023-02-03 10:33:10.528 [Debug] StatusChanged: [NetIncomingMessage #222 14 bytes] [Disconnected]

--------------------------------------------------------------------------------
2023-02-03 10:33:10.576 [Info] Acquiring context lock... (0ms)

--------------------------------------------------------------------------------
2023-02-03 10:33:10.576 [Info] Acquired. (0ms)

--------------------------------------------------------------------------------
2023-02-03 10:33:10.576 [Info] Beginning context dispose. (0ms)

--------------------------------------------------------------------------------
2023-02-03 10:33:10.576 [Info] GC.SuppressFinalize (0ms)

--------------------------------------------------------------------------------
2023-02-03 10:33:10.576 [Info] InternalDispose() completed. (0ms)

--------------------------------------------------------------------------------
2023-02-03 10:33:10.576 [Info] Clearing instance... (1ms)

--------------------------------------------------------------------------------
2023-02-03 10:33:10.576 [Info] Releasing context lock... (1ms)

--------------------------------------------------------------------------------
2023-02-03 10:33:10.576 [Info] Released. (1ms)

--------------------------------------------------------------------------------
