2023-02-04 07:45:25.822 [Warn] Directory was specified as a plugin directory but does not exist: 'resources\plugins'

--------------------------------------------------------------------------------
2023-02-04 07:45:25.826 [Info] Discovered 0 plugins:


--------------------------------------------------------------------------------
2023-02-04 07:45:26.466 [Info] Connecting to 26.82.96.248:5400...

--------------------------------------------------------------------------------
2023-02-04 07:45:26.742 [Info] Connection approved [00000000-0000-0000-0000-000000000000].

--------------------------------------------------------------------------------
2023-02-04 07:45:26.782 [Debug] approval Time=8538372 Offset=63811084988360 Real=63811093526732

--------------------------------------------------------------------------------
2023-02-04 07:45:26.782 [Debug] local Time=8538372 Offset=63811084988409 Real=63811093526782

--------------------------------------------------------------------------------
2023-02-04 07:45:26.782 [Debug] real delta=49

--------------------------------------------------------------------------------
2023-02-04 07:45:26.782 [Debug] this.Statistics.Ping=0 NCPing=2

--------------------------------------------------------------------------------
2023-02-04 07:45:26.783 [Debug] Connection established to remote [00000000-0000-0000-0000-000000000000/26.82.96.248:5400].

--------------------------------------------------------------------------------
2023-02-04 07:45:26.784 [Info] Connected [00000000-0000-0000-0000-000000000000].

--------------------------------------------------------------------------------
2023-02-04 07:45:35.150 [Warn] 'Me' is null.

--------------------------------------------------------------------------------
2023-02-04 07:45:35.343 [Debug] received epp: 8546734

--------------------------------------------------------------------------------
2023-02-04 07:47:25.171 [Info] System window closing (due to user interaction most likely).

--------------------------------------------------------------------------------
2023-02-04 07:47:26.207 [Info] System window closing (due to user interaction most likely).

--------------------------------------------------------------------------------
2023-02-04 07:47:26.210 [Debug] StatusChanged: [NetIncomingMessage #130 10 bytes] [Disconnecting]

--------------------------------------------------------------------------------
2023-02-04 07:47:26.210 [Debug] StatusChanged: [NetIncomingMessage #131 9 bytes] [Disconnected]

--------------------------------------------------------------------------------
2023-02-04 07:47:26.255 [Info] Acquiring context lock... (0ms)

--------------------------------------------------------------------------------
2023-02-04 07:47:26.256 [Info] Acquired. (0ms)

--------------------------------------------------------------------------------
2023-02-04 07:47:26.258 [Info] Beginning context dispose. (0ms)

--------------------------------------------------------------------------------
2023-02-04 07:47:26.258 [Info] GC.SuppressFinalize (0ms)

--------------------------------------------------------------------------------
2023-02-04 07:47:26.258 [Info] InternalDispose() completed. (0ms)

--------------------------------------------------------------------------------
2023-02-04 07:47:26.259 [Info] Clearing instance... (3ms)

--------------------------------------------------------------------------------
2023-02-04 07:47:26.259 [Info] Releasing context lock... (3ms)

--------------------------------------------------------------------------------
2023-02-04 07:47:26.259 [Info] Released. (3ms)

--------------------------------------------------------------------------------
