2023-01-24 04:58:54.844 [Warn] Directory was specified as a plugin directory but does not exist: 'resources\plugins'

--------------------------------------------------------------------------------
2023-01-24 04:58:54.849 [Info] Discovered 0 plugins:


--------------------------------------------------------------------------------
2023-01-24 04:58:55.482 [Info] Connecting to 26.82.96.248:5400...

--------------------------------------------------------------------------------
2023-01-24 04:58:55.767 [Info] Connection approved [00000000-0000-0000-0000-000000000000].

--------------------------------------------------------------------------------
2023-01-24 04:58:55.813 [Debug] approval Time=587061 Offset=63810132548683 Real=63810133135745

--------------------------------------------------------------------------------
2023-01-24 04:58:55.813 [Debug] local Time=587061 Offset=63810132548751 Real=63810133135813

--------------------------------------------------------------------------------
2023-01-24 04:58:55.813 [Debug] real delta=67

--------------------------------------------------------------------------------
2023-01-24 04:58:55.813 [Debug] this.Statistics.Ping=0 NCPing=1

--------------------------------------------------------------------------------
2023-01-24 04:58:55.814 [Debug] Connection established to remote [00000000-0000-0000-0000-000000000000/26.82.96.248:5400].

--------------------------------------------------------------------------------
2023-01-24 04:58:55.814 [Info] Connected [00000000-0000-0000-0000-000000000000].

--------------------------------------------------------------------------------
2023-01-24 04:58:57.622 [Warn] 'Me' is null.

--------------------------------------------------------------------------------
2023-01-24 04:58:57.783 [Debug] received epp: 588876

--------------------------------------------------------------------------------
2023-01-24 04:59:00.551 [Debug] received epp: 591851

--------------------------------------------------------------------------------
2023-01-24 05:02:36.634 [Info] System window closing (due to user interaction most likely).

--------------------------------------------------------------------------------
2023-01-24 05:02:37.383 [Info] System window closing (due to user interaction most likely).

--------------------------------------------------------------------------------
2023-01-24 05:02:37.389 [Debug] StatusChanged: [NetIncomingMessage #511 10 bytes] [Disconnecting]

--------------------------------------------------------------------------------
2023-01-24 05:02:37.389 [Debug] StatusChanged: [NetIncomingMessage #0 10 bytes] [Disconnected]

--------------------------------------------------------------------------------
2023-01-24 05:02:37.423 [Info] Acquiring context lock... (0ms)

--------------------------------------------------------------------------------
2023-01-24 05:02:37.423 [Info] Acquired. (0ms)

--------------------------------------------------------------------------------
2023-01-24 05:02:37.425 [Info] Beginning context dispose. (0ms)

--------------------------------------------------------------------------------
2023-01-24 05:02:37.426 [Info] GC.SuppressFinalize (0ms)

--------------------------------------------------------------------------------
2023-01-24 05:02:37.426 [Info] InternalDispose() completed. (0ms)

--------------------------------------------------------------------------------
2023-01-24 05:02:37.426 [Info] Clearing instance... (2ms)

--------------------------------------------------------------------------------
2023-01-24 05:02:37.426 [Info] Releasing context lock... (2ms)

--------------------------------------------------------------------------------
2023-01-24 05:02:37.426 [Info] Released. (2ms)

--------------------------------------------------------------------------------
