2022-12-14 12:06:18.740 [Warn] Directory was specified as a plugin directory but does not exist: 'resources\plugins'

--------------------------------------------------------------------------------
2022-12-14 12:06:18.740 [Info] Discovered 0 plugins:


--------------------------------------------------------------------------------
2022-12-14 12:06:19.534 [Info] Connecting to 127.0.0.1:5400...

--------------------------------------------------------------------------------
2022-12-14 12:06:19.814 [Info] Connection approved [00000000-0000-0000-0000-000000000000].

--------------------------------------------------------------------------------
2022-12-14 12:06:19.860 [Debug] approval Time=13554719 Offset=63806602825084 Real=63806616379803

--------------------------------------------------------------------------------
2022-12-14 12:06:19.861 [Debug] local Time=13554719 Offset=63806602825141 Real=63806616379860

--------------------------------------------------------------------------------
2022-12-14 12:06:19.861 [Debug] real delta=56

--------------------------------------------------------------------------------
2022-12-14 12:06:19.861 [Debug] this.Statistics.Ping=0 NCPing=1

--------------------------------------------------------------------------------
2022-12-14 12:06:19.862 [Debug] Connection established to remote [00000000-0000-0000-0000-000000000000/127.0.0.1:5400].

--------------------------------------------------------------------------------
2022-12-14 12:06:19.862 [Info] Connected [00000000-0000-0000-0000-000000000000].

--------------------------------------------------------------------------------
2022-12-14 12:06:22.495 [Warn] 'Me' is null.

--------------------------------------------------------------------------------
2022-12-14 12:06:22.663 [Debug] received epp: 13557353

--------------------------------------------------------------------------------
2022-12-14 12:06:58.906 [Info] System window closing (due to user interaction most likely).

--------------------------------------------------------------------------------
2022-12-14 12:06:58.907 [Debug] StatusChanged: [NetIncomingMessage #104 10 bytes] [Disconnecting]

--------------------------------------------------------------------------------
2022-12-14 12:06:58.912 [Debug] StatusChanged: [NetIncomingMessage #105 14 bytes] [Disconnected]

--------------------------------------------------------------------------------
2022-12-14 12:06:58.963 [Info] Acquiring context lock... (0ms)

--------------------------------------------------------------------------------
2022-12-14 12:06:58.963 [Info] Acquired. (0ms)

--------------------------------------------------------------------------------
2022-12-14 12:06:58.963 [Info] Beginning context dispose. (0ms)

--------------------------------------------------------------------------------
2022-12-14 12:06:58.964 [Info] GC.SuppressFinalize (0ms)

--------------------------------------------------------------------------------
2022-12-14 12:06:58.964 [Info] InternalDispose() completed. (0ms)

--------------------------------------------------------------------------------
2022-12-14 12:06:58.964 [Info] Clearing instance... (1ms)

--------------------------------------------------------------------------------
2022-12-14 12:06:58.964 [Info] Releasing context lock... (1ms)

--------------------------------------------------------------------------------
2022-12-14 12:06:58.964 [Info] Released. (1ms)

--------------------------------------------------------------------------------
