2022-12-13 13:25:47.213 [Warn] Directory was specified as a plugin directory but does not exist: 'resources\plugins'

--------------------------------------------------------------------------------
2022-12-13 13:25:47.218 [Info] Discovered 0 plugins:


--------------------------------------------------------------------------------
2022-12-13 13:25:48.079 [Info] Connecting to 127.0.0.1:5400...

--------------------------------------------------------------------------------
2022-12-13 13:26:03.431 [Debug] StatusChanged: [NetIncomingMessage #0 63 bytes] [Disconnected]

--------------------------------------------------------------------------------
2022-12-13 13:26:03.434 [Debug] Unknown client disconnected (00-00-00-00-00-00-00-00).

--------------------------------------------------------------------------------
2022-12-13 13:26:03.434 [Info] Disconnected [00000000-0000-0000-0000-000000000000].

--------------------------------------------------------------------------------
2022-12-13 13:26:03.436 [Info] Connecting to 127.0.0.1:5400...

--------------------------------------------------------------------------------
2022-12-13 13:26:18.552 [Debug] StatusChanged: [NetIncomingMessage #0 63 bytes] [Disconnected]

--------------------------------------------------------------------------------
2022-12-13 13:26:18.552 [Debug] Unknown client disconnected (00-00-00-00-00-00-00-00).

--------------------------------------------------------------------------------
2022-12-13 13:26:18.552 [Info] Disconnected [00000000-0000-0000-0000-000000000000].

--------------------------------------------------------------------------------
2022-12-13 13:26:18.552 [Info] Connecting to 127.0.0.1:5400...

--------------------------------------------------------------------------------
2022-12-13 13:26:33.661 [Debug] StatusChanged: [NetIncomingMessage #0 63 bytes] [Disconnected]

--------------------------------------------------------------------------------
2022-12-13 13:26:33.661 [Debug] Unknown client disconnected (00-00-00-00-00-00-00-00).

--------------------------------------------------------------------------------
2022-12-13 13:26:33.661 [Info] Disconnected [00000000-0000-0000-0000-000000000000].

--------------------------------------------------------------------------------
2022-12-13 13:26:33.661 [Info] Connecting to 127.0.0.1:5400...

--------------------------------------------------------------------------------
2022-12-13 13:26:47.328 [Info] System window closing (due to user interaction most likely).

--------------------------------------------------------------------------------
2022-12-13 13:26:47.329 [Debug] StatusChanged: [NetIncomingMessage #0 10 bytes] [Disconnecting]

--------------------------------------------------------------------------------
2022-12-13 13:26:47.331 [Debug] StatusChanged: [NetIncomingMessage #0 14 bytes] [Disconnected]

--------------------------------------------------------------------------------
2022-12-13 13:26:47.332 [Debug] Unknown client disconnected (00-00-00-00-00-00-00-00).

--------------------------------------------------------------------------------
2022-12-13 13:26:47.332 [Info] Disconnected [00000000-0000-0000-0000-000000000000].

--------------------------------------------------------------------------------
2022-12-13 13:26:47.370 [Info] Acquiring context lock... (0ms)

--------------------------------------------------------------------------------
2022-12-13 13:26:47.370 [Info] Acquired. (0ms)

--------------------------------------------------------------------------------
2022-12-13 13:26:47.371 [Info] Beginning context dispose. (0ms)

--------------------------------------------------------------------------------
2022-12-13 13:26:47.371 [Info] GC.SuppressFinalize (0ms)

--------------------------------------------------------------------------------
2022-12-13 13:26:47.371 [Info] InternalDispose() completed. (0ms)

--------------------------------------------------------------------------------
2022-12-13 13:26:47.372 [Info] Clearing instance... (1ms)

--------------------------------------------------------------------------------
2022-12-13 13:26:47.372 [Info] Releasing context lock... (1ms)

--------------------------------------------------------------------------------
2022-12-13 13:26:47.372 [Info] Released. (1ms)

--------------------------------------------------------------------------------
