2023-01-02 03:15:45.105 [Warn] Directory was specified as a plugin directory but does not exist: 'resources\plugins'

--------------------------------------------------------------------------------
2023-01-02 03:15:45.112 [Info] Discovered 0 plugins:


--------------------------------------------------------------------------------
2023-01-02 03:15:46.017 [Info] Connecting to 127.0.0.1:5400...

--------------------------------------------------------------------------------
2023-01-02 03:15:46.402 [Info] Connection approved [00000000-0000-0000-0000-000000000000].

--------------------------------------------------------------------------------
2023-01-02 03:15:46.460 [Debug] approval Time=44893 Offset=63808226101488 Real=63808226146382

--------------------------------------------------------------------------------
2023-01-02 03:15:46.460 [Debug] local Time=44893 Offset=63808226101566 Real=63808226146460

--------------------------------------------------------------------------------
2023-01-02 03:15:46.460 [Debug] real delta=77

--------------------------------------------------------------------------------
2023-01-02 03:15:46.460 [Debug] this.Statistics.Ping=0 NCPing=2

--------------------------------------------------------------------------------
2023-01-02 03:15:46.461 [Debug] Connection established to remote [00000000-0000-0000-0000-000000000000/127.0.0.1:5400].

--------------------------------------------------------------------------------
2023-01-02 03:15:46.461 [Info] Connected [00000000-0000-0000-0000-000000000000].

--------------------------------------------------------------------------------
2023-01-02 03:16:05.895 [Warn] 'Me' is null.

--------------------------------------------------------------------------------
2023-01-02 03:16:06.204 [Debug] received epp: 64490

--------------------------------------------------------------------------------
2023-01-02 03:16:40.908 [Info] System window closing (due to user interaction most likely).

--------------------------------------------------------------------------------
2023-01-02 03:16:40.909 [Debug] StatusChanged: [NetIncomingMessage #0 10 bytes] [Disconnecting]

--------------------------------------------------------------------------------
2023-01-02 03:16:40.919 [Debug] StatusChanged: [NetIncomingMessage #0 14 bytes] [Disconnected]

--------------------------------------------------------------------------------
2023-01-02 03:16:40.952 [Info] Acquiring context lock... (0ms)

--------------------------------------------------------------------------------
2023-01-02 03:16:40.952 [Info] Acquired. (0ms)

--------------------------------------------------------------------------------
2023-01-02 03:16:40.953 [Info] Beginning context dispose. (0ms)

--------------------------------------------------------------------------------
2023-01-02 03:16:40.953 [Info] GC.SuppressFinalize (0ms)

--------------------------------------------------------------------------------
2023-01-02 03:16:40.953 [Info] InternalDispose() completed. (0ms)

--------------------------------------------------------------------------------
2023-01-02 03:16:40.953 [Info] Clearing instance... (0ms)

--------------------------------------------------------------------------------
2023-01-02 03:16:40.953 [Info] Releasing context lock... (0ms)

--------------------------------------------------------------------------------
2023-01-02 03:16:40.953 [Info] Released. (0ms)

--------------------------------------------------------------------------------
