2022-12-14 03:56:10.280 [Warn] Directory was specified as a plugin directory but does not exist: 'resources\plugins'

--------------------------------------------------------------------------------
2022-12-14 03:56:10.302 [Info] Discovered 0 plugins:


--------------------------------------------------------------------------------
2022-12-14 03:56:11.066 [Info] Connecting to 127.0.0.1:5400...

--------------------------------------------------------------------------------
2022-12-14 03:56:11.443 [Info] Connection approved [00000000-0000-0000-0000-000000000000].

--------------------------------------------------------------------------------
2022-12-14 03:56:11.502 [Debug] approval Time=993369 Offset=63806585978054 Real=63806586971424

--------------------------------------------------------------------------------
2022-12-14 03:56:11.502 [Debug] local Time=993369 Offset=63806585978132 Real=63806586971502

--------------------------------------------------------------------------------
2022-12-14 03:56:11.502 [Debug] real delta=78

--------------------------------------------------------------------------------
2022-12-14 03:56:11.502 [Debug] this.Statistics.Ping=0 NCPing=2

--------------------------------------------------------------------------------
2022-12-14 03:56:11.503 [Debug] Connection established to remote [00000000-0000-0000-0000-000000000000/127.0.0.1:5400].

--------------------------------------------------------------------------------
2022-12-14 03:56:11.504 [Info] Connected [00000000-0000-0000-0000-000000000000].

--------------------------------------------------------------------------------
2022-12-14 03:56:14.253 [Warn] 'Me' is null.

--------------------------------------------------------------------------------
2022-12-14 03:56:14.430 [Debug] received epp: 996154

--------------------------------------------------------------------------------
2022-12-14 04:00:12.971 [Debug] received epp: 1234887

--------------------------------------------------------------------------------
2022-12-14 04:01:35.746 [Info] System window closing (due to user interaction most likely).

--------------------------------------------------------------------------------
2022-12-14 04:01:35.748 [Debug] StatusChanged: [NetIncomingMessage #0 10 bytes] [Disconnecting]

--------------------------------------------------------------------------------
2022-12-14 04:01:35.750 [Debug] StatusChanged: [NetIncomingMessage #0 10 bytes] [Disconnected]

--------------------------------------------------------------------------------
2022-12-14 04:01:35.750 [Debug] Connection terminated to remote [00000000-0000-0000-0000-000000000000/127.0.0.1:5400].

--------------------------------------------------------------------------------
2022-12-14 04:01:35.751 [Info] Disconnected [00000000-0000-0000-0000-000000000000].

--------------------------------------------------------------------------------
2022-12-14 04:01:35.751 [Info] Connecting to 127.0.0.1:5400...

--------------------------------------------------------------------------------
2022-12-14 04:01:35.820 [Info] Acquiring context lock... (0ms)

--------------------------------------------------------------------------------
2022-12-14 04:01:35.820 [Info] Acquired. (0ms)

--------------------------------------------------------------------------------
2022-12-14 04:01:35.822 [Info] Beginning context dispose. (0ms)

--------------------------------------------------------------------------------
2022-12-14 04:01:35.822 [Info] GC.SuppressFinalize (0ms)

--------------------------------------------------------------------------------
2022-12-14 04:01:35.822 [Info] InternalDispose() completed. (0ms)

--------------------------------------------------------------------------------
2022-12-14 04:01:35.822 [Info] Clearing instance... (2ms)

--------------------------------------------------------------------------------
2022-12-14 04:01:35.822 [Info] Releasing context lock... (2ms)

--------------------------------------------------------------------------------
2022-12-14 04:01:35.823 [Info] Released. (2ms)

--------------------------------------------------------------------------------
