2023-02-04 08:43:23.280 [Warn] Directory was specified as a plugin directory but does not exist: 'resources\plugins'

--------------------------------------------------------------------------------
2023-02-04 08:43:23.285 [Info] Discovered 0 plugins:


--------------------------------------------------------------------------------
2023-02-04 08:43:24.253 [Info] Connecting to 26.82.96.248:5400...

--------------------------------------------------------------------------------
2023-02-04 08:43:24.550 [Info] Connection approved [00000000-0000-0000-0000-000000000000].

--------------------------------------------------------------------------------
2023-02-04 08:43:24.593 [Debug] approval Time=12016169 Offset=63811084988360 Real=63811097004530

--------------------------------------------------------------------------------
2023-02-04 08:43:24.593 [Debug] local Time=12016169 Offset=63811084988423 Real=63811097004593

--------------------------------------------------------------------------------
2023-02-04 08:43:24.593 [Debug] real delta=62

--------------------------------------------------------------------------------
2023-02-04 08:43:24.593 [Debug] this.Statistics.Ping=0 NCPing=3

--------------------------------------------------------------------------------
2023-02-04 08:43:24.595 [Debug] Connection established to remote [00000000-0000-0000-0000-000000000000/26.82.96.248:5400].

--------------------------------------------------------------------------------
2023-02-04 08:43:24.595 [Info] Connected [00000000-0000-0000-0000-000000000000].

--------------------------------------------------------------------------------
2023-02-04 08:43:26.229 [Warn] 'Me' is null.

--------------------------------------------------------------------------------
2023-02-04 08:43:26.467 [Debug] received epp: 12017810

--------------------------------------------------------------------------------
2023-02-04 08:45:26.012 [Info] System window closing (due to user interaction most likely).

--------------------------------------------------------------------------------
2023-02-04 08:45:27.106 [Info] System window closing (due to user interaction most likely).

--------------------------------------------------------------------------------
2023-02-04 08:45:27.111 [Debug] StatusChanged: [NetIncomingMessage #348 10 bytes] [Disconnecting]

--------------------------------------------------------------------------------
2023-02-04 08:45:27.113 [Debug] StatusChanged: [NetIncomingMessage #349 14 bytes] [Disconnected]

--------------------------------------------------------------------------------
2023-02-04 08:45:27.155 [Info] Acquiring context lock... (0ms)

--------------------------------------------------------------------------------
2023-02-04 08:45:27.155 [Info] Acquired. (0ms)

--------------------------------------------------------------------------------
2023-02-04 08:45:27.156 [Info] Beginning context dispose. (0ms)

--------------------------------------------------------------------------------
2023-02-04 08:45:27.156 [Info] GC.SuppressFinalize (0ms)

--------------------------------------------------------------------------------
2023-02-04 08:45:27.156 [Info] InternalDispose() completed. (0ms)

--------------------------------------------------------------------------------
2023-02-04 08:45:27.156 [Info] Clearing instance... (1ms)

--------------------------------------------------------------------------------
2023-02-04 08:45:27.156 [Info] Releasing context lock... (1ms)

--------------------------------------------------------------------------------
2023-02-04 08:45:27.156 [Info] Released. (1ms)

--------------------------------------------------------------------------------
