2023-02-04 07:07:17.387 [Warn] Directory was specified as a plugin directory but does not exist: 'resources\plugins'

--------------------------------------------------------------------------------
2023-02-04 07:07:17.390 [Info] Discovered 0 plugins:


--------------------------------------------------------------------------------
2023-02-04 07:07:18.073 [Info] Connecting to 26.82.96.248:5400...

--------------------------------------------------------------------------------
2023-02-04 07:07:18.368 [Info] Connection approved [00000000-0000-0000-0000-000000000000].

--------------------------------------------------------------------------------
2023-02-04 07:07:18.417 [Debug] approval Time=6249995 Offset=63811084988360 Real=63811091238355

--------------------------------------------------------------------------------
2023-02-04 07:07:18.417 [Debug] local Time=6249995 Offset=63811084988422 Real=63811091238417

--------------------------------------------------------------------------------
2023-02-04 07:07:18.417 [Debug] real delta=61

--------------------------------------------------------------------------------
2023-02-04 07:07:18.417 [Debug] this.Statistics.Ping=0 NCPing=1

--------------------------------------------------------------------------------
2023-02-04 07:07:18.419 [Debug] Connection established to remote [00000000-0000-0000-0000-000000000000/26.82.96.248:5400].

--------------------------------------------------------------------------------
2023-02-04 07:07:18.419 [Info] Connected [00000000-0000-0000-0000-000000000000].

--------------------------------------------------------------------------------
2023-02-04 07:07:21.488 [Warn] 'Me' is null.

--------------------------------------------------------------------------------
2023-02-04 07:07:21.668 [Debug] received epp: 6253076

--------------------------------------------------------------------------------
2023-02-04 07:08:24.844 [Info] System window closing (due to user interaction most likely).

--------------------------------------------------------------------------------
2023-02-04 07:08:24.845 [Debug] StatusChanged: [NetIncomingMessage #1023 10 bytes] [Disconnecting]

--------------------------------------------------------------------------------
2023-02-04 07:08:24.847 [Debug] StatusChanged: [NetIncomingMessage #0 9 bytes] [Disconnected]

--------------------------------------------------------------------------------
2023-02-04 07:08:24.906 [Info] Acquiring context lock... (0ms)

--------------------------------------------------------------------------------
2023-02-04 07:08:24.906 [Info] Acquired. (0ms)

--------------------------------------------------------------------------------
2023-02-04 07:08:24.906 [Info] Beginning context dispose. (0ms)

--------------------------------------------------------------------------------
2023-02-04 07:08:24.906 [Info] GC.SuppressFinalize (0ms)

--------------------------------------------------------------------------------
2023-02-04 07:08:24.906 [Info] InternalDispose() completed. (0ms)

--------------------------------------------------------------------------------
2023-02-04 07:08:24.906 [Info] Clearing instance... (1ms)

--------------------------------------------------------------------------------
2023-02-04 07:08:24.906 [Info] Releasing context lock... (1ms)

--------------------------------------------------------------------------------
2023-02-04 07:08:24.906 [Info] Released. (1ms)

--------------------------------------------------------------------------------
