2023-02-04 05:14:30.192 [Warn] Directory was specified as a plugin directory but does not exist: 'resources\plugins'

--------------------------------------------------------------------------------
2023-02-04 05:14:30.197 [Info] Discovered 0 plugins:


--------------------------------------------------------------------------------
2023-02-04 05:14:30.865 [Info] Connecting to 26.82.96.248:5400...

--------------------------------------------------------------------------------
2023-02-04 05:14:31.158 [Info] Connection approved [00000000-0000-0000-0000-000000000000].

--------------------------------------------------------------------------------
2023-02-04 05:14:31.202 [Debug] approval Time=119983 Offset=63811084351154 Real=63811084471137

--------------------------------------------------------------------------------
2023-02-04 05:14:31.202 [Debug] local Time=119983 Offset=63811084351219 Real=63811084471202

--------------------------------------------------------------------------------
2023-02-04 05:14:31.202 [Debug] real delta=65

--------------------------------------------------------------------------------
2023-02-04 05:14:31.202 [Debug] this.Statistics.Ping=0 NCPing=2

--------------------------------------------------------------------------------
2023-02-04 05:14:31.203 [Debug] Connection established to remote [00000000-0000-0000-0000-000000000000/26.82.96.248:5400].

--------------------------------------------------------------------------------
2023-02-04 05:14:31.203 [Info] Connected [00000000-0000-0000-0000-000000000000].

--------------------------------------------------------------------------------
2023-02-04 05:14:33.505 [Warn] 'Me' is null.

--------------------------------------------------------------------------------
2023-02-04 05:14:33.696 [Debug] received epp: 122287

--------------------------------------------------------------------------------
2023-02-04 05:14:46.227 [Debug] StatusChanged: [NetIncomingMessage #217 14 bytes] [Disconnected]

--------------------------------------------------------------------------------
2023-02-04 05:14:46.228 [Debug] Connection terminated to remote [00000000-0000-0000-0000-000000000000/26.82.96.248:5400].

--------------------------------------------------------------------------------
2023-02-04 05:14:46.228 [Info] Disconnected [00000000-0000-0000-0000-000000000000].

--------------------------------------------------------------------------------
2023-02-04 05:14:46.233 [Info] Connecting to 26.82.96.248:5400...

--------------------------------------------------------------------------------
2023-02-04 05:14:55.632 [Info] Connection approved [00000000-0000-0000-0000-000000000000].

--------------------------------------------------------------------------------
2023-02-04 05:14:55.633 [Debug] approval Time=3031 Offset=63811084492547 Real=63811084495579

--------------------------------------------------------------------------------
2023-02-04 05:14:55.633 [Debug] local Time=3031 Offset=63811084492592 Real=63811084495623

--------------------------------------------------------------------------------
2023-02-04 05:14:55.633 [Debug] real delta=44

--------------------------------------------------------------------------------
2023-02-04 05:14:55.633 [Debug] this.Statistics.Ping=0 NCPing=-1000

--------------------------------------------------------------------------------
2023-02-04 05:14:55.633 [Debug] Connection established to remote [00000000-0000-0000-0000-000000000000/26.82.96.248:5400].

--------------------------------------------------------------------------------
2023-02-04 05:14:55.633 [Info] Connected [00000000-0000-0000-0000-000000000000].

--------------------------------------------------------------------------------
2023-02-04 05:14:57.828 [Warn] 'Me' is null.

--------------------------------------------------------------------------------
2023-02-04 05:14:58.031 [Debug] received epp: 5465

--------------------------------------------------------------------------------
2023-02-04 05:15:30.353 [Info] System window closing (due to user interaction most likely).

--------------------------------------------------------------------------------
2023-02-04 05:15:30.353 [Debug] StatusChanged: [NetIncomingMessage #546 10 bytes] [Disconnecting]

--------------------------------------------------------------------------------
2023-02-04 05:15:30.358 [Debug] StatusChanged: [NetIncomingMessage #547 14 bytes] [Disconnected]

--------------------------------------------------------------------------------
2023-02-04 05:15:30.408 [Info] Acquiring context lock... (0ms)

--------------------------------------------------------------------------------
2023-02-04 05:15:30.408 [Info] Acquired. (0ms)

--------------------------------------------------------------------------------
2023-02-04 05:15:30.408 [Info] Beginning context dispose. (0ms)

--------------------------------------------------------------------------------
2023-02-04 05:15:30.408 [Info] GC.SuppressFinalize (0ms)

--------------------------------------------------------------------------------
2023-02-04 05:15:30.408 [Info] InternalDispose() completed. (0ms)

--------------------------------------------------------------------------------
2023-02-04 05:15:30.408 [Info] Clearing instance... (0ms)

--------------------------------------------------------------------------------
2023-02-04 05:15:30.408 [Info] Releasing context lock... (0ms)

--------------------------------------------------------------------------------
2023-02-04 05:15:30.408 [Info] Released. (0ms)

--------------------------------------------------------------------------------
