2023-01-30 13:58:58.621 [Info] Connecting to 26.82.96.248:5400...

--------------------------------------------------------------------------------
2023-01-30 13:58:58.926 [Info] Connection approved [00000000-0000-0000-0000-000000000000].

--------------------------------------------------------------------------------
2023-01-30 13:58:58.962 [Debug] approval Time=26240 Offset=63810683912665 Real=63810683938905

--------------------------------------------------------------------------------
2023-01-30 13:58:58.962 [Debug] local Time=26240 Offset=63810683912722 Real=63810683938962

--------------------------------------------------------------------------------
2023-01-30 13:58:58.962 [Debug] real delta=56

--------------------------------------------------------------------------------
2023-01-30 13:58:58.962 [Debug] this.Statistics.Ping=0 NCPing=2

--------------------------------------------------------------------------------
2023-01-30 13:58:58.964 [Debug] Connection established to remote [00000000-0000-0000-0000-000000000000/26.82.96.248:5400].

--------------------------------------------------------------------------------
2023-01-30 13:58:58.964 [Info] Connected [00000000-0000-0000-0000-000000000000].

--------------------------------------------------------------------------------
2023-01-30 14:05:15.889 [Debug] StatusChanged: [NetIncomingMessage #0 10 bytes] [Disconnecting]

--------------------------------------------------------------------------------
2023-01-30 14:05:15.959 [Debug] StatusChanged: [NetIncomingMessage #0 10 bytes] [Disconnected]

--------------------------------------------------------------------------------
2023-01-30 14:05:15.959 [Debug] Connection terminated to remote [00000000-0000-0000-0000-000000000000/26.82.96.248:5400].

--------------------------------------------------------------------------------
2023-01-30 14:05:15.959 [Info] Disconnected [00000000-0000-0000-0000-000000000000].

--------------------------------------------------------------------------------
