2023-01-28 16:52:24.122 [Warn] Directory was specified as a plugin directory but does not exist: 'resources\plugins'

--------------------------------------------------------------------------------
2023-01-28 16:52:24.127 [Info] Discovered 0 plugins:


--------------------------------------------------------------------------------
2023-01-28 16:52:24.740 [Info] Connecting to 26.82.96.248:5400...

--------------------------------------------------------------------------------
2023-01-28 16:52:25.025 [Info] Connection approved [00000000-0000-0000-0000-000000000000].

--------------------------------------------------------------------------------
2023-01-28 16:52:25.074 [Debug] approval Time=10514688 Offset=63810511030330 Real=63810521545018

--------------------------------------------------------------------------------
2023-01-28 16:52:25.074 [Debug] local Time=10514688 Offset=63810511030386 Real=63810521545074

--------------------------------------------------------------------------------
2023-01-28 16:52:25.074 [Debug] real delta=55

--------------------------------------------------------------------------------
2023-01-28 16:52:25.074 [Debug] this.Statistics.Ping=0 NCPing=2

--------------------------------------------------------------------------------
2023-01-28 16:52:25.076 [Debug] Connection established to remote [00000000-0000-0000-0000-000000000000/26.82.96.248:5400].

--------------------------------------------------------------------------------
2023-01-28 16:52:25.076 [Info] Connected [00000000-0000-0000-0000-000000000000].

--------------------------------------------------------------------------------
2023-01-28 16:52:27.641 [Warn] 'Me' is null.

--------------------------------------------------------------------------------
2023-01-28 16:52:27.819 [Debug] received epp: 10517242

--------------------------------------------------------------------------------
2023-01-28 16:56:28.560 [Warn] 'Me' is null.

--------------------------------------------------------------------------------
2023-01-28 16:56:28.561 [Debug] received epp: 10758204

--------------------------------------------------------------------------------
2023-01-28 16:56:28.583 [Warn] 'GameUi' is null.

--------------------------------------------------------------------------------
2023-01-28 16:56:28.584 [Warn] 'GameUi' is null.

--------------------------------------------------------------------------------
2023-01-28 16:56:55.544 [Info] System window closing (due to user interaction most likely).

--------------------------------------------------------------------------------
2023-01-28 16:56:55.544 [Debug] StatusChanged: [NetIncomingMessage #210 10 bytes] [Disconnecting]

--------------------------------------------------------------------------------
2023-01-28 16:56:55.546 [Debug] StatusChanged: [NetIncomingMessage #211 10 bytes] [Disconnected]

--------------------------------------------------------------------------------
2023-01-28 16:56:55.546 [Debug] Connection terminated to remote [00000000-0000-0000-0000-000000000000/26.82.96.248:5400].

--------------------------------------------------------------------------------
2023-01-28 16:56:55.546 [Info] Disconnected [00000000-0000-0000-0000-000000000000].

--------------------------------------------------------------------------------
2023-01-28 16:56:55.580 [Info] Acquiring context lock... (0ms)

--------------------------------------------------------------------------------
2023-01-28 16:56:55.580 [Info] Acquired. (0ms)

--------------------------------------------------------------------------------
2023-01-28 16:56:55.581 [Info] Beginning context dispose. (0ms)

--------------------------------------------------------------------------------
2023-01-28 16:56:55.581 [Info] GC.SuppressFinalize (0ms)

--------------------------------------------------------------------------------
2023-01-28 16:56:55.581 [Info] InternalDispose() completed. (0ms)

--------------------------------------------------------------------------------
2023-01-28 16:56:55.581 [Info] Clearing instance... (1ms)

--------------------------------------------------------------------------------
2023-01-28 16:56:55.581 [Info] Releasing context lock... (1ms)

--------------------------------------------------------------------------------
2023-01-28 16:56:55.581 [Info] Released. (1ms)

--------------------------------------------------------------------------------
