2023-02-04 05:42:33.457 [Warn] Directory was specified as a plugin directory but does not exist: 'resources\plugins'

--------------------------------------------------------------------------------
2023-02-04 05:42:33.473 [Info] Discovered 0 plugins:


--------------------------------------------------------------------------------
2023-02-04 05:42:34.090 [Info] Connecting to 26.82.96.248:5400...

--------------------------------------------------------------------------------
2023-02-04 05:42:34.370 [Info] Connection approved [00000000-0000-0000-0000-000000000000].

--------------------------------------------------------------------------------
2023-02-04 05:42:34.413 [Debug] approval Time=1166000 Offset=63811084988360 Real=63811086154361

--------------------------------------------------------------------------------
2023-02-04 05:42:34.413 [Debug] local Time=1166000 Offset=63811084988412 Real=63811086154413

--------------------------------------------------------------------------------
2023-02-04 05:42:34.414 [Debug] real delta=52

--------------------------------------------------------------------------------
2023-02-04 05:42:34.414 [Debug] this.Statistics.Ping=0 NCPing=2

--------------------------------------------------------------------------------
2023-02-04 05:42:34.415 [Debug] Connection established to remote [00000000-0000-0000-0000-000000000000/26.82.96.248:5400].

--------------------------------------------------------------------------------
2023-02-04 05:42:34.415 [Info] Connected [00000000-0000-0000-0000-000000000000].

--------------------------------------------------------------------------------
2023-02-04 05:42:36.537 [Warn] 'Me' is null.

--------------------------------------------------------------------------------
2023-02-04 05:42:36.709 [Debug] received epp: 1168125

--------------------------------------------------------------------------------
2023-02-04 05:42:51.907 [Debug] StatusChanged: [NetIncomingMessage #248 10 bytes] [Disconnected]

--------------------------------------------------------------------------------
2023-02-04 05:42:51.907 [Debug] Connection terminated to remote [00000000-0000-0000-0000-000000000000/26.82.96.248:5400].

--------------------------------------------------------------------------------
2023-02-04 05:42:51.907 [Info] Disconnected [00000000-0000-0000-0000-000000000000].

--------------------------------------------------------------------------------
2023-02-04 05:42:51.909 [Info] Connecting to 26.82.96.248:5400...

--------------------------------------------------------------------------------
2023-02-04 05:42:52.044 [Info] Connection approved [00000000-0000-0000-0000-000000000000].

--------------------------------------------------------------------------------
2023-02-04 05:42:52.045 [Debug] approval Time=1183676 Offset=63811084988360 Real=63811086172036

--------------------------------------------------------------------------------
2023-02-04 05:42:52.045 [Debug] local Time=1183676 Offset=63811084988368 Real=63811086172045

--------------------------------------------------------------------------------
2023-02-04 05:42:52.045 [Debug] real delta=8

--------------------------------------------------------------------------------
2023-02-04 05:42:52.045 [Debug] this.Statistics.Ping=0 NCPing=0

--------------------------------------------------------------------------------
2023-02-04 05:42:52.045 [Debug] Connection established to remote [00000000-0000-0000-0000-000000000000/26.82.96.248:5400].

--------------------------------------------------------------------------------
2023-02-04 05:42:52.045 [Info] Connected [00000000-0000-0000-0000-000000000000].

--------------------------------------------------------------------------------
2023-02-04 05:46:23.623 [Info] System window closing (due to user interaction most likely).

--------------------------------------------------------------------------------
2023-02-04 05:46:23.624 [Debug] StatusChanged: [NetIncomingMessage #0 10 bytes] [Disconnecting]

--------------------------------------------------------------------------------
2023-02-04 05:46:23.629 [Debug] StatusChanged: [NetIncomingMessage #0 14 bytes] [Disconnected]

--------------------------------------------------------------------------------
2023-02-04 05:46:23.667 [Info] Acquiring context lock... (0ms)

--------------------------------------------------------------------------------
2023-02-04 05:46:23.667 [Info] Acquired. (0ms)

--------------------------------------------------------------------------------
2023-02-04 05:46:23.667 [Info] Beginning context dispose. (0ms)

--------------------------------------------------------------------------------
2023-02-04 05:46:23.667 [Info] GC.SuppressFinalize (0ms)

--------------------------------------------------------------------------------
2023-02-04 05:46:23.667 [Info] InternalDispose() completed. (0ms)

--------------------------------------------------------------------------------
2023-02-04 05:46:23.668 [Info] Clearing instance... (0ms)

--------------------------------------------------------------------------------
2023-02-04 05:46:23.668 [Info] Releasing context lock... (0ms)

--------------------------------------------------------------------------------
2023-02-04 05:46:23.668 [Info] Released. (0ms)

--------------------------------------------------------------------------------
