2023-02-04 05:52:35.642 [Warn] Directory was specified as a plugin directory but does not exist: 'resources\plugins'

--------------------------------------------------------------------------------
2023-02-04 05:52:35.646 [Info] Discovered 0 plugins:


--------------------------------------------------------------------------------
2023-02-04 05:52:36.356 [Info] Connecting to 26.82.96.248:5400...

--------------------------------------------------------------------------------
2023-02-04 05:52:36.631 [Info] Connection approved [00000000-0000-0000-0000-000000000000].

--------------------------------------------------------------------------------
2023-02-04 05:52:36.673 [Debug] approval Time=1768250 Offset=63811084988360 Real=63811086756611

--------------------------------------------------------------------------------
2023-02-04 05:52:36.673 [Debug] local Time=1768250 Offset=63811084988422 Real=63811086756673

--------------------------------------------------------------------------------
2023-02-04 05:52:36.673 [Debug] real delta=62

--------------------------------------------------------------------------------
2023-02-04 05:52:36.674 [Debug] this.Statistics.Ping=0 NCPing=2

--------------------------------------------------------------------------------
2023-02-04 05:52:36.675 [Debug] Connection established to remote [00000000-0000-0000-0000-000000000000/26.82.96.248:5400].

--------------------------------------------------------------------------------
2023-02-04 05:52:36.675 [Info] Connected [00000000-0000-0000-0000-000000000000].

--------------------------------------------------------------------------------
2023-02-04 05:52:38.899 [Warn] 'Me' is null.

--------------------------------------------------------------------------------
2023-02-04 05:52:39.073 [Debug] received epp: 1770481

--------------------------------------------------------------------------------
2023-02-04 05:55:37.894 [Info] System window closing (due to user interaction most likely).

--------------------------------------------------------------------------------
2023-02-04 05:55:37.897 [Debug] StatusChanged: [NetIncomingMessage #675 10 bytes] [Disconnecting]

--------------------------------------------------------------------------------
2023-02-04 05:55:37.898 [Debug] StatusChanged: [NetIncomingMessage #676 10 bytes] [Disconnected]

--------------------------------------------------------------------------------
2023-02-04 05:55:37.898 [Debug] Connection terminated to remote [00000000-0000-0000-0000-000000000000/26.82.96.248:5400].

--------------------------------------------------------------------------------
2023-02-04 05:55:37.898 [Info] Disconnected [00000000-0000-0000-0000-000000000000].

--------------------------------------------------------------------------------
2023-02-04 05:55:37.899 [Info] Connecting to 26.82.96.248:5400...

--------------------------------------------------------------------------------
2023-02-04 05:55:37.940 [Info] Acquiring context lock... (0ms)

--------------------------------------------------------------------------------
2023-02-04 05:55:37.940 [Info] Acquired. (0ms)

--------------------------------------------------------------------------------
2023-02-04 05:55:37.940 [Info] Beginning context dispose. (0ms)

--------------------------------------------------------------------------------
2023-02-04 05:55:37.940 [Info] GC.SuppressFinalize (0ms)

--------------------------------------------------------------------------------
2023-02-04 05:55:37.940 [Info] InternalDispose() completed. (0ms)

--------------------------------------------------------------------------------
2023-02-04 05:55:37.940 [Info] Clearing instance... (0ms)

--------------------------------------------------------------------------------
2023-02-04 05:55:37.940 [Info] Releasing context lock... (0ms)

--------------------------------------------------------------------------------
2023-02-04 05:55:37.940 [Info] Released. (0ms)

--------------------------------------------------------------------------------
