2023-02-04 07:51:08.334 [Warn] Directory was specified as a plugin directory but does not exist: 'resources\plugins'

--------------------------------------------------------------------------------
2023-02-04 07:51:08.340 [Info] Discovered 0 plugins:


--------------------------------------------------------------------------------
2023-02-04 07:51:09.111 [Info] Connecting to 26.82.96.248:5400...

--------------------------------------------------------------------------------
2023-02-04 07:51:09.409 [Info] Connection approved [00000000-0000-0000-0000-000000000000].

--------------------------------------------------------------------------------
2023-02-04 07:51:09.454 [Debug] approval Time=8881031 Offset=63811084988360 Real=63811093869392

--------------------------------------------------------------------------------
2023-02-04 07:51:09.454 [Debug] local Time=8881031 Offset=63811084988423 Real=63811093869454

--------------------------------------------------------------------------------
2023-02-04 07:51:09.454 [Debug] real delta=62

--------------------------------------------------------------------------------
2023-02-04 07:51:09.454 [Debug] this.Statistics.Ping=0 NCPing=1

--------------------------------------------------------------------------------
2023-02-04 07:51:09.456 [Debug] Connection established to remote [00000000-0000-0000-0000-000000000000/26.82.96.248:5400].

--------------------------------------------------------------------------------
2023-02-04 07:51:09.456 [Info] Connected [00000000-0000-0000-0000-000000000000].

--------------------------------------------------------------------------------
2023-02-04 07:51:11.014 [Warn] 'Me' is null.

--------------------------------------------------------------------------------
2023-02-04 07:51:11.207 [Debug] received epp: 8882592

--------------------------------------------------------------------------------
2023-02-04 07:51:25.654 [Warn] 'Me' is null.

--------------------------------------------------------------------------------
2023-02-04 07:51:25.728 [Debug] received epp: 8897279

--------------------------------------------------------------------------------
2023-02-04 07:51:26.271 [Debug] received epp: 8897895

--------------------------------------------------------------------------------
2023-02-04 07:51:26.424 [Debug] received epp: 8898061

--------------------------------------------------------------------------------
2023-02-04 07:51:26.751 [Debug] received epp: 8898389

--------------------------------------------------------------------------------
2023-02-04 07:51:27.402 [Debug] received epp: 8899024

--------------------------------------------------------------------------------
2023-02-04 07:51:27.635 [Debug] received epp: 8899264

--------------------------------------------------------------------------------
2023-02-04 07:52:28.721 [Debug] received epp: 8960342

--------------------------------------------------------------------------------
2023-02-04 07:52:29.256 [Debug] received epp: 8960877

--------------------------------------------------------------------------------
2023-02-04 07:52:38.643 [Debug] received epp: 8970255

--------------------------------------------------------------------------------
2023-02-04 07:55:37.044 [Debug] received epp: 9148656

--------------------------------------------------------------------------------
2023-02-04 07:58:22.109 [Info] System window closing (due to user interaction most likely).

--------------------------------------------------------------------------------
2023-02-04 07:58:22.853 [Info] System window closing (due to user interaction most likely).

--------------------------------------------------------------------------------
2023-02-04 07:58:22.853 [Debug] StatusChanged: [NetIncomingMessage #806 10 bytes] [Disconnecting]

--------------------------------------------------------------------------------
2023-02-04 07:58:22.854 [Debug] StatusChanged: [NetIncomingMessage #807 10 bytes] [Disconnected]

--------------------------------------------------------------------------------
2023-02-04 07:58:22.854 [Debug] Connection terminated to remote [00000000-0000-0000-0000-000000000000/26.82.96.248:5400].

--------------------------------------------------------------------------------
2023-02-04 07:58:22.854 [Info] Disconnected [00000000-0000-0000-0000-000000000000].

--------------------------------------------------------------------------------
2023-02-04 07:58:22.855 [Info] Connecting to 26.82.96.248:5400...

--------------------------------------------------------------------------------
2023-02-04 07:58:22.915 [Info] Acquiring context lock... (0ms)

--------------------------------------------------------------------------------
2023-02-04 07:58:22.915 [Info] Acquired. (0ms)

--------------------------------------------------------------------------------
2023-02-04 07:58:22.916 [Info] Beginning context dispose. (0ms)

--------------------------------------------------------------------------------
2023-02-04 07:58:22.916 [Info] GC.SuppressFinalize (0ms)

--------------------------------------------------------------------------------
2023-02-04 07:58:22.916 [Info] InternalDispose() completed. (0ms)

--------------------------------------------------------------------------------
2023-02-04 07:58:22.916 [Info] Clearing instance... (1ms)

--------------------------------------------------------------------------------
2023-02-04 07:58:22.916 [Info] Releasing context lock... (1ms)

--------------------------------------------------------------------------------
2023-02-04 07:58:22.916 [Info] Released. (1ms)

--------------------------------------------------------------------------------
