2022-12-14 12:02:05.115 [Warn] Directory was specified as a plugin directory but does not exist: 'resources\plugins'

--------------------------------------------------------------------------------
2022-12-14 12:02:05.119 [Info] Discovered 0 plugins:


--------------------------------------------------------------------------------
2022-12-14 12:02:05.971 [Info] Connecting to 127.0.0.1:5400...

--------------------------------------------------------------------------------
2022-12-14 12:02:06.256 [Info] Connection approved [00000000-0000-0000-0000-000000000000].

--------------------------------------------------------------------------------
2022-12-14 12:02:06.294 [Debug] approval Time=13301166 Offset=63806602825084 Real=63806616126250

--------------------------------------------------------------------------------
2022-12-14 12:02:06.294 [Debug] local Time=13301166 Offset=63806602825128 Real=63806616126294

--------------------------------------------------------------------------------
2022-12-14 12:02:06.294 [Debug] real delta=43

--------------------------------------------------------------------------------
2022-12-14 12:02:06.294 [Debug] this.Statistics.Ping=0 NCPing=2

--------------------------------------------------------------------------------
2022-12-14 12:02:06.296 [Debug] Connection established to remote [00000000-0000-0000-0000-000000000000/127.0.0.1:5400].

--------------------------------------------------------------------------------
2022-12-14 12:02:06.296 [Info] Connected [00000000-0000-0000-0000-000000000000].

--------------------------------------------------------------------------------
2022-12-14 12:02:08.327 [Warn] 'Me' is null.

--------------------------------------------------------------------------------
2022-12-14 12:02:08.503 [Debug] received epp: 13303182

--------------------------------------------------------------------------------
2022-12-14 12:02:29.847 [Info] System window closing (due to user interaction most likely).

--------------------------------------------------------------------------------
2022-12-14 12:02:29.848 [Debug] StatusChanged: [NetIncomingMessage #7 10 bytes] [Disconnecting]

--------------------------------------------------------------------------------
2022-12-14 12:02:29.853 [Debug] StatusChanged: [NetIncomingMessage #8 14 bytes] [Disconnected]

--------------------------------------------------------------------------------
2022-12-14 12:02:29.904 [Info] Acquiring context lock... (0ms)

--------------------------------------------------------------------------------
2022-12-14 12:02:29.904 [Info] Acquired. (0ms)

--------------------------------------------------------------------------------
2022-12-14 12:02:29.905 [Info] Beginning context dispose. (0ms)

--------------------------------------------------------------------------------
2022-12-14 12:02:29.905 [Info] GC.SuppressFinalize (0ms)

--------------------------------------------------------------------------------
2022-12-14 12:02:29.905 [Info] InternalDispose() completed. (0ms)

--------------------------------------------------------------------------------
2022-12-14 12:02:29.905 [Info] Clearing instance... (0ms)

--------------------------------------------------------------------------------
2022-12-14 12:02:29.905 [Info] Releasing context lock... (0ms)

--------------------------------------------------------------------------------
2022-12-14 12:02:29.905 [Info] Released. (0ms)

--------------------------------------------------------------------------------
