2022-12-14 15:57:36.553 [Warn] Directory was specified as a plugin directory but does not exist: 'resources\plugins'

--------------------------------------------------------------------------------
2022-12-14 15:57:36.559 [Info] Discovered 0 plugins:


--------------------------------------------------------------------------------
2022-12-14 15:57:37.235 [Info] Connecting to 127.0.0.1:5400...

--------------------------------------------------------------------------------
2022-12-14 15:57:37.544 [Info] Connection approved [00000000-0000-0000-0000-000000000000].

--------------------------------------------------------------------------------
2022-12-14 15:57:37.587 [Debug] approval Time=1113153 Offset=63806629144370 Real=63806630257523

--------------------------------------------------------------------------------
2022-12-14 15:57:37.587 [Debug] local Time=1113153 Offset=63806629144434 Real=63806630257587

--------------------------------------------------------------------------------
2022-12-14 15:57:37.587 [Debug] real delta=63

--------------------------------------------------------------------------------
2022-12-14 15:57:37.587 [Debug] this.Statistics.Ping=0 NCPing=3

--------------------------------------------------------------------------------
2022-12-14 15:57:37.588 [Debug] Connection established to remote [00000000-0000-0000-0000-000000000000/127.0.0.1:5400].

--------------------------------------------------------------------------------
2022-12-14 15:57:37.589 [Info] Connected [00000000-0000-0000-0000-000000000000].

--------------------------------------------------------------------------------
2022-12-14 15:57:40.090 [Warn] 'Me' is null.

--------------------------------------------------------------------------------
2022-12-14 15:57:40.261 [Debug] received epp: 1115660

--------------------------------------------------------------------------------
2022-12-14 15:58:52.546 [Info] System window closing (due to user interaction most likely).

--------------------------------------------------------------------------------
2022-12-14 15:58:52.548 [Debug] StatusChanged: [NetIncomingMessage #12 10 bytes] [Disconnecting]

--------------------------------------------------------------------------------
2022-12-14 15:58:52.552 [Debug] StatusChanged: [NetIncomingMessage #0 14 bytes] [Disconnected]

--------------------------------------------------------------------------------
2022-12-14 15:58:52.604 [Info] Acquiring context lock... (0ms)

--------------------------------------------------------------------------------
2022-12-14 15:58:52.604 [Info] Acquired. (0ms)

--------------------------------------------------------------------------------
2022-12-14 15:58:52.604 [Info] Beginning context dispose. (0ms)

--------------------------------------------------------------------------------
2022-12-14 15:58:52.604 [Info] GC.SuppressFinalize (0ms)

--------------------------------------------------------------------------------
2022-12-14 15:58:52.604 [Info] InternalDispose() completed. (0ms)

--------------------------------------------------------------------------------
2022-12-14 15:58:52.604 [Info] Clearing instance... (0ms)

--------------------------------------------------------------------------------
2022-12-14 15:58:52.604 [Info] Releasing context lock... (0ms)

--------------------------------------------------------------------------------
2022-12-14 15:58:52.604 [Info] Released. (1ms)

--------------------------------------------------------------------------------
