2022-12-18 10:35:58.046 [Warn] Directory was specified as a plugin directory but does not exist: 'resources\plugins'

--------------------------------------------------------------------------------
2022-12-18 10:35:58.050 [Info] Discovered 0 plugins:


--------------------------------------------------------------------------------
2022-12-18 10:35:58.700 [Info] Connecting to 127.0.0.1:5400...

--------------------------------------------------------------------------------
2022-12-18 10:35:58.989 [Info] Connection approved [00000000-0000-0000-0000-000000000000].

--------------------------------------------------------------------------------
2022-12-18 10:35:59.029 [Debug] approval Time=2034784 Offset=63806954524183 Real=63806956558968

--------------------------------------------------------------------------------
2022-12-18 10:35:59.029 [Debug] local Time=2034784 Offset=63806954524244 Real=63806956559029

--------------------------------------------------------------------------------
2022-12-18 10:35:59.029 [Debug] real delta=61

--------------------------------------------------------------------------------
2022-12-18 10:35:59.029 [Debug] this.Statistics.Ping=0 NCPing=1

--------------------------------------------------------------------------------
2022-12-18 10:35:59.034 [Debug] Connection established to remote [00000000-0000-0000-0000-000000000000/127.0.0.1:5400].

--------------------------------------------------------------------------------
2022-12-18 10:35:59.034 [Info] Connected [00000000-0000-0000-0000-000000000000].

--------------------------------------------------------------------------------
2022-12-18 10:36:06.855 [Warn] 'Me' is null.

--------------------------------------------------------------------------------
2022-12-18 10:36:07.030 [Debug] received epp: 2042614

--------------------------------------------------------------------------------
2022-12-18 11:47:38.881 [Info] System window closing (due to user interaction most likely).

--------------------------------------------------------------------------------
2022-12-18 11:47:38.882 [Debug] StatusChanged: [NetIncomingMessage #0 10 bytes] [Disconnecting]

--------------------------------------------------------------------------------
2022-12-18 11:47:38.899 [Debug] StatusChanged: [NetIncomingMessage #0 14 bytes] [Disconnected]

--------------------------------------------------------------------------------
2022-12-18 11:47:38.927 [Info] Acquiring context lock... (0ms)

--------------------------------------------------------------------------------
2022-12-18 11:47:38.927 [Info] Acquired. (0ms)

--------------------------------------------------------------------------------
2022-12-18 11:47:38.929 [Info] Beginning context dispose. (0ms)

--------------------------------------------------------------------------------
2022-12-18 11:47:38.929 [Info] GC.SuppressFinalize (0ms)

--------------------------------------------------------------------------------
2022-12-18 11:47:38.929 [Info] InternalDispose() completed. (0ms)

--------------------------------------------------------------------------------
2022-12-18 11:47:38.929 [Info] Clearing instance... (2ms)

--------------------------------------------------------------------------------
2022-12-18 11:47:38.930 [Info] Releasing context lock... (2ms)

--------------------------------------------------------------------------------
2022-12-18 11:47:38.930 [Info] Released. (2ms)

--------------------------------------------------------------------------------
