2023-01-30 15:04:13.379 [Warn] Directory was specified as a plugin directory but does not exist: 'resources\plugins'

--------------------------------------------------------------------------------
2023-01-30 15:04:13.379 [Info] Discovered 0 plugins:


--------------------------------------------------------------------------------
2023-01-30 15:04:14.000 [Info] Connecting to 26.82.96.248:5400...

--------------------------------------------------------------------------------
2023-01-30 15:04:14.252 [Info] Connection approved [00000000-0000-0000-0000-000000000000].

--------------------------------------------------------------------------------
2023-01-30 15:04:14.297 [Debug] approval Time=1328896 Offset=63810686525344 Real=63810687854241

--------------------------------------------------------------------------------
2023-01-30 15:04:14.297 [Debug] local Time=1328896 Offset=63810686525401 Real=63810687854297

--------------------------------------------------------------------------------
2023-01-30 15:04:14.297 [Debug] real delta=56

--------------------------------------------------------------------------------
2023-01-30 15:04:14.297 [Debug] this.Statistics.Ping=0 NCPing=2

--------------------------------------------------------------------------------
2023-01-30 15:04:14.298 [Debug] Connection established to remote [00000000-0000-0000-0000-000000000000/26.82.96.248:5400].

--------------------------------------------------------------------------------
2023-01-30 15:04:14.299 [Info] Connected [00000000-0000-0000-0000-000000000000].

--------------------------------------------------------------------------------
2023-01-30 15:04:19.178 [Info] System window closing (due to user interaction most likely).

--------------------------------------------------------------------------------
2023-01-30 15:04:19.179 [Debug] StatusChanged: [NetIncomingMessage #0 10 bytes] [Disconnecting]

--------------------------------------------------------------------------------
2023-01-30 15:04:19.183 [Debug] StatusChanged: [NetIncomingMessage #0 14 bytes] [Disconnected]

--------------------------------------------------------------------------------
2023-01-30 15:04:19.218 [Info] Acquiring context lock... (0ms)

--------------------------------------------------------------------------------
2023-01-30 15:04:19.218 [Info] Acquired. (0ms)

--------------------------------------------------------------------------------
2023-01-30 15:04:19.218 [Info] Beginning context dispose. (0ms)

--------------------------------------------------------------------------------
2023-01-30 15:04:19.218 [Info] GC.SuppressFinalize (0ms)

--------------------------------------------------------------------------------
2023-01-30 15:04:19.218 [Info] InternalDispose() completed. (0ms)

--------------------------------------------------------------------------------
2023-01-30 15:04:19.218 [Info] Clearing instance... (1ms)

--------------------------------------------------------------------------------
2023-01-30 15:04:19.218 [Info] Releasing context lock... (1ms)

--------------------------------------------------------------------------------
2023-01-30 15:04:19.218 [Info] Released. (1ms)

--------------------------------------------------------------------------------
