2022-12-14 09:14:34.596 [Warn] Directory was specified as a plugin directory but does not exist: 'resources\plugins'

--------------------------------------------------------------------------------
2022-12-14 09:14:34.601 [Info] Discovered 0 plugins:


--------------------------------------------------------------------------------
2022-12-14 09:14:35.341 [Info] Connecting to 127.0.0.1:5400...

--------------------------------------------------------------------------------
2022-12-14 09:14:35.593 [Info] Connection approved [00000000-0000-0000-0000-000000000000].

--------------------------------------------------------------------------------
2022-12-14 09:14:35.636 [Debug] approval Time=3250502 Offset=63806602825084 Real=63806606075586

--------------------------------------------------------------------------------
2022-12-14 09:14:35.637 [Debug] local Time=3250502 Offset=63806602825134 Real=63806606075636

--------------------------------------------------------------------------------
2022-12-14 09:14:35.637 [Debug] real delta=50

--------------------------------------------------------------------------------
2022-12-14 09:14:35.637 [Debug] this.Statistics.Ping=0 NCPing=2

--------------------------------------------------------------------------------
2022-12-14 09:14:35.638 [Debug] Connection established to remote [00000000-0000-0000-0000-000000000000/127.0.0.1:5400].

--------------------------------------------------------------------------------
2022-12-14 09:14:35.639 [Info] Connected [00000000-0000-0000-0000-000000000000].

--------------------------------------------------------------------------------
2022-12-14 09:14:38.436 [Warn] 'Me' is null.

--------------------------------------------------------------------------------
2022-12-14 09:14:38.604 [Debug] received epp: 3253281

--------------------------------------------------------------------------------
2022-12-14 09:15:02.178 [Info] System window closing (due to user interaction most likely).

--------------------------------------------------------------------------------
2022-12-14 09:15:02.180 [Debug] StatusChanged: [NetIncomingMessage #3 10 bytes] [Disconnecting]

--------------------------------------------------------------------------------
2022-12-14 09:15:02.183 [Debug] StatusChanged: [NetIncomingMessage #4 14 bytes] [Disconnected]

--------------------------------------------------------------------------------
2022-12-14 09:15:02.229 [Info] Acquiring context lock... (0ms)

--------------------------------------------------------------------------------
2022-12-14 09:15:02.229 [Info] Acquired. (0ms)

--------------------------------------------------------------------------------
2022-12-14 09:15:02.229 [Info] Beginning context dispose. (0ms)

--------------------------------------------------------------------------------
2022-12-14 09:15:02.230 [Info] GC.SuppressFinalize (0ms)

--------------------------------------------------------------------------------
2022-12-14 09:15:02.230 [Info] InternalDispose() completed. (0ms)

--------------------------------------------------------------------------------
2022-12-14 09:15:02.230 [Info] Clearing instance... (0ms)

--------------------------------------------------------------------------------
2022-12-14 09:15:02.230 [Info] Releasing context lock... (1ms)

--------------------------------------------------------------------------------
2022-12-14 09:15:02.230 [Info] Released. (1ms)

--------------------------------------------------------------------------------
