2022-12-28 00:54:57.736 [Warn] Directory was specified as a plugin directory but does not exist: 'resources\plugins'

--------------------------------------------------------------------------------
2022-12-28 00:54:57.740 [Info] Discovered 0 plugins:


--------------------------------------------------------------------------------
2022-12-28 00:54:58.629 [Info] Connecting to 127.0.0.1:5400...

--------------------------------------------------------------------------------
2022-12-28 00:54:59.124 [Info] Connection approved [00000000-0000-0000-0000-000000000000].

--------------------------------------------------------------------------------
2022-12-28 00:54:59.166 [Debug] approval Time=4528 Offset=63807785694521 Real=63807785699050

--------------------------------------------------------------------------------
2022-12-28 00:54:59.166 [Debug] local Time=4528 Offset=63807785694638 Real=63807785699166

--------------------------------------------------------------------------------
2022-12-28 00:54:59.166 [Debug] real delta=116

--------------------------------------------------------------------------------
2022-12-28 00:54:59.166 [Debug] this.Statistics.Ping=0 NCPing=2

--------------------------------------------------------------------------------
2022-12-28 00:54:59.168 [Debug] Connection established to remote [00000000-0000-0000-0000-000000000000/127.0.0.1:5400].

--------------------------------------------------------------------------------
2022-12-28 00:54:59.168 [Info] Connected [00000000-0000-0000-0000-000000000000].

--------------------------------------------------------------------------------
2022-12-28 00:58:56.492 [Info] System window closing (due to user interaction most likely).

--------------------------------------------------------------------------------
2022-12-28 00:58:56.493 [Debug] StatusChanged: [NetIncomingMessage #0 10 bytes] [Disconnecting]

--------------------------------------------------------------------------------
2022-12-28 00:58:56.502 [Debug] StatusChanged: [NetIncomingMessage #0 14 bytes] [Disconnected]

--------------------------------------------------------------------------------
2022-12-28 00:58:56.548 [Info] Acquiring context lock... (0ms)

--------------------------------------------------------------------------------
2022-12-28 00:58:56.548 [Info] Acquired. (0ms)

--------------------------------------------------------------------------------
2022-12-28 00:58:56.548 [Info] Beginning context dispose. (0ms)

--------------------------------------------------------------------------------
2022-12-28 00:58:56.548 [Info] GC.SuppressFinalize (0ms)

--------------------------------------------------------------------------------
2022-12-28 00:58:56.548 [Info] InternalDispose() completed. (0ms)

--------------------------------------------------------------------------------
2022-12-28 00:58:56.548 [Info] Clearing instance... (0ms)

--------------------------------------------------------------------------------
2022-12-28 00:58:56.548 [Info] Releasing context lock... (0ms)

--------------------------------------------------------------------------------
2022-12-28 00:58:56.548 [Info] Released. (0ms)

--------------------------------------------------------------------------------
