2022-12-17 01:58:52.612 [Warn] Directory was specified as a plugin directory but does not exist: 'resources\plugins'

--------------------------------------------------------------------------------
2022-12-17 01:58:52.617 [Info] Discovered 0 plugins:


--------------------------------------------------------------------------------
2022-12-17 01:58:53.309 [Info] Connecting to 127.0.0.1:5400...

--------------------------------------------------------------------------------
2022-12-17 01:58:53.819 [Info] Connection approved [00000000-0000-0000-0000-000000000000].

--------------------------------------------------------------------------------
2022-12-17 01:58:53.864 [Debug] approval Time=4477 Offset=63806839129283 Real=63806839133761

--------------------------------------------------------------------------------
2022-12-17 01:58:53.864 [Debug] local Time=4477 Offset=63806839129386 Real=63806839133864

--------------------------------------------------------------------------------
2022-12-17 01:58:53.864 [Debug] real delta=103

--------------------------------------------------------------------------------
2022-12-17 01:58:53.865 [Debug] this.Statistics.Ping=0 NCPing=3

--------------------------------------------------------------------------------
2022-12-17 01:58:53.866 [Debug] Connection established to remote [00000000-0000-0000-0000-000000000000/127.0.0.1:5400].

--------------------------------------------------------------------------------
2022-12-17 01:58:53.867 [Info] Connected [00000000-0000-0000-0000-000000000000].

--------------------------------------------------------------------------------
2022-12-17 02:01:38.215 [Warn] 'Me' is null.

--------------------------------------------------------------------------------
2022-12-17 02:01:38.399 [Debug] received epp: 169024

--------------------------------------------------------------------------------
2022-12-17 02:01:51.524 [Info] System window closing (due to user interaction most likely).

--------------------------------------------------------------------------------
2022-12-17 02:01:51.526 [Debug] StatusChanged: [NetIncomingMessage #16 10 bytes] [Disconnecting]

--------------------------------------------------------------------------------
2022-12-17 02:01:51.531 [Debug] StatusChanged: [NetIncomingMessage #41 14 bytes] [Disconnected]

--------------------------------------------------------------------------------
2022-12-17 02:01:51.579 [Info] Acquiring context lock... (0ms)

--------------------------------------------------------------------------------
2022-12-17 02:01:51.579 [Info] Acquired. (0ms)

--------------------------------------------------------------------------------
2022-12-17 02:01:51.580 [Info] Beginning context dispose. (0ms)

--------------------------------------------------------------------------------
2022-12-17 02:01:51.580 [Info] GC.SuppressFinalize (0ms)

--------------------------------------------------------------------------------
2022-12-17 02:01:51.580 [Info] InternalDispose() completed. (0ms)

--------------------------------------------------------------------------------
2022-12-17 02:01:51.580 [Info] Clearing instance... (0ms)

--------------------------------------------------------------------------------
2022-12-17 02:01:51.580 [Info] Releasing context lock... (0ms)

--------------------------------------------------------------------------------
2022-12-17 02:01:51.580 [Info] Released. (0ms)

--------------------------------------------------------------------------------
