2023-01-28 14:20:52.581 [Warn] Directory was specified as a plugin directory but does not exist: 'resources\plugins'

--------------------------------------------------------------------------------
2023-01-28 14:20:52.586 [Info] Discovered 0 plugins:


--------------------------------------------------------------------------------
2023-01-28 14:20:53.272 [Info] Connecting to 26.82.96.248:5400...

--------------------------------------------------------------------------------
2023-01-28 14:20:53.531 [Info] Connection approved [00000000-0000-0000-0000-000000000000].

--------------------------------------------------------------------------------
2023-01-28 14:20:53.577 [Debug] approval Time=1423179 Offset=63810511030330 Real=63810512453510

--------------------------------------------------------------------------------
2023-01-28 14:20:53.577 [Debug] local Time=1423179 Offset=63810511030397 Real=63810512453577

--------------------------------------------------------------------------------
2023-01-28 14:20:53.577 [Debug] real delta=66

--------------------------------------------------------------------------------
2023-01-28 14:20:53.577 [Debug] this.Statistics.Ping=0 NCPing=1

--------------------------------------------------------------------------------
2023-01-28 14:20:53.579 [Debug] Connection established to remote [00000000-0000-0000-0000-000000000000/26.82.96.248:5400].

--------------------------------------------------------------------------------
2023-01-28 14:20:53.579 [Info] Connected [00000000-0000-0000-0000-000000000000].

--------------------------------------------------------------------------------
2023-01-28 14:20:56.606 [Warn] 'Me' is null.

--------------------------------------------------------------------------------
2023-01-28 14:20:56.801 [Debug] received epp: 1426226

--------------------------------------------------------------------------------
2023-01-28 14:30:26.060 [Debug] received epp: 1995700

--------------------------------------------------------------------------------
2023-01-28 14:30:26.406 [Debug] received epp: 1996055

--------------------------------------------------------------------------------
2023-01-28 14:30:26.762 [Debug] received epp: 1996399

--------------------------------------------------------------------------------
2023-01-28 14:30:26.962 [Debug] received epp: 1996619

--------------------------------------------------------------------------------
2023-01-28 14:30:27.031 [Debug] received epp: 1996672

--------------------------------------------------------------------------------
2023-01-28 14:30:30.538 [Debug] received epp: 2000202

--------------------------------------------------------------------------------
2023-01-28 14:30:31.066 [Debug] received epp: 2000729

--------------------------------------------------------------------------------
2023-01-28 14:31:06.996 [Debug] received epp: 2036652

--------------------------------------------------------------------------------
2023-01-28 14:31:07.648 [Debug] received epp: 2037305

--------------------------------------------------------------------------------
2023-01-28 14:31:08.267 [Debug] received epp: 2037932

--------------------------------------------------------------------------------
2023-01-28 14:31:08.732 [Debug] received epp: 2038382

--------------------------------------------------------------------------------
2023-01-28 14:31:09.183 [Debug] received epp: 2038832

--------------------------------------------------------------------------------
2023-01-28 14:31:11.911 [Debug] received epp: 2041575

--------------------------------------------------------------------------------
2023-01-28 14:31:12.260 [Debug] received epp: 2041917

--------------------------------------------------------------------------------
2023-01-28 14:31:15.245 [Debug] received epp: 2044908

--------------------------------------------------------------------------------
2023-01-28 14:31:15.939 [Debug] received epp: 2045589

--------------------------------------------------------------------------------
2023-01-28 14:31:17.378 [Debug] received epp: 2047029

--------------------------------------------------------------------------------
2023-01-28 14:31:18.606 [Debug] received epp: 2048263

--------------------------------------------------------------------------------
2023-01-28 14:31:21.348 [Debug] received epp: 2050999

--------------------------------------------------------------------------------
2023-01-28 14:31:22.808 [Debug] received epp: 2052465

--------------------------------------------------------------------------------
2023-01-28 14:31:26.063 [Debug] received epp: 2055714

--------------------------------------------------------------------------------
2023-01-28 14:31:26.565 [Debug] received epp: 2056215

--------------------------------------------------------------------------------
2023-01-28 14:47:46.482 [Debug] received epp: 3036133

--------------------------------------------------------------------------------
2023-01-28 14:47:46.928 [Debug] received epp: 3036576

--------------------------------------------------------------------------------
2023-01-28 14:47:49.045 [Debug] received epp: 3038700

--------------------------------------------------------------------------------
2023-01-28 14:49:00.232 [Debug] received epp: 3109883

--------------------------------------------------------------------------------
2023-01-28 14:49:01.112 [Debug] received epp: 3110764

--------------------------------------------------------------------------------
2023-01-28 14:49:04.198 [Debug] received epp: 3113853

--------------------------------------------------------------------------------
2023-01-28 14:49:04.647 [Debug] received epp: 3114297

--------------------------------------------------------------------------------
2023-01-28 14:49:27.583 [Debug] received epp: 3137235

--------------------------------------------------------------------------------
2023-01-28 14:49:28.083 [Debug] received epp: 3137733

--------------------------------------------------------------------------------
2023-01-28 14:49:28.398 [Debug] received epp: 3138043

--------------------------------------------------------------------------------
2023-01-28 14:49:29.806 [Debug] received epp: 3139467

--------------------------------------------------------------------------------
2023-01-28 14:49:30.583 [Debug] received epp: 3140247

--------------------------------------------------------------------------------
2023-01-28 14:49:31.201 [Debug] received epp: 3140853

--------------------------------------------------------------------------------
2023-01-28 14:49:31.794 [Debug] received epp: 3141436

--------------------------------------------------------------------------------
2023-01-28 14:49:39.032 [Debug] received epp: 3148664

--------------------------------------------------------------------------------
2023-01-28 14:49:40.840 [Debug] received epp: 3150491

--------------------------------------------------------------------------------
2023-01-28 14:49:58.160 [Debug] received epp: 3167801

--------------------------------------------------------------------------------
2023-01-28 14:50:01.541 [Debug] received epp: 3171195

--------------------------------------------------------------------------------
2023-01-28 14:50:02.548 [Debug] received epp: 3172196

--------------------------------------------------------------------------------
2023-01-28 14:50:03.333 [Debug] received epp: 3172997

--------------------------------------------------------------------------------
2023-01-28 14:50:22.313 [Debug] received epp: 3191963

--------------------------------------------------------------------------------
2023-01-28 14:50:22.764 [Debug] received epp: 3192401

--------------------------------------------------------------------------------
2023-01-28 15:11:18.664 [Debug] received epp: 4448291

--------------------------------------------------------------------------------
2023-01-28 15:12:00.242 [Debug] received epp: 4489900

--------------------------------------------------------------------------------
2023-01-28 15:12:00.748 [Debug] received epp: 4490398

--------------------------------------------------------------------------------
2023-01-28 15:12:02.118 [Debug] received epp: 4491767

--------------------------------------------------------------------------------
2023-01-28 15:12:02.672 [Debug] received epp: 4492324

--------------------------------------------------------------------------------
2023-01-28 15:12:03.100 [Debug] received epp: 4492742

--------------------------------------------------------------------------------
2023-01-28 15:12:03.416 [Debug] received epp: 4493068

--------------------------------------------------------------------------------
2023-01-28 15:12:03.968 [Debug] received epp: 4493612

--------------------------------------------------------------------------------
2023-01-28 15:12:04.994 [Debug] received epp: 4494633

--------------------------------------------------------------------------------
2023-01-28 15:12:05.512 [Debug] received epp: 4495163

--------------------------------------------------------------------------------
2023-01-28 15:12:05.741 [Debug] received epp: 4495401

--------------------------------------------------------------------------------
2023-01-28 15:12:06.062 [Debug] received epp: 4495703

--------------------------------------------------------------------------------
2023-01-28 15:12:06.381 [Debug] received epp: 4496028

--------------------------------------------------------------------------------
2023-01-28 15:12:06.881 [Debug] received epp: 4496533

--------------------------------------------------------------------------------
2023-01-28 15:12:07.943 [Debug] received epp: 4497601

--------------------------------------------------------------------------------
2023-01-28 15:12:13.401 [Debug] received epp: 4503050

--------------------------------------------------------------------------------
2023-01-28 15:12:14.213 [Debug] received epp: 4503858

--------------------------------------------------------------------------------
2023-01-28 15:12:15.019 [Debug] received epp: 4504683

--------------------------------------------------------------------------------
2023-01-28 15:12:16.035 [Debug] received epp: 4505700

--------------------------------------------------------------------------------
2023-01-28 15:12:16.832 [Debug] received epp: 4506476

--------------------------------------------------------------------------------
2023-01-28 15:12:17.679 [Debug] received epp: 4507328

--------------------------------------------------------------------------------
2023-01-28 15:12:18.133 [Debug] received epp: 4507778

--------------------------------------------------------------------------------
2023-01-28 15:12:18.609 [Debug] received epp: 4508260

--------------------------------------------------------------------------------
2023-01-28 15:12:18.896 [Debug] received epp: 4508543

--------------------------------------------------------------------------------
2023-01-28 15:12:19.380 [Debug] received epp: 4509043

--------------------------------------------------------------------------------
2023-01-28 15:26:15.901 [Debug] received epp: 5345548

--------------------------------------------------------------------------------
2023-01-28 15:44:20.557 [Debug] received epp: 6430210

--------------------------------------------------------------------------------
2023-01-28 16:10:50.368 [Debug] received epp: 8020007

--------------------------------------------------------------------------------
2023-01-28 16:23:01.093 [Debug] received epp: 8750719

--------------------------------------------------------------------------------
2023-01-28 16:23:30.130 [Info] System window closing (due to user interaction most likely).

--------------------------------------------------------------------------------
2023-01-28 16:23:30.132 [Debug] StatusChanged: [NetIncomingMessage #552 10 bytes] [Disconnecting]

--------------------------------------------------------------------------------
2023-01-28 16:23:30.136 [Debug] StatusChanged: [NetIncomingMessage #553 14 bytes] [Disconnected]

--------------------------------------------------------------------------------
2023-01-28 16:23:30.183 [Info] Acquiring context lock... (0ms)

--------------------------------------------------------------------------------
2023-01-28 16:23:30.183 [Info] Acquired. (0ms)

--------------------------------------------------------------------------------
2023-01-28 16:23:30.183 [Info] Beginning context dispose. (0ms)

--------------------------------------------------------------------------------
2023-01-28 16:23:30.184 [Info] GC.SuppressFinalize (0ms)

--------------------------------------------------------------------------------
2023-01-28 16:23:30.184 [Info] InternalDispose() completed. (0ms)

--------------------------------------------------------------------------------
2023-01-28 16:23:30.184 [Info] Clearing instance... (1ms)

--------------------------------------------------------------------------------
2023-01-28 16:23:30.184 [Info] Releasing context lock... (1ms)

--------------------------------------------------------------------------------
2023-01-28 16:23:30.184 [Info] Released. (1ms)

--------------------------------------------------------------------------------
