2022-12-13 08:20:20.790 [Warn] Directory was specified as a plugin directory but does not exist: 'resources\plugins'

--------------------------------------------------------------------------------
2022-12-13 08:20:20.812 [Info] Discovered 0 plugins:


--------------------------------------------------------------------------------
2022-12-13 08:20:21.671 [Info] Connecting to 127.0.0.1:5400...

--------------------------------------------------------------------------------
2022-12-13 08:20:22.057 [Info] Connection approved [00000000-0000-0000-0000-000000000000].

--------------------------------------------------------------------------------
2022-12-13 08:20:22.120 [Debug] approval Time=2752885 Offset=63806513669151 Real=63806516422036

--------------------------------------------------------------------------------
2022-12-13 08:20:22.120 [Debug] local Time=2752885 Offset=63806513669233 Real=63806516422119

--------------------------------------------------------------------------------
2022-12-13 08:20:22.120 [Debug] real delta=82

--------------------------------------------------------------------------------
2022-12-13 08:20:22.120 [Debug] this.Statistics.Ping=0 NCPing=1

--------------------------------------------------------------------------------
2022-12-13 08:20:22.121 [Debug] Connection established to remote [00000000-0000-0000-0000-000000000000/127.0.0.1:5400].

--------------------------------------------------------------------------------
2022-12-13 08:20:22.121 [Info] Connected [00000000-0000-0000-0000-000000000000].

--------------------------------------------------------------------------------
2022-12-13 08:23:32.051 [Info] System window closing (due to user interaction most likely).

--------------------------------------------------------------------------------
2022-12-13 08:23:32.052 [Debug] StatusChanged: [NetIncomingMessage #0 10 bytes] [Disconnecting]

--------------------------------------------------------------------------------
2022-12-13 08:23:32.055 [Debug] StatusChanged: [NetIncomingMessage #0 14 bytes] [Disconnected]

--------------------------------------------------------------------------------
2022-12-13 08:23:32.093 [Info] Acquiring context lock... (0ms)

--------------------------------------------------------------------------------
2022-12-13 08:23:32.093 [Info] Acquired. (0ms)

--------------------------------------------------------------------------------
2022-12-13 08:23:32.098 [Info] Beginning context dispose. (0ms)

--------------------------------------------------------------------------------
2022-12-13 08:23:32.099 [Info] GC.SuppressFinalize (0ms)

--------------------------------------------------------------------------------
2022-12-13 08:23:32.099 [Info] InternalDispose() completed. (0ms)

--------------------------------------------------------------------------------
2022-12-13 08:23:32.099 [Info] Clearing instance... (1ms)

--------------------------------------------------------------------------------
2022-12-13 08:23:32.099 [Info] Releasing context lock... (1ms)

--------------------------------------------------------------------------------
2022-12-13 08:23:32.099 [Info] Released. (1ms)

--------------------------------------------------------------------------------
