2023-02-03 08:41:58.118 [Warn] Directory was specified as a plugin directory but does not exist: 'resources\plugins'

--------------------------------------------------------------------------------
2023-02-03 08:41:58.129 [Info] Discovered 0 plugins:


--------------------------------------------------------------------------------
2023-02-03 08:41:58.926 [Info] Connecting to 26.82.96.248:5400...

--------------------------------------------------------------------------------
2023-02-03 08:41:59.435 [Info] Connection approved [00000000-0000-0000-0000-000000000000].

--------------------------------------------------------------------------------
2023-02-03 08:41:59.476 [Debug] approval Time=6246170 Offset=63811004273207 Real=63811010519377

--------------------------------------------------------------------------------
2023-02-03 08:41:59.476 [Debug] local Time=6246170 Offset=63811004273305 Real=63811010519475

--------------------------------------------------------------------------------
2023-02-03 08:41:59.476 [Debug] real delta=98

--------------------------------------------------------------------------------
2023-02-03 08:41:59.476 [Debug] this.Statistics.Ping=0 NCPing=2

--------------------------------------------------------------------------------
2023-02-03 08:41:59.477 [Debug] Connection established to remote [00000000-0000-0000-0000-000000000000/26.82.96.248:5400].

--------------------------------------------------------------------------------
2023-02-03 08:41:59.477 [Info] Connected [00000000-0000-0000-0000-000000000000].

--------------------------------------------------------------------------------
2023-02-03 08:42:02.061 [Warn] 'Me' is null.

--------------------------------------------------------------------------------
2023-02-03 08:42:02.284 [Debug] received epp: 6248933

--------------------------------------------------------------------------------
2023-02-03 08:42:52.919 [Info] System window closing (due to user interaction most likely).

--------------------------------------------------------------------------------
2023-02-03 08:42:52.920 [Debug] StatusChanged: [NetIncomingMessage #800 10 bytes] [Disconnecting]

--------------------------------------------------------------------------------
2023-02-03 08:42:52.925 [Debug] StatusChanged: [NetIncomingMessage #801 14 bytes] [Disconnected]

--------------------------------------------------------------------------------
2023-02-03 08:42:52.979 [Info] Acquiring context lock... (0ms)

--------------------------------------------------------------------------------
2023-02-03 08:42:52.979 [Info] Acquired. (0ms)

--------------------------------------------------------------------------------
2023-02-03 08:42:52.979 [Info] Beginning context dispose. (0ms)

--------------------------------------------------------------------------------
2023-02-03 08:42:52.979 [Info] GC.SuppressFinalize (0ms)

--------------------------------------------------------------------------------
2023-02-03 08:42:52.979 [Info] InternalDispose() completed. (0ms)

--------------------------------------------------------------------------------
2023-02-03 08:42:52.979 [Info] Clearing instance... (0ms)

--------------------------------------------------------------------------------
2023-02-03 08:42:52.979 [Info] Releasing context lock... (0ms)

--------------------------------------------------------------------------------
2023-02-03 08:42:52.979 [Info] Released. (0ms)

--------------------------------------------------------------------------------
