2023-01-30 15:24:57.579 [Warn] Directory was specified as a plugin directory but does not exist: 'resources\plugins'

--------------------------------------------------------------------------------
2023-01-30 15:24:57.579 [Info] Discovered 0 plugins:


--------------------------------------------------------------------------------
2023-01-30 15:24:58.151 [Info] Connecting to 26.82.96.248:5400...

--------------------------------------------------------------------------------
2023-01-30 15:24:58.400 [Info] Connection approved [00000000-0000-0000-0000-000000000000].

--------------------------------------------------------------------------------
2023-01-30 15:24:58.444 [Debug] approval Time=2573045 Offset=63810686525344 Real=63810689098390

--------------------------------------------------------------------------------
2023-01-30 15:24:58.444 [Debug] local Time=2573045 Offset=63810686525398 Real=63810689098444

--------------------------------------------------------------------------------
2023-01-30 15:24:58.444 [Debug] real delta=53

--------------------------------------------------------------------------------
2023-01-30 15:24:58.444 [Debug] this.Statistics.Ping=0 NCPing=2

--------------------------------------------------------------------------------
2023-01-30 15:24:58.445 [Debug] Connection established to remote [00000000-0000-0000-0000-000000000000/26.82.96.248:5400].

--------------------------------------------------------------------------------
2023-01-30 15:24:58.446 [Info] Connected [00000000-0000-0000-0000-000000000000].

--------------------------------------------------------------------------------
2023-01-30 15:53:56.648 [Info] System window closing (due to user interaction most likely).

--------------------------------------------------------------------------------
2023-01-30 15:53:56.649 [Debug] StatusChanged: [NetIncomingMessage #0 10 bytes] [Disconnecting]

--------------------------------------------------------------------------------
2023-01-30 15:53:56.652 [Debug] StatusChanged: [NetIncomingMessage #0 14 bytes] [Disconnected]

--------------------------------------------------------------------------------
2023-01-30 15:53:56.693 [Info] Acquiring context lock... (0ms)

--------------------------------------------------------------------------------
2023-01-30 15:53:56.693 [Info] Acquired. (0ms)

--------------------------------------------------------------------------------
2023-01-30 15:53:56.694 [Info] Beginning context dispose. (0ms)

--------------------------------------------------------------------------------
2023-01-30 15:53:56.694 [Info] GC.SuppressFinalize (0ms)

--------------------------------------------------------------------------------
2023-01-30 15:53:56.694 [Info] InternalDispose() completed. (0ms)

--------------------------------------------------------------------------------
2023-01-30 15:53:56.694 [Info] Clearing instance... (0ms)

--------------------------------------------------------------------------------
2023-01-30 15:53:56.694 [Info] Releasing context lock... (0ms)

--------------------------------------------------------------------------------
2023-01-30 15:53:56.694 [Info] Released. (0ms)

--------------------------------------------------------------------------------
