2023-01-31 15:00:19.642 [Warn] Directory was specified as a plugin directory but does not exist: 'resources\plugins'

--------------------------------------------------------------------------------
2023-01-31 15:00:19.646 [Info] Discovered 0 plugins:


--------------------------------------------------------------------------------
2023-01-31 15:00:20.176 [Info] Connecting to 26.82.96.248:5400...

--------------------------------------------------------------------------------
2023-01-31 15:00:20.426 [Info] Connection approved [00000000-0000-0000-0000-000000000000].

--------------------------------------------------------------------------------
2023-01-31 15:00:20.467 [Debug] approval Time=5822974 Offset=63810768197427 Real=63810774020401

--------------------------------------------------------------------------------
2023-01-31 15:00:20.467 [Debug] local Time=5822974 Offset=63810768197493 Real=63810774020467

--------------------------------------------------------------------------------
2023-01-31 15:00:20.467 [Debug] real delta=66

--------------------------------------------------------------------------------
2023-01-31 15:00:20.467 [Debug] this.Statistics.Ping=0 NCPing=3

--------------------------------------------------------------------------------
2023-01-31 15:00:20.469 [Debug] Connection established to remote [00000000-0000-0000-0000-000000000000/26.82.96.248:5400].

--------------------------------------------------------------------------------
2023-01-31 15:00:20.469 [Info] Connected [00000000-0000-0000-0000-000000000000].

--------------------------------------------------------------------------------
2023-01-31 15:00:45.181 [Info] System window closing (due to user interaction most likely).

--------------------------------------------------------------------------------
2023-01-31 15:00:45.182 [Debug] StatusChanged: [NetIncomingMessage #0 10 bytes] [Disconnecting]

--------------------------------------------------------------------------------
2023-01-31 15:00:45.185 [Debug] StatusChanged: [NetIncomingMessage #0 14 bytes] [Disconnected]

--------------------------------------------------------------------------------
2023-01-31 15:00:45.247 [Info] Acquiring context lock... (0ms)

--------------------------------------------------------------------------------
2023-01-31 15:00:45.247 [Info] Acquired. (0ms)

--------------------------------------------------------------------------------
2023-01-31 15:00:45.249 [Info] Beginning context dispose. (0ms)

--------------------------------------------------------------------------------
2023-01-31 15:00:45.250 [Info] GC.SuppressFinalize (0ms)

--------------------------------------------------------------------------------
2023-01-31 15:00:45.250 [Info] InternalDispose() completed. (0ms)

--------------------------------------------------------------------------------
2023-01-31 15:00:45.250 [Info] Clearing instance... (3ms)

--------------------------------------------------------------------------------
2023-01-31 15:00:45.250 [Info] Releasing context lock... (3ms)

--------------------------------------------------------------------------------
2023-01-31 15:00:45.251 [Info] Released. (3ms)

--------------------------------------------------------------------------------
