2023-01-30 19:21:35.826 [Warn] Directory was specified as a plugin directory but does not exist: 'resources\plugins'

--------------------------------------------------------------------------------
2023-01-30 19:21:35.831 [Info] Discovered 0 plugins:


--------------------------------------------------------------------------------
2023-01-30 19:21:36.582 [Info] Connecting to 26.82.96.248:5400...

--------------------------------------------------------------------------------
2023-01-30 19:21:36.902 [Info] Connection approved [00000000-0000-0000-0000-000000000000].

--------------------------------------------------------------------------------
2023-01-30 19:21:36.949 [Debug] approval Time=4232 Offset=63810703292649 Real=63810703296881

--------------------------------------------------------------------------------
2023-01-30 19:21:36.949 [Debug] local Time=4232 Offset=63810703292717 Real=63810703296949

--------------------------------------------------------------------------------
2023-01-30 19:21:36.949 [Debug] real delta=67

--------------------------------------------------------------------------------
2023-01-30 19:21:36.949 [Debug] this.Statistics.Ping=0 NCPing=2

--------------------------------------------------------------------------------
2023-01-30 19:21:36.951 [Debug] Connection established to remote [00000000-0000-0000-0000-000000000000/26.82.96.248:5400].

--------------------------------------------------------------------------------
2023-01-30 19:21:36.951 [Info] Connected [00000000-0000-0000-0000-000000000000].

--------------------------------------------------------------------------------
2023-01-30 19:21:50.097 [Warn] 'Me' is null.

--------------------------------------------------------------------------------
2023-01-30 19:21:50.278 [Debug] received epp: 17391

--------------------------------------------------------------------------------
2023-01-30 19:26:29.846 [Info] System window closing (due to user interaction most likely).

--------------------------------------------------------------------------------
2023-01-30 19:26:29.848 [Debug] StatusChanged: [NetIncomingMessage #143 10 bytes] [Disconnecting]

--------------------------------------------------------------------------------
2023-01-30 19:26:29.852 [Debug] StatusChanged: [NetIncomingMessage #144 14 bytes] [Disconnected]

--------------------------------------------------------------------------------
2023-01-30 19:26:29.891 [Info] Acquiring context lock... (0ms)

--------------------------------------------------------------------------------
2023-01-30 19:26:29.891 [Info] Acquired. (0ms)

--------------------------------------------------------------------------------
2023-01-30 19:26:29.892 [Info] Beginning context dispose. (0ms)

--------------------------------------------------------------------------------
2023-01-30 19:26:29.892 [Info] GC.SuppressFinalize (0ms)

--------------------------------------------------------------------------------
2023-01-30 19:26:29.892 [Info] InternalDispose() completed. (0ms)

--------------------------------------------------------------------------------
2023-01-30 19:26:29.892 [Info] Clearing instance... (1ms)

--------------------------------------------------------------------------------
2023-01-30 19:26:29.892 [Info] Releasing context lock... (1ms)

--------------------------------------------------------------------------------
2023-01-30 19:26:29.892 [Info] Released. (1ms)

--------------------------------------------------------------------------------
