2023-01-30 19:21:32.853 [Warn] Directory was specified as a plugin directory but does not exist: 'resources\plugins'

--------------------------------------------------------------------------------
2023-01-30 19:21:32.858 [Info] Discovered 0 plugins:


--------------------------------------------------------------------------------
2023-01-30 19:21:33.490 [Info] Connecting to 26.82.96.248:5400...

--------------------------------------------------------------------------------
2023-01-30 19:21:34.023 [Info] Connection approved [00000000-0000-0000-0000-000000000000].

--------------------------------------------------------------------------------
2023-01-30 19:21:34.072 [Debug] approval Time=1308 Offset=63810703292649 Real=63810703293957

--------------------------------------------------------------------------------
2023-01-30 19:21:34.072 [Debug] local Time=1308 Offset=63810703292763 Real=63810703294072

--------------------------------------------------------------------------------
2023-01-30 19:21:34.072 [Debug] real delta=114

--------------------------------------------------------------------------------
2023-01-30 19:21:34.072 [Debug] this.Statistics.Ping=0 NCPing=3

--------------------------------------------------------------------------------
2023-01-30 19:21:34.073 [Debug] Connection established to remote [00000000-0000-0000-0000-000000000000/26.82.96.248:5400].

--------------------------------------------------------------------------------
2023-01-30 19:21:34.074 [Info] Connected [00000000-0000-0000-0000-000000000000].

--------------------------------------------------------------------------------
2023-01-30 19:21:38.522 [Warn] 'Me' is null.

--------------------------------------------------------------------------------
2023-01-30 19:21:38.753 [Debug] received epp: 6003

--------------------------------------------------------------------------------
2023-01-30 19:22:13.955 [Debug] received epp: 41284

--------------------------------------------------------------------------------
2023-01-30 19:26:31.672 [Info] System window closing (due to user interaction most likely).

--------------------------------------------------------------------------------
2023-01-30 19:26:31.674 [Debug] StatusChanged: [NetIncomingMessage #495 10 bytes] [Disconnecting]

--------------------------------------------------------------------------------
2023-01-30 19:26:31.680 [Debug] StatusChanged: [NetIncomingMessage #496 14 bytes] [Disconnected]

--------------------------------------------------------------------------------
2023-01-30 19:26:31.720 [Info] Acquiring context lock... (0ms)

--------------------------------------------------------------------------------
2023-01-30 19:26:31.720 [Info] Acquired. (0ms)

--------------------------------------------------------------------------------
2023-01-30 19:26:31.721 [Info] Beginning context dispose. (0ms)

--------------------------------------------------------------------------------
2023-01-30 19:26:31.721 [Info] GC.SuppressFinalize (0ms)

--------------------------------------------------------------------------------
2023-01-30 19:26:31.721 [Info] InternalDispose() completed. (0ms)

--------------------------------------------------------------------------------
2023-01-30 19:26:31.721 [Info] Clearing instance... (0ms)

--------------------------------------------------------------------------------
2023-01-30 19:26:31.721 [Info] Releasing context lock... (0ms)

--------------------------------------------------------------------------------
2023-01-30 19:26:31.721 [Info] Released. (0ms)

--------------------------------------------------------------------------------
