2023-01-02 04:26:24.494 [Info] Connecting to 26.82.96.248:5400...

--------------------------------------------------------------------------------
2023-01-02 04:26:25.024 [Info] Connection approved [00000000-0000-0000-0000-000000000000].

--------------------------------------------------------------------------------
2023-01-02 04:26:25.082 [Debug] approval Time=2631383 Offset=63808227753620 Real=63808230385003

--------------------------------------------------------------------------------
2023-01-02 04:26:25.082 [Debug] local Time=2631383 Offset=63808227753699 Real=63808230385082

--------------------------------------------------------------------------------
2023-01-02 04:26:25.088 [Debug] real delta=84

--------------------------------------------------------------------------------
2023-01-02 04:26:25.088 [Debug] this.Statistics.Ping=0 NCPing=2

--------------------------------------------------------------------------------
2023-01-02 04:26:25.090 [Debug] Connection established to remote [00000000-0000-0000-0000-000000000000/26.82.96.248:5400].

--------------------------------------------------------------------------------
2023-01-02 04:26:25.091 [Info] Connected [00000000-0000-0000-0000-000000000000].

--------------------------------------------------------------------------------
2023-01-02 04:52:54.178 [Debug] StatusChanged: [NetIncomingMessage #0 10 bytes] [Disconnecting]

--------------------------------------------------------------------------------
2023-01-02 04:52:54.256 [Debug] StatusChanged: [NetIncomingMessage #0 10 bytes] [Disconnected]

--------------------------------------------------------------------------------
2023-01-02 04:52:54.256 [Debug] Connection terminated to remote [00000000-0000-0000-0000-000000000000/26.82.96.248:5400].

--------------------------------------------------------------------------------
2023-01-02 04:52:54.256 [Info] Disconnected [00000000-0000-0000-0000-000000000000].

--------------------------------------------------------------------------------
