2023-02-03 16:09:16.313 [Warn] Directory was specified as a plugin directory but does not exist: 'resources\plugins'

--------------------------------------------------------------------------------
2023-02-03 16:09:16.328 [Info] Discovered 0 plugins:


--------------------------------------------------------------------------------
2023-02-03 16:09:17.181 [Info] Connecting to 26.82.96.248:5400...

--------------------------------------------------------------------------------
2023-02-03 16:09:17.459 [Info] Connection approved [00000000-0000-0000-0000-000000000000].

--------------------------------------------------------------------------------
2023-02-03 16:09:17.503 [Debug] approval Time=20182774 Offset=63811017174663 Real=63811037357437

--------------------------------------------------------------------------------
2023-02-03 16:09:17.503 [Debug] local Time=20182774 Offset=63811017174729 Real=63811037357503

--------------------------------------------------------------------------------
2023-02-03 16:09:17.503 [Debug] real delta=66

--------------------------------------------------------------------------------
2023-02-03 16:09:17.503 [Debug] this.Statistics.Ping=0 NCPing=4

--------------------------------------------------------------------------------
2023-02-03 16:09:17.504 [Debug] Connection established to remote [00000000-0000-0000-0000-000000000000/26.82.96.248:5400].

--------------------------------------------------------------------------------
2023-02-03 16:09:17.504 [Info] Connected [00000000-0000-0000-0000-000000000000].

--------------------------------------------------------------------------------
2023-02-03 16:09:19.473 [Warn] 'Me' is null.

--------------------------------------------------------------------------------
2023-02-03 16:09:19.657 [Debug] received epp: 20184746

--------------------------------------------------------------------------------
2023-02-03 16:09:51.568 [Warn] 'Me' is null.

--------------------------------------------------------------------------------
2023-02-03 16:09:51.639 [Debug] received epp: 20216902

--------------------------------------------------------------------------------
2023-02-03 16:19:45.921 [Debug] received epp: 20811223

--------------------------------------------------------------------------------
2023-02-03 16:23:41.490 [Info] System window closing (due to user interaction most likely).

--------------------------------------------------------------------------------
2023-02-03 16:23:41.491 [Debug] StatusChanged: [NetIncomingMessage #464 10 bytes] [Disconnecting]

--------------------------------------------------------------------------------
2023-02-03 16:23:41.493 [Debug] StatusChanged: [NetIncomingMessage #465 14 bytes] [Disconnected]

--------------------------------------------------------------------------------
2023-02-03 16:23:41.548 [Info] Acquiring context lock... (0ms)

--------------------------------------------------------------------------------
2023-02-03 16:23:41.548 [Info] Acquired. (0ms)

--------------------------------------------------------------------------------
2023-02-03 16:23:41.550 [Info] Beginning context dispose. (0ms)

--------------------------------------------------------------------------------
2023-02-03 16:23:41.551 [Info] GC.SuppressFinalize (0ms)

--------------------------------------------------------------------------------
2023-02-03 16:23:41.551 [Info] InternalDispose() completed. (0ms)

--------------------------------------------------------------------------------
2023-02-03 16:23:41.551 [Info] Clearing instance... (2ms)

--------------------------------------------------------------------------------
2023-02-03 16:23:41.551 [Info] Releasing context lock... (2ms)

--------------------------------------------------------------------------------
2023-02-03 16:23:41.551 [Info] Released. (2ms)

--------------------------------------------------------------------------------
