2023-01-03 14:05:01.181 [Warn] Directory was specified as a plugin directory but does not exist: 'resources\plugins'

--------------------------------------------------------------------------------
2023-01-03 14:05:01.204 [Info] Discovered 0 plugins:


--------------------------------------------------------------------------------
2023-01-03 14:05:02.132 [Info] Connecting to 26.82.96.248:5400...

--------------------------------------------------------------------------------
2023-01-03 14:05:03.097 [Info] Connection approved [00000000-0000-0000-0000-000000000000].

--------------------------------------------------------------------------------
2023-01-03 14:05:03.142 [Debug] approval Time=242058 Offset=63808351260938 Real=63808351502997

--------------------------------------------------------------------------------
2023-01-03 14:05:03.142 [Debug] local Time=242058 Offset=63808351261084 Real=63808351503142

--------------------------------------------------------------------------------
2023-01-03 14:05:03.142 [Debug] real delta=145

--------------------------------------------------------------------------------
2023-01-03 14:05:03.142 [Debug] this.Statistics.Ping=0 NCPing=3

--------------------------------------------------------------------------------
2023-01-03 14:05:03.143 [Debug] Connection established to remote [00000000-0000-0000-0000-000000000000/26.82.96.248:5400].

--------------------------------------------------------------------------------
2023-01-03 14:05:03.144 [Info] Connected [00000000-0000-0000-0000-000000000000].

--------------------------------------------------------------------------------
2023-01-03 14:05:07.461 [Info] System window closing (due to user interaction most likely).

--------------------------------------------------------------------------------
2023-01-03 14:05:07.462 [Debug] StatusChanged: [NetIncomingMessage #2 10 bytes] [Disconnecting]

--------------------------------------------------------------------------------
2023-01-03 14:05:07.465 [Debug] StatusChanged: [NetIncomingMessage #0 14 bytes] [Disconnected]

--------------------------------------------------------------------------------
2023-01-03 14:05:07.514 [Info] Acquiring context lock... (0ms)

--------------------------------------------------------------------------------
2023-01-03 14:05:07.514 [Info] Acquired. (0ms)

--------------------------------------------------------------------------------
2023-01-03 14:05:07.515 [Info] Beginning context dispose. (0ms)

--------------------------------------------------------------------------------
2023-01-03 14:05:07.515 [Info] GC.SuppressFinalize (0ms)

--------------------------------------------------------------------------------
2023-01-03 14:05:07.515 [Info] InternalDispose() completed. (0ms)

--------------------------------------------------------------------------------
2023-01-03 14:05:07.515 [Info] Clearing instance... (0ms)

--------------------------------------------------------------------------------
2023-01-03 14:05:07.515 [Info] Releasing context lock... (0ms)

--------------------------------------------------------------------------------
2023-01-03 14:05:07.515 [Info] Released. (0ms)

--------------------------------------------------------------------------------
