2023-01-30 19:31:31.025 [Warn] Directory was specified as a plugin directory but does not exist: 'resources\plugins'

--------------------------------------------------------------------------------
2023-01-30 19:31:31.029 [Info] Discovered 0 plugins:


--------------------------------------------------------------------------------
2023-01-30 19:31:31.587 [Info] Connecting to 26.82.96.248:5400...

--------------------------------------------------------------------------------
2023-01-30 19:31:31.916 [Info] Connection approved [00000000-0000-0000-0000-000000000000].

--------------------------------------------------------------------------------
2023-01-30 19:31:31.962 [Debug] approval Time=599247 Offset=63810703292649 Real=63810703891896

--------------------------------------------------------------------------------
2023-01-30 19:31:31.962 [Debug] local Time=599247 Offset=63810703292715 Real=63810703891962

--------------------------------------------------------------------------------
2023-01-30 19:31:31.962 [Debug] real delta=65

--------------------------------------------------------------------------------
2023-01-30 19:31:31.962 [Debug] this.Statistics.Ping=0 NCPing=0

--------------------------------------------------------------------------------
2023-01-30 19:31:31.964 [Debug] Connection established to remote [00000000-0000-0000-0000-000000000000/26.82.96.248:5400].

--------------------------------------------------------------------------------
2023-01-30 19:31:31.964 [Info] Connected [00000000-0000-0000-0000-000000000000].

--------------------------------------------------------------------------------
2023-01-30 19:31:35.741 [Warn] 'Me' is null.

--------------------------------------------------------------------------------
2023-01-30 19:31:35.918 [Debug] received epp: 603041

--------------------------------------------------------------------------------
2023-01-30 19:31:44.745 [Debug] received epp: 612076

--------------------------------------------------------------------------------
2023-01-30 19:33:45.962 [Info] System window closing (due to user interaction most likely).

--------------------------------------------------------------------------------
2023-01-30 19:33:45.963 [Debug] StatusChanged: [NetIncomingMessage #1012 10 bytes] [Disconnecting]

--------------------------------------------------------------------------------
2023-01-30 19:33:45.966 [Debug] StatusChanged: [NetIncomingMessage #1013 14 bytes] [Disconnected]

--------------------------------------------------------------------------------
2023-01-30 19:33:46.010 [Info] Acquiring context lock... (0ms)

--------------------------------------------------------------------------------
2023-01-30 19:33:46.010 [Info] Acquired. (0ms)

--------------------------------------------------------------------------------
2023-01-30 19:33:46.011 [Info] Beginning context dispose. (0ms)

--------------------------------------------------------------------------------
2023-01-30 19:33:46.011 [Info] GC.SuppressFinalize (0ms)

--------------------------------------------------------------------------------
2023-01-30 19:33:46.011 [Info] InternalDispose() completed. (0ms)

--------------------------------------------------------------------------------
2023-01-30 19:33:46.011 [Info] Clearing instance... (0ms)

--------------------------------------------------------------------------------
2023-01-30 19:33:46.011 [Info] Releasing context lock... (0ms)

--------------------------------------------------------------------------------
2023-01-30 19:33:46.011 [Info] Released. (0ms)

--------------------------------------------------------------------------------
