2022-12-14 12:10:18.532 [Warn] Directory was specified as a plugin directory but does not exist: 'resources\plugins'

--------------------------------------------------------------------------------
2022-12-14 12:10:18.532 [Info] Discovered 0 plugins:


--------------------------------------------------------------------------------
2022-12-14 12:10:19.279 [Info] Connecting to 127.0.0.1:5400...

--------------------------------------------------------------------------------
2022-12-14 12:10:19.551 [Info] Connection approved [00000000-0000-0000-0000-000000000000].

--------------------------------------------------------------------------------
2022-12-14 12:10:19.593 [Debug] approval Time=13794447 Offset=63806602825084 Real=63806616619531

--------------------------------------------------------------------------------
2022-12-14 12:10:19.593 [Debug] local Time=13794447 Offset=63806602825146 Real=63806616619593

--------------------------------------------------------------------------------
2022-12-14 12:10:19.593 [Debug] real delta=62

--------------------------------------------------------------------------------
2022-12-14 12:10:19.593 [Debug] this.Statistics.Ping=0 NCPing=2

--------------------------------------------------------------------------------
2022-12-14 12:10:19.595 [Debug] Connection established to remote [00000000-0000-0000-0000-000000000000/127.0.0.1:5400].

--------------------------------------------------------------------------------
2022-12-14 12:10:19.595 [Info] Connected [00000000-0000-0000-0000-000000000000].

--------------------------------------------------------------------------------
2022-12-14 12:10:22.469 [Info] System window closing (due to user interaction most likely).

--------------------------------------------------------------------------------
2022-12-14 12:10:22.472 [Debug] StatusChanged: [NetIncomingMessage #0 10 bytes] [Disconnecting]

--------------------------------------------------------------------------------
2022-12-14 12:10:22.476 [Debug] StatusChanged: [NetIncomingMessage #0 14 bytes] [Disconnected]

--------------------------------------------------------------------------------
2022-12-14 12:10:22.535 [Info] Acquiring context lock... (0ms)

--------------------------------------------------------------------------------
2022-12-14 12:10:22.535 [Info] Acquired. (0ms)

--------------------------------------------------------------------------------
2022-12-14 12:10:22.535 [Info] Beginning context dispose. (0ms)

--------------------------------------------------------------------------------
2022-12-14 12:10:22.537 [Info] GC.SuppressFinalize (0ms)

--------------------------------------------------------------------------------
2022-12-14 12:10:22.537 [Info] InternalDispose() completed. (0ms)

--------------------------------------------------------------------------------
2022-12-14 12:10:22.537 [Info] Clearing instance... (1ms)

--------------------------------------------------------------------------------
2022-12-14 12:10:22.537 [Info] Releasing context lock... (1ms)

--------------------------------------------------------------------------------
2022-12-14 12:10:22.537 [Info] Released. (1ms)

--------------------------------------------------------------------------------
