2023-02-04 06:14:11.853 [Warn] Directory was specified as a plugin directory but does not exist: 'resources\plugins'

--------------------------------------------------------------------------------
2023-02-04 06:14:11.853 [Info] Discovered 0 plugins:


--------------------------------------------------------------------------------
2023-02-04 06:14:12.584 [Info] Connecting to 26.82.96.248:5400...

--------------------------------------------------------------------------------
2023-02-04 06:14:12.833 [Info] Connection approved [00000000-0000-0000-0000-000000000000].

--------------------------------------------------------------------------------
2023-02-04 06:14:12.876 [Debug] approval Time=3064452 Offset=63811084988360 Real=63811088052812

--------------------------------------------------------------------------------
2023-02-04 06:14:12.876 [Debug] local Time=3064452 Offset=63811084988424 Real=63811088052876

--------------------------------------------------------------------------------
2023-02-04 06:14:12.876 [Debug] real delta=63

--------------------------------------------------------------------------------
2023-02-04 06:14:12.876 [Debug] this.Statistics.Ping=0 NCPing=2

--------------------------------------------------------------------------------
2023-02-04 06:14:12.877 [Debug] Connection established to remote [00000000-0000-0000-0000-000000000000/26.82.96.248:5400].

--------------------------------------------------------------------------------
2023-02-04 06:14:12.878 [Info] Connected [00000000-0000-0000-0000-000000000000].

--------------------------------------------------------------------------------
2023-02-04 06:14:14.496 [Warn] 'Me' is null.

--------------------------------------------------------------------------------
2023-02-04 06:14:14.676 [Debug] received epp: 3066077

--------------------------------------------------------------------------------
2023-02-04 06:15:23.381 [Info] System window closing (due to user interaction most likely).

--------------------------------------------------------------------------------
2023-02-04 06:15:23.383 [Debug] StatusChanged: [NetIncomingMessage #210 10 bytes] [Disconnecting]

--------------------------------------------------------------------------------
2023-02-04 06:15:23.387 [Debug] StatusChanged: [NetIncomingMessage #211 14 bytes] [Disconnected]

--------------------------------------------------------------------------------
2023-02-04 06:15:23.447 [Info] Acquiring context lock... (0ms)

--------------------------------------------------------------------------------
2023-02-04 06:15:23.447 [Info] Acquired. (0ms)

--------------------------------------------------------------------------------
2023-02-04 06:15:23.447 [Info] Beginning context dispose. (0ms)

--------------------------------------------------------------------------------
2023-02-04 06:15:23.447 [Info] GC.SuppressFinalize (0ms)

--------------------------------------------------------------------------------
2023-02-04 06:15:23.447 [Info] InternalDispose() completed. (0ms)

--------------------------------------------------------------------------------
2023-02-04 06:15:23.447 [Info] Clearing instance... (0ms)

--------------------------------------------------------------------------------
2023-02-04 06:15:23.447 [Info] Releasing context lock... (0ms)

--------------------------------------------------------------------------------
2023-02-04 06:15:23.447 [Info] Released. (0ms)

--------------------------------------------------------------------------------
