2022-12-11 07:23:32.463 [Warn] Directory was specified as a plugin directory but does not exist: 'resources\plugins'

--------------------------------------------------------------------------------
2022-12-11 07:23:32.468 [Info] Discovered 0 plugins:


--------------------------------------------------------------------------------
2022-12-11 07:23:33.172 [Info] Connecting to 127.0.0.1:5400...

--------------------------------------------------------------------------------
2022-12-11 07:23:33.462 [Info] Connection approved [00000000-0000-0000-0000-000000000000].

--------------------------------------------------------------------------------
2022-12-11 07:23:33.509 [Debug] approval Time=684022 Offset=63806339529419 Real=63806340213442

--------------------------------------------------------------------------------
2022-12-11 07:23:33.509 [Debug] local Time=684022 Offset=63806339529486 Real=63806340213509

--------------------------------------------------------------------------------
2022-12-11 07:23:33.509 [Debug] real delta=67

--------------------------------------------------------------------------------
2022-12-11 07:23:33.509 [Debug] this.Statistics.Ping=0 NCPing=2

--------------------------------------------------------------------------------
2022-12-11 07:23:33.511 [Debug] Connection established to remote [00000000-0000-0000-0000-000000000000/127.0.0.1:5400].

--------------------------------------------------------------------------------
2022-12-11 07:23:33.511 [Info] Connected [00000000-0000-0000-0000-000000000000].

--------------------------------------------------------------------------------
2022-12-11 07:23:52.945 [Warn] 'Me' is null.

--------------------------------------------------------------------------------
2022-12-11 07:23:53.103 [Debug] received epp: 703470

--------------------------------------------------------------------------------
2022-12-11 07:25:00.658 [Debug] StatusChanged: [NetIncomingMessage #8 10 bytes] [Disconnected]

--------------------------------------------------------------------------------
2022-12-11 07:25:00.658 [Debug] Connection terminated to remote [00000000-0000-0000-0000-000000000000/127.0.0.1:5400].

--------------------------------------------------------------------------------
2022-12-11 07:25:00.658 [Info] Disconnected [00000000-0000-0000-0000-000000000000].

--------------------------------------------------------------------------------
2022-12-11 07:25:00.661 [Info] Connecting to 127.0.0.1:5400...

--------------------------------------------------------------------------------
2022-12-11 07:25:00.774 [Info] Connection approved [00000000-0000-0000-0000-000000000000].

--------------------------------------------------------------------------------
2022-12-11 07:25:00.775 [Debug] approval Time=771352 Offset=63806339529419 Real=63806340300771

--------------------------------------------------------------------------------
2022-12-11 07:25:00.775 [Debug] local Time=771352 Offset=63806339529419 Real=63806340300771

--------------------------------------------------------------------------------
2022-12-11 07:25:00.775 [Debug] real delta=0

--------------------------------------------------------------------------------
2022-12-11 07:25:00.775 [Debug] this.Statistics.Ping=0 NCPing=0

--------------------------------------------------------------------------------
2022-12-11 07:25:00.775 [Debug] Connection established to remote [00000000-0000-0000-0000-000000000000/127.0.0.1:5400].

--------------------------------------------------------------------------------
2022-12-11 07:25:00.775 [Info] Connected [00000000-0000-0000-0000-000000000000].

--------------------------------------------------------------------------------
2022-12-11 07:28:29.760 [Info] User clicked exit button.

--------------------------------------------------------------------------------
2022-12-11 07:28:29.769 [Info] System window closing (due to user interaction most likely).

--------------------------------------------------------------------------------
2022-12-11 07:28:29.770 [Debug] StatusChanged: [NetIncomingMessage #0 10 bytes] [Disconnecting]

--------------------------------------------------------------------------------
2022-12-11 07:28:29.773 [Debug] StatusChanged: [NetIncomingMessage #0 14 bytes] [Disconnected]

--------------------------------------------------------------------------------
2022-12-11 07:28:29.808 [Info] Acquiring context lock... (0ms)

--------------------------------------------------------------------------------
2022-12-11 07:28:29.808 [Info] Acquired. (0ms)

--------------------------------------------------------------------------------
2022-12-11 07:28:29.811 [Info] Beginning context dispose. (0ms)

--------------------------------------------------------------------------------
2022-12-11 07:28:29.812 [Info] GC.SuppressFinalize (1ms)

--------------------------------------------------------------------------------
2022-12-11 07:28:29.812 [Info] InternalDispose() completed. (1ms)

--------------------------------------------------------------------------------
2022-12-11 07:28:29.812 [Info] Clearing instance... (3ms)

--------------------------------------------------------------------------------
2022-12-11 07:28:29.812 [Info] Releasing context lock... (3ms)

--------------------------------------------------------------------------------
2022-12-11 07:28:29.812 [Info] Released. (4ms)

--------------------------------------------------------------------------------
