2023-01-30 19:26:36.363 [Warn] Directory was specified as a plugin directory but does not exist: 'resources\plugins'

--------------------------------------------------------------------------------
2023-01-30 19:26:36.368 [Info] Discovered 0 plugins:


--------------------------------------------------------------------------------
2023-01-30 19:26:36.976 [Info] Connecting to 26.82.96.248:5400...

--------------------------------------------------------------------------------
2023-01-30 19:26:37.275 [Info] Connection approved [00000000-0000-0000-0000-000000000000].

--------------------------------------------------------------------------------
2023-01-30 19:26:37.313 [Debug] approval Time=304606 Offset=63810703292649 Real=63810703597255

--------------------------------------------------------------------------------
2023-01-30 19:26:37.313 [Debug] local Time=304606 Offset=63810703292707 Real=63810703597313

--------------------------------------------------------------------------------
2023-01-30 19:26:37.313 [Debug] real delta=57

--------------------------------------------------------------------------------
2023-01-30 19:26:37.313 [Debug] this.Statistics.Ping=0 NCPing=1

--------------------------------------------------------------------------------
2023-01-30 19:26:37.315 [Debug] Connection established to remote [00000000-0000-0000-0000-000000000000/26.82.96.248:5400].

--------------------------------------------------------------------------------
2023-01-30 19:26:37.315 [Info] Connected [00000000-0000-0000-0000-000000000000].

--------------------------------------------------------------------------------
2023-01-30 19:26:39.769 [Warn] 'Me' is null.

--------------------------------------------------------------------------------
2023-01-30 19:26:39.945 [Debug] received epp: 307079

--------------------------------------------------------------------------------
2023-01-30 19:31:29.012 [Info] System window closing (due to user interaction most likely).

--------------------------------------------------------------------------------
2023-01-30 19:31:29.013 [Debug] StatusChanged: [NetIncomingMessage #305 10 bytes] [Disconnecting]

--------------------------------------------------------------------------------
2023-01-30 19:31:29.016 [Debug] StatusChanged: [NetIncomingMessage #306 14 bytes] [Disconnected]

--------------------------------------------------------------------------------
2023-01-30 19:31:29.070 [Info] Acquiring context lock... (0ms)

--------------------------------------------------------------------------------
2023-01-30 19:31:29.070 [Info] Acquired. (0ms)

--------------------------------------------------------------------------------
2023-01-30 19:31:29.071 [Info] Beginning context dispose. (0ms)

--------------------------------------------------------------------------------
2023-01-30 19:31:29.071 [Info] GC.SuppressFinalize (0ms)

--------------------------------------------------------------------------------
2023-01-30 19:31:29.071 [Info] InternalDispose() completed. (0ms)

--------------------------------------------------------------------------------
2023-01-30 19:31:29.071 [Info] Clearing instance... (0ms)

--------------------------------------------------------------------------------
2023-01-30 19:31:29.071 [Info] Releasing context lock... (0ms)

--------------------------------------------------------------------------------
2023-01-30 19:31:29.071 [Info] Released. (1ms)

--------------------------------------------------------------------------------
