2022-12-14 11:51:05.479 [Warn] Directory was specified as a plugin directory but does not exist: 'resources\plugins'

--------------------------------------------------------------------------------
2022-12-14 11:51:05.483 [Info] Discovered 0 plugins:


--------------------------------------------------------------------------------
2022-12-14 11:51:06.186 [Info] Connecting to 127.0.0.1:5400...

--------------------------------------------------------------------------------
2022-12-14 11:51:06.490 [Info] Connection approved [00000000-0000-0000-0000-000000000000].

--------------------------------------------------------------------------------
2022-12-14 11:51:06.534 [Debug] approval Time=12641387 Offset=63806602825084 Real=63806615466471

--------------------------------------------------------------------------------
2022-12-14 11:51:06.534 [Debug] local Time=12641387 Offset=63806602825147 Real=63806615466534

--------------------------------------------------------------------------------
2022-12-14 11:51:06.534 [Debug] real delta=62

--------------------------------------------------------------------------------
2022-12-14 11:51:06.534 [Debug] this.Statistics.Ping=0 NCPing=1

--------------------------------------------------------------------------------
2022-12-14 11:51:06.535 [Debug] Connection established to remote [00000000-0000-0000-0000-000000000000/127.0.0.1:5400].

--------------------------------------------------------------------------------
2022-12-14 11:51:06.536 [Info] Connected [00000000-0000-0000-0000-000000000000].

--------------------------------------------------------------------------------
2022-12-14 11:51:08.887 [Warn] 'Me' is null.

--------------------------------------------------------------------------------
2022-12-14 11:51:09.061 [Debug] received epp: 12643747

--------------------------------------------------------------------------------
2022-12-14 11:51:13.557 [Info] System window closing (due to user interaction most likely).

--------------------------------------------------------------------------------
2022-12-14 11:51:13.559 [Debug] StatusChanged: [NetIncomingMessage #18 10 bytes] [Disconnecting]

--------------------------------------------------------------------------------
2022-12-14 11:51:13.564 [Debug] StatusChanged: [NetIncomingMessage #19 14 bytes] [Disconnected]

--------------------------------------------------------------------------------
2022-12-14 11:51:13.611 [Info] Acquiring context lock... (0ms)

--------------------------------------------------------------------------------
2022-12-14 11:51:13.611 [Info] Acquired. (0ms)

--------------------------------------------------------------------------------
2022-12-14 11:51:13.611 [Info] Beginning context dispose. (0ms)

--------------------------------------------------------------------------------
2022-12-14 11:51:13.612 [Info] GC.SuppressFinalize (0ms)

--------------------------------------------------------------------------------
2022-12-14 11:51:13.612 [Info] InternalDispose() completed. (0ms)

--------------------------------------------------------------------------------
2022-12-14 11:51:13.612 [Info] Clearing instance... (1ms)

--------------------------------------------------------------------------------
2022-12-14 11:51:13.612 [Info] Releasing context lock... (1ms)

--------------------------------------------------------------------------------
2022-12-14 11:51:13.612 [Info] Released. (1ms)

--------------------------------------------------------------------------------
