2022-12-14 08:58:49.458 [Warn] Directory was specified as a plugin directory but does not exist: 'resources\plugins'

--------------------------------------------------------------------------------
2022-12-14 08:58:49.463 [Info] Discovered 0 plugins:


--------------------------------------------------------------------------------
2022-12-14 08:58:50.171 [Info] Connecting to 127.0.0.1:5400...

--------------------------------------------------------------------------------
2022-12-14 08:58:50.437 [Info] Connection approved [00000000-0000-0000-0000-000000000000].

--------------------------------------------------------------------------------
2022-12-14 08:58:50.482 [Debug] approval Time=2305341 Offset=63806602825084 Real=63806605130425

--------------------------------------------------------------------------------
2022-12-14 08:58:50.482 [Debug] local Time=2305341 Offset=63806602825140 Real=63806605130482

--------------------------------------------------------------------------------
2022-12-14 08:58:50.482 [Debug] real delta=56

--------------------------------------------------------------------------------
2022-12-14 08:58:50.482 [Debug] this.Statistics.Ping=0 NCPing=2

--------------------------------------------------------------------------------
2022-12-14 08:58:50.484 [Debug] Connection established to remote [00000000-0000-0000-0000-000000000000/127.0.0.1:5400].

--------------------------------------------------------------------------------
2022-12-14 08:58:50.484 [Info] Connected [00000000-0000-0000-0000-000000000000].

--------------------------------------------------------------------------------
2022-12-14 09:00:06.076 [Warn] 'Me' is null.

--------------------------------------------------------------------------------
2022-12-14 09:00:06.248 [Debug] received epp: 2380933

--------------------------------------------------------------------------------
2022-12-14 09:11:30.536 [Info] System window closing (due to user interaction most likely).

--------------------------------------------------------------------------------
2022-12-14 09:11:30.537 [Debug] StatusChanged: [NetIncomingMessage #0 10 bytes] [Disconnecting]

--------------------------------------------------------------------------------
2022-12-14 09:11:30.542 [Debug] StatusChanged: [NetIncomingMessage #0 14 bytes] [Disconnected]

--------------------------------------------------------------------------------
2022-12-14 09:11:30.588 [Info] Acquiring context lock... (0ms)

--------------------------------------------------------------------------------
2022-12-14 09:11:30.589 [Info] Acquired. (0ms)

--------------------------------------------------------------------------------
2022-12-14 09:11:30.592 [Info] Beginning context dispose. (0ms)

--------------------------------------------------------------------------------
2022-12-14 09:11:30.593 [Info] GC.SuppressFinalize (1ms)

--------------------------------------------------------------------------------
2022-12-14 09:11:30.593 [Info] InternalDispose() completed. (1ms)

--------------------------------------------------------------------------------
2022-12-14 09:11:30.593 [Info] Clearing instance... (5ms)

--------------------------------------------------------------------------------
2022-12-14 09:11:30.594 [Info] Releasing context lock... (5ms)

--------------------------------------------------------------------------------
2022-12-14 09:11:30.594 [Info] Released. (5ms)

--------------------------------------------------------------------------------
