2022-12-14 02:37:20.052 [Warn] Directory was specified as a plugin directory but does not exist: 'resources\plugins'

--------------------------------------------------------------------------------
2022-12-14 02:37:20.058 [Info] Discovered 0 plugins:


--------------------------------------------------------------------------------
2022-12-14 02:37:20.745 [Info] Connecting to 127.0.0.1:5400...

--------------------------------------------------------------------------------
2022-12-14 02:37:21.124 [Info] Connection approved [00000000-0000-0000-0000-000000000000].

--------------------------------------------------------------------------------
2022-12-14 02:37:21.186 [Debug] approval Time=3173491 Offset=63806579067612 Real=63806582241103

--------------------------------------------------------------------------------
2022-12-14 02:37:21.186 [Debug] local Time=3173491 Offset=63806579067694 Real=63806582241185

--------------------------------------------------------------------------------
2022-12-14 02:37:21.186 [Debug] real delta=82

--------------------------------------------------------------------------------
2022-12-14 02:37:21.186 [Debug] this.Statistics.Ping=0 NCPing=2

--------------------------------------------------------------------------------
2022-12-14 02:37:21.187 [Debug] Connection established to remote [00000000-0000-0000-0000-000000000000/127.0.0.1:5400].

--------------------------------------------------------------------------------
2022-12-14 02:37:21.188 [Info] Connected [00000000-0000-0000-0000-000000000000].

--------------------------------------------------------------------------------
2022-12-14 02:47:14.533 [Info] System window closing (due to user interaction most likely).

--------------------------------------------------------------------------------
2022-12-14 02:47:14.534 [Debug] StatusChanged: [NetIncomingMessage #0 10 bytes] [Disconnecting]

--------------------------------------------------------------------------------
2022-12-14 02:47:14.537 [Debug] StatusChanged: [NetIncomingMessage #0 14 bytes] [Disconnected]

--------------------------------------------------------------------------------
2022-12-14 02:47:14.586 [Info] Acquiring context lock... (0ms)

--------------------------------------------------------------------------------
2022-12-14 02:47:14.586 [Info] Acquired. (0ms)

--------------------------------------------------------------------------------
2022-12-14 02:47:14.586 [Info] Beginning context dispose. (0ms)

--------------------------------------------------------------------------------
2022-12-14 02:47:14.587 [Info] GC.SuppressFinalize (0ms)

--------------------------------------------------------------------------------
2022-12-14 02:47:14.587 [Info] InternalDispose() completed. (0ms)

--------------------------------------------------------------------------------
2022-12-14 02:47:14.587 [Info] Clearing instance... (0ms)

--------------------------------------------------------------------------------
2022-12-14 02:47:14.587 [Info] Releasing context lock... (1ms)

--------------------------------------------------------------------------------
2022-12-14 02:47:14.587 [Info] Released. (1ms)

--------------------------------------------------------------------------------
