2022-12-13 13:28:07.221 [Warn] Directory was specified as a plugin directory but does not exist: 'resources\plugins'

--------------------------------------------------------------------------------
2022-12-13 13:28:07.231 [Info] Discovered 0 plugins:


--------------------------------------------------------------------------------
2022-12-13 13:28:08.026 [Info] Connecting to 127.0.0.1:5400...

--------------------------------------------------------------------------------
2022-12-13 13:28:11.298 [Info] System window closing (due to user interaction most likely).

--------------------------------------------------------------------------------
2022-12-13 13:28:11.306 [Debug] StatusChanged: [NetIncomingMessage #0 10 bytes] [Disconnecting]

--------------------------------------------------------------------------------
2022-12-13 13:28:11.309 [Debug] StatusChanged: [NetIncomingMessage #0 10 bytes] [Disconnected]

--------------------------------------------------------------------------------
2022-12-13 13:28:11.309 [Debug] Unknown client disconnected (00-00-00-00-00-00-00-00).

--------------------------------------------------------------------------------
2022-12-13 13:28:11.310 [Info] Disconnected [00000000-0000-0000-0000-000000000000].

--------------------------------------------------------------------------------
2022-12-13 13:28:11.345 [Info] Acquiring context lock... (0ms)

--------------------------------------------------------------------------------
2022-12-13 13:28:11.345 [Info] Acquired. (0ms)

--------------------------------------------------------------------------------
2022-12-13 13:28:11.346 [Info] Beginning context dispose. (0ms)

--------------------------------------------------------------------------------
2022-12-13 13:28:11.346 [Info] GC.SuppressFinalize (0ms)

--------------------------------------------------------------------------------
2022-12-13 13:28:11.346 [Info] InternalDispose() completed. (0ms)

--------------------------------------------------------------------------------
2022-12-13 13:28:11.346 [Info] Clearing instance... (0ms)

--------------------------------------------------------------------------------
2022-12-13 13:28:11.346 [Info] Releasing context lock... (0ms)

--------------------------------------------------------------------------------
2022-12-13 13:28:11.346 [Info] Released. (0ms)

--------------------------------------------------------------------------------
