2022-12-14 09:33:06.808 [Warn] Directory was specified as a plugin directory but does not exist: 'resources\plugins'

--------------------------------------------------------------------------------
2022-12-14 09:33:06.811 [Info] Discovered 0 plugins:


--------------------------------------------------------------------------------
2022-12-14 09:33:07.444 [Info] Connecting to 127.0.0.1:5400...

--------------------------------------------------------------------------------
2022-12-14 09:33:07.762 [Info] Connection approved [00000000-0000-0000-0000-000000000000].

--------------------------------------------------------------------------------
2022-12-14 09:33:07.809 [Debug] approval Time=4362658 Offset=63806602825084 Real=63806607187742

--------------------------------------------------------------------------------
2022-12-14 09:33:07.809 [Debug] local Time=4362658 Offset=63806602825151 Real=63806607187809

--------------------------------------------------------------------------------
2022-12-14 09:33:07.809 [Debug] real delta=67

--------------------------------------------------------------------------------
2022-12-14 09:33:07.809 [Debug] this.Statistics.Ping=0 NCPing=1

--------------------------------------------------------------------------------
2022-12-14 09:33:07.811 [Debug] Connection established to remote [00000000-0000-0000-0000-000000000000/127.0.0.1:5400].

--------------------------------------------------------------------------------
2022-12-14 09:33:07.811 [Info] Connected [00000000-0000-0000-0000-000000000000].

--------------------------------------------------------------------------------
2022-12-14 09:33:12.216 [Warn] 'Me' is null.

--------------------------------------------------------------------------------
2022-12-14 09:33:12.407 [Debug] received epp: 4367075

--------------------------------------------------------------------------------
2022-12-14 09:37:20.544 [Info] System window closing (due to user interaction most likely).

--------------------------------------------------------------------------------
2022-12-14 09:37:20.546 [Debug] StatusChanged: [NetIncomingMessage #0 10 bytes] [Disconnecting]

--------------------------------------------------------------------------------
2022-12-14 09:37:20.549 [Debug] StatusChanged: [NetIncomingMessage #0 14 bytes] [Disconnected]

--------------------------------------------------------------------------------
2022-12-14 09:37:20.588 [Info] Acquiring context lock... (0ms)

--------------------------------------------------------------------------------
2022-12-14 09:37:20.588 [Info] Acquired. (0ms)

--------------------------------------------------------------------------------
2022-12-14 09:37:20.588 [Info] Beginning context dispose. (0ms)

--------------------------------------------------------------------------------
2022-12-14 09:37:20.589 [Info] GC.SuppressFinalize (0ms)

--------------------------------------------------------------------------------
2022-12-14 09:37:20.589 [Info] InternalDispose() completed. (0ms)

--------------------------------------------------------------------------------
2022-12-14 09:37:20.589 [Info] Clearing instance... (1ms)

--------------------------------------------------------------------------------
2022-12-14 09:37:20.589 [Info] Releasing context lock... (1ms)

--------------------------------------------------------------------------------
2022-12-14 09:37:20.589 [Info] Released. (1ms)

--------------------------------------------------------------------------------
