2022-12-14 16:07:29.471 [Warn] Directory was specified as a plugin directory but does not exist: 'resources\plugins'

--------------------------------------------------------------------------------
2022-12-14 16:07:29.474 [Info] Discovered 0 plugins:


--------------------------------------------------------------------------------
2022-12-14 16:07:30.131 [Info] Connecting to 127.0.0.1:5400...

--------------------------------------------------------------------------------
2022-12-14 16:07:30.440 [Info] Connection approved [00000000-0000-0000-0000-000000000000].

--------------------------------------------------------------------------------
2022-12-14 16:07:30.484 [Debug] approval Time=1706055 Offset=63806629144370 Real=63806630850426

--------------------------------------------------------------------------------
2022-12-14 16:07:30.484 [Debug] local Time=1706055 Offset=63806629144429 Real=63806630850484

--------------------------------------------------------------------------------
2022-12-14 16:07:30.484 [Debug] real delta=58

--------------------------------------------------------------------------------
2022-12-14 16:07:30.484 [Debug] this.Statistics.Ping=0 NCPing=2

--------------------------------------------------------------------------------
2022-12-14 16:07:30.485 [Debug] Connection established to remote [00000000-0000-0000-0000-000000000000/127.0.0.1:5400].

--------------------------------------------------------------------------------
2022-12-14 16:07:30.485 [Info] Connected [00000000-0000-0000-0000-000000000000].

--------------------------------------------------------------------------------
2022-12-14 16:07:36.497 [Warn] 'Me' is null.

--------------------------------------------------------------------------------
2022-12-14 16:07:36.664 [Debug] received epp: 1712066

--------------------------------------------------------------------------------
2022-12-14 16:11:21.112 [Info] System window closing (due to user interaction most likely).

--------------------------------------------------------------------------------
2022-12-14 16:11:21.114 [Debug] StatusChanged: [NetIncomingMessage #0 10 bytes] [Disconnecting]

--------------------------------------------------------------------------------
2022-12-14 16:11:21.118 [Debug] StatusChanged: [NetIncomingMessage #0 14 bytes] [Disconnected]

--------------------------------------------------------------------------------
2022-12-14 16:11:21.167 [Info] Acquiring context lock... (0ms)

--------------------------------------------------------------------------------
2022-12-14 16:11:21.167 [Info] Acquired. (0ms)

--------------------------------------------------------------------------------
2022-12-14 16:11:21.168 [Info] Beginning context dispose. (0ms)

--------------------------------------------------------------------------------
2022-12-14 16:11:21.168 [Info] GC.SuppressFinalize (0ms)

--------------------------------------------------------------------------------
2022-12-14 16:11:21.168 [Info] InternalDispose() completed. (0ms)

--------------------------------------------------------------------------------
2022-12-14 16:11:21.168 [Info] Clearing instance... (1ms)

--------------------------------------------------------------------------------
2022-12-14 16:11:21.168 [Info] Releasing context lock... (1ms)

--------------------------------------------------------------------------------
2022-12-14 16:11:21.168 [Info] Released. (1ms)

--------------------------------------------------------------------------------
