2023-01-31 13:20:54.448 [Info] Connecting to 26.82.96.248:5400...

--------------------------------------------------------------------------------
2023-01-31 13:20:54.753 [Info] Connection approved [00000000-0000-0000-0000-000000000000].

--------------------------------------------------------------------------------
2023-01-31 13:20:54.794 [Debug] approval Time=165212 Offset=63810767889519 Real=63810768054732

--------------------------------------------------------------------------------
2023-01-31 13:20:54.794 [Debug] local Time=165212 Offset=63810767889582 Real=63810768054794

--------------------------------------------------------------------------------
2023-01-31 13:20:54.794 [Debug] real delta=62

--------------------------------------------------------------------------------
2023-01-31 13:20:54.794 [Debug] this.Statistics.Ping=0 NCPing=2

--------------------------------------------------------------------------------
2023-01-31 13:20:54.796 [Debug] Connection established to remote [00000000-0000-0000-0000-000000000000/26.82.96.248:5400].

--------------------------------------------------------------------------------
2023-01-31 13:20:54.796 [Info] Connected [00000000-0000-0000-0000-000000000000].

--------------------------------------------------------------------------------
2023-01-31 13:23:06.170 [Debug] StatusChanged: [NetIncomingMessage #0 14 bytes] [Disconnected]

--------------------------------------------------------------------------------
2023-01-31 13:23:06.171 [Debug] Connection terminated to remote [00000000-0000-0000-0000-000000000000/26.82.96.248:5400].

--------------------------------------------------------------------------------
2023-01-31 13:23:06.171 [Info] Disconnected [00000000-0000-0000-0000-000000000000].

--------------------------------------------------------------------------------
