2023-02-03 15:34:51.066 [Warn] Directory was specified as a plugin directory but does not exist: 'resources\plugins'

--------------------------------------------------------------------------------
2023-02-03 15:34:51.070 [Info] Discovered 0 plugins:


--------------------------------------------------------------------------------
2023-02-03 15:34:51.728 [Info] Connecting to 26.82.96.248:5400...

--------------------------------------------------------------------------------
2023-02-03 15:34:51.996 [Info] Connection approved [00000000-0000-0000-0000-000000000000].

--------------------------------------------------------------------------------
2023-02-03 15:34:52.037 [Debug] approval Time=18117319 Offset=63811017174663 Real=63811035291983

--------------------------------------------------------------------------------
2023-02-03 15:34:52.037 [Debug] local Time=18117319 Offset=63811017174718 Real=63811035292037

--------------------------------------------------------------------------------
2023-02-03 15:34:52.037 [Debug] real delta=54

--------------------------------------------------------------------------------
2023-02-03 15:34:52.037 [Debug] this.Statistics.Ping=0 NCPing=3

--------------------------------------------------------------------------------
2023-02-03 15:34:52.039 [Debug] Connection established to remote [00000000-0000-0000-0000-000000000000/26.82.96.248:5400].

--------------------------------------------------------------------------------
2023-02-03 15:34:52.039 [Info] Connected [00000000-0000-0000-0000-000000000000].

--------------------------------------------------------------------------------
2023-02-03 15:34:54.100 [Warn] 'Me' is null.

--------------------------------------------------------------------------------
2023-02-03 15:34:54.279 [Debug] received epp: 18119384

--------------------------------------------------------------------------------
2023-02-03 15:35:06.111 [Info] System window closing (due to user interaction most likely).

--------------------------------------------------------------------------------
2023-02-03 15:35:06.113 [Debug] StatusChanged: [NetIncomingMessage #218 10 bytes] [Disconnecting]

--------------------------------------------------------------------------------
2023-02-03 15:35:06.117 [Debug] StatusChanged: [NetIncomingMessage #219 14 bytes] [Disconnected]

--------------------------------------------------------------------------------
2023-02-03 15:35:06.176 [Info] Acquiring context lock... (0ms)

--------------------------------------------------------------------------------
2023-02-03 15:35:06.176 [Info] Acquired. (0ms)

--------------------------------------------------------------------------------
2023-02-03 15:35:06.177 [Info] Beginning context dispose. (0ms)

--------------------------------------------------------------------------------
2023-02-03 15:35:06.177 [Info] GC.SuppressFinalize (0ms)

--------------------------------------------------------------------------------
2023-02-03 15:35:06.177 [Info] InternalDispose() completed. (0ms)

--------------------------------------------------------------------------------
2023-02-03 15:35:06.177 [Info] Clearing instance... (0ms)

--------------------------------------------------------------------------------
2023-02-03 15:35:06.177 [Info] Releasing context lock... (0ms)

--------------------------------------------------------------------------------
2023-02-03 15:35:06.177 [Info] Released. (0ms)

--------------------------------------------------------------------------------
