2023-01-30 14:34:43.251 [Warn] Directory was specified as a plugin directory but does not exist: 'resources\plugins'

--------------------------------------------------------------------------------
2023-01-30 14:34:43.255 [Info] Discovered 0 plugins:


--------------------------------------------------------------------------------
2023-01-30 14:34:43.813 [Info] Connecting to 26.82.96.248:5400...

--------------------------------------------------------------------------------
2023-01-30 14:34:44.112 [Info] Connection approved [00000000-0000-0000-0000-000000000000].

--------------------------------------------------------------------------------
2023-01-30 14:34:44.158 [Debug] approval Time=300082 Offset=63810685784008 Real=63810686084091

--------------------------------------------------------------------------------
2023-01-30 14:34:44.159 [Debug] local Time=300082 Offset=63810685784075 Real=63810686084158

--------------------------------------------------------------------------------
2023-01-30 14:34:44.159 [Debug] real delta=66

--------------------------------------------------------------------------------
2023-01-30 14:34:44.159 [Debug] this.Statistics.Ping=0 NCPing=1

--------------------------------------------------------------------------------
2023-01-30 14:34:44.160 [Debug] Connection established to remote [00000000-0000-0000-0000-000000000000/26.82.96.248:5400].

--------------------------------------------------------------------------------
2023-01-30 14:34:44.160 [Info] Connected [00000000-0000-0000-0000-000000000000].

--------------------------------------------------------------------------------
2023-01-30 14:34:48.882 [Warn] 'Me' is null.

--------------------------------------------------------------------------------
2023-01-30 14:34:49.061 [Debug] received epp: 304833

--------------------------------------------------------------------------------
2023-01-30 14:41:30.794 [Debug] StatusChanged: [NetIncomingMessage #793 14 bytes] [Disconnected]

--------------------------------------------------------------------------------
2023-01-30 14:41:30.795 [Debug] Connection terminated to remote [00000000-0000-0000-0000-000000000000/26.82.96.248:5400].

--------------------------------------------------------------------------------
2023-01-30 14:41:30.795 [Info] Disconnected [00000000-0000-0000-0000-000000000000].

--------------------------------------------------------------------------------
2023-01-30 14:41:30.797 [Info] Connecting to 26.82.96.248:5400...

--------------------------------------------------------------------------------
2023-01-30 14:41:45.923 [Debug] StatusChanged: [NetIncomingMessage #0 63 bytes] [Disconnected]

--------------------------------------------------------------------------------
2023-01-30 14:41:45.923 [Debug] Unknown client disconnected (00-00-00-00-00-00-00-00).

--------------------------------------------------------------------------------
2023-01-30 14:41:45.923 [Info] Disconnected [00000000-0000-0000-0000-000000000000].

--------------------------------------------------------------------------------
2023-01-30 14:41:45.923 [Info] Connecting to 26.82.96.248:5400...

--------------------------------------------------------------------------------
2023-01-30 14:42:01.062 [Debug] StatusChanged: [NetIncomingMessage #0 63 bytes] [Disconnected]

--------------------------------------------------------------------------------
2023-01-30 14:42:01.062 [Debug] Unknown client disconnected (00-00-00-00-00-00-00-00).

--------------------------------------------------------------------------------
2023-01-30 14:42:01.062 [Info] Disconnected [00000000-0000-0000-0000-000000000000].

--------------------------------------------------------------------------------
2023-01-30 14:42:01.064 [Info] Connecting to 26.82.96.248:5400...

--------------------------------------------------------------------------------
2023-01-30 14:42:07.392 [Info] Connection approved [00000000-0000-0000-0000-000000000000].

--------------------------------------------------------------------------------
2023-01-30 14:42:07.393 [Debug] approval Time=1999 Offset=63810686525344 Real=63810686527344

--------------------------------------------------------------------------------
2023-01-30 14:42:07.393 [Debug] local Time=1999 Offset=63810686525393 Real=63810686527393

--------------------------------------------------------------------------------
2023-01-30 14:42:07.393 [Debug] real delta=48

--------------------------------------------------------------------------------
2023-01-30 14:42:07.393 [Debug] this.Statistics.Ping=0 NCPing=-1000

--------------------------------------------------------------------------------
2023-01-30 14:42:07.393 [Debug] Connection established to remote [00000000-0000-0000-0000-000000000000/26.82.96.248:5400].

--------------------------------------------------------------------------------
2023-01-30 14:42:07.393 [Info] Connected [00000000-0000-0000-0000-000000000000].

--------------------------------------------------------------------------------
2023-01-30 14:52:16.112 [Info] System window closing (due to user interaction most likely).

--------------------------------------------------------------------------------
2023-01-30 14:52:16.113 [Debug] StatusChanged: [NetIncomingMessage #0 10 bytes] [Disconnecting]

--------------------------------------------------------------------------------
2023-01-30 14:52:16.116 [Debug] StatusChanged: [NetIncomingMessage #0 14 bytes] [Disconnected]

--------------------------------------------------------------------------------
2023-01-30 14:52:16.144 [Info] Acquiring context lock... (0ms)

--------------------------------------------------------------------------------
2023-01-30 14:52:16.144 [Info] Acquired. (0ms)

--------------------------------------------------------------------------------
2023-01-30 14:52:16.145 [Info] Beginning context dispose. (0ms)

--------------------------------------------------------------------------------
2023-01-30 14:52:16.145 [Info] GC.SuppressFinalize (0ms)

--------------------------------------------------------------------------------
2023-01-30 14:52:16.145 [Info] InternalDispose() completed. (0ms)

--------------------------------------------------------------------------------
2023-01-30 14:52:16.145 [Info] Clearing instance... (0ms)

--------------------------------------------------------------------------------
2023-01-30 14:52:16.145 [Info] Releasing context lock... (0ms)

--------------------------------------------------------------------------------
2023-01-30 14:52:16.145 [Info] Released. (0ms)

--------------------------------------------------------------------------------
